"pcp-dstat 6.2.0 CSV Output"
"Author:","PCP team <pcp@groups.io> and Dag Wieers <dag@wieers.com>",,,,"URL:","https://pcp.io/ and http://dag.wieers.com/home-made/dstat/"
"Host:","ubuntu",,,,"User:","ubuntu"
"Cmdline:","dstat -tcmndrylpg --tcp --output /tmp/devstack_logs/dstat-csv.log",,,,"Date:","19 Feb 2026 01:13:20 UTC"
"system","total usage",,,,,"memory usage",,,,"net/total",,"dsk/total",,"io/total",,"system",,"load avg",,,"procs",,,"paging",,"tcp sockets",,,,
"time","total usage:usr","total usage:sys","total usage:idl","total usage:wai","total usage:stl","used","free","buf","cach","net/total:recv","net/total:send","dsk/total:read","dsk/total:writ","read","writ","int","csw","1m","5m","15m","run","blk","new","in","out","lis","act","syn","tim","clo"
19-02 01:13:20,,1048340,1451036,163924,5154872,,,,,,,1.950,1.260,0.720,2,3,,,,10,5,0,18,1
19-02 01:13:21,21.228,20.479,50.947,6.743,0,1030992,1460308,163960,5162612,143338.915,12495.004,0,2429.473,0,81.915,6901,6290,1.950,1.260,0.720,3,0,588.388,0,0,10,4,0,18,2
19-02 01:13:22,36.447,21.469,35.199,6.241,0,1069824,1396792,164640,5183940,47727.886,1739.481,31.954,2408.512,2.996,81.881,7336,8039,1.950,1.260,0.720,4,0,459.335,0,0,10,4,0,17,2
19-02 01:13:23,36.332,12.528,48.359,2.255,0,1161440,1286356,165140,5324420,5456.249,711.597,0,1699.816,0,33.074,5940,7021,1.950,1.260,0.720,3,0,174.391,0,0,11,6,1,17,2
19-02 01:13:24,38.006,10.252,48.007,2.500,0,1186080,1242392,165460,5341896,7737.168,614.093,0,1148.173,0,38.006,4354,2876,1.950,1.260,0.720,2,1,181.027,0,0,11,8,1,17,2
19-02 01:13:25,36.145,6.232,48.360,8.226,0,1243808,1169160,166328,5354404,8003.761,612.222,311.097,4319.458,12.962,142.586,3565,2767,1.960,1.270,0.730,2,0,34.899,0,0,11,6,1,19,2
19-02 01:13:26,37.497,4.500,47.996,8.999,0,1271148,1113396,167360,5379020,4900.547,613.943,247.977,3071.716,7.999,73.993,2868,1960,1.960,1.270,0.730,0,2,0,0,0,11,6,1,19,2
19-02 01:13:27,22.001,3.250,46.502,26.251,0,1281044,1092564,168120,5387804,7654.283,614.023,16.001,7832.290,1.000,421.016,4391,6230,1.960,1.270,0.730,0,3,11.000,0,0,11,8,1,19,2
19-02 01:13:28,8.259,2.753,36.288,51.054,0.250,1281900,1087844,168472,5390672,10945.563,2685.837,0,18067.086,0,979.034,3306,4552,1.960,1.270,0.730,0,2,0,0,0,11,9,1,19,2
19-02 01:13:29,20.989,3.998,43.227,30.234,0,1214624,1171132,168656,5375232,4414.667,1193.369,0,14824.167,0,752.602,5291,7922,1.960,1.270,0.730,7,0,5.997,0,0,11,6,1,19,0
19-02 01:13:30,18.755,4.001,42.262,31.759,0,1253932,1125296,168824,5381148,12672.607,2720.774,0,8206.335,0,548.156,4890,7809,2.280,1.350,0.750,0,2,29.008,0,0,11,7,1,19,0
19-02 01:13:31,24.478,5.245,38.714,29.723,0,1280080,1096992,169032,5382732,7042.534,1151.942,0,10398.453,0,642.410,5793,8752,2.280,1.350,0.750,1,1,36.966,0,0,11,7,1,19,0
19-02 01:13:32,18.004,3.751,40.760,34.758,0,1283720,1085968,169524,5388404,14219.386,3154.751,0,14667.493,0,780.186,5173,8217,2.280,1.350,0.750,2,1,4.001,0,0,11,6,1,19,0
19-02 01:13:33,24.307,7.016,41.597,24.808,0,1268916,1098960,169680,5389788,5204.107,541.259,0,9810.824,0,664.546,14230,26310,2.280,1.350,0.750,1,2,34.079,0,0,11,6,1,19,0
19-02 01:13:34,23.499,7.250,43.247,23.999,0,1263368,1103212,169808,5390884,3727.776,613.963,0,7091.574,0,554.967,12289,22415,2.280,1.350,0.750,1,1,20.999,0,0,11,6,1,19,0
19-02 01:13:35,22.950,5.488,41.410,27.690,0,1245996,1132232,170008,5380620,7113.575,538.832,0,12572.738,0,776.317,5597,8629,2.420,1.390,0.770,2,1,28.937,0,0,11,6,1,19,0
19-02 01:13:36,14.244,5.498,52.477,25.239,0,1246988,1130096,170204,5381568,8733.247,539.768,0,9056.108,0,696.701,5724,9030,2.420,1.390,0.770,1,1,61.973,0,0,11,6,1,19,0
19-02 01:13:37,4.750,3.500,59.998,29.499,0,1235160,1141580,170352,5381764,5270.781,539.978,0,12887.464,0,884.963,4785,8798,2.420,1.390,0.770,0,1,15.999,0,0,11,6,1,19,0
19-02 01:13:38,15.534,5.512,65.394,12.528,0,1127272,1249228,170416,5381940,8673.090,487.072,0,5399.885,0,367.810,4132,5288,2.420,1.390,0.770,2,0,75.165,0,0,11,4,1,19,0
19-02 01:13:39,21.998,3.750,65.745,7.749,0,1194648,1181852,170420,5381940,8753.282,539.956,0,7735.365,0,79.993,2051,1738,2.420,1.390,0.770,1,0,0,0,0,11,4,1,19,0
19-02 01:13:40,22.511,4.752,67.282,5.253,0,1191336,1185156,170420,5381948,8909.257,540.258,0,16611.937,0,231.110,2387,2112,2.460,1.420,0.780,1,1,10.005,0,0,11,4,1,19,0
19-02 01:13:41,23.692,2.743,62.845,9.477,0,1245152,1131288,170468,5381952,5307.925,538.673,0,7226.199,0,322.206,2350,2438,2.460,1.420,0.780,1,0,0,0,0,11,4,1,19,0
19-02 01:13:42,14.530,12.776,71.647,0.501,0,1160284,1216116,170472,5381988,5632.590,615.266,0,172.355,0,15.031,4681,3880,2.460,1.420,0.780,1,0,318.656,0,0,11,4,1,19,0
19-02 01:13:43,11.983,19.721,66.653,0,0,1138840,1237372,170472,5382600,7256.492,539.219,0,135.803,0,15.977,6987,7354,2.460,1.420,0.780,1,0,463.329,0,0,11,4,1,15,0
19-02 01:13:44,30.738,13.245,54.729,0.250,0,1182048,1186764,170472,5389984,3821.551,539.795,7445.178,11.995,74.972,2.999,5255,5541,2.460,1.420,0.780,2,0,194.926,0,0,11,5,1,15,0
19-02 01:13:45,46.743,3.999,48.743,0,0,1237848,1130860,170480,5390084,7887.827,539.920,19.997,71.989,3.999,3.999,2697,1217,2.430,1.430,0.790,2,0,0,0,0,11,5,1,15,0
19-02 01:13:46,39.238,8.247,51.234,0,0,1265352,1102112,170480,5391316,8492.300,485.846,491.844,17538.424,4.998,230.927,3307,2212,2.430,1.430,0.790,3,0,0,0,0,11,5,1,15,0
19-02 01:13:47,26.260,8.253,51.519,13.755,0,1285848,1079400,170496,5393456,7262.679,540.199,0,8038.965,0,183.068,4488,5570,2.430,1.430,0.790,0,0,119.044,0,0,11,4,1,14,0
19-02 01:13:48,21.499,4.500,72.495,0,0,1359832,1005428,170496,5393460,8544.411,539.963,0,391.973,0,2.000,2147,1690,2.430,1.430,0.790,1,0,21.998,0,0,11,4,1,14,0
19-02 01:13:49,23.753,2.000,70.509,3.750,0,1387168,977892,170504,5393652,4464.548,540.066,0,4924.605,0,116.014,1852,1255,2.430,1.430,0.790,1,0,0,0,0,11,6,1,14,0
19-02 01:13:50,17.999,5.500,66.245,8.999,0,1340364,1024516,170628,5393704,4257.698,539.962,0,4047.713,0,331.976,4317,5907,2.390,1.440,0.800,1,0,42.997,0,0,11,4,1,16,0
19-02 01:13:51,23.000,1.750,73.501,0.750,0,1404264,959664,170900,5394336,8589.171,540.011,732.015,0,29.001,0,1730,1164,2.390,1.440,0.800,1,0,0,0,0,11,4,1,15,0
19-02 01:13:52,13.748,3.000,70.491,11.749,0,1406196,957648,170920,5394360,9354.830,4619.422,3.999,12242.469,1.000,83.989,2423,2676,2.390,1.440,0.800,2,0,1.000,0,0,11,17,1,15,0
19-02 01:13:53,16.498,4.499,73.741,3.750,0,1382876,980512,170968,5394608,11107.587,4952.370,267.966,1027.869,65.992,5.999,2637,2294,2.390,1.440,0.800,1,0,44.994,0,0,11,28,1,16,0
19-02 01:13:54,19.270,2.753,77.330,0,0,1428352,935032,170968,5394612,9618.889,4636.767,0,0,0,0,1772,1293,2.390,1.440,0.800,2,0,0,0,0,11,29,1,16,0
19-02 01:13:55,24.052,10.523,64.639,0,0,1413576,949660,170968,5394756,12412.756,3386.299,0,12.026,0,3.006,3538,2728,2.360,1.450,0.810,4,0,161.348,0,0,11,28,1,16,0
19-02 01:13:56,38.401,4.488,56.106,0.249,0,1488952,874240,170968,5394772,15036.292,8512.087,0,171.558,0,13.964,3155,2482,2.360,1.450,0.810,2,0,0.997,0,0,11,30,1,16,0
19-02 01:13:57,38.594,15.538,44.358,1.253,0,1464912,898200,170980,5394840,16107.224,11362.670,0,673.640,0,47.115,7347,9950,2.360,1.450,0.810,5,0,374.913,0,0,11,28,1,17,0
19-02 01:13:58,82.005,18.251,0,0,0,1652024,711028,170980,5394876,8072.475,4318.254,0,22721.336,0,147.009,5835,4483,2.360,1.450,0.810,5,0,205.012,0,0,11,29,1,17,0
19-02 01:13:59,78.743,9.967,4.984,5.482,0,1793396,569472,170980,5395056,36174.714,26508.322,0,24101.193,0,167.452,8096,15478,2.360,1.450,0.810,2,1,35.883,0,0,11,34,1,17,0
19-02 01:14:00,46.652,10.785,25.583,15.300,0,1585792,776832,171000,5395272,22282.399,15349.874,0,16581.877,0,157.512,7670,10717,2.650,1.520,0.830,2,2,232.756,0,0,11,29,1,22,0
19-02 01:14:01,13.726,6.489,58.400,20.215,0,1562552,800064,171004,5395276,8133.055,1431.545,0,30559.602,0,564.033,3242,2995,2.650,1.520,0.830,1,1,77.866,0,0,11,28,1,23,0
19-02 01:14:02,18.973,2.496,78.137,0.250,0,1547584,815088,171008,5395280,9140.822,4389.671,0,167.758,0,15.977,1972,1728,2.650,1.520,0.830,1,0,0,0,0,11,29,1,23,0
19-02 01:14:03,16.009,6.754,74.541,1.251,0,1491444,871208,171008,5395300,10394.678,3571.951,0,236.129,0,22.012,3245,3370,2.650,1.520,0.830,2,0,68.037,0,0,11,28,1,24,0
19-02 01:14:04,19.749,2.500,76.996,0.250,0,1503296,859348,171012,5395304,9141.560,4515.782,0,387.981,0,9.000,1934,1637,2.650,1.520,0.830,3,0,0,0,0,11,29,1,24,0
19-02 01:14:05,12.774,11.271,70.631,4.759,0.250,1407716,954864,171040,5395340,8116.016,3601.664,0,5558.284,0,300.556,5068,5735,2.600,1.530,0.840,1,0,296.549,0,0,11,28,1,25,0
19-02 01:14:06,42.033,28.772,28.772,0,0,1467108,895468,171040,5395344,6581.135,540.422,0,284.222,0,22.017,6240,5476,2.600,1.530,0.840,5,0,742.579,0,0,11,28,1,25,0
19-02 01:14:07,80.255,9.001,10.251,0.250,0,1700620,661904,171044,5395392,22542.528,16448.115,0,980.066,0,44.003,5071,3505,2.600,1.530,0.840,3,0,1.000,0,0,11,33,1,24,0
19-02 01:14:08,70.751,11.000,15.750,1.750,0,1587384,774884,171068,5395624,39412.282,33897.242,0,728.005,0,78.001,10047,17438,2.600,1.530,0.840,5,0,111.001,0,0,11,28,1,25,0
19-02 01:14:09,82.247,17.499,0,0,0,1641816,720416,171072,5395656,7769.739,485.984,0,219.993,0,14.000,5156,3484,2.600,1.530,0.840,6,0,198.993,0,0,11,28,1,25,0
19-02 01:14:10,85.391,8.739,4.744,0.250,0,1766888,595212,171072,5395788,43003.320,35836.433,0,187.761,0,10.986,7127,8797,2.710,1.570,0.860,8,0,0,0,0,11,34,1,25,0
19-02 01:14:11,69.331,15.017,14.767,0.250,0,1597552,764200,171076,5396132,37343.470,28323.971,0,440.513,0,35.041,9602,14437,2.710,1.570,0.860,2,0,298.347,0,0,11,28,1,26,0
19-02 01:14:12,38.232,4.748,50.226,5.997,0,1592920,768680,171076,5396280,14120.269,6665.822,0,1987.053,0,107.949,3190,2179,2.710,1.570,0.860,3,0,1.999,0,0,11,30,1,26,0
19-02 01:14:13,31.013,12.255,55.773,0.500,0,1482756,878784,171084,5396328,16961.026,12643.238,0,352.146,0,32.013,6792,8265,2.710,1.570,0.860,3,0,322.133,0,0,11,28,1,28,0
19-02 01:14:14,59.296,10.962,28.402,0.249,0,1569616,791900,171084,5396352,10539.774,3423.234,0,518.219,0,12.955,3835,1914,2.710,1.570,0.860,0,0,55.808,0,0,11,30,2,28,0
19-02 01:14:15,36.235,3.499,58.976,0.750,0,1521412,840028,171100,5396412,24398.995,19080.176,0,795.674,0,55.977,7118,9533,2.740,1.600,0.870,2,0,4.998,0,0,11,28,2,25,0
19-02 01:14:16,55.189,13.045,31.608,0,0,1547988,813300,171112,5396548,15098.791,8021.515,0,240.826,0,23.079,4844,4375,2.740,1.600,0.870,3,0,152.523,0,0,11,29,1,26,0
19-02 01:14:17,69.509,12.502,16.502,0.250,0,1656612,704600,171112,5396624,29659.852,21378.776,0,192.025,0,10.001,6820,8365,2.740,1.600,0.870,4,0,102.013,0,0,11,29,1,27,0
19-02 01:14:18,22.694,5.985,69.826,0.748,0,1571024,790140,171136,5396648,15155.327,8954.740,0,395.018,0,33.916,4124,4691,2.740,1.600,0.870,1,0,117.707,0,0,11,28,2,29,0
19-02 01:14:19,52.090,13.022,34.059,0,0,1588332,772620,171144,5396816,15086.955,11036.987,0,296.510,0,19.033,5998,6386,2.740,1.600,0.870,3,0,176.303,0,0,11,28,1,29,0
19-02 01:14:20,51.041,7.256,40.783,0,0,1549460,811444,171152,5396852,21922.633,17764.288,0,316.254,0,26.021,5513,6780,2.680,1.600,0.870,2,0,30.024,0,0,11,29,1,30,0
19-02 01:14:21,69.192,18.484,11.990,0.749,0,1620076,740752,171156,5396892,16388.250,11199.603,0,347.708,0,24.979,6777,7183,2.680,1.600,0.870,5,0,248.791,0,0,11,29,1,30,0
19-02 01:14:22,53.028,6.003,40.522,0,0,1598264,762500,171156,5396956,28991.579,22311.989,0,508.273,0,5.003,5561,6324,2.680,1.600,0.870,2,0,50.027,0,0,11,31,1,31,0
19-02 01:14:23,58.390,17.218,22.707,0.749,0,1531244,829196,171160,5397272,15014.720,8001.929,0,383.278,0,25.951,5905,6039,2.680,1.600,0.870,4,0,286.460,0,0,11,28,1,34,0
19-02 01:14:24,51.128,5.764,42.356,0.501,0,1590640,769628,171164,5397436,25692.474,20166.607,0,144.362,0,8.020,5302,5649,2.680,1.600,0.870,1,0,0,0,0,11,31,1,34,0
19-02 01:14:25,57.568,13.208,28.161,0.249,0,1552068,808028,171172,5397600,14263.922,6636.028,0,462.538,0,42.865,5886,5856,2.700,1.630,0.890,3,0,111.647,0,0,11,28,1,36,0
19-02 01:14:26,52.331,4.757,43.066,0,0,1603324,756716,171176,5397648,26413.765,20279.297,0,180.278,0,9.014,5795,6345,2.700,1.630,0.890,2,0,0,0,0,11,31,1,36,0
19-02 01:14:27,61.605,22.538,14.525,1.002,0,1547720,812276,171184,5397684,12357.006,6584.193,0,556.947,0,53.090,7240,8260,2.700,1.630,0.890,8,0,552.940,0,0,11,28,1,38,0
19-02 01:14:28,81.250,18.250,0.500,0,0,1715592,644332,171188,5397740,13497.006,10985.005,0,256.000,0,12.000,6041,5537,2.700,1.630,0.890,7,0,441.000,0,0,11,31,1,36,0
19-02 01:14:29,78.750,16.500,4.250,0.250,0,1766360,593320,171192,5397976,44739.238,41810.223,0,1272.007,0,78.000,8564,11792,2.700,1.630,0.890,7,0,473.003,0,0,11,31,1,37,0
19-02 01:14:30,76.500,22.500,1.000,0,0,1604856,754588,171208,5398192,21929.972,12935.983,0,571.999,0,46.000,6957,7171,2.890,1.680,0.910,5,0,388.999,0,0,11,28,1,37,0
19-02 01:14:31,80.902,9.239,9.988,0,0,1696584,662788,171208,5398260,31302.267,23841.261,0,107.870,0,5.993,5826,5667,2.890,1.680,0.910,4,0,0,0,0,11,33,1,37,0
19-02 01:14:32,60.572,18.772,19.273,0,0,1557944,801200,171212,5398480,44120.419,33720.063,0,736.875,0,53.063,9898,16035,2.890,1.680,0.910,3,0,518.616,0,0,11,28,1,42,0
19-02 01:14:33,34.986,34.736,30.238,0,0,1530708,828388,171212,5398524,7404.004,485.803,0,311.874,0,25.989,6875,6940,2.890,1.680,0.910,6,0,1031.583,0,0,11,28,1,42,0
19-02 01:14:34,73.544,9.972,14.958,0,0,1624300,734732,171212,5398620,25311.136,14868.373,0,71.799,0,3.989,5347,4309,2.890,1.680,0.910,4,0,51.855,0,0,11,32,1,42,0
19-02 01:14:35,60.191,14.295,24.327,0.752,0,1538692,820240,171252,5398676,27335.548,19250.951,0,1316.167,0,135.429,7975,10892,2.980,1.720,0.930,4,1,201.638,0,0,11,28,1,46,0
19-02 01:14:36,77.002,10.750,12.500,0,0,1600912,757848,171252,5398848,14736.332,12138.274,0,2556.058,0,57.001,4796,3164,2.980,1.720,0.930,3,0,67.002,0,0,11,31,1,46,0
19-02 01:14:37,53.623,6.734,38.658,0,0,1609692,748776,171252,5399128,52442.580,42290.665,0,167.602,0,8.979,13791,21393,2.980,1.720,0.930,3,0,0.998,0,0,11,32,1,46,0
19-02 01:14:38,68.412,13.031,17.792,0.501,0,1503004,855220,171284,5399336,28438.305,20696.984,0,589.395,0,64.152,10566,14544,2.980,1.720,0.930,4,0,120.285,0,0,11,28,1,46,0
19-02 01:14:39,73.461,7.996,18.490,0,0,1617600,740600,171288,5399348,20190.247,16653.131,0,167.911,0,9.995,4954,3818,2.980,1.720,0.930,2,0,0,0,0,11,32,1,46,0
19-02 01:14:40,50.453,5.745,42.461,0.500,0,1625368,732536,171292,5399632,52690.998,42376.591,0,151.859,0,7.993,12224,20794,2.900,1.730,0.930,3,0,0,0,0,11,32,1,46,0
19-02 01:14:41,66.724,17.993,14.494,0,0,1540948,816748,171292,5399836,25797.946,18869.646,0,119.953,0,7.997,8455,10643,2.900,1.730,0.930,4,0,259.899,0,0,11,28,1,50,0
19-02 01:14:42,71.314,7.757,20.769,0,0,1626320,731336,171296,5399872,27726.753,18695.691,0,116.104,0,6.005,4814,4589,2.900,1.730,0.930,2,0,0,0,0,11,32,1,50,0
19-02 01:14:43,65.310,10.009,23.772,0,0,1639948,717440,171300,5400132,41310.130,34161.532,0,248.229,0,21.019,11602,18272,2.900,1.730,0.930,4,0,68.063,0,0,11,29,1,52,0
19-02 01:14:44,76.250,13.000,9.750,0,0,1627564,729816,171304,5400136,13579.013,9361.009,0,208.000,0,20.000,5123,3641,2.900,1.730,0.930,3,0,60.000,0,0,11,30,1,53,0
19-02 01:14:45,63.926,11.986,23.722,0,0,1600900,756252,171332,5400292,28092.360,20767.870,0,1853.846,0,43.949,6757,9149,3.310,1.830,0.970,4,0,121.858,0,0,11,30,1,55,0
19-02 01:14:46,70.561,9.758,19.517,0,0,1666448,690624,171336,5400364,34603.783,29971.797,0,160.138,0,10.009,7352,10906,3.310,1.830,0.970,3,0,59.051,0,0,11,30,1,57,0
19-02 01:14:47,72.571,13.217,13.217,0,0,1578704,778160,171336,5400568,25007.241,15835.891,0,119.704,0,7.980,6350,7818,3.310,1.830,0.970,3,0,168.584,0,0,11,29,1,59,0
19-02 01:14:48,71.441,10.528,17.296,0,0,1617308,739504,171340,5400612,25713.662,19733.694,0,140.375,0,8.021,6360,6836,3.310,1.830,0.970,3,0,34.091,0,0,11,31,1,59,0
19-02 01:14:49,68.678,8.741,22.227,0,0,1623764,732992,171344,5400664,27621.887,20437.459,0,255.730,0,22.976,7045,8960,3.310,1.830,0.970,3,0,33.964,0,0,11,30,1,61,0
19-02 01:14:50,56.273,13.255,29.012,0.500,0,1521556,835032,171360,5400816,16432.730,9419.858,0,476.195,0,49.020,5530,5600,3.280,1.850,0.980,3,0,198.081,0,0,11,28,1,64,0
19-02 01:14:51,53.024,9.754,37.017,0.250,0,1530800,825580,171360,5401020,19387.833,14045.399,0,392.179,0,45.021,4517,5030,3.280,1.850,0.980,3,0,60.027,0,0,11,29,1,64,1
19-02 01:14:52,51.694,11.488,35.961,0,0,1553376,802956,171364,5401060,20663.702,17653.950,0,287.690,0,21.976,6166,8355,3.280,1.850,0.980,2,0,139.849,0,0,11,31,1,64,0
19-02 01:14:53,54.066,9.261,35.794,0.250,0,1590400,765716,171364,5401264,17596.436,10322.575,0,480.585,0,23.028,4115,3523,3.280,1.850,0.980,5,0,44.054,0,0,11,34,1,65,0
19-02 01:14:54,41.359,5.980,50.578,0.747,0,1431308,924608,171364,5401460,27113.639,20918.741,0,350.805,0,24.915,6757,9685,3.280,1.850,0.980,3,0,86.705,0,0,11,33,1,67,0
19-02 01:14:55,38.127,10.284,51.170,0.251,0,1482948,872952,171368,5401472,11255.377,2961.836,0,738.452,0,23.077,4319,3382,3.180,1.850,0.990,2,0,134.446,0,0,11,32,1,68,0
19-02 01:14:56,32.485,3.998,60.222,2.499,0,1516856,839012,171368,5401496,21386.178,14507.337,0,3462.410,0,106.951,4125,4241,3.180,1.850,0.990,1,1,5.997,0,0,11,33,1,67,0
19-02 01:14:57,37.970,11.241,49.711,0,0.250,1534832,820964,171376,5401556,14194.796,3961.873,0,675.467,0,71.943,4475,4726,3.180,1.850,0.990,2,0,138.890,0,0,11,32,1,68,0
19-02 01:14:58,32.547,5.508,58.334,2.253,0.250,1561120,794608,171424,5401576,20689.889,11955.271,0,1806.610,0,112.162,3801,3938,3.180,1.850,0.990,2,0,60.087,0,0,11,33,1,69,0
19-02 01:14:59,41.112,8.222,49.085,0.747,0,1518452,837084,171456,5401732,11689.806,8267.281,0,338.864,0,36.876,4915,18869,3.180,1.850,0.990,1,0,40.863,0,0,11,33,1,71,0
19-02 01:15:00,36.485,3.998,58.976,0,0,1527076,828428,171456,5401764,20946.651,14993.024,0,139.944,0,5.998,4681,5465,3.160,1.870,1,3,0,0,0,0,11,33,1,72,0
19-02 01:15:01,36.869,9.280,53.924,0.251,0,1483528,871952,171468,5401772,14081.556,6219.120,0,252.818,0,24.078,4020,4461,3.160,1.870,1,2,0,51.166,0,0,11,32,1,66,0
19-02 01:15:02,36.234,3.748,58.725,0,0,1511992,843448,171468,5401812,17365.546,12222.753,0,167.928,0,9.996,3677,4300,3.160,1.870,1,2,0,0,0,0,11,34,1,66,0
19-02 01:15:03,26.177,11.468,60.830,0.997,0,1358856,996352,171484,5402028,17982.860,11116.006,0,674.120,0,78.780,5849,6920,3.160,1.870,1,1,0,281.216,0,0,11,32,1,68,0
19-02 01:15:04,19.002,3.500,76.510,0,0,1426112,929096,171484,5402028,6551.846,2751.355,0,152.020,0,10.001,1717,1364,3.160,1.870,1,0,0,0,0,0,11,33,1,68,0
19-02 01:15:05,17.500,2.500,77.748,1.500,0,1423380,931784,171500,5402056,17771.545,8971.770,0,671.983,0,44.999,3517,4476,2.910,1.840,0.990,1,0,0,0,0,11,32,1,67,0
19-02 01:15:06,15.252,13.001,71.508,0,0,1451912,903244,171500,5402064,5453.606,540.060,0,180.020,0,15.002,3892,3018,2.910,1.840,0.990,1,0,284.032,0,0,11,32,1,67,0
19-02 01:15:07,19.052,2.005,77.461,0.251,0,1476160,878980,171504,5402076,10691.085,6690.201,0,252.687,0,40.109,2308,2294,2.910,1.840,0.990,0,0,1.003,0,0,11,33,1,67,0
19-02 01:15:08,18.750,5.250,75.250,0,0,1477580,877544,171508,5402088,12026.986,5119.994,0,172.000,0,9.000,3120,3250,2.910,1.840,0.990,1,0,46.000,0,0,11,32,1,68,0
19-02 01:15:09,18.952,2.244,77.056,0.499,0,1471076,884036,171512,5402096,11419.232,5557.998,0,115.708,0,12.967,2026,1827,2.910,1.840,0.990,1,0,0,0,0,11,33,1,66,0
19-02 01:15:10,18.561,3.010,77.004,0.752,0,1414012,941064,171516,5402128,14165.782,9569.603,0,104.345,0,12.040,4664,6348,2.760,1.830,0.990,1,0,27.089,0,0,11,32,1,66,0
19-02 01:15:11,13.952,22.174,61.538,0.498,0,1422448,932436,171528,5402300,7077.623,538.146,0,829.144,0,37.870,6567,5834,2.760,1.830,0.990,2,0,596.944,0,0,11,32,1,68,0
19-02 01:15:12,43.372,6.017,48.136,2.507,0,1546680,807100,171528,5403284,6551.472,583.646,36.102,617.742,1.003,8.023,2840,1603,2.760,1.830,0.990,2,0,2.006,0,0,11,32,1,68,0
19-02 01:15:13,30.897,4.734,44.102,18.189,0,1550056,800508,171796,5405808,11129.759,484.379,434.546,6661.710,16.943,526.239,5592,7844,2.760,1.830,0.990,2,1,27.907,0,0,11,36,1,63,0
19-02 01:15:14,26.520,5.254,42.281,24.268,0,1611412,738120,171976,5406636,9852.246,540.397,0,5648.154,0,573.422,6002,9260,2.760,1.830,0.990,1,2,29.021,0,0,11,36,1,63,0
19-02 01:15:15,26.751,5.250,37.251,28.751,0,1611628,737048,172084,5407368,3661.069,540.010,0,12376.232,0,843.016,6416,10430,2.860,1.860,1.010,1,1,10.000,0,0,11,36,1,63,0
19-02 01:15:16,26.452,5.490,44.170,20.712,0,1655748,691524,172200,5408608,8330.890,539.022,0,7570.270,0,719.695,6341,10202,2.860,1.860,1.010,5,0,25.953,0,0,11,36,1,63,0
19-02 01:15:17,26.796,6.010,31.554,35.060,0,1610632,735892,172336,5409196,5727.757,540.921,0,14737.104,0,991.689,5688,9100,2.860,1.860,1.010,1,3,20.034,0,0,11,36,1,60,0
19-02 01:15:18,28.745,4.749,41.742,23.246,0,1604968,740300,172500,5410256,5434.010,539.902,0,7874.566,0,730.867,5974,9857,2.860,1.860,1.010,1,2,29.995,0,0,11,36,1,60,0
19-02 01:15:19,25.507,5.752,36.760,30.258,0,1640096,704628,172608,5410676,7655.081,540.147,0,11883.231,0,871.237,5436,9485,2.860,1.860,1.010,2,2,12.003,0,0,11,36,1,60,0
19-02 01:15:20,26.994,5.499,36.492,29.743,0,1616272,728104,172720,5410904,7482.259,633.853,0,12593.070,0,852.802,5842,9829,3.110,1.930,1.040,2,2,8.998,0,0,11,36,1,60,0
19-02 01:15:21,25.543,5.760,38.565,28.048,0,1610836,733304,172792,5411028,8133.802,486.826,0,11074.792,0,812.378,6341,10541,3.110,1.930,1.040,3,2,14.024,0,0,11,36,1,56,0
19-02 01:15:22,27.427,4.987,42.138,24.186,0,1573700,769368,172976,5411892,5253.032,538.568,0,7093.140,0,623.343,5174,8884,3.110,1.930,1.040,1,1,6.981,0,0,11,36,1,56,0
19-02 01:15:23,27.784,5.757,38.047,26.783,0,1600540,743304,173076,5411000,3601.420,614.754,0,10937.423,0,837.027,6444,10707,3.110,1.930,1.040,3,0,2.002,0,0,11,36,1,56,0
19-02 01:15:24,44.501,5.750,48.001,1.000,0,1544024,799716,173088,5411088,6817.186,614.017,0,1460.040,0,78.002,3079,1997,3.110,1.930,1.040,3,0,6.000,0,0,11,32,1,56,0
19-02 01:15:25,32.742,5.749,43.490,16.496,0,1619248,724216,173228,5411220,4587.923,613.856,0,5022.820,0,661.845,6301,9658,3.260,1.980,1.060,1,1,2.000,0,0,11,34,1,50,0
19-02 01:15:26,27.262,5.002,35.516,29.763,0,1649500,693756,173312,5411344,6730.957,614.270,0,13053.735,0,996.438,6028,10280,3.260,1.980,1.060,6,0,2.001,0,0,11,34,1,50,0
19-02 01:15:27,27.709,6.490,45.184,18.972,0,1616580,726216,173600,5411504,6268.801,613.100,0,7165.485,0,1014.511,6591,12719,3.260,1.980,1.060,2,1,1.997,0,0,11,34,1,50,0
19-02 01:15:28,30.776,7.757,46.540,13.261,0,1498716,843784,173728,5411668,7604.527,560.481,0,3266.804,0,451.387,5165,7372,3.260,1.980,1.060,1,1,99.085,0,0,11,32,1,50,0
19-02 01:15:29,21.794,4.008,68.889,4.760,0,1483348,859152,173728,5411668,5482.093,541.095,0,2160.372,0,111.225,2160,1769,3.260,1.980,1.060,2,0,28.057,0,0,11,32,1,48,0
19-02 01:15:30,8.261,21.279,64.838,5.007,0,1474760,867552,173740,5411832,3370.579,614.835,0,3028.114,0,113.154,6628,5810,3.160,1.980,1.060,1,1,541.736,0,0,11,32,1,48,0
19-02 01:15:31,8.993,20.485,60.206,8.744,0,1457384,884824,173788,5411880,4740.571,539.610,0,5088.320,0,232.832,6706,5933,3.160,1.980,1.060,1,0,489.646,0,0,11,32,1,48,0
19-02 01:15:32,12.716,14.961,71.561,0,0,1445928,896256,173788,5411900,6993.540,538.578,0,3.989,0,0.997,4743,3655,3.160,1.980,1.060,1,0,311.179,0,0,11,32,1,48,0
19-02 01:15:33,22.256,4.001,73.019,0,0,1490380,851784,173788,5411916,7619.954,540.138,0,0,0,0,1895,1281,3.160,1.980,1.060,1,0,2.001,0,0,11,32,1,42,0
19-02 01:15:34,22.752,3.000,71.257,2.000,0,1482168,859980,173788,5411932,7631.731,614.059,0,1972.189,0,186.018,2002,1290,3.160,1.980,1.060,2,0,1.000,0,0,11,32,1,42,0
19-02 01:15:35,22.754,3.001,74.013,0,0,1522780,819384,173788,5411916,5690.974,540.092,0,20.003,0,1.000,1743,1189,2.990,1.970,1.060,2,0,2.000,0,0,11,32,1,42,0
19-02 01:15:36,21.998,3.750,73.495,0,0,1511936,830220,173788,5411924,8799.394,485.967,0,0,0,0,1796,1270,2.990,1.970,1.060,1,0,1.000,0,0,11,32,1,42,0
19-02 01:15:37,22.749,3.000,72.497,0.750,0,1504868,837276,173792,5411936,9226.652,539.980,0,579.978,0,43.998,2145,1766,2.990,1.970,1.060,2,0,4.000,0,0,11,32,1,38,0
19-02 01:15:38,22.001,3.750,73.003,0.500,0,1523028,819136,173792,5411916,5588.241,540.023,0,76.003,0,6.000,1780,1261,2.990,1.970,1.060,2,0,2.000,0,0,11,32,1,38,0
19-02 01:15:39,22.250,3.250,74.001,0,0,1488152,853992,173792,5411936,5038.082,540.009,0,24.000,0,2.000,1792,1287,2.990,1.970,1.060,2,0,1.000,0,0,11,32,1,38,0
19-02 01:15:40,22.501,3.250,73.504,0,0,1513964,828192,173792,5411924,8727.484,540.030,0,12.001,0,1.000,1791,1259,2.830,1.950,1.060,1,0,2.000,0,0,11,32,1,38,0
19-02 01:15:41,22.251,3.000,74.005,0,0,1544624,797544,173792,5411912,6496.424,540.035,0,0,0,0,1807,1347,2.830,1.950,1.060,2,0,1.000,0,0,11,32,1,34,0
19-02 01:15:42,22.988,2.998,73.712,0,0,1454836,887332,173792,5411912,6729.492,613.680,0,43.977,0,2.998,1847,1196,2.830,1.950,1.060,1,0,2.998,0,0,11,32,1,34,0
19-02 01:15:43,22.511,3.002,73.787,0,0,1527328,814900,173792,5411852,8309.157,486.243,0,0,0,0,1821,1307,2.830,1.950,1.060,1,0,0,0,0,11,32,1,34,0
19-02 01:15:44,22.313,3.009,73.458,0.501,0,1498640,843488,173800,5411944,8876.102,541.531,0,2254.375,0,21.060,1854,1247,2.830,1.950,1.060,1,0,3.009,0,0,11,32,1,34,0
19-02 01:15:45,22.688,2.992,73.549,0,0,1501428,840712,173800,5411932,5631.615,580.414,0,11.967,0,0.997,1753,1264,2.680,1.930,1.060,1,0,0.997,0,0,11,32,1,34,0
19-02 01:15:46,22.499,3.250,73.747,0,0,1523488,818660,173800,5411924,5055.800,539.979,0,0,0,0,1734,1190,2.680,1.930,1.060,1,0,2.000,0,0,11,32,1,29,0
19-02 01:15:47,22.819,3.511,71.466,1.755,0,1485064,857056,173804,5411948,3436.383,541.637,0,509.540,0,27.082,2026,1788,2.680,1.930,1.060,1,0,2.006,0,0,11,32,1,29,0
19-02 01:15:48,22.251,3.500,73.503,0.250,0,1449496,892620,173804,5411952,9419.389,540.022,0,688.028,0,126.005,1925,1362,2.680,1.930,1.060,1,0,1.000,0,0,11,32,1,29,0
19-02 01:15:49,21.933,3.240,73.773,0,0,1476808,865320,173804,5411940,8097.125,538.346,0,0,0,0,1804,1305,2.680,1.930,1.060,1,0,1.994,0,0,11,32,1,29,0
19-02 01:15:50,13.787,15.792,69.936,0,0,1422112,919968,173804,5411988,9224.550,541.441,0,216.576,0,12.032,5229,4369,2.550,1.920,1.060,1,0,461.228,0,0,11,32,1,21,0
19-02 01:15:51,22.195,3.741,73.816,0,0,1499620,842440,173804,5412008,7061.404,484.792,0,0,0,0,1619,1218,2.550,1.920,1.060,1,0,0,0,0,11,32,1,21,0
19-02 01:15:52,22.307,2.757,73.941,0,0,1501352,840448,173804,5412260,9082.404,541.395,0,0,0,0,1864,1176,2.550,1.920,1.060,1,0,9.023,0,0,11,32,1,21,0
19-02 01:15:53,23.193,2.494,73.819,0,0,1494808,846992,173804,5412260,7016.782,538.678,0,139.657,0,1.995,1719,1079,2.550,1.920,1.060,1,0,0,0,0,11,32,1,21,0
19-02 01:15:54,9.763,21.779,67.841,0,0,1429528,912116,173804,5412416,3893.215,540.724,40.054,228.306,2.003,8.011,6677,5780,2.550,1.920,1.060,1,0,636.853,0,0,11,32,1,15,0
19-02 01:15:55,7.995,22.736,67.958,0,0,1415120,926488,173804,5412448,7704.189,539.663,0,211.868,0,3.998,6594,5399,2.420,1.900,1.060,3,0,588.632,0,0,11,32,1,15,0
19-02 01:15:56,8.266,23.295,67.880,0,0,1399340,942204,173804,5412480,9120.440,541.035,0,1294.475,0,15.029,6713,5600,2.420,1.900,1.060,2,0,620.186,0,0,11,32,1,15,0
19-02 01:15:57,7.998,22.493,67.980,0.750,0,1392364,949108,173816,5412508,3688.929,539.843,0,2047.405,0,50.985,6678,5752,2.420,1.900,1.060,1,0,579.832,0,0,11,32,1,15,0
19-02 01:15:58,7.991,20.727,69.923,0,0,1380308,961108,173816,5412548,8019.158,613.324,0,567.374,0,12.986,6346,5224,2.420,1.900,1.060,2,0,531.414,0,0,11,32,1,11,0
19-02 01:15:59,11.518,23.036,64.850,0,0,1401424,939892,173816,5415440,6147.495,486.752,0,488.755,0,43.067,6598,9531,2.420,1.900,1.060,2,0,544.842,0,0,11,32,1,11,0
19-02 01:16:00,9.242,23.229,66.940,0,0,1395724,945400,173816,5412820,8746.199,539.519,0,59.947,0,14.987,6825,9385,2.470,1.920,1.070,1,0,610.456,0,0,11,32,1,12,0
19-02 01:16:01,16.259,24.764,56.782,0.500,0,1388336,952612,173824,5412996,7506.283,540.308,0,772.441,0,36.021,7067,6376,2.470,1.920,1.070,5,0,703.401,0,0,11,32,1,14,0
19-02 01:16:02,62.523,15.005,21.258,1.000,0,1573048,767432,173852,5413404,5649.040,540.195,16.006,828.299,1.000,42.015,4957,3622,2.470,1.920,1.070,3,0,265.096,0,0,11,32,1,13,0
19-02 01:16:03,41.420,6.238,28.445,21.209,0,1656008,677964,174152,5418664,9138.348,538.959,427.175,9517.615,8.983,517.999,5826,7620,2.470,1.920,1.070,1,2,21.958,0,0,11,38,1,13,0
19-02 01:16:04,12.004,4.252,45.766,36.013,0,1657828,673692,174356,5420712,6551.326,540.192,0,13364.745,0,942.335,7002,12192,2.470,1.920,1.070,2,0,25.009,0,0,11,38,1,14,0
19-02 01:16:05,6.489,2.995,54.655,32.194,0,1655228,674964,174560,5421788,10066.444,539.060,0,13803.926,0,934.370,5490,9789,2.510,1.940,1.080,0,4,20.963,0,0,11,38,1,14,0
19-02 01:16:06,8.998,3.249,52.238,32.493,0,1652084,675984,174800,5423592,5150.823,539.877,0,10549.588,0,775.823,6657,11981,2.510,1.940,1.080,2,1,20.995,0,0,11,38,1,11,0
19-02 01:16:07,9.754,4.252,53.019,30.761,0,1649320,677160,174952,5424972,3906.418,486.176,0,11164.053,0,789.287,5836,10324,2.510,1.940,1.080,6,0,13.005,0,0,11,38,1,11,0
19-02 01:16:08,6.751,3.000,49.754,37.753,0,1647008,678360,175072,5425928,7615.568,540.040,0,14149.056,0,949.071,5473,9819,2.510,1.940,1.080,1,2,15.001,0,0,11,38,1,11,0
19-02 01:16:09,7.518,3.509,50.373,34.835,0,1645468,679224,175120,5426540,10159.793,541.321,0,13324.516,0,892.177,6071,11252,2.510,1.940,1.080,0,4,9.022,0,0,11,38,1,11,0
19-02 01:16:10,19.946,7.480,31.664,39.393,0,1621756,701152,175200,5428204,4447.938,580.426,0,19275.730,0,1399.206,7364,12555,2.630,1.970,1.100,1,2,62.830,0,0,11,36,1,10,0
19-02 01:16:11,24.765,4.503,38.023,30.768,0,1665400,655792,175284,5429796,13239.843,5575.303,0,12699.523,0,901.534,6332,10545,2.630,1.970,1.100,1,1,12.007,0,0,11,37,1,10,0
19-02 01:16:12,20.756,8.252,42.012,27.258,0,1654440,665192,175356,5431224,13142.860,4775.402,0,10667.133,0,775.228,7781,12355,2.630,1.970,1.100,2,1,91.027,0,0,11,36,1,11,0
19-02 01:16:13,23.531,4.256,39.302,30.791,0,1653488,664948,175412,5432332,10241.500,2894.816,0,11975.787,0,788.039,5859,9538,2.630,1.970,1.100,0,4,6.008,0,0,11,37,1,11,0
19-02 01:16:14,21.210,4.991,41.422,29.694,0,1652284,664496,175476,5433820,17564.897,9430.228,0,16720.488,0,1069.983,8818,14953,2.630,1.970,1.100,0,1,11.977,0,0,11,39,1,9,0
19-02 01:16:15,20.550,5.263,44.359,27.317,0,1619740,695712,175556,5435020,16177.659,8693.311,0,15000.774,0,1058.595,8538,14053,2.740,2.010,1.110,0,4,36.088,0,0,11,38,1,9,0
19-02 01:16:16,26.480,6.495,30.727,34.724,0,1687408,626376,175632,5436560,8882.257,623.527,0,10536.001,0,777.410,6265,9999,2.740,2.010,1.110,1,1,14.989,0,0,11,38,1,9,0
19-02 01:16:17,18.964,3.493,43.916,30.192,0,1680812,631952,175652,5437488,15142.080,9961.974,0,15031.292,0,993.103,8011,13863,2.740,2.010,1.110,3,1,15.970,0,0,11,39,1,9,0
19-02 01:16:18,20.718,4.992,40.688,31.202,0,1675864,635508,175684,5438816,13402.514,10020.683,0,13147.903,0,863.680,8760,14663,2.740,2.010,1.110,1,1,2.995,0,0,11,39,1,9,0
19-02 01:16:19,25.543,8.014,38.816,26.294,0,1614716,695120,175732,5440236,9850.637,1728.920,0,8987.179,0,707.194,6795,10412,2.740,2.010,1.110,1,3,74.125,0,0,11,38,1,10,0
19-02 01:16:20,24.254,4.001,38.506,30.505,0,1641648,666908,175832,5441356,13522.182,6358.026,0,10841.749,0,811.131,6307,10251,2.680,2.010,1.120,1,1,6.001,0,0,11,39,1,10,0
19-02 01:16:21,22.804,4.511,42.852,28.067,0,1643236,662904,176020,5443504,19105.321,12122.757,0,15713.274,0,967.295,9224,15461,2.680,2.010,1.120,0,3,12.029,0,0,11,39,1,10,0
19-02 01:16:22,22.727,6.493,36.712,31.218,0,1600448,704540,176152,5444492,9109.648,2641.288,0,14177.445,0,942.033,7082,11271,2.680,2.010,1.120,2,1,38.960,0,0,11,38,1,10,0
19-02 01:16:23,35.807,11.018,31.801,21.034,0,1547656,755848,176296,5445800,14446.150,6281.065,0,11314.131,0,852.366,8229,12449,2.680,2.010,1.120,2,1,212.340,0,0,11,37,1,10,0
19-02 01:16:24,34.492,14.997,28.493,20.745,0,1567900,732848,177428,5447308,18561.718,11027.456,883.796,14908.561,9.998,952.780,12022,20829,2.680,2.010,1.120,1,1,213.951,0,0,11,37,1,10,0
19-02 01:16:25,27.432,12.220,37.407,21.447,0,1578824,721508,176508,5448568,8754.267,4708.311,1284.810,9393.680,30.923,729.190,7447,10995,2.710,2.020,1.130,1,1,212.473,0,0,11,36,1,11,0
19-02 01:16:26,20.788,4.258,40.324,32.560,0,1619004,680180,176620,5449580,7999.683,5656.382,0,14041.773,0,905.662,5711,9696,2.710,2.020,1.130,2,3,0,0,0,11,37,1,11,0
19-02 01:16:27,18.698,6.731,41.385,29.917,0,1585524,712440,176680,5450708,13336.819,4347.879,0,9696.966,0,730.962,6692,10008,2.710,2.020,1.130,3,1,34.903,0,0,11,36,1,12,0
19-02 01:16:28,23.300,4.259,41.590,29.564,0,1626404,670600,176708,5451616,7395.947,2971.407,0,9552.597,0,665.435,6063,9764,2.710,2.020,1.130,1,1,3.006,0,0,11,37,1,12,0
19-02 01:16:29,19.726,6.992,44.447,25.969,0,1536568,759196,176776,5452740,11677.019,4893.141,0,11921.726,0,858.972,6778,10816,2.710,2.020,1.130,1,1,62.925,0,0,11,36,1,13,0
19-02 01:16:30,24.252,5.000,43.003,24.752,0,1575656,718800,176812,5453948,7189.456,2911.185,0,13316.845,0,945.060,6633,10847,2.730,2.040,1.140,1,1,3.000,0,0,11,37,1,13,0
19-02 01:16:31,22.236,5.497,44.222,26.983,0,1491908,800964,176856,5455404,16056.962,8656.588,0,12448.218,0,817.489,7641,12036,2.730,2.040,1.140,2,1,45.971,0,0,11,36,1,14,0
19-02 01:16:32,23.750,5.500,45.000,23.750,0,1558024,733456,176868,5456748,5825.992,2505.996,0,10119.986,0,716.999,5669,8691,2.730,2.040,1.140,1,1,0,0,0,11,37,1,14,0
19-02 01:16:33,19.550,4.261,47.372,26.819,0,1556632,733456,176900,5458080,16419.217,8493.839,0,13586.935,0,922.372,7990,13585,2.730,2.040,1.140,2,3,0,0,0,11,37,1,14,0
19-02 01:16:34,8.227,5.485,58.091,24.682,0,1531328,757616,176960,5459128,8846.725,1523.819,0,10359.574,0,827.729,6016,9997,2.730,2.040,1.140,0,1,80.778,0,0,11,36,1,15,0
19-02 01:16:35,4.001,3.000,62.258,27.754,0,1523104,765568,176964,5459388,9786.336,540.074,0,11645.589,0,743.101,5516,9780,2.910,2.090,1.160,0,5,10.001,0,0,11,36,1,15,0
19-02 01:16:36,4.498,3.248,57.223,32.735,0,1514128,773676,177032,5460136,4747.769,539.746,0,16184.394,0,915.570,5578,10091,2.910,2.090,1.160,3,1,2.999,0,0,11,36,1,15,0
19-02 01:16:37,6.004,2.502,67.293,20.513,0,1507260,779908,177084,5460704,7779.995,540.347,0,5739.685,0,582.374,4716,8301,2.910,2.090,1.160,2,1,10.006,0,0,11,36,1,15,0
19-02 01:16:38,6.749,3.250,55.242,32.245,0,1500308,786648,177112,5460876,7431.939,485.931,0,14905.873,0,937.866,4923,8723,2.910,2.090,1.160,0,1,5.999,0,0,11,36,1,15,0
19-02 01:16:39,5.499,3.249,65.736,23.245,0,1493004,792596,177144,5462152,9029.060,539.884,0,7150.463,0,634.864,5045,8795,2.910,2.090,1.160,4,2,14.997,0,0,11,36,1,15,0
19-02 01:16:40,5.498,3.249,58.734,29.492,0,1487108,798296,177180,5462304,8017.767,539.850,0,15943.560,0,1050.707,5285,9370,3,2.120,1.180,0,1,5.998,0,0,11,36,1,15,0
19-02 01:16:41,5.001,2.501,64.769,24.007,0,1483352,801204,177256,5463056,4833.388,540.155,0,9214.645,0,915.263,5203,9208,3,2.120,1.180,0,1,12.003,0,0,11,36,1,15,0
19-02 01:16:42,5.250,3.000,63.251,25.751,0,1479704,804028,177340,5463780,7531.158,614.013,0,13280.279,0,923.019,5038,9226,3,2.120,1.180,0,1,6.000,0,0,11,36,1,15,0
19-02 01:16:43,5.502,3.001,65.774,23.508,0,1476704,806300,177420,5464400,6534.349,540.194,0,7502.698,0,654.235,4911,8666,3,2.120,1.180,0,2,12.004,0,0,11,36,1,15,0
19-02 01:16:44,3.755,3.004,58.078,31.543,0,1473844,808648,177480,5464844,8584.574,540.729,0,13758.550,0,901.215,5092,9441,3,2.120,1.180,2,0,6.008,0,0,11,36,1,15,0
19-02 01:16:45,6.490,2.496,60.406,28.206,0,1471712,810216,177560,5465312,5241.868,694.922,0,11474.200,0,783.784,4835,8339,2.920,2.120,1.180,1,0,11.981,0,0,11,36,1,15,0
19-02 01:16:46,5.259,3.256,62.862,25.045,0.250,1469840,812580,177632,5464744,6828.134,835.485,0,10258.229,0,827.470,6207,11167,2.920,2.120,1.180,1,1,3.005,0,0,11,36,1,15,0
19-02 01:16:47,5.489,3.244,55.394,32.937,0.250,1468152,813948,177708,5464988,5870.758,664.727,0,13290.549,0,981.121,6410,11758,2.920,2.120,1.180,2,1,3.992,0,0,11,36,1,15,0
19-02 01:16:48,5.004,2.502,60.803,27.774,0.250,1467892,815324,177756,5463824,5010.403,540.475,0,11261.897,0,831.731,5231,9635,2.920,2.120,1.180,1,1,0,0,0,11,36,1,15,0
19-02 01:16:49,7.993,2.748,64.697,22.482,0,1466364,816708,177784,5463936,4523.298,539.558,0,7110.181,0,637.478,4925,8603,2.920,2.120,1.180,1,1,5.995,0,0,11,36,1,15,0
19-02 01:16:50,5.500,3.500,58.250,30.250,0,1465556,817112,177824,5464304,6651.039,540.003,0,13392.079,0,889.005,4821,8741,2.770,2.100,1.180,0,3,3.000,0,0,11,36,1,15,0
19-02 01:16:51,7.004,3.002,55.533,30.018,0,1464892,817364,177852,5464688,4854.895,540.322,0,15217.074,0,1023.610,5467,9783,2.770,2.100,1.180,1,1,6.004,0,0,11,36,1,15,0
19-02 01:16:52,6.746,2.499,63.962,24.735,0,1464528,817364,177896,5465008,8824.794,539.682,0,6987.877,0,678.600,5295,9398,2.770,2.100,1.180,0,1,11.993,0,0,11,36,1,15,0
19-02 01:16:53,5.254,3.002,54.788,34.274,0,1464220,817364,177912,5465296,5132.554,486.337,0,12580.711,0,893.619,5096,9183,2.770,2.100,1.180,0,2,6.004,0,0,11,36,1,15,0
19-02 01:16:54,6.745,2.998,64.702,22.234,0,1463704,817364,177936,5465776,7107.753,539.602,0,7546.430,0,698.484,5831,10205,2.770,2.100,1.180,0,1,11.991,0,0,11,36,1,15,0
19-02 01:16:55,5.751,3.000,57.755,30.253,0,1463920,817364,177980,5465508,6541.600,540.050,0,14197.301,0,1034.095,5471,10138,2.870,2.130,1.200,0,2,3.000,0,0,11,36,1,15,0
19-02 01:16:56,6.000,3.500,57.997,28.999,0,1464500,817364,177992,5464888,5890.718,539.974,0,12347.410,0,951.955,5487,9838,2.870,2.130,1.200,0,0,11.999,0,0,11,36,1,15,0
19-02 01:16:57,6.746,3.248,62.963,24.735,0,1464028,817364,178016,5465344,4280.471,539.681,0,10793.624,0,918.457,5863,10603,2.870,2.130,1.200,1,2,3.998,0,0,11,36,1,15,0
19-02 01:16:58,6.251,3.250,55.008,32.255,0,1464084,817112,178036,5465520,10986.628,614.091,0,13622.018,0,959.142,5137,9232,2.870,2.130,1.200,0,2,6.001,0,0,11,36,1,15,0
19-02 01:16:59,6.015,3.509,56.393,31.580,0,1463572,817112,178060,5466008,7381.702,583.478,0,14777.439,0,1001.537,5563,10105,2.870,2.130,1.200,0,1,3.008,0,0,11,36,1,15,0
19-02 01:17:00,12.725,5.240,59.882,19.961,0,1478680,801488,178088,5466484,8997.279,485.045,0,6355.482,0,714.593,7018,17304,2.960,2.160,1.210,1,0,53.894,0,0,11,36,1,16,0
19-02 01:17:01,8.507,3.003,55.296,29.525,0,1478336,801488,178104,5466808,9179.697,624.524,4.003,13110.993,1.001,903.758,5225,9221,2.960,2.160,1.210,1,1,9.008,0,0,11,36,1,16,0
19-02 01:17:02,8.743,2.748,61.452,25.230,0,1476196,803108,178128,5467288,9786.430,581.550,0,8137.705,0,680.474,4671,8095,2.960,2.160,1.210,0,1,8.993,0,0,11,36,1,16,0
19-02 01:17:03,8.011,2.754,62.087,25.035,0,1473816,805032,178164,5467700,8367.670,540.754,0,9977.916,0,768.071,4726,8393,2.960,2.160,1.210,0,1,6.008,0,0,11,36,1,9,0
19-02 01:17:04,9.234,3.245,59.899,25.207,0,1471560,806692,178212,5468232,8083.370,539.091,0,11648.359,0,879.517,5888,10362,2.960,2.160,1.210,0,2,14.975,0,0,11,38,1,9,0
19-02 01:17:05,6.252,3.001,59.272,28.260,0,1469632,808112,178232,5468700,3421.243,540.196,0,8991.266,0,788.286,5220,9434,2.960,2.180,1.220,1,2,12.004,0,0,11,38,1,9,0
19-02 01:17:06,4.749,3.000,56.991,33.495,0,1468456,809120,178276,5468820,8316.743,539.918,0,12358.133,0,873.868,4688,8382,2.960,2.180,1.220,0,1,5.999,0,0,11,38,1,9,0
19-02 01:17:07,5.251,3.500,58.008,29.504,0,1466912,809888,178308,5469548,8357.086,486.063,0,11869.542,0,960.125,6247,11221,2.960,2.180,1.220,0,1,19.002,0,0,11,38,1,8,0
19-02 01:17:08,7.249,2.749,61.488,25.745,0,1466500,809648,178356,5470136,9724.148,539.897,0,10438.012,0,833.841,5437,9840,2.960,2.180,1.220,0,2,5.999,0,0,11,38,1,8,0
19-02 01:17:09,3.999,3.249,55.984,34.990,0,1466320,809648,178376,5470288,8452.531,539.842,0,11812.550,0,815.762,4605,8366,2.960,2.180,1.220,0,2,0,0,0,11,38,1,8,0
19-02 01:17:10,5.758,3.004,60.087,29.543,0,1465892,809396,178392,5470940,10050.574,540.784,0,9898.353,0,755.095,5301,9492,2.880,2.170,1.220,0,1,6.009,0,0,11,38,1,8,0
19-02 01:17:11,4.502,2.001,62.526,27.762,0,1465872,808892,178412,5471428,8452.552,540.227,0,7827.289,0,647.272,4496,8045,2.880,2.170,1.220,1,1,12.005,0,0,11,38,1,8,0
19-02 01:17:12,5.241,2.995,61.147,27.204,0,1465704,808640,178416,5471832,5759.309,539.093,0,12299.303,0,898.488,4723,8507,2.880,2.170,1.220,0,1,11.980,0,0,11,38,1,8,0
19-02 01:17:13,3.750,3.000,66.507,24.753,0,1465816,808136,178416,5472192,9052.917,540.055,0,6080.616,0,528.053,4200,7408,2.880,2.170,1.220,0,1,6.001,0,0,11,38,1,8,0
19-02 01:17:14,3.500,3.500,58.499,32.000,0,1465480,808136,178436,5472500,6636.930,539.994,0,13239.860,0,867.991,4662,8414,2.880,2.170,1.220,0,2,3.000,0,0,11,38,1,8,0
19-02 01:17:15,6.249,2.500,61.994,27.247,0,1465244,807632,178460,5473196,4449.578,485.954,0,7775.263,0,716.932,5007,8869,2.890,2.190,1.230,0,1,11.999,0,0,11,38,1,8,0
19-02 01:17:16,4.755,2.753,63.065,26.027,0,1464840,807632,178472,5473580,8554.847,540.559,0,11900.307,0,828.857,4846,8983,2.890,2.190,1.230,0,1,3.003,0,0,11,38,1,7,0
19-02 01:17:17,3.497,2.997,61.446,28.725,0,1464828,807128,178480,5474076,6551.272,539.528,0,9539.660,0,801.299,5018,9082,2.890,2.190,1.230,0,1,12.989,0,0,11,38,1,7,0
19-02 01:17:18,4.500,3.000,60.745,28.498,0,1464636,807128,178484,5474252,7632.363,539.955,0,11231.063,0,852.929,5040,9194,2.890,2.190,1.230,0,1,3.000,0,0,11,38,1,7,0
19-02 01:17:19,5.250,3.250,61.748,26.999,0,1464764,806624,178512,5474592,7702.727,539.981,0,12099.571,0,865.969,5549,10021,2.890,2.190,1.230,0,2,9.000,0,0,11,38,1,7,0
19-02 01:17:20,6.002,2.751,66.019,22.256,0,1464068,806624,178520,5475268,5335.511,634.180,0,6897.953,0,690.195,5135,9132,2.820,2.190,1.240,1,1,21.006,0,0,11,38,1,6,0
19-02 01:17:21,5.750,3.000,60.248,27.999,0,1463832,806372,178528,5475736,11581.680,539.985,0,13999.613,0,996.972,5531,9875,2.820,2.190,1.240,1,0,26.999,0,0,11,38,1,6,0
19-02 01:17:22,6.244,2.498,64.686,23.727,0,1464240,805112,178540,5476556,6951.140,485.521,0,6081.997,0,610.398,4654,8351,2.820,2.190,1.240,1,1,11.988,0,0,11,38,1,6,0
19-02 01:17:23,5.755,3.253,58.546,29.773,0,1464072,804860,178544,5476960,4303.373,614.482,0,13386.493,0,935.733,5100,9330,2.820,2.190,1.240,0,1,12.009,0,0,11,38,1,6,0
19-02 01:17:24,7.749,2.750,61.744,24.748,0,1463420,804860,178552,5477572,9337.103,613.941,0,10458.995,0,823.921,6174,10900,2.820,2.190,1.240,2,0,17.998,0,0,11,38,1,6,0
19-02 01:17:25,4.501,3.251,62.513,26.506,0.250,1464564,803096,178572,5478152,7416.569,614.130,0,11562.446,0,909.192,5625,10079,2.680,2.170,1.240,0,3,12.003,0,0,11,38,1,6,0
19-02 01:17:26,5.751,3.751,57.765,30.008,0,1464404,803096,178608,5478272,8267.112,614.157,0,15804.037,0,1095.280,6395,11669,2.680,2.170,1.240,0,2,9.002,0,0,11,38,1,6,0
19-02 01:17:27,5.499,2.749,65.487,23.245,0,1463296,802592,178628,5479824,5389.918,613.877,0,8566.280,0,724.854,5436,9792,2.680,2.170,1.240,0,1,9.998,0,0,11,38,1,6,0
19-02 01:17:28,5.760,2.254,57.854,31.056,0,1464784,800828,178632,5480088,4630.312,615.104,0,12326.126,0,883.586,4771,8593,2.680,2.170,1.240,0,1,9.016,0,0,11,38,1,4,0
19-02 01:17:29,5.987,3.493,54.634,32.182,0,1464540,800828,178660,5480280,7696.654,484.970,0,14644.897,0,1027.817,5724,10604,2.680,2.170,1.240,1,1,0,0,0,11,38,1,4,0
19-02 01:17:30,6.751,2.750,57.256,30.753,0,1464744,800072,178672,5480812,5482.603,614.067,0,10369.140,0,761.084,4828,8690,2.780,2.200,1.250,0,1,9.001,0,0,11,38,1,4,0
19-02 01:17:31,5.001,2.251,62.268,26.758,0,1465204,799568,178684,5480832,9088.618,540.156,0,9550.751,0,717.207,4727,8503,2.780,2.200,1.250,0,1,6.002,0,0,11,38,1,4,0
19-02 01:17:32,5.246,2.748,58.703,30.226,0,1466812,799064,178692,5479712,9285.543,539.567,0,12873.661,0,947.239,5670,10465,2.780,2.200,1.250,1,0,0,0,0,11,38,1,2,0
19-02 01:17:33,6.760,3.255,53.577,32.797,0,1467736,799372,178700,5478468,6901.981,540.782,0,15037.746,0,1037.500,5807,10531,2.780,2.200,1.250,1,2,0,0,0,11,38,1,2,0
19-02 01:17:34,6.495,2.498,67.951,20.235,0,1469880,799372,178704,5476336,7176.850,613.560,0,5340.168,0,677.514,5358,9602,2.780,2.200,1.250,1,1,0,0,0,11,38,1,2,0
19-02 01:17:35,4.499,3.500,56.994,30.747,0,1470948,799372,178716,5475268,3576.594,539.939,0,14418.362,0,943.893,5940,11280,2.880,2.230,1.270,0,1,0,0,0,11,38,1,2,0
19-02 01:17:36,6.751,2.500,61.256,27.003,0,1470428,799624,178728,5475520,3926.407,540.056,0,9877.023,0,769.080,6045,11061,2.880,2.230,1.270,2,0,6.001,0,0,11,38,1,1,0
19-02 01:17:37,7.249,3.749,60.241,27.246,0,1470188,799624,178736,5475752,9009.640,485.927,0,13070.028,0,945.857,5650,9792,2.880,2.230,1.270,0,1,12.998,0,0,11,38,1,1,0
19-02 01:17:38,5.500,2.500,57.252,30.251,0,1469944,799624,178744,5475988,6542.278,540.023,0,13728.582,0,967.041,5620,10001,2.880,2.230,1.270,0,1,9.000,0,0,11,38,1,1,0
19-02 01:17:39,3.500,2.000,61.742,29.746,0,1469852,799624,178748,5476068,9692.747,539.930,0,7043.090,0,566.927,3780,6563,2.880,2.230,1.270,0,1,5.999,0,0,11,38,1,1,0
19-02 01:17:40,14.791,7.521,60.418,15.794,0,1345928,923700,178748,5475916,8230.889,541.506,0,8134.621,0,626.743,5148,6856,2.730,2.210,1.270,1,0,116.323,0,0,11,32,1,3,0
19-02 01:17:41,10.257,23.516,55.038,10.007,0,1348216,921208,178748,5476120,6820.766,540.378,0,8614.020,0,460.322,7935,8096,2.730,2.210,1.270,2,2,685.479,0,0,11,34,1,3,0
19-02 01:17:42,58.465,11.993,24.985,4.247,0,1524804,744276,178772,5476440,6686.952,613.629,0,3497.882,0,228.861,5086,3770,2.730,2.210,1.270,3,0,150.909,0,0,11,32,1,9,0
19-02 01:17:43,65.699,6.495,21.983,4.746,0,1697216,568156,178888,5479720,3423.338,539.580,0,4488.509,0,136.894,3929,1790,2.730,2.210,1.270,3,1,0,0,0,11,32,1,9,0
19-02 01:17:44,44.913,5.240,28.196,20.710,0,1791400,470156,179008,5483052,2868.470,485.065,0,8136.313,0,313.396,4083,3708,2.730,2.210,1.270,0,1,5.988,0,0,11,38,1,9,0
19-02 01:17:45,10.501,3.250,52.003,31.252,0,1790288,469652,179028,5484612,6659.407,540.033,0,9584.586,0,741.045,5468,9046,3.070,2.290,1.300,2,1,39.002,0,0,11,38,1,9,0
19-02 01:17:46,11.751,3.000,48.506,35.254,0.250,1790760,467384,179032,5486360,6752.776,582.067,0,12305.414,0,810.093,5996,10496,3.070,2.290,1.300,1,2,36.004,0,0,11,38,1,9,0
19-02 01:17:47,8.498,2.749,53.238,32.493,0,1790080,466628,179040,5487712,7181.397,539.879,0,13005.097,0,842.812,5731,10546,3.070,2.290,1.300,0,1,15.996,0,0,11,38,1,9,0
19-02 01:17:48,9.258,3.003,53.295,32.027,0,1788888,465368,179060,5490032,6011.109,540.459,0,10729.118,0,820.697,6260,10993,3.070,2.290,1.300,0,2,30.026,0,0,11,38,1,9,0
19-02 01:17:49,9.246,3.998,50.477,33.485,0,1788732,464360,179104,5491104,8031.411,539.759,0,15425.108,0,1073.520,7042,12610,3.070,2.290,1.300,7,1,35.984,0,0,11,38,1,9,0
19-02 01:17:50,8.254,3.502,53.024,32.515,0,1789076,462848,179128,5492220,8149.738,540.248,0,14706.746,0,1016.466,6398,11317,3.150,2.310,1.310,0,2,30.014,0,0,11,38,1,9,0
19-02 01:17:51,5.746,2.748,49.717,38.974,0,1788556,462092,179136,5493456,3822.443,485.675,0,12427.688,0,815.455,5046,9261,3.150,2.310,1.310,0,3,17.988,0,0,11,38,1,9,0
19-02 01:17:52,7.750,3.250,45.253,40.752,0,1788860,460328,179140,5494828,7492.452,540.033,0,14276.861,0,953.057,6348,11567,3.150,2.310,1.310,3,1,24.001,0,0,11,38,1,9,0
19-02 01:17:53,7.000,3.750,50.249,35.999,0.250,1788548,459572,179152,5495856,7004.879,539.991,0,12919.777,0,899.984,5953,10719,3.150,2.310,1.310,1,1,29.999,0,0,11,38,1,9,0
19-02 01:17:54,7.249,3.000,51.743,35.245,0,1789424,457304,179176,5497192,5016.357,539.931,0,12874.349,0,822.894,4961,9057,3.150,2.310,1.310,0,3,8.999,0,0,11,38,1,9,0
19-02 01:17:55,6.758,3.003,50.558,36.291,0,1789284,456296,179196,5498272,7648.733,540.617,0,13563.486,0,906.034,5491,9860,3.290,2.360,1.330,0,2,18.021,0,0,11,38,1,9,0
19-02 01:17:56,9.739,4.495,49.696,33.464,0,1789796,454784,179204,5499224,7575.830,539.418,0,15427.364,0,1107.805,7504,13162,3.290,2.360,1.330,7,0,50.945,0,0,11,38,1,9,0
19-02 01:17:57,9.245,3.498,45.724,38.228,0,1788760,454280,179212,5500716,9121.833,539.694,0,14359.866,0,1005.431,6633,11605,3.290,2.360,1.330,1,2,36.979,0,0,11,38,1,9,0
19-02 01:17:58,6.751,3.750,52.755,33.253,0,1789024,453020,179224,5501672,6462.567,540.047,0,13517.186,0,929.082,5380,9678,3.290,2.360,1.330,1,3,27.002,0,0,11,38,1,9,0
19-02 01:17:59,6.252,3.001,46.764,41.513,0,1788792,452516,179236,5502380,4691.432,560.171,0,13756.199,0,1049.320,5408,9523,3.290,2.360,1.330,0,1,21.006,0,0,11,38,1,9,0
19-02 01:18:00,11.253,6.001,43.510,37.259,0,1793856,446216,179240,5503556,7982.905,540.129,0,14387.433,0,1009.241,6820,14838,3.430,2.400,1.350,1,2,48.011,0,0,11,38,1,10,0
19-02 01:18:01,5.749,3.499,51.239,36.742,0,1793108,446216,179240,5504284,7904.293,539.883,0,13697.042,0,951.794,5606,10139,3.430,2.400,1.350,1,3,14.997,0,0,11,38,1,9,0
19-02 01:18:02,6.246,2.998,55.469,31.732,0,1792496,445712,179240,5505368,3723.908,539.697,0,10977.832,0,817.541,5513,9854,3.430,2.400,1.350,1,1,17.990,0,0,11,38,1,9,0
19-02 01:18:03,5.503,3.252,56.034,32.770,0,1792108,445460,179248,5505980,7620.563,540.324,0,14328.580,0,943.565,5322,9657,3.430,2.400,1.350,1,2,12.007,0,0,11,38,1,9,0
19-02 01:18:04,5.502,3.251,55.523,33.264,0,1791932,445208,179256,5506384,5307.155,540.219,0,14649.948,0,938.381,5062,9144,3.430,2.400,1.350,0,2,12.005,0,0,11,38,1,9,0
19-02 01:18:05,9.020,3.007,47.356,36.081,0,1791656,444704,179264,5507144,7220.226,541.216,0,14833.336,0,978.198,6046,10708,3.560,2.450,1.370,2,3,18.041,0,0,11,38,1,9,0
19-02 01:18:06,28.440,7.235,34.178,29.438,0,1690440,544076,179268,5508948,3439.729,484.975,0,11451.792,0,912.072,7502,11739,3.560,2.450,1.370,1,2,96.795,0,0,11,36,1,9,0
19-02 01:18:07,30.538,5.006,31.039,31.289,0,1757924,475280,179280,5510216,3300.125,540.676,0,15066.835,0,1030.288,6935,11314,3.560,2.450,1.370,2,4,28.035,0,0,11,36,1,9,0
19-02 01:18:08,20.474,5.743,36.954,33.958,0,1640668,590308,179288,5512360,7139.103,539.328,0,14390.066,0,883.898,6405,9971,3.560,2.450,1.370,1,1,106.867,0,0,11,36,1,9,0
19-02 01:18:09,5.747,2.749,51.977,36.983,0,1640136,590084,179296,5513092,6894.912,539.758,0,10559.271,0,677.696,4394,7778,3.560,2.450,1.370,1,1,17.992,0,0,11,36,1,9,0
19-02 01:18:10,6.747,2.749,52.978,34.736,0,1639252,589592,179300,5514416,8483.493,539.777,0,11807.120,0,857.645,5545,9979,3.590,2.470,1.390,1,1,20.991,0,0,11,36,1,9,0
19-02 01:18:11,6.002,3.251,55.766,31.759,0,1638156,589592,179316,5515436,5290.520,540.155,0,11707.363,0,845.243,6242,11534,3.590,2.470,1.390,0,4,21.006,0,0,11,36,1,9,0
19-02 01:18:12,7.249,2.999,48.991,37.743,0,1637220,589592,179328,5516316,9014.314,539.899,0,14481.292,0,988.815,5678,10254,3.590,2.470,1.390,4,1,23.996,0,0,11,36,1,9,0
19-02 01:18:13,5.502,3.251,48.514,39.261,0,1636532,589116,179344,5517408,8096.281,582.164,0,16216.569,0,958.270,5540,9706,3.590,2.470,1.390,0,3,12.003,0,0,11,36,1,9,0
19-02 01:18:14,6.750,3.000,54.746,32.248,0,1635804,587856,179356,5519296,5768.610,485.967,0,8235.443,0,698.953,5816,10413,3.590,2.470,1.390,1,0,11.999,0,0,11,36,1,9,0
19-02 01:18:15,7.003,3.751,47.268,39.766,0,1636104,586344,179372,5520468,3116.217,540.211,0,13937.442,0,923.361,6349,11381,3.630,2.500,1.400,0,4,18.007,0,0,11,36,1,9,0
19-02 01:18:16,6.996,2.748,47.220,39.225,0,1635696,585840,179376,5521348,7379.346,539.660,0,13891.240,0,942.406,5728,10244,3.630,2.500,1.400,1,2,23.985,0,0,11,36,1,9,0
19-02 01:18:17,8.024,3.761,52.656,33.349,0,1637156,583572,179376,5522128,7455.089,541.605,0,15409.658,0,1086.218,6301,11257,3.630,2.500,1.400,0,4,16.048,0,0,11,36,1,9,0
19-02 01:18:18,10.471,2.992,49.863,33.408,0,1639608,580548,179380,5522688,6549.964,538.517,0,12106.664,0,742.954,4994,8243,3.630,2.500,1.400,3,3,0,0,0,11,36,1,9,0
19-02 01:18:19,7.751,2.250,52.758,34.005,0,1642196,576516,179384,5524096,6910.069,540.084,0,11757.819,0,775.120,5438,9610,3.630,2.500,1.400,1,3,0,0,0,11,36,1,9,0
19-02 01:18:20,5.499,2.750,51.994,35.496,0,1643220,573996,179384,5525552,11297.598,633.921,0,10078.749,0,685.915,4747,8390,3.660,2.520,1.410,0,2,0,0,0,11,36,1,9,0
19-02 01:18:21,5.492,2.995,53.169,34.947,0,1642588,572988,179388,5527084,6903.526,485.264,0,13559.427,0,835.732,5514,10033,3.660,2.520,1.410,0,1,0,0,0,11,36,1,9,0
19-02 01:18:22,4.257,3.005,50.583,38.563,0,1642572,571728,179392,5528288,3609.919,540.887,0,13446.046,0,808.325,6345,12180,3.660,2.520,1.410,0,1,0,0,0,11,36,1,9,0
19-02 01:18:23,4.996,3.247,50.958,36.969,0,1640516,571716,179400,5530284,4328.401,539.551,0,12241.821,0,844.298,5183,9323,3.660,2.520,1.410,0,1,1.998,0,0,11,36,0,9,0
19-02 01:18:24,6.254,3.752,50.032,37.273,0,1641248,569196,179408,5532004,8377.280,540.341,0,13232.340,0,856.540,5511,9878,3.660,2.520,1.410,1,1,0,0,0,11,36,0,9,0
19-02 01:18:25,5.501,3.001,53.010,35.507,0,1641224,567684,179416,5533472,5544.041,540.101,0,14538.731,0,900.169,5445,10207,3.680,2.550,1.430,1,2,0,0,0,11,36,0,9,0
19-02 01:18:26,4.250,3.250,48.503,41.003,0,1641716,565920,179420,5534676,6863.448,540.035,0,13740.896,0,845.055,5541,10637,3.680,2.550,1.430,0,1,0,0,0,11,36,0,9,0
19-02 01:18:27,5.001,3.250,46.005,42.005,0,1641756,564156,179420,5536356,5725.653,540.062,0,14049.603,0,911.104,5207,9454,3.680,2.550,1.430,1,2,4.000,0,0,11,36,0,9,0
19-02 01:18:28,7.251,3.001,58.260,28.755,0,1643156,561888,179428,5537184,7296.298,486.086,0,7245.289,0,654.116,5771,10120,3.680,2.550,1.430,0,1,12.002,0,0,11,36,0,9,0
19-02 01:18:29,5.747,3.248,53.471,34.232,0,1643944,560628,179440,5537632,5114.253,539.710,0,15351.754,0,1058.431,5554,10290,3.680,2.550,1.430,0,1,8.995,0,0,11,36,0,9,0
19-02 01:18:30,4.500,3.250,58.499,30.249,0,1644540,559872,179444,5537764,3339.915,539.986,0,13143.664,0,936.976,5205,9392,3.630,2.560,1.440,1,0,9.000,0,0,11,36,0,9,0
19-02 01:18:31,4.999,3.000,59.992,29.996,0.250,1645120,558864,179444,5538180,7442.014,539.929,0,10498.610,0,821.891,4915,8871,3.630,2.560,1.440,0,2,14.998,0,0,11,36,0,9,0
19-02 01:18:32,4.751,2.750,53.008,36.255,0,1644916,558864,179444,5538380,7233.076,540.080,0,14110.100,0,935.139,5140,9141,3.630,2.560,1.440,2,1,15.002,0,0,11,36,0,9,0
19-02 01:18:33,11.500,4.500,47.751,34.501,0,1646360,556344,179448,5539408,3923.123,540.017,0,17088.534,0,1191.037,7710,13888,3.630,2.560,1.440,0,1,6.000,0,0,11,36,0,9,0
19-02 01:18:34,9.498,3.249,54.488,30.244,0,1647196,554832,179452,5540072,8821.124,539.885,0,12801.278,0,899.809,5647,10113,3.630,2.560,1.440,1,2,11.997,0,0,11,36,0,9,0
19-02 01:18:35,6.764,3.507,58.374,28.560,0,1647660,553824,179460,5540588,7166.179,487.032,0,9143.367,0,770.632,5391,9392,3.580,2.560,1.450,0,1,21.045,0,0,11,36,0,9,0
19-02 01:18:36,7.496,2.499,57.722,29.486,0,1647196,553792,179460,5541068,7993.081,539.735,0,11546.339,0,816.600,5385,9614,3.580,2.560,1.450,1,2,14.993,0,0,11,36,0,9,0
19-02 01:18:37,11.985,3.246,46.191,35.705,0,1647104,553540,179464,5541400,7485.510,539.316,0,16299.335,0,1122.577,6190,10715,3.580,2.560,1.450,2,1,14.981,0,0,11,36,0,9,0
19-02 01:18:38,22.257,12.754,53.016,10.503,0,1368812,831808,179464,5541424,4442.300,540.158,0,5605.641,0,335.098,4950,4680,3.580,2.560,1.450,1,1,250.073,0,0,11,32,0,9,0
19-02 01:18:39,22.248,3.000,69.243,4.500,0,1444852,755768,179464,5541424,8294.178,539.946,0,1771.824,0,105.989,2031,1817,3.580,2.560,1.450,2,1,1.000,0,0,11,32,0,9,0
19-02 01:18:40,23.497,2.500,69.740,3.000,0,1498516,702092,179464,5541432,6142.121,539.923,0,1463.791,0,89.987,2225,2083,3.370,2.540,1.440,2,1,2.000,0,0,11,38,0,9,0
19-02 01:18:41,21.753,4.251,72.259,1.250,0,1502944,697664,179464,5541432,3030.366,540.065,0,1872.226,0,108.013,2328,1932,3.370,2.540,1.440,1,0,28.003,0,0,11,32,0,9,0
19-02 01:18:42,22.999,3.250,73.497,0,0,1565436,635168,179464,5541432,6872.683,485.978,0,39.998,0,4.000,1780,1240,3.370,2.540,1.440,1,0,2.000,0,0,11,32,0,5,0
19-02 01:18:43,17.795,20.552,58.649,2.757,0,1507136,693440,179464,5541456,4780.129,541.374,0,344.875,0,30.076,5691,5621,3.370,2.540,1.440,2,1,658.671,0,0,11,32,0,5,0
19-02 01:18:44,11.006,29.265,57.780,1.251,0,1485092,715416,179464,5541524,7159.778,540.285,0,1068.564,0,98.052,7531,7081,3.370,2.540,1.440,3,1,953.503,0,0,11,32,0,5,0
19-02 01:18:45,7.990,21.224,69.416,0.250,0,1464712,735672,179464,5541624,7317.189,539.351,0,375.548,0,66.919,6641,5538,3.180,2.510,1.440,1,0,564.320,0,0,11,32,0,5,0
19-02 01:18:46,13.230,18.471,67.645,0,0,1455656,744696,179464,5541744,3657.346,581.102,0,35.944,0,8.986,6661,7175,3.180,2.510,1.440,0,0,414.359,0,0,11,32,0,1,0
19-02 01:18:47,36.470,12.490,49.710,0,0,1473028,727116,179472,5542188,7005.314,539.562,0,47.961,0,2.998,5421,5596,3.180,2.510,1.440,2,0,192.843,0,0,11,33,0,1,0
19-02 01:18:48,43.531,7.505,48.785,0,0,1583148,617056,179472,5542240,4856.481,540.387,0,16.011,0,1.001,2772,1411,3.180,2.510,1.440,2,0,1.001,0,0,11,33,0,1,0
19-02 01:18:49,43.478,3.748,48.476,2.499,0,1631852,568060,179496,5542500,6883.564,539.731,103.948,795.603,1.000,42.979,3705,3052,3.180,2.510,1.440,3,0,18.991,0,0,11,49,0,1,0
19-02 01:18:50,33.569,10.772,54.111,1.253,0,1653112,542424,179532,5546400,5445.148,486.997,0,3779.738,0,430.882,5306,7354,3.090,2.500,1.450,1,0,148.304,0,0,11,48,0,2,0
19-02 01:18:51,18.132,15.151,63.088,2.484,0,1655992,539424,179536,5546416,6710.157,536.495,0,1740.627,0,19.870,6434,8191,3.090,2.500,1.450,4,0,317.923,0,0,11,48,0,2,0
19-02 01:18:52,1.507,1.256,96.172,0,0,1655996,539424,179536,5546420,6605.015,542.383,0,40.176,0,4.018,1123,1467,3.090,2.500,1.450,0,0,27.119,0,0,11,48,0,2,0
19-02 01:18:53,0.250,1.000,97.243,0.500,0,1654804,540616,179536,5546420,3805.731,539.962,0,367.974,0,26.998,968,1534,3.090,2.500,1.450,0,0,3.000,0,0,11,48,0,2,0
19-02 01:18:54,1.000,0.750,98.245,0,0,1651112,544308,179536,5546420,3649.805,539.971,0,31.998,0,4.000,689,947,3.090,2.500,1.450,0,0,3.000,0,0,11,48,0,2,0
19-02 01:18:55,0.250,0,98.484,0,0,1649220,546196,179536,5546424,7190.821,539.911,0,0,0,0,652,883,2.840,2.460,1.440,0,0,1.000,0,0,11,48,0,2,0
19-02 01:18:56,10.987,10.738,77.162,0,0,1611692,583744,179536,5546416,7937.926,539.383,0,3.995,0,0.999,4436,5314,2.840,2.460,1.440,1,0,207.763,0,0,11,48,0,2,0
19-02 01:18:57,15.072,15.072,69.331,0,0,1672588,522868,179536,5546432,11073.850,488.331,0,4.019,0,1.005,5514,6731,2.840,2.460,1.440,2,0,335.602,0,0,11,48,0,2,0
19-02 01:18:58,15.750,18.999,64.248,0,0,1658224,537112,179536,5546920,6544.827,777.979,0,0,0,0,7277,8522,2.840,2.460,1.440,2,0,337.991,0,0,12,48,0,2,0
19-02 01:18:59,9.966,8.471,78.235,1.246,0,1659928,535428,179536,5546488,8125.431,538.174,0,578.039,0,45.844,3365,4148,2.840,2.460,1.440,0,0,194.341,0,0,12,64,0,2,0
19-02 01:19:00,16.557,12.543,70.993,0,0,1668476,526792,179536,5546880,5642.335,541.857,0,0,0,0,6014,15508,2.930,2.490,1.450,1,0,247.849,0,0,14,66,0,3,0
19-02 01:19:01,12.978,17.969,68.132,0,0,1663404,531812,179536,5546560,3691.612,539.067,0,23.959,0,4.991,6154,6081,2.930,2.490,1.450,2,0,400.307,0,0,14,66,0,4,0
19-02 01:19:02,9.241,19.980,69.182,0,0,1641020,554000,179536,5547068,5487.587,539.468,0,39.961,0,9.990,5934,4694,2.930,2.490,1.450,3,0,399.606,0,0,14,66,0,3,0
19-02 01:19:03,25.820,15.542,56.403,2.005,0,1673096,521896,179544,5546736,8193.231,625.698,0,405.099,0,23.063,6513,8080,2.930,2.490,1.450,1,3,316.860,0,0,14,66,0,3,0
19-02 01:19:04,27.998,25.498,44.247,1.000,0,1776888,418016,179564,5546788,7641.397,539.957,0,743.941,0,27.998,7115,6189,2.930,2.490,1.450,4,0,677.946,0,0,14,66,0,3,0
19-02 01:19:05,29.992,24.993,44.488,0,0,1911544,281792,179576,5548288,7062.031,485.865,19.994,35.990,1.999,8.997,7986,8789,2.940,2.500,1.460,4,0,578.839,0,0,14,70,0,5,0
19-02 01:19:06,40.419,18.463,40.169,0,0,1979404,213692,179576,5548804,6546.861,538.918,0,11.976,0,2.994,6472,7461,2.940,2.500,1.460,4,0,277.443,0,0,14,70,0,5,0
19-02 01:19:07,60.895,27.065,11.778,0,0,2096112,168864,174908,5483432,7783.574,541.292,12.029,32.077,3.007,8.019,6756,6655,2.940,2.500,1.460,3,0,613.464,0,0,14,70,0,5,0
19-02 01:19:08,68.386,19.894,10.693,0,0,2180592,159084,172904,5412728,7408.575,626.665,95.492,278.518,9.947,15.915,5422,7118,2.940,2.500,1.460,5,0,386.941,0,0,14,70,0,5,0
19-02 01:19:09,68.473,22.072,4.515,4.766,0,2324872,164072,172948,5266712,5004.304,541.765,533.739,3411.114,74.242,84.275,6720,8549,2.940,2.500,1.460,4,0,399.301,0,0,14,74,0,5,0
19-02 01:19:10,68.517,20.505,3.251,7.002,0,2510248,172420,172228,5077940,8355.070,540.134,4.001,4937.223,1.000,304.075,7774,9119,3.340,2.590,1.500,8,2,411.102,0,0,14,76,0,5,0
19-02 01:19:11,49.916,18.718,12.728,18.718,0,2593848,189852,171848,4979848,5097.382,539.089,3.993,9535.877,0.998,667.871,8977,12779,3.340,2.590,1.500,2,1,321.457,0,0,14,76,0,5,0
19-02 01:19:12,56.941,12.291,16.305,14.549,0,2710108,208268,171848,4848144,5442.295,529.781,84.283,15769.010,4.013,356.197,8301,10210,3.340,2.590,1.500,3,3,141.476,0,0,14,79,0,5,0
19-02 01:19:13,48.572,6.476,30.140,13.202,0,2833120,151492,171900,4783016,8262.796,538.033,59.781,7385.005,4.982,430.427,5795,8134,3.340,2.590,1.500,6,2,4.982,0,0,14,79,0,7,0
19-02 01:19:14,69.248,19.068,9.283,2.509,0,2898852,216756,171908,4654800,8856.778,541.944,36.130,1433.142,6.022,76.274,10347,18151,3.340,2.590,1.500,4,1,434.559,0,0,14,95,0,14,0
19-02 01:19:15,14.997,22.746,47.991,12.498,0,2920516,192900,171916,4657492,7070.685,539.900,39.993,13281.531,5.999,436.919,8950,12183,3.320,2.590,1.500,1,1,471.912,0,0,14,93,0,15,0
19-02 01:19:16,31.658,12.214,53.344,1.496,0,2988216,125016,171916,4657560,5749.231,538.430,159.535,522.476,3.988,25.924,5158,6013,3.320,2.590,1.500,3,1,194.433,0,0,14,94,0,15,0
19-02 01:19:17,41.367,7.521,40.364,10.279,0,3081096,165604,171932,4526916,4269.027,541.526,0,12130.175,0,729.054,4418,3919,3.320,2.590,1.500,2,0,29.082,0,0,14,97,0,15,0
19-02 01:19:18,7.979,19.946,70.061,0.997,0,3087424,159140,171932,4527104,8528.046,628.309,0,554.507,0,21.941,5995,4642,3.320,2.590,1.500,1,0,369.007,0,0,14,97,0,15,0
19-02 01:19:19,8.265,18.785,71.131,0,0,3091288,155240,171932,4527140,7242.355,540.998,4.007,156.288,1.002,16.030,5822,4477,3.320,2.590,1.500,1,0,363.671,0,0,14,97,0,15,0
19-02 01:19:20,14.218,12.971,68.845,2.744,0,3125840,186760,171932,4462904,7734.629,578.700,0,2326.774,0,301.323,4329,3094,3.130,2.570,1.500,1,0,229.485,0,0,14,97,0,15,0
19-02 01:19:21,18.463,2.246,78.343,0.499,0,3158588,154012,171932,4462904,11505.955,6901.178,31.936,0,1.996,0,1767,1450,3.130,2.570,1.500,1,0,0,0,0,14,101,0,15,0
19-02 01:19:22,19.592,6.279,73.595,0.251,0,3158772,153764,171936,4462964,23696.181,16847.045,0,309.452,0,23.108,3103,2885,3.130,2.570,1.500,1,0,63.297,0,0,14,99,0,16,0
19-02 01:19:23,19.450,2.992,75.806,0.997,0,3192120,186284,171940,4398984,12969.725,6734.722,0,375.038,0,31.918,2163,2145,3.130,2.570,1.500,0,0,0,0,0,14,100,0,16,0
19-02 01:19:24,22.570,4.514,67.960,3.762,0,3190452,186852,171948,4400160,4136.803,804.490,537.664,429.329,34.106,42.130,4382,6540,3.130,2.570,1.500,1,2,4.012,0,0,14,110,0,16,0
19-02 01:19:25,20.184,3.239,64.789,9.469,0,3193784,182276,171948,4401404,4466.468,538.249,1004.731,1726.383,38.874,190.381,5061,7369,2.960,2.540,1.500,1,1,1.994,0,0,14,111,0,16,0
19-02 01:19:26,20.993,7.997,64.727,5.998,0,3129212,246808,171948,4401444,8773.910,1682.407,0,1427.497,0,111.961,4670,5636,2.960,2.540,1.500,1,2,111.961,0,0,14,112,0,18,0
19-02 01:19:27,19.254,2.000,75.267,2.250,0,3172928,203028,171948,4401508,13023.890,6252.388,48.011,988.219,3.001,69.015,2141,1992,2.960,2.540,1.500,1,1,2.000,0,0,14,117,0,18,0
19-02 01:19:28,21.323,4.265,69.488,4.265,0,3175396,200032,172004,4401980,11549.611,3255.164,68.234,1031.538,6.021,86.296,4158,6173,2.960,2.540,1.500,1,0,2.007,0,0,14,117,0,18,0
19-02 01:19:29,30.478,8.744,56.459,2.748,0,3225296,149900,172012,4402204,6847.034,1732.743,31.977,1187.139,1.999,121.912,5434,6761,2.960,2.540,1.500,2,1,96.930,0,0,14,118,0,19,2
19-02 01:19:30,40.249,7.500,50.998,0.750,0,3323964,177192,172012,4278812,8723.689,2858.898,0,875.969,0,54.998,2985,1821,2.800,2.520,1.500,1,0,5.000,0,0,14,119,0,19,2
19-02 01:19:31,23.246,5.749,69.737,1.000,0,3313672,187460,172012,4278836,33023.080,20754.279,0,879.842,0,44.992,2794,2289,2.800,2.520,1.500,2,1,54.990,0,0,14,118,0,20,2
19-02 01:19:32,19.452,1.746,77.061,0.249,0,3355676,145444,172012,4278848,12561.119,6915.997,7.980,191.529,1.995,20.948,1938,1628,2.800,2.520,1.500,0,0,0,0,0,14,119,0,20,2
19-02 01:19:33,21.246,5.249,72.737,0,0,3369204,131852,172012,4278912,23070.853,16764.986,3.999,3.999,1.000,1.000,2419,1934,2.800,2.520,1.500,1,0,50.991,0,0,14,118,0,21,2
19-02 01:19:34,15.741,2.748,78.954,1.499,0,3325000,238744,172012,4217744,17316.850,7007.892,15.991,651.618,3.998,54.968,2287,2328,2.800,2.520,1.500,4,0,0,0,0,14,119,0,21,2
19-02 01:19:35,19.024,7.760,70.840,2.003,0,3301236,262452,172016,4217796,11492.528,1636.068,4.005,1541.949,1.001,65.082,3389,3312,2.660,2.490,1.490,1,0,82.104,0,0,14,118,0,22,2
19-02 01:19:36,18.489,1.999,77.203,1.249,0.250,3327840,235828,172020,4217812,30556.389,23062.953,3.998,487.703,0.999,37.977,2215,2013,2.660,2.490,1.490,1,0,0,0,0,14,118,0,23,2
19-02 01:19:37,20.281,5.508,73.112,0.250,0,3376820,186832,172020,4217828,5952.096,540.827,0,340.520,0,19.029,2259,1719,2.660,2.490,1.490,1,0,55.084,0,0,14,118,0,23,2
19-02 01:19:38,17.744,2.999,73.976,4.249,0,3376860,186744,172024,4217872,16278.763,7189.687,7.997,1663.465,1.000,202.935,3922,5556,2.660,2.490,1.490,1,1,1.999,0,0,14,120,0,23,2
19-02 01:19:39,21.723,7.740,58.926,9.987,0,3354768,208512,172028,4218192,8287.613,1777.772,47.940,6240.179,2.996,414.481,6558,9638,2.660,2.490,1.490,2,1,53.932,0,0,14,121,0,25,2
19-02 01:19:40,19.250,2.250,75.248,2.000,0,3375864,187404,172028,4218204,12104.750,6250.871,0,1939.960,0,123.997,1858,1794,2.520,2.470,1.490,1,0,0,0,0,14,122,0,25,2
19-02 01:19:41,18.502,3.250,75.757,1.750,0,3371580,191680,172028,4218212,12361.199,4861.472,0,932.090,0,56.005,2788,3125,2.520,2.470,1.490,1,1,0,0,0,14,122,0,25,2
19-02 01:19:42,30.582,5.264,59.910,3.259,0,3369360,193820,172028,4218292,6386.055,541.446,16.043,1395.728,1.003,141.378,9539,15942,2.520,2.470,1.490,2,0,2.005,0,0,14,126,0,25,2
19-02 01:19:43,25.678,5.983,61.577,4.986,0,3389032,173968,172028,4218472,5745.850,1348.211,0,4507.331,0,296.168,3878,4003,2.520,2.470,1.490,1,2,69.804,0,0,14,125,0,26,2
19-02 01:19:44,16.522,2.754,77.101,2.503,0,3398852,164112,172028,4218508,17494.910,8972.750,0,1369.794,0,130.170,3227,4116,2.520,2.470,1.490,1,1,1.001,0,0,14,126,0,26,2
19-02 01:19:45,19.233,8.742,70.186,0.999,0,3366000,196936,172032,4218532,6326.261,1739.422,0,911.173,0,72.934,3632,3623,2.400,2.440,1.490,2,0,146.867,0,0,14,125,0,27,2
19-02 01:19:46,18.744,2.749,77.476,0.250,0,3382604,180324,172032,4218540,15689.123,9712.980,0,527.836,0,34.989,2138,1887,2.400,2.440,1.490,1,0,0,0,0,14,126,0,27,2
19-02 01:19:47,19.751,4.000,71.754,3.000,0,3377996,184896,172036,4218572,12169.649,2852.152,0,1288.069,0,128.007,5102,7152,2.400,2.440,1.490,2,0,0,0,0,14,126,0,27,2
19-02 01:19:48,37.779,8.006,51.789,1.501,0,3350064,212640,172036,4218744,5996.535,2131.612,36.027,2585.956,3.002,162.123,13587,23839,2.400,2.440,1.490,2,1,12.009,0,0,14,129,0,28,2
19-02 01:19:49,42.337,15.031,38.079,3.758,0,3375916,186504,172036,4218996,8629.831,935.934,0,1807.735,0,185.383,10231,15112,2.400,2.440,1.490,3,1,280.580,0,0,14,129,0,28,2
19-02 01:19:50,20.971,2.497,65.909,9.487,0,3402232,160176,172036,4219008,13331.546,7954.988,0,6475.037,0,377.477,2848,3819,2.290,2.420,1.480,1,0,0,0,0,14,129,0,29,2
19-02 01:19:51,10.006,18.261,70.792,0,0,3368632,193744,172036,4219040,4050.406,736.437,0,728.433,0,61.036,5502,4205,2.290,2.420,1.480,1,0,350.208,0,0,14,129,0,28,2
19-02 01:19:52,14.013,18.016,65.559,0.751,0,3293724,268624,172036,4219172,8351.518,540.487,0,332.299,0,17.015,6259,6133,2.290,2.420,1.480,1,1,360.324,0,0,14,131,0,28,0
19-02 01:19:53,27.268,19.013,51.534,0.500,0,3360188,202124,172036,4219108,6105.031,540.357,0,284.188,0,21.014,7091,7599,2.290,2.420,1.480,3,0,448.296,0,0,14,131,0,28,0
19-02 01:19:54,34.662,20.448,42.143,2.494,0,3404624,157152,172044,4219608,7379.187,538.627,55.858,518.678,2.992,36.906,7323,8928,2.290,2.420,1.480,3,0,436.886,0,0,14,137,0,28,0
19-02 01:19:55,41.079,20.289,37.823,0,0,3488164,196636,172048,4099964,6393.368,611.182,44.085,4.008,2.004,1.002,6919,8118,2.350,2.430,1.490,3,0,497.963,0,0,16,137,0,28,0
19-02 01:19:56,62.060,23.927,13.708,0.498,0,3661456,132604,171856,3993168,4228.029,538.348,31.902,849.394,4.985,60.813,7340,14836,2.350,2.430,1.490,3,0,475.541,0,0,16,143,0,28,0
19-02 01:19:57,46.855,20.546,30.569,0.752,0,3751440,178836,171828,3858040,11050.812,541.215,32.072,565.269,3.007,27.061,8396,13876,2.350,2.430,1.490,5,1,454.019,0,0,16,159,0,28,0
19-02 01:19:58,34.279,23.520,37.281,5.004,0,3816644,159560,171828,3812792,9074.607,540.453,8.007,5044.229,2.002,626.525,8119,6380,2.350,2.430,1.490,3,0,610.512,0,0,17,159,0,28,0
19-02 01:19:59,20.006,15.254,62.768,0.500,0.250,3822504,153676,171828,3812908,8406.363,576.162,0,488.137,0,35.010,7108,9646,2.350,2.430,1.490,2,0,278.078,0,0,17,159,0,28,0
19-02 01:20:00,34.455,24.718,39.449,0.999,0,3875152,151456,171704,3763388,5319.107,539.301,243.684,155.798,18.975,12.983,7206,16130,2.320,2.420,1.490,3,0,588.238,0,0,17,159,0,29,0
19-02 01:20:01,44.552,19.523,33.789,1.251,0,3986828,145148,171708,3660632,7064.178,540.626,148.172,3199.704,6.007,73.085,8774,14619,2.320,2.420,1.490,4,0,306.355,0,0,17,173,0,30,0
19-02 01:20:02,30.006,25.755,43.009,0.500,0,4060552,138196,171708,3595360,6765.382,540.110,20.004,188.038,2.000,14.003,7529,7104,2.320,2.420,1.490,2,0,772.158,0,0,17,175,0,30,0
19-02 01:20:03,24.004,22.754,52.010,0.750,0,4112984,171252,171708,3511796,3712.692,610.114,12.002,664.124,3.001,41.008,8196,11322,2.320,2.420,1.490,1,0,565.105,0,0,17,181,0,30,0
19-02 01:20:04,17.741,13.493,60.720,6.997,0,4132960,151140,171708,3512392,6142.987,539.735,3.998,9223.476,1.000,640.686,7179,9074,2.320,2.420,1.490,1,0,255.874,0,0,17,183,0,28,0
19-02 01:20:05,41.224,9.494,47.720,0.500,0,4248472,149708,171712,3400560,7380.388,539.663,11.993,435.728,2.998,23.985,4386,3757,2.290,2.410,1.500,2,0,121.924,0,0,17,187,0,28,0
19-02 01:20:06,45.252,6.750,46.002,1.500,0,4360284,156676,171712,3283492,4779.239,486.024,296.015,604.030,19.001,56.003,3492,2618,2.290,2.410,1.500,3,0,4.000,0,0,17,187,0,28,0
19-02 01:20:07,30.774,16.513,48.538,2.502,0,4310704,227388,171716,3263516,7262.714,540.425,532.419,452.356,8.006,36.028,5966,6022,2.290,2.410,1.500,1,1,392.309,0,0,17,207,0,29,0
19-02 01:20:08,33.454,21.969,43.190,0.749,0,4351024,184932,171716,3265964,11303.302,6244.328,703.024,475.340,7.989,35.950,8573,11807,2.290,2.410,1.500,3,0,522.275,0,0,17,212,0,27,0
19-02 01:20:09,50.211,21.234,26.729,0.749,0,4386236,147868,171720,3267840,11261.355,3599.237,955.267,547.580,16.987,33.974,7302,9187,2.290,2.410,1.500,5,0,337.741,0,0,17,215,0,28,0
19-02 01:20:10,66.404,12.780,17.791,2.255,0,4551760,183048,171736,3071236,13601.579,6267.551,1226.848,669.554,22.051,8.019,4792,4216,2.430,2.440,1.510,3,0,46.107,0,0,17,217,0,28,0
19-02 01:20:11,49.314,10.959,21.419,16.687,0,4559956,166268,171784,3079856,8746.987,5706.463,6240.447,2068.194,372.594,94.643,5790,6203,2.430,2.440,1.510,3,0,29.887,0,0,17,234,0,29,0
19-02 01:20:12,49.184,15.558,30.113,5.019,0,4630552,134436,171832,3042572,9991.425,6276.510,738.767,859.218,110.414,76.286,7090,9013,2.430,2.440,1.510,3,1,289.083,0,0,17,234,0,34,0
19-02 01:20:13,33.313,21.629,41.269,2.735,0,4589856,173372,171832,3044656,14213.383,5773.659,218.775,1249.004,12.928,83.532,8042,10911,2.430,2.440,1.510,4,0,437.549,0,0,17,235,0,36,0
19-02 01:20:14,49.447,20.080,27.359,2.259,0,4676728,156160,171844,2975840,13261.898,6278.041,16.064,13301.054,4.016,409.634,7364,8322,2.430,2.440,1.510,4,2,416.662,0,0,17,236,0,36,0
19-02 01:20:15,51.919,22.964,21.467,3.245,0,4688448,141288,171860,2979372,12519.519,5725.092,1210.117,3075.215,46.927,393.388,7810,9901,2.720,2.500,1.540,5,0,404.371,0,0,17,237,0,38,0
19-02 01:20:16,58.635,23.554,15.536,1.754,0,4769172,140120,171860,2901640,12664.051,6267.377,148.340,3183.302,12.028,30.069,8339,13634,2.720,2.500,1.540,3,1,498.143,0,0,17,244,0,30,0
19-02 01:20:17,53.654,22.210,20.962,2.745,0,4785676,194960,171872,2832824,14038.885,5777.664,614.900,1365.557,35.936,85.846,10184,16951,2.720,2.500,1.540,4,1,396.291,0,0,17,251,0,32,0
19-02 01:20:18,61.660,17.044,21.055,0.251,0,4924548,153464,171872,2736272,12386.130,6269.263,20.052,677.758,4.010,43.112,5866,6257,2.720,2.500,1.540,3,0,196.510,0,0,17,252,0,32,0
19-02 01:20:19,55.818,11.164,25.800,5.458,0,4942212,217868,171588,2655768,15000.847,12004.051,1135.210,1182.841,51.600,65.493,6986,8906,2.720,2.500,1.540,4,0,28.777,0,0,17,254,0,34,0
19-02 01:20:20,59.199,11.588,24.687,4.534,0,5054404,130868,171616,2630680,16253.407,8407.838,1688.823,2007.240,66.505,104.796,9150,19004,2.740,2.510,1.540,2,1,12.092,0,0,17,263,0,37,0
19-02 01:20:21,44.499,22.499,26.749,5.750,0,4985500,233008,171760,2598268,11314.645,6418.799,3607.887,3242.898,51.998,166.995,7615,7946,2.740,2.510,1.540,4,0,456.986,0,0,17,261,0,39,0
19-02 01:20:22,46.603,22.678,26.666,2.991,0,5017992,199320,171872,2599592,9124.153,6233.293,1563.058,2384.461,28.909,236.253,7353,8061,2.740,2.510,1.540,3,0,416.683,0,0,17,262,0,39,0
19-02 01:20:23,63.140,19.965,15.224,0.499,0,5045064,171924,171880,2599848,12208.819,5721.074,994.275,1229.866,23.958,64.887,8835,12478,2.740,2.510,1.540,4,0,253.560,0,0,18,264,0,40,0
19-02 01:20:24,69.440,11.030,6.769,13.788,0,5147064,138484,171880,2533440,11967.713,6270.139,3493.549,497.359,192.526,15.041,5079,3541,2.740,2.510,1.540,5,1,13.036,0,0,18,265,0,39,0
19-02 01:20:25,77.787,11.005,7.504,3.001,0,5178308,165932,171912,2476308,12700.068,5727.737,1472.704,1480.707,54.026,85.041,5701,4877,3.400,2.650,1.600,4,1,19.009,0,0,18,272,0,40,0
19-02 01:20:26,52.267,14.505,28.259,4.502,0,5256848,118812,171920,2445840,13775.606,6807.276,1436.480,1756.587,47.016,194.065,7363,11030,3.400,2.650,1.600,2,2,219.073,0,0,18,275,0,42,0
19-02 01:20:27,36.007,9.502,51.760,1.750,0,5232824,176164,171928,2413884,14583.791,7871.506,568.109,868.166,9.002,73.014,4263,5312,3.400,2.650,1.600,3,1,14.003,0,0,18,281,0,43,0
19-02 01:20:28,42.550,8.260,48.307,0.250,0,5252072,173532,171928,2398544,16404884.650,136508.697,768.905,620.731,6.007,51.060,8725,4807,3.400,2.650,1.600,3,0,11.013,0,0,18,281,0,41,0
19-02 01:20:29,32.474,13.739,48.960,3.247,0,5254296,168656,171928,2401208,191242.482,7213.172,2593.904,819.338,30.975,67.945,6039,6275,3.400,2.650,1.600,3,1,263.787,0,0,18,279,0,42,0
19-02 01:20:30,36.615,4.234,56.292,1.744,0,5298264,153916,171928,2373064,18414.918,17332.919,0,534.026,0,43.838,3335,2611,3.130,2.600,1.590,2,1,1.993,0,0,18,285,0,43,0
19-02 01:20:31,20.241,4.248,67.219,5.498,0,5234708,216716,171932,2373820,226544.144,9209506.663,483.780,1011.541,29.986,100.954,6384,7663,3.130,2.600,1.590,1,1,38.982,0,0,18,289,0,46,0
19-02 01:20:32,3.001,0.750,92.791,1.000,0,5231876,219496,171932,2373872,194197.709,7178436.196,0,440.194,0,32.014,2071,2293,3.130,2.600,1.590,2,0,0,0,0,18,289,0,44,0
19-02 01:20:33,2.000,0.750,95.228,1.000,0,5232128,219244,171932,2373872,7707.194,539.874,0,391.908,0,25.994,1276,1756,3.130,2.600,1.590,0,1,0,0,0,18,289,0,44,0
19-02 01:20:34,12.747,2.250,82.232,2.000,0,5239012,212248,171944,2373972,7241371.931,26270.315,31.993,595.871,1.000,47.990,5270,5851,3.130,2.600,1.590,2,1,1.000,0,0,18,295,0,44,0
19-02 01:20:35,15.829,12.563,59.799,11.055,0,5184688,250488,171952,2390016,9324543.127,94698.155,60.302,14488.544,4.020,675.382,9058,8755,3.120,2.610,1.590,2,2,302.515,0,0,18,291,0,47,0
19-02 01:20:36,20.410,6.471,70.439,0.747,0,5259096,175972,171952,2390108,9195.455,537.629,0,1107.118,0,101.552,3375,3297,3.120,2.610,1.590,1,0,163.280,0,0,18,291,0,45,0
19-02 01:20:37,12.029,16.290,70.172,0.251,0,5246932,188096,171952,2390148,6606.200,541.327,0,2782.824,0,35.086,5542,4647,3.120,2.610,1.590,1,0,312.767,0,0,18,293,0,45,0
19-02 01:20:38,7.478,15.953,73.036,1.994,0,5239852,195128,171952,2390196,8170.072,484.581,3.988,8678.583,0.997,52.845,5686,5275,3.120,2.610,1.590,1,1,358.949,0,0,18,295,0,45,0
19-02 01:20:39,5.503,2.501,86.552,4.503,0,5233880,201096,171952,2390200,6996.174,540.322,0,8088.826,0,42.025,1626,1936,3.120,2.610,1.590,1,0,9.005,0,0,18,295,0,45,0
19-02 01:20:40,20.239,3.248,75.709,0.250,0,5258312,176652,171956,2390208,14885.971,6333.584,0,1675.096,0,5.997,2220,1899,2.950,2.580,1.590,1,0,0,0,0,18,296,0,42,0
19-02 01:20:41,15.316,10.294,66.788,6.026,0,5170072,264752,171960,2390328,9312.101,3777.266,76.329,9782.125,7.030,575.478,4929,4110,2.950,2.580,1.590,1,0,156.675,0,0,18,299,0,43,0
19-02 01:20:42,10.996,15.995,68.977,2.999,0,5172940,261548,171960,2390648,3502.826,539.819,3.999,5086.295,1.000,96.967,5414,4321,2.950,2.580,1.590,1,0,225.924,0,0,18,299,0,43,0
19-02 01:20:43,15.484,11.988,69.679,1.748,0,5197912,236388,171960,2390804,4518.396,539.450,3.996,99.898,0.999,1.998,4950,4340,2.950,2.580,1.590,1,1,219.776,0,0,18,299,0,43,0
19-02 01:20:44,23.508,3.751,71.023,0.750,0,5272216,162076,171964,2390808,7241.324,540.173,32.010,516.166,1.000,54.017,2727,2979,2.950,2.580,1.590,1,0,2.001,0,0,18,299,0,43,0
19-02 01:20:45,23.427,2.492,70.530,1.994,0,5176948,256916,171964,2391236,8778.667,538.324,386.796,398.758,11.963,43.863,2937,3029,2.790,2.560,1.590,1,1,5.981,0,0,18,303,0,42,0
19-02 01:20:46,22.755,4.251,71.017,1.000,0,5247604,186236,171964,2391260,9426.218,486.114,24.006,352.083,4.001,23.005,2315,1999,2.790,2.560,1.590,1,1,5.001,0,0,18,303,0,42,0
19-02 01:20:47,19.752,3.250,75.760,0.500,0,5288932,144888,171964,2391280,12038.519,7624.962,0,12149.533,0,34.004,2526,2439,2.790,2.560,1.590,1,0,3.000,0,0,18,305,0,42,1
19-02 01:20:48,23.743,4.499,67.979,2.499,0,5217572,216236,171964,2391292,9757.009,605.814,0,595.817,0,49.985,2889,2829,2.790,2.560,1.590,1,1,16.995,0,0,18,305,0,43,0
19-02 01:20:49,25.600,2.259,70.525,1.757,0,5237300,196508,171964,2391292,7820.542,542.117,0,1923.512,0,108.423,2380,2031,2.790,2.560,1.590,3,0,5.020,0,0,18,305,0,41,0
19-02 01:20:50,8.733,18.465,68.369,3.244,0,5226240,207224,171972,2391692,3263.735,538.965,415.203,834.398,7.985,32.937,5857,4986,2.730,2.550,1.590,1,4,401.230,0,0,18,305,0,41,0
19-02 01:20:51,18.013,9.006,69.299,2.001,0,5251220,182088,172108,2391712,6974.929,540.382,132.093,308.218,4.003,29.021,3983,3497,2.730,2.550,1.590,1,0,192.136,0,0,18,305,0,41,0
19-02 01:20:52,19.195,2.493,76.781,0.249,0,5283448,148436,172176,2393068,12594.151,2708.291,7.977,139.603,1.994,4.986,2104,1824,2.730,2.550,1.590,1,0,16.952,0,0,18,306,0,41,0
19-02 01:20:53,22.015,3.752,72.548,0.500,0,5272764,154168,172640,2397444,9029.983,1223.811,0,596.395,0,7.005,2498,2217,2.730,2.550,1.590,1,0,19.013,0,0,18,306,0,40,0
19-02 01:20:54,18.740,1.999,74.211,3.498,0,5267716,153572,173144,2402452,14437.474,3094.387,15.992,1711.108,0.999,48.974,2466,2620,2.730,2.550,1.590,2,2,5.997,0,0,18,305,0,40,0
19-02 01:20:55,18.750,4.500,73.748,1.500,0,5255888,164808,173164,2403020,12366.719,2645.940,23.999,519.988,4.000,17.000,9948,18776,2.590,2.520,1.590,2,0,8.000,0,0,18,306,0,40,0
19-02 01:20:56,22.247,6.499,68.490,1.500,0,5258520,161532,173256,2403572,8826.690,1374.796,191.972,323.952,7.999,8.999,11448,20133,2.590,2.520,1.590,1,0,25.996,0,0,18,306,0,40,0
19-02 01:20:57,18.311,7.776,71.239,1.756,0,5212888,217088,173340,2393592,5587.757,716.405,4.013,1220.096,1.003,28.094,3266,2821,2.590,2.520,1.590,1,0,97.327,0,0,18,305,0,40,0
19-02 01:20:58,19.201,9.725,68.576,0.997,0,5254056,175820,173340,2393692,8394.640,538.629,79.797,470.802,4.987,48.876,4090,4139,2.590,2.520,1.590,6,0,173.558,0,0,18,305,0,40,0
19-02 01:20:59,20.501,2.500,75.753,0.500,0,5270956,158712,173340,2393900,17824.740,9205.382,0,320.013,0,24.001,2608,2538,2.590,2.520,1.590,1,0,1.000,0,0,18,308,0,41,0
19-02 01:21:00,23.264,10.506,65.040,0.500,0,5254704,174936,173340,2393928,9801.979,2143.307,16.010,132.081,1.001,8.005,4608,11872,2.700,2.550,1.600,1,0,152.093,0,0,18,305,0,44,0
19-02 01:21:01,20.478,1.748,76.417,0,0,5278604,150900,173340,2394064,14208.518,9166.012,0,39.956,0,3.996,2245,2053,2.700,2.550,1.600,2,0,0,0,0,18,305,0,44,0
19-02 01:21:02,20.572,6.523,69.996,1.756,0,5298752,130744,173340,2394072,9298.657,541.903,0,2617.192,0,412.449,3199,2494,2.700,2.550,1.600,2,0,70.247,0,0,18,305,0,44,0
19-02 01:21:03,17.495,3.499,77.477,0.750,0,5275788,153660,173340,2394120,19247.376,13562.037,31.991,0,1.999,0,2677,2435,2.700,2.550,1.600,3,0,45.987,0,0,18,305,0,45,0
19-02 01:21:04,21.677,4.734,71.510,1.246,0,5286268,167368,173340,2370604,10581.519,1993.316,31.893,263.118,0.997,17.940,2447,2292,2.700,2.550,1.600,0,0,9.967,0,0,18,306,0,45,0
19-02 01:21:05,17.507,5.002,76.032,0.250,0,5232716,220764,173340,2370760,16994.066,9304.869,144.060,184.077,8.003,12.005,2951,2902,2.570,2.520,1.600,1,0,34.014,0,0,18,305,0,47,0
19-02 01:21:06,19.992,2.749,76.221,0,0,5283764,169708,173340,2370768,9562.393,6292.626,0,7.997,0,1.999,2249,2102,2.570,2.520,1.600,2,0,0,0,0,18,306,0,47,0
19-02 01:21:07,19.499,5.000,73.494,0.500,0,5223404,229920,173340,2370916,12661.035,5723.564,0,351.973,0,34.997,4808,6749,2.570,2.520,1.600,1,0,47.996,0,0,18,305,0,48,0
19-02 01:21:08,23.490,2.999,71.470,0.250,0,5278016,175296,173340,2370928,11956.041,6292.390,0,475.803,0,34.985,3166,3104,2.570,2.520,1.600,1,0,1.000,0,0,18,306,0,48,0
19-02 01:21:09,22.346,5.022,71.306,1.004,0,5283512,169780,173340,2370948,9180.432,5015.543,0,305.311,0,26.112,3112,2890,2.570,2.520,1.600,1,0,32.138,0,0,18,305,0,49,0
19-02 01:21:10,18.423,2.241,76.678,0.249,0,5316784,136544,173340,2370952,15684.155,8304.138,0,163.314,0,10.954,2167,1891,2.360,2.480,1.590,1,0,0,0,0,18,306,0,49,0
19-02 01:21:11,10.251,9.250,76.754,2.500,0,5278480,174484,173532,2371124,9958.497,4763.238,256.013,644.032,34.002,42.002,4144,4365,2.360,2.480,1.590,0,1,180.009,0,0,18,307,0,50,0
19-02 01:21:12,3.000,1.250,91.006,3.500,0,5264192,187904,173880,2371644,15396.089,2764.195,868.061,132.009,217.015,5.000,1607,2127,2.360,2.480,1.590,0,1,0,0,0,18,307,0,50,0
19-02 01:21:13,5.751,7.001,85.261,0.750,0,5255216,196824,173880,2371700,20372.524,4001.496,0,724.090,0,24.003,3133,2990,2.360,2.480,1.590,0,1,126.016,0,0,18,307,0,43,0
19-02 01:21:14,12.249,12.749,69.245,4.500,0,5236524,215084,173888,2372124,5009.627,947.929,335.975,623.954,30.998,44.997,4883,4645,2.360,2.480,1.590,1,2,212.984,0,0,18,307,0,44,0
19-02 01:21:15,12.499,2.750,68.997,14.499,0,5234604,202736,173888,2386384,7544.647,539.975,7047.670,415.981,533.975,28.999,2695,3362,2.250,2.450,1.580,0,2,3.000,0,0,18,307,0,44,0
19-02 01:21:16,18.499,2.750,74.244,3.000,0,5249644,184100,173888,2389912,12614.063,2557.810,63.995,1699.874,3.000,21.998,2281,2142,2.250,2.450,1.580,3,0,15.999,0,0,18,308,0,44,0
19-02 01:21:17,15.774,3.255,76.117,4.257,0,5246908,182340,173896,2394380,13978.476,2961.550,809.243,1245.914,8.012,45.069,2502,2448,2.250,2.450,1.580,1,0,14.022,0,0,18,307,0,38,0
19-02 01:21:18,7.762,11.767,64.596,13.770,0,5226464,200380,173900,2396748,6198.190,540.802,969.437,6133.094,17.025,545.809,5572,5239,2.250,2.450,1.580,2,0,247.367,0,0,18,307,0,38,0
19-02 01:21:19,21.939,5.235,71.550,0.249,0,5278264,148576,173900,2396752,8724.571,779.817,0,175.509,0,16.953,2742,2574,2.250,2.450,1.580,0,0,44.874,0,0,18,307,1,38,0
19-02 01:21:20,16.567,4.769,77.562,0,0,5268256,158560,173900,2396776,28686.546,23021.729,0,4.016,0,1.004,2714,2501,2.230,2.450,1.590,1,0,47.190,0,0,18,307,0,40,0
19-02 01:21:21,20.167,2.490,74.943,0.249,0,5273832,152972,173900,2396788,9467.221,6227.491,0,207.151,0,27.886,2253,2136,2.230,2.450,1.590,1,0,0,0,0,18,308,0,33,0
19-02 01:21:22,18.469,4.492,73.126,3.245,0,5234492,191908,173900,2397192,6542.945,3674.791,399.325,0,23.960,0,2569,2304,2.230,2.450,1.590,2,0,13.976,0,0,18,307,0,35,0
19-02 01:21:23,19.532,2.755,76.377,0,0,5268828,157560,173900,2397204,14508.073,6263.393,0,132.219,0,2.003,2190,1941,2.230,2.450,1.590,1,0,0,0,0,18,308,0,35,0
19-02 01:21:24,19.057,4.513,67.450,9.278,0,5264964,159588,173900,2399040,7453.154,1326.944,1781.295,1179.506,66.197,131.391,5549,8160,2.230,2.450,1.590,2,1,2.006,0,0,18,312,0,35,0
19-02 01:21:25,22.439,3.490,71.055,1.247,0,5253700,170836,173900,2399056,8092.845,1775.140,0,793.827,0,61.831,2677,2868,2.130,2.420,1.580,1,0,4.986,0,0,18,311,0,36,0
19-02 01:21:26,17.511,3.002,77.050,1.751,0,5262236,162244,173900,2399112,16567.666,10145.531,16.010,748.482,1.001,66.043,3323,3966,2.130,2.420,1.580,1,0,0,0,0,18,312,0,34,0
19-02 01:21:27,16.308,12.544,67.991,0.502,0,5198332,226000,173900,2399260,8317.505,1772.287,112.399,947.361,7.025,93.331,6637,7715,2.130,2.420,1.580,1,0,371.317,0,0,18,311,0,35,0
19-02 01:21:28,8.750,23.249,66.997,0.500,0,5198356,225928,173900,2399292,5977.705,539.973,0,751.963,0,55.997,7656,7482,2.130,2.420,1.580,1,1,721.964,0,0,18,311,0,35,0
19-02 01:21:29,9.503,22.257,66.021,1.250,0,5198168,226064,173900,2399344,4084.317,540.174,0,2672.862,0,83.027,7732,7748,2.130,2.420,1.580,2,1,705.227,0,0,18,311,0,35,0
19-02 01:21:30,25.251,27.002,43.253,4.000,0,5287548,136612,173908,2399392,4297.252,540.032,768.045,3912.229,6.000,215.013,8278,8471,2.120,2.410,1.590,3,0,871.051,0,0,18,311,0,31,0
19-02 01:21:31,14.991,23.985,59.213,0.250,0,5295932,128184,173908,2399436,7139.536,485.696,255.840,419.738,1.999,31.980,7524,7168,2.120,2.410,1.590,1,0,740.537,0,0,18,311,0,31,0
19-02 01:21:32,12.458,15.448,68.769,1.495,0,5285848,138200,173920,2399492,5691.905,538.194,27.906,275.077,3.987,17.940,5866,5363,2.120,2.410,1.590,0,2,439.525,0,0,18,311,0,31,0
19-02 01:21:33,17.986,6.995,70.196,3.747,0,5240808,278676,174156,2315132,11245.365,539.586,15.988,2645.968,3.997,9.992,2320,2148,2.120,2.410,1.590,1,0,3.997,0,0,18,311,0,31,0
19-02 01:21:34,18.251,2.000,77.253,1.000,0,5247792,269184,174156,2317632,13517.565,4146.173,52.002,1112.046,8.000,14.001,2141,2036,2.120,2.410,1.590,0,1,16.001,0,0,18,312,0,27,0
19-02 01:21:35,13.749,1.500,77.994,5.500,0,5257664,258356,174156,2318588,20845.489,10054.271,795.942,1079.922,52.996,32.998,1935,1990,2.110,2.410,1.590,0,0,0,0,0,18,312,0,27,0
19-02 01:21:36,13.758,1.251,77.046,7.254,0,5263128,251924,174156,2319552,23066.683,10874.451,500.297,1773.052,48.028,71.042,2067,2339,2.110,2.410,1.590,1,0,0,0,0,18,312,0,27,0
19-02 01:21:37,16.992,1.000,77.462,2.749,0,5283712,230040,174156,2320848,17563.314,9294.403,1147.433,1143.434,58.971,40.980,2144,2119,2.110,2.410,1.590,0,1,0,0,0,18,312,0,27,0
19-02 01:21:38,15.754,2.251,77.022,4.001,0,5298436,214176,174156,2321980,22010.197,9765.750,884.249,1668.470,54.015,78.022,2416,2568,2.110,2.410,1.590,2,0,1.000,0,0,18,312,0,24,0
19-02 01:21:39,12.248,1.500,74.239,10.248,0,5299604,192072,174156,2342912,18834.198,8361.756,10006.511,3175.528,137.979,359.946,2283,2250,2.110,2.410,1.590,0,1,0,0,0,18,312,0,24,0
19-02 01:21:40,17.248,2.500,71.991,7.499,0,5303536,169680,174156,2361356,4712.429,539.935,4963.398,1715.792,55.993,60.993,2246,2247,2.020,2.380,1.580,0,2,1.000,0,0,18,312,0,24,0
19-02 01:21:41,21.747,3.000,71.239,3.749,0,5300808,153416,174636,2379784,8501.703,539.918,0,1495.772,0,38.994,2353,2235,2.020,2.380,1.580,1,0,0,0,0,18,312,0,24,0
19-02 01:21:42,23.999,2.500,71.247,0.500,0,5290032,177384,174784,2367208,4911.797,539.978,0,803.967,0,23.999,2473,2221,2.020,2.380,1.580,1,0,0,0,0,18,312,0,23,0
19-02 01:21:43,19.007,2.251,72.027,5.752,0,5297848,157016,175140,2379100,10430.974,540.206,8.003,2580.983,2.001,110.042,2573,2710,2.020,2.380,1.580,0,2,1.000,0,0,18,312,0,23,0
19-02 01:21:44,19.241,3.248,69.217,7.496,0,5299640,130876,175772,2402544,6564.904,539.745,0,3298.444,0,112.947,2964,3408,2.020,2.380,1.580,1,1,1.000,0,0,18,312,0,23,0
19-02 01:21:45,19.513,2.001,70.298,6.504,0,5297400,149440,176236,2386236,3436.361,540.371,0,2013.384,0,74.051,2361,2361,2.020,2.380,1.590,1,0,0,0,0,18,312,0,23,0
19-02 01:21:46,22.990,3.498,71.718,1.000,0,5228060,234996,176332,2369968,6861.908,659.703,31.986,411.814,1.000,15.993,2495,2189,2.020,2.380,1.590,1,1,18.991,0,0,18,311,0,23,0
19-02 01:21:47,19.252,2.750,74.757,2.250,0,5245944,212072,176396,2374924,11109.978,2820.248,0,1564.138,0,25.002,2501,2532,2.020,2.380,1.590,0,2,17.001,0,0,18,311,0,23,0
19-02 01:21:48,19.754,3.251,73.764,2.000,0,5253876,203320,176408,2375696,11698.235,3539.676,0,1104.211,0,48.009,2619,2721,2.020,2.380,1.590,1,0,19.004,0,0,18,312,0,23,0
19-02 01:21:49,22.497,5.499,65.742,4.249,0,5249496,201656,176796,2381052,8392.965,713.912,0,17245.874,0,320.960,11038,19361,2.020,2.380,1.590,1,2,13.998,0,0,18,311,0,23,0
19-02 01:21:50,20.002,6.000,61.005,11.501,0,5274300,176588,176828,2381304,5059.403,540.043,0,6684.533,0,217.017,10650,19358,1.940,2.350,1.580,1,0,13.001,0,0,18,311,0,22,0
19-02 01:21:51,20.497,4.749,72.241,1.000,0,5244588,217708,176868,2370056,7303.041,539.929,0,443.942,0,11.998,2369,2029,1.940,2.350,1.580,2,0,7.999,0,0,18,311,0,22,0
19-02 01:21:52,23.335,5.520,69.503,0,0,5239208,223056,176868,2370088,6087.199,541.976,0,4.015,0,1.004,11723,20524,1.940,2.350,1.580,2,0,56.205,0,0,18,311,0,22,0
19-02 01:21:53,19.671,3.237,74.949,0.747,0,5280316,181936,176868,2370104,8414.215,2569.682,0,804.769,0,5.976,2257,2047,1.940,2.350,1.580,1,0,33.864,0,0,18,312,0,22,0
19-02 01:21:54,22.258,3.501,68.275,4.752,0,5273632,182912,176868,2375812,7477.730,768.280,0,1496.546,0,131.048,2463,2105,1.940,2.350,1.580,1,0,3.001,0,0,18,311,0,22,0
19-02 01:21:55,18.498,2.250,76.992,1.500,0,5271060,180332,176868,2380836,11816.782,3646.624,0,1007.896,0,17.998,2176,1967,1.940,2.350,1.590,1,0,17.998,0,0,18,311,0,22,0
19-02 01:21:56,24.507,7.252,65.519,0,0,5272012,178784,176884,2381336,9448.784,540.159,0,88.026,0,2.001,19835,37583,1.940,2.350,1.590,1,0,24.007,0,0,18,311,0,22,0
19-02 01:21:57,20.506,6.252,71.270,1.750,0,5228772,233396,176912,2370128,8183.265,540.149,16.004,1396.386,1.000,27.007,2784,2620,1.940,2.350,1.590,1,1,15.004,0,0,18,311,0,22,0
19-02 01:21:58,24.788,2.754,70.106,0.501,0,5227836,234312,176912,2370148,7873.958,610.928,0,548.834,0,42.064,2761,2546,1.940,2.350,1.590,2,0,23.035,0,0,18,311,0,22,0
19-02 01:21:59,21.784,5.759,70.359,1.252,0,5264104,190368,176912,2377840,10897.858,540.837,0,1205.865,0,28.043,3542,3604,1.940,2.350,1.590,1,0,98.152,0,0,18,311,0,22,0
19-02 01:22:00,19.940,2.742,75.024,0.748,0,5270596,180912,176912,2380756,8575.213,2535.376,3.988,614.153,0.997,2.991,2169,1958,2.030,2.360,1.590,1,1,29.910,0,0,18,312,0,22,0
19-02 01:22:01,19.488,2.249,73.704,3.498,0,5245048,206216,176912,2381000,24266.911,12811.034,0,1658.968,0,65.959,3394,12645,2.030,2.360,1.590,0,2,21.986,0,0,18,312,0,23,0
19-02 01:22:02,10.495,1.999,80.712,5.497,0,5246284,204452,176912,2381512,158194.486,13235.849,0,1863.134,0,79.963,2014,2231,2.030,2.360,1.590,0,1,0,0,0,18,313,0,18,0
19-02 01:22:03,16.262,1.251,76.306,5.004,0,5277792,172700,176984,2381684,23240.050,8611.318,0,1028.755,0,35.026,1976,1940,2.030,2.360,1.590,1,0,0,0,0,18,313,0,18,0
19-02 01:22:04,12.791,0.502,82.016,3.511,0,5277760,172460,177072,2381852,20028.881,8526.621,0,1705.525,0,160.520,1813,1877,2.030,2.360,1.590,1,0,0,0,0,18,313,0,18,0
19-02 01:22:05,13.952,1.993,75.986,6.727,0,5287964,161624,177212,2382344,304920.146,14273.435,0,12600.245,0,158.450,2485,2648,1.870,2.320,1.580,1,0,1.993,0,0,18,313,0,18,0
19-02 01:22:06,7.247,1.249,79.962,9.246,0,5288280,160644,177488,2382620,101942.790,14954.928,27.987,2534.801,3.998,117.944,2059,2652,1.870,2.320,1.580,1,1,0,0,0,18,313,0,14,0
19-02 01:22:07,10.755,1.000,81.284,6.003,0.250,5289748,158628,177604,2382988,24746.408,7832.294,256.108,1244.523,15.006,60.025,1937,2441,1.870,2.320,1.580,2,0,0,0,0,18,313,0,14,0
19-02 01:22:08,11.760,2.002,80.321,4.254,0,5299952,131776,177692,2399380,4095443.367,40549.856,0,2698.386,0,64.057,3422,3032,1.870,2.320,1.580,1,0,3.003,0,0,18,313,0,14,0
19-02 01:22:09,8.234,2.745,77.595,9.481,0,5284996,143760,177824,2403080,13288053.320,102394.392,163.673,16714.600,3.992,79.840,6386,4147,1.870,2.320,1.580,0,0,2.994,0,0,18,313,0,14,0
19-02 01:22:10,19.032,3.255,70.617,4.507,0,5284204,134356,178448,2411656,387956.864,3767.262,0,2620.356,0,82.137,4361,6056,1.800,2.300,1.580,2,1,2.003,0,0,18,313,0,14,0
19-02 01:22:11,9.533,4.767,59.958,25.589,0,5284764,126476,180948,2414908,6554.752,541.881,0,27403.120,0,232.808,3000,3307,1.800,2.300,1.580,0,3,0,0,0,18,313,0,12,0
19-02 01:22:12,21.417,2.739,68.735,5.977,0,5292504,125024,181616,2407444,11689.898,537.925,0,5323.461,0,63.754,2758,2711,1.800,2.300,1.580,0,2,0,0,0,18,313,0,12,0
19-02 01:22:13,22.073,2.257,71.485,3.010,0,5296752,132856,182012,2394592,8981.513,541.780,0,2106.923,0,58.191,2494,2326,1.800,2.300,1.580,2,0,1.003,0,0,18,313,0,12,0
19-02 01:22:14,20.927,2.740,70.753,4.734,0,5323396,115448,182708,2384832,9236.812,538.125,0,2072.777,0,95.667,2869,3099,1.800,2.300,1.580,0,2,1.993,0,0,18,313,0,12,0
19-02 01:22:15,19.257,3.001,70.775,6.002,0,5305380,123244,183336,2393656,4123.439,540.189,0,3117.088,0,207.072,2428,2307,1.730,2.280,1.580,1,0,0,0,0,18,313,0,9,0
19-02 01:22:16,20.749,2.250,71.248,4.250,0,5307208,140000,183680,2374672,3816.876,485.984,0,1779.942,0,72.998,2539,2487,1.730,2.280,1.580,1,0,0,0,0,18,313,0,9,0
19-02 01:22:17,19.746,3.249,68.737,6.749,0,5308488,116724,184956,2394048,6934.718,539.900,15.997,20860.144,1.000,207.962,2776,3106,1.730,2.280,1.580,1,2,0,0,0,18,313,0,9,0
19-02 01:22:18,11.000,2.750,61.251,24.250,0,5308536,112024,185112,2398148,6884.058,540.005,0,14556.122,0,175.001,2592,3120,1.730,2.280,1.580,0,1,1.000,0,0,18,313,0,9,0
19-02 01:22:19,4.501,2.750,69.262,21.754,0,5310816,136028,185240,2372148,3607.609,540.091,0,20083.392,0,149.025,1878,2380,1.730,2.280,1.580,0,2,0,0,0,18,313,0,9,0
19-02 01:22:20,8.499,2.250,47.496,40.497,0,5314528,118524,185488,2385772,8269.342,633.950,0,28653.721,0,728.942,2542,2927,1.750,2.270,1.580,1,0,0,0,0,18,313,0,9,0
19-02 01:22:21,18.750,2.500,69.750,7.250,0,5314524,135320,186224,2368476,8180.029,1033.004,0,2128.008,0,75.000,2462,2477,1.750,2.270,1.580,1,0,0,0,0,18,314,0,9,0
19-02 01:22:22,19.759,2.751,75.285,1.000,0,5258820,226156,186224,2333392,12811.922,2639.220,0,164.076,0,8.004,2128,1785,1.750,2.270,1.580,1,0,3.001,0,0,18,311,0,9,0
19-02 01:22:23,17.496,2.999,76.234,2.000,0,5271524,208028,186276,2338632,12348.464,2591.468,0,555.886,0,3.999,2088,1833,1.750,2.270,1.580,0,2,31.993,0,0,18,312,0,5,0
19-02 01:22:24,21.062,3.510,67.699,7.021,0,5301040,177832,186308,2339108,4925.496,1210.563,0,1468.321,0,18.053,2371,2096,1.750,2.270,1.580,1,0,19.056,0,0,18,312,0,5,0
19-02 01:22:25,15.736,1.748,75.682,5.995,0,5283444,189296,186520,2344136,15114.336,3151.151,0,1534.613,0,136.876,2028,1927,1.690,2.250,1.580,1,0,1.998,0,0,18,311,0,5,0
19-02 01:22:26,22.956,5.240,69.865,0.749,0,5277740,194336,186576,2344640,8281.999,538.959,0,87.830,0,1.996,11102,19772,1.690,2.250,1.580,1,0,11.977,0,0,18,311,0,5,0
19-02 01:22:27,21.512,6.254,66.288,3.752,0,5275172,196792,186612,2344740,9644.579,540.313,0,2709.567,0,33.019,11030,19469,1.690,2.250,1.580,1,0,13.008,0,0,18,311,0,3,0
19-02 01:22:28,21.742,5.498,69.974,1.749,0.250,5225980,258156,186624,2333504,5540.912,539.797,0,719.729,0,42.984,2823,2766,1.690,2.250,1.580,2,1,9.996,0,0,18,311,0,3,0
19-02 01:22:29,20.238,3.748,69.209,5.747,0,5243148,237456,186624,2337032,7969.299,539.682,1730.979,1938.856,253.850,46.972,3229,3889,1.690,2.250,1.580,0,2,5.996,0,0,18,311,0,3,0
19-02 01:22:30,34.953,7.740,49.434,6.991,0,5318892,159724,186628,2339016,6813.901,539.280,1717.706,1969.370,98.868,102.863,5541,7182,1.720,2.240,1.580,5,1,7.989,0,0,18,314,0,8,0
19-02 01:22:31,19.515,6.505,55.292,17.263,0,5309388,168964,186632,2339280,3220.459,486.371,580.443,12197.312,9.007,189.144,4852,6767,1.720,2.240,1.580,1,2,5.004,0,0,18,314,0,10,0
19-02 01:22:32,13.564,12.559,65.808,6.279,0,5269352,208380,186632,2339896,5135.052,542.541,514.409,1358.362,25.118,149.701,6305,7562,1.720,2.240,1.580,1,2,278.304,0,0,18,313,0,11,0
19-02 01:22:33,13.254,11.254,68.273,6.002,0,5254212,221916,186708,2341424,9798.249,540.179,1544.512,1420.471,63.021,71.024,4426,3857,1.720,2.240,1.580,1,2,172.057,0,0,18,313,0,13,0
19-02 01:22:34,5.723,2.986,71.914,17.668,0,5203440,234376,186708,2379712,8969.138,537.491,38114.107,207.034,2893.495,10.949,4801,7712,1.720,2.240,1.580,0,2,0,0,0,18,313,0,13,0
19-02 01:22:35,6.751,2.500,76.260,12.752,0,5197660,237032,186708,2382832,8612.182,1555.214,3116.428,4800.659,507.070,185.025,2674,3945,1.580,2.210,1.570,0,0,6.001,0,0,18,314,0,13,0
19-02 01:22:36,1.500,0.750,94.480,2.000,0,5197660,237032,186708,2382832,28619.900,2394.490,0,1919.591,0,310.934,1410,1739,1.580,2.210,1.570,0,0,0,0,0,18,314,0,13,0
19-02 01:22:37,2.750,1.500,94.016,0.750,0,5198660,235520,186828,2383220,137377.052,3550.596,276.046,4.001,6.001,1.000,1405,1781,1.580,2.210,1.570,0,0,2.000,0,0,18,314,0,13,0
19-02 01:22:38,4.750,1.750,89.492,2.500,0,5183384,250240,186944,2383616,44878.780,125866.165,179.983,1095.897,9.999,23.998,1941,2358,1.580,2.210,1.570,0,1,10.999,0,0,18,313,0,13,0
19-02 01:22:39,3.766,1.255,93.137,0.753,0,5167844,265780,186948,2383612,137820.294,3002.468,0,172.717,0,21.088,1503,1931,1.580,2.210,1.570,1,0,3.013,0,0,18,315,0,13,0
19-02 01:22:40,11.706,3.487,83.438,0,0,5159488,274108,186972,2383616,283559.003,11403.332,15.940,0,0.996,0,2778,2449,1.610,2.200,1.570,2,0,23.911,0,0,18,315,0,13,0
19-02 01:22:41,12.027,3.759,82.438,0.501,0,5166836,266344,186976,2384024,299237.216,11792.926,124.284,312.714,6.014,22.050,3060,2759,1.610,2.200,1.570,1,0,27.062,0,0,18,315,0,13,0
19-02 01:22:42,9.473,6.731,58.830,23.432,0,5153660,274488,187012,2388888,6692.634,538.442,247.284,7641.888,42.876,99.711,3091,3172,1.610,2.200,1.570,0,2,25.925,0,0,18,315,0,13,0
