"pcp-dstat 6.2.0 CSV Output"
"Author:","PCP team <pcp@groups.io> and Dag Wieers <dag@wieers.com>",,,,"URL:","https://pcp.io/ and http://dag.wieers.com/home-made/dstat/"
"Host:","ubuntu",,,,"User:","ubuntu"
"Cmdline:","dstat -tcmndrylpg --tcp --output /tmp/devstack_logs/dstat-csv.log",,,,"Date:","20 Feb 2026 16:10:53 UTC"
"system","total usage",,,,,"memory usage",,,,"net/total",,"dsk/total",,"io/total",,"system",,"load avg",,,"procs",,,"paging",,"tcp sockets",,,,
"time","total usage:usr","total usage:sys","total usage:idl","total usage:wai","total usage:stl","used","free","buf","cach","net/total:recv","net/total:send","dsk/total:read","dsk/total:writ","read","writ","int","csw","1m","5m","15m","run","blk","new","in","out","lis","act","syn","tim","clo"
20-02 16:10:53,,1061896,1439604,162880,5154132,,,,,,,1.350,1.050,0.640,2,0,,,,10,5,0,18,1
20-02 16:10:54,20.747,19.997,51.492,6.499,0,1063196,1437716,162956,5154496,17295.153,10775.226,0,2411.603,0,90.985,6597,5900,1.320,1.050,0.640,1,0,561.907,0,0,10,4,0,17,2
20-02 16:10:55,26.728,19.234,47.211,5.995,0,1059696,1419904,163100,5174460,174553.755,6935.229,0,2226.148,0,75.937,6940,7045,1.320,1.050,0.640,2,0,411.657,0,0,10,4,0,17,2
20-02 16:10:56,31.934,12.474,49.648,4.740,0,1155044,1308052,163952,5311876,6262.110,538.891,0,5688.291,0,74.846,5514,7712,1.320,1.050,0.640,0,1,143.704,0,0,11,4,0,17,2
20-02 16:10:57,26.062,5.764,65.405,2.255,0,1161844,1283208,164364,5327624,3739.890,541.287,0,974.316,0,33.079,2839,2393,1.320,1.050,0.640,2,0,81.193,0,0,11,6,0,17,2
20-02 16:10:58,31.668,10.972,46.630,9.476,0,1188896,1235904,164864,5345692,7501.629,538.609,0,1958.942,0,89.768,4312,3118,1.320,1.050,0.640,0,2,174.549,0,0,11,8,0,18,2
20-02 16:10:59,34.250,6.000,48.750,10.500,0,1232100,1179120,165656,5356472,6993.042,540.003,372.002,3604.021,15.000,101.001,3107,2304,1.370,1.060,0.650,1,1,30.000,0,0,11,6,0,19,2
20-02 16:11:00,40.080,4.759,48.346,6.513,0,1271772,1110012,166704,5382016,7773.423,486.966,204.406,3779.499,7.014,166.330,3042,1938,1.370,1.060,0.650,4,1,1.002,0,0,11,8,0,19,2
20-02 16:11:01,17.245,2.749,46.986,30.741,0,1276768,1096868,167340,5388440,7878.722,539.844,0,8405.569,0,518.850,5002,7604,1.370,1.060,0.650,1,3,8.997,0,0,11,8,0,19,2
20-02 16:11:02,16.244,3.749,41.484,36.236,0,1288636,1099160,167684,5374040,10058.170,3327.733,0,11579.591,0,663.747,4954,8140,1.370,1.060,0.650,1,1,1.000,0,0,11,6,0,19,0
20-02 16:11:03,20.218,5.491,47.925,24.711,0,1318284,1068140,167884,5375200,13475.909,2575.968,0,7759.855,0,514.195,4854,7337,1.370,1.060,0.650,2,1,33.947,0,0,11,7,0,19,0
20-02 16:11:04,23.005,4.001,42.010,29.007,0,1317640,1061232,168156,5381712,8599.026,780.184,0,8930.104,0,553.130,5017,7870,1.660,1.130,0.670,5,0,20.005,0,0,11,6,0,19,0
20-02 16:11:05,21.757,4.752,46.015,26.008,0,1307708,1066964,168400,5385284,15496.040,3408.108,0,13468.380,0,894.291,6216,10195,1.660,1.130,0.670,0,3,30.010,0,0,11,7,0,19,0
20-02 16:11:06,17.999,5.500,37.749,34.999,0,1305716,1064008,168912,5388832,8083.773,713.980,0,14487.593,0,952.973,14322,27044,1.660,1.130,0.670,0,3,16.000,0,0,11,6,0,19,0
20-02 16:11:07,18.747,5.499,40.494,32.495,0,1304248,1063548,169068,5390444,8056.764,581.911,0,9838.491,0,628.904,5410,8324,1.660,1.130,0.670,0,3,13.998,0,0,11,6,0,19,0
20-02 16:11:08,23.004,7.751,39.758,27.505,0,1299044,1067408,169232,5391552,6400.218,486.093,0,11250.141,0,802.153,14291,26034,1.660,1.130,0.670,1,1,19.004,0,0,11,6,0,19,0
20-02 16:11:09,19.246,5.749,37.742,34.742,0,1240300,1138136,169368,5380760,3935.118,539.879,0,10097.738,0,819.816,5731,8725,1.850,1.180,0.690,2,2,24.994,0,0,11,6,0,19,0
20-02 16:11:10,22.503,6.251,38.755,31.254,0,1230256,1147856,169596,5380928,4491.561,540.067,0,14273.782,0,1000.125,6455,10447,1.850,1.180,0.690,2,0,78.010,0,0,11,6,0,19,0
20-02 16:11:11,19.005,6.502,67.517,6.502,0,1153764,1224336,169600,5380936,7376.843,540.135,0,1064.266,0,65.016,2785,2220,1.850,1.180,0.690,1,0,75.019,0,0,11,4,0,19,0
20-02 16:11:12,23.496,3.000,62.991,9.499,0,1194104,1183996,169600,5380936,5642.150,539.919,0,15305.693,0,168.975,2213,1742,1.850,1.180,0.690,5,1,0,0,0,11,4,0,19,0
20-02 16:11:13,22.753,4.501,67.009,5.251,0,1182980,1195092,169620,5380944,6664.897,540.073,0,11689.574,0,144.019,2366,1812,1.850,1.180,0.690,1,1,10.001,0,0,11,4,0,19,0
20-02 16:11:14,23.497,2.750,63.742,9.249,0,1193668,1184324,169688,5380956,8962.902,539.934,0,5243.357,0,322.960,2349,2439,1.780,1.170,0.690,1,1,0,0,0,11,4,0,19,0
20-02 16:11:15,9.763,18.023,66.837,4.005,0,1148964,1229004,169692,5380996,14144.332,540.701,0,276.358,0,24.031,5368,4072,1.780,1.170,0.690,3,0,334.433,0,0,11,4,0,15,0
20-02 16:11:16,8.240,20.475,66.419,3.995,0,1081976,1295812,169696,5381156,6208.445,485.409,0,954.838,0,117.857,5812,4459,1.780,1.170,0.690,1,0,388.527,0,0,11,4,0,15,0
20-02 16:11:17,29.523,14.011,55.044,0.500,0,1128480,1241884,169696,5388980,4148.282,634.502,7453.898,32.025,75.059,3.002,6324,7818,1.780,1.170,0.690,2,0,253.200,0,0,11,5,0,15,0
20-02 16:11:18,45.461,5.495,47.959,0,0,1220840,1149400,169704,5389100,5390.387,539.538,19.983,12916.946,3.997,115.901,3068,1791,1.780,1.170,0.690,2,0,0,0,0,11,5,0,15,0
20-02 16:11:19,39.997,8.249,42.996,8.499,0,1244924,1124388,169704,5390128,9273.216,539.954,491.958,15946.651,5.999,356.970,3450,2200,2.040,1.240,0.720,2,0,0,0,0,11,5,0,13,0
20-02 16:11:20,25.494,8.498,64.235,1.000,0,1262224,1104708,169724,5392448,8828.939,539.874,0,2203.486,0,123.971,3532,4559,2.040,1.240,0.720,0,0,117.972,0,0,11,4,0,13,0
20-02 16:11:21,9.752,2.751,86.769,0.250,0,1303312,1063620,169724,5392444,9795.177,540.120,0,36.008,0,4.001,1510,1388,2.040,1.240,0.720,1,0,22.005,0,0,11,4,0,13,0
20-02 16:11:22,23.000,2.750,68.751,4.750,0,1360740,1006192,169724,5392448,6979.098,540.008,0,2548.036,0,73.001,1848,1238,2.040,1.240,0.720,1,0,0,0,0,11,4,0,13,0
20-02 16:11:23,21.002,2.500,70.257,5.001,0,1381820,984856,169748,5392680,7238.726,540.054,0,2432.244,0,179.018,3141,3953,2.040,1.240,0.720,1,0,1.000,0,0,11,10,0,12,0
20-02 16:11:24,20.054,6.016,72.193,2.005,0,1313340,1053248,169788,5392728,7715.584,487.300,144.385,4435.834,13.035,77.206,2830,2809,1.960,1.230,0.720,1,0,42.112,0,0,11,4,0,14,0
20-02 16:11:25,19.436,1.744,75.998,1.993,0,1337908,1027744,170052,5393340,7453.286,2915.333,590.044,1028.589,16.944,16.944,1695,1309,1.960,1.230,0.720,1,0,0.997,0,0,11,11,0,14,0
20-02 16:11:26,19.994,2.499,71.977,4.249,0,1345968,1019176,170136,5393712,13222.746,6579.883,267.914,2923.060,65.979,113.963,3241,3760,1.960,1.230,0.720,1,0,2.999,0,0,11,28,0,15,0
20-02 16:11:27,23.832,7.526,67.734,0,0,1430080,935056,170136,5396424,8359.917,541.874,0,2223.692,0,55.191,2915,7067,1.960,1.230,0.720,5,0,77.267,0,0,11,28,0,14,0
20-02 16:11:28,16.754,7.752,73.766,1.000,0,1390608,974496,170136,5393744,10029.137,7460.589,0,164.035,0,17.004,3545,8288,1.960,1.230,0.720,2,0,136.029,0,0,11,28,0,16,0
20-02 16:11:29,39.909,7.982,51.383,0,0,1422252,942844,170136,5393748,10351.463,4461.855,0,9171.147,0,131.701,2991,2105,2.040,1.260,0.730,0,0,21.950,0,0,11,30,0,16,0
20-02 16:11:30,30.034,4.755,54.562,9.761,0,1440388,924488,170148,5393956,20766.471,14732.651,0,19161.657,0,202.229,6543,8983,2.040,1.260,0.730,1,4,0,0,0,11,29,0,17,0
20-02 16:11:31,60.052,24.021,14.012,1.501,0,1516764,848076,170160,5393980,7912.904,1071.935,0,21867.079,0,284.248,6197,5236,2.040,1.260,0.730,5,3,516.451,0,0,11,28,0,16,0
20-02 16:11:32,84.024,13.254,2.001,0.250,0,1719740,645068,170160,5394004,20813.974,14373.125,0,16312.682,0,227.065,6219,4893,2.040,1.260,0.730,4,0,64.018,0,0,11,32,0,16,0
20-02 16:11:33,67.163,11.235,16.229,4.494,0,1665712,698836,170160,5394256,33097.272,28434.292,0,24760.035,0,171.778,8932,13014,2.040,1.260,0.730,3,1,147.809,0,0,11,30,0,20,0
20-02 16:11:34,23.957,9.982,61.139,3.494,0,1510176,854336,170176,5394272,13172.166,4526.809,0,5374.276,0,64.883,4982,4891,1.960,1.260,0.730,1,0,161.707,0,0,11,28,0,22,0
20-02 16:11:35,19.500,3.000,76.751,0.250,0,1494596,869908,170180,5394276,11405.195,4450.076,0,148.003,0,10.000,2066,1795,1.960,1.260,0.730,2,0,0,0,0,11,29,0,22,0
20-02 16:11:36,17.249,6.250,75.496,0.500,0,1461460,903016,170188,5394296,8826.479,3569.789,0,415.975,0,28.998,3422,3513,1.960,1.260,0.730,1,0,68.996,0,0,11,28,0,23,0
20-02 16:11:37,19.501,2.500,76.753,0,0,1477284,887188,170188,5394300,11680.431,4492.166,0,1140.042,0,106.004,2063,1618,1.960,1.260,0.730,1,0,0,0,0,11,29,0,23,0
20-02 16:11:38,13.785,9.273,69.927,6.266,0,1437340,927068,170244,5394308,11603.376,3604.125,0,3573.046,0,171.434,4600,4943,1.960,1.260,0.730,1,2,198.503,0,0,11,28,0,24,0
20-02 16:11:39,30.480,29.731,37.725,1.249,0,1426508,937872,170256,5394324,8495.473,539.649,0,1666.916,0,88.942,6749,6418,2.280,1.340,0.760,5,0,839.454,0,0,11,28,0,23,0
20-02 16:11:40,82.667,10.989,6.494,0,0,1658804,705520,170256,5394380,18171.817,10646.347,0,67.932,0,5.994,4964,2965,2.280,1.340,0.760,8,0,0,0,0,11,31,0,23,0
20-02 16:11:41,70.070,7.257,20.020,1.251,0,1685040,679040,170268,5394608,41605.488,37498.393,0,564.563,0,58.058,10140,16182,2.280,1.340,0.760,4,0,30.030,0,0,11,30,0,23,0
20-02 16:11:42,78.524,21.006,0.500,0,0.250,1607136,756840,170272,5394708,10960.296,3442.035,0,344.103,0,26.008,5873,5208,2.280,1.340,0.760,5,0,280.084,0,0,11,29,0,24,0
20-02 16:11:43,88.818,9.007,2.252,0,0,1757088,606504,170276,5395016,32514.882,25516.527,0,172.132,0,11.008,7042,7386,2.280,1.340,0.760,3,0,7.005,0,0,11,34,0,24,0
20-02 16:11:44,67.475,10.996,20.492,0.250,0,1599276,764072,170280,5395264,46524.796,37645.079,0,471.826,0,42.984,9620,15828,2.500,1.400,0.790,2,0,203.925,0,0,11,28,0,25,0
20-02 16:11:45,40.402,9.726,48.383,0.249,0,1511144,852220,170284,5395268,7007.042,538.696,0,187.546,0,6.983,3325,2184,2.500,1.400,0.790,2,0,93.773,0,0,11,28,0,25,0
20-02 16:11:46,31.079,4.261,63.912,0,0,1507636,855692,170284,5395304,27816.433,17691.797,0,256.650,0,21.053,5031,6375,2.500,1.400,0.790,3,0,25.063,0,0,11,29,0,26,0
20-02 16:11:47,57.502,18.751,23.251,0.250,0,1545952,817340,170288,5395336,8595.329,1726.066,0,240.009,0,17.001,4917,3612,2.500,1.400,0.790,4,0,354.014,0,0,11,28,0,27,0
20-02 16:11:48,45.727,4.248,47.477,1.499,0,1579612,783492,170288,5395524,30901.770,25053.652,0,231.886,0,14.993,6887,8790,2.500,1.400,0.790,5,0,0,0,0,11,30,0,27,0
20-02 16:11:49,69.561,18.266,10.759,1.251,0,1532400,830652,170304,5395560,8427.337,4041.518,0,476.415,0,42.037,5942,5369,2.620,1.440,0.800,4,0,258.225,0,0,11,28,0,28,0
20-02 16:11:50,66.200,6.995,26.730,0,0,1598840,764156,170304,5395616,32273.448,25879.312,0,143.891,0,7.994,6005,6759,2.620,1.440,0.800,4,0,0,0,0,11,32,0,28,0
20-02 16:11:51,53.398,18.964,25.951,0.250,0,1532364,830440,170316,5395792,23970.301,15495.458,0,534.980,0,48.907,7610,10359,2.620,1.440,0.800,3,0,323.383,0,0,11,28,0,31,0
20-02 16:11:52,56.497,6.500,35.248,1.000,0,1593320,769444,170316,5395832,20502.902,12335.339,0,2519.865,0,82.996,3940,2748,2.620,1.440,0.800,3,0,0,0,0,11,31,0,28,0
20-02 16:11:53,49.494,15.498,33.496,1.500,0,1465308,897256,170344,5396004,24759.022,17712.869,0,1319.841,0,43.995,7377,10632,2.620,1.440,0.800,3,0,298.964,0,0,11,28,0,30,0
20-02 16:11:54,55.802,7.257,27.275,8.508,0,1560424,802132,170348,5396044,14750.766,7261.777,0,5164.820,0,383.358,3771,1541,3.050,1.550,0.840,2,0,0,0,0,11,31,0,30,0
20-02 16:11:55,53.350,11.271,34.565,0.751,0,1520960,841460,170356,5396220,29551.280,21494.208,0,1250.339,0,75.141,8369,11361,3.050,1.550,0.840,4,0,237.444,0,0,11,28,0,33,0
20-02 16:11:56,59.569,10.717,28.663,0.249,0,1553460,808912,170368,5396256,8416.376,6364.623,0,155.527,0,13.958,3913,2068,3.050,1.550,0.840,0,0,50.845,0,0,11,31,0,33,0
20-02 16:11:57,47.896,7.272,43.884,1.003,0,1540156,821948,170380,5396512,28553.913,20236.597,0,345.050,0,36.110,7875,10192,3.050,1.550,0.840,3,0,84.256,0,0,11,28,0,35,0
20-02 16:11:58,60.108,10.725,28.184,0,0,1586348,775716,170380,5396552,8280.463,4527.318,0,167.605,0,10.974,3757,1838,3.050,1.550,0.840,1,0,27.934,0,0,11,30,0,35,0
20-02 16:11:59,48.351,10.772,40.585,0.251,0,1506472,855380,170392,5396736,27074.385,22247.332,0,533.110,0,43.090,7897,10731,3.050,1.580,0.850,4,0,203.424,0,0,11,28,0,37,0
20-02 16:12:00,71.772,27.508,0.750,0,0,1571840,789948,170392,5396796,7036.123,540.163,0,556.168,0,27.008,5635,5123,3.050,1.580,0.850,8,0,543.164,0,0,11,28,0,35,0
20-02 16:12:01,81.456,17.491,0.750,0,0,1749180,612568,170396,5396828,27451.183,23453.341,0,175.905,0,7.996,6505,6324,3.050,1.580,0.850,5,0,469.746,0,0,11,33,0,35,0
20-02 16:12:02,77.535,19.259,2.751,0.500,0,1716016,645472,170416,5397080,50570.739,39212.632,0,728.327,0,58.026,9442,12522,3.050,1.580,0.850,6,0,414.186,0,0,11,29,0,36,0
20-02 16:12:03,82.506,17.001,0.500,0,0.250,1652772,708496,170420,5397296,15542.054,7049.478,0,304.021,0,21.001,5607,4359,3.050,1.580,0.850,4,0,224.015,0,0,11,30,0,36,0
20-02 16:12:04,71.250,10.500,17.250,0,0,1698908,662280,170420,5397372,41981.919,34926.932,0,168.000,0,12.000,8397,11430,3.360,1.670,0.890,4,0,133.000,0,0,11,32,0,37,0
20-02 16:12:05,36.477,20.487,41.724,0,0,1473080,887896,170420,5397584,27305.776,18034.624,0,355.776,0,16.989,9205,11914,3.360,1.670,0.890,2,0,608.616,0,0,11,28,0,41,0
20-02 16:12:06,57.661,30.453,11.233,0,0,1557828,803112,170420,5397620,7091.998,539.164,0,187.709,0,18.971,6256,5850,3.360,1.670,0.890,4,0,859.666,0,0,11,28,0,41,0
20-02 16:12:07,65.247,7.250,27.499,0,0,1615232,745644,170420,5397676,28428.759,24196.944,0,303.987,0,24.999,5588,6758,3.360,1.670,0.890,3,0,0,0,0,11,31,0,42,0
20-02 16:12:08,66.895,18.290,12.778,1.503,0,1519404,841416,170424,5397728,16914.724,9915.528,0,573.245,0,54.117,6960,8153,3.360,1.670,0.890,5,0,268.583,0,0,11,28,0,45,0
20-02 16:12:09,72.002,7.973,20.180,0,0,1597492,763140,170424,5397908,26768.803,22222.461,0,191.341,0,7.973,5733,6272,3.330,1.690,0.900,4,0,0,0,0,11,32,0,45,0
20-02 16:12:10,56.880,7.768,32.073,0.752,0,1604580,755752,170436,5398192,52001.445,42861.627,0,372.849,0,33.075,14443,22818,3.330,1.690,0.900,3,5,30.068,0,0,11,30,0,45,0
20-02 16:12:11,75.811,13.261,10.759,1.001,0,1527080,833068,170436,5398368,19647.928,12343.006,0,420.341,0,40.032,7215,7739,3.330,1.690,0.900,4,0,90.073,0,0,11,29,0,45,0
20-02 16:12:12,67.984,7.998,23.244,0,0,1608080,751988,170436,5398444,32604.135,29301.932,0,139.966,0,8.998,7195,10013,3.330,1.690,0.900,3,0,0,0,0,11,32,0,45,0
20-02 16:12:13,57.258,10.001,31.254,0,0,1598852,760816,170440,5398828,49998.905,40480.591,0,148.020,0,9.001,13640,21469,3.330,1.690,0.900,3,0,129.018,0,0,11,30,0,47,0
20-02 16:12:14,77.536,15.007,7.253,0,0,1570456,789160,170440,5398880,17641.282,10120.751,0,120.056,0,8.004,5496,4618,3.310,1.710,0.910,4,0,131.062,0,0,11,30,0,49,0
20-02 16:12:15,63.657,6.490,29.706,0,0,1620884,738500,170440,5399108,41730.851,35029.671,0,131.807,0,6.990,8441,13051,3.310,1.710,0.910,3,0,0,0,0,11,32,0,49,0
20-02 16:12:16,72.855,14.771,12.017,0.250,0,1544088,815220,170456,5399164,23803.334,13975.158,0,316.456,0,34.049,7690,9727,3.310,1.710,0.910,4,0,129.186,0,0,11,28,0,51,0
20-02 16:12:17,68.973,6.747,23.241,0.250,0,1616028,743244,170456,5399168,31495.654,20706.883,0,231.909,0,22.991,5982,5401,3.310,1.710,0.910,3,0,1.999,0,0,11,31,0,51,1
20-02 16:12:18,71.526,12.004,15.756,0,0,1664940,694136,170464,5399360,31617.486,24081.748,0,276.100,0,23.008,7991,13177,3.310,1.710,0.910,3,0,120.044,0,0,11,30,0,53,0
20-02 16:12:19,68.675,12.736,17.980,0,0,1671140,687724,170464,5399572,31287.723,21461.488,0,151.834,0,9.989,6339,7861,3.200,1.720,0.920,2,0,140.846,0,0,11,30,0,55,0
20-02 16:12:20,73.330,12.013,15.016,0,0,1589100,769720,170468,5399616,25715.015,18916.609,0,160.175,0,9.010,6357,7600,3.200,1.720,0.920,4,0,86.094,0,0,11,29,0,58,0
20-02 16:12:21,74.733,12.247,12.747,0,0,1641964,716816,170468,5399656,21366.266,13752.953,0,127.972,0,7.998,5207,4792,3.200,1.720,0.920,5,0,67.985,0,0,11,30,0,59,0
20-02 16:12:22,56.473,11.744,30.485,0.500,0,1553812,804748,170484,5399856,29686.641,24000.391,0,459.778,0,49.976,6201,10143,3.200,1.720,0.920,3,0,187.909,0,0,11,29,0,62,0
20-02 16:12:23,57.471,10.495,31.484,0.250,0,1561536,797000,170492,5399868,15548.037,6932.450,0,4537.676,0,182.906,4396,3381,3.200,1.720,0.920,2,0,69.964,0,0,11,30,0,63,0
20-02 16:12:24,47.776,7.504,43.523,0,0,1559012,799420,170496,5399960,30243.271,21851.756,0,1756.945,0,18.010,6523,8856,3.030,1.700,0.920,4,0,96.052,0,0,11,29,0,63,0
20-02 16:12:25,58.633,11.228,29.441,0,0,1557216,801188,170496,5399988,14420.163,7212.576,0,455.090,0,47.904,4825,4246,3.030,1.700,0.920,2,0,85.828,0,0,11,29,0,64,0
20-02 16:12:26,50.119,7.267,41.097,1.754,0,1572128,786068,170500,5400200,28385.253,22867.179,0,360.855,0,32.076,7430,9295,3.030,1.700,0.920,2,0,29.069,0,0,11,34,0,65,0
20-02 16:12:27,33.467,11.239,53.447,0.500,0,1508016,849860,170512,5400508,14166.058,8261.869,0,423.583,0,36.964,6048,7175,3.030,1.700,0.920,2,0,194.808,0,0,11,32,0,67,0
20-02 16:12:28,41.735,5.998,51.732,0.500,0,1507692,850164,170516,5400520,11881.829,9342.720,0,175.938,0,11.996,3678,14721,3.030,1.700,0.920,1,0,35.987,0,0,11,34,0,68,0
20-02 16:12:29,36.045,10.013,51.815,0.501,0,1439096,918692,170516,5400584,16917.323,9198.594,0,280.353,0,20.025,5819,6396,3.020,1.730,0.930,3,0,138.174,0,0,11,32,0,67,0
20-02 16:12:30,37.898,5.236,56.099,0.499,0,1527748,830016,170524,5400600,12036.626,8055.334,0,183.506,0,7.979,3118,2381,3.020,1.730,0.930,1,0,0,0,0,11,34,0,67,0
20-02 16:12:31,35.857,7.021,55.917,0.502,0,1512320,845424,170524,5400620,17348.944,9959.820,0,473.417,0,36.108,4885,5542,3.020,1.730,0.930,2,0,60.180,0,0,11,32,0,69,0
20-02 16:12:32,37.185,5.989,53.157,2.496,0,1550708,806832,170576,5400768,14816.982,7218.325,0,2060.382,0,122.784,3658,3617,3.020,1.730,0.930,2,0,4.991,0,0,11,33,0,69,0
20-02 16:12:33,32.212,6.243,60.179,0,0,1469752,887744,170580,5400808,22269.823,14871.519,0,143.831,0,12.985,5427,6537,3.020,1.730,0.930,2,0,42.950,0,0,11,33,0,69,0
20-02 16:12:34,40.988,5.748,52.984,0.250,0,1496476,860980,170596,5400828,10032.978,6325.095,0,279.916,0,25.992,3145,2620,2.940,1.730,0.930,2,0,4.998,0,0,11,33,0,70,0
20-02 16:12:35,30.589,7.271,60.926,0.251,0,1471056,886356,170600,5400868,20203.499,16730.443,0,228.662,0,23.067,5958,7525,2.940,1.730,0.930,2,0,98.285,0,0,11,33,0,71,0
20-02 16:12:36,21.448,9.228,67.338,1.247,0,1402516,954684,170612,5401064,9571.934,1813.630,0,426.971,0,25.937,3488,3290,2.940,1.730,0.930,1,0,184.555,0,0,11,32,0,72,0
20-02 16:12:37,16.753,2.500,79.015,0.500,0,1420032,937156,170612,5401076,16452.171,8814.699,0,140.027,0,9.002,2394,2768,2.940,1.730,0.930,1,0,0,0,0,11,33,0,65,0
20-02 16:12:38,12.993,11.743,73.708,0.500,0,1404696,952464,170616,5401100,7403.746,2908.329,0,303.825,0,26.984,4657,4375,2.940,1.730,0.930,1,0,283.837,0,0,11,32,0,66,0
20-02 16:12:39,18.495,3.499,76.481,0.750,0,1461940,895212,170624,5401100,9323.703,2505.383,0,143.965,0,6.998,1646,1134,2.700,1.700,0.930,0,0,0,0,0,11,33,0,66,0
20-02 16:12:40,18.758,3.501,76.783,0,0,1433880,923244,170624,5401128,15097.436,9289.960,0,268.114,0,18.008,3678,4354,2.700,1.700,0.930,1,0,24.010,0,0,11,32,0,67,0
20-02 16:12:41,20.738,3.998,73.458,0.750,0,1498976,858144,170628,5401128,8021.376,1226.293,0,211.878,0,14.991,2063,1678,2.700,1.700,0.930,0,0,21.987,0,0,11,33,0,66,0
20-02 16:12:42,16.259,2.251,80.297,0,0,1482104,874992,170628,5401152,17851.393,10693.225,0,0,0,0,3647,4653,2.700,1.700,0.930,0,0,0,0,0,11,33,0,66,0
20-02 16:12:43,13.538,15.794,68.941,1.504,0,1439140,917816,170640,5401276,7106.721,3746.396,0,2855.925,0,183.509,5942,5601,2.700,1.700,0.930,1,0,387.074,0,0,11,32,0,66,0
20-02 16:12:44,35.507,13.003,50.011,0.750,0,1496324,860468,170660,5401412,7365.550,540.114,36.008,712.150,1.000,39.008,4442,3912,2.650,1.710,0.930,2,0,246.052,0,0,11,32,0,68,0
20-02 16:12:45,33.397,4.486,46.856,13.459,0,1527000,825980,170848,5404432,6115.219,538.347,434.665,4246.957,16.948,233.284,4303,4992,2.650,1.710,0.930,1,2,16.948,0,0,11,36,0,62,0
20-02 16:12:46,27.009,5.252,43.764,22.507,0,1513560,838360,171008,5405308,6934.260,486.158,0,7062.302,0,598.195,5649,8918,2.650,1.710,0.930,3,0,26.008,0,0,11,36,0,62,0
20-02 16:12:47,26.484,4.497,45.722,21.487,0,1553584,797096,171212,5406312,7130.680,539.673,0,8183.043,0,681.587,5159,8463,2.650,1.710,0.930,2,1,22.986,0,0,11,36,0,62,0
20-02 16:12:48,25.243,5.748,41.488,26.492,0,1562144,787520,171388,5407128,6580.106,539.845,0,11080.811,0,762.780,5333,8856,2.650,1.710,0.930,2,4,12.996,0,0,11,36,0,62,0
20-02 16:12:49,26.252,4.750,41.253,26.252,0,1566812,781976,171544,5407816,13143.870,540.036,0,12728.843,0,851.056,6420,10806,2.680,1.730,0.950,8,0,24.002,0,0,11,36,0,59,0
20-02 16:12:50,25.037,6.009,45.066,22.283,0,1561364,786512,171724,5408524,6975.257,540.795,0,6601.707,0,609.897,5400,8632,2.680,1.730,0.950,4,1,26.038,0,0,11,36,0,59,0
20-02 16:12:51,27.490,4.998,43.234,22.491,0,1538688,808240,171884,5409284,3288.747,539.794,0,10344.059,0,870.668,6310,10945,2.680,1.730,0.950,1,2,18.993,0,0,11,36,0,59,0
20-02 16:12:52,25.239,5.248,42.482,24.989,0,1571588,774724,172060,5409728,7327.876,539.770,0,13346.310,0,931.603,5616,9791,2.680,1.730,0.950,2,1,10.995,0,0,11,36,0,59,0
20-02 16:12:53,26.983,5.746,37.726,27.982,0,1580712,765148,172248,5409976,5419.486,539.650,0,13483.257,0,900.416,5784,9298,2.680,1.730,0.950,2,1,9.994,0,0,11,36,0,54,0
20-02 16:12:54,27.207,5.242,43.182,21.966,0,1622060,723120,172352,5410532,6851.262,485.239,0,5794.918,0,551.136,5448,8312,2.860,1.780,0.970,5,0,10.983,0,0,11,36,0,54,0
20-02 16:12:55,27.551,5.009,40.325,25.547,0,1527404,818092,172424,5410080,4912.117,541.004,0,11405.169,0,880.635,5961,10021,2.860,1.780,0.970,4,0,7.013,0,0,11,36,0,54,0
20-02 16:12:56,37.504,6.501,37.254,18.002,0,1519216,826380,172460,5409968,6942.827,540.064,0,8449.006,0,666.079,4817,5922,2.860,1.780,0.970,3,0,8.001,0,0,11,32,0,54,0
20-02 16:12:57,40.496,5.000,47.496,6.499,0,1548632,796824,172492,5410084,6703.406,539.952,0,3567.684,0,308.973,4215,4899,2.860,1.780,0.970,2,0,2.000,0,0,11,34,0,50,0
20-02 16:12:58,27.992,6.498,39.988,22.743,0,1541756,803376,172616,5410280,4613.654,539.843,0,11704.586,0,1024.701,6903,11674,2.860,1.780,0.970,3,1,1.000,0,0,11,34,0,50,0
20-02 16:12:59,28.011,4.752,44.267,20.258,0,1540936,803880,172800,5410412,3538.342,540.205,0,4953.879,0,770.292,6360,11017,2.950,1.820,0.980,1,1,3.001,0,0,11,34,0,50,0
20-02 16:13:00,32.097,7.774,44.134,15.296,0,1475104,869220,173068,5410628,9462.634,541.639,0,7663.189,0,949.874,6907,11430,2.950,1.820,0.980,4,0,48.146,0,0,11,32,0,50,0
20-02 16:13:01,22.492,5.998,66.975,4.748,0,1530924,813336,173084,5410652,4503.305,539.797,0,1379.481,0,73.972,2393,2113,2.950,1.820,0.980,1,0,50.981,0,0,11,32,0,47,0
20-02 16:13:02,18.476,7.241,68.911,3.995,0,1531008,813092,173128,5410764,10290.642,485.370,0,4214.529,0,219.715,3304,3050,2.950,1.820,0.980,1,1,101.868,0,0,11,32,0,47,0
20-02 16:13:03,9.001,21.002,63.255,5.750,0,1496944,847036,173156,5410832,6363.528,540.045,0,3952.328,0,154.013,6789,5934,2.950,1.820,0.980,1,0,566.047,0,0,11,32,0,47,0
20-02 16:13:04,8.249,20.749,69.496,0,0,1484132,859660,173156,5411004,10263.358,539.966,0,827.948,0,112.993,6520,5175,2.800,1.810,0.980,1,0,531.967,0,0,11,32,0,47,0
20-02 16:13:05,17.486,9.492,72.692,0,0,1497892,845872,173156,5411012,7363.097,539.567,0,0,0,0,3234,2562,2.800,1.810,0.980,1,0,170.863,0,0,11,32,0,41,0
20-02 16:13:06,22.235,2.998,73.701,0,0,1422864,920912,173156,5411000,3890.393,539.638,0,27.981,0,2.998,1815,1185,2.800,1.810,0.980,2,0,3.997,0,0,11,32,0,41,0
20-02 16:13:07,22.507,3.751,73.522,0,0.250,1502000,841780,173156,5410996,4073.197,540.159,0,120.035,0,3.001,1827,1340,2.800,1.810,0.980,1,0,0,0,0,11,32,0,41,0
20-02 16:13:08,21.999,3.000,73.248,0.500,0,1482804,860956,173156,5411016,7447.799,539.985,0,155.996,0,3.000,1834,1201,2.800,1.810,0.980,1,0,3.000,0,0,11,32,0,41,0
20-02 16:13:09,22.250,3.750,72.999,0.250,0,1551704,792052,173164,5411012,5758.893,539.990,0,451.992,0,34.999,2071,1722,2.650,1.790,0.980,1,0,2.000,0,0,11,32,0,41,0
20-02 16:13:10,23.011,3.001,73.536,0.250,0,1547864,795880,173164,5411024,8953.398,486.239,0,56.028,0,6.003,1782,1249,2.650,1.790,0.980,1,0,1.000,0,0,11,32,0,37,0
20-02 16:13:11,22.490,2.999,73.719,0,0,1581724,762040,173164,5411004,8212.526,539.772,0,19.992,0,1.000,1708,1087,2.650,1.790,0.980,1,0,1.999,0,0,11,32,0,37,0
20-02 16:13:12,21.750,4.000,73.501,0,0,1558428,785328,173164,5411012,7019.112,540.009,0,8.000,0,2.000,1809,1272,2.650,1.790,0.980,1,0,1.000,0,0,11,32,0,37,0
20-02 16:13:13,22.501,3.750,73.752,0,0,1534968,808776,173164,5411024,5740.170,540.016,0,12.000,0,1.000,1781,1222,2.650,1.790,0.980,1,0,3.000,0,0,11,32,0,37,0
20-02 16:13:14,22.250,3.000,73.749,0,0,1562928,780840,173164,5411000,3784.926,539.989,0,0,0,0,1752,1231,2.520,1.780,0.990,1,0,2.000,0,0,11,32,0,34,0
20-02 16:13:15,22.500,3.250,73.499,0.500,0,1510100,833644,173164,5411024,3575.965,539.995,0,339.997,0,55.999,1772,1247,2.520,1.780,0.990,1,0,1.000,0,0,11,32,0,34,0
20-02 16:13:16,22.246,3.000,73.488,0,0,1537084,806748,173164,5410936,7729.779,581.908,0,3.999,0,1.000,1768,1190,2.520,1.780,0.990,1,0,3.000,0,0,11,32,0,34,0
20-02 16:13:17,22.005,4.001,73.516,0,0,1505212,838540,173164,5411016,9272.060,580.129,0,2156.479,0,16.004,1828,1255,2.520,1.780,0.990,1,0,1.000,0,0,11,32,0,34,0
20-02 16:13:18,22.749,3.500,73.748,0,0,1503572,840188,173164,5411008,9663.694,539.983,0,15.999,0,2.000,1805,1237,2.520,1.780,0.990,2,0,1.000,0,0,11,32,0,29,0
20-02 16:13:19,22.251,3.250,70.755,2.500,0,1502452,841276,173168,5411036,8714.560,540.035,0,508.033,0,29.002,2075,1694,2.560,1.800,1,1,0,3.000,0,0,11,32,0,29,0
20-02 16:13:20,22.492,3.499,72.974,0.500,0,1512308,831420,173168,5411036,8057.156,539.809,0,187.934,0,31.989,1769,1234,2.560,1.800,1,2,0,1.000,0,0,11,32,0,29,0
20-02 16:13:21,21.509,3.501,73.530,0,0,1511144,832596,173168,5411024,7416.993,540.218,0,0,0,0,1878,1386,2.560,1.800,1,1,0,2.001,0,0,11,32,0,29,0
20-02 16:13:22,18.555,9.027,71.964,0,0,1489340,854356,173168,5411068,4611.682,661.964,0,100.298,0,7.021,3234,2397,2.560,1.800,1,1,0,183.545,0,0,11,32,0,23,0
20-02 16:13:23,15.203,12.711,71.529,0,0,1512400,831276,173168,5411088,7239.612,657.965,0,119.630,0,5.982,3976,3272,2.560,1.800,1,1,0,276.146,0,0,11,32,0,23,0
20-02 16:13:24,24.002,1.750,73.756,0,0,1545572,797920,173168,5411272,5072.384,540.041,0,8.001,0,1.000,1618,1018,2.430,1.790,1,2,0,0,0,0,11,32,0,23,0
20-02 16:13:25,21.250,4.250,73.252,0.250,0,1542408,801004,173168,5411344,3866.088,606.014,0,144.003,0,2.000,1962,1445,2.430,1.790,1,2,0,9.000,0,0,11,32,0,23,0
20-02 16:13:26,15.788,13.784,69.669,0,0,1514540,828684,173168,5411480,7918.250,583.418,40.097,176.429,2.005,31.076,4423,3464,2.430,1.790,1,1,0,319.777,0,0,11,32,0,16,0
20-02 16:13:27,8.994,21.235,68.452,0.500,0,1495036,848152,173168,5411512,6252.641,581.595,0,575.599,0,72.949,6372,5080,2.430,1.790,1,1,0,523.635,0,0,11,32,0,16,0
20-02 16:13:28,11.487,23.973,63.429,0,0,1464280,878848,173168,5411556,7074.092,539.397,0,643.281,0,12.985,7315,14682,2.430,1.790,1,1,0,658.264,0,0,11,32,0,17,0
20-02 16:13:29,8.266,22.293,67.129,1.252,0,1437784,905312,173176,5411580,6013.568,541.041,0,2148.132,0,52.100,6728,5804,2.320,1.770,1,1,0,597.149,0,0,11,32,0,17,0
20-02 16:13:30,7.746,22.237,68.461,0.250,0,1429480,913580,173180,5411608,4135.669,539.696,0,1267.286,0,17.990,6357,5137,2.320,1.770,1,1,0,550.690,0,0,11,32,0,11,0
20-02 16:13:31,7.998,20.995,69.483,0,0,1417100,925924,173180,5411644,7625.095,539.865,0,283.929,0,32.992,6223,4823,2.320,1.770,1,1,0,479.880,0,0,11,32,0,11,0
20-02 16:13:32,9.258,20.768,69.312,0,0,1414748,928240,173180,5411680,5329.738,540.481,0,300.267,0,11.010,6201,4929,2.320,1.770,1,1,0,499.444,0,0,11,32,0,11,0
20-02 16:13:33,8.499,21.248,68.994,0,0,1400152,942796,173180,5411716,3979.683,485.961,0,307.975,0,14.999,6155,4950,2.320,1.770,1,1,0,514.959,0,0,11,32,0,11,0
20-02 16:13:34,22.511,27.263,48.774,0.500,0,1375124,967620,173204,5411884,7668.723,540.262,0,1016.494,0,55.027,7439,6996,2.450,1.810,1.010,6,0,824.400,0,0,11,32,0,11,0
20-02 16:13:35,64.990,11.748,21.747,1.500,0,1580872,760972,173252,5412560,7061.937,539.919,15.998,739.889,1.000,22.997,4100,2404,2.450,1.810,1.010,3,0,106.984,0,0,11,32,0,13,0
20-02 16:13:36,34.123,4.982,30.885,27.647,0,1632736,702944,173544,5417684,9334.386,538.005,426.419,10441.281,8.967,561.916,6002,8409,2.450,1.810,1.010,6,0,23.911,0,0,11,38,0,13,0
20-02 16:13:37,9.251,3.000,50.254,34.753,0,1631208,702472,173712,5419264,7352.530,540.039,0,11652.840,0,797.057,5784,10092,2.450,1.810,1.010,0,1,19.001,0,0,11,38,0,14,0
20-02 16:13:38,8.754,3.752,54.524,30.514,0,1628976,702920,173824,5420888,5928.626,540.239,0,9824.351,0,725.321,6097,10866,2.450,1.810,1.010,0,2,27.012,0,0,11,38,0,11,0
20-02 16:13:39,6.501,3.500,52.006,35.254,0,1627980,702816,173956,5421828,9516.161,540.066,0,11473.400,0,780.095,6467,12075,2.660,1.860,1.040,0,3,18.002,0,0,11,38,0,11,0
20-02 16:13:40,6.749,2.750,50.746,36.247,0,1627464,701736,174136,5423208,9846.144,539.953,0,15330.668,0,949.917,5508,10021,2.660,1.860,1.040,1,1,4.000,0,0,11,38,0,11,0
20-02 16:13:41,8.252,2.751,53.262,33.257,0,1626180,702104,174236,5424000,7403.601,486.105,0,11214.425,0,765.165,5107,9156,2.660,1.860,1.040,3,2,12.003,0,0,11,38,0,11,0
20-02 16:13:42,7.001,3.000,49.756,37.005,0,1627136,699848,174320,5425152,8478.080,540.069,0,14125.799,0,889.113,6309,11715,2.660,1.860,1.040,2,4,12.002,0,0,11,38,0,10,0
20-02 16:13:43,9.248,3.999,55.736,29.243,0,1626208,699344,174412,5426416,7559.150,539.868,0,9473.682,0,695.830,5537,9508,2.660,1.860,1.040,0,2,14.996,0,0,11,38,0,10,0
20-02 16:13:44,21.498,7.749,36.497,31.998,0,1619148,705140,174488,5427564,6555.535,539.962,0,15854.877,0,998.929,6619,10459,2.930,1.930,1.060,1,3,62.996,0,0,11,36,0,10,0
20-02 16:13:45,22.504,4.751,40.507,30.505,0,1651316,671776,174560,5428668,8084.420,5638.991,0,12030.113,0,874.154,6693,10989,2.930,1.930,1.060,3,1,15.003,0,0,11,37,0,10,0
20-02 16:13:46,18.707,7.982,40.907,30.431,0,1615228,706560,174592,5429884,7553.827,4763.171,0,8113.554,0,605.623,6772,10376,2.930,1.930,1.060,2,1,85.805,0,0,11,36,0,9,0
20-02 16:13:47,23.556,4.511,38.592,31.576,0,1632096,688680,174636,5430828,10625.454,2897.942,0,12918.948,0,873.092,6139,10283,2.930,1.930,1.060,1,5,9.022,0,0,11,39,0,9,0
20-02 16:13:48,21.239,4.248,41.978,29.485,0,1630412,689108,174700,5431956,16400.530,10099.784,0,16451.504,0,969.499,7835,13032,2.930,1.930,1.060,2,1,5.997,0,0,11,39,0,9,0
20-02 16:13:49,21.763,5.253,42.026,29.018,0,1599608,718160,174732,5433612,19993.205,8218.017,0,11471.003,0,808.494,8764,14005,3.010,1.970,1.080,2,2,45.027,0,0,11,38,0,9,0
20-02 16:13:50,22.747,5.499,37.245,30.996,0,1661720,654948,174764,5434640,6791.037,2505.645,0,10890.455,0,711.899,5664,9010,3.010,1.970,1.080,2,1,8.999,0,0,11,39,0,9,0
20-02 16:13:51,19.751,4.250,36.502,37.252,0,1659728,655968,174784,5435532,18662.082,9284.538,0,11804.685,0,887.051,7339,11844,3.010,1.970,1.080,2,3,3.000,0,0,11,39,0,9,0
20-02 16:13:52,21.294,4.760,41.837,29.562,0,1623492,691152,174820,5436520,18451.453,9973.786,0,15933.205,0,1181.462,9221,15356,3.010,1.970,1.080,3,1,30.063,0,0,11,38,0,10,0
20-02 16:13:53,25.175,6.979,33.650,32.154,0,1679832,633572,174876,5437660,3357.976,538.393,0,9774.822,0,737.798,5440,8370,3.010,1.970,1.080,4,1,58.824,0,0,11,38,0,10,0
20-02 16:13:54,21.814,3.761,44.129,28.834,0,1683072,628988,174916,5438924,14851.307,8115.666,0,8027.408,0,592.728,5837,9639,3.170,2.020,1.100,0,2,0,0,0,11,39,0,10,0
20-02 16:13:55,16.736,2.997,45.211,32.222,0,1674372,636888,174952,5439668,13683.322,9053.273,0,12241.552,0,844.279,7570,12492,3.170,2.020,1.100,0,1,2.997,0,0,11,39,0,10,0
20-02 16:13:56,23.485,5.746,37.726,30.230,0,1680968,629636,174996,5440228,10867.960,3845.509,0,12355.996,0,806.478,8559,14134,3.170,2.020,1.100,1,1,33.978,0,0,11,38,0,10,0
20-02 16:13:57,27.950,4.741,35.936,30.196,0,1712484,596656,175084,5441568,12424.701,5562.018,0,8652.471,0,613.898,5918,8923,3.170,2.020,1.100,2,1,14.973,0,0,11,39,0,10,0
20-02 16:13:58,21.829,4.516,39.894,31.363,0,1699740,607348,175244,5443404,17005.414,11665.128,0,15925.514,0,1050.795,8955,14657,3.170,2.020,1.100,1,1,9.033,0,0,11,39,0,10,0
20-02 16:13:59,30.995,14.248,33.745,19.247,0,1563068,742520,175364,5444716,11642.181,4579.284,295.954,10742.321,3.999,765.880,8772,12468,3.160,2.040,1.110,5,0,287.955,0,0,11,36,0,11,0
20-02 16:14:00,35.395,14.208,28.167,20.190,0,1579036,725276,175512,5445756,11885.904,5555.596,693.951,10680.464,12.962,690.960,9184,15885,3.160,2.040,1.110,1,4,190.438,0,0,11,37,0,11,0
20-02 16:14:01,24.077,13.794,34.109,26.836,0,1581352,721808,175488,5446872,9328.877,4299.770,1167.740,14130.254,21.067,872.795,8437,12441,3.160,2.040,1.110,1,1,184.591,0,0,11,36,0,12,0
20-02 16:14:02,23.481,4.746,47.962,22.232,0,1580368,721352,175560,5448176,11655.739,2930.671,0,8665.115,0,653.481,5352,8506,3.160,2.040,1.110,0,1,5.995,0,0,11,37,0,12,0
20-02 16:14:03,18.966,6.488,43.921,28.948,0,1534528,766180,175648,5449076,12806.834,4890.154,0,12812.823,0,864.436,6513,9909,3.160,2.040,1.110,1,2,59.892,0,0,11,36,0,13,0
20-02 16:14:04,23.252,5.250,45.003,24.752,0,1565028,734664,175668,5450044,6029.394,2452.160,0,8792.575,0,649.042,4774,7558,3.060,2.030,1.120,0,2,3.000,0,0,11,37,0,13,0
20-02 16:14:05,21.047,5.011,46.855,24.555,0,1548716,749452,175712,5451488,16887.962,9067.383,0,9393.115,0,662.489,7162,11240,3.060,2.030,1.120,1,1,15.034,0,0,11,36,0,14,0
20-02 16:14:06,24.006,7.002,38.259,28.757,0,1607476,689616,175776,5452476,8055.934,540.130,0,12170.921,0,831.200,5591,9160,3.060,2.030,1.120,2,1,35.008,0,0,11,36,0,14,0
20-02 16:14:07,18.456,3.242,48.883,27.434,0,1601488,694360,175828,5453632,17768.432,10413.054,0,6576.245,0,524.743,6337,10360,3.060,2.030,1.120,1,3,0,0,0,11,37,0,14,0
20-02 16:14:08,8.997,5.248,50.484,32.490,0,1573732,720940,175876,5454724,9185.042,1453.532,0,14087.463,0,976.685,6276,10534,3.060,2.030,1.120,0,3,68.978,0,0,11,36,0,15,0
20-02 16:14:09,3.755,3.254,65.080,25.782,0,1559868,733784,175908,5455648,4179.132,540.664,0,13708.834,0,744.915,4143,7468,3.140,2.070,1.130,0,1,0,0,0,11,36,0,15,0
20-02 16:14:10,4.994,2.747,63.172,26.717,0.250,1546252,746336,175936,5456668,6602.807,539.331,0,8613.312,0,640.206,4571,8254,3.140,2.070,1.130,0,3,0.999,0,0,11,36,0,15,0
20-02 16:14:11,4.001,3.251,56.012,33.007,0,1526268,764368,176000,5458488,5435.163,486.104,0,15539.325,0,946.202,5324,9750,3.140,2.070,1.130,0,1,9.002,0,0,11,36,0,15,0
20-02 16:14:12,5.002,2.751,64.269,25.508,0,1519512,770452,176036,5459100,7120.137,540.162,0,7590.278,0,691.207,4992,8904,3.140,2.070,1.130,0,1,12.004,0,0,11,36,0,15,0
20-02 16:14:13,3.999,2.499,61.482,28.491,0,1512532,776712,176064,5459768,5285.423,539.839,0,10064.997,0,743.778,4852,8957,3.140,2.070,1.130,0,1,5.998,0,0,11,36,0,15,0
20-02 16:14:14,5.748,2.999,60.226,27.989,0,1507468,781124,176084,5460384,8689.574,539.787,0,11239.569,0,898.646,5230,9459,3.290,2.120,1.150,1,2,8.996,0,0,11,36,0,15,0
20-02 16:14:15,7.269,4.261,54.393,32.084,0,1502720,785356,176128,5460832,5386.159,541.423,0,18917.730,0,1243.268,6063,11050,3.290,2.120,1.150,0,1,9.024,0,0,11,36,0,15,0
20-02 16:14:16,4.490,2.494,64.350,25.939,0,1497280,789680,176152,5461892,5699.670,538.740,0,8109.035,0,577.649,4396,7717,3.290,2.120,1.150,0,2,9.977,0,0,11,36,0,15,0
20-02 16:14:17,4.750,3.000,64.003,26.501,0,1493036,793652,176180,5462132,5694.305,634.034,0,8468.454,0,638.034,4405,7720,3.290,2.120,1.150,0,1,9.000,0,0,11,36,0,15,0
20-02 16:14:18,4.996,3.247,60.952,27.229,0,1488048,797912,176220,5462812,9730.339,539.575,0,11550.906,0,876.310,5639,10084,3.290,2.120,1.150,0,2,8.993,0,0,11,36,0,15,0
20-02 16:14:19,4.252,3.252,59.030,30.765,0,1485212,800304,176248,5463216,10582.302,486.244,0,14583.307,0,987.495,6222,11430,3.270,2.130,1.160,1,0,9.005,0,0,11,36,0,15,0
20-02 16:14:20,5.250,2.500,66.504,23.501,0,1482004,802476,176308,5464132,7684.472,540.033,0,5188.318,0,510.031,4570,8059,3.270,2.130,1.160,0,1,6.000,0,0,11,36,0,15,0
20-02 16:14:21,4.499,3.500,63.742,25.997,0,1480080,803912,176388,5464524,6929.106,539.930,0,10982.583,0,807.896,4876,8869,3.270,2.130,1.160,0,1,8.999,0,0,11,36,0,15,0
20-02 16:14:22,4.752,2.751,60.523,29.511,0,1479388,803912,176424,5465168,9579.650,540.206,0,8959.414,0,625.238,4452,8099,3.270,2.130,1.160,2,2,6.002,0,0,11,36,0,15,0
20-02 16:14:23,3.248,2.499,60.214,30.232,0,1479392,803912,176464,5465124,7559.536,539.681,0,12296.738,0,812.520,4352,7990,3.270,2.130,1.160,1,1,5.996,0,0,11,36,0,15,0
20-02 16:14:24,6.753,2.751,63.774,24.009,0,1479536,804164,176508,5464636,3934.504,540.207,0,7490.864,0,717.274,5198,9381,3.080,2.110,1.160,0,1,6.002,0,0,11,36,0,15,0
20-02 16:14:25,3.999,2.999,59.486,30.743,0,1479372,804164,176544,5464764,5192.736,539.869,0,11733.144,0,839.796,4790,8681,3.080,2.110,1.160,0,1,0,0,0,11,36,0,15,0
20-02 16:14:26,7.024,2.759,64.972,23.079,0,1480536,804164,176608,5463536,7404.284,541.850,0,6301.519,0,741.532,5458,9725,3.080,2.110,1.160,1,0,4.014,0,0,11,36,0,15,0
20-02 16:14:27,3.991,2.993,59.614,30.680,0,1480112,804164,176632,5463936,7104.848,484.898,0,13740.761,0,895.963,4659,8609,3.080,2.110,1.160,1,1,2.993,0,0,11,36,0,15,0
20-02 16:14:28,12.238,4.745,52.700,28.473,0,1468812,815076,176668,5464280,36223.369,539.484,0,13235.347,0,802.233,6968,20868,3.080,2.110,1.160,0,1,41.960,0,0,11,36,0,16,0
20-02 16:14:29,7.001,2.500,66.258,22.253,0,1468656,814824,176724,5464636,5497.651,540.064,0,5208.617,0,550.065,4638,8134,3.160,2.140,1.180,0,1,9.001,0,0,11,36,0,16,0
20-02 16:14:30,4.754,3.503,58.555,29.528,0,1468212,814824,176760,5465044,6989.576,540.509,0,13384.593,0,971.914,5734,10419,3.160,2.140,1.180,1,1,9.008,0,0,11,36,0,16,0
20-02 16:14:31,6.251,2.501,65.015,24.506,0,1467764,814824,176792,5465456,7181.685,540.127,0,7001.643,0,672.158,4840,8737,3.160,2.140,1.180,0,1,6.001,0,0,11,36,0,15,0
20-02 16:14:32,5.745,3.747,55.704,31.224,0,1467772,814572,176808,5465672,4904.923,539.552,0,17541.419,0,1144.049,5750,10452,3.160,2.140,1.180,2,0,5.995,0,0,11,36,0,15,0
20-02 16:14:33,6.499,2.250,65.487,23.245,0,1467796,814320,176824,5465868,3417.317,539.892,0,5070.986,0,533.893,4604,8124,3.160,2.140,1.180,0,1,8.998,0,0,11,36,0,15,0
20-02 16:14:34,5.499,3.000,59.993,28.996,0,1468672,814320,176844,5464972,9639.807,485.940,0,11718.549,0,869.892,5970,10911,3.150,2.160,1.190,2,0,3.000,0,0,11,36,0,15,0
20-02 16:14:35,5.500,3.000,64.248,24.499,0,1468776,813816,176864,5465360,34579.932,539.983,0,8447.739,0,777.976,5105,8988,3.150,2.160,1.190,1,4,6.000,0,0,11,36,0,15,0
20-02 16:14:36,5.000,4.000,56.750,31.250,0,1468428,813816,176884,5465688,7753.999,540.000,0,18279.997,0,1187.000,5668,10466,3.150,2.160,1.190,3,0,4.000,0,0,11,36,0,9,0
20-02 16:14:37,6.750,2.250,64.747,22.749,0,1468240,813564,176896,5466112,9502.494,539.971,0,7207.616,0,658.965,4925,8629,3.150,2.160,1.190,0,1,6.000,0,0,11,38,0,9,0
20-02 16:14:38,5.751,3.000,60.007,29.004,0,1467768,813564,176908,5466560,8276.023,540.067,0,13821.708,0,957.118,5306,9671,3.150,2.160,1.190,4,0,9.001,0,0,11,38,0,9,0
20-02 16:14:39,8.497,2.499,63.478,22.992,0,1467736,813312,176912,5466836,7429.412,539.812,0,5414.114,0,555.806,4957,8554,3.130,2.170,1.200,0,1,11.996,0,0,11,38,0,9,0
20-02 16:14:40,8.749,3.750,59.996,25.499,0.250,1467336,813312,176932,5467204,4010.765,539.968,0,12843.249,0,847.950,4579,8078,3.130,2.170,1.200,2,1,3.000,0,0,11,38,0,8,0
20-02 16:14:41,7.754,2.251,59.029,28.514,0,1467144,813060,176940,5467628,8311.065,540.264,0,7599.717,0,626.306,4555,7802,3.130,2.170,1.200,0,1,12.006,0,0,11,38,0,8,0
20-02 16:14:42,7.259,2.503,63.082,24.532,0,1467576,812304,176968,5467916,7483.721,738.960,0,9728.638,0,686.892,4699,8382,3.130,2.170,1.200,0,1,6.008,0,0,11,38,0,8,0
20-02 16:14:43,7.990,3.246,58.674,26.965,0.250,1467600,811800,176984,5468320,4740.824,916.806,0,11497.022,0,825.924,5671,10072,3.130,2.170,1.200,1,1,14.980,0,0,11,38,0,8,0
20-02 16:14:44,5.500,3.500,64.001,24.250,0,1467348,811548,176996,5468796,7826.078,540.005,0,8056.080,0,698.007,5457,10004,3.120,2.190,1.210,1,1,12.000,0,0,11,38,0,8,0
20-02 16:14:45,5.501,3.001,60.515,27.757,0,1467028,811548,177036,5469068,9209.219,540.130,0,11370.740,0,818.197,5177,9183,3.120,2.190,1.210,0,1,6.001,0,0,11,38,0,8,0
20-02 16:14:46,4.248,2.998,62.963,27.234,0,1466928,811296,177088,5469352,10899.626,539.684,0,11097.510,0,805.529,4842,8987,3.120,2.190,1.210,1,0,6.996,0,0,11,38,0,8,0
20-02 16:14:47,5.501,3.251,62.761,26.755,0,1466860,811044,177104,5469652,8040.397,540.094,0,9061.574,0,748.130,4928,8772,3.120,2.190,1.210,0,1,15.003,0,0,11,38,0,8,0
20-02 16:14:48,5.751,2.750,59.505,29.003,0,1466152,811044,177124,5470328,4083.375,540.050,0,10160.933,0,760.070,4906,8926,3.120,2.190,1.210,2,0,6.001,0,0,11,38,0,7,0
20-02 16:14:49,4.993,2.496,62.410,27.460,0,1465860,810792,177144,5470836,8215.110,485.298,0,7924.531,0,631.087,4295,7780,3.110,2.200,1.220,2,0,2.996,0,0,11,38,0,7,0
20-02 16:14:50,5.006,2.753,61.572,28.033,0,1465968,810036,177180,5471432,8282.712,582.683,0,11946.008,0,834.979,4799,8723,3.110,2.200,1.220,0,2,3.004,0,0,11,38,0,7,0
20-02 16:14:51,5.501,2.501,57.512,31.007,0,1465916,809784,177220,5471688,11000.317,540.114,0,12358.603,0,859.181,5300,9313,3.110,2.200,1.220,0,1,12.003,0,0,11,38,0,7,0
20-02 16:14:52,4.749,2.750,64.492,25.497,0,1466296,808524,177236,5472524,5954.282,539.935,0,9070.906,0,784.905,5166,9263,3.110,2.200,1.220,8,0,17.998,0,0,11,38,0,7,0
20-02 16:14:53,5.001,3.501,61.518,27.508,0,1466372,808020,177248,5472928,7270.174,540.162,0,13652.083,0,972.291,5367,9884,3.110,2.200,1.220,0,1,6.002,0,0,11,38,0,7,0
20-02 16:14:54,4.999,2.499,59.985,29.742,0,1466044,807768,177268,5473476,5262.666,539.863,0,8465.854,0,649.835,4455,8067,3.020,2.200,1.220,2,1,5.998,0,0,11,38,0,7,0
20-02 16:14:55,6.000,3.500,55.748,31.999,0,1466352,807012,177276,5473924,3720.843,539.977,0,15751.336,0,1060.955,5861,10832,3.020,2.200,1.220,0,1,6.000,0,0,11,38,0,7,0
20-02 16:14:56,3.751,2.501,64.013,26.505,0,1466484,806508,177288,5474260,3436.706,540.111,0,6897.417,0,588.121,4345,7910,3.020,2.200,1.220,0,1,13.003,0,0,11,38,0,6,0
20-02 16:14:57,5.000,3.250,59.999,29.000,0,1466516,806256,177296,5474468,7177.908,527.993,0,12551.839,0,891.989,5126,9320,3.020,2.200,1.220,0,1,3.000,0,0,11,38,0,6,0
20-02 16:14:58,4.500,2.500,62.005,28.002,0,1466572,806004,177300,5474644,5771.484,540.045,0,7460.626,0,600.050,4259,7588,3.020,2.200,1.220,0,2,9.001,0,0,11,38,0,6,0
20-02 16:14:59,5.999,3.499,60.240,28.995,0,1466220,805752,177312,5475224,60202.739,581.901,0,14293.564,0,954.837,5181,9311,2.940,2.190,1.220,0,1,5.999,0,0,11,38,0,6,0
20-02 16:15:00,6.756,3.503,63.306,24.522,0,1466188,805248,177328,5475728,9197.182,540.481,0,7698.849,0,704.627,5316,9246,2.940,2.190,1.220,1,1,30.027,0,0,11,38,0,5,0
20-02 16:15:01,6.993,2.747,59.443,28.723,0,1467844,802980,177336,5476324,8723.648,539.484,0,10709.747,0,834.201,5164,9058,2.940,2.190,1.220,0,2,17.983,0,0,11,38,0,5,0
20-02 16:15:02,5.500,3.000,63.250,25.500,0,1467404,802980,177348,5476736,8899.971,539.998,0,9147.971,0,785.997,4984,8983,2.940,2.190,1.220,0,1,15.000,0,0,11,38,0,5,0
20-02 16:15:03,5.252,3.001,58.777,30.014,0,1467128,802980,177364,5476980,32569.998,540.249,0,14014.453,0,921.424,5355,9189,2.940,2.190,1.220,0,1,9.004,0,0,11,38,0,5,0
20-02 16:15:04,5.499,2.499,64.735,24.245,0,1467596,801984,177364,5477472,4562.970,485.890,0,4083.079,0,456.897,4296,7642,2.950,2.210,1.230,0,1,14.997,0,0,11,38,0,3,0
20-02 16:15:05,4.758,3.256,57.848,31.554,0,1467484,801732,177372,5477824,7595.904,540.919,0,17197.214,0,1109.885,5393,9727,2.950,2.210,1.230,0,1,9.015,0,0,11,38,0,3,0
20-02 16:15:06,6.243,2.996,65.671,22.223,0,1467068,801732,177376,5478228,7539.957,539.353,0,6735.921,0,696.165,5491,9609,2.950,2.210,1.230,1,1,18.977,0,0,11,38,0,3,0
20-02 16:15:07,5.245,3.247,61.692,26.975,0,1466716,801732,177392,5478548,7431.987,539.491,0,12727.989,0,986.069,5611,10263,2.950,2.210,1.230,1,1,2.997,0,0,11,38,0,3,0
20-02 16:15:08,6.752,2.001,66.018,23.006,0.250,1468832,799212,177396,5478940,7353.055,540.151,0,4681.308,0,462.129,4100,7215,2.950,2.210,1.230,0,1,9.003,0,0,11,38,0,1,0
20-02 16:15:09,4.502,3.001,58.020,31.011,0,1468876,798960,177440,5479092,7702.612,540.183,0,14568.940,0,968.328,4944,8772,2.870,2.200,1.240,1,2,0,0,0,11,38,0,1,0
20-02 16:15:10,4.995,2.748,60.945,29.223,0,1468680,798960,177444,5479284,8316.437,539.509,0,8424.339,0,633.424,4395,7807,2.870,2.200,1.240,1,1,8.992,0,0,11,38,0,1,0
20-02 16:15:11,6.755,3.002,58.790,28.519,0,1468916,798204,177464,5479772,4118.787,486.329,0,10579.157,0,760.515,4837,8722,2.870,2.200,1.240,0,1,6.004,0,0,11,38,0,1,0
20-02 16:15:12,5.499,3.250,62.743,25.497,0,1470404,798204,177484,5478284,7796.096,539.937,0,11026.721,0,904.895,5812,10666,2.870,2.200,1.240,1,1,0,0,0,11,38,0,1,0
20-02 16:15:13,7.253,3.751,61.773,23.759,0,1472280,798204,177500,5476396,6991.621,540.202,0,13369.011,0,1106.415,6761,12393,2.870,2.200,1.240,1,1,0,0,0,11,38,0,1,0
20-02 16:15:14,4.498,2.999,61.223,28.237,0,1472716,798788,177520,5475352,4087.171,539.758,0,8468.211,0,689.691,5413,9874,2.720,2.180,1.240,0,1,0,0,0,11,38,0,1,0
20-02 16:15:15,5.001,3.751,58.259,30.255,0,1473632,799040,177524,5474180,7356.169,540.086,0,14686.333,0,993.158,6040,11178,2.720,2.180,1.240,0,2,0,0,0,11,38,0,1,0
20-02 16:15:16,5.249,3.250,60.244,28.997,0,1473864,799040,177524,5473964,9502.088,539.948,0,11014.943,0,708.932,4647,8321,2.720,2.180,1.240,1,2,4.000,0,0,11,38,0,1,0
20-02 16:15:17,5.250,2.250,64.994,24.998,0,1473576,799040,177528,5474248,10017.135,633.945,0,8099.301,0,640.945,4314,7696,2.720,2.180,1.240,2,2,5.999,0,0,11,38,0,1,0
20-02 16:15:18,6.001,3.001,62.263,25.005,0,1473280,799040,177536,5474544,7141.526,540.115,0,11878.538,0,930.199,5435,9697,2.720,2.180,1.240,1,1,12.003,0,0,11,38,0,1,0
20-02 16:15:19,5.499,3.500,55.742,32.995,0,1473124,799040,177548,5474684,6193.122,485.931,0,15089.860,0,975.862,5234,9388,2.660,2.180,1.240,0,1,8.999,0,0,11,38,0,1,0
20-02 16:15:20,4.502,2.001,65.522,25.759,0,1472940,799040,177552,5474864,7897.645,540.181,0,4185.402,0,453.152,4071,6936,2.660,2.180,1.240,2,1,9.003,0,0,11,38,0,1,0
20-02 16:15:21,14.292,12.286,65.444,7.522,0,1334848,937348,177552,5474644,7185.329,541.608,0,6723.959,0,428.271,5451,6294,2.660,2.180,1.240,2,0,243.723,0,0,11,32,0,2,0
20-02 16:15:22,15.250,23.750,58.000,1.750,0,1345488,926360,177556,5474992,7376.010,540.001,0,2212.003,0,127.000,7066,6445,2.660,2.180,1.240,3,0,690.001,0,0,11,36,0,6,0
20-02 16:15:23,63.746,9.499,19.999,6.250,0,1555556,715540,177560,5475732,4766.676,539.963,0,3303.775,0,173.988,4180,2599,2.660,2.180,1.240,4,2,12.999,0,0,11,32,0,8,0
20-02 16:15:24,60.821,5.982,23.182,8.974,0,1696620,571396,177684,5478424,5234.573,538.413,0,5356.214,0,195.424,3843,2143,2.690,2.190,1.250,4,0,0,0,0,11,32,0,8,0
20-02 16:15:25,36.762,4.251,38.013,19.756,0,1773160,491048,177788,5481736,6894.268,540.178,0,8406.765,0,374.123,4353,4876,2.690,2.190,1.250,0,1,6.002,0,0,11,38,0,8,0
20-02 16:15:26,8.995,2.998,53.722,32.483,0,1772408,490292,177804,5483172,7700.052,485.751,0,7648.078,0,598.693,5031,8497,2.690,2.190,1.250,0,3,39.980,0,0,11,38,0,8,0
20-02 16:15:27,9.249,3.250,52.995,32.997,0,1772112,489536,177816,5484188,3353.707,539.953,0,12762.887,0,864.925,5390,9723,2.690,2.190,1.250,0,2,26.998,0,0,11,38,0,8,0
20-02 16:15:28,11.484,4.244,47.684,32.954,0,1797756,462572,177820,5485448,7434.715,539.254,0,12594.578,0,777.924,6164,16844,2.690,2.190,1.250,0,2,54.924,0,0,11,38,0,9,0
20-02 16:15:29,7.507,3.003,49.797,37.285,0,1796704,462068,177824,5486960,5353.036,540.508,0,8828.305,0,646.608,5553,9838,2.790,2.220,1.270,0,3,18.017,0,0,11,38,0,8,0
20-02 16:15:30,6.760,3.255,49.574,38.558,0,1796644,460808,177828,5488236,9279.898,540.810,0,14822.199,0,943.413,5392,9696,2.790,2.220,1.270,0,4,15.022,0,0,11,38,0,8,0
20-02 16:15:31,6.742,2.747,50.687,36.455,0,1796060,460052,177852,5489524,5878.728,539.333,0,10091.518,0,712.119,5188,8845,2.790,2.220,1.270,0,1,29.963,0,0,11,38,0,8,0
20-02 16:15:32,7.525,3.010,56.936,31.352,0,1796136,459296,177856,5490184,7151.378,541.771,0,10578.582,0,739.417,4853,8760,2.790,2.220,1.270,3,1,21.069,0,0,11,38,0,8,0
20-02 16:15:33,5.981,2.990,48.343,39.372,0,1792928,461164,177864,5491484,7072.091,538.256,0,12288.193,0,834.297,5223,9007,2.790,2.220,1.270,0,3,23.923,0,0,11,38,0,8,0
20-02 16:15:34,7.001,3.250,51.506,36.004,0.250,1790072,462944,177868,5492512,7816.845,486.053,0,13065.413,0,842.091,5279,9404,2.890,2.250,1.280,0,4,21.002,0,0,11,38,0,8,0
20-02 16:15:35,9.003,4.001,48.517,36.012,0,1787152,464588,177904,5493720,3721.271,540.185,0,16113.505,0,1069.365,6685,11845,2.890,2.250,1.280,3,2,30.010,0,0,11,38,0,8,0
20-02 16:15:36,6.996,2.499,53.219,34.480,0,1785084,465164,177916,5495164,7902.425,539.688,0,11125.560,0,779.549,5060,8774,2.890,2.250,1.280,5,1,18.989,0,0,11,38,0,8,0
20-02 16:15:37,6.501,3.501,46.759,39.758,0,1782756,466344,177928,5496240,6517.319,540.109,0,14134.860,0,906.183,5465,9948,2.890,2.250,1.280,0,2,18.004,0,0,11,38,0,8,0
20-02 16:15:38,6.749,3.000,54.996,31.748,0,1781340,466840,177940,5497108,8358.348,539.958,0,13074.981,0,843.934,5793,10437,2.890,2.250,1.280,1,1,20.998,0,0,11,38,0,8,0
20-02 16:15:39,5.749,2.750,49.491,39.243,0,1779340,468200,177948,5497720,6599.816,539.903,0,11337.966,0,747.866,5203,9445,3.140,2.320,1.310,1,1,23.996,0,0,11,38,0,8,0
20-02 16:15:40,9.028,3.761,51.909,33.352,0,1777952,468320,177952,5498956,7425.690,541.655,0,12518.250,0,867.651,5893,10325,3.140,2.320,1.310,0,2,27.083,0,0,11,38,0,8,0
20-02 16:15:41,9.473,3.241,52.353,32.160,0,1776844,467952,177964,5500376,5590.336,538.491,0,10482.628,0,784.801,6710,11807,3.140,2.320,1.310,0,4,38.891,0,0,11,38,0,8,0
20-02 16:15:42,6.999,4.000,49.494,36.746,0,1775864,467480,177972,5501724,3653.560,485.942,0,15210.169,0,973.883,5632,10115,3.140,2.320,1.310,0,2,20.997,0,0,11,38,0,8,0
20-02 16:15:43,5.001,3.751,53.516,34.510,0,1776952,465464,177980,5502576,5253.525,540.157,0,13968.055,0,890.258,4942,8633,3.140,2.320,1.310,7,0,18.005,0,0,11,38,0,8,0
20-02 16:15:44,5.751,3.250,47.505,40.254,0,1776612,464960,177988,5503392,8733.835,540.052,0,13865.325,0,932.089,5523,9782,3.370,2.380,1.330,4,1,18.002,0,0,11,38,0,8,0
20-02 16:15:45,6.255,3.003,54.797,32.528,0,1776316,464204,177992,5504380,6717.800,540.467,0,13964.056,0,970.838,5509,10026,3.370,2.380,1.330,1,2,12.010,0,0,11,38,0,8,0
20-02 16:15:46,5.244,2.997,52.194,37.460,0,1775820,463952,177992,5505092,7302.159,539.421,0,9310.003,0,652.300,4395,7766,3.370,2.380,1.330,2,0,12.986,0,0,11,38,0,8,0
20-02 16:15:47,5.750,3.500,57.253,30.502,0,1776216,462944,178008,5505648,6232.340,540.030,0,14008.765,0,964.053,5825,10447,3.370,2.380,1.330,0,1,21.001,0,0,11,38,0,8,0
20-02 16:15:48,5.749,3.000,54.994,32.496,0,1775596,462692,178012,5506504,8543.013,539.938,0,13710.417,0,869.900,5091,9186,3.370,2.380,1.330,0,1,11.999,0,0,11,38,0,8,0
20-02 16:15:49,6.501,3.751,56.512,30.756,0,1783544,453872,178016,5507332,5160.084,486.102,0,11246.363,0,811.170,5368,9376,3.180,2.350,1.330,0,1,18.004,0,0,11,38,0,8,0
20-02 16:15:50,24.785,6.759,36.301,30.793,0,1669680,566732,178024,5508304,4764.685,540.759,0,10959.375,0,785.101,6922,10535,3.180,2.350,1.330,5,1,90.126,0,0,11,36,0,8,0
20-02 16:15:51,30.463,5.493,30.712,31.212,0,1736144,498944,178032,5509584,6806.664,539.339,0,18425.435,0,1196.535,8819,15359,3.180,2.350,1.330,2,3,36.955,0,0,11,36,0,8,0
20-02 16:15:52,28.304,5.010,33.815,30.559,0,1703492,530408,178040,5510732,7888.113,541.037,0,16391.405,0,1005.927,7575,12208,3.180,2.350,1.330,1,1,65.125,0,0,11,36,0,8,0
20-02 16:15:53,5.989,3.493,57.639,30.192,0,1700972,531504,178048,5512108,3532.228,538.967,0,8084.500,0,631.789,4980,8686,3.180,2.350,1.330,0,2,59.885,0,0,11,36,0,8,0
20-02 16:15:54,5.999,3.000,48.243,40.244,0,1684340,547320,178048,5512904,7428.897,539.920,0,13705.965,0,938.861,4932,8746,3.330,2.400,1.350,0,3,17.997,0,0,11,36,0,8,0
20-02 16:15:55,8.006,2.752,56.044,30.774,0,1676732,553244,178064,5514532,5858.570,540.422,0,8010.249,0,694.542,5550,9472,3.330,2.400,1.350,0,3,36.028,0,0,11,36,0,8,0
20-02 16:15:56,4.495,3.496,47.445,41.951,0,1670956,558364,178076,5515144,8048.617,539.371,0,13795.917,0,833.029,4755,8562,3.330,2.400,1.350,0,4,6.992,0,0,11,36,0,8,0
20-02 16:15:57,6.252,4.251,49.513,37.760,0,1665328,562548,178088,5516532,5021.340,486.130,0,17432.651,0,1028.274,5543,9855,3.330,2.400,1.350,3,1,6.002,0,0,11,36,0,8,0
20-02 16:15:58,6.760,3.255,56.331,30.794,0,1661620,564536,178096,5518196,4259.148,540.781,0,5924.552,0,535.773,4808,8234,3.330,2.400,1.350,0,2,24.035,0,0,11,36,0,8,0
20-02 16:15:59,6.248,2.999,54.235,33.991,0,1654724,569560,178108,5519992,16839.423,539.853,0,13604.302,0,853.768,5030,9024,3.140,2.370,1.350,2,1,20.994,0,0,11,36,0,8,0
20-02 16:16:00,7.994,3.747,50.464,35.974,0,1651488,571808,178116,5520924,7126.948,539.617,0,13838.191,0,949.327,6797,12127,3.140,2.370,1.350,0,2,17.987,0,0,11,36,0,8,0
20-02 16:16:01,11.246,3.249,52.480,29.988,0,1651896,571156,178120,5521156,6648.413,539.790,0,13842.614,0,873.660,5691,9615,3.140,2.370,1.350,0,2,0,0,0,11,36,0,8,0
20-02 16:16:02,5.499,3.499,49.991,37.743,0.250,1651916,569404,178124,5522816,8538.520,539.906,0,13161.718,0,817.858,5136,9046,3.140,2.370,1.350,0,3,0,0,0,11,36,0,8,0
20-02 16:16:03,5.250,2.750,55.753,33.502,0,1650300,569708,178124,5524064,5616.294,540.028,0,8748.458,0,600.031,4395,7932,3.140,2.370,1.350,0,1,0,0,0,11,36,0,8,0
20-02 16:16:04,4.748,2.999,46.732,41.734,0,1647944,570524,178136,5525552,8839.632,485.815,0,12839.108,0,791.698,4841,8850,3.290,2.420,1.370,0,1,0,0,0,11,36,0,8,0
20-02 16:16:05,5.502,2.751,54.765,34.760,0,1646192,570556,178140,5527176,8164.285,540.151,0,9090.545,0,595.167,4704,8504,3.290,2.420,1.370,0,2,0,0,0,11,36,0,8,0
20-02 16:16:06,4.501,3.251,47.763,40.761,0,1644716,570784,178140,5528364,5356.439,582.156,0,15668.209,0,979.263,6665,12619,3.290,2.420,1.370,0,2,1.000,0,0,11,36,0,8,0
20-02 16:16:07,5.248,2.749,51.979,37.235,0,1643536,570544,178144,5529736,9272.286,539.784,0,14118.345,0,850.659,4740,8509,3.290,2.420,1.370,0,1,0,0,0,11,36,0,8,0
20-02 16:16:08,5.000,2.250,55.750,33.750,0,1643224,569384,178148,5531168,9005.948,539.997,0,8287.952,0,586.997,4313,7810,3.290,2.420,1.370,0,5,0,0,0,11,36,0,8,0
20-02 16:16:09,6.001,3.501,51.762,35.509,0,1642768,567872,178148,5533060,7234.737,540.130,0,15375.692,0,1000.240,5756,10661,3.350,2.450,1.380,1,1,0,0,0,11,36,0,8,0
20-02 16:16:10,4.999,2.999,49.491,40.743,0,1642548,567116,178152,5534008,4849.120,539.902,0,12453.741,0,773.860,4405,8151,3.350,2.450,1.380,0,2,0,0,0,11,36,0,8,0
20-02 16:16:11,5.253,3.002,57.782,31.768,0,1642500,565856,178152,5535276,6958.883,540.301,0,8844.935,0,615.343,4886,9022,3.350,2.450,1.380,3,2,3.002,0,0,11,36,0,8,0
20-02 16:16:12,7.221,3.486,54.033,32.121,0,1643176,564596,178160,5535824,5185.211,484.059,0,16537.696,0,1100.587,6477,11881,3.350,2.450,1.380,1,1,8.964,0,0,11,36,0,8,0
20-02 16:16:13,5.269,3.011,62.725,26.094,0,1643664,563588,178160,5536328,5714.541,541.948,0,8960.208,0,762.742,5118,9252,3.350,2.450,1.380,3,2,12.043,0,0,11,36,0,8,0
20-02 16:16:14,4.499,2.999,53.732,34.739,0,1643660,563084,178160,5536812,3147.958,539.821,0,15798.770,0,1083.641,5491,10012,3.320,2.450,1.390,1,1,8.997,0,0,11,36,0,8,0
20-02 16:16:15,5.001,2.750,65.758,24.503,0,1643460,563084,178160,5537004,7481.948,540.068,0,5984.758,0,579.073,4673,8270,3.320,2.450,1.390,0,1,15.002,0,0,11,36,0,8,0
20-02 16:16:16,4.751,3.001,59.266,30.008,0,1644008,562328,178160,5537204,9115.526,540.150,0,15796.378,0,1017.282,5810,10712,3.320,2.450,1.390,0,1,13.004,0,0,11,36,0,8,0
20-02 16:16:17,8.012,2.504,59.088,27.040,0,1643948,561320,178160,5538248,9768.576,634.947,0,10551.744,0,862.287,5694,9941,3.320,2.450,1.390,0,1,12.018,0,0,11,36,0,8,0
20-02 16:16:18,9.735,3.495,57.414,27.209,0,1645024,559808,178160,5538656,12006.087,539.196,0,12165.849,0,857.720,5634,9776,3.320,2.450,1.390,1,1,11.982,0,0,11,36,0,8,0
20-02 16:16:19,7.011,3.005,52.081,34.554,0,1644856,559304,178160,5539324,9975.455,486.754,0,16773.989,0,1093.695,5718,10197,3.130,2.430,1.390,1,2,18.028,0,0,11,36,0,8,0
20-02 16:16:20,7.987,2.496,54.912,32.199,0,1644840,558548,178160,5540072,5901.585,539.140,0,6605.462,0,599.044,5880,10425,3.130,2.430,1.390,0,1,23.962,0,0,11,36,0,8,0
20-02 16:16:21,10.753,3.501,47.014,35.761,0,1644712,558548,178164,5540188,4120.232,540.162,0,16408.907,0,1087.325,5584,9777,3.130,2.430,1.390,2,1,6.002,0,0,11,36,0,8,0
20-02 16:16:22,27.259,11.003,50.016,10.753,0,1384524,818708,178164,5540216,10491.299,540.170,0,8014.520,0,435.137,4734,4589,3.130,2.430,1.390,1,0,249.078,0,0,11,32,0,7,0
20-02 16:16:23,22.497,3.500,70.241,2.750,0,1458612,744620,178164,5540216,3481.573,539.934,0,1675.794,0,95.988,2031,1818,3.130,2.430,1.390,2,0,1.000,0,0,11,32,0,7,0
20-02 16:16:24,23.745,2.000,73.234,0,0,1432864,770360,178164,5540224,3754.181,539.882,0,159.965,0,15.997,2146,1889,2.960,2.410,1.390,2,0,2.000,0,0,11,34,0,7,0
20-02 16:16:25,20.560,4.764,74.217,0,0,1440928,762296,178164,5540224,7406.606,541.580,0,0,0,0,2158,1512,2.960,2.410,1.390,1,0,28.082,0,0,11,32,0,7,0
20-02 16:16:26,23.679,2.492,72.780,0.249,0,1501912,701312,178164,5540224,8559.182,484.538,0,251.242,0,42.871,2047,1559,2.960,2.410,1.390,2,0,2.991,0,0,11,34,0,1,0
20-02 16:16:27,15.793,26.321,55.650,1.253,0,1426552,776644,178164,5540248,8805.762,541.461,0,405.093,0,25.068,6444,5987,2.960,2.410,1.390,4,0,841.270,0,0,11,32,0,1,0
20-02 16:16:28,13.243,28.235,56.471,1.249,0,1420252,782820,178164,5540300,6789.465,539.719,0,319.833,0,28.985,7760,18097,2.960,2.410,1.390,1,0,866.549,0,0,11,32,0,2,0
20-02 16:16:29,7.254,21.263,70.292,0.250,0,1402024,801008,178164,5540396,3938.359,540.324,0,148.089,0,9.005,5928,4486,2.720,2.370,1.380,1,0,415.249,0,0,11,32,0,2,0
20-02 16:16:30,9.002,20.754,68.263,0,0,1402516,800476,178164,5540432,10102.856,540.099,0,44.008,0,11.002,6049,4696,2.720,2.370,1.380,1,0,429.079,0,0,11,32,0,1,0
20-02 16:16:31,26.728,15.238,55.704,1.998,0,1422572,780404,178168,5540788,9535.210,539.559,0,1099.102,0,145.881,7170,8653,2.720,2.370,1.380,3,0,255.791,0,0,11,32,0,1,0
20-02 16:16:32,42.425,8.485,47.166,0.998,0.250,1524768,678092,178168,5541012,3088.519,539.043,0,447.206,0,53.904,2786,1602,2.720,2.370,1.380,2,0,14.973,0,0,11,33,0,1,0
20-02 16:16:33,45.799,4.255,47.801,1.502,0,1609228,593256,178184,5541300,7473.048,540.582,104.112,660.712,1.001,38.041,3766,3092,2.720,2.370,1.380,2,0,19.020,0,0,11,49,0,1,0
20-02 16:16:34,38.222,9.743,50.713,0,0,1650476,547712,178244,5545180,5941.648,539.605,0,999.268,0,118.913,7229,10367,2.590,2.340,1.380,1,0,153.887,0,0,11,48,0,1,0
20-02 16:16:35,16.992,15.492,64.718,1.499,0,1660424,537656,178248,5545200,9735.246,485.763,0,399.805,0,15.992,6823,8423,2.590,2.340,1.380,1,0,313.847,0,0,11,48,0,1,0
20-02 16:16:36,2.499,1.999,94.463,0,0,1659412,538668,178248,5545208,9713.166,539.787,0,115.954,0,12.995,1443,1978,2.590,2.340,1.380,0,0,29.988,0,0,11,48,0,1,0
20-02 16:16:37,0.500,0.750,97.518,0.250,0,1659412,538668,178248,5545208,5705.071,540.101,0,716.134,0,91.017,771,1110,2.590,2.340,1.380,0,0,3.001,0,0,11,48,0,1,0
20-02 16:16:38,0.500,0.250,97.964,0,0,1659412,538668,178248,5545208,9160.594,539.799,0,1411.475,0,91.966,785,1008,2.590,2.340,1.380,0,0,2.999,0,0,11,48,0,1,0
20-02 16:16:39,0.250,0.750,98.764,0,0,1659412,538668,178248,5545208,5976.869,540.079,0,0,0,0,620,916,2.380,2.300,1.370,0,0,2.000,0,0,11,48,0,1,0
20-02 16:16:40,11.003,8.752,79.021,0,0,1652800,545280,178248,5545556,11147.003,540.146,0,4.001,0,1.000,4340,5236,2.380,2.300,1.370,1,0,201.054,0,0,11,48,0,1,0
20-02 16:16:41,14.781,13.779,70.649,0.251,0,1701828,496252,178248,5545212,7137.013,541.138,0,4.008,0,1.002,5549,6580,2.380,2.300,1.370,3,0,259.546,0,0,11,48,0,1,0
20-02 16:16:42,17.265,18.015,63.554,0,0,1675104,522712,178248,5545752,6801.759,724.613,0,0,0,0,7826,9488,2.380,2.300,1.370,2,0,407.345,0,0,12,48,0,1,0
20-02 16:16:43,11.214,8.722,77.001,0.997,0,1658364,539476,178248,5545400,5825.143,538.258,0,637.935,0,48.842,3636,4112,2.380,2.300,1.370,0,0,200.351,0,0,12,64,0,1,0
20-02 16:16:44,11.254,11.254,76.775,0,0,1674912,522836,178248,5545440,3459.122,540.175,0,0,0,0,4100,4263,2.270,2.280,1.370,1,0,204.066,0,0,14,66,0,1,0
20-02 16:16:45,13.026,16.533,69.637,0,0,1652456,545268,178248,5545468,3880.645,541.066,0,24.047,0,5.010,5875,6584,2.270,2.280,1.370,1,0,339.669,0,0,14,66,0,2,0
20-02 16:16:46,8.751,20.753,68.759,0.500,0,1640536,557136,178248,5545500,7598.023,540.073,0,272.037,0,21.003,6057,4931,2.270,2.280,1.370,1,0,412.055,0,0,14,66,0,2,0
20-02 16:16:47,20.750,16.250,61.750,0,0,1668900,528748,178248,5545516,5431.035,624.004,0,368.002,0,25.000,6509,7910,2.270,2.280,1.370,3,0,258.002,0,0,14,66,0,2,0
20-02 16:16:48,30.277,24.021,45.040,0.250,0,1730108,467468,178260,5545580,9692.630,540.481,0,488.435,0,12.011,6960,5980,2.270,2.280,1.370,3,0,654.583,0,0,14,66,0,2,0
20-02 16:16:49,28.983,26.235,44.474,0,0,1899992,295840,178336,5547052,7497.585,539.682,19.988,47.972,1.999,8.995,8033,9647,2.250,2.280,1.370,2,0,634.626,0,0,14,70,0,4,0
20-02 16:16:50,37.619,18.934,41.854,0,0,1971380,224244,178336,5547220,6994.682,484.316,0,27.903,0,6.976,7390,8338,2.250,2.280,1.370,3,0,317.895,0,0,14,70,0,4,0
20-02 16:16:51,59.922,26.576,13.288,0,0,2071392,246828,172856,5433144,10515.246,541.558,0,28.081,0,7.020,5962,5144,2.250,2.280,1.370,4,0,582.676,0,0,14,70,0,4,0
20-02 16:16:52,67.042,19.190,13.707,0,0,2186764,131508,172728,5433404,3621.758,628.050,51.839,5841.866,5.981,238.260,6105,8982,2.250,2.280,1.370,4,0,342.935,0,0,14,70,0,4,0
20-02 16:16:53,70.723,22.491,4.248,1.749,0,2323416,165132,172104,5268292,3435.694,539.795,527.799,3310.742,72.972,109.958,6353,7426,2.250,2.280,1.370,5,0,448.829,0,0,14,74,0,4,0
20-02 16:16:54,69.024,20.833,5.522,4.518,0,2514600,129952,171464,5116424,7638.276,542.149,16.064,5296.996,4.016,309.226,8328,10841,2.630,2.360,1.400,4,2,415.648,0,0,14,76,0,4,0
20-02 16:16:55,51.253,21.001,16.001,11.751,0,2599640,178652,170772,4986744,6136.404,540.036,4.000,12096.797,1.000,497.033,10017,14259,2.630,2.360,1.400,11,1,385.025,0,0,14,76,0,4,0
20-02 16:16:56,61.013,12.503,11.502,12.753,0,2695272,149392,170772,4921816,6622.396,540.114,84.018,11590.444,4.001,343.072,8568,12071,2.630,2.360,1.400,3,1,140.030,0,0,14,79,0,4,0
20-02 16:16:57,58.236,8.748,22.245,10.747,0,2787688,197892,170872,4783616,5608.642,539.869,59.985,5038.780,4.999,266.935,6340,9417,2.630,2.360,1.400,5,0,30.992,0,0,14,82,0,7,0
20-02 16:16:58,52.011,22.505,22.005,2.250,0,2888624,162516,170880,4719548,8606.837,486.104,80.017,8737.865,13.003,563.120,11519,15397,2.630,2.360,1.400,2,1,544.116,0,0,14,95,0,13,0
20-02 16:16:59,24.499,18.250,53.499,2.000,0,2898852,150600,170880,4721672,5633.875,539.988,0,4595.898,0,108.998,8677,12748,2.580,2.350,1.400,1,1,388.991,0,0,14,93,0,14,0
20-02 16:17:00,39.878,10.717,45.361,3.489,0,3010184,173644,170884,4589936,3820.271,538.347,159.510,1016.878,3.988,51.841,3909,3084,2.580,2.350,1.400,2,1,126.611,0,0,14,94,0,14,0
20-02 16:17:01,26.549,13.024,50.594,8.766,0,3060968,188860,170916,4525268,3632.762,541.007,12.022,4816.966,3.006,278.518,5612,5760,2.580,2.350,1.400,1,0,219.408,0,0,14,97,0,15,0
20-02 16:17:02,7.502,19.256,71.271,0,0,3076016,173776,170916,4525304,8605.592,630.190,0,12.004,0,3.001,5722,4244,2.580,2.350,1.400,1,0,370.111,0,0,14,97,0,15,0
20-02 16:17:03,7.741,19.727,70.419,0.749,0,3078880,170880,170916,4525336,10145.333,539.380,0,159.816,0,12.985,5915,4552,2.580,2.350,1.400,1,0,371.573,0,0,14,97,0,15,0
20-02 16:17:04,20.478,5.244,73.173,0.250,0,3147056,169212,170916,4460828,9842.652,1997.899,0,43.954,0,6.993,2151,1517,2.450,2.330,1.400,0,0,32.965,0,0,14,98,0,15,0
20-02 16:17:05,18.034,3.507,77.394,0.501,0,3109184,207044,170920,4460864,27881.919,21723.451,32.060,697.298,2.004,26.049,2815,2896,2.450,2.330,1.400,1,0,17.032,0,0,14,99,0,16,0
20-02 16:17:06,20.963,5.241,72.872,0,0,3178136,138068,170920,4460888,6887.895,485.147,0,0,0,0,2236,1721,2.450,2.330,1.400,1,0,46.918,0,0,14,99,1,16,0
20-02 16:17:07,16.044,3.008,77.712,1.755,0,3173968,142220,170924,4460900,14791.302,7033.163,32.087,1861.071,2.005,55.150,2700,2801,2.450,2.330,1.400,1,0,2.005,0,0,14,106,0,16,0
20-02 16:17:08,22.933,5.733,61.571,7.977,0,3171560,143624,170932,4461816,5302.552,538.431,23.930,2121.818,1.994,202.410,6120,9938,2.450,2.330,1.400,0,1,2.991,0,0,14,109,0,16,0
20-02 16:17:09,21.573,7.526,61.961,8.278,0,3144440,170648,170932,4461912,10319.117,1688.747,32.109,4844.486,2.007,331.127,5209,6476,2.410,2.320,1.400,2,0,102.348,0,0,14,110,0,18,0
20-02 16:17:10,19.930,4.484,74.487,0.249,0.249,3202892,178488,170932,4397404,8273.810,2497.190,0,462.369,0,27.902,1908,1446,2.410,2.320,1.400,0,0,9.965,0,0,14,111,0,18,0
20-02 16:17:11,21.559,4.512,69.689,3.008,0,3196852,183892,170932,4398040,8254.437,4982.544,44.120,846.300,5.014,63.172,3334,5645,2.410,2.320,1.400,1,0,2.005,0,0,14,115,0,18,0
20-02 16:17:12,21.454,4.241,67.355,5.738,0,3199724,180848,170936,4398208,11041.151,3865.650,95.793,1337.112,5.987,140.696,4771,7233,2.410,2.320,1.400,2,0,5.987,0,0,14,118,0,19,0
20-02 16:17:13,40.958,10.989,47.451,0.250,0,3253892,126672,170936,4398216,7595.160,539.443,0,707.270,0,47.951,3886,2920,2.410,2.320,1.400,2,0,96.900,0,0,14,118,0,19,0
20-02 16:17:14,28.588,6.018,62.943,2.006,0,3205272,238064,170936,4336576,30291.976,23093.882,0,2692.263,0,327.004,3312,2225,2.220,2.280,1.400,1,0,55.169,0,0,14,118,0,20,0
20-02 16:17:15,20.198,2.992,75.557,0.249,0,3276516,166804,170936,4336592,8829.432,2499.611,0,414.939,0,26.931,1745,1361,2.220,2.280,1.400,0,0,0,0,0,14,119,0,20,0
20-02 16:17:16,18.001,5.750,75.252,0,0,3286820,156476,170936,4336616,24686.804,21177.690,0,124.004,0,8.000,2523,2048,2.220,2.280,1.400,1,0,52.002,0,0,14,118,0,21,0
20-02 16:17:17,18.750,3.000,77.501,0,0,3333176,173808,170936,4274412,16644.196,6286.074,0,0,0,0,1872,1364,2.220,2.280,1.400,1,0,0,0,0,14,119,0,21,0
20-02 16:17:18,16.757,6.253,72.279,4.002,0,3284880,222012,170936,4274504,10318.189,2509.019,16.006,1168.474,4.002,123.050,3849,4428,2.220,2.280,1.400,2,0,82.033,0,0,14,118,0,22,0
20-02 16:17:19,19.241,3.748,73.214,2.999,0,3321092,185800,170936,4274504,14435.900,2504.768,0,5117.483,0,418.794,2154,1382,2.040,2.240,1.390,0,0,0,0,0,14,119,0,22,0
20-02 16:17:20,18.754,5.751,74.516,0.250,0,3284940,221928,170936,4274528,26790.768,21115.546,0,600.129,0,36.008,2638,2079,2.040,2.240,1.390,1,0,55.012,0,0,14,118,0,23,0
20-02 16:17:21,18.750,2.000,77.751,0,0,3313388,193480,170936,4274528,12527.216,6253.108,0,0,0,0,1731,1272,2.040,2.240,1.390,1,0,0,0,0,14,119,0,23,0
20-02 16:17:22,21.567,4.765,65.204,7.273,0,3309864,196648,170936,4274884,7138.324,1429.470,88.276,2491.793,5.016,283.888,6470,10194,2.040,2.240,1.390,2,3,2.006,0,0,14,122,0,24,0
20-02 16:17:23,20.181,5.731,69.264,2.990,0,3302596,203884,170936,4274916,5815.216,1773.965,15.946,1502.887,0.997,110.624,4060,5108,2.040,2.240,1.390,1,0,52.820,0,0,14,121,0,25,0
20-02 16:17:24,19.810,2.257,76.984,1.003,0,3313788,192676,170936,4274932,12381.567,8700.398,0,1649.003,0,143.435,2194,1940,1.960,2.220,1.390,3,1,0,0,0,14,122,0,25,0
20-02 16:17:25,19.193,5.733,66.304,6.481,0,3314444,191868,170936,4275084,10486.989,2430.812,111.670,4227.499,5.982,378.880,5180,7483,1.960,2.220,1.390,2,1,0,0,0,14,122,0,25,0
20-02 16:17:26,30.499,7.250,55.999,5.750,0,3268212,238036,170936,4275148,6719.875,1405.974,0,3415.937,0,227.996,6461,9357,1.960,2.220,1.390,2,0,69.999,0,0,14,121,0,26,0
20-02 16:17:27,19.496,2.500,75.485,1.500,0,3312372,193860,170936,4275164,12425.549,6251.767,0,583.885,0,37.993,1990,1817,1.960,2.220,1.390,1,0,1.000,0,0,14,122,0,26,0
20-02 16:17:28,18.795,10.024,68.913,1.754,0,3320472,185556,170936,4277600,8905.119,4459.576,24.057,1363.233,2.005,138.328,4896,7948,1.960,2.220,1.390,2,0,182.433,0,0,14,121,0,27,0
20-02 16:17:29,21.232,2.997,73.938,1.249,0,3328948,177076,170936,4275372,12995.152,6245.786,0,711.406,0,38.967,2339,7424,1.960,2.220,1.390,1,0,1.998,0,0,14,122,0,28,0
20-02 16:17:30,17.475,2.247,76.889,1.248,0,3327960,178052,170936,4275384,11873.912,6254.000,0,1781.436,0,72.895,3270,4030,1.960,2.220,1.390,2,0,0,0,0,14,122,0,28,0
20-02 16:17:31,25.543,7.513,65.109,1.252,0,3328428,177420,170940,4275512,4356.262,1933.223,32.053,1266.111,2.003,116.194,6607,9903,1.960,2.220,1.390,1,1,4.007,0,0,14,124,0,28,0
20-02 16:17:32,37.194,13.480,42.436,5.242,0,3321268,184480,170940,4275612,5688.383,1154.251,0,1721.392,0,166.747,10230,15673,1.960,2.220,1.390,2,0,285.567,0,0,14,123,0,28,0
20-02 16:17:33,28.771,3.502,64.296,2.252,0,3353272,152292,170940,4275780,15177.831,7111.075,0,1160.828,0,106.076,4592,6078,1.960,2.220,1.390,1,0,0,0,0,14,125,0,28,0
20-02 16:17:34,11.011,15.765,71.069,0.500,0,3336164,169368,170940,4275812,7624.432,1470.433,4.004,652.636,1.001,39.038,5221,4108,1.890,2.200,1.390,2,0,315.307,0,0,14,123,0,29,0
20-02 16:17:35,13.265,19.022,66.077,1.251,0,3277856,227664,170940,4276300,8026.336,630.734,0,680.792,0,46.054,6520,6676,1.890,2.200,1.390,1,0,386.450,0,0,14,123,0,29,0
20-02 16:17:36,25.708,17.721,54.162,0.998,0,3297420,208068,170940,4275876,10156.500,539.124,0,1385.749,0,82.865,6815,7618,1.890,2.200,1.390,2,0,369.400,0,0,14,123,0,29,0
20-02 16:17:37,33.801,23.035,43.065,0.250,0,3353516,151648,170952,4276632,11397.163,624.941,0,512.772,0,41.062,7100,8614,1.890,2.200,1.390,3,0,515.777,0,0,14,126,0,29,0
20-02 16:17:38,37.749,16.250,44.499,0.750,0,3428808,138884,170956,4215492,6436.805,609.982,95.997,523.984,4.000,14.000,6598,7570,1.890,2.200,1.390,5,0,382.988,0,0,16,129,0,29,0
20-02 16:17:39,57.959,27.980,12.741,0.250,0,3583428,165876,170964,4038944,3843.314,485.661,15.989,2538.226,3.997,156.890,8187,16127,2.860,2.400,1.460,6,0,593.585,0,0,16,135,0,29,0
20-02 16:17:40,53.069,17.273,24.532,5.007,0,3673872,125536,170756,3989420,3939.133,540.705,32.042,6668.690,3.004,481.628,8300,11747,2.860,2.400,1.460,2,0,344.449,0,0,16,151,0,29,0
20-02 16:17:41,36.503,22.752,39.003,0.750,0,3735168,149968,170728,3904224,7696.587,540.041,0,800.061,0,20.002,7729,6014,2.860,2.400,1.460,2,0,605.046,0,0,16,151,0,29,0
20-02 16:17:42,18.434,17.936,62.028,0.249,0,3762716,122344,170732,3904672,5443.492,627.750,11.957,565.972,2.989,51.814,6900,8887,2.860,2.400,1.460,1,0,348.750,0,0,17,153,0,29,0
20-02 16:17:43,29.304,21.539,47.837,0.501,0,3801720,183000,170732,3805880,7849.332,540.988,8.015,476.871,2.004,36.066,6603,6294,2.860,2.400,1.460,2,0,520.951,0,0,17,153,0,29,0
20-02 16:17:44,42.768,18.258,37.516,0.500,0,3916280,119032,170624,3756336,7817.270,540.226,24.010,1152.482,6.003,118.049,7569,9608,3.190,2.470,1.490,7,0,318.133,0,0,17,165,0,29,0
20-02 16:17:45,32.044,25.786,37.802,4.256,0,3986864,154412,170624,3652976,6900.533,540.747,148.205,8139.244,3.004,716.990,9003,9501,3.190,2.470,1.490,2,0,733.013,0,0,17,165,0,29,0
20-02 16:17:46,26.501,23.501,46.502,2.500,0,4049444,158196,170624,3588144,5682.275,540.026,24.001,828.040,6.000,56.003,8669,10919,3.190,2.470,1.490,1,0,607.029,0,0,17,171,0,29,0
20-02 16:17:47,17.683,15.939,65.003,0,0,4063496,144120,170624,3588520,3490.738,553.896,0,143.455,0,10.958,6980,9045,3.190,2.470,1.490,2,0,316.796,0,0,17,171,0,29,0
20-02 16:17:48,41.230,9.745,46.228,1.000,0,4191004,217128,170624,3392728,10063.208,539.743,83.960,455.783,3.998,26.987,4518,3642,3.190,2.470,1.490,3,0,120.942,0,0,17,177,0,28,0
20-02 16:17:49,44.292,7.007,47.045,1.251,0,4326360,136872,170624,3338636,7619.241,540.514,100.095,452.430,10.010,34.032,3392,2280,3.090,2.460,1.490,4,0,6.006,0,0,17,177,0,28,0
20-02 16:17:50,32.606,16.052,49.159,1.756,0,4249628,213124,170628,3339112,3097.032,541.755,144.468,742.405,5.016,62.201,6007,6528,3.090,2.460,1.490,4,0,433.404,0,0,17,197,0,28,0
20-02 16:17:51,34.120,21.419,41.343,1.245,0,4295464,165692,170632,3341116,14909.336,6229.325,171.349,422.395,1.992,33.871,8725,11624,3.090,2.460,1.490,4,0,546.921,0,0,17,200,0,28,0
20-02 16:17:52,53.195,21.328,22.834,2.760,0,4351948,141092,170644,3309572,7958.173,3615.253,1023.753,393.442,18.066,23.085,7107,7629,3.090,2.460,1.490,4,0,298.093,0,0,17,204,0,27,0
20-02 16:17:53,62.663,11.234,18.974,6.491,0,4465840,142776,170652,3196868,15776.113,8711.914,1621.750,822.858,31.956,13.981,4845,4382,3.090,2.460,1.490,3,0,20.971,0,0,17,209,0,27,0
20-02 16:17:54,52.075,10.766,14.771,21.782,0,4479068,170868,170716,3156020,9666.986,3261.719,6076.792,2723.941,334.484,142.206,5914,5915,3.160,2.490,1.500,4,0,28.041,0,0,17,220,0,28,0
20-02 16:17:55,49.199,18.481,31.467,0.749,0,4528396,250012,170752,3031108,9521.061,6192.536,47.950,947.011,1.998,39.958,7717,9598,3.160,2.490,1.500,2,0,358.626,0,0,17,220,0,33,0
20-02 16:17:56,35.283,21.520,38.787,2.502,0,4520220,256356,170756,3033284,12656.944,5727.405,164.155,1181.115,12.011,70.066,8363,11618,3.160,2.490,1.500,12,0,427.403,0,0,17,221,0,34,0
20-02 16:17:57,52.455,20.982,23.480,2.498,0,4600644,173512,170768,3035320,12550.303,6247.675,39.966,9156.196,2.997,52.955,6901,7430,3.160,2.490,1.500,4,0,432.631,0,0,17,222,0,34,0
20-02 16:17:58,52.801,23.022,20.770,2.502,0,4586996,218288,170784,3005348,10224.901,5793.610,1008.977,1129.093,44.043,65.063,8417,11131,3.160,2.490,1.500,3,0,401.389,0,0,17,223,0,36,0
20-02 16:17:59,54.733,22.993,18.494,3.249,0,4711488,169304,170784,2930872,13590.699,6251.022,339.892,823.739,11.996,43.986,8230,11308,3.230,2.520,1.520,4,0,478.848,0,0,17,226,0,38,0
20-02 16:18:00,53.440,20.477,21.226,3.995,0,4690772,227780,170796,2894680,11499.007,5781.467,471.467,5381.919,24.972,88.900,9234,15132,3.230,2.520,1.520,2,1,348.606,0,0,17,233,0,31,0
20-02 16:18:01,65.042,17.261,13.008,4.503,0,4870180,134844,170796,2809748,9943.460,6124.979,144.094,5635.661,13.008,680.442,6899,7098,3.230,2.520,1.520,4,0,198.129,0,0,17,238,0,31,0
20-02 16:18:02,57.574,11.714,24.924,4.237,0,4876156,176216,170804,2763040,20465.529,12343.322,1284.080,1196.348,56.827,51.842,10467,20262,3.230,2.520,1.520,7,1,19.939,0,0,17,243,0,33,0
20-02 16:18:03,55.650,10.278,28.827,4.512,0,4960460,148980,170584,2707240,8985.143,5336.338,1688.537,902.425,63.170,76.205,5870,8138,3.230,2.520,1.520,2,0,14.038,0,0,17,248,0,37,0
20-02 16:18:04,48.046,26.776,23.522,1.251,0,4892800,212936,170844,2710616,17944.163,9083.688,4043.868,1800.722,61.058,86.082,8047,8945,3.210,2.520,1.520,4,0,603.577,0,0,17,247,0,37,0
20-02 16:18:05,54.142,20.862,23.842,0.248,0,4948624,156848,170844,2711188,13331.813,6277.476,1037.140,906.007,9.934,29.803,8066,10774,3.210,2.520,1.520,4,0,351.674,0,0,17,248,0,37,0
20-02 16:18:06,67.437,16.546,9.025,5.515,0,5002832,196408,170852,2618752,12165.757,5734.913,1452.029,2478.878,69.192,202.562,6526,6408,3.210,2.520,1.520,4,1,175.487,0,0,18,250,0,38,0
20-02 16:18:07,66.952,10.493,7.994,13.740,0,5149632,153168,170856,2518180,13063.731,6248.566,3253.691,11180.067,165.882,566.598,5579,3648,3.210,2.520,1.520,3,4,13.990,0,0,18,251,0,38,0
20-02 16:18:08,71.077,12.558,10.297,7.032,0,5103500,223196,170884,2494832,13144.448,5751.449,1523.004,2820.973,51.236,176.813,8240,10270,3.210,2.520,1.520,5,0,54.249,0,0,18,257,0,42,0
20-02 16:18:09,43.497,12.249,37.998,4.500,0,5207496,151612,170888,2463184,8634.455,7157.548,1223.923,2727.828,31.998,214.986,6004,6977,3.120,2.510,1.530,1,2,181.989,0,0,18,261,0,42,0
20-02 16:18:10,35.098,8.712,52.025,3.236,0,5230468,161640,170896,2431248,20779.268,7860.058,665.128,1561.258,15.931,104.549,4620,5745,3.120,2.510,1.530,2,0,12.944,0,0,18,266,0,43,0
20-02 16:18:11,41.928,11.298,42.430,3.264,0,5229940,143732,170896,2449620,16628448.624,156806.880,3060.999,618.627,33.141,49.209,10907,6732,3.120,2.510,1.530,4,0,130.554,0,0,18,267,0,43,0
20-02 16:18:12,36.227,9.744,53.466,0.250,0,5233816,171976,170896,2418428,12544.058,5721.378,15.990,579.633,0.999,52.966,4685,4687,3.120,2.510,1.530,2,0,140.911,0,0,18,266,0,44,0
20-02 16:18:13,34.700,5.242,57.167,1.498,0,5259636,178292,170896,2387792,23224.447,15288.912,31.954,655.054,1.997,60.912,4302,4922,3.120,2.510,1.530,3,0,3.994,0,0,18,279,0,42,0
20-02 16:18:14,21.695,4.239,65.584,5.985,0,5236204,201176,170896,2388340,263355.932,10662318.869,482.777,770.050,26.932,70.821,5664,5847,3.110,2.520,1.540,1,0,37.904,0,0,18,276,0,44,0
20-02 16:18:15,2.500,0.750,92.252,2.750,0,5219588,217812,170896,2388340,178015.116,5780677.197,0,2204.039,0,240.004,2037,2188,3.110,2.520,1.540,0,0,0,0,0,18,276,0,44,0
20-02 16:18:16,1.750,0.750,95.754,0.500,0,5217412,219988,170896,2388340,8576.335,540.021,0,508.020,0,20.001,1298,1796,3.110,2.520,1.540,1,0,1.000,0,0,18,276,0,44,0
20-02 16:18:17,11.046,2.260,83.100,2.511,0,5213856,223400,170908,2388472,7014790.685,25246.202,80.338,9805.247,5.021,95.401,4626,5188,3.110,2.520,1.540,1,0,1.004,0,0,18,282,0,42,0
20-02 16:18:18,17.224,11.233,69.646,0.749,0,5129032,291900,170908,2404752,9522693.395,91854.502,59.910,563.157,3.994,36.945,8655,9114,3.110,2.520,1.540,3,0,256.616,0,0,18,278,0,46,0
20-02 16:18:19,20.194,7.978,68.312,2.244,0,5193400,227504,170908,2404780,7420.562,538.517,0,327.099,0,23.934,3670,3639,3.180,2.550,1.550,1,0,207.429,0,0,18,278,0,46,0
20-02 16:18:20,13.274,14.026,70.880,0.501,0,5201544,219368,170908,2404812,9423.298,540.993,0,356.655,0,22.040,4931,4044,3.180,2.550,1.550,1,0,248.456,0,0,18,280,0,46,0
20-02 16:18:21,8.736,19.219,70.385,0.749,0,5181492,239368,170908,2404864,5444.132,539.122,3.993,2647.687,0.998,47.922,6499,5789,3.180,2.550,1.550,0,0,421.314,0,0,18,280,0,44,0
20-02 16:18:22,2.509,1.004,95.602,0,0,5153144,267716,170908,2404864,7540.734,541.993,0,1702.261,0,9.033,1214,1657,3.180,2.550,1.550,1,0,9.033,0,0,18,280,0,44,0
20-02 16:18:23,20.665,4.980,67.224,5.477,0,5197668,223180,170908,2404876,10902.216,2495.748,0,16006.249,0,38.840,2259,1927,3.180,2.550,1.550,0,0,0,0,0,18,281,0,44,0
20-02 16:18:24,16.078,6.783,75.366,0.754,0,5180304,240324,170908,2405096,14729.437,7544.591,64.312,100.487,4.019,12.058,3761,3599,2.920,2.510,1.540,1,0,101.492,0,0,18,284,0,45,0
20-02 16:18:25,11.227,15.967,70.353,0.499,0,5151004,269480,170912,2405220,5089.378,538.875,15.967,303.367,3.992,0.998,5447,4280,2.920,2.510,1.540,1,0,220.540,0,0,18,284,0,43,0
20-02 16:18:26,12.260,15.763,70.810,0.250,0,5152536,267436,170912,2405716,5765.903,486.414,4.003,0,1.001,0,5659,4758,2.920,2.510,1.540,1,0,280.238,0,0,18,284,0,43,0
20-02 16:18:27,23.420,3.986,70.260,1.246,0,5221020,198944,170912,2405724,8655.489,538.165,31.891,980.656,0.997,162.446,2665,2583,2.920,2.510,1.540,1,1,1.993,0,0,18,284,0,43,0
20-02 16:18:28,23.004,3.251,67.012,5.501,0,5266888,152648,170912,2406152,5786.073,624.116,388.072,4564.847,12.002,416.077,3403,3487,2.920,2.510,1.540,1,0,7.001,0,0,18,292,0,43,0
20-02 16:18:29,28.239,5.998,62.225,2.749,0,5176440,268580,170912,2381788,3135.740,539.783,191.923,291.883,11.995,17.993,3381,10481,2.850,2.500,1.540,4,0,40.984,0,0,18,288,0,41,0
20-02 16:18:30,23.012,3.252,72.039,0,0,5219936,225068,170912,2381804,9291.973,540.289,0,256.137,0,14.007,2204,1864,2.850,2.500,1.540,1,0,3.002,0,0,18,288,0,41,0
20-02 16:18:31,20.237,4.247,73.953,1.749,0.250,5208012,236980,170912,2381816,12423.144,7751.098,3.997,435.724,0.999,44.972,3023,3257,2.850,2.500,1.540,2,0,15.990,0,0,18,290,0,42,0
20-02 16:18:32,24.256,2.751,72.518,0,0,5259856,185136,170912,2381816,6988.754,540.136,0,0,0,0,2044,1586,2.850,2.500,1.540,1,0,0,0,0,18,290,0,42,0
20-02 16:18:33,14.314,13.812,69.311,1.758,0,5242788,202020,170916,2381996,5093.825,542.431,409.836,2298.299,6.027,418.877,5397,4529,2.850,2.500,1.540,1,0,344.544,0,0,18,290,0,41,0
20-02 16:18:34,17.430,9.462,69.970,1.245,0,5233688,210860,171052,2382132,3846.600,484.062,163.346,318.724,4.980,25.896,4346,3909,2.780,2.490,1.550,1,0,254.979,0,0,18,290,0,41,0
20-02 16:18:35,19.823,2.760,77.285,0,0,5232788,210860,171088,2382996,15699.972,2659.821,0,132.489,0,3.011,2137,1795,2.780,2.490,1.550,1,0,17.063,0,0,18,291,0,41,0
20-02 16:18:36,21.762,3.002,72.290,1.501,0,5205120,233088,171580,2387848,6823.820,714.400,0,836.468,0,7.004,2256,1948,2.780,2.490,1.550,2,0,4.002,0,0,18,290,0,41,0
20-02 16:18:37,17.991,2.499,75.964,2.499,0,5209704,222792,172088,2392908,14809.924,3723.221,31.985,1435.314,1.999,30.985,2219,2153,2.780,2.490,1.550,1,0,17.991,0,0,18,290,0,40,0
20-02 16:18:38,19.436,5.482,71.763,2.741,0,5219732,212208,172112,2393440,12057.159,1871.815,19.934,793.378,2.990,28.904,11143,20403,2.780,2.490,1.550,6,0,11.960,0,0,18,291,0,40,0
20-02 16:18:39,16.520,3.754,76.090,1.502,0,5221544,209940,172164,2393848,12187.426,2211.618,212.251,296.351,11.013,10.012,10473,19940,2.640,2.460,1.540,1,0,10.012,0,0,18,291,0,40,0
20-02 16:18:40,21.213,4.991,72.374,0,0,5229216,211940,172284,2384056,6650.390,712.756,0,826.557,0,23.958,2499,2230,2.640,2.460,1.540,1,0,10.981,0,0,18,290,0,40,0
20-02 16:18:41,17.211,11.723,68.344,2.245,0,5210520,230708,172284,2384048,6766.589,538.773,0,16642.097,0,43.900,4592,4530,2.640,2.460,1.540,2,0,267.391,0,0,18,290,0,40,0
20-02 16:18:42,21.043,2.004,74.903,1.002,0,5238016,203024,172284,2384236,10677.865,6265.830,0,256.525,0,21.043,2382,2428,2.640,2.460,1.540,1,0,1.002,0,0,18,291,0,40,0
20-02 16:18:43,18.749,8.749,70.995,0.500,0,5197760,243244,172284,2384276,12853.148,5039.666,19.999,251.983,2.000,22.998,3849,3589,2.640,2.460,1.540,1,0,122.992,0,0,18,290,0,43,0
20-02 16:18:44,20.501,2.500,76.505,0,0,5236768,204232,172284,2384280,11135.750,6319.426,0,80.005,0,6.000,2140,1884,2.510,2.440,1.540,2,0,0,0,0,18,291,0,43,0
20-02 16:18:45,20.739,4.997,72.211,0,0,5256380,184612,172284,2384288,10636.219,3449.125,0,0,0,0,2955,2667,2.510,2.440,1.540,2,0,69.962,0,0,18,290,0,44,0
20-02 16:18:46,19.255,2.251,77.519,0,0,5253384,187596,172284,2384300,18672.551,13569.307,0,944.230,0,88.021,2472,2209,2.510,2.440,1.540,1,0,1.000,0,0,18,290,0,45,0
20-02 16:18:47,21.332,6.274,71.775,0.251,0,5216944,224020,172284,2384316,9837.679,542.076,0,112.431,0,14.054,2825,2407,2.510,2.440,1.540,1,0,56.215,0,0,18,290,0,45,0
20-02 16:18:48,18.739,3.748,74.706,1.499,0,5202012,238944,172284,2384332,19379.669,10754.712,0,1786.955,0,102.940,3120,3270,2.510,2.440,1.540,3,0,31.981,0,0,18,290,0,49,0
20-02 16:18:49,21.684,3.988,73.776,0.498,0,5221088,219860,172284,2384340,5008.779,2498.408,0,705.855,0,44.864,2318,2111,2.310,2.400,1.530,0,0,1.994,0,0,18,291,0,49,0
20-02 16:18:50,19.078,4.518,73.800,1.506,0,5195320,245416,172284,2384552,13064.123,9455.449,64.261,1040.230,3.012,76.310,5043,7091,2.310,2.400,1.530,4,0,48.196,0,0,18,292,0,50,0
20-02 16:18:51,23.914,4.235,70.248,0.996,0,5250000,190696,172284,2384592,8575.196,2497.030,31.885,282.983,1.993,23.914,2785,2741,2.310,2.400,1.530,0,0,0,0,0,18,293,0,50,0
20-02 16:18:52,18.565,5.268,74.259,0.251,0,5253396,187256,172288,2384632,16810.714,8825.825,0,445.556,0,30.105,3176,2956,2.310,2.400,1.530,1,0,32.112,0,0,18,292,0,53,0
20-02 16:18:53,19.937,3.240,75.762,0.249,0,5297396,143248,172288,2384640,14554.211,6233.389,0,135.573,0,11.962,2238,2010,2.310,2.400,1.530,5,0,0,0,0,18,293,0,53,0
20-02 16:18:54,14.800,5.268,78.265,0.753,0,5278848,161776,172288,2384660,10397.158,5745.428,0,2496.442,0,377.276,3707,3473,2.280,2.390,1.530,1,0,100.339,0,0,18,292,0,53,0
20-02 16:18:55,3.982,4.729,86.865,3.236,0,5268608,170804,172832,2385328,12645.979,3370.071,1119.043,226.994,249.893,16.925,2581,3040,2.280,2.390,1.530,0,0,79.647,0,0,18,294,0,53,0
20-02 16:18:56,5.248,6.748,85.225,1.250,0,5237752,201524,172836,2385460,20392.980,3910.845,79.976,587.826,4.999,24.993,3008,3106,2.280,2.390,1.530,0,0,125.963,0,0,18,294,0,54,0
20-02 16:18:57,7.502,11.753,79.020,0.500,0,5214712,224424,172840,2385596,5249.307,1539.383,72.018,600.149,6.001,40.010,4292,3976,2.280,2.390,1.530,2,0,209.052,0,0,18,292,0,55,0
20-02 16:18:58,16.002,3.250,70.257,9.001,0,5220692,210152,172844,2393876,6743.704,486.051,1688.176,1008.105,181.019,33.003,2787,3086,2.280,2.390,1.530,2,0,7.001,0,0,18,292,0,48,0
20-02 16:18:59,20.507,2.751,75.526,1.501,0,5227788,198824,172844,2398028,12867.399,2612.893,76.026,828.283,6.002,15.005,2250,2117,2.180,2.370,1.530,0,1,16.005,0,0,18,293,0,48,0
20-02 16:19:00,15.499,4.500,75.744,2.750,0,5202088,219608,172852,2402904,9204.315,2956.780,1007.925,1911.858,10.999,75.994,2947,2865,2.180,2.370,1.530,1,0,38.997,0,0,18,292,0,48,0
20-02 16:19:01,13.283,12.782,69.424,3.258,0,5182172,237620,172852,2404792,7187.979,541.354,753.886,2209.527,10.025,84.211,5277,5230,2.180,2.370,1.530,1,0,264.662,0,0,18,292,0,48,0
20-02 16:19:02,19.707,2.993,76.083,0.249,0,5225784,194004,172852,2404796,10905.109,6239.331,0,31.930,0,2.993,2213,2015,2.180,2.370,1.530,1,0,0,0,0,18,293,0,41,0
20-02 16:19:03,21.498,5.749,72.493,0.250,0,5193612,226152,172856,2404816,26132.500,17362.339,4.000,51.995,1.000,3.000,2883,2432,2.180,2.370,1.530,2,0,46.996,0,0,18,292,0,43,0
20-02 16:19:04,18.994,2.249,75.977,1.000,0,5219816,199836,172856,2404928,15266.417,8115.564,79.976,219.934,4.998,24.992,2546,2467,2.080,2.350,1.530,0,1,0,0,0,18,293,0,44,0
20-02 16:19:05,21.011,4.753,72.288,1.001,0,5247068,172512,172856,2405000,5297.818,1816.967,80.043,0,5.003,0,2397,2047,2.080,2.350,1.530,1,0,14.007,0,0,18,292,0,45,0
20-02 16:19:06,15.243,2.499,78.716,1.999,0,5256736,162724,172856,2405120,13720.026,7032.938,127.944,559.756,7.997,31.986,2353,2533,2.080,2.350,1.530,1,0,1.000,0,0,18,293,0,38,0
20-02 16:19:07,20.505,4.501,63.514,10.252,0,5236036,181568,172856,2406976,9164.065,1780.401,1696.382,1488.335,59.013,169.038,5210,7507,2.080,2.350,1.530,1,0,6.001,0,0,18,294,0,39,0
20-02 16:19:08,20.825,2.760,74.267,1.756,0,5240956,176644,172856,2406980,6298.683,6143.123,0,453.634,0,35.127,2292,2286,2.080,2.350,1.530,0,0,0,0,0,18,295,0,39,0
20-02 16:19:09,18.690,3.240,70.771,5.731,0,5228084,189304,172856,2407192,15023.462,4543.321,47.845,3058.120,1.994,390.738,4413,5608,2.080,2.340,1.530,2,1,0,0,0,18,295,0,39,0
20-02 16:19:10,11.793,19.070,65.993,1.756,0,5145148,272192,172860,2407236,8017.480,1772.518,0,2842.452,0,201.742,7332,7865,2.080,2.340,1.530,1,0,567.085,0,0,18,294,0,34,0
20-02 16:19:11,8.993,22.234,66.202,1.249,0,5150732,266568,172860,2407276,7518.495,539.605,0,459.663,0,39.971,7475,7190,2.080,2.340,1.530,1,0,677.504,0,0,18,294,0,34,0
20-02 16:19:12,8.753,22.258,67.024,0.750,0,5145312,271932,172868,2407324,6994.512,540.194,8.003,2072.744,2.001,52.019,7356,6995,2.080,2.340,1.530,1,0,672.241,0,0,18,294,0,34,0
20-02 16:19:13,9.248,23.244,66.982,0.250,0,5158820,258380,172868,2407368,4219.872,539.856,0,435.884,0,35.990,7482,7260,2.080,2.340,1.530,1,0,709.810,0,0,18,294,0,34,0
20-02 16:19:14,8.493,21.981,67.693,0.250,0,5148872,268292,172868,2407404,8171.121,485.591,0,247.791,0,22.981,7200,6589,2.070,2.330,1.530,1,0,662.442,0,0,18,294,0,30,0
20-02 16:19:15,10.012,19.524,68.584,0.751,0,5165160,251956,172868,2407452,6990.518,540.659,0,324.395,0,24.029,6377,5656,2.070,2.330,1.530,1,0,510.622,0,0,18,294,0,30,0
20-02 16:19:16,18.941,6.480,70.530,2.741,0,5172884,342100,173060,2321240,7146.711,538.321,3.988,2655.717,0.997,17.944,2896,2801,2.070,2.330,1.530,1,0,43.863,0,0,18,294,0,30,0
20-02 16:19:17,19.983,1.998,72.190,4.246,0,5186912,325100,173120,2324160,12154.859,1970.356,7.993,4312.402,0.999,141.882,2454,2027,2.070,2.330,1.530,0,0,15.987,0,0,18,295,0,30,0
20-02 16:19:18,12.998,1.750,80.738,4.249,0,5198032,313084,173152,2325060,24057.296,8567.681,663.898,951.853,41.994,29.995,1999,2014,2.070,2.330,1.530,1,0,0,0,0,18,295,0,25,0
20-02 16:19:19,12.250,1.250,78.498,5.750,0,5204308,305748,173200,2326068,28233.214,11469.681,547.985,1843.949,52.999,77.998,2229,2502,1.980,2.310,1.530,2,0,0,0,0,18,295,0,25,0
20-02 16:19:20,17.244,1.499,77.222,3.499,0,5225176,283540,173236,2327368,15762.374,8295.040,1135.595,1071.618,52.981,34.988,2019,1904,1.980,2.310,1.530,1,0,0,0,0,18,295,0,25,0
20-02 16:19:21,15.503,1.500,79.014,3.001,0,5222664,285044,173292,2328312,20196.546,11459.012,672.118,1608.282,61.011,65.011,2242,2439,1.980,2.310,1.530,1,1,0,0,0,18,295,0,25,0
20-02 16:19:22,15.501,1.500,77.007,4.250,0,5236048,270500,173344,2329416,23069.114,10624.974,864.079,2604.239,62.006,126.012,2331,2521,1.980,2.310,1.530,0,1,0,0,0,18,295,0,25,0
20-02 16:19:23,15.708,2.743,68.318,11.470,0,5247428,223816,173348,2364676,6694.202,646.282,14453.573,2804.544,151.597,113.698,2430,2563,1.980,2.310,1.530,2,0,0.997,0,0,18,295,0,25,0
20-02 16:19:24,21.811,3.008,70.950,4.262,0,5263664,191332,173624,2380380,7508.122,541.523,0,2198.184,0,57.161,2454,2356,1.990,2.310,1.530,0,1,0,0,0,18,295,0,25,0
20-02 16:19:25,22.502,2.250,72.005,1.750,0,5285036,158092,173624,2392000,9370.690,540.040,0,592.044,0,17.001,2295,2047,1.990,2.310,1.530,0,1,0,0,0,18,295,0,25,0
20-02 16:19:26,21.253,2.250,72.260,3.500,0,5270820,150040,173744,2413892,8888.176,540.071,0,2332.309,0,101.013,2623,2609,1.990,2.310,1.530,1,0,1.000,0,0,18,295,0,24,0
20-02 16:19:27,20.256,2.501,71.520,4.501,0,5263412,141260,174120,2429404,5419.536,540.153,0,3288.932,0,121.034,2733,2973,1.990,2.310,1.530,1,0,1.000,0,0,18,295,0,24,0
20-02 16:19:28,21.990,1.999,70.719,3.249,0,5254008,152980,174688,2426636,3399.521,539.765,0,2219.034,0,82.964,2678,2795,1.990,2.310,1.530,2,0,1.000,0,0,18,295,0,24,0
20-02 16:19:29,27.510,6.002,65.023,1.000,0,5209208,213384,174760,2410572,7182.545,660.234,84.030,1208.428,5.002,36.013,3717,13007,1.910,2.280,1.530,1,0,55.019,0,0,18,294,0,25,0
20-02 16:19:30,19.504,2.000,75.767,1.750,0,5220520,196348,174856,2415944,12940.940,2820.641,0,1264.287,0,17.004,2226,1978,1.910,2.280,1.530,1,0,17.004,0,0,18,294,0,24,0
20-02 16:19:31,20.235,2.748,74.445,2.248,0,5229680,186732,174860,2416292,10549.220,3470.440,0,779.425,0,45.966,2664,2685,1.910,2.280,1.530,2,0,17.987,0,0,18,295,0,24,0
20-02 16:19:32,21.001,5.750,66.754,4.000,0,5212764,197160,175032,2421660,7431.419,714.040,4.000,15152.854,1.000,149.008,10867,19804,1.910,2.280,1.530,1,0,14.001,0,0,18,294,0,24,0
20-02 16:19:33,23.254,5.501,69.762,1.000,0,5221384,188112,175040,2421996,7677.312,540.092,0,168.029,0,2.000,9624,17534,1.910,2.280,1.530,1,0,13.002,0,0,18,294,0,24,0
20-02 16:19:34,20.563,5.015,72.222,1.003,0,5181516,240408,175044,2410684,9281.476,541.662,0,1665.109,0,15.046,2567,2147,1.830,2.260,1.530,1,0,17.052,0,0,18,294,0,24,0
20-02 16:19:35,23.999,4.750,69.497,0,0,5182668,239308,175044,2410696,5834.717,539.974,0,0,0,0,10319,18958,1.830,2.260,1.530,1,0,47.998,0,0,18,294,0,23,0
20-02 16:19:36,18.774,3.004,76.596,0.751,0,5213824,207280,175044,2411568,11314.219,2595.261,0,700.881,0,3.004,2205,1929,1.830,2.260,1.530,1,0,34.043,0,0,18,295,0,23,0
20-02 16:19:37,22.925,3.489,71.018,1.744,0,5213480,202428,175044,2416412,8091.553,711.674,0,897.068,0,11.961,2272,1978,1.830,2.260,1.530,1,0,8.971,0,0,18,294,0,23,0
20-02 16:19:38,18.740,2.998,75.209,1.749,0,5205868,204184,175044,2421484,13581.516,3644.991,0,1143.370,0,24.986,6247,10589,1.830,2.260,1.530,1,0,15.991,0,0,18,294,0,23,0
20-02 16:19:39,22.492,7.247,67.476,0.250,0,5206580,202840,175044,2422036,4639.384,539.812,31.989,803.720,1.000,28.990,16153,30251,1.930,2.270,1.540,3,0,20.993,0,0,18,294,0,23,0
20-02 16:19:40,20.507,5.752,72.275,0.750,0,5181804,239836,175056,2410876,9345.177,540.184,0,1696.577,0,179.061,2750,2189,1.930,2.270,1.540,1,0,12.004,0,0,18,294,0,23,0
20-02 16:19:41,23.080,5.268,67.733,3.010,0,5176192,245576,175056,2410764,7093.446,541.867,0,477.646,0,31.107,3136,2928,1.930,2.270,1.540,3,0,71.246,0,0,18,294,0,23,0
20-02 16:19:42,22.911,3.736,69.979,1.494,0,5168884,244452,175056,2418940,7134.354,537.916,0,1012.078,0,23.907,3042,3005,1.930,2.270,1.540,1,0,43.830,0,0,18,294,0,23,0
20-02 16:19:43,19.752,2.750,75.006,1.750,0,5181360,229136,175056,2421380,11892.935,3276.258,4.000,824.065,1.000,21.002,2372,2342,1.930,2.270,1.540,1,1,23.002,0,0,18,295,0,22,0
20-02 16:19:44,15.745,1.500,80.476,1.250,0,5194356,215808,175056,2421616,20079.047,12016.437,0,1603.525,0,65.980,2162,2414,1.850,2.250,1.530,0,0,0,0,0,18,295,0,22,0
20-02 16:19:45,10.250,2.000,82.753,3.000,0,5194808,214700,175056,2422152,177487.879,15345.508,0,1904.063,0,78.003,2129,2189,1.850,2.250,1.530,1,0,0,0,0,18,296,0,22,0
20-02 16:19:46,19.756,1.751,74.773,2.751,0.250,5226808,182456,175100,2422304,18036.581,8564.650,0,1264.391,0,44.014,2246,2072,1.850,2.250,1.530,1,1,3.001,0,0,18,296,0,22,0
20-02 16:19:47,31.818,6.514,56.620,5.011,0,5256892,152108,175120,2422544,25382.894,10670.656,769.634,1370.911,6.013,44.094,3312,2452,1.850,2.250,1.530,2,0,9.019,0,0,18,296,0,18,0
20-02 16:19:48,18.205,3.242,65.839,11.223,0,5251124,157476,175228,2422988,305594.533,12638.088,255.375,19456.411,1.995,400.022,3256,2738,1.850,2.250,1.530,0,0,0.998,0,0,18,296,0,18,0
20-02 16:19:49,7.750,1.500,78.004,11.001,0,5250628,157252,175484,2423292,100110.625,14307.661,60.003,2640.122,5.000,123.006,2203,2839,1.860,2.250,1.540,1,1,2.000,0,0,18,296,0,18,0
20-02 16:19:50,15.249,1.750,76.996,5.000,0,5250100,157244,175564,2423668,30547.512,11029.463,103.995,2539.876,6.000,244.988,2434,2595,1.860,2.250,1.540,1,0,0,0,0,18,296,0,18,0
20-02 16:19:51,8.002,1.750,77.015,10.502,0,5245696,141732,175604,2443416,5673846.176,48002.443,0,6717.321,0,73.014,4042,3553,1.860,2.250,1.540,0,0,3.001,0,0,18,296,0,13,0
20-02 16:19:52,8.499,3.500,76.744,9.499,0,5229504,153992,175752,2447948,12101967.213,102302.132,163.987,13170.987,4.000,84.993,6372,4097,1.860,2.250,1.540,1,0,2.000,0,0,18,296,0,13,0
20-02 16:19:53,21.006,4.251,68.518,5.001,0,5233788,135944,178324,2456988,8028.117,540.142,0,4201.108,0,95.025,4383,5940,1.860,2.250,1.540,0,1,2.001,0,0,18,296,0,13,0
20-02 16:19:54,20.992,4.498,64.476,9.247,0,5246236,141592,179424,2437844,5967.818,539.803,0,14786.593,0,161.941,3291,3242,1.880,2.240,1.540,1,1,0,0,0,18,296,0,15,0
20-02 16:19:55,23.506,2.001,69.769,3.001,0,5250524,152276,179796,2422308,9021.411,540.144,0,1284.343,0,49.013,2751,2684,1.880,2.240,1.540,1,0,0,0,0,18,296,0,11,0
20-02 16:19:56,21.498,3.500,70.742,3.500,0,5269444,144260,180348,2411220,7291.222,539.942,0,1887.799,0,83.991,2670,2670,1.880,2.240,1.540,2,0,1.000,0,0,18,296,0,11,0
20-02 16:19:57,20.564,3.511,69.717,6.270,0,5259924,142120,181108,2420924,6846.345,541.689,0,2038.355,0,73.228,2557,2606,1.880,2.240,1.540,1,1,1.003,0,0,18,296,0,11,0
20-02 16:19:58,22.444,2.743,70.077,2.993,0,5255528,163264,181760,2403188,9755.868,538.668,0,2082.848,0,84.790,2905,3029,1.880,2.240,1.540,1,0,0.998,0,0,18,296,0,11,0
20-02 16:19:59,20.734,3.747,68.696,5.746,0,5259960,136256,183084,2422960,3658.150,539.580,0,39445.267,0,335.738,2639,3018,2.050,2.270,1.550,0,1,0,0,0,18,296,0,9,0
20-02 16:20:00,11.006,2.751,53.277,31.766,0,5258384,133456,183228,2426816,4246.134,486.244,4.002,23211.664,1.001,179.090,2429,2831,2.050,2.270,1.550,1,1,0,0,0,18,296,0,9,0
20-02 16:20:01,8.250,3.250,59.499,27.250,0,5262464,143472,183704,2412816,7905.927,539.995,0,21539.801,0,334.997,2538,2980,2.050,2.270,1.550,1,0,0,0,0,18,296,0,9,0
20-02 16:20:02,19.495,2.249,71.232,6.248,0,5264360,157192,184448,2396500,5521.620,539.865,0,1967.508,0,75.981,2379,2402,2.050,2.270,1.550,0,1,0,0,0,18,296,0,9,0
20-02 16:20:03,17.500,2.500,75.498,3.500,0,5166864,287504,184612,2363412,14403.622,3130.918,0,1279.966,0,41.999,2255,2101,2.050,2.270,1.550,1,0,2.000,0,0,18,294,0,7,0
20-02 16:20:04,19.575,3.764,71.524,4.768,0,5201116,253236,184612,2363424,13746.737,2656.190,0,493.895,0,15.058,2427,2144,1.960,2.250,1.550,1,0,33.127,0,0,18,295,0,7,0
20-02 16:20:05,22.420,2.740,71.995,1.246,0,5189988,258600,184668,2368992,7951.780,711.475,0,968.563,0,5.979,2322,1904,1.960,2.250,1.550,1,0,2.989,0,0,18,294,0,7,0
20-02 16:20:06,17.747,2.500,75.988,2.500,0,5201408,240820,184908,2374032,13906.873,3712.432,0,1251.809,0,18.997,2145,1910,1.960,2.250,1.550,1,0,18.997,0,0,18,294,0,7,0
20-02 16:20:07,22.515,5.754,67.546,2.502,0,5200272,241200,184960,2374648,3737.557,486.333,0,2293.569,0,9.006,9930,18323,1.960,2.250,1.550,1,0,12.008,0,0,18,294,0,4,0
20-02 16:20:08,22.487,6.496,69.461,0.500,0,5222288,219040,184968,2374748,6632.311,539.700,0,171.904,0,6.996,11189,20017,1.960,2.250,1.550,1,0,12.993,0,0,18,294,0,4,0
20-02 16:20:09,20.501,5.500,72.005,0.750,0,5177256,276284,185012,2363508,6069.410,540.036,0,448.030,0,12.001,2388,2035,1.890,2.230,1.550,1,0,8.001,0,0,18,294,0,4,0
20-02 16:20:10,19.495,3.999,69.231,6.748,0,5196648,254156,185012,2366236,5245.573,539.853,831.774,2339.364,108.970,35.990,2754,2893,1.890,2.230,1.550,1,0,4.999,0,0,18,294,0,4,0
20-02 16:20:11,21.250,3.500,65.500,8.250,0,5202680,246708,185016,2367644,7315.012,540.001,716.001,2280.004,32.000,235.000,5366,7122,1.890,2.230,1.550,0,4,0,0,0,18,297,0,6,0
20-02 16:20:12,19.506,5.252,58.268,15.505,0,5154784,293636,185020,2368608,5605.780,540.171,864.274,5901.874,42.013,503.160,7047,10909,1.890,2.230,1.550,1,0,2.001,0,0,18,296,0,8,0
20-02 16:20:13,8.996,18.741,68.218,1.999,0,5158900,288588,185020,2369540,8550.022,539.749,607.717,611.715,5.997,27.987,6389,5784,1.890,2.230,1.550,0,1,428.800,0,0,18,296,0,8,0
20-02 16:20:14,10.790,3.764,71.264,13.299,0,5134828,301132,185096,2380988,5171.140,542.006,11791.644,674.496,1309.848,17.063,3503,4673,1.810,2.210,1.540,1,0,21.078,0,0,18,296,0,10,0
20-02 16:20:15,8.466,3.237,72.705,12.698,0,5115160,288888,185096,2412900,3927.070,1494.936,31663.554,1442.150,2300.667,19.919,4514,6896,1.810,2.210,1.540,0,1,5.976,0,0,18,297,0,10,0
20-02 16:20:16,2.005,1.002,91.957,3.257,0,5115408,288636,185096,2412900,11850.690,1150.591,0,2914.564,0,180.406,1645,2598,1.810,2.210,1.540,0,0,1.002,0,0,18,297,0,10,0
20-02 16:20:17,1.995,1.746,93.769,1.247,0,5115220,288636,185096,2413084,43577.710,3556.244,183.548,11056.778,4.988,152.624,1715,2268,1.810,2.210,1.540,0,0,0,0,0,18,297,0,10,0
20-02 16:20:18,2.251,1.251,95.542,0,0,5115176,288636,185096,2413128,220852.758,2521.105,0,0,0,0,1345,1801,1.810,2.210,1.540,0,0,2.001,0,0,18,297,0,10,0
20-02 16:20:19,5.248,2.249,89.970,1.749,0,5086096,316880,185100,2413928,150179.137,126467.168,295.900,943.680,13.995,10.996,1807,1928,1.670,2.170,1.530,0,0,12.996,0,0,18,296,0,10,0
20-02 16:20:20,2.749,0.500,93.721,1.500,0,5084880,318096,185100,2413928,6865.867,217.932,0,667.793,0,22.993,1503,2214,1.670,2.170,1.530,1,0,0,0,0,18,296,0,10,0
20-02 16:20:21,13.507,4.252,80.291,1.001,0,5094556,308360,185104,2413984,418463.043,12406.316,48.024,396.202,7.004,32.016,3164,3231,1.670,2.170,1.530,3,0,27.014,0,0,18,296,0,10,0
20-02 16:20:22,10.759,3.753,74.309,9.508,0,5105040,297748,185108,2414108,297484.008,12922.252,140.111,9695.692,7.006,302.240,3133,2748,1.670,2.170,1.530,1,1,22.017,0,0,18,296,0,10,0
