"pcp-dstat 6.2.0 CSV Output"
"Author:","PCP team <pcp@groups.io> and Dag Wieers <dag@wieers.com>",,,,"URL:","https://pcp.io/ and http://dag.wieers.com/home-made/dstat/"
"Host:","ubuntu",,,,"User:","ubuntu"
"Cmdline:","dstat -tcmndrylpg --tcp --output /tmp/devstack_logs/dstat-csv.log",,,,"Date:","19 Feb 2026 14:52:21 UTC"
"system","total usage",,,,,"memory usage",,,,"net/total",,"dsk/total",,"io/total",,"system",,"load avg",,,"procs",,,"paging",,"tcp sockets",,,,
"time","total usage:usr","total usage:sys","total usage:idl","total usage:wai","total usage:stl","used","free","buf","cach","net/total:recv","net/total:send","dsk/total:read","dsk/total:writ","read","writ","int","csw","1m","5m","15m","run","blk","new","in","out","lis","act","syn","tim","clo"
19-02 14:52:21,,1040440,1461636,163832,5152560,,,,,,,1.370,0.790,0.540,1,0,,,,10,5,1,17,1
19-02 14:52:22,20.990,21.240,50.976,5.997,0,1031312,1462800,163908,5160100,47940.993,11710.380,0,2658.724,0,99.952,7063,6791,1.740,0.880,0.570,1,0,582.720,0,0,10,4,1,17,2
19-02 14:52:23,29.933,18.708,43.653,6.735,0,1037220,1431716,164648,5181468,143581.352,2342.768,0,2841.654,0,87.804,6640,6659,1.740,0.880,0.570,2,0,384.142,0,0,10,4,1,17,2
19-02 14:52:24,36.586,12.279,48.113,2.506,0,1154096,1296172,165136,5322352,9967.392,541.270,0,1323.105,0,31.073,6856,8914,1.740,0.880,0.570,4,0,170.400,0,0,11,6,1,17,2
19-02 14:52:25,35.742,11.247,47.989,4.249,0,1184160,1247696,165416,5339068,5381.791,539.879,0,915.794,0,32.993,4252,2812,1.740,0.880,0.570,2,0,172.961,0,0,11,6,1,17,2
19-02 14:52:26,27.922,7.479,50.858,12.465,0,1219908,1200248,166044,5348628,7098.174,538.496,255.287,6410.096,10.969,138.613,3643,3052,1.740,0.880,0.570,2,0,94.735,0,0,11,6,1,19,2
19-02 14:52:27,38.261,4.751,48.263,8.002,0,1261156,1140480,166912,5363756,7206.992,540.149,304.084,5377.487,10.003,140.039,3095,2088,1.760,0.890,0.580,1,1,0,0,0,11,6,1,19,2
19-02 14:52:28,28.999,3.250,46.248,19.249,0,1287520,1090492,167988,5384016,4268.845,539.980,15.999,6479.764,1.000,343.987,4407,5775,1.760,0.890,0.580,2,1,8.000,0,0,11,8,1,19,2
19-02 14:52:29,15.750,3.500,42.499,36.500,0,1284748,1085936,168564,5389904,13163.831,2748.965,0,13003.833,0,694.991,5107,8181,1.760,0.890,0.580,2,1,3.000,0,0,11,9,1,19,2
19-02 14:52:30,28.310,7.015,39.084,24.051,0,1320580,1066576,168776,5373612,7281.560,1196.557,0,7031.024,0,513.096,6203,20321,1.760,0.890,0.580,2,2,55.118,0,0,11,6,1,20,0
19-02 14:52:31,19.703,4.739,45.642,26.936,0,1333484,1047316,169096,5379080,8743.334,2879.195,0,10283.693,0,721.295,5892,9538,1.760,0.890,0.580,0,2,34.917,0,0,11,6,1,20,0
19-02 14:52:32,22.559,4.762,37.347,32.083,0,1355268,1022836,169304,5381368,10279.721,915.379,0,15171.437,0,928.413,6238,10192,1.860,0.930,0.590,0,1,30.078,0,0,11,7,1,20,0
19-02 14:52:33,16.958,3.741,41.646,36.908,0,1306228,1064772,169784,5386780,11800.605,3211.999,0,10733.264,0,672.325,4399,6832,1.860,0.930,0.590,1,2,7.980,0,0,11,6,1,19,0
19-02 14:52:34,17.997,5.499,38.993,33.244,0,1300460,1068908,169872,5388228,7645.693,539.908,0,7726.679,0,535.908,13487,25518,1.860,0.930,0.590,3,1,20.996,0,0,11,6,1,19,0
19-02 14:52:35,22.749,6.500,38.999,29.499,0,1290780,1077400,169988,5389200,7292.815,539.986,0,9527.758,0,646.984,12958,23866,1.860,0.930,0.590,0,2,13.000,0,0,11,6,1,19,0
19-02 14:52:36,19.756,5.752,41.013,31.760,0,1248188,1131544,170172,5378884,3826.242,540.175,0,9463.071,0,649.211,4850,7438,1.860,0.930,0.590,1,1,8.003,0,0,11,6,1,19,0
19-02 14:52:37,20.025,3.254,37.297,38.048,0,1240116,1139696,170204,5378816,7529.548,540.686,0,16725.208,0,280.356,2974,3155,2.190,1.010,0.620,1,4,28.036,0,0,11,6,1,19,0
19-02 14:52:38,9.736,4.993,57.169,25.713,0,1232096,1147104,170404,5379224,8964.254,581.174,0,7796.914,0,751.931,5458,8706,2.190,1.010,0.620,0,1,71.898,0,0,11,6,1,19,0
19-02 14:52:39,16.046,6.017,50.144,26.577,0,1125584,1253320,170548,5379376,8481.427,487.404,0,8761.233,0,592.707,4462,6058,2.190,1.010,0.620,1,1,78.225,0,0,11,4,1,19,0
19-02 14:52:40,21.183,3.240,61.056,12.710,0,1170168,1208688,170596,5379376,6816.319,538.288,0,5689.902,0,335.931,2395,2572,2.190,1.010,0.620,1,0,0,0,0,11,4,1,19,0
19-02 14:52:41,23.253,3.250,71.259,2.500,0,1139408,1239440,170596,5379384,6913.902,540.070,0,656.086,0,30.004,1916,1276,2.190,1.010,0.620,1,0,10.001,0,0,11,4,1,19,0
19-02 14:52:42,23.250,3.000,63.499,9.000,0,1171584,1207232,170624,5379388,5114.914,539.991,0,5203.912,0,371.994,2346,2359,2.100,1.010,0.620,1,0,0,0,0,11,4,1,19,0
19-02 14:52:43,15.281,12.525,64.630,6.764,0,1138616,1240164,170624,5379424,4391.854,541.091,0,11046.269,0,108.218,4263,3446,2.100,1.010,0.620,2,0,228.461,0,0,11,4,1,19,0
19-02 14:52:44,8.999,20.247,67.240,2.000,0,1086612,1292124,170624,5379460,3325.498,539.918,0,203.969,0,24.996,5800,4657,2.100,1.010,0.620,2,0,414.937,0,0,11,4,1,19,0
19-02 14:52:45,20.513,16.260,62.288,0,0,1107948,1263136,170628,5387336,7087.343,540.331,7452.567,20.012,75.046,5.003,6776,8732,2.100,1.010,0.620,3,0,262.161,0,0,11,4,1,13,0
19-02 14:52:46,46.152,6.985,45.903,0,0,1199340,1171664,170640,5387516,7454.201,612.701,19.958,75.839,3.992,2.994,3231,1828,2.100,1.010,0.620,2,0,70.850,0,0,11,5,1,13,0
19-02 14:52:47,44.494,5.999,48.744,0.250,0,1226988,1142964,170640,5388568,6485.185,485.939,491.938,367.954,3.999,35.995,2800,1360,2.090,1.030,0.630,2,0,0,0,0,11,5,1,13,0
19-02 14:52:48,28.252,8.751,55.255,7.251,0,1255676,1111936,170648,5390888,5165.453,634.056,0,7036.617,0,238.021,3974,4541,2.090,1.030,0.630,0,0,119.010,0,0,11,4,1,14,0
19-02 14:52:49,8.753,3.751,70.526,15.506,0,1285916,1081696,170660,5390892,9076.376,540.201,0,25189.368,0,462.172,2242,2090,2.090,1.030,0.630,1,0,22.008,0,0,11,4,1,14,0
19-02 14:52:50,22.749,3.000,73.248,0.750,0,1347984,1019704,170660,5390892,5539.821,539.983,0,3423.889,0,19.999,1842,1537,2.090,1.030,0.630,1,0,0,0,0,11,4,1,14,0
19-02 14:52:51,22.251,2.500,71.753,2.250,0,1367964,999556,170676,5391124,3517.133,540.020,0,896.034,0,110.004,2737,3264,2.090,1.030,0.630,1,0,1.000,0,0,11,10,1,14,0
19-02 14:52:52,19.993,5.498,66.726,6.248,0,1357972,1009480,170740,5391128,3654.693,539.807,143.949,3426.774,12.995,220.921,3263,3631,2,1.030,0.630,1,0,41.985,0,0,11,4,1,16,0
19-02 14:52:53,18.490,1.999,77.209,1.749,0,1377124,989344,171004,5391784,11567.800,2923.433,591.683,819.561,16.991,6.996,1818,1401,2,1.030,0.630,1,0,0,0,0,11,11,1,14,0
19-02 14:52:54,19.006,2.751,73.774,3.751,0,1379588,986372,171048,5392160,12433.071,5608.837,268.088,5829.909,66.022,61.020,2825,2977,2,1.030,0.630,1,0,3.001,0,0,11,29,1,14,0
19-02 14:52:55,20.511,7.004,71.288,0,0,1378100,987852,171048,5392168,9659.134,1461.777,0,22660.044,0,199.106,3081,2431,2,1.030,0.630,1,0,43.023,0,0,11,28,1,15,0
19-02 14:52:56,17.496,2.999,77.732,0,0,1378732,987208,171048,5392180,10936.428,7523.231,0,24558.224,0,199.953,2544,2305,2,1.030,0.630,1,0,0,0,0,11,28,1,16,0
19-02 14:52:57,34.576,12.528,52.867,0,0,1449228,916664,171048,5392196,11554.480,541.193,0,9440.819,0,163.360,4082,2930,2.240,1.100,0.660,2,0,156.345,0,0,11,28,1,16,0
19-02 14:52:58,33.758,4.001,60.765,1.000,0,1482648,883192,171052,5392244,23545.878,15187.792,0,1848.461,0,21.005,5099,6329,2.240,1.100,0.660,3,0,1.000,0,0,11,30,1,16,0
19-02 14:52:59,54.272,22.509,22.259,0,0,1535548,830100,171064,5392424,8927.638,4512.839,0,348.142,0,37.015,6588,7411,2.240,1.100,0.660,6,0,578.236,0,0,11,28,1,17,0
19-02 14:53:00,86.490,12.499,0.500,0,0,1724952,640668,171064,5392452,18818.803,12535.537,0,175.979,0,11.999,5444,3500,2.240,1.100,0.660,4,0,0,0,0,11,32,1,17,0
19-02 14:53:01,77.754,11.251,10.500,0.500,0,1758908,606456,171084,5392684,43766.003,33218.520,0,504.023,0,56.003,10128,15378,2.240,1.100,0.660,5,0,106.005,0,0,11,29,1,22,0
19-02 14:53:02,28.915,9.472,60.322,0.249,0,1557012,808232,171088,5392716,6090.045,1353.011,0,6927.575,0,89.735,3918,3869,2.140,1.090,0.660,2,0,209.383,0,0,11,28,1,23,0
19-02 14:53:03,14.748,3.000,74.741,6.249,0,1548684,816548,171088,5392728,13486.425,6599.229,0,28644.655,0,145.983,3089,3624,2.140,1.090,0.660,0,1,0,0,0,11,29,1,23,0
19-02 14:53:04,19.510,6.003,72.538,0.750,0,1511320,853892,171100,5392736,5863.086,1420.748,0,208.110,0,17.009,2744,2271,2.140,1.090,0.660,1,0,68.036,0,0,11,28,1,24,0
19-02 14:53:05,15.990,2.498,81.451,0,0,1504092,861108,171100,5392748,16203.212,6709.947,0,115.930,0,7.995,2317,2362,2.140,1.090,0.660,2,0,0,0,0,11,29,1,24,0
19-02 14:53:06,11.031,19.054,68.442,1.254,0,1461716,903472,171120,5392772,7772.860,1400.940,0,730.053,0,37.104,6156,5602,2.140,1.090,0.660,1,0,521.467,0,0,11,28,1,25,0
19-02 14:53:07,67.266,25.506,7.252,0,0,1548836,816304,171124,5392816,5114.252,540.132,0,324.079,0,20.005,5500,4372,2.370,1.160,0.680,5,0,518.127,0,0,11,28,1,25,0
19-02 14:53:08,76.173,7.742,14.985,0,0,1672576,692384,171128,5392992,37017.459,28357.241,0,547.445,0,32.967,7278,8263,2.370,1.160,0.680,4,0,0.999,0,0,11,33,1,25,0
19-02 14:53:09,74.582,15.017,9.260,1.001,0,1529264,835308,171180,5393328,31008.277,21916.226,0,957.058,0,85.094,9120,14000,2.370,1.160,0.680,8,0,250.277,0,0,11,28,1,26,0
19-02 14:53:10,86.753,13.250,0.250,0.250,0,1707528,657004,171204,5393356,9870.345,7896.276,0,3772.132,0,198.007,5432,4135,2.370,1.160,0.680,5,0,60.002,0,0,11,31,1,25,0
19-02 14:53:11,80.577,9.230,8.981,0,0,1759588,604840,171204,5393460,51022.634,42914.015,0,223.521,0,14.968,9035,14086,2.370,1.160,0.680,6,0,49.893,0,0,11,32,1,27,0
19-02 14:53:12,47.946,14.234,36.958,0.499,0,1553512,810712,171220,5393648,19673.882,13699.598,0,603.322,0,39.955,6797,8791,2.420,1.190,0.700,2,0,247.722,0,0,11,28,1,30,0
19-02 14:53:13,35.846,4.763,58.155,0.251,0,1545216,818996,171220,5393660,14731.267,10267.368,0,224.599,0,14.037,3344,2977,2.420,1.190,0.700,0,0,1.003,0,0,11,30,1,30,0
19-02 14:53:14,48.257,18.753,31.755,0.500,0,1486104,877888,171228,5393840,17720.584,9348.363,0,456.066,0,33.005,6762,7635,2.420,1.190,0.700,3,0,378.055,0,0,11,28,1,28,0
19-02 14:53:15,55.774,5.502,38.767,0,0,1577256,786716,171228,5393860,18438.958,13148.675,0,268.116,0,14.006,4090,2906,2.420,1.190,0.700,3,0,0,0,0,11,31,1,28,0
19-02 14:53:16,51.750,15.750,30.500,1.500,0,1523864,840040,171232,5393924,25759.045,16395.029,0,532.001,0,54.000,7873,10880,2.420,1.190,0.700,4,0,258.000,0,0,11,28,1,29,0
19-02 14:53:17,73.179,7.493,18.982,0,0,1621856,742020,171232,5393952,19055.502,11565.772,0,211.794,0,9.990,4797,2860,2.550,1.240,0.710,3,0,0,0,0,11,32,1,29,0
19-02 14:53:18,63.060,12.262,24.023,0,0,1554400,809376,171244,5394032,37076.288,29829.391,0,732.697,0,99.094,9469,13807,2.550,1.240,0.710,5,0,275.262,0,0,11,28,1,29,0
19-02 14:53:19,60.803,10.964,27.660,0.249,0,1587712,776024,171252,5394064,10742.171,6417.194,0,394.720,0,27.910,3968,2293,2.550,1.240,0.710,2,0,49.838,0,0,11,31,1,29,0
19-02 14:53:20,46.375,5.766,47.378,0.251,0,1573104,790364,171260,5394324,32229.068,23676.964,0,364.986,0,33.089,7304,10514,2.550,1.240,0.710,4,0,34.092,0,0,11,28,1,31,0
19-02 14:53:21,62.488,16.247,20.496,0.750,0,1524464,838852,171264,5394472,4826.061,613.881,0,275.946,0,16.997,4245,2693,2.550,1.240,0.710,3,0,264.948,0,0,11,28,1,31,0
19-02 14:53:22,44.282,5.004,49.536,0.250,0,1549404,813716,171268,5394664,31557.959,28255.557,0,276.201,0,22.016,7560,10192,2.420,1.230,0.720,2,0,0,0,0,11,29,1,33,0
19-02 14:53:23,60.322,16.202,22.932,0,0,1485348,877720,171268,5394684,8464.067,735.832,0,231.319,0,12.962,4385,2923,2.420,1.230,0.720,3,0,286.157,0,0,11,28,1,34,0
19-02 14:53:24,46.868,5.013,46.116,0.752,0,1542528,820292,171276,5394924,31679.867,23988.477,0,4439.192,0,341.862,6414,7609,2.420,1.230,0.720,2,0,0,0,0,11,31,1,34,0
19-02 14:53:25,61.514,12.753,25.506,0.250,0,1497032,865808,171288,5394960,8497.943,2685.614,0,452.103,0,43.010,4849,3782,2.420,1.230,0.720,3,0,112.026,0,0,11,28,1,36,0
19-02 14:53:26,46.435,4.993,47.933,0,0,1550736,811932,171288,5395132,32465.494,23763.691,0,223.686,0,12.982,6040,7418,2.420,1.230,0.720,2,0,0,0,0,11,31,1,34,0
19-02 14:53:27,63.354,25.291,11.018,0.250,0,1547048,815548,171292,5395196,9990.359,2760.520,0,528.866,0,58.095,6675,6926,2.550,1.280,0.730,7,0,578.948,0,0,11,28,1,36,0
19-02 14:53:28,80.001,18.750,1.000,0,0,1725368,637188,171292,5395236,22312.197,14618.129,0,3420.030,0,106.001,6142,5907,2.550,1.280,0.730,7,0,452.004,0,0,11,32,1,36,0
19-02 14:53:29,75.998,17.749,5.250,0.250,0,1709136,653144,171328,5395464,45690.606,36675.881,0,1251.962,0,81.997,8905,11543,2.550,1.280,0.730,9,0,525.984,0,0,11,30,1,37,0
19-02 14:53:30,78.732,20.495,1.000,0.250,0,1638540,723496,171336,5395540,17850.992,14004.856,0,511.885,0,38.991,7229,12705,2.550,1.280,0.730,5,0,334.925,0,0,11,28,1,37,0
19-02 14:53:31,78.256,10.218,10.966,0,0,1693912,668076,171336,5395744,25738.723,23166.745,0,115.639,0,7.975,5769,5789,2.550,1.280,0.730,3,0,0,0,0,11,33,1,37,0
19-02 14:53:32,59.164,15.292,24.067,0.251,0,1546240,815492,171336,5395996,44439.141,34406.340,0,168.467,0,11.031,11062,16932,2.670,1.320,0.750,2,0,413.145,0,0,11,28,1,41,1
19-02 14:53:33,25.764,30.767,42.524,0,0,1497788,863928,171336,5396008,5633.162,606.340,0,2093.175,0,125.070,7085,6770,2.670,1.320,0.750,6,0,944.530,0,0,11,28,1,42,0
19-02 14:53:34,73.170,15.483,11.238,0,0,1591072,770592,171340,5396052,17156.280,8703.503,0,147.839,0,10.988,5049,3677,2.670,1.320,0.750,3,0,245.732,0,0,11,31,1,42,0
19-02 14:53:35,59.815,8.759,29.782,0.501,0,1543544,818040,171348,5396124,30441.933,23555.483,0,348.377,0,44.048,7443,10430,2.670,1.320,0.750,3,0,113.122,0,0,11,29,1,45,0
19-02 14:53:36,75.798,15.957,7.729,0,0,1598972,762444,171356,5396284,13942.824,4835.108,0,283.245,0,19.947,5448,3720,2.670,1.320,0.750,2,0,154.588,0,0,11,30,1,46,0
19-02 14:53:37,60.591,6.510,32.298,0.250,0,1628328,733000,171360,5396368,41045.488,32931.333,0,176.264,0,8.012,8903,12346,2.690,1.350,0.760,2,0,0,0,0,11,32,1,46,0
19-02 14:53:38,58.061,7.758,32.534,0,0,1551892,809188,171372,5396592,43574.547,35653.267,0,432.452,0,44.046,13130,20771,2.690,1.350,0.760,4,0,65.068,0,0,11,29,1,46,0
19-02 14:53:39,77.719,12.995,9.496,0,0,1570884,789976,171372,5396808,16608.338,8149.731,0,1595.360,0,26.989,5424,4198,2.690,1.350,0.760,3,0,55.978,0,0,11,30,1,46,0
19-02 14:53:40,60.620,6.237,31.433,0,0,1613204,747416,171376,5397036,43316.273,35309.413,0,339.274,0,12.972,10093,14573,2.690,1.350,0.760,3,0,0,0,0,11,32,1,46,0
19-02 14:53:41,55.859,13.025,30.810,0,0,1499224,861148,171376,5397276,41636.334,34945.264,0,140.274,0,8.016,11774,18449,2.690,1.350,0.760,5,0,192.376,0,0,11,29,1,49,0
19-02 14:53:42,76.552,12.759,10.757,0,0,1610212,750112,171376,5397320,16843.520,9511.506,0,124.085,0,8.005,4984,3313,2.880,1.410,0.790,3,0,68.047,0,0,11,30,1,50,0
19-02 14:53:43,61.993,6.249,30.497,0,0,1614244,745844,171384,5397544,38689.607,33325.216,0,111.987,0,7.999,8660,13603,2.880,1.410,0.790,2,0,1.000,0,0,11,31,1,51,0
19-02 14:53:44,72.257,15.252,11.501,0.250,0,1497672,862336,171400,5397604,22463.258,13809.388,0,332.033,0,35.004,8515,10268,2.880,1.410,0.790,4,0,127.013,0,0,11,28,1,52,0
19-02 14:53:45,70.167,7.241,21.974,0,0.250,1583124,776844,171412,5397596,22792.973,16355.606,0,267.683,0,24.970,5417,4498,2.880,1.410,0.790,6,0,2.996,0,0,11,31,1,53,0
19-02 14:53:46,66.827,12.765,19.523,0,0,1690188,669560,171412,5397812,27695.993,24829.682,0,260.301,0,22.025,7750,12067,2.880,1.410,0.790,6,0,119.138,0,0,11,30,1,54,0
19-02 14:53:47,67.176,12.486,20.228,0.250,0,1613488,746048,171420,5398012,33791.662,24781.618,0,151.832,0,9.989,6470,9313,2.970,1.460,0.800,4,0,140.844,0,0,11,30,1,56,0
19-02 14:53:48,72.330,12.514,14.516,0.250,0,1660156,699328,171424,5398056,21343.583,16331.045,0,152.168,0,9.010,5495,5705,2.970,1.460,0.800,5,0,87.096,0,0,11,30,1,58,0
19-02 14:53:49,73.252,12.000,14.750,0,0,1621732,737692,171424,5398112,24962.628,19505.490,0,280.007,0,34.001,5628,7526,2.970,1.460,0.800,3,0,68.002,0,0,11,30,1,60,0
19-02 14:53:50,65.215,9.245,24.987,0.750,0,1656000,703368,171444,5398156,28922.668,19755.527,0,511.729,0,40.978,5324,7413,2.970,1.460,0.800,3,0,71.962,0,0,11,30,1,62,0
19-02 14:53:51,54.277,13.757,30.265,0.750,0,1538568,820768,171448,5398180,15032.581,8043.056,0,372.188,0,36.018,5226,5113,2.970,1.460,0.800,3,0,186.094,0,0,11,29,1,63,0
19-02 14:53:52,49.427,9.985,39.442,0.749,0,1510932,848136,171452,5398444,26747.576,15918.537,0,211.688,0,14.978,5128,5777,2.970,1.480,0.820,4,0,95.859,0,0,11,30,1,64,0
19-02 14:53:53,53.929,9.488,35.204,0.499,0,1508380,850508,171452,5398620,19902.957,14038.630,0,191.749,0,8.988,5936,7266,2.970,1.480,0.820,2,0,85.888,0,0,11,29,1,66,0
19-02 14:53:54,55.906,8.524,35.600,0,0,1531528,827148,171460,5398820,18687.250,13720.362,0,256.718,0,26.073,4699,4914,2.970,1.480,0.820,2,0,38.107,0,0,11,32,1,67,0
19-02 14:53:55,28.899,6.477,61.535,0.747,0,1437836,920772,171472,5398872,23745.116,16213.406,0,538.122,0,67.763,6256,8110,2.970,1.480,0.820,2,0,92.677,0,0,11,33,1,65,0
19-02 14:53:56,40.526,10.757,47.781,0.500,0,1483024,875572,171476,5398880,8034.183,1450.936,0,264.170,0,22.014,3961,3066,2.970,1.480,0.820,3,0,92.059,0,0,11,32,1,66,0
19-02 14:53:57,33.235,2.749,62.472,0,0,1500876,857692,171476,5398904,20783.602,14623.388,0,167.924,0,11.995,3990,4111,2.890,1.490,0.820,1,0,0,0,0,11,33,1,67,0
19-02 14:53:58,39.516,11.005,49.020,0.250,0,1459760,898600,171492,5399092,9309.814,3988.634,0,240.098,0,16.007,4982,4909,2.890,1.490,0.820,2,0,139.057,0,0,11,32,1,68,0
19-02 14:53:59,34.085,4.762,60.902,0.501,0,1496032,862304,171500,5399108,19113.727,11905.729,0,4190.464,0,167.418,3781,3316,2.890,1.490,0.820,2,0,16.040,0,0,11,33,1,67,0
19-02 14:54:00,38.407,8.230,52.124,0.998,0,1525624,832672,171512,5399136,14954.714,6423.414,0,426.964,0,34.915,4702,5047,2.890,1.490,0.820,1,0,48.881,0,0,11,32,2,68,0
19-02 14:54:01,36.228,4.497,57.466,0.999,0,1536976,821260,171520,5399168,20879.547,16647.072,0,219.869,0,11.993,4365,5183,2.890,1.490,0.820,3,0,5.996,0,0,11,33,1,69,0
19-02 14:54:02,36.066,7.263,54.600,0.751,0,1545856,812216,171528,5399324,9578.568,6210.391,0,260.478,0,27.050,4059,4188,2.820,1.500,0.830,3,0,48.088,0,0,11,32,1,70,0
19-02 14:54:03,34.680,5.738,59.131,0.499,0,1569592,788456,171528,5399344,18764.252,11819.223,0,179.639,0,9.980,3515,3505,2.820,1.500,0.830,1,0,0,0,0,11,34,1,64,0
19-02 14:54:04,24.754,10.252,63.260,0.250,0,1516312,841608,171556,5399444,18007.909,11533.863,0,384.062,0,32.005,6360,7536,2.820,1.500,0.830,1,0,277.045,0,0,11,32,1,66,0
19-02 14:54:05,21.998,3.750,73.743,0.250,0,1495820,862100,171556,5399444,7530.267,539.947,0,143.986,0,9.999,1787,1310,2.820,1.500,0.830,1,0,5.000,0,0,11,32,1,66,0
19-02 14:54:06,14.247,2.250,82.233,0,0,1494652,863252,171556,5399460,14712.888,10125.858,0,259.945,0,7.998,2764,3350,2.820,1.500,0.830,1,0,0,0,0,11,33,1,66,0
19-02 14:54:07,14.289,12.534,71.193,0.752,0,1457232,900652,171556,5399480,10192.613,1599.333,0,328.891,0,28.076,4511,4045,2.760,1.510,0.840,1,0,284.771,0,0,11,32,1,65,0
19-02 14:54:08,19.254,2.000,78.017,0,0,1494588,863288,171556,5399488,12253.742,5573.247,0,176.039,0,9.002,1993,1783,2.760,1.510,0.840,1,0,1.000,0,0,11,33,1,65,0
19-02 14:54:09,18.211,5.738,74.591,0.249,0,1388860,968996,171560,5399504,9629.530,6272.666,0,534.863,0,35.924,3845,4415,2.760,1.510,0.840,1,0,45.902,0,0,11,32,1,66,0
19-02 14:54:10,19.270,2.753,77.330,0.250,0,1444840,912876,171568,5399636,6058.306,2968.089,0,1293.346,0,13.014,1809,1540,2.760,1.510,0.840,1,0,0,0,0,11,33,1,66,0
19-02 14:54:11,18.978,2.247,77.659,0,0,1435540,922144,171568,5399668,20517.986,11814.173,0,0,0,0,4077,5271,2.760,1.510,0.840,1,0,0,0,0,11,33,1,65,0
19-02 14:54:12,11.530,19.300,68.177,0,0,1408588,948892,171600,5399820,6455.790,1081.814,0,429.116,0,36.094,6187,5701,2.610,1.500,0.840,2,0,498.296,0,0,11,32,1,65,0
19-02 14:54:13,41.016,9.754,45.518,3.001,0,1498444,858648,171616,5400156,8058.112,560.216,36.014,2072.800,1.000,121.047,3987,3082,2.610,1.500,0.840,2,0,129.050,0,0,11,32,1,67,0
19-02 14:54:14,33.109,5.228,45.805,14.936,0,1503548,850352,171700,5402812,7962.039,611.392,434.148,4620.293,16.928,274.828,4506,5503,2.610,1.500,0.840,1,1,17.924,0,0,11,36,1,67,0
19-02 14:54:15,27.535,5.257,40.551,24.030,0,1557288,795228,171952,5403860,8245.338,614.771,0,7333.195,0,702.881,6347,10308,2.610,1.500,0.840,1,1,27.034,0,0,11,36,1,60,0
19-02 14:54:16,26.781,5.506,39.045,26.280,0,1548384,802992,172196,5404732,6603.610,540.623,0,10239.801,0,798.921,5770,9090,2.610,1.500,0.840,1,1,21.024,0,0,11,36,1,60,0
19-02 14:54:17,24.970,5.493,39.452,27.217,0,1567772,782660,172360,5405464,4057.092,613.258,0,7882.464,0,617.253,5044,7805,2.650,1.520,0.850,1,1,10.987,0,0,11,36,1,60,0
19-02 14:54:18,27.804,4.759,43.334,23.546,0,1547464,802064,172500,5406200,7009.559,541.047,0,8488.419,0,693.341,5766,9688,2.650,1.520,0.850,1,2,26.050,0,0,11,36,1,60,0
19-02 14:54:19,26.207,4.992,42.680,24.460,0,1601652,747128,172648,5406784,6942.581,539.113,0,11612.899,0,829.635,5619,9155,2.650,1.520,0.850,4,1,16.972,0,0,11,36,1,56,0
19-02 14:54:20,27.275,4.504,37.535,27.776,0,1562328,785604,172732,5407524,4905.542,486.450,0,6982.465,0,618.573,5240,7987,2.650,1.520,0.850,1,1,19.018,0,0,11,36,1,56,0
19-02 14:54:21,28.034,5.006,34.042,31.288,0,1563648,783840,172892,5407792,8604.535,614.753,0,13047.976,0,949.162,6748,10968,2.650,1.520,0.850,1,1,12.015,0,0,11,36,1,56,0
19-02 14:54:22,26.920,5.234,41.128,25.674,0,1577996,768892,172972,5408280,8617.368,538.399,0,6915.431,0,636.108,5662,8745,2.670,1.550,0.860,1,1,11.964,0,0,11,36,1,56,0
19-02 14:54:23,26.258,4.751,35.261,31.009,0,1547680,798824,173052,5408568,8363.519,540.163,0,12911.888,0,882.266,6523,10487,2.670,1.550,0.860,2,1,12.004,0,0,11,36,1,51,0
19-02 14:54:24,28.238,5.248,40.983,23.740,0,1582024,763708,173136,5409244,8275.522,539.773,0,6561.242,0,596.749,5450,8463,2.670,1.550,0.860,1,2,8.996,0,0,11,38,1,51,0
19-02 14:54:25,26.262,4.502,40.518,26.762,0,1552224,793804,173176,5408900,4713.134,540.245,0,7671.473,0,597.270,5242,8173,2.670,1.550,0.860,2,1,7.003,0,0,11,38,1,51,0
19-02 14:54:26,37.375,6.773,41.389,13.796,0,1466740,879528,173224,5408580,7086.747,541.816,0,9150.662,0,747.505,5256,6861,2.670,1.550,0.860,2,0,6.020,0,0,11,32,1,51,0
19-02 14:54:27,40.390,5.236,47.620,5.734,0,1541364,804860,173236,5408624,5371.382,538.534,0,1731.288,0,196.465,3914,4032,2.620,1.560,0.870,2,0,2.992,0,0,11,34,1,51,0
19-02 14:54:28,29.537,5.507,40.301,21.778,0,1517932,827852,173460,5408828,2981.783,486.617,0,7958.096,0,1040.320,8648,14327,2.620,1.560,0.870,2,1,2.003,0,0,11,34,1,47,0
19-02 14:54:29,28.417,5.983,33.901,29.913,0,1507868,837684,173588,5408928,6985.687,538.434,0,12659.190,0,994.109,6891,11187,2.620,1.560,0.870,2,1,0.997,0,0,11,34,1,47,0
19-02 14:54:30,36.128,7.025,40.644,14.802,0,1476404,868748,173764,5412004,4951.511,616.179,0,6129.678,0,884.127,7397,15839,2.620,1.560,0.870,3,1,62.220,0,0,11,32,1,47,0
19-02 14:54:31,13.999,19.249,64.495,1.750,0,1416944,928004,173784,5409292,7345.469,539.961,0,2319.832,0,103.992,6176,8179,2.620,1.560,0.870,4,0,472.966,0,0,11,32,1,48,0
19-02 14:54:32,9.000,20.250,65.748,4.000,0,1426920,917960,173796,5409332,7230.824,539.987,0,1719.958,0,58.999,6145,4979,2.410,1.530,0.860,1,2,476.988,0,0,11,32,1,46,0
19-02 14:54:33,7.997,20.993,62.229,6.998,0,1414444,930232,173836,5409496,4652.418,539.816,0,5458.144,0,275.906,6707,6017,2.410,1.530,0.860,1,0,492.832,0,0,11,32,1,46,0
19-02 14:54:34,21.704,4.241,73.842,0,0,1441116,903580,173836,5409480,10503.523,538.847,0,0,0,0,1855,1280,2.410,1.530,0.860,1,0,0.998,0,0,11,32,1,46,0
19-02 14:54:35,22.000,3.250,73.501,0,0,1455968,888712,173836,5409496,7592.060,486.004,0,16.000,0,1.000,1846,1268,2.410,1.530,0.860,1,0,2.000,0,0,11,32,1,46,0
19-02 14:54:36,21.753,3.750,73.759,0,0,1536628,808072,173836,5409476,8804.119,540.069,0,132.017,0,1.000,1877,1292,2.410,1.530,0.860,1,0,2.000,0,0,11,32,1,38,0
19-02 14:54:37,22.515,3.252,74.050,0,0,1503052,841636,173836,5409488,8496.740,540.365,0,20.014,0,1.001,1828,1239,2.300,1.520,0.860,2,0,1.001,0,0,11,32,1,38,0
19-02 14:54:38,23.482,2.748,72.944,0,0,1527956,816692,173836,5409524,7765.086,539.589,0,11.991,0,0.999,1980,1309,2.300,1.520,0.860,1,0,2.998,0,0,11,32,1,38,0
19-02 14:54:39,22.753,3.000,73.509,0,0,1495708,848948,173836,5409516,6618.777,540.063,0,512.060,0,37.004,2039,1724,2.300,1.520,0.860,1,0,1.000,0,0,11,32,1,38,0
19-02 14:54:40,22.758,3.751,73.527,0,0,1488780,855856,173836,5409536,7053.621,540.201,0,64.024,0,5.002,1844,1189,2.300,1.520,0.860,2,0,3.001,0,0,11,32,1,37,0
19-02 14:54:41,21.996,3.499,73.737,0,0,1514364,830284,173836,5409524,3360.405,539.904,0,67.988,0,3.999,1843,1356,2.300,1.520,0.860,1,0,2.000,0,0,11,32,1,37,0
19-02 14:54:42,21.747,3.500,73.490,0,0,1492676,851960,173836,5409536,8922.768,539.925,0,11.998,0,1.000,1819,1219,2.190,1.510,0.860,1,0,1.000,0,0,11,32,1,37,0
19-02 14:54:43,22.255,4.001,73.517,0,0,1531888,812772,173836,5409512,7057.590,486.109,0,0,0,0,1802,1166,2.190,1.510,0.860,2,0,2.000,0,0,11,32,1,37,0
19-02 14:54:44,23.004,2.751,74.014,0,0,1500196,844524,173836,5409452,11644.129,540.099,0,24.004,0,1.000,1806,1167,2.190,1.510,0.860,1,0,1.000,0,0,11,32,1,31,0
19-02 14:54:45,22.746,2.999,73.737,0,0,1540008,804708,173836,5409456,9472.298,539.903,0,95.983,0,2.999,1777,1127,2.190,1.510,0.860,3,0,2.000,0,0,11,32,1,31,0
19-02 14:54:46,22.245,2.999,73.982,0.250,0,1491804,852824,173836,5409544,8959.792,613.849,0,79.980,0,4.999,1804,1238,2.190,1.510,0.860,2,0,1.000,0,0,11,32,1,31,0
19-02 14:54:47,22.273,4.004,73.325,0,0,1499656,844992,173836,5409524,5480.603,540.553,0,2066.112,0,14.014,1836,1259,2.100,1.500,0.870,1,0,1.001,0,0,11,32,1,31,0
19-02 14:54:48,21.725,3.746,73.913,0,0,1484484,860144,173836,5409544,3442.963,633.258,0,19.977,0,0.999,1824,1272,2.100,1.500,0.870,3,0,3.995,0,0,11,32,1,25,0
19-02 14:54:49,22.994,3.249,67.732,5.748,0,1478060,866544,173848,5409552,8431.740,539.855,0,1171.686,0,152.959,2142,1930,2.100,1.500,0.870,1,0,2.999,0,0,11,32,1,25,0
19-02 14:54:50,21.747,3.750,73.741,0,0,1499732,844884,173848,5409540,7257.082,485.939,0,31.996,0,3.000,1841,1272,2.100,1.500,0.870,1,0,2.000,0,0,11,32,1,25,0
19-02 14:54:51,16.553,11.035,71.480,0,0,1476932,867640,173848,5409584,5133.502,541.741,0,136.439,0,8.026,3789,2943,2.100,1.500,0.870,1,0,268.864,0,0,11,32,1,25,0
19-02 14:54:52,17.215,9.980,72.105,0,0,1535996,808552,173848,5409608,6962.993,538.916,0,187.623,0,26.946,3410,2738,1.930,1.480,0.860,1,0,191.615,0,0,11,32,1,18,0
19-02 14:54:53,23.045,2.505,74.145,0,0,1538668,805632,173848,5409856,6029.782,541.057,0,0,0,0,1795,1050,1.930,1.480,0.860,1,0,9.018,0,0,11,32,1,18,0
19-02 14:54:54,21.942,3.491,73.555,0,0,1524924,819372,173848,5409860,8891.421,538.572,0,0,0,0,1798,1332,1.930,1.480,0.860,1,0,0,0,0,11,32,1,18,0
19-02 14:54:55,14.036,15.790,68.175,1.003,0,1498152,846004,173848,5409996,8307.264,541.386,40.103,216.554,2.005,5.013,4997,4013,1.930,1.480,0.860,1,0,395.011,0,0,11,32,1,18,0
19-02 14:54:56,8.501,21.753,69.009,0,0,1475268,868852,173848,5410028,4777.657,540.074,0,304.042,0,7.001,6361,5175,1.930,1.480,0.860,2,0,538.074,0,0,11,32,1,13,0
19-02 14:54:57,8.745,21.488,68.463,0,0,1451024,893044,173848,5410068,7649.901,485.740,0,1163.377,0,73.960,6738,5645,1.850,1.470,0.860,2,0,605.675,0,0,11,32,1,13,0
19-02 14:54:58,8.754,22.009,68.277,0,0,1425456,918572,173848,5410088,9105.660,540.217,0,1288.518,0,14.006,6308,4965,1.850,1.470,0.860,3,0,537.216,0,0,11,32,1,13,0
19-02 14:54:59,8.755,21.261,67.786,0.500,0,1413336,930644,173852,5410132,3954.085,540.285,0,1937.021,0,56.030,6847,6243,1.850,1.470,0.860,1,0,610.322,0,0,11,32,1,13,0
19-02 14:55:00,7.493,21.481,69.689,0,0,1403772,940144,173852,5410180,9486.667,539.526,0,239.789,0,9.991,6581,5651,1.850,1.470,0.860,2,0,605.468,0,0,11,32,1,9,0
19-02 14:55:01,12.246,30.741,55.483,0.500,0,1393024,950620,173860,5410344,5937.187,539.835,0,331.899,0,20.994,7501,7369,1.850,1.470,0.860,2,0,947.711,0,0,11,32,1,9,0
19-02 14:55:02,10.013,22.028,66.584,0.250,0,1351712,991868,173876,5410384,8730.969,540.679,0,640.805,0,83.104,6517,5196,1.790,1.460,0.860,1,1,527.663,0,0,11,34,1,9,0
19-02 14:55:03,48.506,22.503,28.254,0.500,0,1486864,856636,173908,5410436,7347.949,540.070,0,1152.149,0,68.009,6381,6069,1.790,1.460,0.860,4,0,611.079,0,0,11,32,1,15,0
19-02 14:55:04,54.107,7.979,22.690,14.462,0,1644564,695200,174008,5413640,3659.326,538.576,442.829,4180.947,9.974,245.351,4277,3868,1.790,1.460,0.860,5,0,9.974,0,0,11,34,1,12,0
19-02 14:55:05,19.979,3.746,40.458,32.966,0,1649904,685652,174192,5417020,7142.591,539.440,0,9757.878,0,573.405,5708,8978,1.790,1.460,0.860,0,2,20.978,0,0,11,38,1,13,0
19-02 14:55:06,8.514,3.756,51.584,34.056,0.250,1648200,685652,174316,5418556,6460.572,486.797,0,12652.705,0,885.449,5725,10069,1.790,1.460,0.860,2,2,24.039,0,0,11,38,1,13,0
19-02 14:55:07,6.243,3.247,55.192,33.465,0,1647092,685652,174456,5419488,3048.774,539.429,0,11431.902,0,749.207,4710,8514,1.960,1.500,0.880,0,1,14.984,0,0,11,38,1,13,0
19-02 14:55:08,7.750,3.000,48.252,38.251,0,1646180,685400,174564,5420516,7231.263,540.020,0,9556.347,0,663.024,4957,8688,1.960,1.500,0.880,0,2,16.001,0,0,11,38,1,11,0
19-02 14:55:09,7.255,3.502,51.284,35.273,0,1644724,685148,174784,5421936,5222.422,540.354,0,11547.566,0,784.514,5212,9481,1.960,1.500,0.880,0,2,6.004,0,0,11,38,1,11,0
19-02 14:55:10,7.745,3.248,52.214,33.976,0,1643640,685148,174856,5422860,7528.745,539.623,0,11416.031,0,753.474,5311,9415,1.960,1.500,0.880,0,4,16.988,0,0,11,38,0,11,0
19-02 14:55:11,6.009,3.004,52.826,35.551,0,1642736,685148,174976,5423620,5180.408,540.773,0,12926.486,0,862.233,4988,9026,1.960,1.500,0.880,1,1,9.013,0,0,11,38,0,11,0
19-02 14:55:12,5.741,2.996,48.678,39.691,0,1641824,685148,175064,5424408,3611.651,539.201,0,10875.893,0,715.940,5019,9172,1.890,1.500,0.880,3,2,8.987,0,0,11,38,0,11,0
19-02 14:55:13,15.793,6.518,39.358,36.600,0,1601356,724208,175132,5425712,7073.340,487.332,0,9975.275,0,696.906,6177,10020,1.890,1.500,0.880,1,3,61.167,0,0,11,36,0,9,0
19-02 14:55:14,24.219,4.994,35.954,32.708,0,1660616,663740,175200,5426824,9922.351,2887.319,0,14030.114,0,947.792,6711,11147,1.890,1.500,0.880,3,1,14.981,0,0,11,37,0,9,0
19-02 14:55:15,20.494,3.999,36.239,36.739,0,1639700,683732,175272,5427652,15730.166,7452.710,0,11876.350,0,769.763,6723,10969,1.890,1.500,0.880,1,2,14.995,0,0,11,38,0,10,0
19-02 14:55:16,24.038,8.513,31.800,34.555,0,1688720,633640,175340,5428612,7346.631,540.856,0,11301.893,0,701.110,5962,8780,1.890,1.500,0.880,1,1,73.116,0,0,11,38,0,10,0
19-02 14:55:17,20.703,3.243,44.648,28.435,0,1688200,632736,175384,5429944,17916.233,9958.340,0,7183.654,0,541.767,6707,10630,2.060,1.540,0.900,1,1,8.980,0,0,11,39,0,9,0
19-02 14:55:18,18.247,4.749,44.492,29.995,0,1682808,636972,175436,5431008,17849.951,10476.210,0,12469.870,0,792.865,8839,14915,2.060,1.540,0.900,1,2,9.998,0,0,11,38,1,9,0
19-02 14:55:19,25.991,7.497,34.738,30.240,0,1661748,656724,175504,5432188,3932.641,581.799,0,11795.924,0,822.716,6619,10310,2.060,1.540,0.900,3,1,44.984,0,0,11,38,0,9,0
19-02 14:55:20,20.543,2.756,41.336,32.818,0,1676608,640456,175524,5433544,11573.118,8803.346,0,6257.039,0,449.938,6319,10298,2.060,1.540,0.900,2,4,6.013,0,0,11,39,0,9,0
19-02 14:55:21,17.469,4.492,35.437,39.929,0,1672280,643868,175548,5434408,18654.756,11265.923,0,11958.689,0,867.454,8334,13425,2.060,1.540,0.900,0,3,8.984,0,0,11,39,0,9,0
19-02 14:55:22,22.251,7.750,32.502,35.502,0,1646868,668316,175596,5435300,9829.532,1792.097,0,12392.671,0,910.049,6381,9546,2.130,1.560,0.910,2,2,83.004,0,0,11,38,0,10,0
19-02 14:55:23,26.516,3.502,35.021,33.020,0,1674196,639600,175648,5436588,14553.906,6200.795,0,11663.137,0,881.539,6377,10122,2.130,1.560,0.910,3,1,0,0,0,11,39,0,10,0
19-02 14:55:24,20.483,4.746,41.217,30.226,0,1673024,639348,175716,5437912,20605.360,12150.188,0,12493.911,0,838.323,9541,15857,2.130,1.560,0.910,2,1,2.998,0,0,11,39,0,10,0
19-02 14:55:25,21.748,6.750,37.997,31.998,0,1654608,657332,175744,5438300,11663.176,2631.814,0,9599.322,0,687.951,5850,9038,2.130,1.560,0.910,1,1,29.998,0,0,11,38,0,10,0
19-02 14:55:26,24.748,4.250,37.997,31.498,0,1679848,629912,175812,5440328,12520.099,6130.559,0,13699.015,0,832.940,5649,9417,2.130,1.560,0.910,0,1,8.999,0,0,11,39,0,10,0
19-02 14:55:27,22.066,3.761,46.389,25.577,0,1675000,633312,175904,5441612,15611.874,11253.789,0,8020.080,0,611.837,8206,13454,2.280,1.600,0.930,0,1,9.027,0,0,11,39,0,10,0
19-02 14:55:28,21.729,7.243,36.215,32.718,0,1620576,687188,175964,5442080,11773.488,4521.579,0,13522.778,0,890.130,6755,10451,2.280,1.600,0.930,1,2,65.936,0,0,11,38,0,11,0
19-02 14:55:29,33.534,7.257,28.779,29.530,0,1623268,684028,176072,5442424,11880.121,5577.691,0,10847.067,0,716.731,6591,9980,2.280,1.600,0.930,4,2,119.122,0,0,11,37,0,11,0
19-02 14:55:30,33.651,19.443,22.434,22.185,0,1560712,744888,176172,5444292,8731.265,4273.404,370.907,12024.558,5.982,775.714,10406,16840,2.280,1.600,0.930,4,1,389.851,0,0,11,36,0,12,0
19-02 14:55:31,34.009,15.004,29.508,20.005,0,1610048,694068,176240,5445192,12325.208,5573.451,1784.464,7446.938,32.008,535.139,7871,22325,2.280,1.600,0.930,2,1,224.058,0,0,11,37,0,13,0
19-02 14:55:32,19.526,7.009,39.803,31.292,0,1592728,710580,176292,5445920,7463.915,2220.950,0,10706.222,0,721.959,5788,8846,2.500,1.660,0.950,2,1,66.088,0,0,11,36,0,14,0
19-02 14:55:33,21.275,3.754,48.057,25.029,0,1638192,663916,176380,5447000,15028.703,5681.693,0,7160.434,0,601.709,5130,7862,2.500,1.660,0.950,1,1,0,0,0,11,37,0,13,0
19-02 14:55:34,21.443,5.984,46.876,23.687,0,1602076,698552,176464,5448344,12895.801,5862.453,0,9008.111,0,645.289,7245,10980,2.500,1.660,0.950,1,1,42.886,0,0,11,36,0,14,0
19-02 14:55:35,23.246,5.249,40.492,28.745,0,1639260,660708,176508,5448980,6213.824,2505.526,0,12477.638,0,839.841,5346,8336,2.500,1.660,0.950,0,2,3.999,0,0,11,37,0,14,0
19-02 14:55:36,17.499,3.750,47.746,28.248,0,1624464,674132,176596,5450204,17670.589,8417.328,0,10195.186,0,714.943,6987,11563,2.500,1.660,0.950,3,1,0,0,0,11,37,0,14,0
19-02 14:55:37,9.514,5.008,55.083,27.041,0,1581116,716420,176648,5451180,9866.832,1456.189,0,8484.755,0,635.956,5268,8724,2.380,1.650,0.950,0,3,72.108,0,0,11,36,0,15,0
19-02 14:55:38,3.744,2.496,55.905,34.691,0.250,1563668,733064,176684,5451928,3823.534,539.088,0,13077.885,0,606.974,3677,6654,2.380,1.650,0.950,0,2,0.998,0,0,11,36,0,15,0
19-02 14:55:39,4.011,3.008,63.172,27.826,0,1548776,746912,176736,5452896,9306.294,541.472,0,8158.173,0,617.679,4372,7831,2.380,1.650,0.950,1,1,3.008,0,0,11,36,0,15,0
19-02 14:55:40,3.248,2.249,63.219,27.986,0,1535732,759092,176764,5453708,6042.029,539.735,0,7776.176,0,557.726,3934,7385,2.380,1.650,0.950,3,0,0,0,0,11,36,0,15,0
19-02 14:55:41,4.741,2.246,58.385,32.187,0.250,1520104,773868,176800,5454504,9609.153,538.943,0,11649.152,0,779.471,4668,8739,2.380,1.650,0.950,0,1,0,0,0,11,36,0,15,0
19-02 14:55:42,4.250,2.000,65.001,26.500,0,1510916,782068,176832,5455400,5492.085,540.008,0,5432.084,0,447.007,4454,8193,2.350,1.650,0.950,0,1,0,0,0,11,36,0,15,0
19-02 14:55:43,4.000,3.000,64.248,25.999,0,1501580,789648,176844,5457068,3383.920,539.987,0,8939.789,0,666.984,4853,9113,2.350,1.650,0.950,0,2,9.000,0,0,11,36,0,15,0
19-02 14:55:44,3.508,2.005,57.636,34.331,0,1495588,795180,176864,5457496,7258.114,487.149,0,9185.659,0,592.397,4142,7402,2.350,1.650,0.950,1,1,9.021,0,0,11,36,0,15,0
19-02 14:55:45,3.991,1.995,65.597,25.690,0,1488920,801304,176880,5458016,7294.987,538.744,0,6037.919,0,514.799,4506,8112,2.350,1.650,0.950,0,2,8.979,0,0,11,36,0,15,0
19-02 14:55:46,3.001,3.001,57.767,33.760,0,1483220,806476,176912,5458492,6138.859,540.164,0,12535.797,0,801.243,4231,7881,2.350,1.650,0.950,1,1,0,0,0,11,36,0,15,0
19-02 14:55:47,6.999,2.999,61.988,24.995,0,1481628,807352,176932,5459168,7053.619,539.894,0,7274.576,0,670.869,5184,9004,2.320,1.660,0.960,0,1,11.998,0,0,11,36,0,15,0
19-02 14:55:48,5.510,3.256,55.351,33.812,0,1478444,810356,176952,5459320,3829.992,635.159,0,12659.109,0,819.496,4683,8186,2.320,1.660,0.960,1,2,7.013,0,0,11,36,0,15,0
19-02 14:55:49,3.493,2.744,61.374,29.190,0,1475568,813096,176968,5459432,7502.576,538.892,0,7700.170,0,628.707,4408,7871,2.320,1.660,0.960,0,1,8.982,0,0,11,36,0,15,0
19-02 14:55:50,5.512,3.007,60.883,28.813,0,1473164,815300,176988,5459612,3925.548,541.178,0,11497.035,0,792.726,4649,8362,2.320,1.660,0.960,1,1,9.020,0,0,11,36,0,15,0
19-02 14:55:51,5.487,2.494,60.859,27.686,0,1471188,816824,177000,5460044,5116.122,484.874,0,9162.728,0,702.369,4533,8084,2.320,1.660,0.960,0,1,5.986,0,0,11,36,0,15,0
19-02 14:55:52,4.249,2.999,57.487,32.493,0,1471100,816272,177056,5460616,6844.437,539.877,0,9973.722,0,754.828,4792,8498,2.290,1.670,0.970,3,1,8.998,0,0,11,36,0,15,0
19-02 14:55:53,4.002,3.001,61.280,28.764,0,1470840,815584,177116,5461476,8335.043,540.262,0,9140.434,0,711.345,5142,9283,2.290,1.670,0.970,1,1,9.004,0,0,11,36,0,15,0
19-02 14:55:54,5.249,3.249,61.241,26.996,0,1470760,815236,177200,5461792,10044.451,539.917,0,12090.135,0,906.860,5488,9803,2.290,1.670,0.970,0,3,8.999,0,0,11,36,0,15,0
19-02 14:55:55,5.752,3.251,51.772,37.015,0,1472292,813124,177256,5462304,7149.978,540.225,0,11908.960,0,790.329,4421,7725,2.290,1.670,0.970,0,1,6.003,0,0,11,36,0,15,0
19-02 14:55:56,4.502,2.001,63.524,28.761,0,1472752,812368,177284,5462548,8710.316,540.206,0,4985.898,0,433.165,3373,6063,2.290,1.670,0.970,1,1,6.002,0,0,11,36,0,15,0
19-02 14:55:57,5.751,2.500,59.256,29.753,0,1472392,813024,177316,5462212,7184.714,540.054,0,8756.871,0,714.071,4865,8685,2.430,1.700,0.980,1,2,6.001,0,0,11,36,0,15,0
19-02 14:55:58,4.747,3.248,60.466,28.484,0,1472128,813292,177356,5462168,3974.743,539.694,0,11413.518,0,853.515,6084,11130,2.430,1.700,0.980,0,1,0.999,0,0,11,36,0,15,0
19-02 14:55:59,5.500,3.750,58.749,29.000,0,1472708,813292,177432,5461512,3614.948,485.993,0,16211.768,0,1120.984,6058,11020,2.430,1.700,0.980,0,1,3.000,0,0,11,36,0,15,0
19-02 14:56:00,7.507,3.003,64.061,23.522,0,1473020,813040,177460,5461424,7515.159,540.515,0,6718.400,0,653.623,5067,8969,2.430,1.700,0.980,0,2,3.003,0,0,11,36,0,15,0
19-02 14:56:01,8.241,3.496,53.689,32.963,0,1473736,812060,177508,5461632,7552.468,539.391,0,13592.645,0,976.896,5080,8786,2.430,1.700,0.980,0,1,11.986,0,0,11,36,0,15,0
19-02 14:56:02,6.751,2.500,66.011,21.754,0,1473232,812068,177536,5462100,7245.174,540.088,0,5964.967,0,575.093,4529,8121,2.400,1.710,0.990,2,0,6.001,0,0,11,36,0,15,0
19-02 14:56:03,5.000,2.750,60.006,30.003,0,1472920,812068,177564,5462380,5045.492,540.053,0,8160.796,0,699.068,4735,8444,2.400,1.710,0.990,2,1,12.001,0,0,11,36,0,15,0
19-02 14:56:04,4.502,3.502,54.775,33.766,0,1472652,812068,177608,5462604,7583.516,540.250,0,13918.454,0,930.431,5174,9478,2.400,1.710,0.990,1,1,6.003,0,0,11,36,0,15,0
19-02 14:56:05,5.745,2.248,61.445,27.226,0,1472812,811564,177624,5462928,7953.895,539.518,0,9787.258,0,734.344,5303,9374,2.400,1.710,0.990,0,2,5.995,0,0,11,38,0,15,0
19-02 14:56:06,4.749,2.750,59.741,29.996,0,1472516,811564,177652,5463184,3106.544,485.929,0,8690.724,0,654.904,4292,7623,2.400,1.710,0.990,0,3,5.999,0,0,11,38,0,8,0
19-02 14:56:07,5.752,2.501,65.026,24.760,0,1473388,811312,177672,5462536,3539.429,540.218,0,6238.519,0,582.235,4520,8027,2.360,1.720,0.990,1,1,3.001,0,0,11,38,0,8,0
19-02 14:56:08,4.999,3.249,61.740,27.745,0,1473660,811312,177680,5462264,8700.547,539.910,0,10138.307,0,728.878,4735,8478,2.360,1.720,0.990,0,2,6.999,0,0,11,38,0,8,0
19-02 14:56:09,4.750,3.000,54.255,33.253,0,1473276,811312,177692,5462636,7426.681,540.050,0,15713.441,0,1048.096,5782,10503,2.360,1.720,0.990,0,1,3.000,0,0,11,38,0,8,0
19-02 14:56:10,6.998,2.999,66.985,21.495,0,1473128,811060,177708,5463020,7288.318,539.875,0,5346.766,0,577.867,4782,8409,2.360,1.720,0.990,0,1,5.999,0,0,11,38,0,8,0
19-02 14:56:11,4.750,2.750,58.754,30.002,0,1473000,810808,177740,5463360,5097.370,540.039,0,12900.936,0,905.066,4949,9127,2.360,1.720,0.990,1,2,3.000,0,0,11,38,0,8,0
19-02 14:56:12,8.749,2.500,64.995,20.998,0,1472792,810556,177752,5463796,10242.191,539.957,0,7151.435,0,702.944,5413,9395,2.330,1.720,1,2,0,14.999,0,0,11,38,0,8,0
19-02 14:56:13,7.499,3.250,58.246,27.498,0,1472708,810304,177780,5464100,5190.601,485.963,0,12355.051,0,873.933,5198,9292,2.330,1.720,1,1,1,8.999,0,0,11,38,0,8,0
19-02 14:56:14,8.752,2.501,51.260,34.757,0,1472236,810304,177780,5464556,4381.892,540.110,0,12358.516,0,743.151,4856,8560,2.330,1.720,1,0,2,3.001,0,0,11,38,0,8,0
19-02 14:56:15,8.751,2.000,62.754,24.251,0,1472252,809816,177788,5465016,11109.642,540.031,0,3756.217,0,445.026,4439,7528,2.330,1.720,1,1,1,12.001,0,0,11,38,0,8,0
19-02 14:56:16,8.014,3.506,54.346,31.806,0.250,1471912,809816,177796,5465332,8089.304,540.957,0,14537.707,0,979.732,6005,10809,2.330,1.720,1,0,2,9.016,0,0,11,38,0,8,0
19-02 14:56:17,8.741,2.747,65.683,20.229,0,1471644,809312,177820,5466064,5071.827,539.450,0,5953.928,0,682.304,5594,9833,2.230,1.710,1,1,2,14.985,0,0,11,38,0,8,0
19-02 14:56:18,3.496,3.246,59.934,29.717,0,1471552,809312,177872,5466096,7018.248,539.404,0,11683.095,0,805.111,4586,8233,2.230,1.710,1,2,1,6.992,0,0,11,38,0,7,0
19-02 14:56:19,4.999,3.499,53.984,34.990,0,1471448,809060,177900,5466420,6867.014,539.844,0,14451.820,0,955.724,5209,9412,2.230,1.710,1,1,2,5.998,0,0,11,38,0,7,0
19-02 14:56:20,3.753,3.252,57.539,32.772,0,1471436,808556,177940,5466880,7482.018,540.362,0,8053.401,0,602.404,4173,7499,2.230,1.710,1,1,0,12.008,0,0,11,38,0,7,0
19-02 14:56:21,6.249,3.000,61.993,25.997,0,1470992,808556,177964,5467292,5525.400,485.947,0,9039.019,0,743.919,4996,8860,2.230,1.710,1,0,1,3.000,0,0,11,38,0,7,0
19-02 14:56:22,5.251,2.750,58.757,30.254,0,1471616,807548,177996,5467632,4080.494,540.065,0,11289.367,0,799.097,4762,8497,2.290,1.730,1.010,0,1,6.001,0,0,11,38,0,6,0
19-02 14:56:23,4.750,2.500,61.501,28.750,0,1471328,807296,178012,5468144,10705.148,540.007,0,11048.152,0,785.011,4771,8632,2.290,1.730,1.010,0,1,3.000,0,0,11,38,0,6,0
19-02 14:56:24,4.750,3.250,64.493,25.997,0,1471288,806792,178036,5468644,10072.965,539.945,0,8835.092,0,710.927,4789,8610,2.290,1.730,1.010,0,2,5.999,0,0,11,38,0,6,0
19-02 14:56:25,5.751,2.751,57.012,31.756,0,1471168,806540,178044,5469000,3918.796,540.110,0,11758.389,0,815.166,4828,8706,2.290,1.730,1.010,0,2,9.002,0,0,11,38,0,6,0
19-02 14:56:26,4.999,3.500,61.242,26.996,0,1470968,806036,178076,5469652,6678.077,539.925,0,11330.434,0,891.877,5565,9948,2.290,1.730,1.010,1,0,17.998,0,0,11,38,0,6,0
19-02 14:56:27,4.250,3.500,65.000,25.500,0,1470664,805784,178096,5470164,6594.995,540.000,0,7363.994,0,601.000,4439,7796,2.270,1.730,1.020,0,2,6.000,0,0,11,38,0,6,0
19-02 14:56:28,5.756,3.253,57.559,31.783,0,1470548,805532,178112,5470504,7645.822,486.498,0,13926.248,0,895.917,4971,8904,2.270,1.730,1.020,0,1,4.004,0,0,11,38,0,6,0
19-02 14:56:29,5.244,2.247,62.173,26.967,0,1470536,805028,178116,5471004,5699.948,539.333,0,5537.149,0,579.283,4541,8274,2.270,1.730,1.020,0,1,8.989,0,0,11,38,0,6,0
19-02 14:56:30,4.512,2.757,56.895,31.831,0,1470572,804524,178132,5471444,3443.801,583.491,0,16582.378,0,1128.885,5722,10465,2.270,1.730,1.020,1,2,12.031,0,0,11,38,0,4,0
19-02 14:56:31,7.982,4.241,64.108,21.702,0,1469724,805228,178136,5471568,6855.853,538.810,0,4366.353,0,509.874,4888,16848,2.270,1.730,1.020,0,2,38.914,0,0,11,38,0,5,0
19-02 14:56:32,5.000,2.750,58.250,31.000,0,1469248,805560,178140,5471688,7036.025,540.002,0,13464.048,0,907.003,5008,9067,2.250,1.740,1.020,2,0,9.000,0,0,11,38,0,5,0
19-02 14:56:33,4.750,3.500,61.244,28.247,0,1468956,805056,178156,5472460,8967.155,539.949,0,10175.042,0,783.926,5158,9310,2.250,1.740,1.020,0,1,5.999,0,0,11,38,0,5,0
19-02 14:56:34,6.263,3.006,62.632,26.055,0,1468072,805416,178168,5472956,6368.453,541.143,0,9564.203,0,756.598,5141,9002,2.250,1.740,1.020,2,1,30.064,0,0,11,38,0,5,0
19-02 14:56:35,5.239,2.744,61.123,27.692,0,1467464,805368,178180,5473584,7552.271,484.990,0,10374.394,0,796.342,5037,9032,2.250,1.740,1.020,0,2,14.969,0,0,11,38,0,2,0
19-02 14:56:36,6.770,3.761,57.422,29.839,0,1466996,805372,178196,5474020,5422.225,541.621,0,14968.791,0,1043.121,5796,10545,2.250,1.740,1.020,1,0,12.036,0,0,11,38,0,2,0
19-02 14:56:37,6.483,1.995,67.328,21.445,0,1467892,803860,178200,5474616,4572.321,538.624,0,4009.758,0,495.734,4678,8269,2.310,1.760,1.030,0,1,17.954,0,0,11,38,0,2,0
19-02 14:56:38,3.997,2.748,59.958,29.979,0,1467776,803860,178204,5474712,6075.780,539.625,0,11428.062,0,803.442,4580,8311,2.310,1.760,1.030,0,1,6.995,0,0,11,38,0,2,0
19-02 14:56:39,5.251,2.500,59.259,29.755,0,1467424,803608,178232,5475276,8474.314,540.084,0,10629.648,0,848.132,5071,9099,2.310,1.760,1.030,0,1,12.002,0,0,11,38,0,1,0
19-02 14:56:40,5.252,2.501,63.523,25.509,0,1467656,803104,178244,5475524,5711.090,540.198,0,8687.179,0,707.259,4761,8430,2.310,1.760,1.030,1,2,9.003,0,0,11,38,0,1,0
19-02 14:56:41,4.749,2.750,57.491,32.245,0,1467912,801340,178252,5476988,7999.752,539.916,0,12210.096,0,825.871,5891,10873,2.310,1.760,1.030,0,1,11.998,0,0,11,38,0,1,0
19-02 14:56:42,6.997,2.749,60.720,26.737,0,1469252,799444,178288,5477492,5222.429,539.734,0,6832.636,0,674.668,4957,8803,2.280,1.760,1.040,2,2,5.997,0,0,11,38,0,1,0
19-02 14:56:43,6.250,3.000,54.754,33.503,0,1468992,799444,178328,5477708,9045.693,486.037,0,14329.098,0,931.071,5183,9197,2.280,1.760,1.040,0,1,3.000,0,0,11,38,0,1,0
19-02 14:56:44,5.502,3.251,56.524,31.513,0,1468800,799196,178356,5478112,5617.370,540.228,0,9303.925,0,743.314,4854,8711,2.280,1.760,1.040,3,0,9.004,0,0,11,38,0,1,0
19-02 14:56:45,6.003,2.751,60.281,27.764,0,1469524,797936,178364,5478628,4939.564,540.280,0,11473.957,0,828.430,4956,8953,2.280,1.760,1.040,0,1,6.003,0,0,11,38,0,1,0
19-02 14:56:46,4.998,3.748,54.478,33.487,0,1469924,798676,178364,5477484,4872.038,539.783,0,14458.177,0,1040.581,6859,12870,2.280,1.760,1.040,1,1,0,0,0,11,38,0,1,0
19-02 14:56:47,4.750,2.750,60.495,28.748,0.250,1470932,798928,178372,5476224,7524.437,539.960,0,9463.291,0,719.946,5375,9876,2.260,1.770,1.040,0,1,0,0,0,11,38,0,1,0
19-02 14:56:48,4.999,2.249,63.983,26.243,0,1471368,799432,178384,5475272,8914.621,633.831,0,6294.320,0,561.850,4414,7915,2.260,1.770,1.040,0,1,1.000,0,0,11,38,0,1,0
19-02 14:56:49,3.750,3.500,56.249,33.749,0,1472076,799684,178396,5474296,7867.813,539.987,0,10651.747,0,741.982,5661,10434,2.260,1.770,1.040,1,2,0,0,0,11,38,0,1,0
19-02 14:56:50,6.258,3.004,66.339,22.030,0,1471912,801640,178404,5472500,5243.032,540.725,0,6596.848,0,707.950,5688,10330,2.260,1.770,1.040,1,1,0,0,0,11,38,0,1,0
19-02 14:56:51,5.741,3.994,57.912,29.206,0,1471464,801640,178408,5472944,7406.786,485.265,0,14470.093,0,961.544,6175,11213,2.260,1.770,1.040,0,2,5.991,0,0,11,38,0,1,0
19-02 14:56:52,5.252,2.501,59.768,30.259,0,1471320,801640,178408,5473088,7406.181,540.159,0,10715.155,0,746.220,5391,9796,2.320,1.790,1.050,0,3,6.002,0,0,11,38,0,1,0
19-02 14:56:53,5.500,3.000,64.245,23.998,0,1471004,801640,178408,5473404,4565.630,539.956,0,6171.500,0,614.950,4895,8551,2.320,1.790,1.050,0,1,11.999,0,0,11,38,0,1,0
19-02 14:56:54,5.001,3.251,58.013,31.007,0,1470796,801640,178416,5473604,9622.180,540.122,0,11182.534,0,819.186,4869,8646,2.320,1.790,1.050,0,3,6.001,0,0,11,38,0,1,0
19-02 14:56:55,11.992,1.999,60.711,22.985,0,1471004,801640,178420,5473392,6724.628,539.649,0,6475.790,0,558.637,4263,6965,2.320,1.790,1.050,1,1,8.994,0,0,11,36,0,2,0
19-02 14:56:56,10.284,20.818,52.171,16.303,0,1348008,924440,178424,5473584,5879.235,541.772,0,13179.117,0,727.380,7544,8110,2.320,1.790,1.050,2,0,573.878,0,0,11,32,0,2,0
19-02 14:56:57,46.244,16.998,33.746,2.000,0,1483596,788640,178440,5473780,9008.820,539.929,0,1695.778,0,101.987,5789,4869,2.450,1.830,1.070,5,0,371.951,0,0,11,32,0,8,0
19-02 14:56:58,64.574,9.225,20.694,5.236,0,1704884,565116,178520,5475752,6132.320,484.682,0,2704.643,0,138.623,4151,2089,2.450,1.830,1.070,4,0,2.992,0,0,11,32,0,8,0
19-02 14:56:59,55.505,4.500,32.253,6.751,0,1794888,471132,178648,5479164,9200.789,540.046,0,5112.438,0,148.013,3745,1773,2.450,1.830,1.070,0,1,6.001,0,0,11,32,0,8,0
19-02 14:57:00,15.007,3.001,53.273,27.512,0,1801788,462060,178692,5481192,6623.877,540.235,0,6822.963,0,457.199,5274,8658,2.450,1.830,1.070,4,0,21.009,0,0,11,38,0,8,0
19-02 14:57:01,8.511,3.504,50.564,35.295,0,1803872,458784,178700,5482348,4683.953,540.687,0,10469.306,0,717.912,4999,8465,2.450,1.830,1.070,4,1,33.042,0,0,11,38,0,8,0
19-02 14:57:02,11.725,2.744,51.391,30.934,0,1802348,457524,178700,5485004,7989.066,538.858,0,10932.827,0,813.276,6340,10910,2.740,1.900,1.100,0,2,41.911,0,0,11,38,0,8,0
19-02 14:57:03,6.751,3.501,52.258,34.755,0,1802220,456264,178704,5486336,8164.235,540.082,0,14542.199,0,943.143,6381,11559,2.740,1.900,1.100,0,2,15.002,0,0,11,38,0,8,0
19-02 14:57:04,5.500,3.250,49.750,38.000,0,1802168,455256,178720,5487356,4663.976,539.997,0,12595.936,0,834.996,5167,9164,2.740,1.900,1.100,3,1,21.000,0,0,11,38,0,8,0
19-02 14:57:05,7.501,3.750,50.254,36.003,0,1802860,453492,178736,5488384,8503.700,540.044,0,12421.022,0,851.070,5261,9443,2.740,1.900,1.100,0,2,15.001,0,0,11,38,0,8,0
19-02 14:57:06,7.002,2.751,51.266,36.761,0,1802824,452988,178744,5488916,4440.358,486.149,0,10615.246,0,793.243,5350,9544,2.740,1.900,1.100,0,3,27.008,0,0,11,38,0,8,0
19-02 14:57:07,8.006,3.252,51.035,35.775,0,1801988,452484,178756,5490208,7691.334,540.375,0,11908.259,0,772.536,5276,9335,2.760,1.910,1.110,3,2,21.015,0,0,11,38,0,8,0
19-02 14:57:08,5.995,3.247,53.205,33.971,0,1802088,451224,178760,5491332,5126.698,539.547,0,12237.732,0,808.322,6357,11567,2.760,1.910,1.110,0,2,21.982,0,0,11,38,0,8,0
19-02 14:57:09,8.001,3.500,50.006,37.004,0,1802324,449964,178772,5492300,3974.456,540.062,0,12893.478,0,849.097,5549,10123,2.760,1.910,1.110,0,2,27.003,0,0,11,38,0,8,0
19-02 14:57:10,7.499,3.249,48.991,36.493,0.250,1802656,448200,178788,5493664,6935.735,539.902,0,14233.404,0,942.828,7018,12858,2.760,1.910,1.110,1,2,20.996,0,0,11,38,0,8,0
19-02 14:57:11,7.001,3.751,51.510,35.257,0,1802672,446940,178792,5494844,4554.841,540.100,0,13510.496,0,892.165,5681,10285,2.760,1.910,1.110,1,0,18.003,0,0,11,38,0,8,0
19-02 14:57:12,12.254,3.501,53.017,29.260,0,1803116,444672,178808,5496556,8164.657,540.176,0,10755.500,0,855.278,6556,10935,2.780,1.930,1.120,0,1,54.018,0,0,11,38,0,8,0
19-02 14:57:13,7.505,3.252,52.782,33.270,0,1803388,443160,178824,5497748,5871.570,486.296,0,13504.210,0,895.544,5412,9606,2.780,1.930,1.120,1,2,27.016,0,0,11,38,0,8,0
19-02 14:57:14,7.735,2.994,51.647,34.681,0,1802920,442656,178832,5498688,7981.068,538.924,0,12319.408,0,808.386,6034,10844,2.780,1.930,1.120,4,1,20.958,0,0,11,38,0,8,0
19-02 14:57:15,7.257,3.504,47.048,39.040,0,1802556,441900,178848,5499760,6029.187,540.555,0,11900.212,0,786.807,6489,11655,2.780,1.930,1.120,0,3,21.022,0,0,11,38,0,8,0
19-02 14:57:16,7.247,2.749,52.229,34.486,0,1802124,441144,178852,5500916,6428.440,539.785,0,12846.884,0,858.658,5859,10594,2.780,1.930,1.120,0,3,14.994,0,0,11,38,0,8,0
19-02 14:57:17,5.252,2.751,54.016,35.011,0,1802148,440388,178864,5501612,4693.429,540.164,0,11587.527,0,787.240,4650,8473,2.880,1.970,1.130,1,2,12.004,0,0,11,38,0,8,0
19-02 14:57:18,6.501,3.251,52.009,35.756,0,1802584,439380,178868,5502168,8566.447,540.091,0,13418.266,0,874.148,5671,10108,2.880,1.970,1.130,1,2,13.002,0,0,11,38,0,8,0
19-02 14:57:19,6.765,3.508,50.362,36.331,0,1802236,438876,178868,5502996,5371.978,541.207,0,14476.278,0,961.143,5620,10136,2.880,1.970,1.130,0,4,12.027,0,0,11,38,0,8,0
19-02 14:57:20,5.239,3.243,52.140,36.922,0,1802076,437868,178872,5504136,6905.417,484.976,0,10601.611,0,759.396,4994,8771,2.880,1.970,1.130,0,3,14.968,0,0,11,38,0,8,0
19-02 14:57:21,6.752,4.001,55.515,31.259,0,1802340,437112,178880,5504600,6643.836,540.149,0,13551.746,0,945.261,5628,9802,2.880,1.970,1.130,0,1,24.007,0,0,11,38,0,8,0
19-02 14:57:22,6.498,2.499,57.733,30.491,0,1802308,436104,178880,5505612,9931.045,539.839,0,7237.847,0,533.841,4614,7972,2.810,1.970,1.140,0,2,11.996,0,0,11,38,0,8,0
19-02 14:57:23,5.499,3.250,54.743,34.745,0,1802884,434844,178884,5506248,8581.848,539.928,0,13346.208,0,935.874,5161,9362,2.810,1.970,1.140,1,3,20.997,0,0,11,38,0,8,0
19-02 14:57:24,19.536,6.762,40.825,31.558,0,1660412,576412,178884,5507148,6674.242,540.992,0,15075.651,0,985.808,6723,10605,2.810,1.970,1.140,1,2,90.165,0,0,11,36,0,8,0
19-02 14:57:25,28.945,4.991,28.945,34.685,0,1734964,500884,178892,5508064,8939.150,538.984,0,10264.652,0,715.651,6014,8958,2.810,1.970,1.140,1,2,24.953,0,0,11,36,0,8,0
19-02 14:57:26,29.757,3.501,33.008,31.507,0,1781000,452500,178900,5510328,5702.303,540.123,0,9030.064,0,588.134,6131,9463,2.810,1.970,1.140,3,1,29.007,0,0,11,38,0,8,0
19-02 14:57:27,9.495,4.997,47.473,35.979,0,1653484,579356,178904,5510968,5334.933,539.690,0,9082.778,0,602.654,4617,7581,2.980,2.020,1.160,0,1,89.948,0,0,11,36,0,8,0
19-02 14:57:28,4.751,2.750,51.759,38.257,0,1652880,579356,178904,5511556,9076.645,486.088,0,11210.031,0,745.135,4661,8410,2.980,2.020,1.160,0,1,10.002,0,0,11,36,0,8,0
19-02 14:57:29,6.001,3.501,55.011,33.006,0,1651636,579356,178912,5512760,7807.525,540.105,0,11486.243,0,774.151,5503,9758,2.980,2.020,1.160,0,1,21.004,0,0,11,36,0,8,0
19-02 14:57:30,6.748,3.249,55.987,31.243,0,1650424,579356,178928,5513924,7267.367,581.869,0,7502.314,0,630.858,5171,8762,2.980,2.020,1.160,0,1,26.994,0,0,11,36,0,8,0
19-02 14:57:31,9.003,5.002,52.516,30.759,0,1646860,582208,178928,5514592,5004.535,540.166,0,11807.622,0,685.210,5842,14405,2.980,2.020,1.160,0,3,48.015,0,0,11,36,0,9,0
19-02 14:57:32,5.997,2.999,50.477,37.483,0,1646128,581732,178944,5515728,3477.428,539.756,0,12994.125,0,823.628,4864,8918,3.060,2.050,1.170,1,3,5.997,0,0,11,36,0,8,0
19-02 14:57:33,6.251,3.250,49.506,38.504,0.250,1646020,580724,178956,5516788,8139.938,540.062,0,15637.802,0,1017.117,5575,10117,3.060,2.050,1.170,2,1,6.001,0,0,11,36,0,8,0
19-02 14:57:34,6.750,3.000,56.496,30.998,0,1647468,577728,178964,5518256,7301.523,539.965,0,9875.355,0,715.953,5198,9000,3.060,2.050,1.170,0,2,23.998,0,0,11,36,0,8,0
19-02 14:57:35,6.001,2.751,55.762,32.257,0,1647324,576972,178984,5519116,4178.864,486.100,0,10254.120,0,723.149,5181,9312,3.060,2.050,1.170,0,1,18.004,0,0,11,36,0,8,0
19-02 14:57:36,5.252,3.501,57.268,31.260,0,1646752,576720,178988,5519912,9002.780,540.167,0,11539.564,0,790.244,6041,10908,3.060,2.050,1.170,1,1,18.006,0,0,11,36,0,8,0
19-02 14:57:37,12.500,3.250,48.999,32.999,0,1651900,571428,178988,5520052,7399.868,539.990,0,13011.768,0,870.984,5328,8874,3.140,2.080,1.190,1,2,0,0,0,11,36,0,8,0
19-02 14:57:38,5.248,2.999,50.481,37.486,0,1650472,571428,178996,5521416,7942.971,539.794,0,12267.322,0,749.714,5148,9324,3.140,2.080,1.190,0,1,1.000,0,0,11,36,0,8,0
19-02 14:57:39,6.504,3.252,56.532,31.268,0,1649940,570168,179008,5523152,7936.536,540.309,0,8640.938,0,590.337,4727,8220,3.140,2.080,1.190,0,1,0,0,0,11,36,0,8,0
19-02 14:57:40,4.748,2.499,49.734,39.987,0,1649576,569412,179012,5524228,4035.667,539.822,0,12000.036,0,751.752,5070,9357,3.140,2.080,1.190,0,3,0,0,0,11,36,0,8,0
19-02 14:57:41,5.248,2.499,46.484,42.735,0.250,1649656,567900,179012,5525612,8243.161,539.814,0,9696.660,0,638.780,4613,8410,3.140,2.080,1.190,2,0,0,0,0,11,36,0,8,0
19-02 14:57:42,4.996,3.247,54.207,34.223,0,1649484,566416,179020,5527176,5627.570,485.618,0,11822.694,0,760.401,4975,9083,3.210,2.120,1.200,0,1,0,0,0,11,36,0,8,0
19-02 14:57:43,6.498,3.249,47.737,40.239,0,1649064,565408,179024,5528540,7403.042,539.857,0,15427.920,0,956.747,5713,10519,3.210,2.120,1.200,0,4,0,0,0,11,36,0,8,0
19-02 14:57:44,7.009,3.004,49.811,36.795,0,1649084,562888,179028,5530920,5540.730,540.657,0,11782.311,0,783.952,5574,10034,3.210,2.120,1.200,0,3,0,0,0,11,36,0,8,0
19-02 14:57:45,4.505,3.254,51.309,37.793,0,1649212,561628,179028,5532020,7452.526,540.619,0,13323.243,0,832.953,5340,9856,3.210,2.120,1.200,1,2,0,0,0,11,36,0,8,0
19-02 14:57:46,4.246,3.247,54.700,35.218,0,1649676,559612,179036,5533512,5237.193,539.505,0,12036.951,0,756.306,4821,8862,3.210,2.120,1.200,0,1,0,0,0,11,36,0,8,0
19-02 14:57:47,6.002,2.751,54.514,33.758,0,1649720,558352,179036,5534660,3339.839,540.136,0,7537.893,0,560.141,4643,8213,3.110,2.120,1.210,0,2,12.003,0,0,11,36,0,8,0
19-02 14:57:48,5.749,2.750,54.995,33.497,0,1649872,557860,179040,5534960,3155.688,633.937,0,11318.881,0,771.924,4799,8710,3.110,2.120,1.210,1,2,1.000,0,0,11,36,0,8,0
19-02 14:57:49,4.750,3.500,52.495,37.747,0,1650692,556600,179044,5535396,6859.387,539.952,0,12474.886,0,809.928,5459,9891,3.110,2.120,1.210,1,0,8.999,0,0,11,36,0,8,0
19-02 14:57:50,5.000,3.500,57.004,32.002,0,1651404,555844,179044,5535424,6277.410,486.032,0,12068.787,0,903.059,5180,9423,3.110,2.120,1.210,1,0,9.001,0,0,11,36,0,8,0
19-02 14:57:51,3.748,2.999,60.972,28.987,0,1650896,555844,179052,5535920,7737.416,539.750,0,11854.509,0,879.593,4856,8822,3.110,2.120,1.210,0,1,11.994,0,0,11,36,0,8,0
19-02 14:57:52,6.002,3.251,62.270,26.509,0,1651204,555340,179052,5536112,5067.630,540.174,0,7818.515,0,636.205,5167,8958,3.260,2.160,1.230,1,1,18.006,0,0,11,36,0,8,0
19-02 14:57:53,8.523,3.008,54.645,31.584,0,1653572,552568,179056,5536496,9811.110,541.441,0,11771.327,0,819.180,5290,9293,3.260,2.160,1.230,3,3,6.016,0,0,11,36,0,8,0
19-02 14:57:54,3.490,1.995,58.838,32.162,0,1653228,552064,179056,5537324,10262.778,538.519,0,14005.486,0,902.518,4946,9059,3.260,2.160,1.230,0,2,5.984,0,0,11,36,0,8,0
19-02 14:57:55,9.252,3.501,49.008,35.756,0,1653696,551056,179056,5537860,6030.027,540.092,0,11437.948,0,790.135,6175,11072,3.260,2.160,1.230,5,0,12.002,0,0,11,36,0,8,0
19-02 14:57:56,5.998,3.249,53.230,34.987,0,1653924,550552,179064,5538112,3536.692,539.800,0,11051.912,0,784.710,4752,8513,3.260,2.160,1.230,0,2,14.994,0,0,11,36,0,7,0
19-02 14:57:57,8.270,2.757,55.131,31.325,0,1653732,550048,179068,5538780,8387.962,541.288,0,8047.151,0,664.582,5348,9063,3.240,2.180,1.240,0,1,21.050,0,0,11,36,0,7,0
19-02 14:57:58,12.229,2.995,48.417,33.193,0,1653544,549796,179068,5539208,6686.530,485.168,0,13492.855,0,917.426,6039,10464,3.240,2.180,1.240,1,1,12.978,0,0,11,34,0,7,0
19-02 14:57:59,20.995,10.998,51.489,15.497,0,1370012,833456,179072,5539076,7499.341,539.881,0,11613.430,0,670.852,5303,6344,3.240,2.180,1.240,1,0,248.945,0,0,11,32,0,7,0
19-02 14:58:00,22.499,3.250,71.497,1.500,0,1438024,765444,179072,5539076,6229.740,539.977,0,947.960,0,54.998,1988,1611,3.240,2.180,1.240,1,0,1.000,0,0,11,32,0,7,0
19-02 14:58:01,24.557,2.005,71.667,1.503,0,1487656,715800,179072,5539084,7907.394,541.259,0,906.108,0,52.121,2300,2031,3.240,2.180,1.240,1,0,2.005,0,0,11,34,0,1,0
19-02 14:58:02,20.707,5.988,70.105,2.245,0,1414908,788552,179072,5539088,7282.947,538.886,0,1057.814,0,62.870,2379,1778,3.060,2.160,1.240,1,0,33.930,0,0,11,32,0,1,0
19-02 14:58:03,22.745,2.999,73.483,0,0,1485208,718244,179072,5539096,7279.350,539.878,0,107.976,0,10.998,1814,1385,3.060,2.160,1.240,1,0,2.000,0,0,11,34,0,1,0
19-02 14:58:04,17.548,21.309,59.664,0.501,0,1441508,761904,179072,5539120,8563.533,541.488,0,866.381,0,74.204,5800,5592,3.060,2.160,1.240,3,0,677.863,0,0,11,32,0,1,0
19-02 14:58:05,9.989,27.969,57.686,2.747,0,1436500,766856,179072,5539176,9737.124,539.398,0,563.371,0,95.893,6893,5900,3.060,2.160,1.240,2,0,800.106,0,0,11,32,0,1,0
19-02 14:58:06,7.758,20.019,65.063,6.757,0,1436236,767036,179072,5539256,3256.170,486.474,0,216.211,0,15.015,5634,4324,3.060,2.160,1.240,1,0,436.425,0,0,11,32,0,1,0
19-02 14:58:07,9.251,19.751,69.504,0,0,1422456,780768,179072,5539296,7188.439,540.033,0,288.018,0,50.003,5980,4690,2.900,2.140,1.240,3,0,429.026,0,0,11,32,0,1,0
19-02 14:58:08,16.743,16.743,65.724,0,0,1414364,788816,179072,5539744,8982.404,539.784,0,19.992,0,4.998,6639,8152,2.900,2.140,1.240,1,0,310.876,0,0,11,32,0,1,0
19-02 14:58:09,41.894,9.725,47.131,0,0,1516120,686960,179080,5539876,9218.697,538.638,0,95.758,0,7.980,3872,2818,2.900,2.140,1.240,3,0,130.670,0,0,11,33,0,1,0
19-02 14:58:10,45.395,5.768,48.655,0,0,1615372,587652,179080,5539928,5677.101,541.727,0,16.051,0,1.003,3195,2294,2.900,2.140,1.240,3,0,16.051,0,0,11,49,0,1,0
19-02 14:58:11,45.607,4.735,48.598,0.748,0,1652900,548144,179152,5541464,4902.646,538.314,103.675,1886.093,0.997,188.410,3204,2082,2.900,2.140,1.240,3,0,2.991,0,0,11,49,0,1,0
19-02 14:58:12,15.532,19.289,62.126,1.754,0,1648620,549736,179156,5544528,7986.216,541.099,0,288.586,0,7.014,7486,10889,2.660,2.100,1.230,13,0,396.806,0,0,11,48,0,1,0
19-02 14:58:13,13.724,6.737,77.352,0.998,0,1668428,529800,179156,5544100,9594.675,485.074,0,103.802,0,7.985,4043,5291,2.660,2.100,1.230,1,1,98.811,0,0,11,48,0,1,0
19-02 14:58:14,0.250,1.250,95.977,1.500,0,1668416,529800,179156,5544112,5919.552,539.868,0,1227.700,0,35.991,963,1488,2.660,2.100,1.230,0,0,2.999,0,0,11,48,0,1,0
19-02 14:58:15,1.000,0.500,94.755,3.250,0,1666084,532132,179156,5544112,8830.433,540.026,0,2484.122,0,228.011,1001,1013,2.660,2.100,1.230,0,1,3.000,0,0,11,48,0,1,0
19-02 14:58:16,0.500,0.250,94.491,3.750,0,1665004,533212,179156,5544112,8281.239,539.950,0,1835.831,0,100.991,759,962,2.660,2.100,1.230,0,0,1.000,0,0,11,48,0,1,0
19-02 14:58:17,2.751,3.001,93.541,0,0,1639548,558720,179156,5544104,7740.420,540.239,0,0,0,0,1626,1735,2.450,2.070,1.220,0,0,50.022,0,0,11,48,0,1,0
19-02 14:58:18,17.495,13.496,67.980,0,0,1629280,568980,179156,5544116,7018.901,539.839,0,0,0,0,5885,7815,2.450,2.070,1.220,0,0,278.917,0,0,11,48,0,1,0
19-02 14:58:19,11.284,17.804,69.961,0,0,1669136,529064,179156,5544164,3446.386,780.352,0,4.012,0,1.003,5711,5113,2.450,2.070,1.220,2,0,406.224,0,0,12,48,0,1,0
19-02 14:58:20,18.451,12.218,67.074,0.748,0,1668000,530244,179156,5544116,7205.053,484.725,0,259.318,0,18.950,6005,8312,2.450,2.070,1.220,2,0,225.407,0,0,12,60,0,1,0
19-02 14:58:21,5.762,8.016,82.419,3.006,0,1671460,526600,179156,5544312,5211.704,541.111,0,292.601,0,24.049,2960,2845,2.450,2.070,1.220,2,0,186.383,0,0,13,64,0,1,0
19-02 14:58:22,17.484,12.988,68.436,0,0,1675644,522368,179156,5544348,7005.489,539.499,0,0,0,0,6744,8709,2.330,2.050,1.220,1,0,237.779,0,0,14,64,0,2,0
19-02 14:58:23,9.766,20.032,69.361,0,0,1652352,545616,179156,5544396,6375.230,540.868,0,76.122,0,14.023,6034,4796,2.330,2.050,1.220,1,0,436.701,0,0,14,66,0,2,0
19-02 14:58:24,14.463,19.201,65.831,0,0,1679228,518716,179156,5544760,9777.832,580.506,0,39.897,0,9.974,7564,9064,2.330,2.050,1.220,18,0,366.058,0,0,14,66,0,2,0
19-02 14:58:25,27.524,19.017,51.796,0,0,1725940,471940,179168,5544472,11472.156,582.516,0,292.259,0,7.006,6079,5307,2.330,2.050,1.220,3,0,497.440,0,0,14,66,0,2,0
19-02 14:58:26,29.021,25.268,44.782,0,0,1841492,354948,179228,5545772,31222.428,540.388,20.014,308.221,2.001,9.006,7846,9127,2.330,2.050,1.220,2,0,685.492,0,0,14,66,0,2,0
19-02 14:58:27,33.671,21.699,44.646,0,0,1965788,230368,179244,5545996,3424.992,538.740,0,43.897,0,10.974,6088,6221,2.470,2.080,1.240,2,0,443.962,0,0,14,70,0,4,0
19-02 14:58:28,60.189,21.229,18.232,0,0,2049916,145896,179260,5546764,6948.967,485.509,0,7.992,0,1.998,6360,6473,2.470,2.080,1.240,4,0,446.548,0,0,14,70,0,4,0
19-02 14:58:29,61.612,18.784,18.283,0,0,2140240,188880,166548,5429308,6613.056,631.151,16.029,24.044,4.007,6.011,6940,9378,2.470,2.080,1.240,3,0,338.617,0,0,14,70,0,4,0
19-02 14:58:30,71.571,25.275,2.753,0,0,2272356,144164,166340,5344272,8497.463,582.580,100.100,2494.484,11.011,101.101,5793,6101,2.470,2.080,1.240,7,0,587.585,0,0,14,70,0,4,0
19-02 14:58:31,75.718,19.242,2.499,1.999,0,2459068,192564,166688,5113740,8324.522,539.774,555.768,1887.212,76.968,23.990,7434,13124,2.470,2.080,1.240,7,0,306.872,0,0,14,74,0,5,0
19-02 14:58:32,58.360,24.045,6.011,11.772,0,2588016,137076,166660,5042676,7229.593,541.017,0,7598.286,0,530.998,10058,13991,2.670,2.130,1.260,3,3,525.989,0,0,14,76,0,5,0
19-02 14:58:33,55.463,16.239,11.242,15.989,0,2661112,191172,166548,4918128,8527.247,539.636,87.941,15829.320,4.997,301.796,8436,12187,2.670,2.130,1.260,4,1,207.860,0,0,14,79,0,4,0
19-02 14:58:34,57.685,7.242,24.223,9.989,0,2800752,190540,166652,4781808,6955.158,539.392,59.932,5833.423,4.994,229.741,6673,8769,2.670,2.130,1.260,4,0,7.991,0,0,14,81,0,6,0
19-02 14:58:35,68.868,19.784,8.515,3.256,0,2851720,136200,166660,4785256,4830.308,540.930,72.124,2692.631,11.019,86.148,9356,20100,2.670,2.130,1.260,3,3,469.808,0,0,14,95,0,13,0
19-02 14:58:36,26.865,18.905,47.512,4.229,0,2902172,153088,166660,4719360,7677.493,483.575,0,5826.775,0,401.984,7905,11020,2.670,2.130,1.260,3,1,417.904,0,0,14,93,0,14,0
19-02 14:58:37,38.563,11.018,48.329,1.753,0,2994848,127316,166664,4654160,5905.679,540.886,160.263,1975.237,4.007,126.207,5528,5964,2.540,2.110,1.260,2,0,194.318,0,0,14,94,0,14,0
19-02 14:58:38,33.032,10.260,52.551,3.253,0,3059272,129456,166684,4588864,8139.866,540.522,12.012,1761.703,3.003,103.100,4547,4442,2.540,2.110,1.260,1,0,131.127,0,0,14,97,0,14,0
19-02 14:58:39,8.509,20.022,65.320,5.506,0,3062872,192316,166684,4523812,8190.822,540.582,0,4857.232,0,244.263,6361,5563,2.540,2.110,1.260,1,0,414.446,0,0,14,97,0,14,0
19-02 14:58:40,8.252,19.004,70.516,0.250,0,3069924,185224,166684,4523852,7900.815,630.145,4.001,140.032,1.000,12.003,5867,4546,2.540,2.110,1.260,1,0,377.087,0,0,14,97,0,14,0
19-02 14:58:41,20.022,6.507,73.080,0,0,3136296,184720,166684,4459360,5053.502,540.589,4.004,40.044,1.001,4.004,2505,1890,2.540,2.110,1.260,1,0,70.076,0,0,14,97,0,14,0
19-02 14:58:42,18.186,1.744,76.479,2.242,0,3145240,176164,166684,4459380,29046.253,23061.423,15.944,6046.611,2.989,240.150,2678,2724,2.410,2.090,1.250,1,0,0,0,0,14,99,0,15,0
19-02 14:58:43,20.265,6.255,71.804,1.251,0,3138892,182496,166684,4459396,8910.686,486.365,0,2469.853,0,302.227,2737,1804,2.410,2.090,1.250,2,0,63.047,0,0,14,99,0,15,0
19-02 14:58:44,15.487,2.748,80.431,0.250,0,3147700,173716,166688,4459408,14533.489,7007.967,7.993,203.825,1.998,20.982,2385,2534,2.410,2.090,1.250,1,0,0,0,0,14,102,0,15,0
19-02 14:58:45,25.758,5.252,62.018,7.252,0,3148000,172508,166704,4460272,3309.974,540.159,128.038,1664.490,7.002,147.043,5110,9053,2.410,2.090,1.250,0,2,4.001,0,0,14,107,0,15,0
19-02 14:58:46,22.295,3.758,59.872,11.774,0,3150848,169248,166704,4460684,9458.275,1686.437,188.384,6088.408,9.018,406.829,5666,8425,2.410,2.090,1.250,1,0,2.004,0,0,14,110,0,17,0
19-02 14:58:47,18.515,8.257,72.060,0.500,0,3181316,138756,166704,4460708,7199.993,540.450,0,556.463,0,32.027,3044,2315,2.220,2.060,1.250,2,0,111.092,0,0,14,110,0,17,0
19-02 14:58:48,19.189,2.243,75.761,1.495,0,3186600,133460,166704,4460720,14663.708,7006.880,0,610.074,0,47.849,2438,2247,2.220,2.060,1.250,1,0,2.991,0,0,14,115,0,17,0
19-02 14:58:49,22.007,4.751,69.771,2.251,0,3185868,133676,166704,4461236,7950.350,2524.746,32.009,800.236,2.001,86.025,4916,7705,2.220,2.060,1.250,2,0,1.000,0,0,14,115,0,17,0
19-02 14:58:50,37.511,11.754,48.765,1.751,0,3230160,155708,166712,4396896,4359.317,1824.551,8.002,1164.352,2.001,104.031,4956,5172,2.220,2.060,1.250,2,0,101.031,0,0,14,116,0,18,0
19-02 14:58:51,35.486,4.748,58.227,0.750,0,3280180,168180,166712,4335460,13546.625,6858.279,0,663.737,0,49.980,2707,1779,2.220,2.060,1.250,1,0,0,0,0,14,118,0,18,0
19-02 14:58:52,19.998,5.749,73.242,0.250,0,3264884,183452,166712,4335484,22883.426,16700.122,0,491.945,0,28.997,2585,2003,2.200,2.060,1.250,1,0,54.994,0,0,14,116,0,19,0
19-02 14:58:53,18.995,1.750,78.230,0.250,0,3280524,167804,166712,4335492,32082.825,23113.111,0,327.916,0,16.996,1903,1488,2.200,2.060,1.250,2,0,0,0,0,14,116,0,20,0
19-02 14:58:54,20.753,5.251,72.762,0.250,0,3278168,170136,166712,4335516,7803.238,540.086,8.001,60.010,2.000,7.001,2419,1877,2.200,2.060,1.250,1,0,51.008,0,0,14,116,0,20,0
19-02 14:58:55,15.752,3.250,77.760,2.750,0,3279940,168300,166712,4335580,14189.881,8161.082,24.003,640.085,3.000,87.012,2889,3531,2.200,2.060,1.250,1,0,1.000,0,0,14,118,0,21,0
19-02 14:58:56,19.996,7.249,70.736,1.000,0,3331708,179804,166712,4273684,5530.935,539.896,3.999,1391.732,1.000,84.984,3003,2685,2.200,2.060,1.250,1,0,81.984,0,0,14,118,0,21,0
19-02 14:58:57,17.259,3.252,78.041,0.250,0,3299056,212624,166712,4273672,28734.114,23089.145,0,364.192,0,26.014,2313,1900,2.020,2.020,1.250,2,0,28.015,0,0,14,118,0,22,0
19-02 14:58:58,20.990,4.998,73.464,0.250,0,3353648,158020,166716,4273680,4870.636,1999.030,3.998,0,1.000,0,2028,1439,2.020,2.020,1.250,0,0,27.986,0,0,14,119,0,22,0
19-02 14:58:59,16.503,3.251,74.515,4.001,0,3344264,167308,166720,4273772,15249.159,5679.177,36.007,1232.255,3.001,182.038,4199,5910,2.020,2.020,1.250,1,1,1.000,0,0,14,120,0,22,0
19-02 14:59:00,19.989,7.246,59.719,10.994,0,3290392,220952,166720,4274000,7571.012,1779.063,0,4401.682,0,301.841,6251,9218,2.020,2.020,1.250,1,0,53.972,0,0,14,121,0,24,0
19-02 14:59:01,19.240,2.749,74.712,2.749,0,3337428,173904,166720,4274012,13916.908,6247.816,0,667.660,0,41.979,1934,1554,2.020,2.020,1.250,1,0,0,0,0,14,122,0,24,0
19-02 14:59:02,19.778,4.256,72.853,2.253,0,3332556,178620,166720,4274168,11156.835,4867.909,128.182,1109.575,9.013,129.183,3481,4181,1.940,2.010,1.240,2,2,6.009,0,0,14,122,0,24,0
19-02 14:59:03,24.233,5.246,57.459,12.241,0,3332136,179008,166720,4274200,7214.818,539.612,0,8505.891,0,628.549,6034,8543,1.940,2.010,1.240,3,0,0,0,0,14,122,0,24,0
19-02 14:59:04,28.509,6.252,61.520,2.001,0,3291812,219268,166720,4274264,10773.582,1406.468,0,1564.520,0,74.025,5184,7093,1.940,2.010,1.240,1,1,70.023,0,0,14,121,0,25,0
19-02 14:59:05,16.298,2.006,76.476,3.510,0,3307728,203332,166720,4274284,13408.597,9119.932,0,822.429,0,79.234,2732,3303,1.940,2.010,1.240,0,1,1.003,0,0,14,122,0,25,0
19-02 14:59:06,16.950,9.472,70.543,2.493,0,3286020,225016,166720,4274308,4278.468,1735.916,0,3417.989,0,76.775,3821,3979,1.940,2.010,1.240,1,0,146.571,0,0,14,121,0,26,0
19-02 14:59:07,19.997,2.250,76.987,0.250,0,3307656,203372,166720,4274316,13801.586,6878.797,0,563.901,0,35.994,2013,1645,1.870,1.990,1.240,2,0,0,0,0,14,122,0,26,0
19-02 14:59:08,18.514,4.503,72.555,3.002,0,3307720,203120,166724,4274500,13004.862,5638.276,4.003,1216.923,1.001,126.096,4942,7007,1.870,1.990,1.240,1,0,1.001,0,0,14,122,0,26,0
19-02 14:59:09,32.053,8.013,56.843,2.254,0,3278012,232648,166724,4274648,8835.499,2133.501,52.085,2223.649,4.007,113.186,9749,15740,1.870,1.990,1.240,2,0,69.113,0,0,14,123,0,27,0
19-02 14:59:10,39.772,11.506,43.775,4.002,0,3340716,169824,166724,4274752,5667.187,1044.587,0,1817.022,0,191.107,8819,12768,1.870,1.990,1.240,2,0,221.124,0,0,14,123,0,27,0
19-02 14:59:11,19.740,3.248,74.462,1.749,0,3269116,241396,166724,4274780,14543.489,7945.897,0,771.602,0,56.971,2814,2924,1.870,1.990,1.240,1,0,16.991,0,0,14,123,0,28,0
19-02 14:59:12,8.745,20.238,68.961,0.999,0,3235316,275024,166724,4274952,5549.829,629.640,0,671.616,0,37.978,5960,4745,1.800,1.970,1.240,1,0,408.766,0,0,14,123,0,28,0
19-02 14:59:13,15.262,18.014,62.547,3.252,0,3249980,260344,166724,4275412,3660.760,540.407,0,2790.103,0,253.191,7631,9056,1.800,1.970,1.240,1,0,344.260,0,0,14,123,0,28,0
19-02 14:59:14,28.406,19.186,47.842,2.741,0,3328036,182244,166724,4275016,8266.614,484.395,0,2463.838,0,158.475,6323,5902,1.800,1.970,1.240,2,0,450.508,0,0,14,123,0,28,0
19-02 14:59:15,33.136,20.585,44.433,1.506,0,3381108,128776,166736,4275848,8573.302,654.696,72.298,377.555,4.017,31.128,8293,11697,1.800,1.970,1.240,2,0,440.815,0,0,14,129,0,28,0
19-02 14:59:16,44.986,20.494,33.490,0.750,0,3463048,171124,166736,4154648,4606.600,539.836,51.984,255.922,3.999,15.995,6353,7710,1.800,1.970,1.240,7,0,490.851,0,0,16,129,0,28,0
19-02 14:59:17,59.206,22.234,14.739,2.748,0,3609724,144116,166740,4038396,7990.121,539.603,27.979,4045.024,3.997,224.835,7240,12425,2.050,2.020,1.260,6,0,416.693,0,0,16,135,0,28,0
19-02 14:59:18,47.232,20.492,30.988,0.750,0,3690076,152832,166556,3950056,5456.938,539.796,31.988,627.763,2.999,37.986,8702,13399,2.050,2.020,1.260,5,0,495.813,0,0,16,151,0,28,0
19-02 14:59:19,28.035,23.029,47.809,0.751,0,3740780,147024,166564,3905388,9415.709,540.672,8.010,1253.559,2.002,42.052,7143,6357,2.050,2.020,1.260,1,0,607.756,0,0,17,151,0,28,0
19-02 14:59:20,20.503,16.003,60.510,1.000,0.250,3751352,189416,166564,3852940,6642.059,630.100,0,636.101,0,36.006,6476,8940,2.050,2.020,1.260,3,0,303.048,0,0,17,151,0,28,0
19-02 14:59:21,30.629,23.905,44.325,0.249,0,3841076,145984,166564,3807752,3519.080,537.872,3.984,2498.119,0.996,41.835,7343,7222,2.050,2.020,1.260,2,0,573.731,0,0,17,151,0,28,0
19-02 14:59:22,43.661,19.321,35.381,0.753,0,3939600,150644,166472,3706568,7381.286,487.803,136.505,706.612,3.011,49.182,8278,11687,3.090,2.240,1.340,2,0,366.354,0,0,17,163,0,27,0
19-02 14:59:23,30.004,25.253,43.505,0.500,0,4002736,140520,166472,3654808,7179.870,610.074,24.003,628.076,3.000,42.005,7591,7291,3.090,2.240,1.340,2,0,761.092,0,0,17,163,0,27,0
19-02 14:59:24,21.230,21.979,55.447,0.250,0,4048680,161320,166476,3589552,5249.942,539.480,15.985,483.534,3.996,32.968,8356,10394,3.090,2.240,1.340,1,0,516.502,0,0,17,169,0,28,0
19-02 14:59:25,24.504,14.003,59.511,0,0,4089908,120076,166476,3589572,7748.387,540.097,4.001,472.085,1.000,26.005,6430,8675,3.090,2.240,1.340,3,0,275.049,0,0,17,175,0,28,0
19-02 14:59:26,45.731,7.497,45.980,0.750,0,4223012,148172,166476,3432092,5113.829,539.771,7.997,283.879,1.999,11.995,3328,2082,3.090,2.240,1.340,2,0,1.000,0,0,17,175,0,28,0
19-02 14:59:27,41.133,5.983,49.858,1.246,0,4317144,148696,166476,3339584,8133.895,538.470,107.694,717.961,11.966,51.853,3972,3381,3,2.230,1.340,2,0,7.977,0,0,17,180,0,28,0
19-02 14:59:28,31.096,22.820,42.882,2.758,0,4263212,201452,166480,3340740,5166.920,541.669,389.199,625.929,8.025,51.158,8180,9189,3,2.230,1.340,5,0,599.848,0,0,17,195,0,28,0
19-02 14:59:29,34.036,22.274,37.540,5.005,0,4305892,157908,166492,3341784,11080.773,8982.544,108.115,5041.356,5.005,486.517,9100,10511,3,2.230,1.340,1,2,462.491,0,0,17,202,0,29,0
19-02 14:59:30,61.909,17.974,16.725,2.496,0,4378088,168312,166504,3261004,8228.879,826.782,1050.453,527.223,17.974,38.943,6352,8178,3,2.230,1.340,1,2,227.665,0,0,17,204,0,30,0
19-02 14:59:31,57.096,11.469,24.434,6.732,0,4492604,141144,166520,3175656,14627.475,10370.976,1476.012,1224.691,33.908,31.914,5004,4381,3,2.230,1.340,2,1,23.935,0,0,17,209,0,28,0
19-02 14:59:32,53.088,12.020,14.775,19.282,0,4520088,157932,166600,3131780,5425.025,1584.636,6154.238,2207.673,340.567,166.277,7082,16432,3,2.250,1.350,3,0,67.112,0,0,17,220,0,30,0
19-02 14:59:33,41.097,20.548,37.338,0.752,0,4559956,176772,166604,3074876,14610.382,8358.670,56.132,517.217,3.007,14.033,7139,8418,3,2.250,1.350,1,0,437.028,0,0,17,220,0,34,0
19-02 14:59:34,36.120,18.932,34.127,10.213,0,4506568,228988,166612,3076432,9738.881,3664.785,71.741,13614.904,3.986,153.447,7933,9938,3,2.250,1.350,2,3,353.724,0,0,17,221,0,35,0
19-02 14:59:35,52.402,24.822,18.805,3.259,0,4609892,165740,166620,3037368,15578.242,6271.213,136.396,6619.223,6.017,520.512,7787,8396,3,2.250,1.350,4,0,546.587,0,0,17,222,0,31,0
19-02 14:59:36,53.746,19.248,22.498,3.250,0,4632804,140628,166636,3039556,14393.871,5787.546,1063.917,2647.792,45.996,56.996,7460,9479,3,2.250,1.350,5,0,325.974,0,0,17,223,0,34,0
19-02 14:59:37,55.786,25.266,16.260,1.751,0,4714064,170496,166640,2930692,12479.967,6202.960,268.171,944.603,9.006,58.037,8548,12720,3.080,2.280,1.360,3,0,550.351,0,0,17,230,0,34,0
19-02 14:59:38,52.262,20.505,23.505,3.251,0,4736844,144644,166648,2933776,13676.096,5727.296,548.124,1072.243,32.007,70.016,10034,17041,3.080,2.280,1.360,4,0,355.080,0,0,17,237,0,36,0
19-02 14:59:39,67.718,14.243,17.242,0.500,0,4886184,181648,166660,2751228,12120.351,6250.087,11.994,515.760,2.999,32.985,5221,4792,3.080,2.280,1.360,2,1,64.970,0,0,17,238,0,29,0
19-02 14:59:40,53.721,12.493,25.986,6.496,0,4905448,155340,166668,2758264,20597.695,12332.232,1771.028,1351.258,88.951,74.959,11254,25119,3.080,2.280,1.360,4,0,26.985,0,0,17,242,0,34,0
19-02 14:59:41,54.256,10.001,32.754,2.250,0,4904000,192132,166696,2723760,13622.517,8610.959,1420.158,648.072,31.003,54.006,5209,4394,3.080,2.280,1.360,5,0,64.007,0,0,17,248,0,35,0
19-02 14:59:42,45.869,27.374,24.168,1.726,0,4905152,187112,166960,2727292,14913.929,5603.944,4269.296,1719.358,64.118,78.915,8280,9162,3.080,2.290,1.370,3,0,625.401,0,0,17,247,0,36,0
19-02 14:59:43,53.278,20.550,23.595,1.269,0,4964444,154548,166948,2701060,17084.562,8462.617,856.511,515.531,12.178,28.415,8015,11152,3.080,2.290,1.370,2,0,281.106,0,0,18,248,0,35,0
19-02 14:59:44,73.813,16.209,4.738,5.237,0,5000708,140676,166608,2679776,7085.004,3623.796,1360.544,2453.768,61.843,222.435,6203,5123,3.080,2.290,1.370,2,5,167.574,0,0,18,250,0,36,0
19-02 14:59:45,71.637,10.019,7.013,10.019,0,5138684,125572,166620,2559072,12336.672,8300.928,3322.375,1374.638,180.346,84.161,5319,3665,3.080,2.290,1.370,4,0,11.021,0,0,18,251,0,36,0
19-02 14:59:46,66.228,15.495,15.495,2.499,0,5167992,129336,166648,2527024,12154.912,3637.777,1423.521,1663.441,47.984,128.957,7613,10886,3.080,2.290,1.370,2,0,225.924,0,0,18,257,0,38,0
19-02 14:59:47,42.615,7.476,45.357,3.240,0,5203772,120644,166656,2500456,17862.487,9848.840,853.300,1080.581,26.915,112.644,4832,5586,3.070,2.300,1.380,1,0,8.972,0,0,18,262,0,37,0
19-02 14:59:48,35.831,10.023,47.357,6.014,0,5190412,133024,166656,2501436,847534.194,13324.046,785.772,3740.435,7.016,234.529,5198,5368,3.070,2.300,1.380,2,0,16.036,0,0,18,266,0,38,0
19-02 14:59:49,38.416,14.468,42.407,2.744,0,5213364,154436,166660,2458624,15692875.490,143235.933,2825.824,646.587,34.924,50.889,10318,7004,3.070,2.300,1.380,1,0,261.429,0,0,18,266,0,38,0
19-02 14:59:50,31.980,6.246,46.221,14.990,0.250,5235220,166196,166660,2426552,18008.580,9412.031,0,14514.796,0,1149.271,5186,4171,3.070,2.300,1.380,2,0,8.994,0,0,18,268,0,39,0
19-02 14:59:51,37.648,4.518,55.970,1.757,0,5278988,121928,166660,2427056,20561.730,179827.041,449.766,682.680,27.106,65.256,4765,6467,3.070,2.300,1.380,2,0,3.012,0,0,18,276,0,43,0
19-02 14:59:52,12.949,4.233,75.952,3.486,0,5211764,221196,166660,2396104,411345.937,16167177.895,3.984,3354.852,0.996,60.762,4328,3262,3.140,2.330,1.400,2,0,36.856,0,0,18,275,0,44,0
19-02 14:59:53,3.249,1.000,91.214,3.249,0,5208216,224660,166660,2396188,6159.542,485.806,79.968,543.783,4.998,42.983,1826,2659,3.140,2.330,1.400,0,0,0,0,0,18,275,0,44,0
19-02 14:59:54,1.750,1.000,95.995,0.750,0,5197920,234956,166660,2396188,10717.402,613.966,0,319.982,0,17.999,1244,1694,3.140,2.330,1.400,0,0,0,0,0,18,275,0,44,0
19-02 14:59:55,23.840,3.513,65.748,5.019,0,5157136,259416,166668,2412488,16578530.734,113595.018,68.258,10025.865,4.015,117.444,11468,11272,3.140,2.330,1.400,3,0,1.004,0,0,18,277,0,45,0
19-02 14:59:56,13.207,16.446,68.776,0.748,0,5113116,303308,166668,2412600,7199.537,538.246,43.857,338.896,2.990,21.929,5854,5585,3.140,2.330,1.400,2,0,463.489,0,0,18,277,0,45,0
19-02 14:59:57,21.551,6.014,70.669,1.002,0,5142868,273544,166672,2412608,5657.496,541.291,4.010,429.023,1.002,32.077,2993,2466,3.050,2.320,1.400,2,0,58.139,0,0,18,277,0,45,0
19-02 14:59:58,8.234,18.714,70.117,0.749,0,5157064,259308,166672,2412648,7454.807,538.974,0,407.225,0,26.949,6210,5242,3.050,2.320,1.400,2,0,368.299,0,0,18,277,0,45,0
19-02 14:59:59,5.996,11.242,78.692,3.747,0,5155620,260704,166672,2412696,6381.264,539.599,15.988,16551.715,0.999,61.954,4233,4323,3.050,2.320,1.400,0,0,244.818,0,0,18,281,0,43,0
19-02 15:00:00,11.047,2.762,83.607,1.758,0,5192104,224220,166672,2412696,4334.531,542.319,0,7126.467,0,140.601,1818,1866,3.050,2.320,1.400,1,0,9.039,0,0,18,281,0,43,0
19-02 15:00:01,19.419,2.988,76.183,0,0,5191252,225064,166672,2412704,12022.894,6173.273,0,35.851,0,4.979,2212,1915,3.050,2.320,1.400,1,0,0,0,0,18,282,0,43,0
19-02 15:00:02,14.250,12.500,70.252,2.500,0,5134284,281708,166680,2413020,11560.278,3761.090,124.003,144.003,14.000,14.000,4938,4311,2.890,2.300,1.400,2,0,184.004,0,0,18,285,0,44,0
19-02 15:00:03,12.055,17.078,69.567,0.753,0,5130884,284832,166680,2413248,5199.707,542.473,4.018,84.385,1.005,8.037,5645,4512,2.890,2.300,1.400,1,0,240.095,0,0,18,285,0,42,0
19-02 15:00:04,14.456,13.210,70.285,0,0,5151612,263944,166680,2413392,9528.816,538.351,3.988,91.719,0.997,10.966,4775,4018,2.890,2.300,1.400,1,0,186.429,0,0,18,285,0,42,0
19-02 15:00:05,24.715,3.745,66.656,4.244,0,5216304,199212,166680,2413432,6276.184,539.242,31.955,13041.680,0.999,120.830,3027,3164,2.890,2.300,1.400,1,1,3.994,0,0,18,289,0,42,0
19-02 15:00:06,22.257,3.001,68.272,5.002,0,5249912,165188,166680,2413848,7222.311,624.200,400.128,2600.832,13.004,372.119,3116,2886,2.890,2.300,1.400,2,0,4.001,0,0,18,293,0,42,0
19-02 15:00:07,23.994,3.249,72.231,0.250,0,5230268,184792,166680,2413888,5732.482,539.857,23.994,223.941,3.999,14.996,2372,1991,2.900,2.310,1.410,2,0,4.999,0,0,18,289,0,40,0
19-02 15:00:08,22.501,4.000,72.003,0.250,0,5265388,149668,166680,2413892,3733.175,1145.054,0,256.012,0,15.001,2320,2046,2.900,2.310,1.410,0,0,4.000,0,0,18,292,0,40,0
19-02 15:00:09,20.000,4.500,73.252,1.000,0,5142224,272700,166680,2414024,13835.344,7101.177,0,396.010,0,36.001,2907,2821,2.900,2.310,1.410,1,0,17.000,0,0,18,291,0,41,0
19-02 15:00:10,24.495,2.749,71.987,0.250,0,5172208,242712,166680,2414028,8770.376,539.900,0,239.956,0,17.997,2288,1835,2.900,2.310,1.410,1,0,0,0,0,18,291,0,41,0
19-02 15:00:11,13.531,14.534,70.663,0.251,0,5153324,261432,166684,2414188,3641.408,541.250,388.898,461.065,4.009,19.044,5028,4199,2.900,2.310,1.410,2,0,281.650,0,0,18,291,0,41,0
19-02 15:00:12,14.031,14.783,69.405,1.253,0,5185576,229080,166684,2414320,9029.128,541.207,24.054,188.420,3.007,18.040,5034,4229,2.750,2.290,1.400,1,0,302.675,0,0,18,291,0,39,0
19-02 15:00:13,17.985,3.497,76.686,0.749,0,5220172,194304,166856,2414328,13377.786,2647.781,139.883,151.873,5.995,2.997,2200,1850,2.750,2.290,1.400,1,0,32.972,0,0,18,292,0,39,0
19-02 15:00:14,22.923,2.492,71.758,1.246,0,5208276,199944,167364,2419964,9393.268,711.596,3.987,597.980,0.997,7.973,2332,1944,2.750,2.290,1.400,1,1,2.990,0,0,18,291,0,39,0
19-02 15:00:15,18.997,2.750,75.739,2.000,0,5213416,188616,167784,2425620,16452.544,3414.490,0,1207.820,0,34.995,2354,2381,2.750,2.290,1.400,1,0,16.997,0,0,18,292,0,39,0
19-02 15:00:16,22.346,5.022,69.298,1.506,0,5178300,223600,167896,2425604,6341.301,1743.506,28.121,634.733,2.009,27.117,10803,19539,2.750,2.290,1.400,1,0,13.056,0,0,18,292,0,39,0
19-02 15:00:17,18.985,4.247,73.940,1.499,0,5194760,206596,167948,2426096,14033.559,2403.041,199.837,491.599,8.993,9.992,11192,20244,2.770,2.300,1.410,1,0,12.989,0,0,18,292,0,39,0
19-02 15:00:18,20.435,4.984,72.020,2.243,0,5198392,212568,168068,2416320,5649.926,711.723,3.987,821.372,0.997,22.927,2395,2058,2.770,2.300,1.410,1,0,8.971,0,0,18,291,0,39,0
19-02 15:00:19,15.551,12.792,69.226,1.003,0.251,5196660,214480,168068,2416200,3581.695,541.769,0,646.110,0,30.098,4847,4631,2.770,2.300,1.410,1,0,269.881,0,0,18,291,0,39,0
19-02 15:00:20,21.177,2.491,74.741,0.249,0,5228272,182676,168068,2416392,12717.887,6231.386,0,482.327,0,34.879,2451,2454,2.770,2.300,1.410,1,0,0.997,0,0,18,292,0,39,0
19-02 15:00:21,17.995,7.748,72.482,0.250,0,5214508,196276,168068,2416556,12270.868,5092.700,19.995,195.950,1.999,9.997,3534,3135,2.770,2.300,1.410,1,0,115.970,0,0,18,291,0,42,0
19-02 15:00:22,20.245,2.749,76.229,0.250,0,5255500,155280,168068,2416560,13504.348,6251.309,0,259.930,0,12.996,2224,2039,2.620,2.280,1.410,1,0,0,0,0,18,292,0,42,0
19-02 15:00:23,20.756,6.502,72.269,0,0,5232752,178016,168068,2416572,11814.135,3451.916,0,0,0,0,3022,2615,2.620,2.280,1.410,1,0,70.019,0,0,18,291,0,43,0
19-02 15:00:24,18.073,2.510,78.316,0,0,5243144,167612,168068,2416584,11499.443,13301.722,0,0,0,0,2269,2139,2.620,2.280,1.410,0,0,0,0,0,18,292,0,42,0
19-02 15:00:25,21.914,5.479,70.723,0.498,0,5224488,186236,168072,2416612,16198.534,800.862,15.938,155.391,0.996,15.938,3059,2974,2.620,2.280,1.410,1,0,55.781,0,0,18,291,0,43,0
19-02 15:00:26,18.787,3.006,73.395,4.258,0,5204448,206256,168072,2416632,17252.998,10848.377,0,3258.421,0,302.596,2717,2664,2.620,2.280,1.410,2,1,2.004,0,0,18,291,0,46,0
19-02 15:00:27,23.557,4.511,70.671,1.002,0,5254940,155736,168072,2416660,7688.586,541.309,16.039,725.754,1.002,115.279,2833,2326,2.490,2.260,1.410,1,0,32.078,0,0,18,291,0,46,0
19-02 15:00:28,14.185,2.986,78.888,2.489,0,5249708,160776,168072,2416852,17628.190,10521.767,47.781,374.284,2.986,30.859,4014,6080,2.490,2.260,1.410,0,0,1.991,0,0,18,294,0,46,0
19-02 15:00:29,24.263,5.753,68.536,0.500,0,5211144,199276,168072,2416916,9394.002,1473.785,48.026,780.416,3.002,62.033,3679,3644,2.490,2.260,1.410,1,0,47.025,0,0,18,293,0,47,0
19-02 15:00:30,19.522,2.503,76.835,0.250,0,5200368,210032,168072,2416936,18538.562,10772.949,0,256.284,0,20.022,2608,2553,2.490,2.260,1.410,1,0,2.002,0,0,18,293,0,50,0
19-02 15:00:31,21.715,4.992,70.886,0.998,0,5235920,174492,168072,2416940,2927.275,539.130,0,1453.654,0,104.831,2785,2569,2.490,2.260,1.410,1,0,29.952,0,0,18,293,0,50,0
19-02 15:00:32,16.767,4.254,77.830,0.250,0,5243228,167172,168072,2416952,14353.774,11396.731,0,252.260,0,29.030,3504,13396,2.450,2.260,1.410,2,0,36.037,0,0,18,293,0,48,0
19-02 15:00:33,8.988,8.239,77.897,3.495,0,5216980,192196,168612,2417636,12397.552,2998.023,1126.505,491.348,251.666,30.959,3890,3963,2.450,2.260,1.410,0,0,179.762,0,0,18,295,0,48,0
19-02 15:00:34,4.271,6.532,87.933,0.502,0,5198172,210952,168612,2417688,16564.597,1974.727,0,410.020,0,30.149,2937,3051,2.450,2.260,1.410,1,0,112.554,0,0,18,293,0,49,0
19-02 15:00:35,5.748,6.747,85.214,1.000,0,5178604,230308,168612,2417900,15403.495,3975.321,15.993,479.797,1.000,42.982,3503,4043,2.450,2.260,1.410,2,0,140.940,0,0,18,293,0,50,0
19-02 15:00:36,13.227,6.239,71.625,7.487,0,5184860,218996,168620,2422948,9162.039,539.061,2511.625,219.617,269.530,9.983,3154,3096,2.450,2.260,1.410,1,0,86.849,0,0,18,293,0,44,0
19-02 15:00:37,22.695,3.242,72.326,1.247,0,5186844,208056,168620,2431852,8002.745,1612.121,818.032,750.195,34.916,11.971,2556,2188,2.340,2.230,1.410,0,0,16.959,0,0,18,294,0,44,0
19-02 15:00:38,15.503,2.251,78.768,2.501,0,5174724,216056,168624,2435952,16677.742,3953.887,868.195,1148.258,10.002,32.007,2206,2138,2.340,2.230,1.410,1,0,4.001,0,0,18,293,0,44,0
19-02 15:00:39,10.253,12.754,69.272,5.502,0,5158616,229312,168632,2438744,4527.434,486.154,964.305,3313.050,16.005,117.037,5793,5897,2.340,2.230,1.410,1,0,300.095,0,0,18,293,0,44,0
19-02 15:00:40,21.244,3.999,73.729,0.250,0,5214504,173420,168632,2438748,6860.077,2505.298,0,263.926,0,17.995,2207,1975,2.340,2.230,1.410,0,0,0,0,0,18,294,0,38,0
19-02 15:00:41,18.580,5.273,76.330,0,0,5179908,207992,168632,2438772,29613.994,21268.926,0,144.625,0,2.009,2776,2477,2.340,2.230,1.410,1,0,47.204,0,0,18,293,0,40,0
19-02 15:00:42,20.153,2.737,73.148,2.488,0,5195740,192144,168632,2438788,12665.977,6223.018,0,1719.715,0,305.528,2622,2160,2.310,2.230,1.410,1,0,0,0,0,18,294,0,40,0
19-02 15:00:43,20.508,3.751,73.278,1.000,0,5166424,221376,168632,2438876,10595.099,3682.425,80.031,48.019,4.002,3.001,2516,2194,2.310,2.230,1.410,1,0,14.005,0,0,18,293,0,42,0
19-02 15:00:44,19.989,2.249,76.709,0,0,5198144,189652,168632,2438880,12199.470,6249.655,0,0,0,0,2148,1822,2.310,2.230,1.410,1,0,0,0,0,18,294,0,36,0
19-02 15:00:45,15.031,3.507,67.891,12.275,0,5196312,189400,168636,2440960,8048.682,1379.860,2020.187,909.886,81.168,123.255,5376,8300,2.310,2.230,1.410,1,1,1.002,0,0,18,296,0,36,0
19-02 15:00:46,22.969,4.494,69.905,1.498,0,5181660,204016,168640,2440992,9119.641,1843.502,15.978,711.036,0.999,64.912,2920,3115,2.310,2.230,1.410,3,0,4.993,0,0,18,295,0,37,0
19-02 15:00:47,16.497,1.750,77.985,1.750,0,5195892,189680,168640,2441092,14226.257,10083.056,79.985,699.865,3.999,67.987,2940,3419,2.200,2.210,1.410,0,1,0,0,0,18,296,0,37,0
19-02 15:00:48,18.332,11.552,64.287,5.022,0,5152736,232776,168640,2441152,8599.452,1868.354,16.072,3355.002,1.004,234.047,6622,8076,2.200,2.210,1.410,1,0,256.145,0,0,18,295,0,34,0
19-02 15:00:49,8.749,22.498,66.993,0.500,0,5151296,234168,168640,2441200,5385.475,539.947,0,651.937,0,51.995,7766,7703,2.200,2.210,1.410,2,0,761.926,0,0,18,295,0,34,0
19-02 15:00:50,9.484,21.962,67.134,0.250,0,5159792,225640,168640,2441232,3252.376,539.068,0,527.089,0,44.922,7474,7290,2.200,2.210,1.410,1,0,676.830,0,0,18,295,0,34,0
19-02 15:00:51,9.005,22.762,65.784,2.251,0,5154336,231056,168640,2441272,7528.939,540.283,0,2405.258,0,68.036,7410,7053,2.200,2.210,1.410,1,0,665.348,0,0,18,295,0,34,0
19-02 15:00:52,7.758,22.523,67.569,0.250,0,5152148,233204,168640,2441312,4801.874,540.549,0,328.333,0,28.028,7225,6583,2.030,2.170,1.400,1,0,666.677,0,0,18,295,0,34,0
19-02 15:00:53,8.494,22.485,68.206,0.250,0,5158272,227036,168640,2441356,8719.316,539.648,0,459.700,0,22.985,7300,6830,2.030,2.170,1.400,1,0,667.565,0,0,18,295,0,27,0
19-02 15:00:54,16.696,11.712,70.022,0.498,0,5169492,320624,168828,2348188,6368.285,538.249,19.935,741.588,1.994,41.864,3917,3522,2.030,2.170,1.400,3,0,146.523,0,0,18,295,0,27,0
19-02 15:00:55,22.981,3.497,70.693,1.998,0,5202512,283360,168868,2352380,3458.195,485.606,11.990,2969.592,1.998,16.986,2540,2324,2.030,2.170,1.400,2,0,16.986,0,0,18,295,0,27,0
19-02 15:00:56,13.506,1.000,78.786,4.752,0,5217448,267512,168904,2353252,22885.483,8171.743,564.258,1148.526,29.013,25.011,1827,1808,2.030,2.170,1.400,0,1,0,0,0,18,296,0,27,0
19-02 15:00:57,13.502,1.750,78.509,6.251,0,5215312,268520,168960,2354316,26463.042,13210.519,600.069,1724.198,54.006,62.007,2064,2149,1.870,2.140,1.390,3,0,0,0,0,18,296,0,24,0
19-02 15:00:58,17.008,1.000,74.535,6.003,0,5238148,244580,168992,2355384,16816.939,7767.667,896.423,2849.345,43.020,311.147,2470,2398,1.870,2.140,1.390,2,0,1.000,0,0,18,296,0,24,0
19-02 15:00:59,13.742,1.249,75.704,7.495,0,5236480,245316,169040,2356264,25311.633,10833.423,671.592,1435.129,55.966,62.962,2288,2548,1.870,2.140,1.390,2,0,0,0,0,18,296,0,24,0
19-02 15:01:00,15.245,1.250,75.724,7.497,0,5252052,228504,169084,2357452,19762.260,9236.850,903.692,1207.588,51.982,52.982,2002,2034,1.870,2.140,1.390,0,0,0,0,0,18,296,0,24,0
19-02 15:01:01,21.801,4.761,59.891,12.529,0,5266408,181596,169100,2389952,15298.908,3797.914,14963.120,5998.078,174.409,326.767,3050,2427,1.870,2.140,1.390,3,0,6.014,0,0,18,296,0,24,0
19-02 15:01:02,39.395,7.979,49.119,2.493,0,5291004,143060,169100,2403760,8318.806,538.563,765.956,1380.317,5.984,47.872,3670,2463,1.880,2.130,1.400,1,0,12.965,0,0,18,296,0,24,0
19-02 15:01:03,22.260,1.751,72.284,3.001,0,5280216,138284,169212,2418900,3891.808,486.226,0,1260.586,0,31.014,2277,2046,1.880,2.130,1.400,3,0,0,0,0,18,296,0,24,0
19-02 15:01:04,17.278,3.255,70.365,8.263,0,5291868,139444,169328,2407176,8148.297,540.883,0,1642.681,0,63.103,2325,2411,1.880,2.130,1.400,3,0,1.002,0,0,18,296,0,24,0
19-02 15:01:05,17.978,1.998,69.663,8.240,0,5284628,136908,169328,2416756,8696.184,539.329,0,2668.681,0,127.841,2915,3388,1.880,2.130,1.400,1,0,0.999,0,0,18,296,0,23,0
19-02 15:01:06,21.246,3.249,71.486,3.749,0,5277988,142144,169608,2418264,3873.259,539.897,0,2151.589,0,79.985,2567,2620,1.880,2.130,1.400,1,0,0,0,0,18,296,0,23,0
19-02 15:01:07,18.401,2.735,69.127,8.454,0,5270768,158148,169976,2408416,7574.172,710.172,3.979,11923.726,0.995,135.271,2520,2507,1.810,2.120,1.390,2,1,0,0,0,18,295,0,23,0
19-02 15:01:08,24.389,4.023,66.628,4.274,0,5200472,228476,169976,2408392,4877.701,543.084,36.206,3600.447,2.011,173.988,3189,3463,1.810,2.120,1.390,1,0,26.148,0,0,18,295,0,23,0
19-02 15:01:09,19.004,2.000,75.264,2.751,0,5188108,234876,170052,2413980,13692.624,2890.554,0,1144.219,0,22.004,2449,2354,1.810,2.120,1.390,1,0,12.002,0,0,18,295,0,22,0
19-02 15:01:10,19.490,2.749,75.212,1.249,0,5204512,216548,170072,2415736,11522.116,3405.261,0,635.675,0,20.989,2368,2075,1.810,2.120,1.390,1,0,17.991,0,0,18,296,0,22,0
19-02 15:01:11,22.251,5.750,70.002,0.750,0,5208036,207808,170476,2419632,3618.091,714.018,0,868.022,0,13.000,10842,19481,1.810,2.120,1.390,3,0,13.000,0,0,18,295,0,22,0
19-02 15:01:12,22.261,6.003,69.284,1.000,0,5209524,206044,170556,2419796,7643.702,486.236,0,84.041,0,1.000,10377,18732,1.740,2.100,1.390,1,0,20.010,0,0,18,295,0,22,0
19-02 15:01:13,21.792,4.258,72.388,1.002,0,5160216,267840,170564,2408500,5506.492,583.111,0,5803.058,0,34.065,2917,2646,1.740,2.100,1.390,3,0,40.076,0,0,18,295,0,22,0
19-02 15:01:14,24.445,4.989,69.344,0.249,0,5174352,253680,170564,2408524,7910.252,538.791,0,758.299,0,147.669,10919,19380,1.740,2.100,1.390,1,1,34.922,0,0,18,295,0,22,0
19-02 15:01:15,20.000,2.250,74.500,2.000,0,5198788,224456,170564,2413112,12596.965,2819.992,0,1531.996,0,22.000,2338,2084,1.740,2.100,1.390,1,0,17.000,0,0,18,295,0,22,0
19-02 15:01:16,19.245,3.499,76.232,0.250,0,5198504,223512,170568,2414240,13976.678,2638.373,0,315.925,0,2.999,2284,1977,1.740,2.100,1.390,1,0,17.996,0,0,18,296,0,22,0
19-02 15:01:17,22.256,5.752,69.770,0.750,0,5200896,214832,170596,2419604,10868.065,1548.437,0,872.246,0,15.004,10906,19453,1.680,2.080,1.390,2,0,14.004,0,0,18,295,0,22,0
19-02 15:01:18,21.497,5.499,66.991,4.749,0,5200740,214580,170596,2419980,4987.310,539.925,31.996,1195.835,1.000,44.994,10472,19356,1.680,2.080,1.390,2,0,13.998,0,0,18,295,0,22,0
19-02 15:01:19,22.251,5.000,70.754,0.250,0,5184820,242996,170600,2408576,4069.242,486.029,0,1052.063,0,39.002,2820,2633,1.680,2.080,1.390,1,0,14.001,0,0,18,295,0,22,0
19-02 15:01:20,22.490,5.248,69.720,1.249,0,5170156,257712,170600,2408588,7996.556,539.768,0,531.771,0,34.985,3513,3284,1.680,2.080,1.390,1,0,88.962,0,0,18,295,0,22,0
19-02 15:01:21,23.584,3.513,72.509,0,0,5181992,235980,170600,2418052,5122.327,541.939,0,164.589,0,11.039,2548,2332,1.680,2.080,1.390,1,0,25.090,0,0,18,295,0,19,0
19-02 15:01:22,17.437,1.744,77.719,2.242,0,5192964,223584,170600,2419252,20420.258,6401.881,3.986,1650.041,0.996,37.863,2297,2325,1.710,2.080,1.390,1,0,15.942,0,0,18,296,0,19,0
19-02 15:01:23,14.005,1.250,80.030,3.751,0,5194800,221228,170600,2419700,25968.585,12751.707,0,1720.635,0,63.023,1968,2040,1.710,2.080,1.390,1,0,0,0,0,18,296,0,19,0
19-02 15:01:24,4.747,0.500,92.448,1.499,0,5193448,222384,170600,2419844,80220.116,6896.142,0,715.600,0,27.984,1485,1849,1.710,2.080,1.390,2,0,0,0,0,18,297,0,19,0
19-02 15:01:25,12.553,1.255,83.854,1.506,0.251,5202300,213200,170620,2420088,96095.509,9113.457,0,1265.340,0,45.191,1999,2024,1.710,2.080,1.390,2,0,0,0,0,18,297,0,17,0
19-02 15:01:26,17.749,1.000,78.746,1.250,0,5205748,209420,170716,2420292,17962.131,9780.527,0,1119.946,0,32.998,1946,1833,1.710,2.080,1.390,1,0,0,0,0,18,297,0,17,0
19-02 15:01:27,17.959,1.746,77.571,2.494,0,5222488,192032,170824,2420760,297082.660,12581.932,0,1408.745,0,49.885,2446,2370,1.650,2.060,1.390,0,1,1.995,0,0,18,297,0,17,0
19-02 15:01:28,7.740,2.497,79.643,8.239,0,5222200,191584,171116,2421040,104475.233,16046.380,27.962,14128.963,3.995,257.653,2761,3376,1.650,2.060,1.390,3,0,0.999,0,0,18,297,0,17,0
19-02 15:01:29,15.258,1.251,78.043,4.503,0,5227368,185788,171272,2421400,34162.010,11674.496,104.058,1556.866,6.003,70.039,2238,2458,1.650,2.060,1.390,0,1,0,0,0,18,297,0,13,0
19-02 15:01:30,10.286,3.512,78.275,5.519,0,5229476,134064,171392,2470716,16040156.892,122888.353,0,6980.502,0,78.275,7242,4588,1.650,2.060,1.390,2,0,4.014,0,0,18,297,0,13,0
19-02 15:01:31,15.452,2.991,72.274,6.729,0,5233080,156072,171588,2445396,1797044.689,15262.284,163.489,13091.072,3.988,80.748,4402,5640,1.650,2.060,1.390,1,0,2.991,0,0,18,297,0,13,0
19-02 15:01:32,23.475,6.243,62.184,7.492,0,5249660,152620,174976,2427468,7549.030,539.430,0,4902.823,0,110.883,4229,12858,1.600,2.040,1.390,1,0,35.962,0,0,18,297,0,16,0
19-02 15:01:33,24.262,2.501,71.785,1.000,0,5248176,135384,175524,2444200,8788.270,540.262,0,1592.774,0,41.020,2548,2339,1.600,2.040,1.390,1,0,0,0,0,18,297,0,16,0
19-02 15:01:34,19.253,4.501,62.260,12.502,0,5274484,133692,175676,2419712,4134.637,486.075,0,35753.506,0,503.077,3446,3254,1.600,2.040,1.390,0,3,1.000,0,0,18,297,0,11,0
19-02 15:01:35,7.746,2.499,50.973,37.480,0,5264544,131676,175852,2431664,8118.622,539.709,0,35097.072,0,444.760,2792,3320,1.600,2.040,1.390,0,4,0.999,0,0,18,297,0,11,0
19-02 15:01:36,19.589,3.014,69.316,6.781,0,5257656,146364,176652,2422732,7477.129,542.476,0,6397.200,0,140.642,2714,2767,1.600,2.040,1.390,1,0,0,0,0,18,297,0,11,0
19-02 15:01:37,19.749,3.500,70.747,5.250,0,5250388,154384,177460,2420132,7173.666,539.975,0,2267.894,0,82.996,2511,2477,1.630,2.040,1.390,2,0,0,0,0,18,297,0,11,0
19-02 15:01:38,21.907,2.240,69.703,4.979,0,5243908,166840,178740,2411976,10856.689,537.706,0,1147.107,0,63.728,2840,2965,1.630,2.040,1.390,1,0,0.996,0,0,18,297,0,9,0
19-02 15:01:39,20.996,2.250,70.237,5.249,0,5247268,148300,179340,2426024,8004.469,539.897,0,2607.501,0,60.988,2524,2662,1.630,2.040,1.390,1,0,0,0,0,18,297,0,9,0
19-02 15:01:40,21.013,2.251,70.794,4.503,0,5247196,153688,180272,2419424,8544.295,540.335,0,6744.179,0,155.096,2667,2576,1.630,2.040,1.390,2,0,0,0,0,18,297,0,9,0
19-02 15:01:41,10.998,2.750,75.487,10.248,0,5248828,185504,180388,2385764,12160.882,3076.464,0,27983.127,0,179.969,2207,2356,1.630,2.040,1.390,1,0,0,0,0,18,295,0,9,0
19-02 15:01:42,23.977,4.745,69.682,0.500,0,5203764,230588,180388,2385772,4681.463,539.477,0,311.698,0,7.992,2856,2345,1.580,2.020,1.390,2,0,34.966,0,0,18,296,0,7,0
19-02 15:01:43,18.260,1.751,76.791,1.751,0,5224168,204356,180440,2391356,23173.437,2821.514,0,1316.707,0,9.005,2115,1869,1.580,2.020,1.390,1,0,2.001,0,0,18,295,0,7,0
19-02 15:01:44,18.998,3.250,75.992,1.500,0,5237468,189744,180448,2392524,11447.810,3538.632,4.000,523.946,1.000,8.999,2192,1967,1.580,2.020,1.390,2,0,17.998,0,0,18,296,0,7,0
19-02 15:01:45,21.259,5.502,67.528,3.501,0,5231200,190404,180744,2396852,7023.951,714.300,0,2681.126,0,26.011,10135,18493,1.580,2.020,1.390,1,0,14.006,0,0,18,295,0,7,0
19-02 15:01:46,22.741,5.748,69.222,0.250,0,5233380,187884,180788,2397104,5654.698,581.763,0,103.958,0,1.999,10419,19028,1.580,2.020,1.390,1,0,12.995,0,0,18,295,0,4,0
19-02 15:01:47,22.002,5.000,72.256,0,0,5217928,203284,180812,2397100,9378.757,540.044,0,168.014,0,2.000,2353,1895,1.530,2.010,1.390,1,0,7.001,0,0,18,295,0,4,0
19-02 15:01:48,22.002,4.250,68.756,4.500,0,5190028,242004,180812,2387336,6896.601,634.055,244.021,2156.188,4.000,61.005,2933,3106,1.530,2.010,1.390,2,0,7.001,0,0,18,295,0,4,0
19-02 15:01:49,21.581,3.513,66.499,6.775,0,5198500,231644,180816,2389216,3609.512,487.826,525.969,2629.845,20.075,128.481,4801,6893,1.530,2.010,1.390,0,1,1.004,0,0,18,298,0,7,0
19-02 15:01:50,17.180,4.233,61.252,15.437,0,5196428,232952,180816,2389980,2964.983,537.820,541.804,1796.718,32.867,244.011,6213,9428,1.530,2.010,1.390,0,3,1.992,0,0,18,298,0,8,0
19-02 15:01:51,10.550,16.076,60.538,11.555,0,5128424,300756,180816,2390176,7935.705,542.578,132.630,9247.940,2.010,543.583,6630,6668,1.530,2.010,1.390,1,0,396.886,0,0,18,297,0,8,0
19-02 15:01:52,10.456,5.975,66.220,15.684,0,5118916,305300,180892,2395060,3106.840,537.722,5042.640,8488.046,714.972,104.557,3357,3942,1.490,1.990,1.380,0,2,52.776,0,0,18,297,0,10,0
19-02 15:01:53,6.002,2.501,68.522,21.007,0,5100888,286788,180892,2431580,8863.867,540.175,36391.772,1792.580,2459.796,83.027,4972,7812,1.490,1.990,1.380,1,0,0,0,0,18,297,0,10,0
19-02 15:01:54,5.744,2.248,83.920,6.494,0,5108904,275796,180900,2434548,6960.333,1553.512,2977.148,479.541,472.547,3.996,2021,2732,1.490,1.990,1.380,0,0,5.994,0,0,18,298,0,10,0
19-02 15:01:55,2.750,1.000,93.010,2.500,0,5108968,275544,180900,2434736,47888.025,4043.424,184.019,756.079,5.001,13.001,1430,1862,1.490,1.990,1.380,2,0,0,0,0,18,298,0,10,0
19-02 15:01:56,3.250,1.000,94.985,0,0,5108880,275096,180900,2435240,144284.953,1475.774,91.986,271.958,1.000,26.996,1378,1766,1.490,1.990,1.380,0,0,2.000,0,0,18,298,0,10,0
19-02 15:01:57,6.000,2.250,89.246,1.500,0,5103272,279428,180980,2436300,114417.135,126308.629,247.989,683.971,16.999,3.000,1812,1956,1.450,1.970,1.380,0,0,10.000,0,0,18,297,0,10,0
19-02 15:01:58,3.001,1.000,94.282,1.000,0,5103992,278704,180980,2436304,2807.947,0,0,592.200,0,18.006,1490,2190,1.450,1.970,1.380,0,0,1.000,0,0,18,297,0,10,0
19-02 15:01:59,10.282,3.762,84.260,0.752,0,5103696,278944,181004,2436304,285852.961,10177.401,4.012,425.312,1.003,29.090,2907,2848,1.450,1.970,1.380,1,0,24.074,0,0,18,297,0,10,0
19-02 15:02:00,11.000,3.750,83.499,0.250,0,5104888,277616,181012,2436432,432126.578,15881.874,123.999,459.996,6.000,30.000,3234,2893,1.450,1.970,1.380,2,0,23.000,0,0,18,297,0,10,0
