"pcp-dstat 6.2.0 CSV Output"
"Author:","PCP team <pcp@groups.io> and Dag Wieers <dag@wieers.com>",,,,"URL:","https://pcp.io/ and http://dag.wieers.com/home-made/dstat/"
"Host:","ubuntu",,,,"User:","ubuntu"
"Cmdline:","dstat -tcmndrylpg --tcp --output /tmp/devstack_logs/dstat-csv.log",,,,"Date:","23 Feb 2026 11:17:06 UTC"
"system","total usage",,,,,"memory usage",,,,"net/total",,"dsk/total",,"io/total",,"system",,"load avg",,,"procs",,,"paging",,"tcp sockets",,,,
"time","total usage:usr","total usage:sys","total usage:idl","total usage:wai","total usage:stl","used","free","buf","cach","net/total:recv","net/total:send","dsk/total:read","dsk/total:writ","read","writ","int","csw","1m","5m","15m","run","blk","new","in","out","lis","act","syn","tim","clo"
23-02 11:17:06,,1035080,1465884,161840,5155256,,,,,,,1.510,1.130,0.660,1,3,,,,10,4,1,17,2
23-02 11:17:07,21.739,20.740,48.226,8.246,0.250,1047168,1435256,161872,5173164,175459.135,9091.447,0,3402.296,0,125.937,6561,5784,1.510,1.130,0.660,2,1,546.726,0,0,10,4,1,17,2
23-02 11:17:08,32.745,19.497,36.245,9.749,0,1069140,1400528,162384,5183348,7376.912,539.920,0,2071.694,0,59.991,6255,14341,1.550,1.140,0.670,3,0,416.938,0,0,10,4,1,17,2
23-02 11:17:09,21.180,11.960,45.101,20.432,0,1176732,1285872,162508,5314344,5110.081,538.218,0,11888.637,0,459.479,6762,9330,1.550,1.140,0.670,1,1,170.436,0,0,11,4,1,17,2
23-02 11:17:10,33.622,7.527,55.450,2.509,0,1199564,1249884,162832,5325736,7843.357,541.959,0,3247.742,0,29.105,3550,2368,1.550,1.140,0.670,3,0,106.385,0,0,11,6,1,17,2
23-02 11:17:11,32.510,10.503,47.514,9.753,0,1213804,1213268,163456,5345756,7447.240,560.168,192.058,3068.923,8.002,120.036,4579,3735,1.550,1.140,0.670,5,0,180.054,0,0,11,6,1,19,2
23-02 11:17:12,38.310,4.727,48.758,7.214,0,1259732,1152492,164344,5357428,4218.065,537.333,366.183,3554.359,12.936,71.644,2865,1768,1.550,1.140,0.670,4,0,0,0,0,11,6,1,19,2
23-02 11:17:13,31.002,3.750,48.003,16.251,0,1272068,1113556,165244,5380628,8015.436,540.029,16.001,3988.217,1.000,163.009,3405,3466,1.590,1.160,0.680,2,1,1.000,0,0,11,8,1,19,2
23-02 11:17:14,17.523,3.755,40.552,35.796,0,1282120,1094264,165940,5387928,13283.126,1814.339,0,10689.783,0,612.790,5336,8209,1.590,1.160,0.680,2,3,9.012,0,0,11,9,1,19,2
23-02 11:17:15,21.783,3.756,39.811,31.548,0,1222496,1169124,166260,5372736,8221.535,1994.040,0,10467.960,0,643.982,5215,7961,1.590,1.160,0.680,3,1,18.027,0,0,11,6,1,19,0
23-02 11:17:16,18.721,4.743,44.430,30.203,0,1233504,1153496,166472,5377040,15854.120,2641.854,0,7871.647,0,522.181,4946,7755,1.590,1.160,0.680,2,3,20.967,0,0,11,7,1,19,0
23-02 11:17:17,23.739,5.248,35.733,32.984,0,1260744,1121852,166760,5380492,6912.714,713.661,0,13901.391,0,864.589,6341,10175,1.590,1.160,0.680,3,1,18.991,0,0,11,6,1,19,0
23-02 11:17:18,17.260,3.752,41.275,34.771,0,1272608,1102212,167332,5386420,16905.158,3649.193,0,11671.013,0,764.459,5331,8527,1.860,1.220,0.700,5,0,33.020,0,0,11,6,1,19,0
23-02 11:17:19,22.010,7.003,39.267,29.013,0,1247984,1125164,167496,5387768,5625.507,560.250,0,10020.466,0,602.268,13398,24969,1.860,1.220,0.700,3,3,22.010,0,0,11,6,1,19,0
23-02 11:17:20,23.248,7.999,38.497,28.248,0,1261060,1110928,167628,5388740,3417.759,539.962,0,8507.399,0,599.958,13495,25016,1.860,1.220,0.700,2,2,21.998,0,0,11,6,1,19,0
23-02 11:17:21,22.964,5.741,43.431,26.208,0,1243568,1140132,167740,5378332,7396.278,581.079,0,10127.948,0,633.995,5387,8092,1.860,1.220,0.700,3,1,9.984,0,0,11,6,1,19,0
23-02 11:17:22,16.772,4.756,50.065,25.533,0,1243144,1139908,167864,5378856,6029.887,540.707,0,9852.888,0,781.022,5150,7812,1.860,1.220,0.700,1,3,78.102,0,0,11,6,1,19,0
23-02 11:17:23,6.502,2.751,62.266,26.007,0,1241772,1140692,168128,5379180,4758.218,540.138,0,9766.499,0,752.192,4882,8774,1.870,1.230,0.710,2,2,15.004,0,0,11,6,1,19,0
23-02 11:17:24,16.746,6.748,68.482,7.248,0,1169144,1213192,168188,5379244,11175.015,539.856,0,4194.879,0,262.930,3527,4014,1.870,1.230,0.710,3,0,74.980,0,0,11,4,1,19,0
23-02 11:17:25,23.258,4.001,60.770,10.754,0,1223544,1158772,168196,5379244,7185.421,540.182,0,21051.093,0,176.059,2479,1927,1.870,1.230,0.710,3,0,0,0,0,11,4,1,19,0
23-02 11:17:26,22.485,3.997,64.206,8.744,0,1200980,1181304,168220,5379252,8403.256,539.631,0,8618.109,0,288.803,2469,2297,1.870,1.230,0.710,2,1,10.992,0,0,11,4,1,19,0
23-02 11:17:27,24.014,2.501,66.788,5.753,0,1219808,1162432,168260,5379256,7113.018,486.275,0,2765.562,0,166.094,2171,2106,1.870,1.230,0.710,2,0,0,0,0,11,4,1,19,0
23-02 11:17:28,11.788,16.303,70.980,0.251,0,1157820,1224372,168268,5379296,2994.714,541.757,0,168.547,0,17.055,4864,3652,1.800,1.230,0.710,1,0,302.983,0,0,11,4,1,19,0
23-02 11:17:29,8.992,20.732,68.442,0,0,1111492,1270656,168268,5379332,7342.787,539.543,0,63.946,0,14.987,6047,4735,1.800,1.230,0.710,2,0,420.644,0,0,11,4,1,13,0
23-02 11:17:30,29.120,14.435,55.253,0.249,0,1122932,1251804,168268,5387096,5035.450,537.593,7414.795,0,74.666,0,6655,8410,1.800,1.230,0.710,3,0,251.872,0,0,11,5,1,13,0
23-02 11:17:31,46.279,5.253,48.280,0,0,1196956,1177716,168276,5387260,8629.330,540.334,20.012,16910.445,4.002,223.138,2970,1943,1.800,1.230,0.710,4,0,0,0,0,11,5,1,13,0
23-02 11:17:32,41.475,6.496,51.220,0,0,1227956,1145652,168280,5388308,7228.700,539.679,491.708,5564.690,7.995,146.913,2907,1843,1.800,1.230,0.710,3,0,0,0,0,11,5,1,13,0
23-02 11:17:33,29.928,9.477,50.878,8.979,0,1285656,1085416,168308,5390752,7160.863,632.486,0,3539.529,0,235.437,4265,5477,1.740,1.230,0.710,2,0,139.666,0,0,11,4,1,14,0
23-02 11:17:34,22.557,2.757,73.437,0.251,0,1348400,1022668,168308,5390756,7250.419,487.238,0,525.335,0,8.020,1781,1324,1.740,1.230,0.710,2,0,0,0,0,11,4,1,14,0
23-02 11:17:35,21.289,2.004,71.881,3.506,0,1370104,1000744,168312,5390976,4759.644,615.117,0,3017.480,0,109.198,2375,2620,1.740,1.230,0.710,1,1,1.002,0,0,11,10,1,14,0
23-02 11:17:36,16.986,5.495,64.196,11.490,0,1360160,1010612,168360,5391004,5737.179,539.547,0,3880.739,0,384.677,3762,4924,1.740,1.230,0.710,2,0,42.964,0,0,11,4,1,16,0
23-02 11:17:37,21.008,2.251,70.275,7.003,0,1397756,972024,168632,5391652,9438.385,2440.875,732.263,5205.867,29.010,23.008,1733,1170,1.740,1.230,0.710,1,5,0,0,0,11,5,1,15,0
23-02 11:17:38,16.739,2.498,70.455,8.495,0,1399828,969580,168676,5391892,11686.474,3366.832,271.825,3869.508,66.957,299.807,2872,2894,1.680,1.220,0.710,2,0,1.999,0,0,11,27,1,15,0
23-02 11:17:39,19.265,5.004,74.808,0,0,1415976,953284,168676,5392040,12633.861,4241.311,0,0,0,0,2552,2115,1.680,1.220,0.710,2,0,44.034,0,0,11,28,1,16,0
23-02 11:17:40,18.058,2.257,79.254,0,0,1443724,925528,168676,5392048,10714.371,6343.349,0,0,0,0,1854,1495,1.680,1.220,0.710,2,0,0,0,0,11,29,1,16,0
23-02 11:17:41,29.883,11.206,58.022,0,0,1451104,918136,168676,5392060,9251.676,1603.704,0,15.937,0,3.984,3676,2677,1.680,1.220,0.710,3,0,155.390,0,0,11,28,1,16,0
23-02 11:17:42,34.609,3.762,60.690,0.251,0,1489628,879536,168676,5392120,15684.221,10931.305,0,6889.621,0,76.239,3669,3386,1.680,1.220,0.710,3,0,0,0,0,11,30,1,16,0
23-02 11:17:43,25.485,11.993,40.477,21.238,0,1413120,955792,168676,5392340,13074.451,8738.954,0,19728.609,0,580.665,6933,8370,2.020,1.300,0.740,2,0,206.881,0,0,11,28,1,17,0
23-02 11:17:44,75.621,21.535,3.255,0.250,0,1593284,775616,168676,5392348,9942.944,2510.025,0,22904.729,0,292.469,5629,4683,2.020,1.300,0.740,5,0,371.596,0,0,11,29,1,17,0
23-02 11:17:45,83.689,10.742,3.497,1.499,0,1739624,629244,168680,5392384,29404.572,24591.080,0,34590.793,0,383.720,7024,8350,2.020,1.300,0.740,8,0,0,0,0,11,33,1,17,0
23-02 11:17:46,54.974,11.691,24.875,6.965,0,1599528,769100,168732,5392636,25836.167,20015.417,0,18216.458,0,344.270,8041,12173,2.020,1.300,0.740,2,0,249.745,0,0,11,28,1,23,0
23-02 11:17:47,19.297,6.767,72.928,0,0,1576268,792352,168736,5392640,7728.847,541.320,0,344.841,0,18.044,2498,1839,2.020,1.300,0.740,3,0,60.147,0,0,11,28,1,23,0
23-02 11:17:48,14.996,2.000,81.480,0.250,0,1563904,804700,168740,5392652,14014.539,7544.137,0,335.917,0,22.994,2725,3174,1.860,1.280,0.740,2,0,0,0,0,11,28,1,24,0
23-02 11:17:49,19.760,6.754,72.789,1.001,0,1543076,825520,168740,5392656,7617.040,486.258,0,248.132,0,15.008,2695,2135,1.860,1.280,0.740,2,0,68.036,0,0,11,28,1,24,0
23-02 11:17:50,14.746,1.750,82.228,0,0,1537252,831328,168744,5392668,13726.384,6646.249,0,219.942,0,12.997,2307,2558,1.860,1.280,0.740,2,0,0,0,0,11,29,1,24,0
23-02 11:17:51,10.280,17.551,68.950,2.006,0,1492720,875828,168748,5392696,4957.344,1401.054,0,445.288,0,32.093,5610,4939,1.860,1.280,0.740,1,0,460.332,0,0,11,28,1,25,0
23-02 11:17:52,58.275,28.012,13.256,0,0,1509852,858672,168748,5392720,6991.016,540.233,0,460.199,0,28.012,5811,4724,1.860,1.280,0.740,5,0,579.250,0,0,11,28,1,25,0
23-02 11:17:53,83.340,8.733,7.735,0.499,0,1681316,687136,168780,5392760,25785.359,20601.339,0,2954.312,0,163.685,6128,5122,2.030,1.330,0.760,5,0,0,0,0,11,33,1,24,0
23-02 11:17:54,70.643,11.523,15.030,1.253,0,1607840,760364,168812,5392976,34219.086,29763.090,0,633.279,0,76.154,10489,16270,2.030,1.330,0.760,5,0,120.243,0,0,11,28,1,25,0
23-02 11:17:55,82.456,16.991,0.750,0,0,1654212,713888,168812,5393080,14195.489,5060.322,0,643.659,0,15.992,5469,3936,2.030,1.330,0.760,6,0,189.900,0,0,11,30,1,25,0
23-02 11:17:56,80.915,10.706,7.967,0,0,1742604,625096,168820,5393424,43650.465,38009.794,0,183.242,0,10.955,8986,12005,2.030,1.330,0.760,7,0,43.819,0,0,11,33,1,26,0
23-02 11:17:57,52.985,12.496,32.491,1.500,0,1589636,777828,168836,5393640,31371.000,21278.896,0,451.870,0,35.990,7719,11282,2.030,1.330,0.760,3,0,231.933,0,0,11,28,1,26,0
23-02 11:17:58,39.018,6.503,53.525,0,0,1580496,786960,168840,5393644,10156.773,5834.742,0,180.085,0,8.004,2916,1989,1.950,1.320,0.760,2,0,30.014,0,0,11,30,1,26,0
23-02 11:17:59,32.896,12.305,53.738,0.251,0,1497616,869792,168844,5393688,17508.677,13729.913,0,305.355,0,29.129,6300,8047,1.950,1.320,0.760,4,0,319.417,0,0,11,28,1,28,0
23-02 11:18:00,61.890,9.982,27.451,0.749,0,1580956,786412,168852,5393716,14053.017,6950.643,0,235.581,0,10.980,3851,2034,1.950,1.320,0.760,2,0,59.894,0,0,11,31,1,28,0
23-02 11:18:01,47.835,5.009,46.082,0,0,1495184,871960,168880,5393908,28926.225,22514.871,0,424.752,0,44.078,7754,10770,1.950,1.320,0.760,3,0,14.025,0,0,11,28,1,29,0
23-02 11:18:02,77.627,20.717,1.747,0,0,1582792,784332,168888,5393920,7814.654,613.031,0,247.609,0,13.978,5213,2989,1.950,1.320,0.760,5,0,243.615,0,0,11,28,1,26,0
23-02 11:18:03,54.768,5.975,38.836,0.249,0,1613852,753040,168896,5394144,45645.748,37385.719,0,242.971,0,21.907,9115,12861,1.950,1.330,0.770,5,0,0,0,0,11,31,1,27,0
23-02 11:18:04,62.239,18.571,18.571,0.502,0,1552904,813952,168900,5394176,15787.682,4043.542,0,453.744,0,41.158,5132,4874,1.950,1.330,0.770,4,0,325.250,0,0,11,28,1,29,0
23-02 11:18:05,47.593,4.759,46.841,0,0,1588800,778008,168900,5394220,23689.096,19952.826,0,8.016,0,2.004,5504,5973,1.950,1.330,0.770,2,0,0,0,0,11,31,1,29,0
23-02 11:18:06,51.753,16.251,29.752,1.250,0,1486320,880444,168908,5394256,14509.743,10083.516,0,1108.057,0,43.002,5902,7437,1.950,1.330,0.770,3,0,300.015,0,0,11,28,1,31,0
23-02 11:18:07,54.593,5.211,39.208,0.496,0,1541864,824760,168912,5394416,16319.431,13498.446,0,393.072,0,11.911,3987,2673,1.950,1.330,0.770,4,0,0,0,0,11,31,1,31,0
23-02 11:18:08,50.362,17.878,29.210,1.511,0,1474624,891684,168920,5394808,24597.779,15426.869,0,1398.047,0,78.565,8328,18291,2.040,1.360,0.780,5,0,325.338,0,0,11,28,1,35,0
23-02 11:18:09,56.109,4.987,38.653,0,0,1548476,817660,168932,5394880,18924.486,12173.436,0,163.589,0,12.967,3944,2854,2.040,1.360,0.780,3,0,0,0,0,11,31,1,35,0
23-02 11:18:10,51.650,11.228,34.933,1.497,0,1503944,862108,168960,5394936,23503.699,14513.028,0,878.307,0,68.867,7026,8886,2.040,1.360,0.780,4,0,111.785,0,0,11,28,1,36,0
23-02 11:18:11,57.746,6.779,35.903,0,0,1576940,789088,168960,5394960,17219.425,8878.860,0,4.017,0,1.004,3658,2233,2.040,1.360,0.780,4,0,0,0,0,11,31,1,36,0
23-02 11:18:12,46.504,9.751,42.254,0.500,0,1481996,883828,168968,5395152,25525.161,17841.511,0,488.041,0,34.003,6895,9381,2.040,1.360,0.780,6,0,182.015,0,0,11,28,1,38,0
23-02 11:18:13,74.021,23.757,2.001,0,0,1593184,772600,168968,5395192,5447.569,486.140,0,248.071,0,20.006,5724,5110,2.520,1.470,0.820,7,0,550.158,0,0,11,28,1,38,0
23-02 11:18:14,82.156,16.731,1.498,0,0,1741040,624696,168976,5395224,21840.030,19259.980,0,3180.364,0,115.868,6700,6378,2.520,1.470,0.820,6,0,478.453,0,0,11,33,1,36,0
23-02 11:18:15,74.814,20.017,4.003,0,0,1682604,682980,168992,5395360,46178.378,40430.476,0,736.628,0,57.049,9354,12695,2.520,1.470,0.820,6,0,566.483,0,0,11,29,1,37,0
23-02 11:18:16,85.275,15.505,0,0,0,1662396,702976,169000,5395572,18524.498,9289.757,0,272.081,0,20.006,5929,4256,2.520,1.470,0.820,6,0,80.024,0,0,11,29,1,37,0
23-02 11:18:17,72.644,7.739,18.723,0.499,0,1664384,700764,169004,5395784,41825.681,36284.804,0,1433.898,0,42.937,8634,11841,2.520,1.470,0.820,6,0,32.952,0,0,11,32,1,38,0
23-02 11:18:18,40.211,20.480,38.962,0,0,1471040,894092,169008,5395856,25325.602,17351.284,0,227.781,0,12.987,8366,11044,2.390,1.460,0.820,4,0,563.457,0,0,11,28,1,42,0
23-02 11:18:19,38.573,32.812,27.803,0,0,1502168,862944,169008,5395872,7224.670,615.164,0,228.432,0,18.034,6577,6478,2.390,1.460,0.820,7,0,979.854,0,0,11,28,1,42,0
23-02 11:18:20,73.209,10.244,15.991,0,0,1609944,755100,169008,5395936,23016.966,15600.166,0,147.916,0,7.995,5223,4284,2.390,1.460,0.820,5,0,26.985,0,0,11,32,1,42,0
23-02 11:18:21,59.069,14.267,24.779,1.001,0,1575280,789552,169016,5396132,25658.792,18372.332,0,660.767,0,66.077,7366,10562,2.390,1.460,0.820,4,0,201.234,0,0,11,28,1,46,0
23-02 11:18:22,75.500,11.000,13.500,0,0,1617268,747536,169020,5396156,14193.091,11007.071,0,192.001,0,9.000,4620,3031,2.390,1.460,0.820,3,0,67.000,0,0,11,31,1,46,0
23-02 11:18:23,56.245,6.249,36.747,0,0,1631108,733424,169024,5396420,45234.314,40169.726,0,223.982,0,10.999,12189,19461,2.360,1.470,0.820,6,0,0,0,0,11,32,1,46,0
23-02 11:18:24,64.500,11.750,22.500,0.750,0,1533552,830728,169052,5396636,36101.262,23919.174,0,3140.023,0,195.001,10022,14746,2.360,1.470,0.820,5,0,90.001,0,0,11,28,1,46,0
23-02 11:18:25,74.973,9.747,14.995,0,0,1588344,775916,169052,5396656,19438.071,14063.987,0,175.937,0,10.996,4795,3591,2.360,1.470,0.820,3,0,29.989,0,0,11,31,1,46,0
23-02 11:18:26,54.630,6.208,36.999,0,0,1602300,761552,169052,5397056,53711.209,43032.537,0,143.031,0,9.933,13644,21875,2.360,1.470,0.820,5,0,0.993,0,0,11,31,1,47,0
23-02 11:18:27,67.434,15.097,16.355,0,0,1518928,844832,169052,5397144,26732.887,21027.201,0,157.010,0,10.065,8552,11084,2.360,1.470,0.820,4,0,227.463,0,0,11,28,1,50,0
23-02 11:18:28,71.217,9.745,19.241,0,0,1613668,750056,169052,5397176,21667.871,15543.734,0,131.938,0,8.996,5323,4309,2.410,1.500,0.840,4,0,33.984,0,0,11,31,1,50,0
23-02 11:18:29,60.766,8.002,30.008,1.000,0,1583028,780436,169060,5397420,41814.878,34547.987,0,2288.595,0,144.037,10219,16798,2.410,1.500,0.840,4,0,46.012,0,0,11,29,1,52,0
23-02 11:18:30,78.325,14.013,7.257,0,0,1587112,776196,169060,5397544,11898.366,7941.586,0,240.229,0,23.022,5396,4737,2.410,1.500,0.840,3,0,84.080,0,0,11,29,2,52,0
23-02 11:18:31,61.943,10.241,27.725,0,0,1594576,768692,169068,5397572,27717.603,19151.452,0,403.630,0,40.962,5831,7027,2.410,1.500,0.840,6,0,95.912,0,0,11,30,1,54,0
23-02 11:18:32,67.059,7.757,24.021,0.250,0,1696224,666848,169076,5397752,35398.100,28750.260,0,164.144,0,10.009,7699,12599,2.410,1.500,0.840,5,0,24.021,0,0,11,30,1,55,0
23-02 11:18:33,69.196,13.989,16.737,0,0.250,1574516,788436,169080,5397864,24677.909,20696.989,0,175.864,0,9.992,6940,9656,2.540,1.540,0.850,4,0,183.858,0,0,11,28,1,58,0
23-02 11:18:34,73.824,10.974,14.964,0,0,1589532,773400,169084,5397880,20989.094,13868.026,0,1815.683,0,119.715,5228,4853,2.540,1.540,0.850,5,0,42.898,0,0,11,30,1,58,0
23-02 11:18:35,69.610,10.266,19.781,0,0,1597672,765040,169084,5398096,30739.457,21888.505,0,152.240,0,29.046,5523,8546,2.540,1.540,0.850,3,0,68.107,0,0,11,30,1,59,0
23-02 11:18:36,56.075,12.266,29.790,1.252,0,1521620,841032,169112,5398128,23383.102,15238.269,0,3732.965,0,161.214,5610,6422,2.540,1.540,0.850,2,0,157.209,0,0,11,29,1,62,0
23-02 11:18:37,54.864,11.222,33.168,0.499,0,1613036,749440,169120,5398288,16322.476,8178.695,0,247.386,0,23.941,4788,4228,2.540,1.540,0.850,4,0,101.747,0,0,11,29,1,63,0
23-02 11:18:38,49.735,8.997,40.488,0.500,0,1558404,803896,169136,5398444,24964.373,20776.652,0,399.878,0,27.991,7618,9299,2.660,1.580,0.870,2,0,96.970,0,0,11,32,1,62,0
23-02 11:18:39,57.633,10.274,32.325,0,0,1564588,797632,169136,5398524,18903.671,9536.030,0,184.426,0,14.032,4856,4438,2.660,1.580,0.870,6,0,87.201,0,0,11,33,1,64,0
23-02 11:18:40,44.766,6.502,47.517,0,0,1568064,794052,169144,5398612,25731.115,18461.540,0,244.086,0,23.008,6077,7617,2.660,1.580,0.870,5,0,86.030,0,0,11,34,1,65,0
23-02 11:18:41,29.846,9.451,59.443,0.497,0,1433456,928620,169148,5398648,17782.017,9806.274,0,382.024,0,32.830,5594,6753,2.660,1.580,0.870,3,0,134.305,0,0,11,32,1,67,0
23-02 11:18:42,38.001,5.000,56.751,0,0,1488344,873680,169156,5398692,17412.325,7670.143,0,120.002,0,7.000,2744,1938,2.660,1.580,0.870,4,0,0,0,0,11,34,1,65,0
23-02 11:18:43,34.400,7.784,55.241,1.758,0,1471268,890664,169160,5398776,20459.312,10910.629,0,506.210,0,34.149,5068,6489,2.610,1.590,0.880,4,0,62.272,0,0,11,32,1,67,0
23-02 11:18:44,38.779,7.458,52.700,0,0,1512772,848964,169160,5398968,10277.458,5887.464,0,7.955,0,1.989,3156,2156,2.610,1.590,0.880,2,0,75.570,0,0,11,33,1,67,0
23-02 11:18:45,31.892,6.278,60.520,0.502,0,1489092,872608,169168,5398992,15286.301,11291.452,0,257.149,0,20.090,4727,5301,2.610,1.590,0.880,3,0,60.269,0,0,11,33,1,68,0
23-02 11:18:46,39.182,6.239,54.406,0.499,0,1489144,872416,169172,5399128,10637.662,6944.029,0,279.518,0,24.957,3278,3113,2.610,1.590,0.880,3,0,5.990,0,0,11,33,1,69,0
23-02 11:18:47,32.510,6.252,59.269,0,0,1489872,871640,169180,5399168,22423.156,15712.014,0,172.055,0,14.004,4980,6478,2.610,1.590,0.880,2,0,43.014,0,0,11,33,1,63,0
23-02 11:18:48,37.145,5.484,56.590,0.249,0,1533912,827560,169188,5399200,13847.846,6676.123,0,474.658,0,29.915,3520,3115,2.640,1.610,0.890,3,0,4.986,0,0,11,33,1,64,0
23-02 11:18:49,32.195,5.785,61.121,0.252,0,1528744,832684,169196,5399232,22808.432,14202.198,0,225.368,0,20.122,5151,6288,2.640,1.610,0.890,4,0,83.507,0,0,11,33,1,65,0
23-02 11:18:50,19.869,8.941,69.790,0.248,0,1475068,886284,169196,5399308,42495.812,4355.284,0,282.140,0,21.856,4435,4608,2.640,1.610,0.890,2,0,197.697,0,0,11,32,1,66,0
23-02 11:18:51,19.303,2.507,77.462,0,0,1484708,876508,169200,5399440,12354.773,6143.795,0,140.384,0,6.016,1951,1635,2.640,1.610,0.890,1,0,0,0,0,11,33,1,64,0
23-02 11:18:52,14.052,8.782,73.771,2.509,0,1447176,913988,169232,5399460,13055.888,5737.043,0,814.989,0,62.228,4978,5544,2.640,1.610,0.890,2,0,202.744,0,0,11,32,1,65,0
23-02 11:18:53,20.193,5.484,73.043,0,0,1479468,881688,169232,5399468,3360.472,484.626,0,267.242,0,36.895,2365,1717,2.510,1.600,0.890,2,0,81.768,0,0,11,32,1,65,0
23-02 11:18:54,15.477,2.247,78.385,2.496,0,1474932,886204,169232,5399492,14585.670,10277.969,0,179.737,0,12.981,3042,3717,2.510,1.600,0.890,1,0,0,0,0,11,33,1,65,0
23-02 11:18:55,20.018,5.505,73.816,0,0,1482084,879048,169232,5399496,8505.579,1500.337,0,4.004,0,1.001,2563,2076,2.510,1.600,0.890,3,0,46.041,0,0,11,32,1,65,0
23-02 11:18:56,18.747,3.000,77.988,0,0,1473436,887668,169232,5399512,14797.656,8650.629,0,71.989,0,3.999,2892,3056,2.510,1.600,0.890,1,0,6.999,0,0,11,33,1,65,0
23-02 11:18:57,15.060,9.287,73.541,1.004,0,1389136,971816,169244,5399648,13982.263,6483.626,0,196.778,0,21.083,5446,6289,2.510,1.600,0.890,2,0,238.944,0,0,11,32,1,65,0
23-02 11:18:58,29.498,15.999,52.996,1.250,0,1452780,908048,169296,5399728,5107.645,539.962,35.997,603.958,1.000,36.997,5323,4623,2.470,1.610,0.900,5,0,387.973,0,0,11,32,1,67,0
23-02 11:18:59,36.346,5.228,47.300,9.460,0,1524428,833256,169360,5402308,7309.069,611.413,434.163,3302.026,16.928,160.322,3778,3708,2.470,1.610,0.900,2,1,10.954,0,0,11,36,1,62,0
23-02 11:19:00,26.344,5.018,41.900,25.592,0,1512684,843588,169588,5403384,6812.385,616.206,0,8153.185,0,628.249,5741,8591,2.470,1.610,0.900,2,3,19.068,0,0,11,36,1,62,0
23-02 11:19:01,26.265,4.503,39.522,27.766,0,1581284,773984,169756,5404204,6062.405,560.315,0,9665.428,0,761.428,6064,9472,2.470,1.610,0.900,2,1,32.018,0,0,11,36,1,62,0
23-02 11:19:02,25.622,4.975,41.294,25.622,0,1548176,805660,170012,5405308,6738.315,610.946,0,7888.564,0,669.652,5712,8716,2.470,1.610,0.900,2,3,12.935,0,0,11,36,1,62,0
23-02 11:19:03,27.116,4.770,36.155,30.631,0,1556852,796084,170200,5406000,8139.883,616.643,0,11047.343,0,770.301,6051,9219,2.590,1.650,0.910,1,1,21.090,0,0,11,36,1,59,0
23-02 11:19:04,26.270,4.253,44.283,24.018,0,1564544,787364,170384,5406820,3080.326,614.464,0,6384.820,0,578.437,4993,8133,2.590,1.650,0.910,1,3,26.020,0,0,11,36,1,59,0
23-02 11:19:05,25.715,5.243,40.695,26.964,0,1553572,797332,170604,5407572,8557.501,539.275,0,13657.647,0,942.733,5680,8886,2.590,1.650,0.910,2,1,18.975,0,0,11,36,1,59,0
23-02 11:19:06,26.982,5.246,40.223,25.733,0,1566568,783976,170720,5407804,4709.810,539.635,0,12567.488,0,939.364,6507,10391,2.590,1.650,0.910,2,1,14.990,0,0,11,36,1,59,0
23-02 11:19:07,26.796,4.758,44.076,22.539,0,1568892,781076,170824,5408248,7407.786,615.062,0,10886.791,0,812.402,5749,9648,2.590,1.650,0.910,1,2,10.017,0,0,11,36,1,54,0
23-02 11:19:08,28.978,6.995,38.971,23.482,0,1610160,739400,170972,5408500,7538.372,539.597,0,11515.403,0,823.385,6129,16899,2.780,1.700,0.930,1,2,49.963,0,0,11,36,1,55,0
23-02 11:19:09,27.425,5.236,41.885,23.934,0,1558300,790460,171108,5409132,3765.683,484.672,0,7722.842,0,628.279,5245,8345,2.780,1.700,0.930,2,3,3.989,0,0,11,36,1,55,0
23-02 11:19:10,25.979,4.496,39.718,27.478,0,1583328,765716,171160,5408788,7610.873,539.566,0,7957.593,0,640.484,5302,8348,2.780,1.700,0.930,2,2,4.996,0,0,11,36,1,55,0
23-02 11:19:11,39.953,6.282,41.963,10.805,0,1519176,830028,171192,5408596,5970.347,617.137,0,3972.190,0,311.584,4061,4476,2.780,1.700,0.930,4,0,6.031,0,0,11,32,1,49,0
23-02 11:19:12,38.251,5.250,43.751,11.500,0,1574676,774376,171260,5408664,3937.111,540.015,0,5048.143,0,400.011,4472,5865,2.780,1.700,0.930,2,1,2.000,0,0,11,34,1,49,0
23-02 11:19:13,28.038,5.707,38.211,25.308,0,1550800,797984,171376,5408816,7525.003,535.941,0,11008.617,0,1071.881,7096,12201,2.960,1.760,0.960,2,1,2.977,0,0,11,34,1,49,0
23-02 11:19:14,28.278,4.755,42.542,22.022,0,1569544,778912,171540,5408948,6098.032,540.535,0,6094.028,0,786.778,6009,10468,2.960,1.760,0.960,5,1,0,0,0,11,34,1,49,0
23-02 11:19:15,28.317,6.265,43.102,21.551,0,1550548,797420,171792,5409176,9304.983,541.279,0,6294.872,0,900.127,6574,11313,2.960,1.760,0.960,3,0,1.002,0,0,11,34,1,46,0
23-02 11:19:16,25.564,9.273,60.903,3.258,0,1542192,805656,171808,5409276,5672.272,487.226,0,1287.239,0,66.166,3771,2965,2.960,1.760,0.960,2,0,170.429,0,0,11,32,1,46,0
23-02 11:19:17,8.248,22.246,66.238,2.000,0,1521068,826680,171828,5409344,3874.273,539.899,0,2479.535,0,88.983,6675,5878,2.960,1.760,0.960,2,0,574.892,0,0,11,32,1,46,0
23-02 11:19:18,8.509,20.772,63.819,6.006,0,1490040,857632,171848,5409400,9971.760,540.583,0,2538.739,0,126.136,6615,5627,3.040,1.800,0.970,3,1,513.554,0,0,11,32,1,46,0
23-02 11:19:19,15.952,10.718,63.809,7.976,0,1469440,878208,171864,5409408,5770.722,612.167,0,5044.895,0,243.272,4143,4048,3.040,1.800,0.970,3,0,211.367,0,0,11,32,1,41,0
23-02 11:19:20,23.000,2.750,73.248,0,0,1507528,840128,171864,5409396,7956.833,539.989,0,16.000,0,1.000,1824,1226,3.040,1.800,0.970,2,0,2.000,0,0,11,32,1,41,0
23-02 11:19:21,22.501,3.000,73.754,0,0,1530448,817212,171864,5409392,5400.275,540.028,0,0,0,0,1794,1319,3.040,1.800,0.970,2,0,1.000,0,0,11,32,1,41,0
23-02 11:19:22,22.498,3.500,73.992,0,0,1526564,821072,171864,5409412,8802.074,539.943,0,19.998,0,1.000,1803,1121,3.040,1.800,0.970,2,0,3.000,0,0,11,32,1,41,0
23-02 11:19:23,22.260,3.752,73.783,0,0,1524568,823080,171864,5409400,6282.795,540.240,0,4.002,0,1.000,1796,1279,2.880,1.780,0.970,2,0,2.001,0,0,11,32,1,37,0
23-02 11:19:24,22.231,3.247,68.941,3.997,0,1500736,846904,171864,5409424,4994.728,527.549,0,2509.853,0,243.791,2101,1682,2.880,1.780,0.970,2,0,0.999,0,0,11,32,1,37,0
23-02 11:19:25,22.762,3.002,73.790,0,0,1523316,824344,171864,5409404,6336.396,540.290,0,20.011,0,1.001,1694,1145,2.880,1.780,0.970,2,0,2.001,0,0,11,32,1,37,0
23-02 11:19:26,22.506,3.751,73.018,0.250,0,1494416,853224,171864,5409424,8780.157,540.133,0,44.011,0,4.001,1842,1325,2.880,1.780,0.970,3,0,2.000,0,0,11,32,1,37,0
23-02 11:19:27,23.235,2.748,73.703,0,0,1482368,865272,171864,5409424,8161.772,539.654,0,11.992,0,0.999,1820,1150,2.880,1.780,0.970,2,0,2.998,0,0,11,32,1,37,0
23-02 11:19:28,21.815,3.510,73.718,0,0,1495288,852376,171864,5409400,6563.448,541.605,0,8.024,0,1.003,1784,1260,2.730,1.770,0.970,3,0,2.006,0,0,11,32,1,33,0
23-02 11:19:29,23.445,2.744,73.579,0,0,1481660,865980,171864,5409424,6965.764,538.744,0,1225.144,0,9.977,1757,1160,2.730,1.770,0.970,2,0,0.998,0,0,11,32,1,33,0
23-02 11:19:30,21.999,3.500,73.748,0,0,1522036,825688,171864,5409340,6518.820,539.985,0,0,0,0,1748,1158,2.730,1.770,0.970,3,0,2.000,0,0,11,32,1,33,0
23-02 11:19:31,22.960,2.745,73.871,0,0,1514216,833420,171864,5409428,7354.136,539.057,0,678.813,0,113.801,1854,1218,2.730,1.770,0.970,3,0,0.998,0,0,11,32,1,33,0
23-02 11:19:32,22.742,3.499,72.973,0.250,0,1513760,833876,171864,5409428,3301.799,485.823,0,135.951,0,2.999,1725,1253,2.730,1.770,0.970,2,0,1.000,0,0,11,32,1,29,0
23-02 11:19:33,22.703,2.744,73.849,0,0,1542224,805432,171864,5409408,3654.509,632.703,0,19.959,0,0.998,1621,1035,2.590,1.760,0.970,3,0,1.996,0,0,11,32,1,29,0
23-02 11:19:34,22.782,3.755,71.099,1.752,0,1534704,812940,171872,5409408,9409.039,540.749,0,1397.937,0,42.058,2092,1915,2.590,1.760,0.970,2,0,1.001,0,0,11,32,1,29,0
23-02 11:19:35,22.272,3.253,74.072,0,0,1553332,794292,171872,5409428,6432.235,614.596,0,84.081,0,7.007,1764,1338,2.590,1.760,0.970,3,0,1.001,0,0,11,32,1,29,0
23-02 11:19:36,20.846,5.023,73.589,0,0,1550112,797496,171872,5409444,8223.846,542.497,0,12.055,0,1.005,2202,1478,2.590,1.760,0.970,4,0,50.231,0,0,11,32,1,22,0
23-02 11:19:37,12.956,16.694,69.515,0,0,1517148,830424,171872,5409476,5440.592,538.179,0,199.326,0,9.966,5084,4175,2.590,1.760,0.970,2,0,411.607,0,0,11,32,1,22,0
23-02 11:19:38,23.016,2.252,73.803,0,0,1543436,803952,171872,5409660,7719.498,540.385,0,0,0,0,1749,1142,2.460,1.740,0.980,3,0,0,0,0,11,32,1,22,0
23-02 11:19:39,21.985,3.997,73.199,0,0,1564432,782876,171872,5409732,7940.510,485.664,0,47.967,0,0.999,1921,1392,2.460,1.740,0.980,2,0,8.994,0,0,11,32,1,22,0
23-02 11:19:40,19.823,8.531,71.262,0,0,1548060,799104,171872,5409860,4186.378,541.991,40.147,24.088,2.007,1.004,3194,2403,2.460,1.740,0.980,2,0,207.763,0,0,11,32,1,16,0
23-02 11:19:41,8.241,20.977,68.424,0.749,0,1542336,804780,171872,5409896,3919.653,539.402,0,299.668,0,8.990,6353,5142,2.460,1.740,0.980,4,0,534.407,0,0,11,32,1,16,0
23-02 11:19:42,7.509,23.278,68.081,0,0,1510860,836152,171872,5409976,7559.004,540.644,0,444.530,0,36.043,6612,5390,2.460,1.740,0.980,1,0,580.692,0,0,11,32,1,16,0
23-02 11:19:43,8.250,22.249,68.246,0,0,1484524,862448,171872,5410004,6735.597,539.968,0,1391.917,0,15.999,6581,5481,2.340,1.730,0.980,1,0,610.963,0,0,11,32,1,16,0
23-02 11:19:44,8.242,22.478,67.433,1.249,0,1457372,889560,171876,5410040,9107.986,539.466,0,2113.908,0,54.946,6770,5806,2.340,1.730,0.980,2,0,590.416,0,0,11,32,1,11,0
23-02 11:19:45,7.248,20.495,69.484,0.250,0,1449272,897628,171876,5410072,8395.100,539.878,0,315.928,0,10.998,6054,4731,2.340,1.730,0.980,4,0,456.897,0,0,11,32,1,11,0
23-02 11:19:46,8.260,21.776,69.584,0,0,1432348,914512,171876,5410104,8690.459,540.651,0,312.376,0,9.011,6221,4888,2.340,1.730,0.980,1,0,484.583,0,0,11,32,1,11,0
23-02 11:19:47,8.251,22.253,68.760,0,0,1418812,928008,171876,5410144,8568.265,486.072,0,64.009,0,16.002,6631,5499,2.340,1.730,0.980,2,0,612.090,0,0,11,32,1,11,0
23-02 11:19:48,17.256,25.509,54.269,1.501,0,1385876,960892,171904,5410160,6235.201,540.191,0,1096.387,0,99.035,7088,6477,2.320,1.740,0.980,3,0,734.259,0,0,11,34,1,9,0
23-02 11:19:49,64.250,13.500,22.000,0.250,0,1556312,789660,171932,5410920,18842.870,539.996,16.000,711.995,1.000,41.000,4612,3360,2.320,1.740,0.980,6,0,225.998,0,0,11,32,1,13,0
23-02 11:19:50,37.536,6.215,31.819,21.627,0,1636928,704036,172064,5415064,10056.756,536.944,425.578,9553.620,8.949,496.176,5773,7482,2.320,1.740,0.980,4,2,18.892,0,0,11,38,1,13,0
23-02 11:19:51,13.570,4.021,44.228,37.694,0,1637972,700032,172308,5417400,4414.749,542.797,0,10405.620,0,678.496,5362,9005,2.320,1.740,0.980,0,3,22.114,0,0,11,38,1,14,0
23-02 11:19:52,5.730,2.989,53.063,35.376,0,1636584,700032,172432,5418628,7268.442,538.108,0,11523.481,0,763.316,4798,8847,2.320,1.740,0.980,1,3,17.937,0,0,11,38,1,11,0
23-02 11:19:53,8.001,3.000,50.004,36.253,0,1635472,699780,172536,5419852,6779.564,540.045,0,13545.128,0,964.080,5513,9916,2.450,1.770,1,1,2,21.002,0,0,11,38,1,11,0
23-02 11:19:54,7.258,2.503,46.301,40.544,0,1634736,698520,172684,5421596,11416.507,540.592,0,7111.791,0,522.572,5176,9025,2.450,1.770,1,2,1,12.013,0,0,11,38,1,11,0
23-02 11:19:55,7.738,2.995,49.920,36.691,0,1634916,697512,172824,5422268,8516.302,485.220,0,13154.842,0,975.431,6070,10794,2.450,1.770,1,1,3,11.981,0,0,11,38,1,11,0
23-02 11:19:56,6.505,4.003,49.291,37.031,0,1635104,696252,172944,5423148,3664.039,540.448,0,15841.139,0,1032.857,5608,10154,2.450,1.770,1,1,1,19.016,0,0,11,38,1,10,0
23-02 11:19:57,9.004,2.501,54.026,32.515,0,1635052,694740,173040,5424564,7107.378,540.257,0,6843.253,0,535.254,4994,8562,2.450,1.770,1,1,3,9.004,0,0,11,38,1,10,0
23-02 11:19:58,24.279,8.009,29.034,36.042,0,1614216,714176,173184,5425720,6307.427,540.637,0,14737.354,0,973.146,7939,12961,3.060,1.910,1.050,3,2,63.074,0,0,11,36,1,10,0
23-02 11:19:59,21.252,4.250,33.754,37.754,0,1631696,695276,173292,5426996,9218.019,6267.693,0,13585.502,0,895.099,6761,11047,3.060,1.910,1.050,1,2,14.002,0,0,11,37,0,10,0
23-02 11:20:00,15.007,4.252,48.773,29.764,0,1600060,726276,173392,5427512,11458.326,4146.928,0,12365.748,0,754.351,6078,9800,3.060,1.910,1.050,2,2,34.016,0,0,11,36,0,9,0
23-02 11:20:01,25.450,6.238,38.425,28.195,0,1616600,708132,173456,5429016,9111.260,538.951,0,9357.780,0,635.762,5988,8826,3.060,1.910,1.050,2,1,59.883,0,0,11,38,0,9,0
23-02 11:20:02,19.306,4.513,41.621,31.592,0,1623008,700080,173544,5430528,19953.017,8768.496,0,14891.299,0,976.840,7574,12778,3.060,1.910,1.050,1,1,9.026,0,0,11,39,0,9,0
23-02 11:20:03,19.708,3.992,41.163,33.429,0,1623544,697924,173616,5431992,18379.966,11215.182,0,11383.824,0,827.243,8515,13574,3.130,1.940,1.060,4,3,11.975,0,0,11,39,0,9,0
23-02 11:20:04,23.647,6.721,34.350,32.857,0,1607968,711952,173692,5433404,4211.625,1042.452,0,8391.389,0,666.094,5608,8841,3.130,1.940,1.060,2,2,44.805,0,0,11,38,0,9,0
23-02 11:20:05,21.328,4.517,33.373,38.642,0,1630552,688264,173740,5434436,14103.776,7406.189,0,13858.877,0,867.184,6151,10018,3.130,1.940,1.060,2,2,6.022,0,0,11,39,0,9,0
23-02 11:20:06,22.246,3.749,41.493,29.745,0.250,1630560,687284,173788,5435332,18203.947,11118.136,0,13033.814,0,821.862,9334,15441,3.130,1.940,1.060,6,0,12.998,0,0,11,39,0,9,0
23-02 11:20:07,24.309,8.020,34.334,31.326,0,1675216,641584,173820,5436284,33817.573,3384.263,0,10970.788,0,733.792,7033,10222,3.130,1.940,1.060,2,1,71.174,0,0,11,38,0,10,0
23-02 11:20:08,26.946,6.238,33.434,31.687,0,1713396,602204,173844,5437432,13719.714,6250.569,0,10239.635,0,694.619,7455,21546,3.200,1.980,1.080,2,2,37.925,0,0,11,39,0,10,0
23-02 11:20:09,17.995,4.999,43.737,31.990,0,1712716,602204,173892,5438048,17684.733,9551.155,0,11784.490,0,762.773,7712,12988,3.200,1.980,1.080,1,2,2.999,0,0,11,39,0,10,0
23-02 11:20:10,23.927,6.480,40.626,26.669,0,1676240,636352,173976,5440236,12225.803,5287.911,0,12900.749,0,786.607,7462,11688,3.200,1.980,1.080,2,1,41.873,0,0,11,38,0,10,0
23-02 11:20:11,24.856,5.021,35.903,31.886,0,1706544,604664,174168,5441384,10517.888,5541.651,0,16755.509,0,1139.865,7098,11977,3.200,1.980,1.080,2,3,9.039,0,0,11,39,0,10,0
23-02 11:20:12,31.805,5.510,35.311,25.294,0,1602028,707756,174308,5442612,14179.693,9010.692,0,9432.426,0,728.268,8559,13534,3.200,1.980,1.080,1,2,42.073,0,0,11,37,0,10,0
23-02 11:20:13,30.800,19.623,26.826,21.361,0,1555624,752760,174444,5444136,15241.027,7119.765,369.600,16167.013,5.961,990.567,11543,19115,3.270,2.010,1.100,17,2,401.393,0,0,11,36,0,11,0
23-02 11:20:14,34.988,15.103,26.430,22.403,0,1592764,714580,174504,5444732,12519.227,5610.193,1812.338,11064.323,35.240,750.107,7442,10695,3.270,2.010,1.100,1,1,192.309,0,0,11,37,0,11,0
23-02 11:20:15,22.212,5.990,40.181,29.699,0,1517192,788924,174552,5445880,11689.848,4278.624,0,10885.235,0,731.739,6922,10927,3.270,2.010,1.100,2,1,39.931,0,0,11,36,0,12,0
23-02 11:20:16,21.531,4.256,44.564,27.540,0,1565324,739532,174616,5447048,14791.382,5580.067,0,9401.591,0,677.980,5624,8634,3.270,2.010,1.100,3,1,1.001,0,0,11,37,0,12,0
23-02 11:20:17,18.188,6.229,47.587,26.160,0,1562204,741472,174732,5448052,8747.062,2276.209,0,9547.323,0,657.749,5542,8777,3.270,2.010,1.100,3,2,59.795,0,0,11,36,0,13,0
23-02 11:20:18,22.996,3.999,42.992,27.245,0,1559024,743608,174796,5449008,7441.603,2836.467,0,12433.665,0,908.829,5347,9011,3.330,2.050,1.110,7,1,2.999,0,0,11,37,0,13,0
23-02 11:20:19,22.216,5.492,45.430,24.962,0,1542516,758672,174836,5450348,15452.197,8648.677,0,9469.413,0,626.036,7277,11332,3.330,2.050,1.110,6,1,31.951,0,0,11,36,0,14,0
23-02 11:20:20,23.356,6.027,44.201,24.863,0,1592572,707724,174908,5451112,5053.024,1158.278,0,9274.259,0,526.399,5212,8306,3.330,2.050,1.110,0,1,18.082,0,0,11,37,0,14,0
23-02 11:20:21,17.480,3.746,49.444,26.969,0,1589292,709868,174956,5452148,17234.408,9879.769,0,13212.980,0,791.101,7275,12359,3.330,2.050,1.110,3,1,0,0,0,11,37,0,14,0
23-02 11:20:22,8.982,5.489,56.385,26.696,0,1562444,735500,175004,5453272,8085.567,1451.051,0,7520.715,0,563.854,5924,9605,3.330,2.050,1.110,1,1,68.860,0,0,11,36,0,15,0
23-02 11:20:23,4.246,2.997,61.947,27.726,0.250,1543344,753456,175048,5454340,9146.117,539.535,0,12109.562,0,835.280,4795,9129,3.300,2.060,1.120,3,0,0,0,0,11,36,0,15,0
23-02 11:20:24,3.753,2.252,62.301,29.024,0,1531556,764304,175100,5455208,9020.313,540.438,0,9315.553,0,664.539,4183,7765,3.300,2.060,1.120,2,1,0,0,0,11,36,0,15,0
23-02 11:20:25,4.003,2.502,62.291,28.269,0,1521700,773312,175128,5456016,8421.514,540.354,0,8497.564,0,643.421,4343,7915,3.300,2.060,1.120,2,0,9.006,0,0,11,36,0,15,0
23-02 11:20:26,3.500,2.750,59.744,31.247,0,1513576,780712,175164,5456692,8779.123,485.951,0,8919.109,0,629.937,4197,7507,3.300,2.060,1.120,3,1,6.999,0,0,11,36,0,15,0
23-02 11:20:27,4.500,2.750,58.746,31.748,0,1506472,787516,175200,5456940,5143.645,539.963,0,10707.262,0,809.944,4977,9210,3.300,2.060,1.120,1,2,11.999,0,0,11,36,0,15,0
23-02 11:20:28,4.506,3.004,56.070,33.292,0,1499020,793052,175228,5458784,8038.036,540.675,0,13953.422,0,888.109,5277,9882,3.350,2.090,1.140,2,1,3.004,0,0,11,36,0,15,0
23-02 11:20:29,4.744,2.497,59.174,30.211,0,1497096,794664,175248,5459064,6854.242,539.311,0,9192.254,0,802.974,4269,7436,3.350,2.090,1.140,1,3,5.992,0,0,11,36,0,15,0
23-02 11:20:30,6.499,2.000,61.744,27.497,0,1493060,798488,175260,5459260,3946.597,539.945,0,9411.039,0,703.928,4479,7985,3.350,2.090,1.140,3,0,8.999,0,0,11,36,0,15,0
23-02 11:20:31,5.743,2.996,62.176,26.468,0,1488536,802776,175276,5459476,8141.271,539.355,0,9900.170,0,772.077,5408,9775,3.350,2.090,1.140,1,1,11.986,0,0,11,36,0,15,0
23-02 11:20:32,5.760,3.256,58.850,29.300,0,1485048,805916,175280,5459780,4965.397,540.915,0,14917.226,0,990.675,5076,9258,3.350,2.090,1.140,1,2,6.010,0,0,11,36,0,15,0
23-02 11:20:33,3.996,2.248,60.695,29.973,0,1481588,808964,175308,5460124,7113.510,633.422,0,9443.385,0,665.393,4269,7699,3.170,2.080,1.140,2,0,5.995,0,0,11,36,0,15,0
23-02 11:20:34,5.004,2.752,65.800,24.268,0,1479320,810440,175376,5460832,7316.572,486.370,0,8370.374,0,682.520,4536,8256,3.170,2.080,1.140,2,2,12.009,0,0,11,36,0,15,0
23-02 11:20:35,4.747,2.249,62.465,27.235,0,1477492,811452,175460,5461540,4579.448,539.699,0,9642.627,0,713.602,4627,8529,3.170,2.080,1.140,1,1,6.996,0,0,11,36,0,15,0
23-02 11:20:36,5.001,2.751,61.766,27.757,0,1476284,812428,175540,5461684,7570.972,540.141,0,10574.755,0,790.206,5063,9100,3.170,2.080,1.140,3,2,10.003,0,0,11,36,0,15,0
23-02 11:20:37,5.252,2.751,51.267,37.012,0,1474452,813496,175608,5462360,6974.260,540.175,0,13100.244,0,841.273,4666,8475,3.170,2.080,1.140,1,1,6.002,0,0,11,36,0,15,0
23-02 11:20:38,5.751,2.750,61.507,27.253,0,1473656,813704,175688,5462852,7612.854,540.061,0,9825.102,0,757.085,5180,9331,3.230,2.110,1.150,1,1,9.001,0,0,11,36,0,15,0
23-02 11:20:39,4.750,2.500,62.246,27.748,0,1474268,813956,175724,5461952,6545.607,539.968,0,6523.608,0,598.964,4695,8517,3.230,2.110,1.150,2,1,3.000,0,0,11,36,0,15,0
23-02 11:20:40,4.242,3.244,60.882,28.445,0,1473780,813956,175760,5462404,7811.909,538.959,0,11182.397,0,849.359,5032,9173,3.230,2.110,1.150,1,1,2.994,0,0,11,36,0,15,0
23-02 11:20:41,4.505,3.003,64.824,25.029,0,1475088,813956,175820,5461032,7342.361,486.554,0,9074.333,0,783.893,5267,9818,3.230,2.110,1.150,1,2,0,0,0,11,36,0,15,0
23-02 11:20:42,6.500,3.250,54.001,34.000,0,1474820,813956,175856,5461264,4349.052,540.006,0,13388.159,0,807.010,4590,8122,3.230,2.110,1.150,1,1,3.000,0,0,11,36,0,15,0
23-02 11:20:43,8.780,2.759,64.217,22.325,0,1474376,813956,175868,5461696,5154.413,541.830,0,6477.884,0,612.068,5087,8914,3.290,2.140,1.170,2,1,6.020,0,0,11,36,0,15,0
23-02 11:20:44,5.484,2.742,60.070,28.664,0,1474268,813704,175908,5462016,7324.072,538.388,0,10269.254,0,742.776,4905,8869,3.290,2.140,1.170,1,1,5.982,0,0,11,36,0,15,0
23-02 11:20:45,4.996,2.748,62.704,27.230,0,1473816,813704,175936,5462440,8156.022,539.604,0,7838.254,0,665.512,4754,8346,3.290,2.140,1.170,4,1,11.991,0,0,11,36,0,15,0
23-02 11:20:46,5.252,3.251,56.522,32.263,0,1473864,813452,175968,5462600,9077.573,540.213,0,16710.577,0,1013.399,5063,9095,3.290,2.140,1.170,3,2,4.002,0,0,11,36,0,15,0
23-02 11:20:47,4.503,2.502,63.548,26.020,0,1473432,813452,175996,5463000,5115.856,540.407,0,5832.396,0,587.443,4430,8032,3.290,2.140,1.170,4,0,9.007,0,0,11,36,0,15,0
23-02 11:20:48,5.745,2.748,62.198,26.478,0,1473164,813452,176020,5463240,8522.865,539.548,0,9903.709,0,807.324,5011,9010,3.190,2.140,1.170,1,2,5.995,0,0,11,36,0,15,0
23-02 11:20:49,6.753,3.001,61.274,25.510,0,1473940,813452,176048,5462436,4648.844,486.193,0,11372.510,0,930.369,5821,10602,3.190,2.140,1.170,2,1,6.002,0,0,11,36,0,9,0
23-02 11:20:50,5.991,3.744,57.415,29.956,0.250,1473796,813452,176068,5462560,3845.330,539.205,0,17354.411,0,1143.314,5673,10341,3.190,2.140,1.170,1,1,2.996,0,0,11,36,0,9,0
23-02 11:20:51,5.259,2.755,62.610,26.296,0,1473536,813200,176096,5463036,3158.528,540.947,0,9360.382,0,767.343,5206,9488,3.190,2.140,1.170,1,1,6.011,0,0,11,38,0,9,0
23-02 11:20:52,4.508,2.505,62.115,28.553,0,1473420,813200,176116,5463132,6825.622,541.000,0,9237.081,0,636.176,4151,7432,3.190,2.140,1.170,1,1,3.006,0,0,11,38,0,9,0
23-02 11:20:53,5.500,2.750,63.746,26.248,0,1473532,812696,176120,5463512,5585.680,539.969,0,7439.574,0,624.964,4520,8018,3.090,2.130,1.180,3,0,8.999,0,0,11,38,0,9,0
23-02 11:20:54,6.490,2.995,61.401,26.208,0,1473740,812192,176128,5463796,7266.309,539.133,0,12967.137,0,899.553,5163,9278,3.090,2.130,1.180,1,3,5.990,0,0,11,38,0,8,0
23-02 11:20:55,8.987,2.496,60.910,25.712,0,1473152,812192,176144,5464356,7574.815,539.204,0,8942.795,0,692.977,4934,8763,3.090,2.130,1.180,3,1,11.982,0,0,11,38,0,8,0
23-02 11:20:56,8.757,3.753,60.045,25.019,0,1473112,811688,176160,5464836,7739.782,486.363,0,12289.180,0,974.728,6153,10936,3.090,2.130,1.180,2,1,19.014,0,0,11,38,0,8,0
23-02 11:20:57,7.260,2.503,57.826,30.791,0,1472748,811688,176176,5465172,5488.242,540.713,0,8262.903,0,614.811,4204,7363,3.090,2.130,1.180,1,1,6.008,0,0,11,38,0,8,0
23-02 11:20:58,8.497,3.249,57.729,26.990,0,1472420,811436,176200,5465712,4387.430,959.657,0,9944.441,0,819.707,5743,10073,2.930,2.120,1.180,1,2,11.996,0,0,11,38,0,8,0
23-02 11:20:59,5.005,2.502,62.311,27.277,0,1472608,810932,176240,5465972,4033.978,750.740,0,7595.490,0,604.596,4271,7643,2.930,2.120,1.180,2,1,9.009,0,0,11,38,0,8,0
23-02 11:21:00,4.741,2.745,59.381,29.691,0,1472336,810680,176276,5466452,6837.309,538.921,0,14698.568,0,994.010,5253,9768,2.930,2.120,1.180,3,0,8.982,0,0,11,38,0,8,0
23-02 11:21:01,5.003,2.752,64.035,24.263,0,1471664,810680,176324,5467060,5863.224,582.320,0,8224.522,0,710.391,5829,10614,2.930,2.120,1.180,2,2,15.008,0,0,11,38,0,8,0
23-02 11:21:02,5.752,4.001,56.267,32.010,0,1471764,810176,176364,5467416,7349.206,540.162,0,14056.219,0,946.284,4979,9146,2.930,2.120,1.180,3,1,3.001,0,0,11,38,0,7,0
23-02 11:21:03,6.505,2.502,66.549,21.766,0,1471100,810176,176396,5468028,5780.287,540.401,0,6765.017,0,687.510,5174,9379,2.850,2.110,1.180,1,2,6.004,0,0,11,38,0,7,0
23-02 11:21:04,4.999,3.499,57.488,31.244,0,1471324,809420,176420,5468504,8691.214,485.900,0,16700.568,0,1079.778,5327,9689,2.850,2.110,1.180,2,1,5.999,0,0,11,38,0,7,0
23-02 11:21:05,5.493,2.247,62.917,25.716,0,1470956,809168,176444,5469088,7518.092,539.289,0,6703.166,0,614.191,4771,8362,2.850,2.110,1.180,2,1,11.984,0,0,11,38,0,7,0
23-02 11:21:06,6.000,3.250,61.003,27.251,0.250,1470848,808664,176468,5469660,3581.150,540.023,0,12860.540,0,909.038,5245,9401,2.850,2.110,1.180,1,1,13.001,0,0,11,38,0,7,0
23-02 11:21:07,4.752,3.252,64.784,24.763,0,1470444,808664,176476,5470024,7666.008,540.282,0,8120.245,0,664.347,4757,8462,2.850,2.110,1.180,1,1,9.005,0,0,11,38,0,7,0
23-02 11:21:08,10.750,5.250,56.252,25.501,0,1488816,789692,176492,5470604,6683.291,540.024,0,11276.491,0,841.037,6300,15547,2.780,2.110,1.190,2,1,45.002,0,0,11,38,0,8,0
23-02 11:21:09,4.749,3.249,53.734,35.489,0,1488560,789764,176508,5470752,3870.851,539.840,0,14963.558,0,954.717,5567,10158,2.780,2.110,1.190,2,1,2.999,0,0,11,38,0,8,0
23-02 11:21:10,4.001,2.251,67.015,23.505,0,1485604,792116,176536,5471300,7355.684,540.124,0,6289.439,0,596.136,4663,8401,2.780,2.110,1.190,2,1,9.002,0,0,11,38,0,6,0
23-02 11:21:11,4.004,3.003,58.301,31.528,0,1483036,794432,176544,5471516,9218.138,486.429,0,14036.392,0,977.863,5139,9536,2.780,2.110,1.190,1,1,6.005,0,0,11,38,0,6,0
23-02 11:21:12,5.492,2.996,64.158,25.214,0,1480600,796492,176544,5471880,7043.897,539.227,0,8088.398,0,714.974,5197,9363,2.780,2.110,1.190,1,1,11.983,0,0,11,38,0,6,0
23-02 11:21:13,3.499,2.749,56.480,33.738,0,1478688,798112,176548,5472164,5133.214,539.812,0,12131.778,0,847.705,4571,8426,2.880,2.140,1.200,6,0,2.999,0,0,11,38,0,6,0
23-02 11:21:14,5.755,2.752,60.548,28.523,0,1476536,799556,176556,5472856,5304.243,582.466,0,8734.987,0,678.543,4791,8417,2.880,2.140,1.200,1,1,24.019,0,0,11,38,0,5,0
23-02 11:21:15,6.002,3.251,62.017,26.758,0,1474856,800672,176564,5473396,7975.241,582.164,0,9618.703,0,749.211,4840,8663,2.880,2.140,1.200,1,2,21.006,0,0,11,38,0,5,0
23-02 11:21:16,6.744,2.248,56.453,31.224,0,1473180,801760,176580,5473952,11113.653,539.546,0,10822.898,0,792.334,5105,9066,2.880,2.140,1.200,2,1,9.992,0,0,11,38,0,5,0
23-02 11:21:17,5.753,2.751,63.030,25.762,0,1472480,802000,176584,5474400,7765.656,540.254,0,9304.380,0,736.347,4944,8836,2.880,2.140,1.200,1,1,15.007,0,0,11,38,0,5,0
23-02 11:21:18,6.751,3.001,58.261,28.505,0,1472048,802000,176584,5474820,5775.093,486.092,0,11830.239,0,873.165,5588,9897,2.810,2.140,1.210,2,2,18.003,0,0,11,38,0,3,0
23-02 11:21:19,4.748,2.998,64.218,25.237,0,1471952,801496,176592,5475392,6964.487,539.728,0,10130.890,0,730.631,4611,8242,2.810,2.140,1.210,2,3,5.997,0,0,11,38,0,3,0
23-02 11:21:20,3.252,2.251,64.039,27.517,0,1471780,801496,176600,5475552,5954.596,540.326,0,9337.639,0,672.406,4088,7416,2.810,2.140,1.210,1,1,9.005,0,0,11,38,0,3,0
23-02 11:21:21,5.004,3.003,55.799,33.279,0,1471632,801496,176628,5475668,4441.893,540.474,0,13960.236,0,950.833,5152,9267,2.810,2.140,1.210,2,1,9.008,0,0,11,38,0,3,0
23-02 11:21:22,4.242,2.496,62.139,27.451,0,1470104,801496,176636,5477148,3803.236,539.041,0,8948.087,0,680.789,5469,10189,2.810,2.140,1.210,1,1,5.989,0,0,11,38,0,1,0
23-02 11:21:23,6.252,2.751,61.770,26.508,0,1470136,801244,176652,5477356,7531.410,540.173,0,8794.815,0,674.216,4700,8569,2.910,2.170,1.220,3,1,6.002,0,0,11,38,0,1,0
23-02 11:21:24,5.250,2.750,62.246,26.998,0,1469728,801244,176660,5477756,5755.673,539.969,0,9471.462,0,713.959,5922,10831,2.910,2.170,1.220,2,1,3.000,0,0,11,38,0,1,0
23-02 11:21:25,4.763,2.507,58.659,31.084,0,1469480,801244,176676,5477980,7980.640,541.468,0,8270.426,0,637.729,4284,7699,2.910,2.170,1.220,1,2,6.016,0,0,11,38,0,1,0
23-02 11:21:26,7.235,2.994,55.882,31.184,0,1469752,800488,176696,5478432,6293.660,484.972,0,15339.487,0,946.993,5003,8975,2.910,2.170,1.220,1,2,3.992,0,0,11,38,0,1,0
23-02 11:21:27,4.755,2.753,66.075,23.277,0,1471104,800236,176724,5477308,7834.926,540.616,0,7220.226,0,766.874,5158,9192,2.910,2.170,1.220,1,2,6.007,0,0,11,38,0,1,0
23-02 11:21:28,4.991,2.745,59.640,29.695,0,1472320,800236,176740,5476072,8004.267,580.931,0,9083.281,0,730.655,4912,8744,2.910,2.190,1.230,2,1,0,0,0,11,38,0,1,0
23-02 11:21:29,5.752,3.251,57.271,31.512,0,1473164,800236,176744,5475224,3564.301,540.197,0,14637.343,0,911.333,5412,9858,2.910,2.190,1.230,1,2,0,0,0,11,38,0,1,0
23-02 11:21:30,6.247,3.249,65.221,23.240,0,1474584,800812,176748,5473228,3324.542,539.763,0,5485.594,0,676.703,5576,10225,2.910,2.190,1.230,3,2,0,0,0,11,38,0,1,0
23-02 11:21:31,4.503,3.002,56.292,33.025,0,1475304,800812,176756,5472500,9783.299,540.403,0,12585.390,0,854.638,4879,8802,2.910,2.190,1.230,3,1,0,0,0,11,38,0,1,0
23-02 11:21:32,5.750,2.250,59.499,28.749,0,1474932,800812,176776,5472848,8504.851,539.991,0,10615.814,0,797.986,4864,8705,2.910,2.190,1.230,1,1,6.000,0,0,11,38,0,1,0
23-02 11:21:33,6.009,3.004,58.087,30.295,0,1473736,801664,176780,5473188,7935.821,580.865,0,11429.025,0,824.228,5107,9178,3.160,2.250,1.260,3,2,12.018,0,0,11,38,0,1,0
23-02 11:21:34,5.244,3.246,60.431,27.718,0,1473520,801664,176784,5473400,6288.791,539.382,0,15258.510,0,1044.802,5376,9800,3.160,2.250,1.260,1,2,8.990,0,0,11,38,0,1,0
23-02 11:21:35,6.246,3.248,61.963,26.235,0,1473320,801664,176792,5473592,7606.509,539.681,0,8387.048,0,693.590,5843,10426,3.160,2.250,1.260,1,1,11.993,0,0,11,38,0,1,0
23-02 11:21:36,13.550,11.291,56.206,18.066,0,1337572,937604,176792,5473396,5850.458,541.988,0,5484.114,0,374.373,4828,5277,3.160,2.250,1.260,2,0,210.773,0,0,11,32,0,2,0
23-02 11:21:37,11.979,25.205,57.647,3.743,0,1349852,924976,176800,5473740,5391.373,539.037,0,2100.250,0,116.791,7199,6608,3.160,2.250,1.260,4,0,712.727,0,0,11,36,0,4,0
23-02 11:21:38,66.596,8.730,24.194,0.998,0,1544344,729764,176828,5474420,8086.321,538.756,0,1931.538,0,147.659,4378,2752,3.150,2.260,1.270,3,2,22.947,0,0,11,32,0,8,0
23-02 11:21:39,50.246,5.000,33.997,10.249,0,1662080,609616,176920,5476596,5855.496,539.953,0,4619.602,0,220.981,3769,2262,3.150,2.260,1.270,6,0,0,0,0,11,32,0,8,0
23-02 11:21:40,50.751,5.750,25.751,16.250,0,1767096,500780,177056,5479808,5048.140,486.014,0,8600.239,0,333.009,4233,3505,3.150,2.260,1.270,2,1,6.000,0,0,11,38,0,8,0
23-02 11:21:41,8.747,2.749,53.234,32.490,0,1767068,499016,177072,5481544,10705.839,539.841,0,10248.974,0,642.810,5830,10064,3.150,2.260,1.270,1,4,26.992,0,0,11,38,0,8,0
23-02 11:21:42,12.000,3.750,51.250,31.000,0,1766552,498008,177076,5483028,8372.996,540.000,0,9627.995,0,704.000,6268,10667,3.150,2.260,1.270,8,0,36.000,0,0,11,38,0,8,0
23-02 11:21:43,9.006,3.252,48.531,37.524,0,1766900,496244,177080,5484400,7520.809,540.346,0,12548.024,0,779.498,5470,9869,3.620,2.370,1.310,2,1,21.013,0,0,11,38,0,8,0
23-02 11:21:44,8.487,3.744,47.925,35.944,0,1766036,495488,177088,5485968,5777.008,539.161,0,17592.618,0,1085.311,6160,11063,3.620,2.370,1.310,2,2,20.967,0,0,11,38,0,8,0
23-02 11:21:45,10.512,4.005,53.061,30.285,0,1765284,493976,177120,5488096,4062.700,540.625,0,11477.277,0,877.015,6424,11098,3.620,2.370,1.310,2,2,39.045,0,0,11,38,0,8,0
23-02 11:21:46,7.770,3.760,53.641,31.583,0,1765440,492968,177132,5488908,8460.180,541.419,0,12208.006,0,849.226,5749,10366,3.620,2.370,1.310,1,2,28.074,0,0,11,38,0,8,0
23-02 11:21:47,8.224,3.489,47.348,39.124,0,1764708,492212,177140,5490292,11627.552,538.266,0,15123.293,0,960.905,6000,10758,3.620,2.370,1.310,1,2,20.933,0,0,11,38,0,8,0
23-02 11:21:48,6.756,3.253,51.045,36.032,0,1764728,491204,177156,5491240,4356.832,486.428,0,14536.785,0,964.849,5316,9556,3.730,2.420,1.330,5,0,24.021,0,0,11,38,0,8,0
23-02 11:21:49,9.264,3.505,53.830,30.295,0,1764608,489944,177168,5492568,7408.055,540.807,0,15859.667,0,1059.581,8299,15190,3.730,2.420,1.330,2,1,27.040,0,0,11,38,0,8,0
23-02 11:21:50,6.994,2.997,51.953,35.718,0.250,1765088,488180,177180,5493804,7416.340,539.516,0,9803.197,0,679.390,4988,8769,3.730,2.420,1.330,2,0,20.981,0,0,11,38,0,8,0
23-02 11:21:51,7.256,3.753,45.787,40.532,0.250,1765228,486444,177196,5495288,7972.374,540.432,0,15060.041,0,1028.823,6160,11138,3.730,2.420,1.330,1,3,24.019,0,0,11,38,0,8,0
23-02 11:21:52,6.740,3.495,49.178,37.445,0,1765532,485184,177208,5496188,6474.560,539.214,0,12801.335,0,846.765,5726,10350,3.730,2.420,1.330,1,2,20.969,0,0,11,38,0,8,0
23-02 11:21:53,7.759,3.003,54.310,32.536,0,1765204,484680,177216,5496992,3640.017,540.597,0,12617.925,0,842.930,5789,10172,4.070,2.510,1.360,1,3,30.033,0,0,11,38,0,8,0
23-02 11:21:54,8.243,3.497,48.207,36.967,0,1765316,483420,177228,5498100,7988.892,539.520,0,13551.943,0,976.132,7455,13449,4.070,2.510,1.360,1,3,29.973,0,0,11,38,0,8,0
23-02 11:21:55,7.745,2.748,52.969,33.730,0,1765540,482160,177244,5499088,6344.284,485.715,0,9978.155,0,759.555,5528,9760,4.070,2.510,1.360,2,2,32.981,0,0,11,38,0,8,0
23-02 11:21:56,7.014,4.509,52.357,33.568,0,1766932,479640,177252,5500164,7577.434,541.102,0,17415.473,0,1320.690,6334,11153,4.070,2.510,1.360,1,4,22.045,0,0,11,38,0,8,0
23-02 11:21:57,6.237,3.243,49.895,38.170,0,1766132,479640,177260,5500936,6913.463,538.867,0,14788.903,0,936.032,5862,10790,4.070,2.510,1.360,1,2,11.975,0,0,11,38,0,8,0
23-02 11:21:58,5.251,2.500,49.008,39.756,0,1765620,479388,177264,5501680,7784.270,540.088,0,12506.041,0,821.134,5507,10130,3.900,2.500,1.370,1,2,12.002,0,0,11,38,0,8,0
23-02 11:21:59,6.503,3.251,48.272,39.768,0,1765292,478632,177264,5502732,8378.793,540.245,0,9564.329,0,692.313,4992,8704,3.900,2.500,1.370,1,1,15.007,0,0,11,38,0,8,0
23-02 11:22:00,7.000,3.000,50.503,36.002,0,1765344,477624,177268,5503640,4994.307,540.033,0,16036.987,0,1081.067,6078,11162,3.900,2.500,1.370,2,1,15.001,0,0,11,38,0,8,0
23-02 11:22:01,7.755,3.752,56.534,30.018,0,1765292,476616,177276,5504652,4335.608,582.350,0,11262.775,0,834.502,6485,11707,3.900,2.500,1.370,3,1,18.011,0,0,11,38,0,8,0
23-02 11:22:02,5.254,3.753,56.543,30.774,0,1765516,475860,177284,5505164,7272.575,486.373,0,15395.803,0,1080.829,5892,10826,3.900,2.500,1.370,4,2,24.018,0,0,11,38,0,8,0
23-02 11:22:03,24.687,6.733,34.163,33.165,0,1658212,582316,177292,5505972,7591.646,538.627,0,14395.302,0,858.811,6671,10080,3.990,2.540,1.390,3,2,80.794,0,0,11,36,0,8,0
23-02 11:22:04,29.318,5.012,33.828,29.819,0,1724944,514276,177296,5507244,7160.505,541.248,0,7565.439,0,580.338,6331,9462,3.990,2.540,1.390,2,2,31.072,0,0,11,36,0,8,0
23-02 11:22:05,27.071,7.018,36.095,29.828,0,1720260,518164,177300,5508012,5236.714,541.418,0,12428.549,0,854.237,6609,10041,3.990,2.540,1.390,1,1,83.218,0,0,11,36,0,8,0
23-02 11:22:06,6.241,1.997,55.923,32.206,0,1714952,522596,177312,5508852,7146.166,539.258,0,12754.449,0,828.859,4987,8719,3.990,2.540,1.390,1,2,30.957,0,0,11,36,0,8,0
23-02 11:22:07,5.757,3.003,50.559,38.044,0,1705984,530660,177320,5509728,6849.940,540.627,0,13471.615,0,833.967,5932,10688,3.990,2.540,1.390,1,3,21.024,0,0,11,36,0,8,0
23-02 11:22:08,6.720,2.986,56.494,31.109,0,1696700,538724,177332,5510904,6028.697,537.565,0,7685.196,0,578.381,5194,9155,3.750,2.520,1.380,2,1,28.869,0,0,11,36,0,8,0
23-02 11:22:09,10.006,4.753,48.778,34.020,0,1684592,549700,177348,5511968,4110.380,486.282,0,12507.241,0,860.498,6773,16001,3.750,2.520,1.380,1,2,49.028,0,0,11,36,0,9,0
23-02 11:22:10,5.754,2.752,52.538,36.526,0,1676496,555840,177356,5513868,10069.209,540.387,0,9318.671,0,620.444,4544,8027,3.750,2.520,1.380,2,1,15.011,0,0,11,36,0,9,0
23-02 11:22:11,5.511,2.755,51.851,36.571,0,1670536,560836,177364,5514800,6455.575,541.054,0,15393.987,0,998.946,5348,9725,3.750,2.520,1.380,1,2,12.023,0,0,11,36,0,8,0
23-02 11:22:12,4.988,2.993,48.134,41.151,0,1665456,564608,177376,5515996,6902.373,538.702,0,11344.673,0,725.253,4635,8164,3.750,2.520,1.380,1,2,8.978,0,0,11,36,0,8,0
23-02 11:22:13,4.500,2.750,53.996,36.247,0,1660384,568484,177384,5517156,5761.571,539.960,0,9151.319,0,598.955,4458,7856,3.530,2.490,1.380,2,2,11.999,0,0,11,36,0,8,0
23-02 11:22:14,6.250,2.750,52.746,34.998,0,1657448,570548,177400,5517972,7793.459,539.963,0,10695.258,0,686.952,4902,8590,3.530,2.490,1.380,1,1,20.999,0,0,11,36,0,8,0
23-02 11:22:15,7.249,2.500,58.246,28.998,0,1654348,572640,177404,5518948,5628.610,539.963,0,5687.606,0,565.961,5062,8751,3.530,2.490,1.380,1,1,26.998,0,0,11,36,0,8,0
23-02 11:22:16,13.022,3.756,51.837,29.299,0,1656700,569536,177404,5519652,4093.868,486.817,0,15405.846,0,1014.702,6597,11169,3.530,2.490,1.380,1,4,1.002,0,0,11,36,0,8,0
23-02 11:22:17,6.235,3.242,48.635,39.157,0,1655300,569840,177408,5520720,8930.812,538.722,0,13875.082,0,876.920,5154,9242,3.530,2.490,1.380,1,2,0,0,0,11,36,0,8,0
23-02 11:22:18,4.254,2.503,43.295,46.798,0,1653540,570152,177408,5522104,8997.256,540.556,0,11219.542,0,652.671,4233,7668,3.650,2.540,1.400,2,2,0,0,0,11,36,0,8,0
23-02 11:22:19,5.506,2.753,51.808,37.042,0,1651564,570524,177412,5523640,3561.996,540.606,0,9082.188,0,611.686,4506,8002,3.650,2.540,1.400,3,2,0,0,0,11,36,0,8,0
23-02 11:22:20,5.259,3.506,51.836,37.312,0,1649460,571200,177416,5525012,11137.502,540.899,0,13153.852,0,829.378,5584,10391,3.650,2.540,1.400,3,1,0,0,0,11,36,0,8,0
23-02 11:22:21,4.498,3.248,45.729,43.480,0.250,1647560,571632,177416,5526444,6715.857,539.747,0,15012.974,0,935.562,5604,10656,3.650,2.540,1.400,2,2,0,0,0,11,36,0,8,0
23-02 11:22:22,4.988,2.743,45.140,43.644,0,1646596,571440,177420,5527564,7719.254,538.692,0,13491.238,0,830.982,5013,8932,3.650,2.540,1.400,5,1,0,0,0,11,36,0,8,0
23-02 11:22:23,4.754,2.752,52.289,38.028,0,1645184,571260,177428,5529108,8422.217,540.399,0,7793.753,0,550.406,4060,7247,3.600,2.540,1.410,1,2,0,0,0,11,36,0,8,0
23-02 11:22:24,4.249,2.999,51.239,37.992,0,1645060,570112,177428,5530328,7859.314,485.896,0,12893.233,0,773.834,5086,9458,3.600,2.540,1.410,2,1,0,0,0,11,36,0,8,0
23-02 11:22:25,4.488,2.743,52.108,38.396,0,1644812,569104,177432,5531548,9734.529,538.536,0,10551.307,0,682.145,4177,7526,3.600,2.540,1.410,1,2,0,0,0,11,36,0,8,0
23-02 11:22:26,5.011,2.756,57.371,32.067,0,1644748,567592,177436,5533040,8256.375,541.139,0,9956.953,0,674.419,4743,8676,3.600,2.540,1.410,1,3,1.002,0,0,11,36,0,8,0
23-02 11:22:27,5.503,3.252,51.777,37.269,0,1645168,566332,177440,5533820,8246.309,540.282,0,12262.408,0,822.430,5195,9491,3.600,2.540,1.410,9,1,9.005,0,0,11,36,0,8,0
23-02 11:22:28,7.247,3.749,49.982,37.486,0,1646268,564820,177440,5534200,3743.638,539.804,0,14258.813,0,937.659,5755,10351,3.630,2.570,1.420,1,1,5.998,0,0,11,36,0,8,0
23-02 11:22:29,3.758,2.505,60.880,29.814,0,1646496,564064,177444,5534720,4900.458,583.245,0,8405.939,0,667.424,4492,7947,3.630,2.570,1.420,1,2,9.019,0,0,11,36,0,8,0
23-02 11:22:30,3.988,2.991,55.584,34.397,0,1646240,564064,177448,5534964,8036.016,538.393,0,11545.542,0,826.533,4809,8737,3.630,2.570,1.420,1,6,8.973,0,0,11,36,0,8,0
23-02 11:22:31,4.505,2.252,58.309,32.282,0,1646260,563812,177448,5535164,5201.228,486.489,0,8116.158,0,664.668,4470,7928,3.630,2.570,1.420,3,1,12.012,0,0,11,36,0,8,0
23-02 11:22:32,5.497,3.498,56.723,30.485,0,1646616,563308,177448,5535308,3927.129,539.743,0,18191.331,0,1143.455,5781,10649,3.630,2.570,1.420,1,2,11.994,0,0,11,36,0,8,0
23-02 11:22:33,7.008,3.254,55.560,31.784,0,1648316,561040,177448,5535860,7213.802,634.686,0,12986.045,0,897.971,5456,9574,3.420,2.540,1.420,1,1,12.013,0,0,11,36,0,8,0
23-02 11:22:34,9.239,2.747,56.433,29.216,0,1648880,559780,177448,5536544,8150.380,539.363,0,11034.975,0,792.065,4810,8425,3.420,2.540,1.420,1,2,5.993,0,0,11,36,0,8,0
23-02 11:22:35,8.003,2.501,56.519,30.260,0,1649084,559024,177448,5537080,8268.837,540.185,0,12048.133,0,864.297,5453,9797,3.420,2.540,1.420,1,1,15.005,0,0,11,36,0,8,0
23-02 11:22:36,5.004,2.252,57.298,31.777,0,1648928,558772,177448,5537476,6235.240,540.454,0,8371.034,0,578.486,6042,11004,3.420,2.540,1.420,1,1,16.013,0,0,11,36,0,7,0
23-02 11:22:37,7.243,3.746,50.699,36.213,0,1648592,558772,177448,5537800,9380.533,539.456,0,15116.743,0,1029.961,5881,10385,3.420,2.540,1.420,3,2,11.988,0,0,11,36,0,7,0
23-02 11:22:38,15.061,3.765,49.954,29.119,0,1497212,709704,177456,5538224,6802.739,487.990,0,13880.601,0,941.841,5881,10055,3.630,2.600,1.450,3,2,19.078,0,0,11,34,0,7,0
23-02 11:22:39,21.880,10.443,59.920,6.216,0,1383940,822948,177460,5538248,5271.990,537.045,0,3409.240,0,204.873,4218,4005,3.630,2.600,1.450,2,0,243.659,0,0,11,32,0,7,0
23-02 11:22:40,22.520,3.253,70.063,3.253,0,1456264,750624,177460,5538248,3816.423,540.485,0,1597.433,0,113.101,2005,1706,3.630,2.600,1.450,2,0,1.001,0,0,11,32,0,1,0
23-02 11:22:41,22.295,3.507,68.137,4.760,0,1432420,774460,177460,5538256,7542.149,541.087,0,2869.764,0,160.322,2608,2473,3.630,2.600,1.450,2,0,17.034,0,0,11,32,0,1,0
23-02 11:22:42,21.980,3.747,73.434,0,0,1501636,705200,177460,5538296,5217.325,539.517,0,0,0,0,1951,1369,3.630,2.600,1.450,2,0,12.988,0,0,11,32,0,1,0
23-02 11:22:43,23.006,3.001,73.019,0.250,0,1549264,657572,177460,5538296,8948.374,540.143,0,160.042,0,20.005,2008,1661,3.420,2.570,1.440,2,0,2.001,0,0,11,34,0,1,0
23-02 11:22:44,14.779,30.058,53.354,1.002,0,1483620,723192,177460,5538316,6559.759,541.052,0,621.208,0,40.078,7064,6765,3.420,2.570,1.440,2,0,963.875,0,0,11,32,0,1,0
23-02 11:22:45,8.009,25.027,63.318,2.753,0,1480300,726384,177460,5538428,6523.049,540.584,0,536.580,0,76.082,6794,5788,3.420,2.570,1.440,3,0,718.777,0,0,11,32,0,1,0
23-02 11:22:46,8.499,20.498,68.493,1.250,0,1446876,759764,177460,5538468,4815.535,485.953,0,107.990,0,6.999,5952,4606,3.420,2.570,1.440,2,0,429.958,0,0,11,32,0,1,0
23-02 11:22:47,9.003,21.508,68.276,0,0,1439648,766948,177460,5538508,2851.091,540.207,0,100.038,0,16.006,5987,4658,3.420,2.570,1.440,2,0,419.160,0,0,11,32,0,1,0
23-02 11:22:48,28.487,13.994,55.975,0,0,1441580,764964,177464,5538876,2813.745,539.759,0,3.998,0,1.000,6390,8727,3.380,2.580,1.450,4,0,255.886,0,0,11,33,0,1,0
23-02 11:22:49,44.080,7.222,48.812,0,0,1538232,668208,177468,5539088,7259.060,537.929,0,39.847,0,0.996,2676,1581,3.380,2.580,1.450,3,0,0,0,0,11,33,0,1,0
23-02 11:22:50,45.604,4.486,48.346,0.498,0,1599924,606180,177492,5539360,5364.883,538.283,103.669,677.837,0.997,31.898,3568,2865,3.380,2.580,1.450,3,0,18.940,0,0,11,49,0,1,0
23-02 11:22:51,34.229,8.054,50.086,7.299,0,1635316,566440,177544,5543256,9185.539,543.642,0,2943.721,0,266.787,6296,9732,3.380,2.580,1.450,2,0,144.971,0,0,11,48,0,2,0
23-02 11:22:52,15.911,17.652,63.397,2.238,0,1651876,549816,177548,5543620,8088.914,537.007,0,342.093,0,12.928,6695,7713,3.380,2.580,1.450,2,0,322.204,0,0,11,48,0,2,0
23-02 11:22:53,3.509,2.255,92.475,0.251,0,1652532,549116,177548,5543288,7234.581,541.315,0,120.292,0,14.034,1511,2248,3.110,2.540,1.450,1,0,28.068,0,0,11,48,0,2,0
23-02 11:22:54,0.749,0.998,98.059,0,0,1652532,549116,177548,5543288,5538.226,485.056,0,295.425,0,17.965,786,1115,3.110,2.540,1.450,1,0,2.994,0,0,11,48,0,2,0
23-02 11:22:55,0.501,0.501,97.895,0,0,1652532,549116,177548,5543288,4119.122,540.804,0,36.054,0,4.006,672,935,3.110,2.540,1.450,1,0,3.004,0,0,11,48,0,2,0
23-02 11:22:56,0.500,1.250,97.001,0.250,0,1652540,549116,177548,5543288,9207.052,540.003,0,464.003,0,84.000,920,1013,3.110,2.540,1.450,1,0,8.000,0,0,11,48,0,2,0
23-02 11:22:57,9.255,8.755,81.043,0,0,1602432,599232,177548,5543644,4997.655,540.287,0,0,0,0,3830,5049,3.110,2.540,1.450,2,0,200.106,0,0,11,48,0,2,0
23-02 11:22:58,15.045,13.289,70.710,0,0,1602668,598992,177548,5543292,3964.759,541.606,0,4.012,0,1.003,5373,6006,3.020,2.530,1.450,1,0,240.714,0,0,11,48,0,2,0
23-02 11:22:59,15.245,19.244,64.230,0,0,1664628,536812,177548,5543912,9047.216,777.761,0,7.998,0,1.999,6793,7340,3.020,2.530,1.450,3,0,395.878,0,0,12,48,0,2,0
23-02 11:23:00,12.712,10.220,74.779,0.997,0,1665572,535872,177548,5543480,5367.148,538.410,0,1076.820,0,111.670,4932,6287,3.020,2.530,1.450,1,0,225.334,0,0,12,64,0,2,0
23-02 11:23:01,8.244,11.991,78.192,0,0,1686968,514420,177548,5543876,7578.367,527.608,0,0,0,0,4391,4645,3.020,2.530,1.450,2,0,203.848,0,0,14,66,0,2,0
23-02 11:23:02,14.807,14.556,69.769,0,0,1671824,529492,177548,5543544,9362.133,542.092,0,44.170,0,6.023,5857,6401,3.020,2.530,1.450,3,0,299.155,0,0,14,66,0,3,0
23-02 11:23:03,10.005,19.760,69.785,0.250,0.250,1648756,552520,177548,5543584,4033.032,582.293,0,208.105,0,20.010,6058,4895,2.940,2.520,1.450,1,0,408.206,0,0,14,66,0,3,0
23-02 11:23:04,19.250,14.500,64.251,0.250,0,1653660,547596,177548,5543596,8160.092,582.007,0,464.005,0,32.000,7071,8923,2.940,2.520,1.450,2,0,264.003,0,0,14,66,0,3,0
23-02 11:23:05,29.762,24.260,45.269,0.250,0,1744160,457040,177556,5543640,9474.895,540.222,0,520.214,0,13.005,6933,6017,2.940,2.520,1.450,4,0,653.269,0,0,14,66,0,3,0
23-02 11:23:06,30.246,24.247,43.995,0,0,1857504,342000,177636,5545144,11742.541,539.933,19.998,43.995,2.000,7.999,7650,9246,2.940,2.520,1.450,3,0,651.919,0,0,14,70,0,5,0
23-02 11:23:07,36.462,20.339,42.167,0,0,1936232,263200,177636,5545616,4947.894,535.766,0,23.812,0,5.953,6500,8979,2.940,2.520,1.450,4,0,339.318,0,0,14,70,0,5,0
23-02 11:23:08,62.065,24.625,13.569,0,0,2075608,140876,172180,5534036,7221.665,542.756,0,40.204,0,10.051,5567,5413,2.940,2.530,1.460,3,0,539.740,0,0,14,70,0,5,0
23-02 11:23:09,64.784,20.761,13.507,1.001,0,2177024,164584,163688,5420280,8795.586,576.301,2401.252,600.313,91.047,22.011,6839,22417,2.940,2.530,1.460,5,0,345.180,0,0,14,70,0,5,0
23-02 11:23:10,64.794,24.266,4.753,5.003,0,2291416,187636,164836,5285744,4127.784,540.364,4471.016,3930.651,244.165,119.080,6374,7848,2.940,2.530,1.460,5,0,526.355,0,0,14,70,0,5,0
23-02 11:23:11,71.918,18.729,3.995,4.245,0,2478064,159592,164732,5130124,4970.327,539.384,555.366,3464.046,27.968,174.800,7004,9105,2.940,2.530,1.460,6,1,338.614,0,0,14,74,0,5,0
23-02 11:23:12,53.887,20.363,10.181,15.148,0,2593028,186648,164564,4991928,7271.051,536.389,3.973,9511.965,0.993,631.747,8703,11947,2.940,2.530,1.460,5,1,390.372,0,0,14,76,0,5,0
23-02 11:23:13,56.473,14.370,9.832,18.152,0,2686692,153912,164572,4932316,6777.793,544.563,1633.689,15723.755,58.490,300.518,8245,13392,3.110,2.570,1.480,4,2,209.758,0,0,14,79,0,5,0
23-02 11:23:14,54.572,7.974,24.919,12.958,0,2833284,148440,164616,4794132,7069.998,538.249,79.741,7934.186,6.977,430.599,7274,9715,3.110,2.570,1.480,6,0,7.974,0,0,14,79,0,7,0
23-02 11:23:15,65.533,19.082,13.056,1.004,0,2856508,191732,164632,4729104,6957.999,542.338,767.308,1598.894,44.191,80.346,10606,17401,3.110,2.570,1.480,2,0,441.905,0,0,14,95,0,14,0
23-02 11:23:16,23.114,21.126,50.950,3.231,0,2890184,156860,164632,4730800,9035.806,536.840,63.625,1165.141,1.988,64.620,7907,10957,3.110,2.570,1.480,2,0,447.366,0,0,14,93,0,15,0
23-02 11:23:17,34.518,12.507,41.022,11.506,0,2944760,167276,164644,4666868,8274.412,486.259,496.265,11686.231,16.009,552.294,5642,5073,3.110,2.570,1.480,4,0,195.104,0,0,14,94,0,15,0
23-02 11:23:18,38.348,7.770,45.868,7.018,0,3038944,138860,164660,4602264,4816.371,541.391,28.072,5409.895,4.010,289.744,4149,4209,3.020,2.560,1.480,2,0,65.167,0,0,14,97,0,15,0
23-02 11:23:19,8.518,20.042,67.391,3.006,0,3049804,128148,164660,4602264,3353.019,631.322,4.008,3274.856,1.002,176.369,6239,5522,3.020,2.560,1.480,2,0,394.827,0,0,14,97,0,15,0
23-02 11:23:20,8.255,19.512,70.044,1.001,0,3047124,130792,164660,4602300,7589.795,540.341,0,784.496,0,42.027,5889,4455,3.020,2.560,1.480,2,0,369.233,0,0,14,97,0,15,0
23-02 11:23:21,15.428,11.198,68.181,3.484,0,3091368,154100,164660,4536180,5981.987,537.483,254.807,2432.608,7.963,121.431,3759,3149,3.020,2.560,1.480,2,0,162.240,0,0,14,97,0,15,0
23-02 11:23:22,17.545,2.256,79.205,0.752,0,3112412,132944,164664,4536288,14669.904,6932.913,56.145,92.238,5.013,10.026,2013,1883,3.020,2.560,1.480,2,0,0,0,0,14,101,0,15,0
23-02 11:23:23,18.718,6.489,72.625,0.499,0,3124544,120628,164664,4536472,21409.149,16739.187,0,363.375,0,15.973,3025,2656,2.860,2.530,1.480,2,0,62.892,0,0,14,99,0,16,0
23-02 11:23:24,18.493,2.999,78.471,0,0,3155904,156044,164664,4471704,13781.883,6189.702,0,111.958,0,12.995,2119,2026,2.860,2.530,1.480,2,0,0,0,0,14,100,0,16,0
23-02 11:23:25,21.245,4.999,68.733,2.749,0,3146168,164792,164676,4472684,7098.214,1307.671,479.879,1003.747,11.997,90.977,4305,6711,2.860,2.530,1.480,4,1,3.999,0,0,14,110,0,16,0
23-02 11:23:26,20.491,3.998,65.722,8.746,0,3150344,160092,164684,4473168,4749.973,539.770,211.910,1943.171,10.995,205.912,4905,7169,2.860,2.530,1.480,2,0,3.998,0,0,14,113,0,17,0
23-02 11:23:27,21.607,8.040,67.084,2.261,0,3151072,159324,164684,4473208,8852.007,1691.409,0,1218.056,0,94.470,4390,4730,2.860,2.530,1.480,3,0,112.560,0,0,14,114,0,18,0
23-02 11:23:28,19.391,2.486,76.073,0.994,0,3156504,153884,164684,4473216,13088.563,6896.306,0,739.849,0,56.682,2210,2074,2.710,2.510,1.480,3,0,1.989,0,0,14,119,0,18,0
23-02 11:23:29,20.607,4.021,71.120,3.518,0,3153600,156112,164684,4473892,5267.411,2537.203,0,880.582,0,82.429,3749,6955,2.710,2.510,1.480,2,1,1.005,0,0,14,119,0,18,0
23-02 11:23:30,31.525,9.929,50.142,6.950,0,3165460,144220,164696,4473928,8091.205,1811.064,11.915,3471.205,0.993,401.135,5515,6136,2.710,2.510,1.480,6,0,96.312,0,0,14,120,0,19,0
23-02 11:23:31,39.775,6.797,51.103,2.014,0,3257872,182116,164696,4346720,12573.791,6296.462,0,696.810,0,39.271,2955,1895,2.710,2.510,1.480,3,0,4.028,0,0,14,121,0,19,0
23-02 11:23:32,20.632,5.717,70.596,2.237,0,3260116,179856,164696,4346736,24698.582,17265.144,0,1296.576,0,77.556,2712,2218,2.710,2.510,1.480,2,0,54.687,0,0,14,120,0,20,0
23-02 11:23:33,17.740,2.748,79.206,0,0,3295348,144616,164696,4346744,11037.845,6993.101,0,0,0,0,1672,1263,2.570,2.480,1.470,3,0,0,0,0,14,121,0,20,0
23-02 11:23:34,20.308,5.516,73.709,0,0,3303960,135988,164696,4346760,19821.297,16749.573,0,0,0,0,2378,1824,2.570,2.480,1.470,3,0,51.145,0,0,14,120,0,21,0
23-02 11:23:35,14.736,2.248,81.172,0.250,0,3256724,246676,164696,4284572,14296.300,7005.287,11.989,135.870,2.997,16.984,1841,1751,2.570,2.480,1.470,1,1,0,0,0,14,121,0,21,0
23-02 11:23:36,18.554,7.773,69.703,3.009,0,3197092,306212,164696,4284668,8667.216,1692.925,52.152,1083.151,4.012,117.341,3865,4216,2.570,2.480,1.470,3,0,83.242,0,0,14,120,0,22,0
23-02 11:23:37,17.959,2.245,77.575,1.497,0,3238148,265136,164696,4284688,9898.616,6238.892,0,618.601,0,42.903,1955,1866,2.570,2.480,1.470,2,0,0,0,0,14,121,0,22,0
23-02 11:23:38,19.505,6.002,72.518,1.750,0,3248696,254584,164696,4284692,25888.541,17368.388,0,3560.900,0,316.080,2864,2117,2.450,2.460,1.470,3,0,55.014,0,0,14,120,0,23,0
23-02 11:23:39,15.733,2.497,80.411,0,0,3272700,230556,164696,4284716,14290.260,7184.087,0,219.758,0,10.988,1698,1320,2.450,2.460,1.470,2,0,0,0,0,14,122,0,23,0
23-02 11:23:40,16.249,5.500,61.997,13.999,0,3273424,229396,164696,4285152,7368.601,485.974,179.990,4435.760,10.999,384.979,6496,10507,2.450,2.460,1.470,2,0,2.000,0,0,14,124,0,23,0
23-02 11:23:41,20.077,6.776,65.501,6.525,0,3305812,196956,164700,4285200,8056.902,1786.853,0,4790.373,0,290.113,4074,5106,2.450,2.460,1.470,2,0,53.204,0,0,14,123,0,25,0
23-02 11:23:42,18.190,2.243,77.742,1.495,0,3323916,178792,164700,4285260,11572.520,8711.035,11.960,434.555,2.990,26.911,1971,1667,2.450,2.460,1.470,2,0,0,0,0,14,124,0,25,0
23-02 11:23:43,20.006,4.001,72.273,2.001,0,3319228,183432,164700,4285308,8928.866,2546.817,0,1136.365,0,122.039,5043,7370,2.330,2.430,1.470,2,0,0,0,0,14,124,0,25,0
23-02 11:23:44,31.886,6.277,58.750,2.511,0,3235408,267032,164700,4285528,6664.393,1412.016,0,1715.308,0,122.522,8787,13593,2.330,2.430,1.470,1,0,49.210,0,0,14,125,0,26,0
23-02 11:23:45,21.161,4.481,71.700,1.245,0,3308388,194048,164700,4285532,8398.824,2495.548,0,629.364,0,45.808,2422,2343,2.330,2.430,1.470,1,0,22.904,0,0,14,126,0,26,0
23-02 11:23:46,14.489,2.248,77.442,4.746,0,3304876,197528,164704,4285560,13912.603,8189.880,0,1039.223,0,101.924,2900,3813,2.330,2.430,1.470,2,0,0.999,0,0,14,125,0,27,0
23-02 11:23:47,19.769,9.259,69.569,1.501,0,3303668,198708,164704,4285588,6875.777,486.479,16.016,676.667,1.001,44.043,3118,2793,2.330,2.430,1.470,2,0,147.145,0,0,14,125,0,27,0
23-02 11:23:48,14.732,1.498,80.899,0.999,0,3300012,202360,164704,4285592,16106.806,11716.310,0,1582.017,0,33.957,1936,1819,2.140,2.390,1.460,1,0,0,0,0,14,126,0,27,0
23-02 11:23:49,20.759,5.753,68.530,3.251,0,3298652,203660,164708,4285648,5569.469,837.371,4.002,2244.995,1.000,132.059,5304,7502,2.140,2.390,1.460,2,0,0,0,0,14,126,0,27,0
23-02 11:23:50,40.945,11.053,44.965,2.010,0,3279448,222536,164708,4285976,7027.550,2140.218,36.173,2053.805,3.014,200.959,15303,26104,2.140,2.390,1.460,6,0,129.619,0,0,14,127,0,28,0
23-02 11:23:51,29.107,8.210,52.244,7.712,0,3325396,176416,164780,4286044,8166.999,953.331,67.669,6261.332,4.976,397.055,5719,7899,2.140,2.390,1.460,2,1,160.215,0,0,14,127,0,28,0
23-02 11:23:52,16.318,4.770,78.325,0.251,0,3323212,178592,164780,4286052,13096.366,7908.831,0,763.168,0,43.179,2542,2225,2.140,2.390,1.460,4,0,63.263,0,0,14,127,0,29,0
23-02 11:23:53,9.476,19.700,68.825,0.249,0,3273780,227992,164780,4286100,7026.131,787.996,0,239.391,0,17.954,6022,4885,2.050,2.370,1.460,6,0,402.975,0,0,14,127,0,29,0
23-02 11:23:54,16.966,16.467,65.867,0,0,3240428,261332,164780,4286472,5646.556,538.908,0,263.466,0,18.962,6394,7909,2.050,2.370,1.460,2,0,302.387,0,0,14,127,0,28,0
23-02 11:23:55,29.901,22.363,47.239,0,0,3291340,210372,164780,4286164,9023.596,488.468,0,40.203,0,10.051,6526,5571,2.050,2.370,1.460,3,0,524.651,0,0,14,127,0,28,0
23-02 11:23:56,32.067,17.898,46.734,2.237,0,3338792,162396,164796,4287128,8653.699,536.941,75.569,481.258,4.972,33.807,6657,10364,2.050,2.370,1.460,2,0,373.870,0,0,14,133,0,28,0
23-02 11:23:57,51.195,22.837,24.845,0.753,0,3458984,165912,164796,4166336,3523.454,612.338,104.399,112.429,7.027,5.019,6612,8875,2.050,2.370,1.460,8,0,571.181,0,0,16,133,0,28,0
23-02 11:23:58,58.803,23.021,16.265,1.251,0,3600084,146004,164804,4048756,3872.477,540.485,56.050,720.647,6.005,49.044,7661,13213,3.090,2.580,1.530,4,0,415.373,0,0,16,151,0,28,0
23-02 11:23:59,46.760,20.254,30.257,1.750,0,3672948,169004,164600,3953752,8060.749,540.117,16.003,5165.121,4.001,584.127,9044,11653,3.090,2.580,1.530,2,0,482.105,0,0,16,155,0,28,0
23-02 11:24:00,25.755,22.504,48.509,2.500,0,3713960,169072,164604,3912988,6361.178,540.100,0,904.167,0,42.008,6910,6448,3.090,2.580,1.530,5,0,521.096,0,0,17,155,0,28,0
23-02 11:24:01,19.491,15.992,63.220,0,0,3745236,137768,164604,3913000,8648.940,629.704,7.996,691.675,1.999,83.961,7146,8818,3.090,2.580,1.530,5,0,270.873,0,0,17,155,0,28,0
23-02 11:24:02,30.776,22.769,45.038,0.500,0,3800408,135376,164604,3860600,4906.175,540.460,8.007,280.238,2.002,24.020,6914,6100,3.090,2.580,1.530,2,0,569.485,0,0,17,155,0,28,0
23-02 11:24:03,41.981,19.991,35.984,0.750,0,3907888,124400,164496,3765716,7353.734,485.784,147.934,935.584,5.997,70.968,8347,14245,3,2.570,1.530,3,0,333.852,0,0,17,167,0,28,0
23-02 11:24:04,30.000,26.000,43.250,0.750,0,3968820,170032,164496,3661656,7197.007,540.001,24.000,2776.003,3.000,32.000,7517,7045,3,2.570,1.530,3,0,756.001,0,0,17,167,0,28,0
23-02 11:24:05,21.493,22.743,47.735,6.248,0.250,4028020,144680,164496,3628720,3457.898,609.806,11.996,8241.374,2.999,512.837,9109,11273,3,2.570,1.530,3,0,530.831,0,0,17,173,0,28,0
23-02 11:24:06,19.775,16.021,62.831,0.501,0,4040996,131676,164496,3628740,8543.985,540.695,4.005,224.288,1.001,17.022,7117,9452,3,2.570,1.530,2,1,274.353,0,0,17,179,0,27,0
23-02 11:24:07,43.742,8.699,45.731,0.994,0,4174688,165964,164500,3464632,7596.250,536.837,3.977,338.009,0.994,12.924,3921,2768,3,2.570,1.530,4,0,88.479,0,0,17,179,0,27,0
23-02 11:24:08,45.503,6.788,44.748,2.011,0,4296736,135848,164504,3375200,5882.652,543.014,96.536,695.862,12.067,50.279,4051,3494,2.920,2.560,1.540,2,0,8.045,0,0,17,188,0,27,0
23-02 11:24:09,31.005,19.753,43.507,5.001,0,4245068,187140,164508,3375488,7323.128,540.083,320.049,488.075,15.002,46.007,6345,14623,2.920,2.560,1.540,3,1,499.077,0,0,17,199,0,29,0
23-02 11:24:10,34.001,22.501,36.251,6.000,0,4281572,148856,164512,3377684,11420.423,6187.229,268.010,6744.250,4.000,745.028,9978,12372,2.920,2.560,1.540,4,0,555.021,0,0,17,204,0,26,0
23-02 11:24:11,52.632,20.015,24.216,2.224,0,4339324,156036,164532,3313448,11560.213,3560.182,988.390,838.155,18.779,13.837,6973,7790,2.920,2.560,1.540,5,0,255.005,0,0,17,206,0,27,0
23-02 11:24:12,63.967,11.125,20.480,3.034,0,4452828,127704,164548,3231040,11769.976,7675.060,1254.062,671.530,26.295,7.079,4467,4125,2.920,2.560,1.540,2,0,21.238,0,0,17,211,0,27,0
23-02 11:24:13,53.299,11.457,19.178,15.691,0,4451652,202300,164632,3158632,10084.013,4453.225,5140.635,2323.248,326.769,143.460,6221,6882,3.170,2.620,1.560,6,0,33.872,0,0,17,222,0,29,0
23-02 11:24:14,45.158,18.063,32.112,3.512,0,4522032,154684,164644,3135972,10162.517,2514.789,983.437,923.227,14.049,46.161,7570,8322,3.170,2.620,1.560,3,1,396.385,0,0,17,222,0,33,0
23-02 11:24:15,35.826,19.406,39.558,4.727,0,4457104,218016,164648,3138024,18427.437,9464.997,67.671,1182.254,2.985,94.541,8619,12095,3.170,2.620,1.560,3,0,382.143,0,0,17,223,0,34,0
23-02 11:24:16,53.704,23.840,19.072,1.757,0,4593164,137316,164652,3084592,4168.798,784.975,461.750,8978.022,7.027,37.141,6533,7081,3.170,2.620,1.560,6,0,482.830,0,0,17,223,1,34,0
23-02 11:24:17,48.057,18.022,30.537,3.254,0,4628480,139888,164672,3047388,17849.338,11206.397,1013.211,748.895,45.054,45.054,7199,10208,3.170,2.620,1.560,5,0,340.407,0,0,17,225,0,35,0
23-02 11:24:18,61.298,25.770,11.009,1.251,0,4676528,161224,164672,2979360,11389.925,540.423,216.169,980.769,13.010,64.050,8247,12385,3.230,2.640,1.570,7,0,550.431,0,0,17,231,0,27,0
23-02 11:24:19,52.166,18.970,24.710,3.994,0,4719624,155936,164696,2942396,18744.925,10497.158,742.808,2535.931,37.939,50.918,10267,15960,3.230,2.640,1.570,8,0,284.543,0,0,17,240,0,29,0
23-02 11:24:20,64.173,17.163,16.416,0.995,0,4832216,141260,164704,2847208,9454.848,1465.536,15.919,780.027,2.985,46.762,6112,6204,3.230,2.640,1.570,4,0,187.047,0,0,17,239,0,30,0
23-02 11:24:21,53.604,9.563,31.458,6.040,0,4914720,179668,164712,2728392,19092.074,16405.332,841.557,1079.126,60.399,40.266,4946,5214,3.230,2.640,1.570,3,0,26.173,0,0,17,246,0,31,0
23-02 11:24:22,59.235,12.693,24.640,2.738,0,4942272,146372,164736,2734100,13521.469,4569.544,2078.694,915.900,55.750,77.652,10310,18705,3.230,2.640,1.570,4,0,21.902,0,0,17,249,0,36,1
23-02 11:24:23,44.678,23.343,27.610,3.012,0,4922220,162708,165000,2737528,19534.858,11680.554,4060.182,1633.511,61.244,65.260,8060,8595,3.140,2.630,1.580,4,0,539.149,0,0,17,249,0,38,0
23-02 11:24:24,55.854,22.940,19.698,0.748,0,4918524,166020,165000,2738156,8918.635,604.417,1101.115,630.349,11.969,44.882,7248,9389,3.140,2.630,1.580,3,0,422.892,0,0,17,249,0,38,0
23-02 11:24:25,64.850,14.522,17.527,2.504,0,5004504,167776,164604,2652336,17934.597,10406.013,1261.942,1097.689,50.077,47.072,6853,7947,3.140,2.630,1.580,6,0,166.256,0,0,18,253,0,38,0
23-02 11:24:26,67.905,12.391,7.683,11.400,0,5087840,144148,164604,2593292,12365.662,1568.260,3449.776,705.816,179.428,41.635,5513,4330,3.140,2.630,1.580,6,0,18.835,0,0,18,252,0,39,0
23-02 11:24:27,76.234,8.835,10.602,4.039,0,5149604,151140,164636,2526628,15238.731,8365.550,1401.495,1377.261,48.467,76.739,5926,6610,3.140,2.630,1.580,3,0,25.243,0,0,18,254,0,39,0
23-02 11:24:28,44.278,14.009,34.522,6.004,0,5171296,154848,164640,2501852,8117.112,4678.947,1016.640,4134.604,21.013,271.171,6810,8339,3.120,2.630,1.580,3,0,215.135,0,0,18,262,0,40,0
23-02 11:24:29,41.812,8.213,44.549,3.982,0,5200684,158020,164648,2469976,25265.228,11765.021,915.876,1118.961,30.861,103.534,5741,7734,3.120,2.630,1.580,4,1,9.955,0,0,18,272,0,40,1
23-02 11:24:30,38.650,14.306,43.168,2.761,0,5161008,179604,164652,2488092,16613276.590,143124.833,3059.883,939.649,33.129,91.355,10516,8038,3.120,2.630,1.580,4,0,211.823,0,0,18,268,0,41,0
23-02 11:24:31,36.499,6.250,48.749,7.000,0,5213352,147648,164652,2468448,14923.616,8723.775,16.000,5395.861,1.000,327.992,3781,2957,3.120,2.630,1.580,4,0,58.998,0,0,18,269,0,39,0
23-02 11:24:32,30.980,5.497,55.215,7.995,0,5233864,127120,164652,2468484,18517.236,12304.183,0,2458.438,0,279.822,4782,5347,3.120,2.630,1.580,4,0,7.995,0,0,18,280,0,43,0
23-02 11:24:33,25.977,3.747,64.443,3.996,0,5242212,151116,164652,2437004,297299.390,12171231.988,483.571,683.394,28.974,57.949,5341,4939,2.950,2.610,1.580,1,0,0.999,0,0,18,279,0,44,0
23-02 11:24:34,8.455,3.482,82.316,3.233,0,5158920,234392,164652,2437020,134635.021,4198152.626,3.979,3004.158,0.995,62.670,3245,3501,2.950,2.610,1.580,1,0,36.806,0,0,18,278,0,45,0
23-02 11:24:35,1.754,0.501,95.694,0.752,0,5158904,234392,164652,2437036,7356.944,486.989,0,384.782,0,24.049,1268,1810,2.950,2.610,1.580,1,0,0,0,0,18,278,0,43,0
23-02 11:24:36,10.499,2.000,81.244,5.000,0,5166580,226696,164656,2437052,6587712.964,28937.948,35.997,10819.233,2.000,48.997,4882,5167,2.950,2.610,1.580,2,1,1.000,0,0,18,282,0,43,0
23-02 11:24:37,17.089,9.299,55.792,15.582,0,5067808,308976,164664,2453488,9982944.451,96909.454,144.758,11327.314,9.047,923.838,10460,9411,2.950,2.610,1.580,3,0,168.884,0,0,18,280,0,47,0
23-02 11:24:38,14.891,12.906,70.486,0.496,0,5124636,252108,164664,2453528,8166.436,536.090,11.913,397.104,0.993,20.848,4569,4307,2.800,2.580,1.580,2,0,296.835,0,0,18,282,0,47,0
23-02 11:24:39,16.800,11.284,69.206,1.504,0,5154732,222036,164672,2453524,5735.061,541.611,4.012,1002.984,1.003,69.206,4271,3652,2.800,2.580,1.580,3,0,174.519,0,0,18,282,0,45,0
23-02 11:24:40,8.283,20.583,69.278,1.004,0,5152656,224028,164672,2453608,6947.929,542.179,4.016,10903.831,1.004,68.274,6569,5804,2.800,2.580,1.580,2,0,425.711,0,0,18,282,0,45,0
23-02 11:24:41,2.237,3.231,92.963,0,0,5148632,228032,164672,2453628,5287.485,536.901,15.908,5695.132,0.994,11.931,1806,2135,2.800,2.580,1.580,1,0,70.593,0,0,18,282,0,45,0
23-02 11:24:42,20.270,4.004,74.325,0.250,0,5158864,217756,164672,2453672,6997.041,540.544,0,4868.899,0,62.062,2344,1975,2.800,2.580,1.580,2,0,9.009,0,0,18,282,0,45,0
23-02 11:24:43,16.289,4.010,77.686,0.251,0,5142360,234256,164672,2453676,14354.367,9442.607,32.077,4.010,2.005,1.002,3086,3148,2.650,2.550,1.570,3,0,46.110,0,0,18,286,0,44,0
23-02 11:24:44,12.536,16.548,70.203,0.501,0,5140748,235548,164676,2453976,4387.717,541.570,16.047,276.802,4.012,21.061,5546,4586,2.650,2.550,1.570,3,0,237.689,0,0,18,286,0,44,0
23-02 11:24:45,12.441,15.675,70.165,0.249,0,5133188,242732,164676,2454336,6679.096,537.433,0,421.984,0,31.848,5881,5013,2.650,2.550,1.570,4,0,228.907,0,0,18,286,0,44,0
23-02 11:24:46,20.478,6.243,71.422,0,0,5156328,219540,164676,2454372,8798.447,539.414,3.996,0,0.999,0,3233,2788,2.650,2.550,1.570,2,0,91.900,0,0,18,286,0,44,0
23-02 11:24:47,23.937,3.491,65.077,6.233,0,5224528,151024,164676,2454688,9863.838,538.572,339.101,12750.183,7.979,78.791,2998,2852,2.650,2.550,1.570,2,0,3.989,0,0,18,292,0,42,0
23-02 11:24:48,24.300,3.507,70.897,1.253,0,5204700,170712,164680,2454824,13075.127,541.123,120.249,525.089,10.021,41.085,2978,2923,2.520,2.530,1.570,2,0,7.015,0,0,18,290,0,42,0
23-02 11:24:49,23.022,4.254,71.818,0,0,5253876,153944,164680,2423888,7324.954,540.513,4.004,216.205,1.001,18.017,2385,2168,2.520,2.530,1.570,3,0,1.001,0,0,18,290,0,42,0
23-02 11:24:50,19.955,1.746,76.078,0.499,0,5266508,141304,164680,2423896,14745.706,7672.676,3.991,514.838,0.998,37.914,2772,2799,2.520,2.530,1.570,2,0,3.991,0,0,18,292,0,43,0
23-02 11:24:51,21.918,5.039,72.303,0,0,5224388,183420,164680,2423900,7490.323,489.748,0,0,0,0,2326,1825,2.520,2.530,1.570,2,0,15.116,0,0,18,292,0,42,0
23-02 11:24:52,17.917,8.461,71.668,0.747,0,5134856,272740,164680,2424176,3480.877,537.510,390.193,179.170,4.977,5.972,3481,2876,2.520,2.530,1.570,2,0,135.373,0,0,18,292,0,42,0
23-02 11:24:53,11.002,18.253,69.012,1.250,0,5142608,264816,164684,2424348,6678.174,540.095,56.010,408.072,5.001,26.005,5884,4958,2.400,2.500,1.570,3,0,379.067,0,0,18,292,0,42,0
23-02 11:24:54,21.222,5.243,71.654,0.499,0,5199064,208188,164852,2424352,8895.058,539.276,135.818,135.818,4.993,5.992,2908,2448,2.400,2.500,1.570,4,0,100.865,0,0,18,292,0,42,0
23-02 11:24:55,19.224,2.746,75.397,1.997,0,5196128,204852,165480,2429900,9719.678,2886.044,127.825,738.987,3.995,14.979,2091,1857,2.400,2.500,1.570,2,0,0.999,0,0,18,292,0,41,0
23-02 11:24:56,20.032,2.754,75.872,0.250,0,5210880,188856,165496,2431112,13939.352,3486.591,0,420.675,0,6.010,2350,2050,2.400,2.500,1.570,3,0,25.040,0,0,18,293,0,41,0
23-02 11:24:57,22.677,5.482,67.533,2.243,0,5213148,181592,166016,2435444,5394.635,711.709,0,1251.970,0,39.872,10935,20087,2.400,2.500,1.570,2,0,13.955,0,0,18,292,0,41,0
23-02 11:24:58,19.300,3.760,73.189,2.005,0,5202200,191928,166064,2436000,15727.632,3435.877,196.508,481.243,11.028,11.028,11051,19968,2.290,2.480,1.560,2,0,6.016,0,0,18,293,0,41,0
23-02 11:24:59,20.518,5.255,71.813,2.252,0,5193608,199276,166160,2437132,7998.978,610.533,4.003,708.618,1.001,18.016,2609,2322,2.290,2.480,1.560,2,0,16.014,0,0,18,293,0,41,0
23-02 11:25:00,14.576,13.822,64.585,5.277,0,5163564,240348,166192,2426208,4174.644,759.940,0,3996.721,0,203.053,5366,5644,2.290,2.480,1.560,2,0,270.402,0,0,18,294,0,41,0
23-02 11:25:01,24.303,2.480,71.668,0,0,5217320,186420,166192,2426380,7412.838,535.653,0,0,0,0,2271,1870,2.290,2.480,1.560,2,0,2.976,0,0,18,294,0,41,0
23-02 11:25:02,15.629,4.033,79.154,0.504,0,5182828,220852,166192,2426440,15855.911,10896.968,32.266,80.666,2.017,4.033,2630,2518,2.290,2.480,1.560,3,0,46.383,0,0,18,294,0,44,0
23-02 11:25:03,21.141,6.218,71.383,0,0,5239752,163920,166192,2426448,8675.405,537.238,0,238.773,0,48.749,2877,2441,2.180,2.450,1.560,2,0,69.642,0,0,18,294,0,44,0
23-02 11:25:04,16.756,5.002,77.278,0,0,5216868,186792,166192,2426460,17571.279,9167.276,0,0,0,0,2914,2563,2.180,2.450,1.560,2,0,70.025,0,0,18,294,0,45,0
23-02 11:25:05,19.198,3.740,76.043,0,0,5262704,140952,166192,2426464,9101.216,2851.236,0,3.989,0,0.997,2069,1821,2.180,2.450,1.560,1,0,0,0,0,18,295,0,45,0
23-02 11:25:06,18.632,6.043,74.276,0.755,0,5173216,230392,166192,2426512,19080.171,11315.161,32.228,44.314,2.014,2.014,3052,2723,2.180,2.450,1.560,4,0,59.421,0,0,18,294,0,46,0
23-02 11:25:07,19.383,2.734,74.551,1.988,0,5223280,180272,166192,2426568,12659.707,6215.542,47.712,345.915,1.988,20.874,2408,2502,2.180,2.450,1.560,2,0,0,0,0,18,295,0,46,0
23-02 11:25:08,20.543,5.010,69.895,3.006,0,5215588,187916,166192,2426616,8390.388,5058.483,28.058,2910.031,2.004,372.773,2911,2539,2.090,2.430,1.560,4,0,32.066,0,0,18,294,0,49,0
23-02 11:25:09,28.369,9.791,60.001,1.255,0.251,5228600,174584,166204,2426844,13192.256,6589.601,76.320,36.151,8.034,4.017,5697,15816,2.090,2.430,1.560,5,0,224.942,0,0,18,295,0,50,0
23-02 11:25:10,15.754,8.752,70.517,4.001,0,5171396,231720,166208,2426920,13493.261,5416.309,76.018,756.183,6.001,56.014,4717,5205,2.090,2.430,1.560,3,0,192.046,0,0,18,294,0,51,0
23-02 11:25:11,20.823,2.975,73.375,1.239,0,5201616,201492,166208,2426928,13398.827,6200.168,0,345.060,0,28.755,2656,2587,2.090,2.430,1.560,3,0,0,0,0,18,295,0,51,0
23-02 11:25:12,21.305,4.762,72.185,1.003,0,5211988,190984,166208,2427064,10552.053,5060.975,0,256.658,0,13.033,2704,2396,2.090,2.430,1.560,7,0,32.082,0,0,18,294,0,51,0
23-02 11:25:13,18.741,2.499,76.963,0,0,5211980,190984,166208,2427072,13127.679,6249.990,0,387.813,0,10.995,2168,1924,2,2.400,1.550,2,0,0,0,0,18,295,0,51,0
23-02 11:25:14,11.070,7.045,79.252,1.510,0,5166992,235940,166208,2427104,13696.817,5708.181,0,712.516,0,61.389,4014,4458,2,2.400,1.550,1,3,176.116,0,0,18,294,0,52,0
23-02 11:25:15,3.468,1.982,86.708,6.441,0,5166936,234748,166784,2427776,9065.169,3419.753,1113.823,380.523,248.727,29.728,2154,3005,2,2.400,1.550,1,0,6.937,0,0,18,296,0,52,0
23-02 11:25:16,5.265,7.271,85.500,0,0,5158528,243080,166812,2427824,19998.485,3857.281,0,144.422,0,14.041,3109,2952,2,2.400,1.550,2,0,126.370,0,0,18,296,0,46,0
23-02 11:25:17,6.541,10.818,77.993,3.271,0,5153844,247652,166816,2427932,9618.740,1548.780,52.330,821.186,4.025,46.292,4259,4146,2,2.400,1.550,3,0,209.322,0,0,18,294,0,47,0
23-02 11:25:18,16.139,2.731,71.010,8.690,0,5153524,240100,166912,2435660,8198.410,536.298,1048.761,1501.635,120.171,109.246,2404,2330,1.920,2.380,1.550,2,0,5.959,0,0,18,294,0,47,0
23-02 11:25:19,19.313,2.508,75.998,1.254,0,5169844,219688,166912,2439632,14024.759,2620.550,64.209,1203.928,3.010,7.023,2330,2127,1.920,2.380,1.550,5,0,16.052,0,0,18,295,0,47,0
23-02 11:25:20,16.429,3.485,75.174,3.485,0,5159748,225124,166912,2444272,11185.477,2944.228,800.527,1712.571,6.970,66.711,2735,2858,1.920,2.380,1.550,1,1,16.927,0,0,18,294,0,41,0
23-02 11:25:21,10.771,12.775,70.388,5.511,0,5151976,230656,166912,2446464,7275.287,486.956,965.897,2180.282,16.031,76.150,4990,4850,1.920,2.380,1.550,2,0,288.567,0,0,18,294,0,41,0
23-02 11:25:22,19.938,2.991,76.262,0.249,0,5198308,184320,166912,2446468,14185.811,6233.582,0,119.627,0,6.978,2159,1922,1.920,2.380,1.550,2,0,0,0,0,18,295,0,41,0
23-02 11:25:23,20.917,4.536,73.841,0,0,5216488,166120,166912,2446488,22393.196,17504.072,0,177.420,0,6.048,2699,2456,1.850,2.360,1.550,3,0,47.379,0,0,18,294,0,43,0
23-02 11:25:24,19.169,2.738,72.943,3.485,0,5236348,146248,166912,2446500,16035.592,6878.087,0,1935.862,0,327.623,2476,2120,1.850,2.360,1.550,1,0,0,0,0,18,295,0,35,0
23-02 11:25:25,18.197,4.238,73.038,2.991,0,5206904,175172,166912,2447020,12103.825,3084.038,510.516,0,30.910,0,2593,2440,1.850,2.360,1.550,2,0,13.959,0,0,18,294,0,37,0
23-02 11:25:26,18.754,1.750,78.267,0,0,5218080,163988,166912,2447028,12206.669,6814.490,0,0,0,0,2037,1955,1.850,2.360,1.550,1,0,1.000,0,0,18,295,0,37,0
23-02 11:25:27,19.036,3.006,65.876,11.021,0,5212332,167608,166912,2449156,11309.574,2060.931,2051.914,1659.165,84.161,201.384,5288,8295,1.850,2.360,1.550,2,0,1.002,0,0,18,296,0,38,0
23-02 11:25:28,21.761,4.502,72.538,0.750,0,5213052,166888,166912,2449156,10914.655,2001.037,0,456.236,0,28.015,2410,2163,1.780,2.330,1.540,1,0,5.003,0,0,18,297,0,34,0
23-02 11:25:29,15.832,2.513,78.153,1.759,0,5211144,168580,166912,2449372,17609.906,8669.755,48.249,828.276,2.010,80.415,3474,4491,1.780,2.330,1.540,3,1,1.005,0,0,18,297,0,34,0
23-02 11:25:30,14.476,14.476,64.892,4.992,0,5144452,235164,166916,2449476,7630.323,1763.071,79.867,1369.724,4.992,139.768,6810,8097,1.780,2.330,1.540,3,0,359.403,0,0,18,296,0,35,0
23-02 11:25:31,8.010,23.028,66.331,0.751,0,5152664,226916,166916,2449512,2989.652,540.661,0,608.744,0,48.059,7285,6963,1.780,2.330,1.540,1,0,721.882,0,0,18,296,0,35,0
23-02 11:25:32,8.499,22.497,63.992,3.750,0,5142912,236628,166916,2449552,7776.088,539.937,0,3039.643,0,182.979,7517,7490,1.780,2.330,1.540,3,0,686.919,0,0,18,296,0,32,0
23-02 11:25:33,9.253,22.006,67.518,0.500,0,5133676,245828,166920,2449584,5247.433,634.173,0,2084.569,0,41.011,7239,6708,1.640,2.300,1.530,1,0,663.181,0,0,18,296,0,32,0
23-02 11:25:34,8.487,22.215,67.644,0.250,0,5144804,234652,166920,2449632,4600.817,539.158,0,159.751,0,18.970,7084,6581,1.640,2.300,1.530,2,0,636.007,0,0,18,296,0,32,0
23-02 11:25:35,8.764,21.534,67.858,0,0,5135868,243548,166920,2449672,9553.158,540.858,0,48.076,0,12.019,7136,6495,1.640,2.300,1.530,2,0,652.035,0,0,18,296,0,32,0
23-02 11:25:36,16.943,10.216,68.271,3.987,0,5115356,363368,167028,2360804,7656.302,538.194,3.987,3193.282,0.997,25.913,3730,3598,1.640,2.300,1.530,2,0,121.592,0,0,18,296,0,28,0
23-02 11:25:37,23.431,2.991,70.791,1.496,0,5148964,325368,167296,2364920,8177.847,484.569,15.953,757.762,2.991,2.991,2485,2267,1.640,2.300,1.530,3,0,15.953,0,0,18,296,0,28,0
23-02 11:25:38,13.741,1.249,80.196,3.498,0,5160592,312796,167380,2365776,20097.568,8030.633,547.634,1007.327,24.983,24.983,1868,1871,1.580,2.270,1.530,1,0,0,0,0,18,297,0,28,0
23-02 11:25:39,11.759,0.751,80.060,5.254,0,5161284,311032,167508,2366712,21578.260,11738.846,576.434,1765.330,49.037,61.046,2104,2431,1.580,2.270,1.530,3,0,0,0,0,18,297,0,28,0
23-02 11:25:40,16.518,1.502,73.579,7.258,0,5192060,279056,167596,2367816,18281.647,7585.152,872.938,2955.176,43.046,317.341,2535,2623,1.580,2.270,1.530,3,0,0,0,0,18,297,0,24,0
23-02 11:25:41,14.752,1.250,80.260,2.500,0.250,5190120,279900,167712,2368784,21106.736,11575.501,732.095,1276.165,61.008,41.005,1939,1971,1.580,2.270,1.530,1,0,0,0,0,18,297,0,24,0
23-02 11:25:42,16.506,1.250,77.529,3.501,0,5203964,264684,167820,2370040,23531.772,10041.743,932.348,1224.456,58.022,43.016,2106,2109,1.580,2.270,1.530,2,0,0,0,0,18,297,0,24,0
23-02 11:25:43,14.213,1.995,67.326,14.961,0,5204888,232680,167920,2401016,11094.353,3049.127,14259.180,3646.584,163.578,161.583,2569,3010,1.620,2.270,1.530,3,0,0.997,0,0,18,297,0,24,0
23-02 11:25:44,21.545,3.006,70.899,3.758,0,5223300,200940,168760,2413252,8899.735,487.025,0,1591.350,0,50.105,2502,2341,1.620,2.270,1.530,1,2,1.002,0,0,18,297,0,23,0
23-02 11:25:45,21.985,2.248,67.204,6.995,0,5212148,196680,169124,2428060,6696.402,539.630,0,1395.042,0,67.953,2798,3105,1.620,2.270,1.530,1,1,0.999,0,0,18,297,0,23,0
23-02 11:25:46,20.268,2.752,71.563,3.753,0,5238016,148800,169768,2449252,3466.065,540.478,0,2338.067,0,101.089,2576,2666,1.620,2.270,1.530,4,0,1.001,0,0,18,297,0,23,0
23-02 11:25:47,21.744,2.749,71.979,2.749,0,5229224,140508,170660,2465160,3228.045,539.840,0,2219.343,0,89.973,2544,2569,1.620,2.270,1.530,3,0,0,0,0,18,297,0,23,0
23-02 11:25:48,19.319,2.258,71.004,6.272,0,5219312,149416,171436,2465756,7173.633,541.936,0,2974.629,0,212.760,2450,2320,1.570,2.250,1.530,3,1,0,0,0,18,297,0,23,0
23-02 11:25:49,6.955,2.484,67.316,21.611,0,5217236,148688,171688,2468404,18105.324,536.542,19.872,19363.217,1.987,159.969,2344,2740,1.570,2.250,1.530,2,0,0,0,0,18,297,0,23,0
23-02 11:25:50,24.835,5.770,67.480,1.003,0,5215224,167320,171728,2451788,7776.486,716.440,48.164,1790.097,2.007,178.608,3586,3458,1.570,2.250,1.530,2,0,106.362,0,0,18,296,0,23,0
23-02 11:25:51,18.201,2.743,76.542,1.247,0,5218596,158432,171908,2457028,11650.368,2812.364,0,977.346,0,9.973,2122,1880,1.570,2.250,1.530,2,0,16.954,0,0,18,296,0,23,0
23-02 11:25:52,19.006,2.501,75.274,2.001,0,5219620,156792,171940,2457508,14654.598,3420.073,0,484.152,0,10.003,2353,2151,1.570,2.250,1.530,2,0,18.006,0,0,18,297,0,23,0
23-02 11:25:53,23.284,6.259,69.602,0.250,0,5208148,161512,172244,2463016,5915.653,715.046,0,857.254,0,14.021,11079,19919,1.600,2.240,1.530,2,0,14.021,0,0,18,296,0,22,0
23-02 11:25:54,22.745,5.499,69.235,0,0,5202732,166624,172324,2463188,5769.790,539.887,0,83.982,0,1.000,10665,19318,1.600,2.240,1.530,3,0,19.996,0,0,18,296,0,22,0
23-02 11:25:55,23.077,4.264,67.976,4.013,0,5119452,262136,172324,2451888,5796.252,583.939,0,5546.422,0,46.153,3060,3004,1.600,2.240,1.530,2,0,49.163,0,0,18,296,0,22,0
23-02 11:25:56,24.250,6.000,68.499,0,0,5149664,231900,172324,2451912,7413.891,539.992,0,0,0,0,10673,19166,1.600,2.240,1.530,3,0,33.000,0,0,18,296,0,22,0
23-02 11:25:57,19.429,2.740,75.972,0.249,0,5174716,201972,172440,2456672,13858.284,2809.718,0,924.616,0,9.964,2154,1900,1.600,2.240,1.530,3,0,16.938,0,0,18,296,0,22,0
23-02 11:25:58,18.509,3.252,76.787,0.500,0,5174128,201496,172440,2457640,13582.612,3342.627,0,428.208,0,6.003,2263,2117,1.470,2.210,1.530,2,0,18.009,0,0,18,297,0,22,0
23-02 11:25:59,22.804,4.511,67.158,3.508,0,5175420,193808,172616,2462996,4999.791,781.844,32.076,1006.373,1.002,17.040,10667,19471,1.470,2.210,1.530,2,2,15.035,0,0,18,296,0,22,0
23-02 11:26:00,23.050,7.266,65.892,2.505,0,5175200,193556,172640,2463380,8843.002,557.197,16.034,1318.834,1.002,79.170,12127,21630,1.470,2.210,1.530,3,0,21.045,0,0,18,296,0,22,0
23-02 11:26:01,22.151,4.231,72.178,0.747,0,5157324,223832,172644,2451984,7856.948,537.602,0,342.472,0,15.929,2352,1941,1.470,2.210,1.530,3,0,5.973,0,0,18,296,0,22,0
23-02 11:26:02,22.279,5.257,71.844,0,0,5166772,214424,172644,2452008,4049.316,540.710,0,12.016,0,3.004,3281,2923,1.470,2.210,1.530,2,0,109.143,0,0,18,296,0,22,0
23-02 11:26:03,22.709,3.743,69.624,2.246,0,5188876,182424,172644,2461712,7720.972,539.021,0,1672.960,0,40.926,2694,2592,1.440,2.190,1.520,4,0,3.993,0,0,18,296,0,22,0
23-02 11:26:04,16.002,2.250,79.760,1.250,0,5198756,171292,172644,2462660,17115.134,6425.801,0,1032.129,0,22.003,2047,1928,1.440,2.190,1.520,2,0,16.002,0,0,18,297,0,22,0
23-02 11:26:05,11.512,0.751,84.090,2.503,0,5198692,171188,172644,2462796,13980.971,7652.194,0,892.956,0,28.030,1611,1800,1.440,2.190,1.520,2,0,0,0,0,18,297,0,18,0
23-02 11:26:06,8.502,1.250,83.772,5.001,0,5193352,176016,172644,2463224,73991.261,11973.117,0,1772.461,0,154.040,1842,2012,1.440,2.190,1.520,1,1,3.001,0,0,18,298,0,18,0
23-02 11:26:07,10.730,1.497,82.349,4.741,0,5197136,171872,172644,2463496,104175.429,9905.784,0,1237.724,0,45.916,1788,2022,1.440,2.190,1.520,2,0,0,0,0,18,298,0,18,0
23-02 11:26:08,14.275,1.002,78.640,4.258,0,5210872,158024,172644,2463576,13731.495,4615.233,0,577.029,0,27.048,1961,2152,1.320,2.150,1.520,2,0,0,0,0,18,298,0,18,0
23-02 11:26:09,17.344,2.262,76.919,2.262,0,5233964,134600,172644,2466112,22899.733,10703.300,0,1447.887,0,51.279,2443,4684,1.320,2.150,1.520,2,0,34.186,0,0,18,298,0,14,0
23-02 11:26:10,10.685,2.733,67.094,18.140,0,5221588,146472,172676,2464256,299314.544,9493.608,31.808,9526.410,1.988,153.075,2990,6057,1.320,2.150,1.520,1,1,1.988,0,0,18,298,0,15,0
23-02 11:26:11,11.007,2.752,76.046,8.505,0,5238604,129020,172920,2464316,94333.049,13301.044,28.017,5275.190,4.002,164.099,2463,2647,1.320,2.150,1.520,3,2,2.001,0,0,18,298,0,15,0
23-02 11:26:12,32.376,6.973,53.545,5.230,0,5215128,167736,173044,2449448,28879.459,9140.015,980.248,1880.801,12.950,146.439,4876,5560,1.320,2.150,1.520,5,0,9.962,0,0,18,298,0,15,0
23-02 11:26:13,16.331,3.769,72.109,6.533,0,5224464,166708,173128,2441832,5080685.366,44751.860,257.281,6021.989,2.010,64.320,4383,3824,1.380,2.150,1.520,1,0,3.015,0,0,18,298,0,12,0
23-02 11:26:14,7.245,2.748,75.696,11.742,0,5208420,152788,173236,2471696,12231101.844,88263.152,163.883,12858.844,3.997,64.954,5685,3752,1.380,2.150,1.520,7,0,3.997,0,0,18,298,0,12,0
23-02 11:26:15,15.743,2.499,76.217,4.998,0,5207572,147884,173488,2477144,504259.435,5278.691,0,2199.038,0,92.959,2780,3103,1.380,2.150,1.520,1,1,1.999,0,0,18,298,0,12,0
23-02 11:26:16,20.219,4.243,70.391,3.245,0,5231256,138956,176632,2458052,10676.436,539.164,0,14305.806,0,137.786,2745,2626,1.380,2.150,1.520,2,0,0.998,0,0,18,298,0,12,0
23-02 11:26:17,8.281,2.509,62.481,26.096,0,5235072,128700,176752,2464076,6766.003,542.003,0,21069.860,0,198.734,2115,2434,1.380,2.150,1.520,1,1,0,0,0,18,298,0,9,0
23-02 11:26:18,11.207,2.740,64.752,19.177,0,5232864,154748,176964,2440236,3546.432,537.942,3.985,23366.603,0.996,171.344,2190,2431,1.590,2.180,1.530,2,1,0,0,0,18,298,0,9,0
23-02 11:26:19,14.852,4.028,67.969,12.587,0,5260796,154144,177104,2413696,8807.761,543.751,0,30824.648,0,220.521,2449,2635,1.590,2.180,1.530,3,0,0,0,0,18,298,0,9,0
23-02 11:26:20,10.198,2.487,57.957,26.864,0,5246372,153960,177404,2428020,8153.797,537.285,0,16046.912,0,407.939,2819,3478,1.590,2.180,1.530,2,0,0,0,0,18,298,0,9,0
23-02 11:26:21,20.470,2.996,71.893,3.744,0,5235772,128240,178188,2461396,7000.620,539.201,0,1497.779,0,59.911,2327,2217,1.590,2.180,1.530,2,0,0,0,0,18,298,0,9,0
23-02 11:26:22,17.013,2.252,72.056,8.006,0,5243380,135408,178872,2445548,5743.437,540.417,0,2998.316,0,259.200,2472,2384,1.590,2.180,1.530,3,0,0,0,0,18,298,0,9,0
23-02 11:26:23,23.510,2.751,70.781,1.751,0,5238460,140140,180220,2443612,7641.381,486.215,0,1072.475,0,50.022,2506,2371,1.540,2.160,1.530,2,0,0,0,0,18,298,0,9,0
23-02 11:26:24,17.473,1.997,72.137,6.989,0,5234468,131432,180740,2454752,6537.714,539.152,0,2316.356,0,42.932,2184,2184,1.540,2.160,1.530,2,0,0,0,0,18,298,0,9,0
23-02 11:26:25,19.040,2.756,70.897,5.762,0,5237036,135080,181544,2447764,9016.733,541.124,0,2040.239,0,80.167,2457,2472,1.540,2.160,1.530,3,0,0,0,0,18,298,0,5,0
23-02 11:26:26,19.003,2.750,76.010,1.500,0,5169400,233860,181824,2415700,11616.570,3131.423,0,856.116,0,33.004,2218,2065,1.540,2.160,1.530,2,0,3.000,0,0,18,296,0,5,0
23-02 11:26:27,17.210,2.993,76.570,1.995,0,5187800,215420,181852,2415712,14229.539,2639.792,0,510.799,0,1.995,2282,2010,1.540,2.160,1.530,1,1,32.923,0,0,18,297,0,5,0
23-02 11:26:28,22.112,3.015,71.862,2.010,0,5175236,222072,181952,2421416,7196.296,717.619,0,980.948,0,7.035,2260,1933,1.500,2.140,1.530,3,0,3.015,0,0,18,296,0,5,0
23-02 11:26:29,17.422,1.991,76.409,2.738,0,5200120,190980,182180,2426436,14964.220,3523.277,0,1290.242,0,22.898,2268,2178,1.500,2.140,1.530,2,1,17.920,0,0,18,296,0,4,1
23-02 11:26:30,23.024,6.757,55.308,13.514,0,5181008,209608,182188,2426816,5901.233,594.628,16.017,5702.023,1.001,202.214,12432,22580,1.500,2.140,1.530,2,0,14.015,0,0,18,296,0,4,0
23-02 11:26:31,22.463,6.240,68.887,0.499,0,5181456,208884,182196,2427068,6676.060,581.048,0,387.365,0,8.985,11319,20198,1.500,2.140,1.530,2,0,12.979,0,0,18,296,0,4,0
23-02 11:26:32,21.033,5.759,72.615,0.250,0,5147188,255196,182236,2415880,5148.151,540.856,0,825.307,0,104.165,2379,1918,1.500,2.140,1.530,2,0,8.013,0,0,18,296,0,4,0
23-02 11:26:33,21.008,3.001,70.526,3.001,0,5162368,237112,182444,2418564,6043.190,634.230,524.190,1608.583,10.004,9.003,2300,2103,1.460,2.120,1.520,2,0,5.002,0,0,18,296,0,4,0
23-02 11:26:34,20.971,3.994,67.406,7.240,0,5163144,235352,182444,2419548,5074.932,539.249,499.305,2708.228,22.968,165.769,5767,8034,1.460,2.120,1.520,4,0,0,0,0,18,300,0,7,0
23-02 11:26:35,18.349,8.797,62.084,8.797,0,5126280,271524,182444,2420240,6989.594,542.920,563.028,2477.324,27.146,251.352,7099,9929,1.460,2.120,1.520,5,0,146.790,0,0,18,298,0,8,0
23-02 11:26:36,11.008,15.261,69.799,1.751,0,5122296,274580,182444,2421168,6853.841,540.382,868.613,11271.961,11.008,183.129,5453,4980,1.460,2.120,1.520,3,0,294.208,0,0,18,298,0,10,0
23-02 11:26:37,7.459,4.227,67.135,19.394,0,5106456,268952,182520,2442548,7944.771,537.078,21411.497,2657.540,1739.535,125.318,4042,6010,1.460,2.120,1.520,2,0,9.946,0,0,18,298,0,10,0
23-02 11:26:38,4.251,2.250,84.763,7.501,0,5102600,270028,182528,2445320,6133.965,1501.236,2700.425,2476.390,403.063,275.043,2227,2842,1.340,2.080,1.510,1,0,6.001,0,0,18,299,0,10,0
23-02 11:26:39,2.745,0.998,94.325,0.998,0,5102892,269552,182528,2445504,49205.947,3963.665,183.660,39.926,4.991,4.991,1287,1738,1.340,2.080,1.510,1,0,0,0,0,18,299,0,10,0
23-02 11:26:40,4.012,1.254,92.274,0.752,0,5103284,268544,182528,2446120,220698.813,2527.499,92.274,589.750,1.003,41.122,1807,2360,1.340,2.080,1.510,2,0,2.006,0,0,18,299,0,10,0
23-02 11:26:41,5.980,1.744,89.208,1.495,0,5066688,302756,182604,2448324,60588.452,125757.893,306.994,889.086,14.951,5.980,1691,1921,1.340,2.080,1.510,0,0,9.967,0,0,18,298,0,10,0
23-02 11:26:42,3.757,1.503,93.669,0.501,0,5080252,289156,182612,2448352,139632.798,3169.716,4.007,0,1.002,0,1508,1801,1.340,2.080,1.510,2,0,3.005,0,0,18,298,0,10,0
23-02 11:26:43,11.759,3.252,83.814,0,0,5096988,272388,182632,2448364,287994.104,10211.769,0,0,0,0,2861,2590,1.310,2.060,1.510,2,0,22.017,0,0,18,298,0,10,0
23-02 11:26:44,11.056,3.769,83.677,0.503,0,5105668,263580,182636,2448488,297698.653,12978.293,124.637,197.006,6.031,8.041,2890,2572,1.310,2.060,1.510,3,1,27.139,0,0,18,298,0,10,0
