"pcp-dstat 6.2.0 CSV Output"
"Author:","PCP team <pcp@groups.io> and Dag Wieers <dag@wieers.com>",,,,"URL:","https://pcp.io/ and http://dag.wieers.com/home-made/dstat/"
"Host:","ubuntu",,,,"User:","ubuntu"
"Cmdline:","dstat -tcmndrylpg --tcp --output /tmp/devstack_logs/dstat-csv.log",,,,"Date:","23 Feb 2026 14:13:39 UTC"
"system","total usage",,,,,"memory usage",,,,"net/total",,"dsk/total",,"io/total",,"system",,"load avg",,,"procs",,,"paging",,"tcp sockets",,,,
"time","total usage:usr","total usage:sys","total usage:idl","total usage:wai","total usage:stl","used","free","buf","cach","net/total:recv","net/total:send","dsk/total:read","dsk/total:writ","read","writ","int","csw","1m","5m","15m","run","blk","new","in","out","lis","act","syn","tim","clo"
23-02 14:13:39,,1001432,1491060,162136,5162544,,,,,,,1.210,0.990,0.640,1,0,,,,10,6,0,18,0
23-02 14:13:40,19.508,21.509,53.772,4.002,0,1019604,1472276,162248,5162952,22703.397,9713.020,0,2489.030,0,99.041,6773,6107,1.210,0.990,0.640,4,0,578.239,0,0,10,6,0,17,0
23-02 14:13:41,26.733,19.238,47.970,5.497,0,1018388,1472860,162316,5163360,43359.024,11989.541,0,1686.950,0,60.962,6998,17388,1.200,0.990,0.650,1,1,425.735,0,0,10,5,0,18,1
23-02 14:13:42,27.185,11.223,58.111,2.743,0,1133204,1357160,162380,5288788,20873.996,10669.441,0,1464.492,0,42.897,5875,8568,1.200,0.990,0.650,1,0,152.634,0,0,11,4,0,18,2
23-02 14:13:43,27.531,9.010,58.816,4.004,0,1163436,1304744,162724,5309352,172409.263,5971.659,0,2302.568,0,81.090,3593,2557,1.200,0.990,0.650,2,0,106.118,0,0,11,6,0,18,2
23-02 14:13:44,33.229,10.743,48.220,5.746,0,1201052,1249992,163472,5323556,5402.618,539.662,191.880,5932.287,7.995,74.953,4329,3314,1.200,0.990,0.650,1,1,179.887,0,0,11,6,0,19,2
23-02 14:13:45,38.718,4.496,49.460,6.994,0,1246976,1189016,163992,5336148,2987.560,539.559,255.791,2162.234,7.993,23.980,2434,1491,1.200,0.990,0.650,2,0,0,0,0,11,6,0,19,2
23-02 14:13:46,32.793,4.005,48.564,13.768,0,1299564,1114356,164772,5355392,3194.231,486.645,128.170,4622.122,6.008,212.281,3494,3590,1.260,1.010,0.650,2,0,1.001,0,0,11,8,0,19,2
23-02 14:13:47,14.981,3.246,42.447,36.704,0,1293824,1110156,165460,5363300,6921.290,539.321,0,10390.923,0,528.335,4907,7569,1.260,1.010,0.650,0,4,8.989,0,0,11,8,0,19,2
23-02 14:13:48,15.252,3.750,32.754,46.256,0,1284048,1108240,166104,5373092,7279.892,540.066,0,13069.601,0,705.086,4532,7336,1.260,1.010,0.650,2,1,0,0,0,11,8,0,19,2
23-02 14:13:49,19.761,4.252,44.274,29.516,0,1287532,1082408,167004,5392740,7007.861,540.298,0,10325.689,0,599.330,5390,8442,1.260,1.010,0.650,0,3,4.002,0,0,11,8,0,19,2
23-02 14:13:50,15.234,3.496,43.953,34.963,0,1285432,1077704,167540,5398008,10499.808,2610.218,0,9210.183,0,582.379,5138,8352,1.260,1.010,0.650,0,5,14.984,0,0,11,9,0,19,2
23-02 14:13:51,22.757,5.502,37.511,33.260,0,1232036,1147760,167680,5381572,8318.384,1194.342,0,14664.203,0,865.248,6001,9286,1.480,1.060,0.670,4,1,31.009,0,0,11,6,0,19,0
23-02 14:13:52,18.057,5.016,40.628,33.606,0,1245536,1128248,167868,5386808,11185.203,2832.916,0,10890.274,0,674.122,5625,8934,1.480,1.060,0.670,2,0,26.082,0,0,11,6,0,19,0
23-02 14:13:53,21.454,4.241,45.154,26.943,0,1236280,1134980,167984,5388964,7323.462,1754.278,0,8937.039,0,675.567,5129,7743,1.480,1.060,0.670,0,1,23.949,0,0,11,7,0,19,0
23-02 14:13:54,13.995,3.999,40.985,38.486,0,1239388,1124080,168560,5394964,7048.422,2476.094,0,11383.836,0,760.722,4815,7958,1.480,1.060,0.670,1,2,1.999,0,0,11,6,0,19,0
23-02 14:13:55,17.994,5.498,30.240,42.236,0,1250520,1111732,168736,5395848,8591.085,539.817,0,9708.706,0,717.756,13724,25692,1.480,1.060,0.670,0,3,20.993,0,0,11,6,0,19,0
23-02 14:13:56,19.705,5.487,39.410,33.424,0,1241908,1119572,168928,5396388,4563.574,538.769,0,10759.418,0,1043.616,9907,17577,1.760,1.120,0.690,3,2,22.948,0,0,11,6,0,19,0
23-02 14:13:57,36.175,10.300,29.644,22.610,0,1163528,1210112,169088,5385424,7733.505,542.632,0,12532.780,0,845.098,9119,14268,1.760,1.120,0.690,2,0,90.439,0,0,11,4,0,19,0
23-02 14:13:58,42.660,5.239,49.146,2.495,0,1211972,1161928,169096,5385304,6954.294,538.860,0,1209.442,0,64.863,2865,1630,1.760,1.120,0.690,2,0,25.945,0,0,11,4,0,19,0
23-02 14:13:59,26.742,5.748,63.481,2.999,0,1214976,1158908,169100,5385316,8287.573,539.842,0,2019.409,0,88.974,2698,2029,1.760,1.120,0.690,2,1,60.982,0,0,11,4,0,19,0
23-02 14:14:00,23.749,3.000,65.749,7.000,0,1252176,1121684,169116,5385324,8310.824,539.989,0,10787.771,0,195.996,2290,2029,1.760,1.120,0.690,1,0,0,0,0,11,4,0,19,0
23-02 14:14:01,13.267,14.518,69.086,2.253,0,1211512,1162320,169120,5385348,3604.502,486.608,0,6087.604,0,65.081,4736,3610,1.620,1.100,0.690,3,0,272.340,0,0,11,4,0,17,0
23-02 14:14:02,9.014,21.032,68.854,0,0,1167608,1206168,169120,5385392,8513.864,540.817,0,44.067,0,11.017,6009,4741,1.620,1.100,0.690,1,0,435.658,0,0,11,4,0,17,0
23-02 14:14:03,26.192,15.715,56.125,0.249,0,1171764,1194496,169120,5393192,8123.978,538.805,7431.514,11.973,74.834,2.993,6113,7758,1.620,1.100,0.690,2,0,266.409,0,0,11,5,0,17,0
23-02 14:14:04,46.472,4.247,48.721,0,0,1243688,1122512,169128,5393356,2990.192,539.674,19.988,87.947,3.998,4.997,2705,1260,1.620,1.100,0.690,4,0,0,0,0,11,5,0,17,0
23-02 14:14:05,44.005,6.501,49.005,0,0,1269572,1095408,169128,5394576,6657.706,540.057,492.052,592.063,10.001,56.006,2804,1444,1.620,1.100,0.690,2,0,0,0,0,11,5,0,13,0
23-02 14:14:06,22.243,8.248,55.234,13.246,0,1286332,1076324,169128,5396852,6284.153,539.841,0,17430.877,0,216.936,3902,4930,1.650,1.120,0.700,0,2,117.965,0,0,11,4,0,14,0
23-02 14:14:07,9.253,3.751,73.277,12.505,0,1319696,1042860,169132,5396976,7538.791,540.200,0,16258.018,0,208.077,1949,2167,1.650,1.120,0.700,1,1,23.009,0,0,11,4,0,14,0
23-02 14:14:08,21.738,3.748,72.460,0.999,0,1373028,989532,169132,5396980,8173.518,539.704,0,2994.358,0,45.975,1852,1544,1.650,1.120,0.700,1,0,0,0,0,11,4,0,14,0
23-02 14:14:09,22.265,2.752,67.295,6.755,0,1394408,967908,169180,5397176,2983.011,486.328,0,3994.693,0,204.138,2477,2798,1.650,1.120,0.700,0,1,2.001,0,0,11,10,0,14,0
23-02 14:14:10,18.286,5.511,70.637,4.509,0,1366524,995696,169248,5397204,9404.293,541.052,0,1775.453,0,197.384,3662,4660,1.650,1.120,0.700,1,0,42.082,0,0,11,4,0,16,0
23-02 14:14:11,19.448,1.496,72.556,4.987,0,1404356,957004,169512,5397732,6031.850,779.912,610.366,1101.052,17.952,30.917,1579,1125,1.600,1.120,0.700,0,0,0,0,0,11,4,1,16,0
23-02 14:14:12,15.256,2.251,74.528,6.502,0,1397380,963628,169568,5397920,8853.307,4379.636,216.081,3141.173,53.020,154.058,2450,2951,1.600,1.120,0.700,1,2,1.000,0,0,11,17,0,16,0
23-02 14:14:13,16.540,5.012,67.913,10.024,0,1406664,954124,169568,5398132,13526.505,4964.931,56.135,8925.448,14.034,594.428,3003,2262,1.600,1.120,0.700,1,0,45.108,0,0,11,28,0,15,0
23-02 14:14:14,17.703,3.241,78.539,0,0,1412904,947880,169568,5398136,14930.977,4607.649,0,19.947,0,1.995,1797,1358,1.600,1.120,0.700,1,0,0,0,0,11,29,0,15,0
23-02 14:14:15,19.263,8.756,69.547,1.001,0,1361188,999704,169572,5398160,13809.362,3315.248,0,332.225,0,18.012,3341,2877,1.600,1.120,0.700,2,0,156.106,0,0,11,28,0,16,0
23-02 14:14:16,35.971,5.745,57.203,0,0,1453472,907416,169572,5398164,11724.421,5097.835,0,0,0,0,2880,1863,1.630,1.130,0.710,2,0,0,0,0,11,30,0,16,0
23-02 14:14:17,33.615,5.519,59.453,0.251,0,1386448,974232,169576,5398368,18876.326,14787.392,0,385.313,0,34.116,6275,8156,1.630,1.130,0.710,2,0,33.113,0,0,11,28,0,17,0
23-02 14:14:18,68.000,27.250,4.250,0,0,1541180,819472,169576,5398380,7339.974,539.998,0,167.999,0,18.000,5774,4926,1.630,1.130,0.710,6,0,544.998,0,0,11,28,0,17,0
23-02 14:14:19,84.990,8.999,5.499,0,0,1744152,616396,169576,5398444,27520.650,21667.362,0,26216.809,0,208.975,6431,5646,1.630,1.130,0.710,4,0,1.000,0,0,11,34,0,17,0
23-02 14:14:20,52.483,8.997,25.742,11.996,0,1743948,616356,169584,5398676,31162.047,22774.726,0,22500.814,0,207.934,8802,12983,1.630,1.130,0.710,2,1,99.968,0,0,11,31,0,20,0
23-02 14:14:21,25.926,11.717,48.612,13.213,0,1489152,871096,169592,5398692,12332.022,2507.887,0,25120.748,0,186.471,5024,4920,1.660,1.140,0.710,1,1,209.406,0,0,11,28,0,23,0
23-02 14:14:22,17.006,3.001,74.778,3.501,0,1489032,871200,169596,5398704,12165.568,4451.671,0,13437.045,0,147.055,2411,2179,1.660,1.140,0.710,1,0,0,0,0,11,29,0,23,0
23-02 14:14:23,14.786,6.767,75.936,1.504,0,1470236,889984,169596,5398716,9504.300,3578.773,0,232.570,0,21.052,3272,3434,1.660,1.140,0.710,1,0,68.167,0,0,11,28,0,24,0
23-02 14:14:24,18.199,2.742,76.783,1.745,0,1459148,901064,169596,5398724,8099.092,4413.516,0,147.583,0,7.977,1926,1660,1.660,1.140,0.710,1,0,0,0,0,11,29,0,24,0
23-02 14:14:25,14.544,5.767,74.225,4.012,0,1414972,945196,169648,5398716,8164.724,3750.357,0,2824.553,0,161.489,3677,4225,1.660,1.140,0.710,2,0,116.352,0,0,11,28,0,25,0
23-02 14:14:26,21.757,29.509,46.765,1.000,0,1414752,945364,169672,5398744,8848.773,540.169,0,1716.538,0,83.026,6788,6262,1.610,1.140,0.720,5,0,879.276,0,0,11,28,0,25,0
23-02 14:14:27,81.940,13.740,4.247,0.749,0,1655504,704556,169688,5398784,15121.916,6444.277,0,1195.124,0,54.960,4905,2550,1.610,1.140,0.720,4,0,42.969,0,0,11,31,0,25,0
23-02 14:14:28,66.244,7.249,25.498,0,0,1684964,674844,169700,5399020,44317.717,37296.395,0,215.979,0,21.998,8424,12826,1.610,1.140,0.720,4,0,0,0,0,11,32,0,25,0
23-02 14:14:29,75.811,20.266,4.003,0.500,0,1569312,790456,169724,5399036,15560.443,7537.027,0,716.573,0,75.060,7043,8830,1.610,1.140,0.720,6,0,311.249,0,0,11,28,0,25,0
23-02 14:14:30,84.248,9.750,5.000,0,0,1746784,612852,169736,5399152,20840.530,16388.630,0,171.996,0,11.000,5029,3559,1.610,1.140,0.720,3,0,0,0,0,11,33,0,25,0
23-02 14:14:31,70.637,9.451,19.400,0,0,1737076,622008,169736,5399668,53376.494,44250.428,0,234.793,0,12.933,10287,17084,1.800,1.190,0.730,3,0,55.713,0,0,11,31,0,28,0
23-02 14:14:32,50.629,12.783,35.591,0,0,1526100,832964,169740,5399684,8441.559,3657.341,0,621.587,0,40.102,5083,5199,1.800,1.190,0.730,2,0,248.635,0,0,11,28,0,30,0
23-02 14:14:33,32.808,3.757,62.360,0,0,1566556,792488,169740,5399708,13060.114,10890.274,0,180.319,0,10.018,3365,3278,1.800,1.190,0.730,2,0,0,0,0,11,30,0,26,0
23-02 14:14:34,38.282,17.515,43.786,0.250,0,1432072,926932,169744,5399744,15970.253,8521.071,0,400.332,0,32.027,6153,6780,1.800,1.190,0.730,3,0,378.314,0,0,11,28,0,28,0
23-02 14:14:35,51.094,5.483,42.122,0.249,0,1547376,811600,169744,5399772,17333.146,12298.498,0,215.343,0,7.976,3965,2806,1.800,1.190,0.730,3,0,0,0,0,11,31,0,28,0
23-02 14:14:36,51.909,13.541,33.603,0.502,0,1432088,926668,169764,5399972,25078.629,17138.367,0,553.692,0,47.144,8191,10656,1.820,1.200,0.740,5,0,258.791,0,0,11,28,0,29,0
23-02 14:14:37,73.529,11.216,14.706,0,0,1609312,749416,169764,5400000,15156.443,9006.927,0,570.286,0,9.970,4469,1921,1.820,1.200,0.740,2,0,0,0,0,11,32,0,26,0
23-02 14:14:38,56.396,7.519,34.088,1.003,0,1582776,775736,169768,5400212,42841.600,31284.765,0,794.050,0,50.129,10642,15027,1.820,1.200,0.740,5,0,92.238,0,0,11,30,0,27,0
23-02 14:14:39,66.245,16.249,17.499,0,0,1552916,805564,169772,5400240,10088.216,1857.856,0,335.974,0,20.998,4675,3214,1.820,1.200,0.740,3,0,232.982,0,0,11,28,0,29,0
23-02 14:14:40,41.994,4.499,51.993,0.750,0,1585112,773304,169784,5400292,28923.906,22588.803,0,727.897,0,24.996,5433,6770,1.820,1.200,0.740,1,0,0,0,0,11,30,0,30,0
23-02 14:14:41,60.883,18.714,17.716,2.246,0,1534568,823688,169788,5400312,17190.048,7324.959,0,3193.878,0,90.826,7019,14192,2.310,1.320,0.780,3,0,334.359,0,0,11,28,0,32,0
23-02 14:14:42,50.916,5.741,42.180,0,0,1588780,769452,169792,5400468,20225.622,13502.717,0,171.717,0,8.985,4107,3365,2.310,1.320,0.780,4,0,0,0,0,11,31,0,31,0
23-02 14:14:43,52.311,16.519,29.284,1.001,0,1510356,847684,169792,5400660,19643.807,15399.880,0,869.009,0,29.034,7489,9217,2.310,1.320,0.780,3,0,287.334,0,0,11,28,0,34,0
23-02 14:14:44,54.407,5.265,40.116,0,0,1591196,766760,169792,5400744,20458.943,12371.643,0,140.405,0,7.020,4092,2908,2.310,1.320,0.780,3,0,0,0,0,11,31,0,34,0
23-02 14:14:45,45.452,8.990,42.455,0.999,0,1487528,870232,169804,5400928,22839.721,14459.629,0,407.567,0,35.962,6635,8446,2.310,1.320,0.780,3,0,111.881,0,0,11,28,0,36,0
23-02 14:14:46,57.139,7.485,35.182,0.250,0,1600740,756868,169804,5401080,12857.043,6809.782,0,179.651,0,9.981,3426,1619,2.370,1.350,0.790,1,0,0,0,0,11,31,0,34,0
23-02 14:14:47,50.874,6.265,41.351,1.253,0,1534076,823476,169816,5401124,27324.480,19898.413,0,1194.907,0,82.200,7582,10063,2.370,1.350,0.790,5,0,63.154,0,0,11,28,0,36,0
23-02 14:14:48,68.050,26.770,3.503,1.251,0,1563072,794432,169820,5401168,3259.417,540.401,0,2257.674,0,93.069,5947,5396,2.370,1.350,0.790,7,0,615.456,0,0,11,28,0,36,0
23-02 14:14:49,82.491,15.998,0.750,0,0,1738676,618820,169820,5401220,22057.614,14245.459,0,63.993,0,4.000,6646,6270,2.370,1.350,0.790,4,0,433.953,0,0,11,32,0,36,0
23-02 14:14:50,71.627,21.713,6.239,0.499,0,1762540,594756,169840,5401396,52171.250,45721.346,0,590.983,0,45.921,9213,12880,2.370,1.350,0.790,4,0,631.913,0,0,11,30,0,38,0
23-02 14:14:51,82.611,16.272,1.001,0,0,1629188,727928,169860,5401556,11108.956,7558.176,0,372.502,0,36.049,5752,4285,2.580,1.410,0.820,4,0,110.148,0,0,11,29,0,38,0
23-02 14:14:52,74.903,8.239,16.479,0,0,1707388,649520,169860,5401764,40732.197,32938.300,0,107.860,0,7.990,7323,9749,2.580,1.410,0.820,4,0,0,0,0,11,32,0,39,0
23-02 14:14:53,48.084,18.282,31.805,0.250,0,1467512,889188,169860,5401972,28788.199,22389.041,0,352.615,0,15.026,8535,12859,2.580,1.410,0.820,1,0,602.050,0,0,11,28,0,43,0
23-02 14:14:54,38.500,33.750,27.250,0,0,1476844,879832,169864,5401992,8768.955,633.997,0,179.999,0,18.000,6514,6472,2.580,1.410,0.820,5,0,969.995,0,0,11,28,0,43,0
23-02 14:14:55,71.726,9.247,19.244,0,0,1614888,741724,169864,5402060,19518.535,15463.878,0,35.988,0,3.999,5025,3882,2.580,1.410,0.820,2,0,30.990,0,0,11,32,0,43,0
23-02 14:14:56,56.737,12.247,29.743,0.250,0,1584272,772268,169884,5402112,23149.655,18420.747,0,647.850,0,63.985,8034,11374,2.530,1.420,0.820,4,0,200.954,0,0,11,28,0,47,0
23-02 14:14:57,75.503,13.001,10.500,0.750,0,1608248,748124,169884,5402280,15712.679,8207.355,0,188.008,0,9.000,4857,2731,2.530,1.420,0.820,3,0,67.003,0,0,11,31,0,47,0
23-02 14:14:58,54.755,6.251,37.753,0.500,0,1624116,732024,169884,5402508,40051.620,33690.045,0,220.020,0,11.001,10515,15679,2.530,1.420,0.820,4,0,0,0,0,11,32,0,47,0
23-02 14:14:59,56.769,10.003,30.761,0.500,0,1526660,829220,169912,5402736,42423.490,33174.331,0,536.183,0,57.019,12528,19910,2.530,1.420,0.820,4,0,86.029,0,0,11,28,0,47,0
23-02 14:15:00,77.504,12.751,10.000,0.250,0,1605368,750472,169916,5402772,11901.575,7316.354,0,144.007,0,9.000,4686,2413,2.530,1.420,0.820,2,0,35.002,0,0,11,31,0,47,0
23-02 14:15:01,56.866,4.988,36.663,0,0,1617464,738128,169920,5403008,45806.859,37077.467,0,139.670,0,8.979,10573,15672,2.570,1.440,0.830,2,0,0,0,0,11,32,0,47,0
23-02 14:15:02,57.378,12.027,29.315,0,0,1560492,794976,169924,5403120,41959.377,33723.048,0,176.393,0,8.018,12065,17967,2.570,1.440,0.830,4,0,208.464,0,0,11,28,0,51,0
23-02 14:15:03,76.397,12.733,10.486,0,0,1598580,756728,169928,5403272,11236.813,8370.686,0,307.584,0,10.985,4812,2654,2.570,1.440,0.830,3,0,54.926,0,0,11,31,0,51,0
23-02 14:15:04,56.566,6.007,36.543,0.250,0,1595656,759492,169936,5403380,37117.608,31585.108,0,116.136,0,6.007,9861,14651,2.570,1.440,0.830,2,0,15.018,0,0,11,31,0,52,0
23-02 14:15:05,74.521,14.254,10.503,0,0,1553432,801528,169956,5403560,23597.709,14078.002,0,324.092,0,37.011,7502,9085,2.570,1.440,0.830,4,0,115.033,0,0,11,28,0,53,0
23-02 14:15:06,64.720,7.746,23.239,3.998,0,1615060,739856,169964,5403592,22082.839,16996.180,0,3854.227,0,161.925,5159,4788,2.680,1.490,0.850,4,0,16.992,0,0,11,31,0,53,0
23-02 14:15:07,69.960,12.993,17.490,0,0,1606236,748468,169972,5403792,27201.515,19575.856,0,507.711,0,64.963,7334,10196,2.680,1.490,0.850,4,0,102.941,0,0,11,30,0,54,0
23-02 14:15:08,61.293,10.007,27.769,0,0,1620348,734156,169972,5403992,36638.470,29486.498,0,84.058,0,3.002,7529,11140,2.680,1.490,0.850,3,0,115.080,0,0,11,30,0,56,0
23-02 14:15:09,76.769,13.753,9.502,0,0,1580928,773532,169972,5404032,18539.658,11462.880,0,4.001,0,1.000,5450,5044,2.680,1.490,0.850,5,0,113.028,0,0,11,29,0,58,0
23-02 14:15:10,67.749,8.500,23.500,0,0,1612532,741868,169972,5404092,29593.381,21493.550,0,0,0,0,6099,6863,2.680,1.490,0.850,3,0,33.999,0,0,11,30,0,58,0
23-02 14:15:11,63.961,10.993,22.237,2.249,0,1551568,802644,169988,5404256,24612.084,17713.265,0,2238.643,0,159.903,7161,8668,2.790,1.530,0.870,6,0,112.932,0,0,11,29,0,60,0
23-02 14:15:12,54.437,10.987,31.714,1.998,0,1546548,807612,169996,5404296,12520.616,9033.622,0,1190.632,0,89.897,4908,4803,2.790,1.530,0.870,2,1,119.862,0,0,11,31,0,62,0
23-02 14:15:13,51.843,10.519,35.814,2.254,0,1570956,782988,170012,5404492,21135.935,13430.105,0,1294.323,0,92.165,4857,5333,2.790,1.530,0.870,5,0,61.110,0,0,11,33,0,63,0
23-02 14:15:14,53.254,10.501,35.503,0,0,1552988,800896,170020,5404540,24514.925,16298.280,0,164.013,0,9.001,6619,7562,2.790,1.530,0.870,4,0,139.011,0,0,11,33,0,63,0
23-02 14:15:15,52.997,10.000,36.248,0,0,1630488,723332,170020,5404604,17682.125,11168.447,0,103.995,0,8.000,4849,4590,2.790,1.530,0.870,1,0,42.998,0,0,11,34,0,64,0
23-02 14:15:16,38.389,7.229,52.847,0.748,0,1555024,798748,170020,5404648,25819.362,16501.299,0,171.504,0,9.971,5973,6855,2.650,1.520,0.870,1,0,85.752,0,0,11,34,0,65,0
23-02 14:15:17,30.586,10.780,56.158,1.003,0,1414040,939624,170036,5404740,17842.181,7799.937,0,304.857,0,30.085,5468,6011,2.650,1.520,0.870,2,0,135.381,0,0,11,32,0,67,0
23-02 14:15:18,36.127,5.232,58.053,0.249,0,1504904,848752,170036,5404748,12501.490,8066.570,0,314.929,0,45.844,2612,1708,2.650,1.520,0.870,0,0,0,0,0,11,34,0,65,0
23-02 14:15:19,35.021,6.754,57.784,0,0,1534800,818528,170040,5405072,15126.031,10577.315,0,1781.063,0,17.010,4779,5942,2.650,1.520,0.870,2,0,35.021,0,0,11,32,0,67,0
23-02 14:15:20,36.485,8.247,53.978,0.250,0,1501264,852036,170048,5405088,13227.555,5316.811,0,251.896,0,15.993,3479,2703,2.650,1.520,0.870,2,0,103.957,0,0,11,33,0,67,0
23-02 14:15:21,31.524,6.505,60.547,0,0,1450316,902948,170064,5405104,16375.694,11538.945,0,324.251,0,33.026,4044,5063,2.590,1.530,0.880,1,0,60.047,0,0,11,33,0,68,0
23-02 14:15:22,37.200,5.493,56.174,0,0,1505784,847444,170072,5405132,10512.742,6695.918,0,251.659,0,22.969,3173,2647,2.590,1.530,0.880,3,0,4.993,0,0,11,33,0,69,0
23-02 14:15:23,33.298,6.259,59.336,0.751,0,1436732,916468,170072,5405160,21060.652,13791.071,0,156.227,0,10.015,4658,5484,2.590,1.530,0.880,3,0,43.063,0,0,11,33,0,64,0
23-02 14:15:24,34.250,6.000,57.750,1.500,0,1462232,890796,170076,5405324,12438.028,6737.015,0,336.001,0,29.000,4132,4318,2.590,1.530,0.880,2,0,5.000,0,0,11,33,0,65,0
23-02 14:15:25,33.199,3.744,62.155,0.499,0,1508272,844720,170084,5405352,23974.306,14738.442,0,195.700,0,17.972,4403,4956,2.590,1.530,0.880,3,0,0,0,0,11,33,0,65,1
23-02 14:15:26,23.012,10.756,65.535,0,0,1450488,902416,170096,5405424,14857.029,6266.387,0,300.162,0,26.014,5187,5841,2.390,1.500,0.870,1,0,282.152,0,0,11,32,0,67,0
23-02 14:15:27,17.997,2.750,78.237,0,0,1470004,882888,170096,5405436,7980.718,2824.546,0,2423.611,0,135.978,1746,1243,2.390,1.500,0.870,1,0,0,0,0,11,33,0,65,0
23-02 14:15:28,15.251,2.750,79.755,1.500,0,1453300,899560,170104,5405460,16260.095,8886.599,0,596.040,0,41.003,3504,4465,2.390,1.500,0.870,1,0,0,0,0,11,33,0,65,0
23-02 14:15:29,14.753,13.003,70.764,0.250,0,1421892,930956,170108,5405468,6838.387,672.136,0,300.061,0,19.004,4101,3333,2.390,1.500,0.870,1,0,285.058,0,0,11,32,0,66,0
23-02 14:15:30,18.249,3.000,78.494,0,0,1447412,905428,170108,5405476,7888.405,5517.584,0,287.978,0,7.999,1889,1633,2.390,1.500,0.870,1,0,0,0,0,11,33,0,66,0
23-02 14:15:31,16.503,6.001,76.265,0,0,1412528,940288,170108,5405496,14007.672,6221.187,0,116.022,0,7.001,3722,4022,2.190,1.480,0.870,1,0,52.010,0,0,11,32,0,66,0
23-02 14:15:32,19.534,2.755,77.136,0.751,0,1457772,894912,170108,5405628,7501.216,2896.103,0,120.212,0,13.023,1686,1372,2.190,1.480,0.870,1,0,0,0,0,11,33,0,66,0
23-02 14:15:33,17.216,2.495,78.346,0,0,1446372,906288,170108,5405652,20311.030,10198.930,0,3.992,0,0.998,4199,5412,2.190,1.480,0.870,1,0,0,0,0,11,33,0,66,0
23-02 14:15:34,12.780,16.038,70.166,0.752,0,1425988,926480,170128,5405816,9482.379,2546.009,0,481.136,0,34.080,6001,5701,2.190,1.480,0.870,1,0,440.039,0,0,11,32,0,66,0
23-02 14:15:35,35.936,11.480,49.412,2.496,0,1466644,885748,170176,5405840,4272.434,539.045,35.936,634.876,0.998,26.952,3873,2927,2.190,1.480,0.870,2,0,186.669,0,0,11,32,0,61,0
23-02 14:15:36,35.735,4.748,46.980,10.745,0,1541712,806880,170296,5408960,8720.336,539.773,435.817,4861.957,16.993,287.879,4203,4924,2.180,1.490,0.870,3,0,16.993,0,0,11,36,0,61,0
23-02 14:15:37,26.831,5.015,43.130,23.571,0,1559740,787784,170476,5409828,5944.908,541.632,0,5356.135,0,561.692,5263,8161,2.180,1.490,0.870,2,2,28.085,0,0,11,36,0,61,0
23-02 14:15:38,26.164,4.984,43.606,22.924,0,1563244,783356,170628,5410572,11245.855,484.400,0,7379.625,0,605.002,6228,9721,2.180,1.490,0.870,1,1,20.931,0,0,11,36,0,61,0
23-02 14:15:39,25.811,6.014,39.343,27.816,0,1591212,754136,170752,5411664,6194.695,541.284,0,9879.436,0,752.786,5417,8838,2.180,1.490,0.870,1,2,15.036,0,0,11,36,0,57,0
23-02 14:15:40,25.517,4.753,35.773,31.521,0,1596088,748568,170864,5412208,8682.678,540.353,0,12019.860,0,817.535,5372,8675,2.180,1.490,0.870,1,4,22.014,0,0,11,36,0,57,0
23-02 14:15:41,31.004,7.251,31.254,30.004,0,1609268,734440,171004,5412976,7027.857,540.066,0,7496.914,0,600.073,6270,19377,2.330,1.530,0.890,1,1,56.007,0,0,11,36,0,58,0
23-02 14:15:42,25.925,4.736,40.383,26.423,0,1538388,804552,171088,5413640,3898.691,538.438,0,8842.350,0,711.935,5060,8272,2.330,1.530,0.890,1,2,15.954,0,0,11,36,0,58,0
23-02 14:15:43,26.001,5.250,31.502,35.502,0,1601376,741300,171172,5413812,2900.154,540.029,0,9416.499,0,752.040,5332,8182,2.330,1.530,0.890,1,1,11.001,0,0,11,36,0,53,0
23-02 14:15:44,26.073,4.513,39.610,27.075,0,1579476,762640,171232,5414304,6996.506,541.510,0,8034.400,0,666.859,5769,8801,2.330,1.530,0.890,1,2,13.036,0,0,11,36,0,53,0
23-02 14:15:45,25.932,5.735,36.404,29.672,0,1619400,722400,171308,5414524,8205.388,484.723,0,12750.416,0,879.683,6374,10046,2.330,1.530,0.890,1,1,10.971,0,0,11,36,0,53,0
23-02 14:15:46,27.833,4.764,41.624,24.322,0,1593736,747244,171372,5415264,9265.573,541.612,0,7767.114,0,678.018,5598,8818,2.380,1.550,0.900,3,1,11.033,0,0,11,38,0,53,0
23-02 14:15:47,27.164,4.984,41.867,23.426,0,1609432,732176,171584,5414416,8122.226,538.292,0,8568.809,0,769.558,5734,9419,2.380,1.550,0.900,1,1,4.984,0,0,11,38,0,50,0
23-02 14:15:48,44.347,7.516,29.314,18.039,0,1473208,868148,171680,5414536,8716.033,541.182,0,10927.863,0,635.387,4394,4747,2.380,1.550,0.900,2,0,7.015,0,0,11,32,0,50,0
23-02 14:15:49,33.227,6.246,42.221,16.739,0,1536660,804492,171816,5414616,7125.143,539.632,0,6787.373,0,780.468,6228,8619,2.380,1.550,0.900,1,1,3.997,0,0,11,34,0,50,0
23-02 14:15:50,29.242,5.998,45.487,18.245,0,1522220,818540,172000,5414812,3647.982,539.849,0,7217.986,0,1066.702,8169,13780,2.380,1.550,0.900,3,0,1.000,0,0,11,34,0,50,0
23-02 14:15:51,28.276,5.255,42.288,21.519,0,1539448,800836,172196,5415084,5820.271,540.489,0,8207.433,0,1098.995,7237,13018,2.430,1.580,0.910,4,2,1.001,0,0,11,34,0,46,0
23-02 14:15:52,27.445,7.485,60.878,2.994,0,1466936,873312,172228,5415088,7296.325,538.916,0,1177.631,0,67.864,3123,2542,2.430,1.580,0.910,1,0,99.799,0,0,11,32,0,46,0
23-02 14:15:53,17.507,9.254,69.028,4.002,0,1442776,897340,172240,5415204,6603.660,486.196,0,1112.448,0,96.039,3499,2719,2.430,1.580,0.910,1,0,151.061,0,0,11,32,0,46,0
23-02 14:15:54,8.768,21.044,59.625,9.019,0,1442360,897620,172284,5415256,7360.408,635.330,0,5591.705,0,252.529,6793,6078,2.430,1.580,0.910,1,1,544.139,0,0,11,32,0,46,0
23-02 14:15:55,8.975,20.692,63.323,5.983,0,1432440,907432,172332,5415316,6687.305,538.495,0,3574.008,0,161.548,6569,5707,2.430,1.580,0.910,1,0,489.631,0,0,11,32,0,41,0
23-02 14:15:56,16.503,10.752,72.013,0,0,1415388,924336,172332,5415456,7030.291,540.099,0,0,0,0,3450,2706,2.310,1.570,0.910,1,0,184.034,0,0,11,32,0,41,0
23-02 14:15:57,22.244,2.749,73.730,0,0,1468624,871116,172332,5415440,6758.190,539.855,0,35.990,0,3.999,1818,1246,2.310,1.570,0.910,1,0,1.999,0,0,11,32,0,41,0
23-02 14:15:58,22.758,4.001,73.775,0,0,1432860,906864,172332,5415456,3954.324,540.181,0,0,0,0,1819,1402,2.310,1.570,0.910,1,0,1.000,0,0,11,32,0,41,0
23-02 14:15:59,22.013,3.502,73.045,0,0,1437900,901824,172332,5415456,8513.195,540.330,0,168.103,0,5.003,1907,1327,2.310,1.570,0.910,1,0,4.002,0,0,11,32,0,37,0
23-02 14:16:00,21.475,4.245,73.414,0,0,1505620,834104,172336,5415452,6757.095,539.369,0,179.790,0,10.987,2043,1732,2.310,1.570,0.910,1,0,1.998,0,0,11,32,0,37,0
23-02 14:16:01,23.012,2.501,73.537,0.500,0,1483932,855776,172340,5415464,4512.267,486.244,0,392.197,0,26.013,1766,1334,2.210,1.560,0.910,1,0,1.001,0,0,11,32,0,37,0
23-02 14:16:02,22.001,3.500,73.502,0,0,1519640,820084,172344,5415444,6984.199,540.015,0,40.001,0,5.000,1848,1337,2.210,1.560,0.910,2,0,2.000,0,0,11,32,0,37,0
23-02 14:16:03,22.757,3.251,73.273,0,0,1520088,819580,172344,5415500,6114.905,540.168,0,28.009,0,3.001,1809,1266,2.210,1.560,0.910,1,0,1.000,0,0,11,32,0,33,0
23-02 14:16:04,22.739,3.248,73.714,0,0,1547828,791852,172344,5415488,7564.300,539.736,0,499.756,0,91.955,1829,1176,2.210,1.560,0.910,2,0,1.999,0,0,11,32,0,33,0
23-02 14:16:05,21.753,3.500,73.510,0,0.250,1538364,801304,172344,5415500,6892.903,540.071,0,36.005,0,1.000,1717,1192,2.210,1.560,0.910,1,0,1.000,0,0,11,32,0,33,0
23-02 14:16:06,22.502,3.250,73.755,0,0,1520208,819460,172344,5415500,3008.208,540.037,0,24.002,0,1.000,1713,1122,2.110,1.550,0.910,1,0,3.000,0,0,11,32,0,33,0
23-02 14:16:07,22.002,3.500,73.758,0,0,1523068,816688,172344,5415412,7007.784,540.060,0,0,0,0,1810,1238,2.110,1.550,0.910,1,0,2.000,0,0,11,32,0,33,0
23-02 14:16:08,22.748,3.250,73.243,0,0,1502772,836984,172344,5415412,4888.563,485.957,0,175.984,0,4.000,1688,1159,2.110,1.550,0.910,1,0,1.000,0,0,11,32,0,29,0
23-02 14:16:09,22.002,3.500,73.256,0,0,1482040,857636,172344,5415492,7483.571,540.041,0,16.001,0,2.000,1845,1340,2.110,1.550,0.910,1,0,2.000,0,0,11,32,0,29,0
23-02 14:16:10,22.250,4.000,72.750,0.750,0,1497828,841856,172344,5415484,7489.025,540.002,0,2288.008,0,32.000,1986,1658,2.110,1.550,0.910,1,0,2.000,0,0,11,32,0,29,0
23-02 14:16:11,22.749,3.250,73.246,0.500,0,1487580,852076,172352,5415504,7710.594,539.972,0,379.980,0,23.999,1843,1431,2.020,1.540,0.910,1,0,1.000,0,0,11,32,0,29,0
23-02 14:16:12,22.753,3.000,73.510,0,0,1473468,866188,172352,5415504,7720.015,540.071,0,64.008,0,5.001,1797,1238,2.020,1.540,0.910,1,0,1.000,0,0,11,32,0,21,0
23-02 14:16:13,22.740,3.249,73.467,0,0,1500692,838976,172352,5415492,3230.561,539.760,0,11.995,0,1.000,1725,1170,2.020,1.540,0.910,1,0,1.999,0,0,11,32,0,21,0
23-02 14:16:14,10.269,19.786,69.376,0,0,1453168,886448,172352,5415544,3601.547,540.983,0,208.379,0,11.020,5430,4217,2.020,1.540,0.910,3,0,433.789,0,0,11,32,0,21,0
23-02 14:16:15,21.459,3.992,73.359,0,0,1481324,858268,172352,5415552,8545.620,538.967,0,155.702,0,32.937,2040,1494,2.020,1.540,0.910,1,0,26.948,0,0,11,32,0,21,0
23-02 14:16:16,22.751,3.000,73.753,0,0,1471044,868344,172352,5415748,9328.360,486.019,0,0,0,0,1875,1159,1.940,1.530,0.910,1,0,9.000,0,0,11,32,0,15,0
23-02 14:16:17,22.996,3.000,73.739,0,0,1476952,862376,172352,5415804,10603.377,539.917,0,151.977,0,2.000,1733,1120,1.940,1.530,0.910,1,0,0,0,0,11,32,0,15,0
23-02 14:16:18,10.269,21.038,67.873,0,0,1441072,898108,172352,5415952,8907.139,540.980,40.073,120.218,2.004,5.009,5907,4695,1.940,1.530,0.910,3,0,493.895,0,0,11,32,0,15,0
23-02 14:16:19,8.251,22.504,68.512,0,0,1427304,911832,172352,5415984,7149.258,540.095,0,260.046,0,6.001,6700,5679,1.940,1.530,0.910,2,0,620.109,0,0,11,32,0,15,0
23-02 14:16:20,8.008,22.022,68.319,0.250,0,1431700,907368,172368,5416024,5249.321,540.548,0,1625.648,0,75.076,6660,5733,1.940,1.530,0.910,1,0,570.578,0,0,11,32,0,11,0
23-02 14:16:21,8.255,22.512,67.787,0.500,0,1417576,921460,172368,5416056,3290.802,540.296,0,1965.076,0,44.024,6596,5645,1.860,1.520,0.920,2,0,596.327,0,0,11,32,0,11,0
23-02 14:16:22,8.741,20.978,69.428,0,0,1415740,923264,172368,5416088,4597.260,539.444,0,859.114,0,13.986,6016,4674,1.860,1.520,0.920,1,0,471.514,0,0,11,32,0,11,0
23-02 14:16:23,8.261,20.527,70.092,0,0,1403148,935820,172368,5416124,8055.589,540.711,0,192.253,0,8.011,6119,4837,1.860,1.520,0.920,1,0,484.637,0,0,11,32,0,11,0
23-02 14:16:24,8.250,21.751,68.253,0,0,1397040,941888,172368,5416152,6420.238,486.018,0,252.009,0,14.001,6406,5294,1.860,1.520,0.920,1,0,569.021,0,0,11,32,0,8,0
23-02 14:16:25,9.741,19.732,69.685,0,0,1355096,983792,172368,5416192,10247.393,539.494,0,407.618,0,86.919,6193,4993,1.860,1.520,0.920,1,0,488.542,0,0,11,32,0,8,0
23-02 14:16:26,40.528,25.518,31.772,1.501,0,1453648,885172,172384,5416212,8595.943,540.374,0,1264.875,0,71.049,6930,6720,2.040,1.560,0.930,3,0,744.515,0,0,11,32,0,14,0
23-02 14:16:27,61.745,7.718,23.652,5.477,0,1644876,690552,172512,5419044,9350.445,537.783,442.177,3501.562,9.959,166.314,4445,3311,2.040,1.560,0.930,3,0,6.971,0,0,11,34,0,14,0
23-02 14:16:28,24.262,4.752,34.768,34.768,0,1659116,671680,172820,5422720,5919.048,540.278,0,9448.866,0,583.300,5930,9261,2.040,1.560,0.930,1,3,28.014,0,0,11,38,0,12,0
23-02 14:16:29,5.501,2.500,45.505,43.004,0,1657980,671428,172936,5423952,3143.322,540.055,0,12181.248,0,780.080,4743,8659,2.040,1.560,0.930,0,2,10.001,0,0,11,38,0,12,0
23-02 14:16:30,7.255,2.251,55.034,33.021,0,1657696,670420,173004,5425144,6731.181,540.336,0,7640.746,0,632.393,4590,8078,2.040,1.560,0.930,2,1,24.015,0,0,11,38,0,12,0
23-02 14:16:31,9.748,3.999,43.990,39.991,0,1657916,668404,173176,5426660,9200.998,539.883,0,14392.869,0,1033.775,6809,12408,2.510,1.670,0.970,0,4,26.994,0,0,11,38,0,12,0
23-02 14:16:32,5.749,3.000,49.494,38.245,0,1657672,667396,173296,5427760,4726.444,485.943,0,12498.529,0,801.906,5128,9506,2.510,1.670,0.970,0,1,5.999,0,0,11,38,0,10,0
23-02 14:16:33,10.005,3.752,48.775,35.518,0,1658128,665380,173500,5429028,7395.717,540.272,0,15015.547,0,1022.514,6201,11223,2.510,1.670,0.970,2,1,21.011,0,0,11,38,0,10,0
23-02 14:16:34,3.998,2.499,52.728,36.735,0,1658380,664160,173544,5429896,7785.801,539.778,0,10167.823,0,675.722,4518,8503,2.510,1.670,0.970,5,0,2.999,0,0,11,38,0,10,0
23-02 14:16:35,14.040,4.513,47.384,31.590,0,1618332,702716,173588,5431312,7462.157,583.655,0,8664.566,0,694.970,5983,9877,2.510,1.670,0.970,1,3,63.179,0,0,11,36,0,10,0
23-02 14:16:36,23.968,5.243,35.702,32.956,0,1679624,640220,173656,5432408,9026.949,2502.659,0,10086.534,0,727.029,5654,8887,2.710,1.720,0.990,0,3,14.980,0,0,11,37,0,8,0
23-02 14:16:37,16.727,4.244,40.694,35.201,0,1678764,639968,173736,5433412,10427.550,6931.395,0,12255.018,0,838.838,6590,11119,2.710,1.720,0.990,0,3,11.983,0,0,11,37,0,8,0
23-02 14:16:38,22.512,8.254,31.266,35.268,0,1689412,628128,173796,5434516,9810.069,1439.744,0,13086.762,0,877.453,7166,10988,2.710,1.720,0.990,2,3,85.044,0,0,11,38,0,9,0
23-02 14:16:39,20.250,4.750,39.999,32.999,0,1713960,602160,173828,5435820,11076.743,5571.871,0,15327.644,0,957.978,6703,11316,2.710,1.720,0.990,1,3,7.000,0,0,11,39,0,9,0
23-02 14:16:40,21.249,4.250,44.997,27.248,0,1705660,608936,173852,5437280,16138.905,10134.312,0,8999.389,0,648.956,8222,12995,2.710,1.720,0.990,2,1,8.999,0,0,11,39,0,9,0
23-02 14:16:41,25.812,8.270,36.087,27.566,0,1628824,684572,173892,5438396,14079.757,5358.848,0,12505.983,0,832.997,8613,19291,2.900,1.780,1.010,1,1,81.195,0,0,11,38,0,10,0
23-02 14:16:42,20.916,3.984,40.088,32.120,0,1658896,653216,173956,5439580,6292.612,2921.214,0,14425.799,0,861.524,5289,9006,2.900,1.780,1.010,1,1,2.988,0,0,11,39,0,10,0
23-02 14:16:43,20.803,4.010,37.346,35.842,0,1657588,653468,174072,5440488,17028.784,10193.209,0,10422.799,0,767.975,7364,11686,2.900,1.780,1.010,0,2,15.039,0,0,11,39,0,10,0
23-02 14:16:44,21.769,5.004,38.534,32.529,0.250,1624628,685156,174112,5441712,15448.812,8890.949,0,11686.448,0,965.864,8820,14271,2.900,1.780,1.010,3,1,21.019,0,0,11,38,0,10,0
23-02 14:16:45,25.240,7.497,36.985,28.489,0,1648240,660464,174148,5442680,2974.831,539.788,0,11099.640,0,860.662,6123,9601,2.900,1.780,1.010,1,3,55.978,0,0,11,38,0,10,0
23-02 14:16:46,19.264,4.003,37.278,38.028,0,1655420,652324,174168,5443600,16775.424,8793.513,0,10808.005,0,819.607,7029,11716,3.070,1.830,1.040,2,2,1.001,0,0,11,39,0,10,0
23-02 14:16:47,17.493,4.498,47.231,27.989,0,1654580,652324,174212,5444384,15642.815,10386.893,0,12543.040,0,826.673,7999,13538,3.070,1.830,1.040,0,1,2.999,0,0,11,39,0,10,0
23-02 14:16:48,26.939,6.485,31.927,32.177,0,1622344,683324,174316,5445488,8797.012,1818.867,0,12719.101,0,930.885,7392,11616,3.070,1.830,1.040,3,1,44.898,0,0,11,38,0,10,0
23-02 14:16:49,23.287,4.758,39.813,30.548,0,1647916,656652,174408,5446432,12591.918,6206.818,0,9987.798,0,700.107,5956,9666,3.070,1.830,1.040,5,0,4.006,0,0,11,39,0,10,0
23-02 14:16:50,21.027,3.254,43.056,29.539,0,1650440,652368,174548,5448000,16453.456,9566.475,0,14775.268,0,925.207,8272,14083,3.070,1.830,1.040,3,2,9.012,0,0,11,39,0,10,0
23-02 14:16:51,26.228,14.987,32.223,25.478,0,1526056,775492,174688,5449520,15638.707,5976.919,371.684,12205.625,5.995,815.307,10343,15208,3.140,1.870,1.050,3,1,351.701,0,0,11,36,0,11,0
23-02 14:16:52,37.791,16.017,25.528,19.271,0,1559292,740764,174876,5450248,3514.795,2002.162,808.873,5995.473,19.021,434.469,7775,12830,3.140,1.870,1.050,1,1,137.148,0,0,11,37,0,11,0
23-02 14:16:53,25.420,8.972,41.120,22.180,0.249,1547920,751048,174856,5451336,12847.346,7833.213,988.871,11180.620,15.950,716.732,7565,11591,3.140,1.870,1.050,1,1,149.527,0,0,11,36,0,12,0
23-02 14:16:54,23.809,7.519,38.595,28.069,0,1554636,743236,174936,5452328,7671.981,635.572,0,10638.320,0,765.895,6055,9595,3.140,1.870,1.050,2,0,33.082,0,0,11,36,0,12,0
23-02 14:16:55,15.454,3.240,51.097,27.418,0,1561992,734948,174968,5453200,12721.022,7174.580,0,5950.236,0,458.631,4953,8008,3.140,1.870,1.050,2,1,0,0,0,11,36,0,13,0
23-02 14:16:56,22.329,8.781,35.876,31.611,0,1597028,699032,175068,5453988,8270.136,541.909,0,15277.824,0,962.391,6804,10696,3.290,1.920,1.070,1,2,60.212,0,0,11,36,0,13,0
23-02 14:16:57,19.981,2.997,45.956,29.472,0,1596260,698220,175124,5455476,14927.585,7489.767,0,7504.753,0,673.350,5548,8677,3.290,1.920,1.070,1,1,2.997,0,0,11,37,0,13,0
23-02 14:16:58,20.265,7.255,43.281,27.520,0,1530404,763088,175184,5456380,11341.209,4058.938,0,10099.310,0,709.514,6475,9908,3.290,1.920,1.070,1,1,49.035,0,0,11,36,0,14,0
23-02 14:16:59,21.684,3.739,46.360,25.423,0,1568184,724028,175220,5457528,10489.290,5657.896,0,9451.427,0,683.932,5389,8827,3.290,1.920,1.070,1,1,0.997,0,0,11,37,0,14,0
23-02 14:17:00,14.740,4.497,48.218,29.731,0,1564460,726740,175268,5458440,11265.615,6212.927,0,13319.269,0,850.443,6769,11530,3.290,1.920,1.070,1,1,2.998,0,0,11,36,0,15,0
23-02 14:17:01,6.764,5.261,55.612,29.810,0,1523880,766344,175324,5459332,7142.345,541.087,0,14921.970,0,782.572,8523,15376,3.430,1.970,1.090,0,1,66.133,0,0,11,36,0,15,0
23-02 14:17:02,3.993,1.996,62.884,27.450,0.250,1519828,769152,175348,5460520,7483.234,539.008,0,6484.072,0,620.858,4070,7166,3.430,1.970,1.090,1,2,2.994,0,0,11,36,0,15,0
23-02 14:17:03,3.750,3.250,60.242,30.246,0,1510440,777784,175368,5461240,3713.515,485.937,0,9822.718,0,694.909,4288,7808,3.430,1.970,1.090,1,2,5.999,0,0,11,36,0,15,0
23-02 14:17:04,4.494,2.996,61.911,27.710,0,1497992,789360,175404,5462056,7473.243,539.224,0,8475.800,0,654.059,4762,8579,3.430,1.970,1.090,1,1,5.991,0,0,11,36,0,15,0
23-02 14:17:05,3.757,3.005,56.350,35.062,0,1491920,793972,175432,5463432,5367.546,540.962,0,12470.179,0,796.416,4807,8772,3.430,1.970,1.090,0,2,9.016,0,0,11,36,0,15,0
23-02 14:17:06,4.250,2.000,59.005,31.003,0,1485804,799520,175448,5463972,9563.843,540.048,0,8356.737,0,631.056,4255,7572,3.470,2.010,1.110,2,1,6.001,0,0,11,36,0,15,0
23-02 14:17:07,6.005,2.752,58.798,30.775,0,1482668,801944,175508,5464572,7181.866,540.441,0,9019.367,0,676.553,4634,8317,3.470,2.010,1.110,0,1,6.005,0,0,11,36,0,15,0
23-02 14:17:08,4.249,2.499,61.480,28.991,0,1479156,805216,175532,5464780,3265.963,539.829,0,10644.621,0,739.765,4177,7781,3.470,2.010,1.110,1,0,5.998,0,0,11,36,0,15,0
23-02 14:17:09,5.248,2.749,60.722,27.737,0,1475608,808384,175564,5465120,6685.875,539.748,0,10982.867,0,751.649,4689,8410,3.470,2.010,1.110,0,1,9.995,0,0,11,36,0,15,0
23-02 14:17:10,6.016,3.008,60.657,27.571,0,1472324,811572,175580,5465196,6015.534,487.258,0,12548.403,0,946.444,5340,9637,3.470,2.010,1.110,0,1,9.023,0,0,11,36,0,15,0
23-02 14:17:11,4.246,2.248,59.448,30.723,0,1469104,814448,175592,5465524,4431.102,539.525,0,9135.963,0,694.389,4501,7970,3.430,2.020,1.120,0,1,8.992,0,0,11,36,0,15,0
23-02 14:17:12,3.995,2.747,62.920,26.716,0,1468144,813744,175652,5467084,8042.760,539.313,0,10686.394,0,734.065,5249,9709,3.430,2.020,1.120,0,1,5.992,0,0,11,36,0,15,0
23-02 14:17:13,4.500,2.250,60.254,29.752,0,1466072,815020,175748,5467760,6936.415,582.035,0,10332.618,0,755.045,4933,9008,3.430,2.020,1.120,1,0,9.001,0,0,11,36,0,15,0
23-02 14:17:14,5.000,3.250,60.998,28.249,0,1464424,815860,175820,5468476,7560.749,539.982,0,11079.632,0,846.972,5017,9261,3.430,2.020,1.120,0,2,6.000,0,0,11,36,0,15,0
23-02 14:17:15,4.004,3.253,55.050,35.032,0,1463656,816300,175884,5468728,7838.089,540.489,0,13604.305,0,945.855,5157,9378,3.430,2.020,1.120,1,3,9.008,0,0,11,36,0,15,0
23-02 14:17:16,5.746,2.248,58.455,30.227,0,1462944,816352,175936,5469288,5099.045,539.582,0,10164.117,0,736.429,4733,8435,3.240,2.010,1.120,1,2,8.993,0,0,11,36,0,15,0
23-02 14:17:17,5.500,2.250,59.501,29.000,0,1462904,816148,175964,5469496,10370.139,540.007,0,10452.140,0,887.012,4915,8559,3.240,2.010,1.120,1,2,9.000,0,0,11,36,0,15,0
23-02 14:17:18,5.256,3.004,61.323,27.783,0,1462824,816748,176008,5468932,9202.014,486.582,0,9595.485,0,822.985,5262,9570,3.240,2.010,1.120,2,0,0,0,0,11,36,0,15,0
23-02 14:17:19,5.243,3.745,59.672,27.464,0,1463068,817000,176064,5468376,6718.240,539.297,0,14433.181,0,1126.531,6024,10837,3.240,2.010,1.120,1,0,3.995,0,0,11,36,0,15,0
23-02 14:17:20,7.518,2.757,61.651,25.563,0,1462848,817292,176160,5468208,5068.442,541.329,0,9202.590,0,816.003,5389,9616,3.240,2.010,1.120,1,3,3.007,0,0,11,36,0,15,0
23-02 14:17:21,7.981,2.993,54.122,32.174,0,1462468,817292,176196,5468552,8281.356,538.722,0,13404.205,0,913.832,5028,9060,3.060,1.990,1.120,3,0,5.986,0,0,11,36,0,15,0
23-02 14:17:22,6.749,2.500,61.740,25.996,0,1462380,816828,176240,5469060,7190.840,539.913,0,5531.108,0,574.907,4692,8301,3.060,1.990,1.120,0,2,8.999,0,0,11,36,0,15,0
23-02 14:17:23,3.993,2.246,59.141,31.442,0,1462244,816828,176256,5469180,6467.030,539.002,0,11323.042,0,774.566,4381,7944,3.060,1.990,1.120,0,3,5.989,0,0,11,36,0,15,0
23-02 14:17:24,5.012,3.509,59.645,29.071,0,1462016,816576,176280,5469628,4094.977,541.319,0,12626.763,0,898.188,5274,9568,3.060,1.990,1.120,0,2,9.022,0,0,11,36,0,15,0
23-02 14:17:25,5.497,2.499,62.215,26.735,0,1461648,816576,176308,5469956,9449.663,485.726,0,7115.981,0,619.650,4659,8169,3.060,1.990,1.120,0,1,5.997,0,0,11,36,0,15,0
23-02 14:17:26,6.250,2.750,54.253,33.502,0,1461272,816576,176332,5470304,7006.411,540.032,0,14776.866,0,1042.061,5333,9708,2.890,1.970,1.120,1,2,6.000,0,0,11,36,0,15,0
23-02 14:17:27,4.500,2.500,55.253,34.252,0,1461836,816324,176344,5469972,8331.395,540.026,0,13164.624,0,875.042,4699,8566,2.890,1.970,1.120,3,0,3.000,0,0,11,36,0,15,0
23-02 14:17:28,6.997,2.749,63.472,23.739,0,1462488,816072,176364,5469548,7779.507,539.758,0,5057.729,0,618.722,5198,9066,2.890,1.970,1.120,1,0,5.997,0,0,11,38,0,15,0
23-02 14:17:29,3.501,3.251,56.270,33.762,0,1462832,815568,176364,5469708,6961.518,540.195,0,12232.425,0,812.294,5388,10003,2.890,1.970,1.120,2,2,4.001,0,0,11,38,0,8,0
23-02 14:17:30,6.750,2.500,65.753,22.251,0,1462056,815776,176380,5470252,6975.331,540.026,0,7532.358,0,684.032,4920,8750,2.890,1.970,1.120,0,1,6.000,0,0,11,38,0,8,0
23-02 14:17:31,6.001,4.001,58.758,28.004,0,1462808,814516,176408,5470696,3689.527,540.077,0,14142.019,0,1004.143,5704,10485,2.980,2.010,1.130,1,1,12.002,0,0,11,38,0,8,0
23-02 14:17:32,4.747,2.748,57.961,31.229,0,1461340,815788,176424,5470864,6880.399,539.639,0,12147.877,0,786.474,4517,8069,2.980,2.010,1.130,0,1,5.996,0,0,11,38,0,8,0
23-02 14:17:33,8.755,2.001,63.536,22.263,0,1461056,815536,176436,5471380,7794.443,486.277,0,6887.926,0,675.385,5383,9784,2.980,2.010,1.130,0,1,12.007,0,0,11,38,0,8,0
23-02 14:17:34,6.496,2.248,61.709,27.232,0,1461336,815032,176436,5471596,11184.480,539.637,0,10249.109,0,690.536,3747,6651,2.980,2.010,1.130,0,1,2.998,0,0,11,38,0,8,0
23-02 14:17:35,8.756,2.752,56.790,28.770,0,1460680,815252,176456,5472000,7193.031,540.378,0,13713.592,0,948.664,6550,12009,2.980,2.010,1.130,2,0,9.006,0,0,11,38,0,8,0
23-02 14:17:36,9.496,2.499,60.227,24.741,0,1460144,815252,176472,5472508,7814.009,539.793,0,9028.544,0,811.689,5344,9649,3.070,2.040,1.150,0,1,11.995,0,0,11,38,0,8,0
23-02 14:17:37,7.005,3.002,58.794,27.771,0,1459952,815000,176508,5472908,8338.200,540.402,0,10844.063,0,835.621,6047,10854,3.070,2.040,1.150,1,1,9.007,0,0,11,38,0,8,0
23-02 14:17:38,4.497,2.498,57.210,32.977,0,1459544,815000,176540,5473272,12961.048,539.627,0,11360.154,0,816.436,4796,8806,3.070,2.040,1.150,0,2,8.994,0,0,11,38,0,7,0
23-02 14:17:39,6.001,3.500,51.254,36.003,0,1460476,813740,176568,5473564,8891.766,540.047,0,14945.287,0,1044.090,6053,11028,3.070,2.040,1.150,0,1,9.001,0,0,11,38,0,7,0
23-02 14:17:40,5.001,3.001,66.267,23.256,0,1459120,814464,176596,5474144,7783.947,540.135,0,6233.559,0,622.156,5269,9456,3.070,2.040,1.150,0,1,15.004,0,0,11,38,0,7,0
23-02 14:17:41,5.507,2.754,60.582,28.539,0,1459212,813960,176616,5474528,7505.214,486.662,0,12252.674,0,872.187,4929,8861,2.980,2.040,1.150,2,2,10.014,0,0,11,38,0,7,0
23-02 14:17:42,8.238,4.993,58.662,25.462,0,1460584,812224,176628,5474852,9748.366,581.128,0,11590.601,0,806.789,5815,21140,2.980,2.040,1.150,1,1,38.942,0,0,11,38,0,7,0
23-02 14:17:43,4.500,2.500,62.506,27.753,0,1460220,812044,176652,5475360,9511.920,540.052,0,7704.745,0,617.060,4153,7565,2.980,2.040,1.150,0,1,3.000,0,0,11,38,0,7,0
23-02 14:17:44,4.000,2.500,62.505,27.502,0,1459748,812044,176668,5475804,6799.508,540.040,0,10828.809,0,785.059,4410,8116,2.980,2.040,1.150,0,2,3.000,0,0,11,38,0,7,0
23-02 14:17:45,6.500,2.750,61.251,27.000,0,1459476,811792,176700,5476280,7740.094,540.007,0,8088.098,0,754.009,5146,9123,2.980,2.040,1.150,3,0,18.000,0,0,11,38,0,7,0
23-02 14:17:46,4.249,3.499,58.482,30.741,0,1459036,811540,176712,5476944,6708.983,539.838,0,13172.040,0,913.725,5147,9494,3.140,2.090,1.170,0,2,8.997,0,0,11,38,0,6,0
23-02 14:17:47,4.507,3.004,54.831,35.051,0,1459136,811036,176728,5477300,3304.855,540.795,0,11793.327,0,828.217,5149,9546,3.140,2.090,1.170,0,1,6.009,0,0,11,38,0,6,0
23-02 14:17:48,5.245,2.497,64.433,24.724,0,1458912,810784,176740,5477760,9681.934,485.495,0,7727.966,0,624.351,4479,8161,3.140,2.090,1.170,0,2,8.991,0,0,11,38,0,6,0
23-02 14:17:49,4.247,2.998,58.463,30.731,0,1459336,810028,176760,5478056,5482.540,539.659,0,11588.687,0,831.475,4961,8994,3.140,2.090,1.170,2,1,3.997,0,0,11,38,0,6,0
23-02 14:17:50,4.759,3.506,63.114,25.296,0,1459060,809580,176764,5478764,7930.280,540.974,0,10759.374,0,948.708,5659,10231,3.140,2.090,1.170,1,3,15.027,0,0,11,38,0,6,0
23-02 14:17:51,4.742,3.245,56.161,32.948,0,1458876,809580,176772,5478932,8447.562,539.142,0,16417.884,0,1079.283,5673,10547,3.210,2.120,1.190,0,3,2.995,0,0,11,38,0,6,0
23-02 14:17:52,5.500,2.000,61.255,28.502,0,1458528,809328,176780,5479512,7207.550,540.041,0,6388.488,0,656.050,4893,8767,3.210,2.120,1.190,0,4,12.001,0,0,11,38,0,6,0
23-02 14:17:53,4.000,2.750,59.745,30.248,0,1458272,809076,176780,5480012,13617.896,539.956,0,12203.011,0,879.929,5053,9270,3.210,2.120,1.190,2,3,6.000,0,0,11,38,0,6,0
23-02 14:17:54,7.249,3.249,63.739,23.246,0,1458092,808320,176812,5480880,5518.070,633.893,0,5942.999,0,666.888,5413,9218,3.210,2.120,1.190,1,2,38.993,0,0,11,38,0,4,0
23-02 14:17:55,6.002,3.501,56.772,31.512,0,1457692,808320,176820,5481260,2823.100,486.189,0,11724.567,0,835.325,4796,8776,3.210,2.120,1.190,1,2,9.004,0,0,11,38,0,4,0
23-02 14:17:56,5.000,2.750,59.755,29.252,0,1457936,807816,176820,5481516,9138.758,540.045,0,11828.981,0,844.070,5569,10234,3.190,2.130,1.200,0,2,12.001,0,0,11,38,0,4,0
23-02 14:17:57,7.510,3.004,57.824,28.286,0,1457368,807924,176820,5481960,9354.920,540.689,0,9544.161,0,867.105,6230,11170,3.190,2.130,1.200,1,1,21.027,0,0,11,38,0,4,0
23-02 14:17:58,3.994,1.997,58.661,31.452,0,1458040,806664,176832,5482516,12415.214,539.184,0,9641.411,0,709.926,4925,9208,3.190,2.130,1.200,0,1,5.991,0,0,11,38,0,2,0
23-02 14:17:59,3.499,3.749,59.731,30.740,0,1457828,806664,176844,5482708,7546.637,539.831,0,14247.539,0,918.712,4837,8784,3.190,2.130,1.200,1,2,6.998,0,0,11,38,0,2,0
23-02 14:18:00,5.503,2.251,68.793,20.763,0,1457660,806412,176856,5483108,7439.687,540.340,0,4330.728,0,519.327,4355,7745,3.190,2.130,1.200,0,3,15.009,0,0,11,38,0,2,0
23-02 14:18:01,3.499,1.999,58.979,32.738,0,1457984,805908,176868,5483268,7652.281,539.808,0,10436.291,0,709.748,4138,7549,3.340,2.180,1.220,0,2,2.999,0,0,11,38,0,2,0
23-02 14:18:02,7.519,3.258,63.156,23.809,0,1458524,804852,176892,5483740,3525.713,541.338,0,7221.847,0,693.714,4931,8896,3.340,2.180,1.220,2,1,9.022,0,0,11,38,0,1,0
23-02 14:18:03,5.732,2.741,59.313,27.912,0,1458160,804852,176904,5484088,7545.163,484.469,0,15714.354,0,1065.633,5325,9929,3.340,2.180,1.220,1,1,0,0,0,11,38,0,1,0
23-02 14:18:04,7.759,2.753,59.072,26.783,0,1458140,804348,176908,5484596,7320.950,540.661,0,9215.266,0,734.898,5389,9365,3.340,2.180,1.220,1,0,9.011,0,0,11,38,0,1,0
23-02 14:18:05,4.501,2.500,61.509,28.254,0,1458092,804748,176912,5484240,7005.031,540.080,0,10917.608,0,813.120,4907,8995,3.340,2.180,1.220,0,2,6.001,0,0,11,38,0,1,0
23-02 14:18:06,6.003,3.752,56.528,31.015,0,1459032,804896,176924,5483128,7277.587,540.266,0,14771.280,0,1066.526,5804,10621,3.150,2.160,1.220,0,2,0,0,0,11,38,0,1,0
23-02 14:18:07,6.749,3.500,57.996,28.998,0,1460596,805000,176936,5481444,5519.589,539.960,0,9971.257,0,842.937,5834,10586,3.150,2.160,1.220,0,1,0,0,0,11,38,0,1,0
23-02 14:18:08,5.740,2.496,62.143,25.456,0,1462620,805000,176948,5479416,7030.935,539.075,0,8193.940,0,799.628,5811,10654,3.150,2.160,1.220,9,0,0,0,0,11,38,0,1,0
23-02 14:18:09,5.258,2.754,59.837,28.291,0,1462952,805352,176960,5478728,4864.045,540.783,0,11352.444,0,837.213,6230,11485,3.150,2.160,1.220,0,1,4.006,0,0,11,38,0,1,0
23-02 14:18:10,4.495,2.747,56.436,33.462,0,1462576,805352,176972,5479092,4246.148,485.445,0,11414.958,0,743.151,4282,7759,3.150,2.160,1.220,2,0,2.997,0,0,11,38,0,1,0
23-02 14:18:11,5.507,3.004,64.578,24.780,0,1462380,805352,176976,5479284,7597.162,540.652,0,9034.896,0,716.865,4590,8165,3.220,2.190,1.230,2,1,9.011,0,0,11,38,0,1,0
23-02 14:18:12,5.744,2.997,54.442,33.714,0.250,1462168,805352,176976,5479496,9527.925,539.430,0,14240.942,0,947.998,5195,9312,3.220,2.190,1.230,0,1,5.994,0,0,11,38,0,1,0
23-02 14:18:13,5.251,2.000,65.759,24.003,0,1462240,805100,176980,5479672,4024.547,540.073,0,6100.830,0,626.085,4662,8301,3.220,2.190,1.230,0,2,12.002,0,0,11,38,0,1,0
23-02 14:18:14,6.753,2.751,55.528,32.266,0,1462404,805100,176980,5479508,8064.088,540.274,0,10181.161,0,724.367,4782,8514,3.220,2.190,1.230,2,1,6.003,0,0,11,36,0,3,0
23-02 14:18:15,13.271,15.525,66.355,3.506,0,1334320,933060,176980,5479652,8380.300,540.858,0,1911.033,0,118.188,5345,4411,3.220,2.190,1.230,1,1,381.606,0,0,11,32,0,3,0
23-02 14:18:16,23.269,23.019,50.291,2.002,0,1374104,893004,177000,5479904,9563.789,540.440,0,2706.204,0,163.133,6824,6247,3.120,2.190,1.240,3,1,562.458,0,0,11,32,0,9,0
23-02 14:18:17,65.342,9.228,23.443,1.496,0,1571992,694168,177020,5480784,7283.386,538.697,0,913.790,0,54.867,3811,1818,3.120,2.190,1.240,3,2,2.993,0,0,11,32,0,9,0
23-02 14:18:18,55.274,5.502,26.511,12.505,0,1683456,579788,177136,5483288,3423.469,486.209,0,6066.603,0,227.097,3730,2180,3.120,2.190,1.240,3,1,0,0,0,11,32,0,9,0
23-02 14:18:19,41.707,4.995,33.465,18.481,0,1766368,493128,177244,5486604,7260.449,539.439,0,8762.886,0,448.534,4618,4840,3.120,2.190,1.240,0,2,9.990,0,0,11,38,0,9,0
23-02 14:18:20,11.749,3.500,44.496,37.747,0.250,1766120,491364,177268,5488548,5552.531,539.954,0,12494.945,0,864.927,5889,10073,3.120,2.190,1.240,0,3,44.996,0,0,11,38,0,9,0
23-02 14:18:21,9.750,3.500,49.501,34.501,0,1765188,490860,177276,5489944,3841.103,540.014,0,12472.334,0,775.021,5314,9447,3.270,2.240,1.260,3,1,27.001,0,0,11,38,0,9,0
23-02 14:18:22,8.267,2.756,49.855,36.827,0,1765472,489096,177276,5491388,6956.620,541.137,0,11921.054,0,726.527,5413,9861,3.270,2.240,1.260,0,2,12.025,0,0,11,38,0,9,0
23-02 14:18:23,6.497,2.999,45.980,41.232,0.250,1765424,487584,177284,5492864,5979.391,539.765,0,11311.065,0,846.631,5479,9741,3.270,2.240,1.260,0,3,17.992,0,0,11,38,0,9,0
23-02 14:18:24,5.000,2.500,49.498,39.249,0,1765072,486828,177300,5493908,8272.718,539.982,0,11783.599,0,785.973,4866,8825,3.270,2.240,1.260,0,3,12.000,0,0,11,38,0,9,0
23-02 14:18:25,7.246,3.498,50.722,35.730,0,1766460,484560,177312,5494752,7033.067,485.728,0,11533.551,0,824.539,6498,11856,3.270,2.240,1.260,0,2,32.982,0,0,11,38,0,9,0
23-02 14:18:26,10.242,3.997,49.963,32.726,0,1767444,482292,177344,5495968,4297.823,539.601,0,15240.735,0,1014.250,7539,13430,3.090,2.220,1.260,1,1,35.973,0,0,11,38,0,9,0
23-02 14:18:27,6.507,3.003,50.558,36.291,0,1766524,481788,177368,5497308,11571.180,540.616,0,13995.942,0,930.059,6174,11107,3.090,2.220,1.260,0,1,21.024,0,0,11,38,0,9,0
23-02 14:18:28,7.754,4.002,51.277,34.018,0.250,1766624,480276,177380,5498640,6980.622,582.302,0,14051.290,0,954.495,6545,11970,3.090,2.220,1.260,0,3,24.012,0,0,11,38,0,9,0
23-02 14:18:29,7.257,2.753,53.303,33.784,0,1767108,478512,177396,5499856,8521.525,540.541,0,12492.497,0,849.850,5634,10347,3.090,2.220,1.260,1,2,25.025,0,0,11,38,0,9,0
23-02 14:18:30,7.251,3.000,48.756,37.504,0,1766236,478008,177408,5501172,6331.752,540.064,0,14153.682,0,991.118,5941,10683,3.090,2.220,1.260,0,2,24.003,0,0,11,38,0,9,0
23-02 14:18:31,6.731,3.989,50.859,36.150,0,1768440,474732,177420,5502172,7831.242,538.504,0,11723.428,0,773.850,5269,9391,3.160,2.250,1.270,0,2,23.934,0,0,11,38,0,9,0
23-02 14:18:32,8.750,2.750,50.500,33.750,0,1767776,474228,177428,5503304,4901.036,540.004,0,12492.091,0,877.006,5549,9614,3.160,2.250,1.270,0,1,36.000,0,0,11,38,0,9,0
23-02 14:18:33,7.501,3.500,52.755,33.003,0,1767516,473472,177436,5504284,3685.348,540.051,0,13537.279,0,950.090,5862,10500,3.160,2.250,1.270,0,3,24.002,0,0,11,38,0,9,0
23-02 14:18:34,7.498,2.749,49.738,36.991,0,1767196,472716,177440,5505308,4336.981,485.886,0,11473.303,0,779.817,6460,11889,3.160,2.250,1.270,1,3,26.994,0,0,11,38,0,9,0
23-02 14:18:35,7.009,3.254,53.315,34.041,0,1767224,471708,177456,5506248,7765.457,540.658,0,13832.846,0,882.074,5978,10713,3.160,2.250,1.270,0,3,21.026,0,0,11,38,0,9,0
23-02 14:18:36,5.495,3.747,52.202,35.218,0,1767036,470700,177464,5507404,7467.157,539.506,0,13080.014,0,899.176,5228,9501,3.790,2.390,1.330,2,1,14.986,0,0,11,38,0,9,0
23-02 14:18:37,6.999,2.000,53.239,34.743,0,1767212,469440,177472,5508448,10705.746,539.886,0,8030.309,0,637.866,5343,9419,3.790,2.390,1.330,1,1,14.997,0,0,11,38,0,9,0
23-02 14:18:38,6.250,3.500,51.499,35.249,0,1766884,468936,177472,5509264,8635.852,539.991,0,13335.772,0,908.984,6634,12350,3.790,2.390,1.330,1,3,15.000,0,0,11,38,0,9,0
23-02 14:18:39,5.249,3.249,47.237,41.488,0,1767492,467424,177476,5510140,7663.873,539.850,0,13804.168,0,922.744,5309,9511,3.790,2.390,1.330,0,2,15.996,0,0,11,38,0,9,0
23-02 14:18:40,6.765,3.007,54.618,31.819,0,1767316,466920,177476,5510792,5767.470,541.170,0,14515.385,0,1014.193,6440,11687,3.790,2.390,1.330,4,1,18.039,0,0,11,38,0,9,0
23-02 14:18:41,7.487,3.494,48.167,38.184,0,1767640,465688,177484,5511620,3526.898,485.161,0,14235.371,0,988.290,6666,12107,3.650,2.380,1.330,0,2,14.974,0,0,11,38,0,9,0
23-02 14:18:42,9.750,5.750,44.500,37.750,0,1792104,440488,177488,5512328,8115.063,540.004,0,12664.098,0,891.007,6307,18398,3.650,2.380,1.330,3,3,57.000,0,0,11,38,0,10,0
23-02 14:18:43,18.765,5.254,43.033,30.774,0,1652648,578872,177496,5513380,7576.858,540.418,0,10600.196,0,779.603,6029,9564,3.650,2.380,1.330,1,2,90.070,0,0,11,36,0,9,0
23-02 14:18:44,28.229,5.496,30.477,32.976,0,1718568,512092,177504,5514216,4578.607,539.600,0,12494.739,0,801.406,5766,9166,3.650,2.380,1.330,1,1,21.984,0,0,11,36,0,9,0
23-02 14:18:45,29.577,4.010,28.324,36.345,0,1765408,463960,177512,5515468,7733.114,541.408,0,11650.303,0,814.118,7163,12129,3.650,2.380,1.330,1,3,29.076,0,0,11,38,0,9,0
23-02 14:18:46,13.958,5.483,46.609,31.405,0,1717476,510832,177524,5516484,5133.521,538.377,0,10779.497,0,753.727,6342,10255,3.520,2.380,1.330,0,1,95.711,0,0,11,36,0,9,0
23-02 14:18:47,5.500,3.250,55.005,32.753,0,1710640,516472,177524,5517624,8197.715,540.047,0,11068.965,0,841.073,5810,10342,3.520,2.380,1.330,0,2,18.002,0,0,11,36,0,9,0
23-02 14:18:48,6.996,3.498,53.970,32.232,0,1702012,524284,177540,5518400,6777.200,539.697,0,15027.574,0,1006.436,5741,10254,3.520,2.380,1.330,0,1,26.985,0,0,11,36,0,9,0
23-02 14:18:49,6.750,2.500,47.748,40.498,0,1693440,531752,177560,5519452,3049.883,485.981,0,14595.438,0,851.967,5768,10392,3.520,2.380,1.330,0,4,21.999,0,0,11,36,0,9,0
23-02 14:18:50,5.756,3.253,49.549,38.037,0,1685892,538004,177572,5520708,10131.975,540.532,0,11363.187,0,805.793,4927,8701,3.520,2.380,1.330,0,2,6.006,0,0,11,36,0,9,0
23-02 14:18:51,5.750,3.500,54.499,34.249,0,1678576,542856,177584,5523076,7370.847,539.989,0,10775.777,0,719.985,5189,9270,3.630,2.420,1.350,0,2,9.000,0,0,11,36,0,9,0
23-02 14:18:52,5.500,3.250,53.000,35.250,0,1674056,546496,177588,5523912,4717.979,539.998,0,12079.947,0,809.996,5313,9643,3.630,2.420,1.350,0,1,15.000,0,0,11,36,0,9,0
23-02 14:18:53,5.749,2.500,57.992,30.246,0,1669692,550072,177604,5524668,7140.966,539.922,0,12690.162,0,892.871,5071,9088,3.630,2.420,1.350,1,2,17.997,0,0,11,36,0,9,0
23-02 14:18:54,7.497,3.498,51.727,34.235,0,1665192,553352,177608,5525856,6496.170,633.724,0,14145.838,0,961.581,5976,10403,3.630,2.420,1.350,0,1,23.990,0,0,11,36,0,9,0
23-02 14:18:55,10.534,3.511,46.148,37.119,0,1663516,554568,177612,5526292,7158.906,541.733,0,14189.401,0,981.139,5558,9818,3.630,2.420,1.350,1,2,3.010,0,0,11,36,0,9,0
23-02 14:18:56,8.226,2.742,51.600,34.649,0,1665264,550976,177616,5528060,6094.287,484.592,0,10405.756,0,665.067,4910,8455,3.420,2.400,1.350,0,1,0,0,0,11,36,0,9,0
23-02 14:18:57,6.001,2.750,57.010,31.256,0,1662292,552444,177620,5529492,3803.687,540.098,0,12614.279,0,793.143,4812,8887,3.420,2.400,1.350,1,1,0,0,0,11,36,0,9,0
23-02 14:18:58,4.250,2.750,49.250,39.750,0,1659240,554324,177628,5530616,8283.935,539.996,0,12575.901,0,822.994,4997,9166,3.420,2.400,1.350,0,1,0,0,0,11,36,0,9,0
23-02 14:18:59,4.751,2.751,50.012,39.259,0,1657328,554928,177632,5531868,7087.648,540.126,0,11490.672,0,715.166,5539,10202,3.420,2.400,1.350,0,2,1.000,0,0,11,36,0,9,0
23-02 14:19:00,5.005,3.503,45.293,43.542,0,1655476,555384,177636,5533192,11128.687,540.519,0,13068.549,0,835.803,5668,10417,3.420,2.400,1.350,0,2,1.001,0,0,11,36,0,9,0
23-02 14:19:01,4.245,3.246,47.447,42.453,0,1654100,555236,177640,5534644,34123.897,539.398,0,11439.227,0,765.146,5207,9295,3.470,2.420,1.370,0,2,0,0,0,11,36,0,9,0
23-02 14:19:02,5.501,3.001,52.760,36.757,0,1653700,554120,177644,5536100,7307.401,540.104,0,8777.683,0,623.120,5368,9674,3.470,2.420,1.370,0,1,0,0,0,11,36,0,9,0
23-02 14:19:03,5.000,3.000,47.505,40.504,0,1652360,553868,177648,5537608,5261.505,540.052,0,12761.224,0,806.077,5230,9622,3.470,2.420,1.370,0,2,0,0,0,11,36,0,9,0
23-02 14:19:04,5.003,3.252,48.025,40.271,0,1651208,553480,177648,5539104,4601.418,486.255,0,15436.110,0,944.496,6219,11810,3.470,2.420,1.370,0,2,0,0,0,11,36,0,9,0
23-02 14:19:05,4.991,2.995,55.652,33.441,0,1651636,551464,177652,5540644,3282.242,539.054,0,10305.919,0,681.804,4436,8136,3.470,2.420,1.370,0,1,5.989,0,0,11,36,0,9,0
23-02 14:19:06,5.505,2.252,56.549,31.777,0,1652384,550204,177652,5541144,9055.790,540.465,0,11529.918,0,783.674,4714,8622,3.270,2.400,1.360,1,1,9.008,0,0,11,36,0,9,0
23-02 14:19:07,4.500,3.000,56.496,33.748,0,1652232,550204,177656,5541284,7663.439,539.960,0,12067.116,0,850.938,4759,8644,3.270,2.400,1.360,0,1,3.000,0,0,11,36,0,9,0
23-02 14:19:08,4.760,3.006,57.372,31.818,0,1653004,548944,177656,5541752,6736.292,541.148,0,10229.704,0,793.684,4992,8832,3.270,2.400,1.360,2,0,12.026,0,0,11,36,0,9,0
23-02 14:19:09,3.992,2.495,56.880,33.679,0,1653352,548440,177660,5541904,4561.413,538.867,0,13272.106,0,855.203,4635,8628,3.270,2.400,1.360,0,2,9.979,0,0,11,36,0,9,0
23-02 14:19:10,5.008,3.506,55.843,32.805,0,1653500,547936,177664,5542248,7805.988,540.900,0,10321.173,0,858.428,5605,9756,3.270,2.400,1.360,0,2,15.025,0,0,11,36,0,9,0
23-02 14:19:11,6.238,2.495,61.631,25.950,0,1655164,546172,177668,5542344,7421.656,485.063,0,11010.720,0,797.459,4756,8521,3.490,2.460,1.390,0,2,8.983,0,0,11,36,0,9,0
23-02 14:19:12,9.011,3.504,51.312,32.790,0,1654968,545416,177672,5543276,4169.042,540.654,0,17360.996,0,1183.431,6883,12549,3.490,2.460,1.390,0,2,9.011,0,0,11,36,0,9,0
23-02 14:19:13,7.991,2.997,57.935,28.468,0,1654388,545164,177672,5544076,3452.140,539.397,0,9589.279,0,734.179,5386,9546,3.490,2.460,1.390,0,1,14.983,0,0,11,36,0,9,0
23-02 14:19:14,6.501,3.250,53.506,34.254,0,1654252,544912,177672,5544456,7012.823,540.063,0,11257.321,0,815.096,5763,10293,3.490,2.460,1.390,1,2,15.002,0,0,11,36,0,9,0
23-02 14:19:15,7.250,3.000,52.253,34.502,0,1654440,544156,177672,5545012,7831.491,540.034,0,13924.874,0,947.059,6067,10776,3.490,2.460,1.390,0,2,18.001,0,0,11,36,0,9,0
23-02 14:19:16,15.005,3.751,46.766,30.760,0,1497428,700756,177672,5545408,9124.054,540.181,0,12824.292,0,901.302,6077,10031,3.530,2.490,1.400,1,1,49.016,0,0,11,34,0,7,0
23-02 14:19:17,16.505,10.503,69.521,2.751,0,1373768,824524,177672,5545284,9101.809,540.167,0,1408.435,0,116.036,4080,3601,3.530,2.490,1.400,1,2,212.065,0,0,11,32,0,7,0
23-02 14:19:18,22.477,3.746,66.682,5.994,0,1444076,754216,177672,5545284,10253.556,539.451,0,2373.582,0,152.844,2169,1980,3.530,2.490,1.400,1,1,0.999,0,0,11,32,0,7,0
23-02 14:19:19,23.516,3.002,68.797,4.253,0,1497724,700568,177672,5545284,5120.522,486.335,0,1941.335,0,117.081,2311,2164,3.530,2.490,1.400,2,2,3.002,0,0,11,38,0,7,0
23-02 14:19:20,21.752,4.750,66.005,6.501,0.250,1426784,771500,177672,5545292,3730.301,540.044,0,3224.260,0,198.016,2538,2354,3.530,2.490,1.400,2,0,28.002,0,0,11,32,0,1,0
23-02 14:19:21,22.001,3.250,73.505,0.250,0,1468484,729800,177672,5545292,7211.468,540.035,0,60.004,0,6.000,1819,1324,3.330,2.460,1.400,2,0,0,0,0,11,32,0,1,0
23-02 14:19:22,18.285,13.275,65.374,2.004,0,1437508,760764,177672,5545304,5617.685,541.029,0,336.640,0,50.095,4164,3613,3.330,2.460,1.400,2,3,337.642,0,0,11,32,0,1,0
23-02 14:19:23,11.506,33.518,53.780,0.250,0,1434152,764044,177672,5545380,3919.159,540.298,0,568.313,0,45.025,7876,7469,3.330,2.460,1.400,1,0,1078.594,0,0,11,32,0,1,0
23-02 14:19:24,8.253,21.257,67.023,2.251,0,1425208,772908,177672,5545456,7302.526,540.187,0,308.107,0,19.007,6356,5060,3.330,2.460,1.400,2,0,519.180,0,0,11,32,0,1,0
23-02 14:19:25,8.491,20.727,69.423,0,0,1429396,768684,177672,5545484,6030.273,539.398,0,371.586,0,50.943,5785,4373,3.330,2.460,1.400,1,0,387.568,0,0,11,32,0,1,0
23-02 14:19:26,15.496,18.496,64.985,0,0,1422840,775180,177672,5545948,11585.281,485.886,0,95.977,0,8.998,6789,7778,3.140,2.440,1.400,1,0,331.922,0,0,11,32,0,1,0
23-02 14:19:27,39.158,10.226,49.883,0,0,1515264,682584,177676,5546032,6683.343,580.640,0,1328.887,0,187.561,3959,2706,3.140,2.440,1.400,3,0,130.694,0,0,11,33,0,1,0
23-02 14:19:28,45.059,6.258,48.813,0,0,1614876,583016,177676,5546104,3207.165,540.702,0,16.021,0,1.001,2788,1693,3.140,2.440,1.400,4,0,6.008,0,0,11,39,0,1,0
23-02 14:19:29,42.717,4.247,48.713,3.248,0,1675508,520652,177740,5547516,7704.109,539.587,103.921,1770.646,0.999,144.889,3687,2839,3.140,2.440,1.400,2,1,12.990,0,0,11,49,0,1,0
23-02 14:19:30,17.802,18.053,62.683,0.752,0,1675352,517792,177744,5550636,6765.767,541.582,0,252.738,0,19.056,6717,9565,3.140,2.440,1.400,4,0,378.105,0,0,11,48,0,1,0
23-02 14:19:31,14.702,8.472,75.505,0,0,1677644,515448,177744,5550296,3532.531,538.252,0,43.858,0,3.987,3930,5643,2.970,2.410,1.400,0,0,124.595,0,0,11,48,0,1,0
23-02 14:19:32,0.750,0.750,95.246,2.250,0,1677504,515448,177744,5550436,6587.727,539.978,0,587.976,0,36.998,937,1426,2.970,2.410,1.400,0,1,3.000,0,0,11,48,0,1,0
23-02 14:19:33,1.000,1.000,84.224,12.496,0,1676288,516664,177744,5550436,4876.506,539.835,0,7285.768,0,361.889,1477,2473,2.970,2.410,1.400,0,1,1.999,0,0,11,48,0,1,0
23-02 14:19:34,0.750,0.500,97.030,0.750,0,1674596,518356,177744,5550436,9836.038,486.150,0,912.282,0,53.016,854,1191,2.970,2.410,1.400,0,0,2.001,0,0,11,48,0,1,0
23-02 14:19:35,1.754,3.007,94.716,0,0,1660848,532116,177744,5550428,8086.444,541.234,0,0,0,0,1354,1530,2.970,2.410,1.400,1,0,36.082,0,0,11,48,0,1,0
23-02 14:19:36,18.752,13.251,66.507,0,0,1671128,521792,177744,5550444,3738.415,540.060,0,0,0,0,5078,7813,2.810,2.390,1.390,2,0,283.031,0,0,11,48,0,1,0
23-02 14:19:37,10.755,16.258,72.033,0,0,1668280,524592,177744,5550484,9020.164,778.359,0,4.002,0,1.000,5310,4877,2.810,2.390,1.390,1,0,340.157,0,0,12,48,0,1,0
23-02 14:19:38,17.722,13.978,66.893,0,0,1673264,519600,177744,5550472,5803.675,539.134,0,7.987,0,1.997,6279,8725,2.810,2.390,1.390,2,1,277.554,0,0,12,52,0,1,0
23-02 14:19:39,4.997,7.745,82.198,4.497,0,1673900,518844,177744,5550636,7667.177,539.661,0,507.681,0,40.974,2813,3085,2.810,2.390,1.390,2,0,161.898,0,0,12,64,0,1,0
23-02 14:19:40,17.743,14.244,66.224,0,0,1670780,521908,177744,5550672,7458.068,539.788,0,15.994,0,3.998,6440,7728,2.810,2.390,1.390,0,0,260.897,0,0,14,64,0,2,0
23-02 14:19:41,8.519,19.545,71.162,0,0,1683028,509624,177744,5550708,9345.293,541.233,0,52.119,0,8.018,5796,4653,2.670,2.370,1.390,2,0,410.936,0,0,14,66,0,2,0
23-02 14:19:42,17.762,19.263,61.291,0.500,0,1664120,528468,177744,5551096,5229.511,582.391,0,696.468,0,47.032,7356,18944,2.670,2.370,1.390,2,0,403.271,0,0,14,66,0,3,0
23-02 14:19:43,27.490,20.243,51.981,0,0,1731892,460668,177752,5550772,5627.927,527.806,0,183.932,0,11.996,6868,7378,2.670,2.370,1.390,3,0,502.815,0,0,14,66,0,3,0
23-02 14:19:44,29.234,25.236,44.725,0,0,1794976,396156,177824,5552048,3198.216,539.699,19.989,307.828,1.999,7.996,7812,9475,2.670,2.370,1.390,2,0,704.607,0,0,14,66,0,3,0
23-02 14:19:45,31.443,23.957,42.922,0,0,1962248,228472,177832,5552696,7668.126,539.025,0,39.928,0,9.982,7120,6832,2.670,2.370,1.390,2,0,472.146,0,0,14,70,0,4,0
23-02 14:19:46,58.128,20.044,22.299,0,0,2013836,176696,177844,5552852,7462.459,541.194,0,24.053,0,6.013,5334,6003,2.770,2.390,1.400,6,0,406.897,0,0,14,70,0,4,0
23-02 14:19:47,63.137,20.463,15.722,0,0,2125456,143372,164412,5489840,7083.297,539.033,103.814,27.950,9.982,6.987,5472,8811,2.770,2.390,1.400,3,0,377.323,0,0,14,70,0,4,0
23-02 14:19:48,67.195,23.980,5.995,1.749,0,2254596,162356,162544,5347224,6845.424,629.487,4935.979,2581.897,213.826,67.945,6126,5828,2.770,2.390,1.400,4,0,522.574,0,0,14,70,0,4,0
23-02 14:19:49,72.967,19.057,4.764,3.510,0,2442308,131592,164416,5191636,19210.138,541.611,2876.556,377.122,160.477,21.063,7427,9164,2.770,2.390,1.400,4,4,292.871,0,0,14,74,0,4,0
23-02 14:19:50,58.358,23.194,7.731,9.976,0,2586084,139384,164276,5044140,5376.929,538.690,3.990,7912.764,0.998,459.882,9502,13466,2.770,2.390,1.400,10,1,558.642,0,0,14,76,0,4,0
23-02 14:19:51,48.890,16.798,9.527,24.319,0.251,2653336,126732,164132,4990632,7958.718,487.391,1628.649,13759.276,59.169,339.970,7788,10983,2.950,2.440,1.420,3,1,218.624,0,0,14,79,0,4,0
23-02 14:19:52,51.232,5.248,20.743,21.742,0,2768632,153968,164136,4851620,3579.710,539.806,259.906,8936.780,22.992,317.885,6757,9035,2.950,2.440,1.420,3,1,1.000,0,0,14,79,0,4,0
23-02 14:19:53,64.110,8.980,20.705,5.737,0,2845596,144904,164236,4784752,7465.709,538.824,75.835,5001.087,5.987,344.249,7470,9668,2.950,2.440,1.420,4,1,68.850,0,0,14,84,0,8,0
23-02 14:19:54,39.577,22.544,34.066,3.507,0,2888908,167632,164248,4720268,8749.007,635.235,833.620,3182.186,45.088,241.469,8941,13509,2.950,2.440,1.420,1,1,538.046,0,0,14,93,0,15,0
23-02 14:19:55,14.746,18.495,61.233,3.999,0,2901324,155024,164248,4720904,7377.983,539.852,0,1667.544,0,120.967,7314,8449,2.950,2.440,1.420,1,2,356.902,0,0,14,93,0,15,0
23-02 14:19:56,38.270,10.370,39.999,9.136,0,3003836,125084,164252,4649568,6668.448,533.318,695.288,6723.755,33.579,290.362,4122,3113,2.870,2.430,1.430,3,1,125.428,0,0,14,94,0,15,0
23-02 14:19:57,30.123,12.657,51.640,6.075,0,3060240,194928,164268,4526000,9633.307,546.772,4.050,4714.387,1.013,258.198,5091,5229,2.870,2.430,1.430,2,0,177.195,0,0,14,97,0,15,0
23-02 14:19:58,8.495,19.488,70.209,0,0,3079428,175572,164268,4526168,7791.401,575.660,0,91.946,0,10.994,5790,4403,2.870,2.430,1.430,2,0,378.776,0,0,14,97,0,15,0
23-02 14:19:59,8.255,19.261,66.039,5.253,0,3080244,174712,164268,4526212,5088.968,540.315,4.002,9925.790,1.001,452.264,6550,5116,2.870,2.430,1.430,1,0,438.256,0,0,14,97,0,15,0
23-02 14:20:00,20.445,3.989,75.048,0.249,0,3135104,185560,164268,4462052,9081.575,2499.278,510.627,39.893,27.925,3.989,1869,1402,2.870,2.430,1.430,0,0,0,0,0,14,98,0,15,0
23-02 14:20:01,17.290,2.756,77.929,0.752,0,3075648,245092,164272,4462016,27470.248,21424.327,44.102,316.729,5.012,27.062,2590,2737,2.720,2.400,1.430,1,0,10.023,0,0,14,99,0,16,0
23-02 14:20:02,21.020,5.505,72.820,0,0,3148912,171816,164272,4462028,6181.931,540.519,0,1641.575,0,10.010,2305,1651,2.720,2.400,1.430,1,0,53.051,0,0,14,99,0,16,0
23-02 14:20:03,14.455,2.991,80.248,0.997,0,3153496,167040,164276,4462220,14166.595,6992.083,11.963,885.225,2.991,40.872,2518,2795,2.720,2.400,1.430,1,0,1.994,0,0,14,106,0,16,0
23-02 14:20:04,25.788,5.258,62.341,5.007,0,3153328,166128,164288,4463288,4370.364,540.787,464.677,1610.345,15.022,190.277,6991,10677,2.720,2.400,1.430,1,1,5.007,0,0,14,113,0,16,0
23-02 14:20:05,20.239,5.997,64.216,6.996,0,3123176,196124,164288,4463444,8999.215,1682.106,0,1779.054,0,134.928,4488,5327,2.720,2.400,1.430,2,0,67.964,0,0,14,112,0,18,0
23-02 14:20:06,20.466,5.241,71.881,2.496,0,3191120,128108,164288,4463500,5725.525,1097.184,0,1010.328,0,47.921,2216,1766,2.590,2.380,1.420,1,1,42.929,0,0,14,113,0,18,0
23-02 14:20:07,16.492,3.498,77.710,1.249,0,3185324,133632,164288,4463772,9765.976,6318.749,3.998,1055.457,0.999,69.964,2573,3293,2.590,2.380,1.420,1,2,0.999,0,0,14,115,0,18,0
23-02 14:20:08,18.516,4.254,69.309,6.005,0,3189088,129316,164292,4464320,8769.438,2616.219,104.088,1641.392,12.010,143.121,4805,7773,2.590,2.380,1.420,1,1,4.003,0,0,14,117,0,18,0
23-02 14:20:09,37.758,10.752,47.260,3.501,0,3225204,159640,164296,4400072,8721.815,1734.361,0,1572.327,0,133.028,4780,4747,2.590,2.380,1.420,2,0,102.021,0,0,14,118,0,19,0
23-02 14:20:10,33.750,4.750,60.251,0.250,0,3294444,153536,164296,4338132,10833.108,22747.226,0,472.005,0,26.000,2589,1673,2.590,2.380,1.420,0,0,0,0,0,14,119,0,19,0
23-02 14:20:11,19.762,5.753,73.793,0.250,0,3288604,159364,164296,4338144,24478.305,1959.145,0,420.246,0,25.015,2421,1765,2.460,2.360,1.420,1,0,55.032,0,0,14,118,0,20,0
23-02 14:20:12,17.487,1.999,79.443,0,0,3307200,140756,164296,4338156,28793.340,23060.454,0,107.923,0,6.995,1860,1526,2.460,2.360,1.420,1,0,0,0,0,14,118,0,21,0
23-02 14:20:13,20.245,5.749,73.733,0,0,3301140,146804,164296,4338168,8742.935,539.872,0,0,0,0,2288,1627,2.460,2.360,1.420,1,0,50.988,0,0,14,118,0,21,0
23-02 14:20:14,14.509,1.751,79.052,2.752,0,3310388,137508,164296,4338216,12703.277,7094.622,16.010,800.522,4.003,66.043,2525,3016,2.460,2.360,1.420,1,3,1.001,0,0,14,121,0,21,0
23-02 14:20:15,17.743,7.747,64.973,7.747,0,3283576,164292,164296,4338244,4070.304,1687.297,0,4210.246,0,250.895,3638,4302,2.460,2.360,1.420,1,0,81.966,0,0,14,120,0,22,0
23-02 14:20:16,17.767,2.252,79.825,0,0,3305736,142128,164296,4338248,30525.573,22966.497,0,808.757,0,2.002,1818,1420,2.500,2.370,1.430,1,0,0,0,0,14,121,0,22,0
23-02 14:20:17,20.234,6.245,72.943,0,0,3321784,126060,164296,4338268,6794.681,713.442,0,0,0,0,2319,1702,2.500,2.370,1.430,1,0,54.957,0,0,14,120,0,23,0
23-02 14:20:18,14.503,2.501,81.017,1.000,0,3334024,177132,164296,4276380,13903.974,7259.553,52.011,380.081,7.001,33.007,2085,2101,2.500,2.370,1.430,1,0,0,0,0,14,121,0,23,0
23-02 14:20:19,25.801,4.509,59.618,8.016,0,3332104,178808,164296,4276624,8249.344,541.072,48.095,1711.391,3.006,227.451,7267,11471,2.500,2.370,1.430,1,1,2.004,0,0,14,122,0,24,0
23-02 14:20:20,18.452,6.733,70.319,3.491,0,3277856,232968,164296,4276708,8368.443,1775.426,0,1831.283,0,125.676,2913,2922,2.500,2.370,1.430,1,0,52.864,0,0,14,121,0,25,0
23-02 14:20:21,15.757,1.501,80.784,0.750,0,3297960,212808,164296,4276764,15690.656,8743.709,44.019,696.295,3.001,40.017,1890,1721,2.380,2.350,1.430,1,0,0,0,0,14,122,0,25,0
23-02 14:20:22,20.250,4.750,71.000,3.500,0,3298224,212492,164296,4276816,7260.000,2384.000,0,1244.000,0,121.000,4463,6438,2.380,2.350,1.430,1,1,0,0,0,14,122,0,25,0
23-02 14:20:23,29.594,7.273,57.432,4.263,0,3271936,238744,164296,4276852,3984.606,1410.462,0,1661.256,0,148.470,6468,9354,2.380,2.350,1.430,1,1,71.225,0,0,14,123,0,26,0
23-02 14:20:24,18.696,2.742,77.029,0.997,0,3311456,199180,164296,4276896,13735.678,6235.150,0,829.625,0,62.820,2088,1936,2.380,2.350,1.430,1,0,0.997,0,0,14,124,0,26,0
23-02 14:20:25,16.749,7.249,72.745,2.000,0,3285708,224884,164296,4276940,12896.071,4448.679,15.999,1391.900,1.000,130.991,4409,5111,2.380,2.350,1.430,2,0,146.989,0,0,14,123,0,27,0
23-02 14:20:26,18.992,2.999,71.970,5.248,0,3314920,195664,164296,4276948,10609.553,2782.834,0,4626.061,0,272.886,2313,2466,2.270,2.320,1.420,1,0,0,0,0,14,124,0,27,0
23-02 14:20:27,16.990,2.249,79.202,0.750,0,3316540,193900,164300,4277088,18482.758,9778.053,0,1115.322,0,96.941,2965,3233,2.270,2.320,1.420,1,0,0,0,0,14,124,0,27,0
23-02 14:20:28,23.251,7.500,66.254,1.750,0,3319240,191144,164300,4277144,11375.668,540.032,32.002,1208.071,2.000,121.007,6156,8941,2.270,2.320,1.420,4,2,4.000,0,0,14,126,0,27,0
23-02 14:20:29,43.403,13.297,37.131,4.014,0,3261316,248756,164300,4277360,8409.637,2412.502,0,1774.253,0,172.608,17781,30780,2.270,2.320,1.420,1,1,288.015,0,0,14,125,0,28,0
23-02 14:20:30,19.194,2.243,73.786,3.739,0,3326048,184020,164300,4277364,8461.421,6410.379,0,4016.333,0,311.096,2157,1840,2.270,2.320,1.420,1,0,0,0,0,14,126,0,28,0
23-02 14:20:31,14.784,11.527,71.667,1.002,0,3325220,184844,164300,4277368,6064.100,2284.311,0,433.007,0,20.047,3962,3219,2.330,2.330,1.430,1,2,223.520,0,0,14,125,0,29,0
23-02 14:20:32,9.999,20.499,67.745,1.250,0,3295944,213928,164300,4277544,7225.479,629.955,0,739.947,0,53.996,6114,4889,2.330,2.330,1.430,1,0,413.970,0,0,14,125,0,29,0
23-02 14:20:33,23.265,15.510,59.789,0.500,0,3312248,197592,164304,4277576,4625.982,540.348,0,856.552,0,45.029,6607,8685,2.330,2.330,1.430,3,2,306.197,0,0,14,125,0,29,0
23-02 14:20:34,30.775,22.768,43.786,1.001,0,3342760,167036,164304,4277620,7976.475,610.496,36.029,1156.939,4.003,69.056,6941,6114,2.330,2.330,1.430,2,0,560.455,0,0,14,125,0,29,0
23-02 14:20:35,34.412,17.206,46.880,1.496,0,3401984,170132,164316,4216980,6093.430,538.624,87.776,430.899,4.987,20.946,6682,9361,2.330,2.330,1.430,4,1,299.235,0,0,16,131,0,29,0
23-02 14:20:36,55.616,27.557,14.781,0.501,0,3562552,131180,164324,4098612,8393.492,541.128,16.033,773.612,4.008,52.109,10307,13985,2.700,2.410,1.460,3,0,644.343,0,0,16,137,0,29,0
23-02 14:20:37,60.017,18.505,22.256,0.250,0,3679476,125628,164124,3989864,6082.764,486.141,68.020,524.152,7.002,32.009,9539,14717,2.700,2.410,1.460,2,0,340.099,0,0,16,153,0,29,0
23-02 14:20:38,36.480,21.988,39.228,0.500,0,3753340,138752,164096,3903328,5079.185,539.701,7.996,887.508,1.999,34.981,7896,6837,2.700,2.410,1.460,2,0,647.641,0,0,16,153,0,29,0
23-02 14:20:39,22.504,18.753,57.510,1.000,0,3757764,187240,164100,3851304,7831.353,540.093,8.001,628.109,2.000,33.006,7516,9307,2.700,2.410,1.460,17,0,431.074,0,0,17,153,0,29,0
23-02 14:20:40,26.481,19.486,52.463,0.250,0,3811656,133364,164100,3850988,17248.789,629.554,3.997,351.751,0.999,24.982,5845,5141,2.700,2.410,1.460,3,0,436.691,0,0,17,153,0,29,0
23-02 14:20:41,38.037,19.519,40.790,1.001,0,3882200,159544,163976,3756280,4354.281,540.531,20.020,1121.102,5.005,141.139,6759,9520,2.650,2.410,1.470,3,0,358.352,0,0,17,159,0,29,0
23-02 14:20:42,39.734,24.990,32.736,1.249,0,3982776,164540,163984,3653012,7439.926,609.748,343.858,639.736,13.994,41.983,8952,21319,2.650,2.410,1.470,2,0,651.731,0,0,17,165,0,28,0
23-02 14:20:43,32.008,24.256,42.011,1.000,0,4060092,156388,163984,3585428,8544.136,540.135,16.004,852.213,4.001,52.013,9127,11560,2.650,2.410,1.470,2,1,679.170,0,0,17,171,0,28,0
23-02 14:20:44,14.503,18.503,66.012,0,0,4077268,138956,163984,3586016,7207.292,540.097,0,156.028,0,15.003,6751,7233,2.650,2.410,1.470,5,0,373.067,0,0,17,171,0,28,0
23-02 14:20:45,35.368,11.208,51.557,0.996,0,4159736,142428,163984,3501620,5234.418,537.987,0,490.166,0,26.899,4646,4749,2.650,2.410,1.470,2,0,148.445,0,0,17,177,0,28,0
23-02 14:20:46,45.255,7.751,46.005,0.750,0,4282780,189020,163984,3336236,4616.465,486.049,60.006,404.041,5.001,33.003,3312,2296,2.590,2.400,1.470,2,0,1.000,0,0,17,177,0,26,0
23-02 14:20:47,34.798,11.516,50.319,1.502,0,4260456,243196,163988,3304872,9210.618,540.741,48.066,3508.807,7.010,62.085,5040,5007,2.590,2.400,1.470,3,0,230.316,0,0,17,197,0,26,0
23-02 14:20:48,35.079,22.801,38.837,2.756,0,4317456,184352,163996,3306660,9493.358,2046.604,457.028,601.353,7.016,43.097,7749,9819,2.590,2.400,1.470,1,0,534.202,0,0,17,198,0,26,0
23-02 14:20:49,37.195,20.719,38.693,2.746,0,4308828,192248,164004,3307648,12651.306,7879.357,383.433,407.398,8.987,24.963,7774,9572,2.590,2.400,1.470,2,1,379.439,0,0,17,203,0,27,0
23-02 14:20:50,68.846,16.523,10.765,3.004,0,4452008,137336,164024,3221352,6296.749,757.052,1125.564,672.935,21.029,9.013,5113,4778,2.590,2.400,1.470,2,2,150.209,0,0,17,204,0,27,0
23-02 14:20:51,42.637,8.976,27.428,20.197,0,4511040,151072,164068,3150188,16201.191,10503.247,2078.508,5788.704,67.821,167.557,4650,4820,2.630,2.410,1.480,3,0,23.937,0,0,17,215,0,27,0
23-02 14:20:52,54.298,9.714,17.435,17.684,0,4540304,141460,164120,3130548,9135.962,1701.660,5296.268,1251.338,286.931,129.517,5922,6869,2.630,2.410,1.480,3,1,34.870,0,0,17,224,0,28,0
23-02 14:20:53,37.998,22.396,36.992,2.013,0,4546720,150684,164128,3115124,15047.352,8502.574,12.079,1501.816,3.020,60.395,8133,9763,2.630,2.410,1.480,1,0,518.388,0,0,17,222,0,32,0
23-02 14:20:54,32.975,18.236,41.968,5.746,0,4533736,162708,164136,3116044,7877.032,3972.990,39.970,9812.566,2.998,98.925,8270,11200,2.630,2.410,1.480,4,1,294.777,0,0,17,221,0,22,0
23-02 14:20:55,54.503,26.251,17.501,1.250,0,4623376,155524,164140,3036512,15239.793,6295.328,4.000,2380.124,1.000,127.007,7342,8301,2.630,2.410,1.480,3,0,573.030,0,0,17,222,0,22,0
23-02 14:20:56,51.685,16.479,22.971,7.241,0,4686312,160716,164160,2969404,11399.693,5714.828,1150.556,1242.441,54.931,67.915,7051,11915,2.580,2.400,1.480,6,0,288.638,0,0,17,223,0,25,0
23-02 14:20:57,58.787,24.515,12.508,3.752,0,4748256,137328,164164,2931960,11015.944,610.385,264.167,12872.114,8.005,964.608,7957,9218,2.580,2.400,1.480,5,0,531.335,0,0,17,229,0,25,0
23-02 14:20:58,43.989,17.745,34.491,3.999,0,4769048,154852,164176,2894808,16273.865,10499.332,575.854,875.777,36.991,57.985,9536,15812,2.580,2.400,1.480,3,1,279.929,0,0,17,236,0,26,0
23-02 14:20:59,67.568,16.266,14.515,0.501,0,4872592,132248,164180,2816064,8959.969,1474.476,12.012,748.749,2.002,41.041,5559,5425,2.580,2.400,1.480,3,0,145.145,0,0,17,235,0,27,0
23-02 14:21:00,53.501,10.750,29.750,5.250,0,4941148,122220,164172,2758500,19710.255,15022.195,1796.023,848.011,85.001,31.000,9369,21239,2.580,2.400,1.480,6,1,12.000,0,0,17,242,0,31,0
23-02 14:21:01,52.073,9.966,33.636,3.737,0,4959904,156000,163944,2706880,10636.843,6170.027,1215.867,988.639,34.881,93.682,5719,6256,2.530,2.390,1.480,4,0,21.925,0,0,17,245,0,33,0
23-02 14:21:02,42.301,22.436,28.746,5.375,0,4956764,155436,164212,2710212,9324.917,5845.484,3866.452,5237.846,61.699,169.204,8317,8693,2.530,2.390,1.480,2,1,530.983,0,0,17,246,0,32,0
23-02 14:21:03,53.705,24.436,20.139,0.806,0,4946648,165136,164212,2710956,14263.918,6043.906,1138.536,1559.579,11.815,137.484,7855,11907,2.530,2.390,1.480,5,1,417.821,0,0,17,245,0,33,0
23-02 14:21:04,71.324,15.516,11.262,1.752,0,5038028,133692,164220,2651872,12518.954,6568.797,1261.305,960.994,49.051,36.037,5577,4521,2.530,2.390,1.480,5,1,168.174,0,0,18,249,0,33,0
23-02 14:21:05,65.227,11.452,10.954,11.203,0,5085412,151728,164220,2588272,12862.120,5387.432,3465.483,1099.395,176.262,59.750,5390,4593,2.530,2.390,1.480,3,2,18.921,0,0,18,248,0,34,0
23-02 14:21:06,76.591,11.841,8.062,3.023,0,5164604,139664,164260,2522792,12707.061,6301.630,1644.692,1725.314,62.482,114.887,7719,9723,2.730,2.440,1.500,3,0,109.848,0,0,18,256,0,36,0
23-02 14:21:07,36.242,10.748,46.990,4.999,0,5140044,223576,164264,2464956,15330.635,6760.516,1139.750,819.820,27.994,88.980,5446,6118,2.730,2.440,1.500,4,2,127.972,0,0,18,258,0,35,0
23-02 14:21:08,42.085,10.210,42.832,3.735,0,5235400,128192,164272,2465008,17513.343,3183.520,565.782,956.251,8.965,74.707,4282,5267,2.730,2.440,1.500,1,2,8.965,0,0,18,267,0,35,0
23-02 14:21:09,28.500,6.750,61.250,2.000,0,5255236,129720,164272,2444468,11748514.378,103841.445,768.003,964.004,6.000,77.000,7867,5777,2.730,2.440,1.500,1,1,9.000,0,0,18,265,0,35,1
23-02 14:21:10,36.145,13.805,47.440,2.259,0,5253252,124696,164276,2451456,4847596.945,45458.298,2305.245,622.496,28.113,43.173,6833,5185,2.730,2.440,1.500,2,0,264.059,0,0,18,266,0,36,0
23-02 14:21:11,29.633,4.233,63.001,1.245,0,5278164,132016,164276,2420240,21868.545,16111.305,0,382.488,0,33.866,3161,2862,2.590,2.410,1.500,1,1,1.992,0,0,18,272,0,34,0
23-02 14:21:12,33.234,5.247,50.975,8.246,0,5255772,153552,164276,2421100,20497.850,504462.214,447.778,2054.982,25.987,156.922,6016,7777,2.590,2.410,1.500,1,1,5.997,0,0,18,274,0,37,0
23-02 14:21:13,17.997,2.500,76.235,1.250,0,5282804,126496,164280,2421120,409770.807,15893857.102,0,463.911,0,38.993,4004,2753,2.590,2.410,1.500,0,0,1.000,0,0,18,275,0,37,0
23-02 14:21:14,9.497,2.999,85.975,0.750,0,5241720,167564,164280,2421136,11214.685,5346.420,3.999,655.806,1.000,42.987,2668,3119,2.590,2.410,1.500,0,0,36.989,0,0,18,274,0,38,0
23-02 14:21:15,2.001,1.001,95.549,0.750,0,5236560,172724,164280,2421136,8747.450,540.275,0,8780.467,0,26.013,1226,1705,2.590,2.410,1.500,0,1,0,0,0,18,274,0,36,0
23-02 14:21:16,19.500,3.250,71.501,2.250,0,5189312,203924,164288,2437144,16511366.685,110322.840,64.000,688.005,3.000,65.000,10812,10526,2.540,2.410,1.500,1,1,1.000,0,0,18,279,0,37,0
23-02 14:21:17,12.758,17.011,67.792,1.751,0,5129548,263464,164292,2437348,7131.445,2085.300,44.027,2101.310,3.002,94.059,6138,5987,2.540,2.410,1.500,1,0,465.290,0,0,18,276,0,39,0
23-02 14:21:18,24.460,3.993,66.391,4.742,0,5109132,283872,164292,2437356,9824.886,539.116,0,5159.538,0,675.891,2984,2384,2.540,2.410,1.500,2,0,0,0,0,18,276,0,39,0
23-02 14:21:19,9.009,19.020,69.071,0.751,0,5133392,259548,164296,2437400,10342.673,540.558,4.004,212.219,1.001,22.023,6172,5247,2.540,2.410,1.500,1,0,381.394,0,0,18,280,0,38,0
23-02 14:21:20,6.247,12.994,79.716,0.250,0,5126164,266720,164296,2437456,8421.387,539.768,15.993,1723.261,1.000,7.997,4469,3937,2.540,2.410,1.500,0,0,290.875,0,0,18,280,0,38,0
23-02 14:21:21,8.000,3.250,87.253,0,0,5142200,250684,164296,2437456,10017.314,582.018,0,7660.240,0,14.000,1768,1967,2.340,2.370,1.490,1,0,9.000,0,0,18,280,0,38,0
23-02 14:21:22,18.245,2.249,78.730,0,0,5185784,207088,164296,2437468,10022.507,6251.445,0,8297.936,0,14.996,2057,1887,2.340,2.370,1.490,1,0,0,0,0,18,281,0,38,0
23-02 14:21:23,15.317,10.546,68.551,4.269,0,5169668,223044,164300,2437632,9934.627,3777.589,76.335,1341.893,7.031,131.578,4627,4121,2.340,2.370,1.490,3,2,152.670,0,0,18,284,0,37,0
23-02 14:21:24,12.253,15.004,57.515,13.754,0,5121460,270860,164300,2437960,6900.859,540.146,4.001,10470.821,1.000,633.171,6391,5372,2.340,2.370,1.490,2,0,226.061,0,0,18,284,0,37,0
23-02 14:21:25,13.681,14.925,70.146,0,0,5133752,258336,164300,2438176,5140.071,483.561,3.980,226.856,0.995,12.935,5181,4203,2.340,2.370,1.490,2,0,223.871,0,0,18,284,0,37,0
23-02 14:21:26,23.314,3.510,70.191,1.504,0,5208676,183376,164300,2438212,8925.346,611.668,32.088,312.853,1.003,23.063,2487,2314,2.230,2.340,1.490,1,2,2.005,0,0,18,286,0,37,0
23-02 14:21:27,21.941,2.244,69.812,4.488,0,5251524,140104,164300,2438636,8568.910,538.549,418.871,801.839,13.962,72.804,2809,2918,2.230,2.340,1.490,1,0,4.987,0,0,18,292,0,35,0
23-02 14:21:28,24.439,2.992,68.578,2.992,0,5241272,150352,164300,2438640,6977.461,580.541,23.940,147.629,3.990,13.965,2583,2375,2.230,2.340,1.490,2,1,4.987,0,0,18,290,0,35,0
23-02 14:21:29,23.077,4.515,70.484,1.003,0,5225628,197684,164300,2407704,5442.068,541.799,0,16318.178,0,43.143,2513,2365,2.230,2.340,1.490,1,1,4.013,0,0,18,290,0,35,0
23-02 14:21:30,18.830,2.762,76.826,0.502,0,5131872,291432,164300,2407712,14856.002,7722.751,0,100.426,0,9.038,2567,2369,2.230,2.340,1.490,1,0,17.072,0,0,18,290,0,36,0
23-02 14:21:31,23.402,4.481,70.953,0,0,5199644,223648,164300,2407724,5508.907,537.746,3.983,147.382,0.996,12.946,2341,2119,2.290,2.360,1.500,3,0,5.975,0,0,18,290,0,34,0
23-02 14:21:32,17.039,11.025,71.415,0.251,0,5190344,232788,164304,2407880,2929.769,487.126,396.917,336.778,6.014,14.032,3912,3248,2.290,2.360,1.500,1,0,174.403,0,0,18,290,0,34,0
23-02 14:21:33,10.255,18.510,68.536,1.751,0,5187048,235908,164308,2408052,3104.623,540.282,56.029,340.178,6.003,26.014,5952,5101,2.290,2.360,1.500,1,0,409.214,0,0,18,290,0,34,0
23-02 14:21:34,21.685,3.240,73.032,0.748,0,5235100,187672,164476,2408068,11706.984,1806.596,135.594,191.427,4.985,8.973,2448,1990,2.290,2.360,1.500,1,0,32.902,0,0,18,291,0,34,0
23-02 14:21:35,19.763,2.251,75.049,1.001,0,5230676,185676,165108,2413776,8094.277,1553.012,128.083,700.457,4.003,10.007,2085,1895,2.290,2.360,1.500,2,0,2.001,0,0,18,290,0,34,0
23-02 14:21:36,20.482,2.498,75.183,0.999,0,5250444,164812,165120,2414828,14026.467,3411.951,0,927.172,0,39.964,2512,2499,2.110,2.320,1.490,1,0,16.985,0,0,18,291,0,34,0
23-02 14:21:37,22.312,5.265,70.196,0.752,0,5247980,162116,165656,2419324,6458.069,1210.386,28.079,1026.873,2.006,17.048,10723,19572,2.110,2.320,1.490,1,0,14.039,0,0,18,291,0,34,0
23-02 14:21:38,19.282,4.508,71.120,3.005,0,5235732,173908,165696,2419740,13755.144,2993.036,112.189,657.106,7.012,24.040,10334,19213,2.110,2.320,1.490,1,1,14.024,0,0,18,291,0,34,0
23-02 14:21:39,21.920,4.733,69.994,2.242,0,5157576,261620,165848,2409980,8239.916,711.403,7.971,1287.300,1.993,62.771,2963,3005,2.110,2.320,1.490,1,2,13.949,0,0,18,290,0,34,0
23-02 14:21:40,14.242,13.492,70.961,0.250,0,5182096,237312,165848,2409868,3583.007,485.730,0,683.620,0,19.989,4478,3927,2.110,2.320,1.490,2,0,263.853,0,0,18,290,0,34,0
23-02 14:21:41,19.504,2.250,77.515,0.250,0,5220576,198516,165848,2410184,10270.969,6254.199,0,60.012,0,4.001,1976,1780,2.020,2.290,1.490,3,0,0,0,0,18,291,0,34,0
23-02 14:21:42,20.818,9.030,67.722,0.752,0,5240444,178600,165848,2410232,11748.521,5243.192,36.118,0,3.010,0,4155,10831,2.020,2.290,1.490,1,0,152.500,0,0,18,290,0,38,0
23-02 14:21:43,20.507,2.751,76.276,0,0,5223664,195348,165848,2410248,7502.568,6123.096,0,0,0,0,2239,2063,2.020,2.290,1.490,0,0,0,0,0,18,291,0,37,0
23-02 14:21:44,20.157,5.475,72.665,0,0,5182900,236108,165848,2410252,14457.333,3566.554,0,7.963,0,0.995,2925,2538,2.020,2.290,1.490,1,0,69.679,0,0,18,290,0,38,0
23-02 14:21:45,18.242,1.999,78.465,0,0,5204572,214428,165848,2410260,11656.738,6250.179,0,35.984,0,1.999,2082,1992,2.020,2.290,1.490,1,0,1.999,0,0,18,291,0,38,0
23-02 14:21:46,18.813,5.769,73.998,1.254,0,5216520,202400,165848,2410340,15133.697,7879.396,64.215,333.116,3.010,20.067,2970,2888,2.020,2.290,1.490,1,0,56.188,0,0,18,290,0,39,0
23-02 14:21:47,20.045,2.756,75.672,0,0,5249624,169264,165848,2410372,11608.314,6267.207,0,240.545,0,20.045,3143,3856,2.020,2.290,1.490,3,0,0,0,0,18,293,0,39,0
23-02 14:21:48,22.151,6.720,69.192,0.747,0,5230856,187912,165848,2410492,7772.384,5103.272,11.947,254.865,0.996,27.876,3879,4311,2.020,2.290,1.490,1,1,32.854,0,0,18,292,0,42,0
23-02 14:21:49,21.501,3.250,74.005,0.500,0,5239724,179012,165848,2410524,12664.817,6562.423,0,360.023,0,33.002,2979,3005,2.020,2.290,1.490,0,0,1.000,0,0,18,293,0,42,0
23-02 14:21:50,12.252,4.251,81.265,0.500,0,5227216,191472,165848,2410572,10935.964,5415.973,32.006,424.076,2.000,39.007,2832,3235,2.020,2.290,1.490,2,0,47.008,0,0,18,292,0,43,0
23-02 14:21:51,19.557,2.758,77.475,0,0,5278980,139704,165848,2410576,6392.552,2933.513,0,248.722,0,9.026,2033,1964,1.940,2.270,1.490,1,0,0,0,0,18,293,0,43,0
23-02 14:21:52,18.930,5.231,73.977,0,0,5263660,155012,165848,2410588,16382.435,8345.148,0,7.971,0,0.996,2867,2552,1.940,2.270,1.490,1,0,31.882,0,0,18,292,0,45,0
23-02 14:21:53,19.001,3.250,75.755,0.750,0,5281916,160956,165848,2386912,10868.670,6253.385,0,260.016,0,21.001,2434,2470,1.940,2.270,1.490,3,0,1.000,0,0,18,293,0,45,0
23-02 14:21:54,13.997,1.500,79.485,4.249,0,5271468,171308,165848,2387008,12416.732,5818.937,79.985,1771.676,4.999,136.975,2854,3428,1.940,2.270,1.490,1,0,1.000,0,0,18,292,0,46,0
23-02 14:21:55,5.500,8.000,77.500,7.750,0,5225244,216308,166384,2387696,11331.063,2936.016,1120.006,3148.018,251.001,399.002,3752,3768,1.940,2.270,1.490,0,0,180.001,0,0,18,294,0,46,0
23-02 14:21:56,3.761,6.269,88.015,0.502,0,5209172,232328,166388,2387740,14973.006,1916.761,16.048,633.905,1.003,36.109,2741,3026,1.780,2.230,1.480,1,1,99.298,0,0,18,292,0,41,0
23-02 14:21:57,3.491,1.995,93.019,0.748,0,5199884,241596,166388,2387760,12416.167,2928.727,0,363.098,0,27.931,1638,2036,1.780,2.230,1.480,0,0,25.936,0,0,18,294,0,41,0
23-02 14:21:58,8.751,11.252,76.762,2.250,0,5195524,245908,166392,2387804,6963.064,1539.235,108.016,296.045,10.002,21.003,4387,3991,1.780,2.230,1.480,2,0,208.032,0,0,18,292,0,42,0
23-02 14:21:59,18.501,3.500,70.253,6.500,0,5190056,242304,166392,2396844,7874.290,540.020,1012.037,152.006,114.004,13.000,2575,2558,1.780,2.230,1.480,1,2,7.000,0,0,18,292,0,42,0
23-02 14:22:00,16.742,2.249,76.713,2.999,0,5186888,238060,166396,2404164,11113.631,2614.737,875.577,1359.343,11.994,11.994,2066,1960,1.780,2.230,1.480,2,0,15.992,0,0,18,293,0,37,0
23-02 14:22:01,15.005,2.751,78.777,2.751,0,5173904,250664,166396,2404528,14325.870,2895.985,16.005,1640.558,1.000,56.019,2540,2661,1.720,2.210,1.480,1,0,15.005,0,0,18,292,0,37,0
23-02 14:22:02,13.511,12.260,71.057,2.002,0,5161332,261100,166396,2406632,5786.649,582.468,964.775,1957.573,16.013,64.051,5023,4892,1.720,2.210,1.480,1,0,288.232,0,0,18,292,0,37,0
23-02 14:22:03,17.739,2.998,77.203,0.250,0,5205104,217280,166396,2406680,10673.565,6327.185,0,127.923,0,8.995,2157,2006,1.720,2.210,1.480,2,0,0,0,0,18,293,0,37,0
23-02 14:22:04,21.757,4.501,72.522,0.500,0,5181140,241220,166396,2406704,21603.700,17369.387,0,440.136,0,39.012,2921,2798,1.720,2.210,1.480,1,0,47.015,0,0,18,292,0,32,0
23-02 14:22:05,19.496,2.500,76.985,0,0.250,5204060,218288,166396,2406716,14177.241,6839.669,0,0,0,0,2097,1862,1.720,2.210,1.480,0,0,0,0,0,18,293,0,32,0
23-02 14:22:06,19.001,4.000,72.753,3.000,0,5220904,201152,166396,2407012,14066.534,3225.122,284.011,272.010,17.001,20.001,2790,2900,1.660,2.190,1.470,2,0,14.001,0,0,18,292,0,34,0
23-02 14:22:07,18.504,2.000,78.017,0.750,0,5244608,177436,166396,2407024,13307.849,6814.459,0,180.039,0,10.002,2112,1915,1.660,2.190,1.470,0,0,0,0,0,18,293,0,34,0
23-02 14:22:08,20.245,3.249,64.984,8.998,0.250,5238488,181896,166396,2408684,9575.584,2056.481,1711.568,1447.635,56.986,186.953,6177,9328,1.660,2.190,1.470,1,1,1.999,0,0,18,294,0,31,0
23-02 14:22:09,22.256,4.751,65.767,5.251,0,5217016,203224,166396,2408828,8562.266,1153.305,0,2948.780,0,190.050,2957,3315,1.660,2.190,1.470,0,0,7.002,0,0,18,295,0,31,0
23-02 14:22:10,13.507,2.752,82.295,1.001,0,5214512,205708,166396,2408844,17970.851,9573.248,32.018,2361.294,1.001,80.044,2903,3491,1.660,2.190,1.470,2,1,0,0,0,18,295,0,31,0
23-02 14:22:11,18.059,11.036,64.961,5.267,0,5177752,242252,166396,2409060,5792.802,1717.575,16.052,2853.261,1.003,394.280,6344,7343,1.610,2.170,1.470,3,0,257.837,0,0,18,294,0,32,0
23-02 14:22:12,8.752,22.506,67.517,0,0,5149228,270740,166396,2409096,4085.038,582.148,0,604.154,0,37.009,7222,6765,1.610,2.170,1.470,2,0,674.171,0,0,18,294,0,29,0
23-02 14:22:13,8.249,22.497,66.992,0.500,0,5146864,273076,166396,2409124,9560.813,539.933,0,667.917,0,48.994,7419,7027,1.610,2.170,1.470,1,2,706.912,0,0,18,294,0,29,0
23-02 14:22:14,9.236,22.965,64.401,3.245,0,5146216,273676,166396,2409172,8290.251,539.171,0,2168.665,0,131.797,7799,7750,1.610,2.170,1.470,2,0,730.876,0,0,18,294,0,29,0
23-02 14:22:15,8.766,22.291,67.874,0.501,0,5143532,276324,166396,2409208,7219.230,540.991,0,444.815,0,27.050,7162,6551,1.610,2.170,1.470,1,0,641.175,0,0,18,294,0,29,0
23-02 14:22:16,7.998,22.995,67.735,0,0,5155828,263992,166396,2409244,6786.477,539.879,0,119.973,0,14.997,7324,6831,1.560,2.150,1.470,1,0,688.845,0,0,18,294,0,27,0
23-02 14:22:17,16.170,9.205,71.647,0.498,0,5167448,352668,166648,2318996,7453.290,537.353,67.667,139.314,13.931,26.868,3531,3045,1.560,2.150,1.470,1,0,138.319,0,0,18,294,0,27,0
23-02 14:22:18,24.768,2.752,70.051,2.502,0,5186408,329516,166760,2323076,7412.424,540.395,4.003,3254.381,1.001,33.024,2638,2310,1.560,2.150,1.470,2,0,17.012,0,0,18,294,0,27,0
23-02 14:22:19,12.750,1.250,80.500,4.250,0,5201336,313640,166760,2324032,17756.058,8889.029,596.002,872.003,33.000,35.000,1956,2188,1.560,2.150,1.470,2,0,1.000,0,0,18,295,0,27,0
23-02 14:22:20,9.249,1.250,81.495,6.250,0,5201784,312128,166760,2325096,26042.421,12397.248,595.964,1771.893,56.997,78.995,2011,2359,1.560,2.150,1.470,2,1,0,0,0,18,295,0,24,0
23-02 14:22:21,16.046,1.755,78.726,3.009,0,5231976,280628,166784,2326376,18368.832,8362.051,1131.254,1187.415,51.147,56.162,2211,2408,1.510,2.130,1.470,1,0,0,0,0,18,295,0,24,0
23-02 14:22:22,12.457,0.747,81.969,2.990,0,5240272,271052,166784,2327652,20753.739,11394.874,944.756,1263.661,54.812,45.843,1927,2069,1.510,2.130,1.470,1,0,0,0,0,18,295,0,24,0
23-02 14:22:23,12.748,1.750,77.738,6.249,0,5250724,247112,166784,2341128,22636.540,9895.487,6794.961,1467.776,77.988,59.991,2185,2434,1.510,2.130,1.470,0,1,1.000,0,0,18,295,0,24,0
23-02 14:22:24,17.255,3.251,71.271,6.752,0,5254572,217376,166784,2367000,7751.336,610.184,7670.311,1404.423,111.033,67.020,2603,2679,1.510,2.130,1.470,1,2,2.001,0,0,18,295,0,23,0
23-02 14:22:25,20.018,2.002,63.807,13.262,0,5261104,195968,166784,2381952,10262.118,540.480,0,6906.136,0,377.335,2597,2212,1.510,2.130,1.470,1,0,0,0,0,18,295,0,23,0
23-02 14:22:26,22.487,2.249,71.959,2.499,0,5267204,170528,167016,2400788,10067.217,581.666,0,1555.107,0,51.970,2488,2352,1.470,2.110,1.460,1,1,0,0,0,18,295,0,23,0
23-02 14:22:27,17.754,2.751,69.514,9.002,0,5272692,154652,167520,2410488,5570.126,486.098,0,2424.490,0,104.021,2452,2561,1.470,2.110,1.460,1,0,0,0,0,18,295,0,23,0
23-02 14:22:28,21.512,2.001,70.291,5.253,0,5276324,125444,168068,2435220,7368.251,540.312,4.002,2713.565,1.001,113.065,2838,2980,1.470,2.110,1.460,2,0,0,0,0,18,295,0,23,0
23-02 14:22:29,23.237,2.249,71.209,2.249,0,5158792,250300,168572,2427128,5690.761,713.594,0,2206.744,0,70.960,2661,2668,1.470,2.110,1.460,1,0,1.999,0,0,18,294,0,23,0
23-02 14:22:30,19.215,3.494,74.116,2.246,0,5220072,189120,168572,2427016,8772.172,2645.227,31.942,706.725,0.998,29.946,2412,2187,1.470,2.110,1.460,2,0,33.939,0,0,18,295,0,23,0
23-02 14:22:31,20.042,3.507,68.896,6.263,0,5221592,181812,168648,2432724,7420.709,715.515,0,15352.500,0,123.261,2696,2568,1.510,2.110,1.470,1,1,9.019,0,0,18,294,0,23,0
23-02 14:22:32,18.244,2.999,76.724,1.000,0,5236348,161024,169044,2437752,13395.541,3587.806,0,1495.502,0,26.991,2375,2131,1.510,2.110,1.470,1,0,17.994,0,0,18,294,0,23,0
23-02 14:22:33,23.554,5.513,67.655,2.005,0,5236636,160056,169104,2438256,7004.083,541.243,0,1583.636,0,14.032,10401,19058,1.510,2.110,1.470,1,0,15.035,0,0,18,294,0,22,0
23-02 14:22:34,21.447,6.733,68.831,1.247,0,5241664,156196,169152,2437040,5494.475,484.807,3.990,738.183,0.998,19.951,11278,19950,1.510,2.110,1.470,1,0,16.958,0,0,18,294,0,22,0
23-02 14:22:35,21.590,5.021,72.050,0,0,5187128,221136,169152,2427132,5174.537,542.257,0,16.067,0,2.008,4098,5073,1.510,2.110,1.470,2,0,55.230,0,0,18,294,0,22,0
23-02 14:22:36,22.907,4.482,70.714,0,0,5251848,156400,169152,2427148,9108.158,1004.935,0,71.710,0,5.976,9280,16499,1.550,2.110,1.470,0,0,35.855,0,0,18,295,0,22,0
23-02 14:22:37,18.753,2.500,76.014,2.000,0,5226304,176332,169152,2432760,11263.094,2397.446,0,1432.266,0,10.002,2148,2004,1.550,2.110,1.470,1,0,2.000,0,0,18,294,0,22,0
23-02 14:22:38,18.245,3.249,75.480,1.750,0,5233924,163916,169152,2437492,14032.357,3414.114,0,1383.641,0,45.988,2650,2672,1.550,2.110,1.470,1,0,18.995,0,0,18,295,0,22,0
23-02 14:22:39,22.253,5.501,67.508,2.500,0,5221604,174880,169152,2438384,7633.900,714.084,0,900.106,0,29.003,10661,19392,1.550,2.110,1.470,1,1,16.002,0,0,18,294,0,22,0
23-02 14:22:40,21.999,6.750,66.246,3.500,0,5213256,183072,169160,2438500,7593.563,539.969,0,1439.917,0,172.990,10840,19246,1.550,2.110,1.470,0,3,20.999,0,0,18,294,0,22,0
23-02 14:22:41,22.487,4.247,68.210,3.498,0,5210592,197496,169168,2427216,5479.754,485.712,31.981,1706.989,0.999,49.970,2926,3039,1.590,2.100,1.470,3,1,21.987,0,0,18,294,0,22,0
23-02 14:22:42,23.873,7.288,67.096,0.503,0,5198004,203268,169168,2436728,3400.520,542.797,0,1049.407,0,73.378,3895,8160,1.590,2.100,1.470,4,0,131.678,0,0,18,294,0,22,0
23-02 14:22:43,24.865,2.984,69.871,0.995,0,5194260,203016,169168,2438024,4824.857,1027.433,3.978,660.422,0.995,4.973,2940,6826,1.590,2.100,1.470,1,0,17.903,0,0,18,295,0,23,0
23-02 14:22:44,12.008,1.001,85.060,1.001,0,5209460,187672,169168,2438160,26403.559,11229.893,0,1268.892,0,36.025,1812,1921,1.590,2.100,1.470,1,0,0,0,0,18,295,0,23,0
23-02 14:22:45,10.001,1.250,84.006,3.750,0,5209152,187448,169168,2438608,49239.578,10827.787,0,1104.080,0,39.003,1700,1888,1.590,2.100,1.470,1,0,2.000,0,0,18,296,0,18,0
23-02 14:22:46,9.495,1.000,82.959,4.748,0,5215044,181148,169212,2438900,129619.400,11443.297,0,1339.333,0,54.973,1824,2014,1.460,2.070,1.460,0,0,0,0,0,18,296,0,18,0
23-02 14:22:47,15.317,1.507,81.103,1.004,0,5232876,163032,169292,2439036,18460.291,8302.109,0,1233.364,0,53.232,2143,2347,1.460,2.070,1.460,0,0,0,0,0,18,296,0,18,0
23-02 14:22:48,14.698,1.495,80.465,1.993,0,5236176,159252,169380,2439344,79421.335,10122.102,0,1299.392,0,64.770,2198,2213,1.460,2.070,1.460,1,0,0,0,0,18,296,0,18,0
23-02 14:22:49,9.024,1.755,83.972,4.011,0,5239884,154716,169616,2439792,287917.686,16384.345,28.074,2438.451,4.011,106.281,2201,2649,1.460,2.070,1.460,0,1,1.003,0,0,18,296,0,14,0
23-02 14:22:50,11.710,2.741,77.485,6.976,0,5242276,151492,169828,2440296,68908.736,12466.438,103.646,1897.522,5.980,79.728,3737,5569,1.460,2.070,1.460,1,0,0.997,0,0,18,296,0,14,0
23-02 14:22:51,12.999,2.500,78.746,3.750,0,5248208,130660,169920,2455000,3375623.547,33815.383,15.999,2715.870,1.000,60.997,3560,3303,1.430,2.050,1.460,1,2,2.000,0,0,18,296,0,16,0
23-02 14:22:52,5.257,2.504,60.335,29.041,0,5245420,125632,169928,2462772,3825934.763,25617.908,4.006,18906.501,1.001,273.383,3632,3817,1.430,2.050,1.460,0,0,2.003,0,0,18,296,0,16,0
23-02 14:22:53,6.742,2.997,80.657,8.240,0,5235632,128936,169948,2470216,10418245.031,74620.785,163.811,12845.159,3.995,100.883,5008,3428,1.430,2.050,1.460,1,0,1.998,0,0,18,296,0,12,0
23-02 14:22:54,22.822,3.762,67.211,5.267,0,5240576,137300,172048,2454080,192932.184,1602.034,0,4678.700,0,104.328,2948,2869,1.430,2.050,1.460,3,1,4.013,0,0,18,296,0,12,0
23-02 14:22:55,38.794,8.760,47.053,3.754,0,5278392,140468,172800,2413268,9062.205,540.609,768.866,1641.849,6.007,48.054,3509,2434,1.430,2.050,1.460,2,0,9.010,0,0,18,296,0,12,0
23-02 14:22:56,25.493,2.999,69.231,1.250,0,5265676,139328,173188,2425712,10449.191,539.855,255.931,1335.641,1.999,46.987,2758,2384,1.390,2.030,1.460,1,0,1.000,0,0,18,296,0,12,0
23-02 14:22:57,19.754,3.001,70.766,5.251,0,5274796,139572,173960,2415500,5954.337,486.109,0,2612.587,0,113.025,2691,2760,1.390,2.030,1.460,1,0,0,0,0,18,296,0,10,0
23-02 14:22:58,12.451,3.735,60.763,21.665,0,5264064,145236,174388,2419244,4696.652,537.899,0,14168.647,0,283.891,2479,2474,1.390,2.030,1.460,0,3,0,0,0,18,296,0,10,0
23-02 14:22:59,7.751,2.500,67.005,21.252,0,5260016,146160,174580,2422208,10233.757,540.040,4.000,21705.606,1.000,443.033,2480,2816,1.390,2.030,1.460,0,2,1.000,0,0,18,296,0,10,0
23-02 14:23:00,4.751,1.750,57.513,34.508,0,5257812,147048,174656,2423400,7078.616,540.123,4.001,30182.889,1.000,368.084,1989,2300,1.390,2.030,1.460,2,1,0,0,0,18,296,0,10,0
23-02 14:23:01,9.033,3.513,53.946,32.116,0,5255164,143332,174960,2429028,4068.746,541.964,4.015,39025.438,1.004,429.557,2758,3081,1.520,2.050,1.470,1,2,0,0,0,18,296,0,9,0
23-02 14:23:02,24.151,1.992,71.954,0.498,0,5259344,146476,176316,2419568,7464.303,537.788,0,780.789,0,37.844,2415,2064,1.520,2.050,1.470,1,0,0,0,0,18,296,0,9,0
23-02 14:23:03,17.506,2.251,69.524,10.003,0,5255560,135124,176848,2433420,7174.504,540.189,0,2724.951,0,59.021,2249,2251,1.520,2.050,1.470,1,0,0,0,0,18,296,0,9,0
23-02 14:23:04,20.999,3.000,71.747,3.500,0,5254228,143180,177800,2425268,7631.699,539.979,0,2479.902,0,83.997,2579,2494,1.520,2.050,1.470,1,1,0,0,0,18,296,0,9,0
23-02 14:23:05,18.256,3.501,76.275,0.500,0,5172660,258096,177904,2391612,10668.507,3015.991,0,388.128,0,15.005,2152,1893,1.520,2.050,1.470,1,0,2.001,0,0,18,294,0,7,0
23-02 14:23:06,17.501,3.000,77.002,1.250,0,5209044,220808,177932,2392484,10139.322,2650.084,0,568.018,0,3.000,2208,2084,1.480,2.030,1.460,2,0,33.001,0,0,18,295,0,7,0
23-02 14:23:07,21.746,3.749,71.987,1.000,0,5205296,219108,178252,2397320,7761.609,713.872,0,1059.810,0,7.999,2403,2072,1.480,2.030,1.460,2,0,18.997,0,0,18,294,1,7,0
23-02 14:23:08,16.802,2.758,75.983,4.012,0,5205252,212740,178768,2402328,13726.150,3666.258,0,1998.136,0,120.370,2527,2561,1.480,2.030,1.460,1,2,7.022,0,0,18,294,0,7,0
23-02 14:23:09,23.769,6.005,65.802,2.502,0,5189168,228140,178800,2402872,7985.299,582.459,0,3222.542,0,96.076,10868,19457,1.480,2.030,1.460,1,1,11.009,0,0,18,294,0,4,0
23-02 14:23:10,21.152,7.217,69.428,0.249,0,5203492,213552,178848,2403036,6332.615,579.312,0,143.335,0,4.977,10430,19061,1.480,2.030,1.460,1,1,18.912,0,0,18,294,0,4,0
23-02 14:23:11,21.278,4.506,69.090,3.755,0,5162264,267072,178848,2391772,9518.372,540.703,16.021,1273.656,1.001,34.044,2467,2387,1.520,2.030,1.470,0,2,6.008,0,0,18,294,0,4,0
23-02 14:23:12,20.738,3.998,71.460,2.998,0,5198676,227604,178852,2394788,8008.532,539.699,575.679,1043.418,12.993,38.978,2592,2632,1.520,2.030,1.470,2,0,0,0,0,18,295,0,5,0
23-02 14:23:13,19.318,4.767,62.722,11.290,0,5197976,227604,178852,2395488,4485.866,487.725,433.533,3086.918,25.089,212.752,6782,10254,1.520,2.030,1.470,2,1,0,0,0,18,297,0,10,0
23-02 14:23:14,15.004,12.253,65.018,6.502,0,5132048,292920,178856,2396096,3647.985,540.146,496.134,1464.396,23.006,142.038,6676,8092,1.520,2.030,1.470,1,2,279.075,0,0,18,296,0,10,0
23-02 14:23:15,11.456,9.962,65.001,11.456,0,5142644,276452,178932,2401884,7956.469,537.936,5817.676,4136.129,755.102,223.144,4982,5736,1.520,2.030,1.470,0,2,169.350,0,0,18,296,0,12,0
23-02 14:23:16,8.500,3.500,72.252,14.500,0,5129500,251252,178940,2440196,8023.274,1027.035,38313.308,640.022,2865.098,13.000,4964,7767,1.480,2.010,1.460,2,0,6.000,0,0,18,297,0,12,0
23-02 14:23:17,2.000,1.750,90.489,3.250,0,5131260,249488,178944,2440196,11690.560,1675.794,4.000,11442.591,1.000,196.976,1812,2566,1.480,2.010,1.460,0,1,0,0,0,18,297,0,12,0
23-02 14:23:18,3.749,1.000,89.977,4.749,0,5131448,249236,178944,2440260,44399.835,5034.734,63.984,2215.443,1.000,56.986,1552,2159,1.480,2.010,1.460,0,0,0,0,0,18,297,0,12,0
23-02 14:23:19,4.000,2.250,86.990,5.249,0,5090020,290216,178992,2440664,23227.385,125699.850,367.959,2375.733,20.998,289.967,2067,2191,1.480,2.010,1.460,0,0,12.999,0,0,18,296,0,12,0
23-02 14:23:20,1.750,0.500,96.740,0,0,5089768,290512,178992,2440620,5805.421,0,0,27.997,0,4.000,1069,1605,1.480,2.010,1.460,0,0,0,0,0,18,296,0,12,0
23-02 14:23:21,9.749,2.750,85.742,0.250,0,5100144,280096,179000,2440620,279168.861,9591.136,4.000,0,1.000,0,2633,2384,1.360,1.980,1.450,0,0,19.998,0,0,18,296,0,12,0
23-02 14:23:22,11.003,3.751,84.770,0,0,5097672,282444,179004,2440740,288227.192,12771.021,120.028,4.001,6.001,1.000,2832,2525,1.360,1.980,1.450,0,0,24.006,0,0,18,296,0,12,0
23-02 14:23:23,14.743,6.997,72.464,3.998,0,5096356,274052,179128,2450224,151220.485,3924.066,2566.735,387.809,93.954,21.989,3472,3149,1.360,1.980,1.450,0,2,42.979,0,0,18,296,0,12,0
