"pcp-dstat 6.2.0 CSV Output"
"Author:","PCP team <pcp@groups.io> and Dag Wieers <dag@wieers.com>",,,,"URL:","https://pcp.io/ and http://dag.wieers.com/home-made/dstat/"
"Host:","ubuntu",,,,"User:","ubuntu"
"Cmdline:","dstat -tcmndrylpg --tcp --output /tmp/devstack_logs/dstat-csv.log",,,,"Date:","26 Feb 2026 17:40:03 UTC"
"system","total usage",,,,,"memory usage",,,,"net/total",,"dsk/total",,"io/total",,"system",,"load avg",,,"procs",,,"paging",,"tcp sockets",,,,
"time","total usage:usr","total usage:sys","total usage:idl","total usage:wai","total usage:stl","used","free","buf","cach","net/total:recv","net/total:send","dsk/total:read","dsk/total:writ","read","writ","int","csw","1m","5m","15m","run","blk","new","in","out","lis","act","syn","tim","clo"
26-02 17:40:03,,983624,1516360,163544,5155460,,,,,,,1.280,1.030,0.650,3,0,,,,10,5,0,17,1
26-02 17:40:04,18.494,20.743,53.232,6.498,0,998396,1500992,163648,5155848,41067.244,12549.796,0,4206.591,0,117.960,6949,6318,1.260,1.030,0.650,2,0,571.808,0,0,10,5,0,17,1
26-02 17:40:05,22.752,18.502,50.255,7.751,0,1010360,1481096,163684,5163408,140102.689,11960.083,0,1756.159,0,58.005,6297,6531,1.260,1.030,0.650,1,1,385.035,0,0,10,4,0,17,2
26-02 17:40:06,32.662,11.718,50.613,3.989,0,1156904,1312328,164344,5307324,50105.281,1609.640,0,1962.684,0,70.808,6559,8676,1.260,1.030,0.650,1,0,151.589,0,0,11,4,0,17,2
26-02 17:40:07,36.047,10.514,48.814,3.755,0,1164952,1286512,164840,5322692,13132.180,540.707,0,1489.949,0,41.054,4298,2840,1.260,1.030,0.650,2,0,146.191,0,0,11,6,0,17,2
26-02 17:40:08,37.700,8.988,48.186,4.744,0,1219740,1210560,165340,5341604,9279.634,485.353,311.585,3151.800,12.983,75.899,4239,3260,1.260,1.030,0.650,2,0,140.812,0,0,11,6,0,19,2
26-02 17:40:09,22.751,4.000,40.752,31.001,0,1281432,1144828,165616,5344512,8137.307,540.020,248.009,15008.566,8.000,701.026,2908,1722,1.480,1.080,0.670,1,3,0,0,0,11,6,0,19,2
26-02 17:40:10,22.492,2.999,37.236,34.987,0,1282528,1134860,166248,5351684,7225.316,539.799,15.994,10112.244,1.000,461.828,5155,7498,1.480,1.080,0.670,1,3,1.000,0,0,11,8,0,19,2
26-02 17:40:11,17.498,4.249,44.744,32.246,0,1281852,1121600,166936,5363540,8760.781,539.925,0,9586.667,0,579.919,5275,8090,1.480,1.080,0.670,1,1,8.999,0,0,11,8,0,19,2
26-02 17:40:12,17.005,3.751,40.763,35.011,0,1281076,1100556,167784,5382756,8181.562,540.169,0,11579.626,0,576.180,4945,7707,1.480,1.080,0.670,0,2,0,0,0,11,8,0,19,2
26-02 17:40:13,16.751,4.250,46.503,30.502,0,1279272,1094844,168248,5388648,18035.231,2547.174,0,9560.653,0,594.041,5538,8610,1.480,1.080,0.670,0,2,12.001,0,0,11,9,0,19,2
26-02 17:40:14,24.250,5.750,34.000,34.000,0,1238336,1152280,168400,5372432,6202.021,1260.004,0,12656.042,0,749.003,5665,8486,1.680,1.130,0.690,2,0,31.000,0,0,11,6,0,19,0
26-02 17:40:15,17.999,4.250,45.499,30.249,0,1268344,1115520,168784,5378148,12293.632,2823.915,0,8079.758,0,550.983,5096,8089,1.680,1.130,0.690,1,4,31.999,0,0,11,6,0,19,0
26-02 17:40:16,19.743,4.498,34.237,39.235,0,1285000,1097124,168868,5379648,8649.772,978.635,0,12243.431,0,674.748,5010,7704,1.680,1.130,0.690,1,2,20.992,0,0,11,7,0,19,0
26-02 17:40:17,20.776,5.006,47.058,25.532,0,1251160,1123216,169124,5385904,13883.228,3165.929,0,8110.064,0,567.704,8844,15860,1.680,1.130,0.690,2,2,15.019,0,0,11,6,0,19,0
26-02 17:40:18,19.230,5.744,36.961,35.713,0,1257796,1115164,169324,5386944,10254.306,539.437,0,10960.569,0,536.441,9462,16931,1.680,1.130,0.690,1,1,8.991,0,0,11,6,0,19,0
26-02 17:40:19,25.319,9.025,37.352,26.322,0,1254712,1117016,169604,5387824,6283.125,541.476,0,8298.619,0,628.714,13873,25053,1.700,1.140,0.700,3,1,33.090,0,0,11,6,0,19,0
26-02 17:40:20,22.453,5.488,47.150,23.700,0,1240364,1143560,169728,5376940,5642.084,538.862,0,15140.024,0,458.033,4817,6980,1.700,1.140,0.700,3,2,37.920,0,0,11,6,0,19,0
26-02 17:40:21,23.487,7.746,41.227,26.735,0,1123608,1260252,169828,5376952,9337.760,539.697,0,15379.369,0,648.636,4788,5972,1.700,1.140,0.700,2,1,126.929,0,0,11,4,0,19,0
26-02 17:40:22,23.504,3.001,64.012,8.502,0,1183728,1200076,169876,5376960,5989.146,540.103,0,3332.637,0,194.037,2171,2176,1.700,1.140,0.700,1,0,0,0,0,11,4,0,19,0
26-02 17:40:23,23.001,3.250,71.004,3.000,0,1158392,1225400,169876,5376972,4086.216,540.029,0,600.032,0,33.002,1860,1294,1.700,1.140,0.700,1,0,10.001,0,0,11,4,0,19,0
26-02 17:40:24,23.750,2.750,62.499,10.250,0,1166136,1217624,169904,5376976,7062.854,485.990,0,4791.901,0,286.994,2275,2248,1.650,1.140,0.700,1,0,0,0,0,11,4,0,17,0
26-02 17:40:25,14.279,14.028,70.892,0,0,1141148,1242580,169904,5377008,3845.680,541.081,0,140.280,0,13.026,4428,3405,1.650,1.140,0.700,1,0,260.520,0,0,11,4,0,17,0
26-02 17:40:26,9.004,19.509,70.283,0.500,0,1086940,1296704,169904,5377080,7299.443,540.255,0,5942.803,0,140.066,5978,4720,1.650,1.140,0.700,4,0,408.193,0,0,11,4,0,17,0
26-02 17:40:27,19.004,14.253,63.762,1.250,0,1105932,1270132,169904,5385060,6293.175,540.101,7449.391,21584.031,75.014,242.045,6554,8274,1.650,1.140,0.700,3,0,208.039,0,0,11,4,0,17,0
26-02 17:40:28,45.373,9.723,44.127,0,0,1225484,1150500,169912,5385136,3035.506,538.493,19.944,12576.809,3.989,202.434,3674,2652,1.650,1.140,0.700,2,0,99.721,0,0,11,5,0,13,0
26-02 17:40:29,44.738,5.998,48.487,0,0,1249524,1125412,169912,5386184,7629.032,539.861,491.873,439.887,5.998,41.989,2800,1390,1.680,1.160,0.710,2,0,0,0,0,11,5,0,13,0
26-02 17:40:30,32.254,9.251,46.256,11.252,0,1276664,1095860,169932,5388504,5701.783,540.074,0,3812.523,0,230.032,4804,5843,1.680,1.160,0.710,0,0,118.016,0,0,11,4,0,14,0
26-02 17:40:31,6.248,2.749,87.224,2.749,0,1272352,1100200,169932,5388504,7409.833,539.842,0,591.827,0,8.997,1318,1371,1.680,1.160,0.710,2,0,21.994,0,0,11,4,0,14,0
26-02 17:40:32,22.765,3.002,73.798,0,0,1341400,1031152,169932,5388504,6423.160,486.315,0,2641.711,0,20.013,1816,1432,1.680,1.160,0.710,1,0,0,0,0,11,4,0,14,0
26-02 17:40:33,22.799,1.754,73.156,1.754,0,1356728,1015608,169936,5388716,10187.763,541.156,0,773.653,0,42.090,2068,1843,1.680,1.160,0.710,0,1,1.002,0,0,11,10,0,14,0
26-02 17:40:34,16.718,4.741,65.374,11.478,0,1308988,1063236,170016,5388748,7333.861,538.961,0,3269.697,0,305.411,4138,5637,1.620,1.150,0.710,1,0,41.919,0,0,11,4,0,16,0
26-02 17:40:35,21.236,2.498,72.953,2.998,0,1361576,1009812,170288,5389260,3753.573,539.651,611.604,411.734,17.988,13.991,1634,1168,1.620,1.150,0.710,1,0,0,0,0,11,4,0,16,0
26-02 17:40:36,14.999,1.750,78.246,3.750,0,1366660,1004520,170312,5389364,9966.428,4619.735,79.995,1015.942,19.999,38.998,2211,2430,1.620,1.150,0.710,0,1,1.000,0,0,11,17,0,14,0
26-02 17:40:37,15.791,4.762,70.685,8.272,0,1371684,999088,170348,5389664,13076.132,4899.790,192.502,1459.810,47.123,53.139,2701,2336,1.620,1.150,0.710,1,0,45.118,0,0,11,28,0,15,0
26-02 17:40:38,17.953,2.493,78.543,0.249,0,1433856,936912,170348,5389668,9868.937,2917.296,0,2521.341,0,33.910,1870,1499,1.620,1.150,0.710,1,0,0.997,0,0,11,29,0,15,0
26-02 17:40:39,17.279,9.766,71.869,0.250,0,1410368,960372,170348,5389696,13195.806,4962.200,0,17893.568,0,179.296,3760,3315,1.810,1.200,0.730,2,0,156.258,0,0,11,28,0,16,0
26-02 17:40:40,38.427,6.488,54.396,0,0,1476848,893884,170348,5389700,11741.559,4823.781,0,26413.518,0,413.210,3166,2390,1.810,1.200,0.730,0,1,0,0,0,11,30,0,16,0
26-02 17:40:41,29.514,4.502,51.774,13.506,0,1474380,896144,170348,5389908,25098.569,14247.567,0,16691.694,0,577.266,6340,8488,1.810,1.200,0.730,1,1,0,0,0,11,29,0,17,0
26-02 17:40:42,51.907,21.315,19.058,6.520,0,1444840,925652,170352,5389936,7806.664,1008.056,0,26620.695,0,210.639,5811,5262,1.810,1.200,0.730,7,0,518.572,0,0,11,28,0,17,0
26-02 17:40:43,83.693,12.703,3.736,0,0,1700840,669624,170380,5389968,19479.567,13014.275,0,4120.888,0,161.408,5947,4569,1.810,1.200,0.730,7,0,60.777,0,0,11,32,0,17,0
26-02 17:40:44,75.723,9.528,13.038,1.755,0,1749996,620220,170396,5390196,38011.001,30433.674,0,1560.598,0,91.269,9647,13561,1.990,1.250,0.740,3,0,52.154,0,0,11,31,0,20,0
26-02 17:40:45,31.419,10.224,55.357,0.748,0,1581632,788528,170404,5390244,10232.621,3683.504,0,426.899,0,35.907,4371,4855,1.990,1.250,0.740,1,0,257.337,0,0,11,28,0,23,0
26-02 17:40:46,15.751,2.500,80.004,2.000,0,1557680,812464,170408,5390252,9408.527,6390.358,0,212.012,0,8.000,2201,2332,1.990,1.250,0.740,0,0,0,0,0,11,29,0,23,0
26-02 17:40:47,19.006,6.002,73.773,0.250,0,1497960,872168,170416,5390260,9356.863,1696.519,0,924.283,0,59.018,3068,2946,1.990,1.250,0.740,1,0,68.021,0,0,11,28,0,24,0
26-02 17:40:48,17.532,2.755,76.641,2.505,0,1505232,864880,170416,5390276,14555.822,6373.745,0,5237.651,0,58.107,2617,2594,1.990,1.250,0.740,0,0,1.002,0,0,11,29,0,24,0
26-02 17:40:49,10.504,12.754,73.776,2.001,0,1460940,909136,170432,5390296,10954.801,1789.621,0,920.319,0,51.018,4758,4432,1.990,1.260,0.750,2,0,288.100,0,0,11,28,0,25,0
26-02 17:40:50,43.010,27.257,29.257,0,0,1464048,906008,170440,5390308,4922.189,540.130,0,256.062,0,25.006,6378,5584,1.990,1.260,0.750,5,0,750.181,0,0,11,28,0,25,0
26-02 17:40:51,83.289,10.005,6.753,0,0,1675788,694224,170440,5390356,19566.232,16980.012,0,144.068,0,12.006,5363,3766,1.990,1.260,0.750,2,0,0,0,0,11,33,0,25,0
26-02 17:40:52,73.464,10.495,14.743,0.750,0,1634556,735088,170464,5390700,42312.188,33355.593,0,539.735,0,66.967,9793,15817,1.990,1.260,0.750,5,0,89.956,0,0,11,28,0,24,0
26-02 17:40:53,84.075,15.967,0.499,0,0,1633884,735548,170468,5390876,10667.772,2566.652,0,726.486,0,16.965,5356,3583,1.990,1.260,0.750,6,0,219.543,0,0,11,29,0,24,0
26-02 17:40:54,82.161,8.016,8.517,0,0,1738852,630504,170468,5390952,38755.072,35932.532,0,224.441,0,10.020,8429,10673,2.070,1.290,0.760,4,0,0,0,0,11,33,0,25,0
26-02 17:40:55,56.232,10.997,31.740,0.500,0,1633916,735212,170476,5391172,34874.939,25940.772,0,467.852,0,39.987,9302,13600,2.070,1.290,0.760,3,0,228.927,0,0,11,28,0,29,0
26-02 17:40:56,42.155,7.483,49.389,0,0,1551984,817144,170476,5391172,6300.780,1781.978,0,183.586,0,10.975,3204,1979,2.070,1.290,0.760,0,0,68.845,0,0,11,30,0,26,0
26-02 17:40:57,28.757,2.751,67.517,0.500,0,1543504,825460,170480,5391332,21855.361,14832.639,0,2484.609,0,98.024,5021,6179,2.070,1.290,0.760,2,0,0,0,0,11,29,0,27,0
26-02 17:40:58,54.149,18.300,27.827,0,0,1464716,904212,170480,5391368,9772.892,3252.951,0,280.773,0,17.047,5062,4047,2.070,1.290,0.760,3,0,380.046,0,0,11,28,0,28,0
26-02 17:40:59,47.411,4.492,46.912,0.250,0,1528180,840720,170480,5391396,20863.918,18046.196,0,179.663,0,9.981,4973,5266,1.980,1.290,0.760,2,0,0,0,0,11,31,0,28,0
26-02 17:41:00,63.381,17.286,17.286,1.503,0,1514464,854372,170488,5391452,20591.492,11365.453,0,1014.093,0,76.157,8196,12583,1.980,1.290,0.760,4,0,294.608,0,0,11,28,0,26,0
26-02 17:41:01,69.001,7.750,23.000,0,0,1601928,766880,170492,5391476,21162.361,16180.276,0,144.002,0,8.000,5009,3487,1.980,1.290,0.760,4,0,0,0,0,11,32,0,26,0
26-02 17:41:02,58.249,13.750,26.750,0,0,1481488,887228,170492,5391568,34927.558,25177.681,0,455.994,0,51.999,9290,13806,1.980,1.290,0.760,3,0,323.996,0,0,11,28,0,29,0
26-02 17:41:03,57.553,9.218,32.888,0.249,0,1588588,780104,170492,5391592,12356.756,6416.065,0,430.528,0,12.956,3463,1488,1.980,1.290,0.760,0,0,0,0,0,11,31,0,29,0
26-02 17:41:04,48.917,6.271,43.899,0.502,0,1587488,780940,170496,5391852,31848.423,23573.251,0,389.325,0,35.120,8467,11448,2.150,1.330,0.780,3,0,59.202,0,0,11,28,0,31,0
26-02 17:41:05,62.240,14.998,22.246,0,0,1509408,858876,170496,5391996,7644.751,539.912,0,191.969,0,12.998,4290,2532,2.150,1.330,0.780,3,0,239.961,0,0,11,28,0,31,0
26-02 17:41:06,42.214,4.746,52.954,0,0,1525336,842760,170496,5392184,30164.943,26463.140,0,103.910,0,11.990,6823,9153,2.150,1.330,0.780,3,0,0,0,0,11,30,0,32,0
26-02 17:41:07,59.789,16.260,22.765,0,0,1513456,854616,170496,5392208,6504.194,2530.632,0,236.152,0,12.008,4745,3562,2.150,1.330,0.780,3,0,287.185,0,0,11,28,0,34,0
26-02 17:41:08,47.504,4.250,47.254,0.500,0,1561780,806064,170496,5392436,26858.031,20711.566,0,172.013,0,9.001,5297,5836,2.150,1.330,0.780,1,0,1.000,0,0,11,31,0,34,0
26-02 17:41:09,57.268,10.503,31.260,0.500,0,1503156,864616,170524,5392480,12655.018,5904.875,0,1524.484,0,104.033,5624,5942,2.210,1.360,0.790,3,0,112.036,0,0,11,28,0,34,0
26-02 17:41:10,50.223,5.497,43.227,0.250,0.250,1562456,805160,170532,5392628,22590.876,15320.778,0,107.942,0,9.995,4258,3764,2.210,1.360,0.790,1,0,0,0,0,11,31,0,34,0
26-02 17:41:11,50.501,18.500,30.251,0.250,0,1421536,946024,170540,5392676,19994.410,11344.233,0,728.015,0,66.001,7329,9139,2.210,1.360,0.790,6,0,441.009,0,0,11,28,0,36,0
26-02 17:41:12,82.042,17.759,0,0,0,1642236,725256,170544,5392740,12085.143,2453.247,0,176.090,0,13.007,5651,4675,2.210,1.360,0.790,6,0,441.224,0,0,11,29,0,36,0
26-02 17:41:13,73.400,19.224,7.490,0,0,1747056,620196,170556,5392968,49630.479,38999.941,0,291.603,0,17.976,8085,9463,2.210,1.360,0.790,6,0,534.273,0,0,11,33,0,36,0
26-02 17:41:14,79.357,18.275,2.253,0.250,0,1690116,676920,170568,5393216,29279.657,23660.046,0,2623.553,0,113.153,8168,10122,2.520,1.440,0.820,6,0,408.553,0,0,11,28,0,37,0
26-02 17:41:15,82.706,10.494,5.997,0,0,1664948,702040,170572,5393248,18525.042,12088.502,0,147.920,0,9.995,5105,3215,2.520,1.440,0.820,4,0,34.981,0,0,11,32,0,37,0
26-02 17:41:16,70.721,8.746,19.742,0,0,1646084,720684,170572,5393468,48518.058,38845.034,0,111.954,0,8.996,8725,15116,2.520,1.440,0.820,4,0,76.968,0,0,11,30,0,40,0
26-02 17:41:17,19.750,22.001,57.251,0,0,1502736,863992,170572,5393520,12375.298,7200.174,0,180.004,0,12.000,6703,7071,2.520,1.440,0.820,1,0,622.015,0,0,11,28,0,42,0
26-02 17:41:18,50.786,31.272,17.763,0,0,1512796,853892,170580,5393552,7887.629,540.386,0,228.163,0,22.016,6368,6012,2.520,1.440,0.820,4,0,904.646,0,0,11,28,0,42,0
26-02 17:41:19,68.934,7.992,22.478,0,0,1605724,760916,170580,5393600,21227.522,16727.863,0,0,0,0,5058,3903,2.480,1.450,0.830,6,0,0,0,0,11,32,0,42,0
26-02 17:41:20,58.681,12.985,26.718,0.749,0,1550452,816096,170616,5393656,26965.083,17261.569,0,1002.813,0,81.903,8095,10862,2.480,1.450,0.830,5,0,200.762,0,0,11,28,0,46,0
26-02 17:41:21,78.180,10.775,11.276,0,0,1575364,791012,170620,5393820,15795.400,8873.448,0,184.425,0,9.021,4857,2950,2.480,1.450,0.830,4,0,67.155,0,0,11,31,0,46,0
26-02 17:41:22,57.482,6.998,35.989,0,0,1596536,769592,170628,5394056,42840.461,36573.441,0,143.955,0,7.997,9646,15501,2.480,1.450,0.830,3,0,0,0,0,11,32,0,46,0
26-02 17:41:23,61.235,9.998,26.994,0,0,1566732,799148,170656,5394268,38369.761,29413.918,0,527.873,0,60.985,11755,18070,2.480,1.450,0.830,5,0,89.978,0,0,11,28,0,46,0
26-02 17:41:24,76.242,9.499,13.749,0,0,1611888,753944,170656,5394316,16760.328,10258.976,0,1387.862,0,12.999,4753,2799,2.600,1.490,0.850,3,0,29.997,0,0,11,31,0,46,0
26-02 17:41:25,55.958,5.746,37.722,0,0,1619668,745868,170656,5394596,42931.914,38054.559,0,163.878,0,7.994,10286,17615,2.600,1.490,0.850,3,0,0,0,0,11,32,0,46,0
26-02 17:41:26,62.492,11.998,24.247,0.250,0,1512072,853228,170660,5394828,40758.873,29542.284,0,143.982,0,9.999,11395,16130,2.600,1.490,0.850,6,0,204.974,0,0,11,28,0,50,0
26-02 17:41:27,74.130,10.483,15.225,0,0,1619344,745924,170664,5394820,15252.232,10529.901,0,131.786,0,7.987,4541,2732,2.600,1.490,0.850,3,0,56.908,0,0,11,31,0,50,0
26-02 17:41:28,59.376,7.767,31.567,0.752,0,1615276,749728,170672,5395064,44220.970,35969.435,0,4096.706,0,154.328,11352,17118,2.600,1.490,0.850,5,0,35.075,0,0,11,30,0,52,0
26-02 17:41:29,77.078,12.763,9.760,0.250,0,1538856,826092,170688,5395100,14642.900,9496.663,0,336.342,0,34.035,5329,5743,2.630,1.510,0.860,3,0,94.096,0,0,11,29,0,52,0
26-02 17:41:30,63.998,7.500,27.499,0,0,1599732,765180,170708,5395116,20813.480,17794.556,0,343.991,0,32.999,5009,5513,2.630,1.510,0.860,4,0,59.999,0,0,11,30,0,54,0
26-02 17:41:31,65.623,10.480,22.956,0,0,1648116,716548,170720,5395352,32740.596,26086.482,0,203.606,0,8.983,7387,11503,2.630,1.510,0.860,2,0,59.884,0,0,11,31,0,54,0
26-02 17:41:32,66.396,10.983,22.465,0,0,1574652,789808,170720,5395548,31068.427,25784.688,0,151.763,0,10.983,7699,11038,2.630,1.510,0.860,6,0,140.780,0,0,11,29,0,57,0
26-02 17:41:33,72.505,10.788,16.056,0,0,1613784,750648,170724,5395572,13903.898,10211.914,0,136.480,0,9.032,4539,3403,2.630,1.510,0.860,4,0,86.304,0,0,11,30,0,57,0
26-02 17:41:34,70.000,10.250,19.500,0,0,1597776,766596,170728,5395628,27435.021,19794.015,0,248.000,0,14.000,6319,7419,2.740,1.560,0.870,3,0,68.000,0,0,11,30,0,59,0
26-02 17:41:35,57.749,10.000,28.000,3.750,0,1585624,778652,170756,5395692,28198.646,19029.761,0,1971.975,0,132.998,6257,7747,2.740,1.560,0.870,3,0,137.998,0,0,11,30,0,61,0
26-02 17:41:36,50.017,9.705,38.570,0.747,0,1541228,823016,170768,5395708,18972.649,8523.309,0,414.072,0,40.810,4683,4293,2.740,1.560,0.870,3,0,120.439,0,0,11,31,0,63,0
26-02 17:41:37,50.397,9.026,40.117,0.251,0,1545004,818972,170776,5395964,22109.432,14730.930,0,401.169,0,49.143,5346,5592,2.740,1.560,0.870,4,0,87.254,0,0,11,34,0,61,0
26-02 17:41:38,54.814,10.262,34.040,0.250,0,1519988,843804,170776,5396144,20381.682,14522.875,0,192.223,0,8.009,6765,8459,2.740,1.560,0.870,2,0,97.113,0,0,11,33,0,63,0
26-02 17:41:39,51.029,5.253,43.274,0,0,1546740,816960,170780,5396224,28375.868,17105.565,0,244.137,0,19.011,4833,5225,2.760,1.580,0.890,3,0,0,0,0,11,34,0,64,0
26-02 17:41:40,34.249,6.750,56.498,1.250,0,1535892,827748,170788,5396276,23104.335,14384.586,0,415.988,0,34.999,6797,8833,2.760,1.580,0.890,2,0,96.997,0,0,11,32,0,66,0
26-02 17:41:41,40.238,10.247,48.735,0.250,0,1495780,867856,170792,5396276,8630.406,539.838,0,151.954,0,9.997,3519,2195,2.760,1.580,0.890,3,0,123.963,0,0,11,32,0,65,0
26-02 17:41:42,29.180,2.993,66.091,0.249,0,1502336,861148,170800,5396416,23803.593,17197.525,0,171.586,0,13.966,4622,6259,2.760,1.580,0.890,2,0,0,0,0,11,33,0,66,0
26-02 17:41:43,41.328,9.768,48.592,0,0,1511748,851720,170808,5396424,6146.631,1428.703,0,164.311,0,10.019,3626,2335,2.760,1.580,0.890,2,0,138.262,0,0,11,32,0,67,0
26-02 17:41:44,30.213,4.245,64.420,0.749,0,1453624,909688,170808,5396580,23597.803,14924.534,0,407.496,0,59.926,4313,4617,2.700,1.590,0.890,2,0,12.984,0,0,11,33,0,68,0
26-02 17:41:45,39.559,7.010,51.327,1.001,0,1442968,920200,170812,5396724,12331.449,3214.810,0,420.629,0,36.054,3617,3427,2.700,1.590,0.890,1,0,52.078,0,0,11,32,1,62,0
26-02 17:41:46,32.664,4.738,62.337,0,0,1467080,896048,170812,5396764,22517.060,18018.835,0,151.603,0,9.974,4579,5790,2.700,1.590,0.890,0,0,0,0,0,11,34,0,62,0
26-02 17:41:47,35.995,7.749,54.743,0.250,0,1456364,906720,170824,5396792,13053.259,4723.370,0,271.964,0,25.997,3736,3665,2.700,1.590,0.890,2,0,47.994,0,0,11,32,0,64,0
26-02 17:41:48,34.867,3.763,60.453,0.251,0,1475420,887636,170824,5396816,21171.171,14755.604,0,152.513,0,10.034,3610,3759,2.700,1.590,0.890,2,0,1.003,0,0,11,34,0,64,0
26-02 17:41:49,26.404,12.455,58.538,2.491,0,1443404,919428,170828,5397032,16707.392,8731.326,0,378.626,0,32.881,6497,7598,2.560,1.580,0.890,1,0,280.981,0,0,11,32,0,66,0
26-02 17:41:50,18.505,2.000,78.520,0.250,0,1494096,868732,170828,5397036,9233.305,5573.392,0,296.074,0,12.003,1883,1656,2.560,1.580,0.890,1,0,0,0,0,11,33,0,64,0
26-02 17:41:51,16.751,1.750,80.005,0.500,0,1479364,883436,170836,5397056,13549.888,6205.407,0,252.017,0,21.001,3298,4068,2.560,1.580,0.890,1,0,0,0,0,11,32,0,65,0
26-02 17:41:52,15.753,12.753,70.764,0.250,0,1474436,888356,170836,5397064,7558.546,540.110,0,240.049,0,17.003,4017,3067,2.560,1.580,0.890,1,0,284.058,0,0,11,32,0,65,0
26-02 17:41:53,17.997,2.500,77.986,0.750,0.250,1483520,879252,170840,5397076,10108.138,6211.856,0,171.968,0,8.998,2185,2031,2.560,1.580,0.890,1,0,0,0,0,11,33,0,65,0
26-02 17:41:54,19.502,4.500,73.256,1.250,0,1441584,921156,170856,5397092,8497.670,5591.441,0,580.046,0,40.003,3579,3974,2.440,1.570,0.890,1,0,46.004,0,0,11,32,0,65,0
26-02 17:41:55,19.000,2.000,78.500,0,0,1459612,903124,170856,5397096,13520.001,5572.000,0,1148.000,0,3.000,1905,1528,2.440,1.570,0.890,2,0,0,0,0,11,33,0,65,0
26-02 17:41:56,17.998,2.750,77.242,0.750,0,1416680,946020,170856,5397132,16693.246,9536.998,0,143.985,0,12.999,4515,6068,2.440,1.570,0.890,1,0,3.000,0,0,11,32,0,65,0
26-02 17:41:57,11.283,23.820,63.686,0.251,0,1403964,958552,170860,5397304,7833.883,541.582,0,365.066,0,29.085,6805,5871,2.440,1.570,0.890,2,0,616.802,0,0,11,32,0,67,0
26-02 17:41:58,44.444,6.492,47.939,0.749,0,1514292,847144,170936,5398236,3527.542,581.265,35.955,271.657,0.999,9.987,2948,1583,2.440,1.570,0.890,2,0,10.986,0,0,11,32,0,60,0
26-02 17:41:59,29.774,4.504,49.290,15.262,0,1515780,842608,171208,5400484,7217.870,540.440,436.355,8050.547,17.014,456.371,4467,5941,2.480,1.590,0.910,1,1,16.013,0,0,11,36,0,60,0
26-02 17:42:00,31.215,6.742,39.955,20.726,0,1591480,765884,171408,5401272,5971.217,539.387,0,4914.417,0,479.455,6078,17580,2.480,1.590,0.910,3,1,58.933,0,0,11,36,0,61,0
26-02 17:42:01,26.213,5.243,42.690,24.965,0,1560588,795620,171648,5402160,5661.075,539.245,0,10780.908,0,803.875,5940,9604,2.480,1.590,0.910,4,1,24.965,0,0,11,36,0,61,0
26-02 17:42:02,26.756,5.251,39.758,25.255,0,1594348,760776,171840,5402992,4801.020,486.103,0,10662.266,0,836.178,6138,9728,2.480,1.590,0.910,1,1,14.003,0,0,11,36,0,59,0
26-02 17:42:03,27.808,5.512,42.339,22.798,0,1550116,803860,171988,5403968,7562.867,541.135,0,8213.231,0,736.545,6111,9410,2.480,1.590,0.910,1,1,31.065,0,0,11,36,0,59,0
26-02 17:42:04,25.737,5.747,38.980,26.986,0,1597260,755900,172076,5404676,7712.092,539.726,0,10074.894,0,777.606,6063,9400,2.770,1.660,0.930,4,2,19.990,0,0,11,36,0,59,0
26-02 17:42:05,27.190,4.989,36.918,29.185,0,1563704,788828,172196,5405168,7659.981,538.803,0,10113.529,0,725.388,6040,9720,2.770,1.660,0.930,2,1,12.971,0,0,11,36,0,59,0
26-02 17:42:06,27.761,4.252,37.015,29.011,0,1595428,756632,172332,5405492,5064.004,540.214,0,11056.375,0,750.297,5456,8671,2.770,1.660,0.930,2,3,11.004,0,0,11,36,0,54,0
26-02 17:42:07,26.819,5.264,44.113,23.059,0,1574676,776900,172408,5405900,6935.839,541.392,0,7322.834,0,698.797,5546,8699,2.770,1.660,0.930,1,1,13.034,0,0,11,36,0,54,0
26-02 17:42:08,24.905,5.230,44.081,23.659,0,1568096,782880,172520,5406364,6124.538,537.939,0,10942.084,0,831.814,5575,9211,2.770,1.660,0.930,1,2,12.950,0,0,11,36,0,54,0
26-02 17:42:09,27.529,5.256,44.297,20.772,0,1580524,770784,172628,5405916,3589.805,486.516,0,9017.558,0,834.885,6046,10210,2.790,1.690,0.950,4,0,8.008,0,0,11,36,0,54,0
26-02 17:42:10,44.361,6.015,33.082,15.539,0,1522840,828260,172732,5406020,7687.163,541.350,0,8906.202,0,553.380,4121,4572,2.790,1.690,0.950,3,1,6.015,0,0,11,32,0,49,0
26-02 17:42:11,34.956,5.992,41.448,15.980,0,1487380,863460,172904,5406104,5792.673,539.318,0,5449.107,0,576.271,5909,8495,2.790,1.690,0.950,1,1,1.997,0,0,11,34,0,49,0
26-02 17:42:12,29.438,6.736,37.670,23.700,0,1519344,831068,173148,5406284,9355.150,538.857,0,12090.347,0,1231.387,9094,14664,2.790,1.690,0.950,2,1,1.996,0,0,11,34,0,49,0
26-02 17:42:13,29.592,5.266,45.140,18.056,0,1489356,860740,173284,5406456,13142.688,541.677,0,6034.682,0,941.916,8287,13253,2.790,1.690,0.950,1,1,1.003,0,0,11,34,0,49,0
26-02 17:42:14,31.206,8.738,48.432,10.735,0,1416764,933136,173320,5406584,7213.810,539.238,0,2824.011,0,307.566,5076,5850,2.720,1.690,0.950,1,0,104.852,0,0,11,32,0,46,0
26-02 17:42:15,22.489,3.498,68.966,4.248,0,1504348,845544,173324,5406584,9112.522,539.735,0,3170.442,0,302.851,2279,1699,2.720,1.690,0.950,1,0,1.999,0,0,11,32,0,46,0
26-02 17:42:16,14.793,12.286,69.200,2.507,0,1459652,890096,173360,5406728,9120.402,541.568,0,1231.565,0,63.183,4060,3057,2.720,1.690,0.950,2,0,222.645,0,0,11,32,0,46,0
26-02 17:42:17,8.734,20.961,62.135,6.987,0,1437188,912324,173416,5406900,3309.871,485.102,0,5661.516,0,242.551,6612,5935,2.720,1.690,0.950,3,0,505.065,0,0,11,32,0,46,0
26-02 17:42:18,8.014,21.788,69.120,0,0,1423420,926048,173416,5406940,9525.558,540.940,0,384.669,0,7.012,6313,5159,2.720,1.690,0.950,1,0,520.905,0,0,11,32,0,41,0
26-02 17:42:19,18.699,7.729,73.051,0,0,1435436,914036,173416,5406932,10141.419,538.535,0,0,0,0,2967,2253,2.580,1.680,0.950,1,0,121.669,0,0,11,32,0,41,0
26-02 17:42:20,22.999,2.500,73.495,0,0,1480992,868480,173416,5406932,6069.611,539.965,0,19.999,0,2.000,1796,1090,2.580,1.680,0.950,1,0,2.000,0,0,11,32,0,41,0
26-02 17:42:21,22.250,4.000,73.750,0,0.250,1515532,833944,173416,5406928,10436.963,539.998,0,327.999,0,2.000,1884,1392,2.580,1.680,0.950,1,0,1.000,0,0,11,32,0,41,0
26-02 17:42:22,22.249,3.000,72.996,0.250,0,1499540,849932,173420,5406928,4764.726,539.969,0,139.992,0,9.999,1980,1567,2.580,1.680,0.950,1,0,3.000,0,0,11,32,0,37,0
26-02 17:42:23,22.760,3.752,73.531,0.250,0,1508964,840496,173424,5406936,7770.298,540.229,0,288.122,0,18.008,1910,1446,2.580,1.680,0.950,1,0,2.001,0,0,11,32,0,37,0
26-02 17:42:24,21.998,3.500,73.494,0,0,1481768,867672,173428,5406952,9350.279,539.958,0,55.996,0,5.000,1863,1312,2.460,1.670,0.950,1,0,1.000,0,0,11,32,0,37,0
26-02 17:42:25,22.501,3.750,73.254,0,0,1509312,840112,173428,5406968,4323.215,486.024,0,0,0,0,1862,1224,2.460,1.670,0.950,1,0,2.000,0,0,11,32,0,37,0
26-02 17:42:26,22.493,3.249,73.976,0,0,1477300,872116,173428,5406976,9386.963,539.825,0,83.973,0,4.998,1865,1308,2.460,1.670,0.950,1,0,1.000,0,0,11,32,0,33,0
26-02 17:42:27,23.251,2.500,73.502,0,0,1520136,829276,173428,5406980,5809.146,540.014,0,12.000,0,1.000,1794,1125,2.460,1.670,0.950,1,0,2.000,0,0,11,32,0,33,0
26-02 17:42:28,22.515,3.252,73.548,0,0,1503516,845908,173428,5406968,8710.636,540.350,0,0,0,0,1928,1373,2.460,1.670,0.950,1,0,2.001,0,0,11,32,0,33,0
26-02 17:42:29,22.792,3.256,73.886,0.250,0,1503792,845604,173432,5406992,5513.176,540.999,0,116.215,0,9.017,1815,1234,2.340,1.660,0.950,1,1,3.006,0,0,11,32,0,33,0
26-02 17:42:30,22.697,3.242,73.328,0,0,1486000,863480,173432,5406904,10837.648,538.740,0,558.693,0,110.741,1899,1190,2.340,1.660,0.950,2,0,1.995,0,0,11,32,0,33,0
26-02 17:42:31,22.558,3.008,73.939,0,0,1483540,865852,173432,5406992,8351.371,541.385,0,2213.665,0,24.062,1838,1231,2.340,1.660,0.950,1,0,1.003,0,0,11,32,0,29,0
26-02 17:42:32,22.196,3.990,72.324,0.998,0,1434852,914528,173436,5407000,3069.551,538.693,0,251.390,0,14.964,1964,1748,2.340,1.660,0.950,1,0,0.998,0,0,11,32,0,29,0
26-02 17:42:33,22.247,3.999,72.989,0.750,0,1467760,881636,173440,5406980,4492.305,485.925,0,323.950,0,22.996,1821,1314,2.340,1.660,0.950,1,0,2.000,0,0,11,32,0,29,0
26-02 17:42:34,22.252,3.250,73.507,0,0,1443560,905836,173440,5406980,10002.921,540.050,0,0,0,0,1817,1248,2.230,1.650,0.950,1,0,1.000,0,0,11,32,0,29,0
26-02 17:42:35,23.058,2.506,73.937,0,0,1481724,867652,173440,5407000,8434.344,541.370,0,20.051,0,1.003,1790,1167,2.230,1.650,0.950,1,0,1.003,0,0,11,32,0,23,0
26-02 17:42:36,21.946,3.741,73.818,0,0,1516176,833212,173440,5406988,8564.902,538.673,0,11.971,0,0.998,1804,1156,2.230,1.650,0.950,1,0,1.995,0,0,11,32,0,23,0
26-02 17:42:37,10.752,18.503,69.011,0,0,1427028,922300,173440,5407044,5458.889,540.088,0,200.033,0,10.002,5510,4424,2.230,1.650,0.950,1,0,460.075,0,0,11,32,0,23,0
26-02 17:42:38,21.997,3.999,73.990,0,0,1474748,874568,173440,5407056,8947.769,539.926,0,3.999,0,1.000,1836,1294,2.230,1.650,0.950,1,0,1.000,0,0,11,32,0,23,0
26-02 17:42:39,23.253,3.000,73.011,0.250,0,1444388,904684,173440,5407300,6344.938,540.080,0,92.014,0,2.000,1909,1276,2.290,1.670,0.960,2,0,9.001,0,0,11,32,0,16,0
26-02 17:42:40,22.057,3.509,73.692,0,0,1464340,884728,173440,5407304,4580.927,487.269,0,0,0,0,1907,1262,2.290,1.670,0.960,1,0,23.060,0,0,11,32,0,16,0
26-02 17:42:41,8.753,22.257,67.771,0,0,1445312,903600,173440,5407456,5481.679,582.178,40.012,168.051,2.001,7.002,6357,5181,2.290,1.670,0.960,2,0,553.169,0,0,11,32,0,16,0
26-02 17:42:42,8.996,21.491,67.972,0.250,0,1431940,916908,173448,5407500,7428.975,539.780,0,483.803,0,13.994,6702,5755,2.290,1.670,0.960,2,0,584.762,0,0,11,32,0,16,0
26-02 17:42:43,8.250,22.750,66.751,1.500,0,1416800,932012,173448,5407532,8345.066,540.004,0,1476.012,0,38.000,6713,5758,2.290,1.670,0.960,1,0,582.005,0,0,11,32,0,11,0
26-02 17:42:44,8.002,22.755,66.515,2.000,0,1403100,945664,173464,5407564,7732.736,540.121,0,2836.637,0,85.019,6721,5638,2.190,1.660,0.960,1,0,602.135,0,0,11,32,0,11,0
26-02 17:42:45,8.499,21.247,66.739,2.500,0,1395428,953288,173480,5407596,5061.201,539.915,0,3579.435,0,132.979,6455,5443,2.190,1.660,0.960,1,0,503.920,0,0,11,32,0,11,0
26-02 17:42:46,7.994,21.483,69.696,0,0,1386240,962444,173480,5407628,9153.887,539.581,0,283.779,0,8.993,6148,4817,2.190,1.660,0.960,1,0,491.618,0,0,11,32,0,11,0
26-02 17:42:47,8.507,22.019,68.308,0,0,1378952,969672,173480,5407664,6509.565,540.462,0,440.376,0,65.056,6617,5364,2.190,1.660,0.960,1,0,586.501,0,0,11,32,0,8,0
26-02 17:42:48,11.748,21.997,64.740,0.250,0,1340688,1007868,173496,5407708,3876.424,579.914,0,367.945,0,20.997,6592,5699,2.190,1.660,0.960,2,0,591.912,0,0,11,32,0,10,0
26-02 17:42:49,51.102,20.690,26.174,0.997,0,1508056,840412,173528,5407728,7242.003,538.439,0,749.826,0,48.858,5791,5055,2.260,1.680,0.980,3,0,518.497,0,0,11,32,0,14,0
26-02 17:42:50,58.881,8.268,25.056,7.266,0,1634772,708500,173588,5412136,5295.743,541.200,444.987,4201.316,10.022,165.367,4532,3976,2.260,1.680,0.980,0,2,13.029,0,0,11,38,0,14,0
26-02 17:42:51,13.223,3.493,47.405,32.435,0,1636268,703488,173776,5415000,3880.223,538.920,0,9313.335,0,665.666,5909,9944,2.260,1.680,0.980,0,2,27.944,0,0,11,38,0,12,0
26-02 17:42:52,6.248,2.749,54.734,34.240,0,1635284,703236,173852,5416128,7997.626,539.840,0,8649.433,0,607.820,4558,7884,2.260,1.680,0.980,1,1,17.995,0,0,11,38,0,12,0
26-02 17:42:53,6.500,3.500,51.499,35.999,0.250,1633512,703936,173968,5417060,5484.922,539.992,0,9319.867,0,675.990,5094,9043,2.260,1.680,0.980,0,1,15.000,0,0,11,38,0,12,0
26-02 17:42:54,6.260,3.255,47.328,40.566,0,1630652,705464,174096,5418228,7790.770,540.887,0,12151.918,0,797.307,5481,9991,2.560,1.750,1,1,2,15.025,0,0,11,38,0,12,0
26-02 17:42:55,9.239,3.496,46.442,39.201,0,1628300,706156,174256,5419648,5751.873,485.399,0,13810.888,0,887.900,5397,9595,2.560,1.750,1,1,3,11.985,0,0,11,38,0,10,0
26-02 17:42:56,6.249,3.499,47.989,39.491,0,1626240,706704,174436,5420940,3257.250,539.876,0,12201.190,0,807.814,5411,9911,2.560,1.750,1,0,3,14.997,0,0,11,38,0,10,0
26-02 17:42:57,7.497,3.249,44.984,41.736,0,1624200,707636,174560,5421896,7215.494,539.813,0,13439.332,0,878.695,5346,9595,2.560,1.750,1,1,3,8.997,0,0,11,38,0,10,0
26-02 17:42:58,19.019,6.506,37.037,36.036,0,1579980,750632,174652,5423000,8763.683,540.536,0,11883.775,0,816.809,5966,9542,2.560,1.750,1,1,3,61.061,0,0,11,36,0,10,0
26-02 17:42:59,21.737,3.998,38.727,33.231,0,1622428,706864,174704,5424224,10346.968,5568.754,0,9006.749,0,642.625,5327,8374,2.750,1.810,1.020,1,2,14.991,0,0,11,37,0,8,0
26-02 17:43:00,22.762,6.253,41.271,27.264,0,1617748,710172,174796,5425432,11743.008,4842.477,0,8756.480,0,744.381,7524,15987,2.750,1.810,1.020,1,3,97.050,0,0,11,36,0,10,0
26-02 17:43:01,23.992,6.498,35.738,31.989,0,1680692,646104,174820,5426508,5673.037,539.813,0,11452.037,0,713.753,5476,8470,2.750,1.810,1.020,2,1,32.989,0,0,11,38,0,10,0
26-02 17:43:02,18.490,4.997,40.977,33.481,0,1680612,645004,174884,5427592,15817.205,8792.111,0,13900.271,0,873.514,7283,12065,2.750,1.810,1.020,2,1,5.997,0,0,11,39,0,10,0
26-02 17:43:03,18.547,3.760,42.859,32.082,0,1673116,651372,174944,5428628,17488.468,11291.712,0,13875.281,0,877.231,9276,16186,2.750,1.810,1.020,1,3,9.023,0,0,11,39,0,9,0
26-02 17:43:04,23.211,6.240,31.198,36.439,0,1666228,656944,174976,5429876,6321.405,1165.047,0,12087.740,0,811.640,6349,9987,3.010,1.880,1.050,2,2,41.930,0,0,11,38,0,9,0
26-02 17:43:05,19.988,3.248,41.975,31.481,0,1677952,643928,175028,5431040,14347.360,7374.559,0,11844.867,0,766.538,5936,9720,3.010,1.880,1.050,1,2,8.995,0,0,11,39,0,9,0
26-02 17:43:06,19.800,4.762,43.360,31.079,0,1670708,650164,175060,5431952,17989.615,10875.577,0,11777.865,0,751.907,8341,13684,3.010,1.880,1.050,1,1,9.023,0,0,11,39,0,9,0
26-02 17:43:07,22.706,7.236,39.672,27.945,0,1676192,643828,175084,5432764,11484.539,3509.137,0,8487.401,0,707.616,6449,9090,3.010,1.880,1.050,1,2,79.844,0,0,11,38,0,10,0
26-02 17:43:08,21.297,4.009,38.836,33.825,0,1703828,614964,175164,5433880,7683.111,5518.290,0,11814.312,0,993.212,6205,10335,3.010,1.880,1.050,0,2,1.002,0,0,11,39,0,10,0
26-02 17:43:09,23.218,3.745,37.947,32.704,0,1694060,623492,175212,5435024,17940.919,8288.413,0,10525.286,0,817.857,8024,13238,3.090,1.910,1.070,0,2,2.996,0,0,11,39,0,10,0
26-02 17:43:10,21.978,5.494,41.957,28.221,0,1606708,710008,175260,5435788,13069.700,7175.698,0,7860.001,0,599.390,7502,11825,3.090,1.910,1.070,1,3,32.966,0,0,11,38,0,10,0
26-02 17:43:11,24.257,4.501,29.759,40.262,0,1658040,656624,175288,5437740,6429.949,2891.877,0,13059.959,0,867.263,5341,8307,3.090,1.910,1.070,0,3,9.003,0,0,11,39,0,10,0
26-02 17:43:12,22.228,3.996,38.463,32.219,0,1656320,656964,175404,5438948,16148.347,9024.252,0,13670.748,0,839.187,8267,13907,3.090,1.910,1.070,1,2,5.994,0,0,11,39,0,10,0
26-02 17:43:13,24.763,4.002,39.521,29.516,0,1652304,660248,175564,5439496,21784.768,9910.354,0,11186.043,0,787.425,7871,12375,3.090,1.910,1.070,2,2,9.005,0,0,11,38,0,11,0
26-02 17:43:14,33.306,18.030,23.539,23.539,0,1584648,726812,175680,5440856,8049.418,985.643,372.621,5256.763,6.010,390.651,7836,10561,3.320,1.980,1.090,5,1,383.640,0,0,11,36,0,11,0
26-02 17:43:15,32.437,12.226,25.451,29.194,0,1594640,715364,175884,5441532,18232.740,9533.563,626.788,12081.636,12.975,752.545,8728,14881,3.320,1.980,1.090,2,1,104.797,0,0,11,36,0,12,0
26-02 17:43:16,30.746,11.498,30.996,25.747,0,1566832,742292,175820,5442484,6556.125,539.928,1151.846,10374.615,17.998,647.914,6308,8732,3.320,1.980,1.090,2,1,182.976,0,0,11,36,0,12,0
26-02 17:43:17,19.062,4.766,48.909,25.583,0,1513504,794416,175944,5443536,15505.520,7273.699,0,9041.459,0,693.259,6288,9804,3.320,1.980,1.090,1,1,27.088,0,0,11,36,0,13,0
26-02 17:43:18,24.184,6.233,35.404,31.664,0,1566864,739944,176012,5444556,7465.730,845.704,0,10244.186,0,697.107,5398,8100,3.320,1.980,1.090,0,1,40.889,0,0,11,36,1,13,0
26-02 17:43:19,17.247,3.249,51.990,25.995,0,1559024,746576,176076,5445676,13987.286,10064.047,0,8054.437,0,565.890,5720,9387,3.380,2.010,1.110,1,1,0,0,0,11,37,0,13,0
26-02 17:43:20,24.495,7.499,39.743,27.245,0,1578756,725768,176144,5446656,8398.453,1256.769,0,9862.184,0,749.862,6252,9382,3.380,2.010,1.110,1,1,45.992,0,0,11,36,0,14,0
26-02 17:43:21,19.511,3.752,42.774,30.517,0,1592568,710916,176192,5447584,14095.979,7361.167,0,11426.468,0,742.420,5673,8979,3.380,2.010,1.110,0,2,0,0,0,11,37,0,14,0
26-02 17:43:22,15.747,5.249,54.241,23.496,0,1560196,742208,176248,5448568,8911.472,4534.222,0,8634.519,0,648.889,7116,11475,3.380,2.010,1.110,1,1,71.988,0,0,11,36,0,15,0
26-02 17:43:23,1.999,2.249,61.485,32.492,0,1552504,749260,176292,5449144,10234.425,539.864,0,10641.323,0,497.875,2997,5222,3.380,2.010,1.110,0,1,0,0,0,11,36,0,15,0
26-02 17:43:24,3.500,2.250,64.746,27.248,0,1538184,762656,176316,5450020,8023.457,539.963,0,6607.553,0,525.964,3690,6839,3.430,2.050,1.130,0,1,3.000,0,0,11,36,0,15,0
26-02 17:43:25,4.249,2.750,60.739,29.745,0,1525524,774180,176352,5451088,8376.503,539.904,0,9134.368,0,641.885,4275,7859,3.430,2.050,1.130,0,2,0,0,0,11,36,0,15,0
26-02 17:43:26,4.750,3.000,56.747,33.248,0,1514076,784508,176380,5452156,5281.744,539.974,0,11043.464,0,775.962,4795,8846,3.430,2.050,1.130,0,2,0,0,0,11,36,0,15,0
26-02 17:43:27,3.750,2.500,52.496,39.247,0,1504400,793504,176408,5452760,4841.654,485.965,0,12559.101,0,872.938,4099,7293,3.430,2.050,1.130,2,0,0,0,0,11,36,0,15,0
26-02 17:43:28,4.501,2.751,64.019,26.008,0.250,1495844,801008,176460,5453732,7677.295,582.174,0,5729.713,0,530.158,4373,7712,3.430,2.050,1.130,0,1,10.003,0,0,11,36,0,15,0
26-02 17:43:29,4.749,3.499,55.990,33.494,0,1488396,806952,176488,5455168,5272.045,539.902,0,12653.708,0,845.847,5431,9917,3.630,2.110,1.150,2,1,11.998,0,0,11,36,0,15,0
26-02 17:43:30,5.251,3.001,61.013,28.256,0,1481572,811724,176504,5457156,3428.721,582.122,0,9097.913,0,683.144,5061,9127,3.630,2.110,1.150,0,1,6.001,0,0,11,36,0,15,0
26-02 17:43:31,6.001,3.000,55.255,32.253,0,1480820,812240,176520,5457364,7008.669,540.052,0,15229.453,0,1005.096,5751,10654,3.630,2.110,1.150,0,2,6.001,0,0,11,36,0,15,0
26-02 17:43:32,6.497,2.999,63.473,24.740,0,1476856,815832,176536,5457712,6167.393,539.772,0,6605.208,0,612.741,4860,8385,3.630,2.110,1.150,0,1,11.995,0,0,11,36,0,15,0
26-02 17:43:33,4.502,3.001,58.774,31.513,0,1473332,819184,176580,5457840,7029.885,540.222,0,13357.481,0,874.359,4707,8612,3.630,2.110,1.150,1,1,9.004,0,0,11,36,0,15,0
26-02 17:43:34,6.511,2.504,66.116,22.039,0,1469696,822300,176624,5458304,8903.654,540.951,0,6587.582,0,678.192,5700,10212,3.420,2.090,1.150,1,1,15.026,0,0,11,36,0,15,0
26-02 17:43:35,4.489,3.242,57.364,32.922,0,1466776,824728,176648,5458760,5294.448,484.851,0,12055.419,0,795.115,4794,8950,3.420,2.090,1.150,0,1,2.993,0,0,11,36,0,15,0
26-02 17:43:36,4.502,2.751,63.029,26.262,0,1464192,826404,176680,5459612,10459.841,660.306,0,10256.747,0,793.367,5020,9061,3.420,2.090,1.150,1,1,9.004,0,0,11,36,0,15,0
26-02 17:43:37,5.250,2.500,60.497,28.998,0,1462760,827112,176732,5460232,6933.605,659.962,0,9147.478,0,696.960,5272,9619,3.420,2.090,1.150,0,1,8.999,0,0,11,36,0,15,0
26-02 17:43:38,3.749,2.999,59.732,30.241,0,1461324,828332,176828,5460344,7603.712,539.838,0,12928.110,0,857.742,5055,9386,3.420,2.090,1.150,0,3,6.998,0,0,11,36,0,15,0
26-02 17:43:39,5.251,2.751,60.017,29.758,0,1460392,828516,176896,5460988,7573.132,660.186,0,10979.091,0,732.206,4378,8025,3.390,2.110,1.160,0,1,6.002,0,0,11,36,0,15,0
26-02 17:43:40,6.251,2.000,66.511,22.003,0,1460380,828276,176976,5461136,8246.312,540.086,0,5672.902,0,614.098,4957,8840,3.390,2.110,1.160,7,0,12.002,0,0,11,36,0,15,0
26-02 17:43:41,5.000,3.500,54.248,34.249,0,1460924,828276,176988,5460580,6300.776,623.978,0,13179.531,0,932.967,5432,9954,3.390,2.110,1.160,4,1,0,0,0,11,36,0,15,0
26-02 17:43:42,4.249,2.749,65.235,24.744,0,1460888,828276,177008,5460596,3317.247,485.890,0,6074.620,0,621.859,4655,8391,3.390,2.110,1.160,0,2,2.999,0,0,11,36,0,15,0
26-02 17:43:43,4.500,3.250,61.005,28.752,0,1461520,828656,177040,5459552,4776.385,540.044,0,12060.972,0,857.069,5750,10769,3.390,2.110,1.160,0,1,0,0,0,11,36,0,15,0
26-02 17:43:44,5.500,2.750,54.751,34.001,0,1461136,828656,177072,5459904,7494.116,582.009,0,10120.157,0,703.011,4655,8156,3.360,2.120,1.170,1,0,3.000,0,0,11,36,0,15,0
26-02 17:43:45,9.512,2.753,58.071,26.533,0,1460744,828656,177104,5460264,6932.515,540.664,0,9924.189,0,790.972,5045,8874,3.360,2.120,1.170,0,1,9.011,0,0,11,36,0,15,0
26-02 17:43:46,4.744,2.497,58.672,31.208,0,1460348,828656,177140,5460624,6702.063,539.281,0,11073.234,0,742.011,4873,9037,3.360,2.120,1.170,0,1,2.996,0,0,11,36,0,15,0
26-02 17:43:47,5.000,2.500,60.500,29.250,0,1459968,828656,177200,5460940,7815.008,540.001,0,8860.009,0,703.001,4702,8440,3.360,2.120,1.170,0,1,12.000,0,0,11,36,0,15,0
26-02 17:43:48,4.250,2.500,63.256,26.752,0,1459624,828656,177244,5461228,7548.661,634.056,0,8544.748,0,754.066,4616,8288,3.360,2.120,1.170,0,1,7.001,0,0,11,36,0,15,0
26-02 17:43:49,6.000,2.250,61.251,27.750,0,1459276,828656,177268,5461540,5226.091,540.009,0,9396.163,0,754.013,4549,8231,3.250,2.120,1.180,0,1,6.000,0,0,11,36,0,15,0
26-02 17:43:50,6.252,3.001,62.519,25.758,0,1458832,828656,177296,5461956,3419.039,486.148,0,8878.698,0,783.238,5171,9295,3.250,2.120,1.180,0,2,6.002,0,0,11,36,0,15,0
26-02 17:43:51,5.749,3.499,55.490,31.994,0,1459780,828656,177312,5460980,3722.304,539.899,0,12913.585,0,946.823,6242,11639,3.250,2.120,1.180,3,1,2.999,0,0,11,38,0,15,0
26-02 17:43:52,5.001,2.750,61.257,27.753,0,1460056,828432,177324,5460916,7277.812,540.060,0,12157.357,0,873.097,5758,10398,3.250,2.120,1.180,2,0,6.001,0,0,11,38,0,8,0
26-02 17:43:53,5.756,2.503,64.072,25.278,0,1459540,828432,177332,5461424,5344.014,540.608,0,6307.098,0,646.728,4868,8695,3.250,2.120,1.180,4,3,3.003,0,0,11,38,0,8,0
26-02 17:43:54,5.242,2.746,55.664,32.949,0,1459228,828432,177340,5461728,8303.134,539.165,0,12764.222,0,921.572,5854,10531,3.230,2.140,1.190,2,0,5.991,0,0,11,38,0,8,0
26-02 17:43:55,4.500,3.000,61.000,29.500,0,1459056,828432,177348,5461888,6792.021,540.002,0,11792.036,0,772.002,4360,7952,3.230,2.140,1.190,1,1,0,0,0,11,38,0,8,0
26-02 17:43:56,6.001,2.501,62.015,26.256,0,1458604,828432,177352,5462324,7486.831,540.132,0,8762.142,0,734.180,5072,8954,3.230,2.140,1.190,3,0,12.003,0,0,11,38,0,8,0
26-02 17:43:57,7.012,2.755,62.610,24.794,0,1458300,828432,177364,5462608,4585.067,486.857,0,9761.173,0,784.380,4965,8863,3.230,2.140,1.190,2,0,9.016,0,0,11,38,0,8,0
26-02 17:43:58,11.485,2.497,58.175,25.966,0.250,1457652,828432,177380,5463228,4737.871,539.302,0,10194.812,0,769.005,5396,9609,3.230,2.140,1.190,1,1,9.987,0,0,11,38,0,8,0
26-02 17:43:59,7.747,2.749,62.228,24.741,0,1457212,828432,177416,5463624,6700.578,539.805,0,6869.517,0,621.775,4765,8244,3.210,2.150,1.200,0,1,11.996,0,0,11,38,0,8,0
26-02 17:44:00,10.990,4.746,51.702,29.473,0,1450228,835040,177444,5463964,5577.851,539.502,0,12884.106,0,882.186,7095,17672,3.210,2.150,1.200,0,2,41.961,0,0,11,38,0,9,0
26-02 17:44:01,8.509,3.003,63.564,22.272,0,1449448,835040,177456,5464712,3055.068,540.543,0,6662.690,0,720.724,5617,10015,3.210,2.150,1.200,1,2,18.018,0,0,11,38,0,7,0
26-02 17:44:02,4.250,2.750,56.756,33.503,0,1449348,835040,177512,5464744,8602.859,540.054,0,10333.032,0,742.074,4768,8590,3.210,2.150,1.200,0,1,6.001,0,0,11,38,0,7,0
26-02 17:44:03,5.247,3.248,60.218,28.485,0,1449120,834788,177572,5465148,6705.465,539.715,0,14168.530,0,965.491,5305,9752,3.210,2.150,1.200,0,1,5.997,0,0,11,38,0,7,0
26-02 17:44:04,6.755,3.502,66.295,21.765,0,1448452,834788,177620,5465760,6924.688,540.366,0,8049.450,0,730.495,5176,9084,3.270,2.180,1.210,1,1,15.010,0,0,11,38,0,7,0
26-02 17:44:05,5.247,2.249,56.223,33.484,0.250,1447944,834788,177632,5466244,5652.251,539.737,0,9799.233,0,739.640,4322,7852,3.270,2.180,1.210,0,2,5.997,0,0,11,38,0,7,0
26-02 17:44:06,4.249,2.500,60.741,28.746,0,1447520,834788,177664,5466620,3562.484,485.930,0,12538.185,0,876.873,4836,8973,3.270,2.180,1.210,0,1,0,0,0,11,38,0,7,0
26-02 17:44:07,5.002,2.501,64.020,25.508,0,1447140,834284,177672,5467480,7373.294,540.168,0,8358.601,0,669.208,4448,8143,3.270,2.180,1.210,4,1,9.003,0,0,11,38,0,7,0
26-02 17:44:08,5.752,2.751,60.271,29.010,0,1446968,834284,177704,5467616,3270.147,540.190,0,8991.154,0,705.247,5046,9259,3.270,2.180,1.210,1,2,10.004,0,0,11,38,0,7,0
26-02 17:44:09,5.997,3.249,60.724,28.488,0,1446320,834284,177728,5468228,4406.117,539.769,0,10935.327,0,830.645,4921,8698,3.330,2.210,1.230,0,1,11.995,0,0,11,38,0,6,0
26-02 17:44:10,4.999,3.749,61.985,26.744,0,1446336,833780,177756,5468664,9065.875,581.864,0,11205.374,0,889.791,5307,9680,3.330,2.210,1.230,0,1,8.998,0,0,11,38,0,6,0
26-02 17:44:11,6.017,3.259,56.662,31.089,0,1445996,833528,177788,5469204,9124.154,541.552,0,14212.740,0,961.757,5317,9584,3.330,2.210,1.230,0,1,6.017,0,0,11,38,0,6,0
26-02 17:44:12,5.736,3.492,64.095,24.191,0,1445428,833528,177808,5469744,16042.180,538.696,0,7801.123,0,711.279,5199,9149,3.330,2.210,1.230,0,3,8.978,0,0,11,38,0,6,0
26-02 17:44:13,4.000,2.750,57.998,32.749,0,1445692,833024,177820,5469960,12225.481,485.979,0,14131.400,0,915.961,4899,8932,3.330,2.210,1.230,0,1,6.000,0,0,11,38,0,6,0
26-02 17:44:14,5.252,3.501,60.022,29.011,0,1445508,832772,177824,5470360,3917.425,540.196,0,9435.432,0,761.277,5280,9489,3.150,2.190,1.230,1,2,9.003,0,0,11,38,0,6,0
26-02 17:44:15,5.745,3.747,62.442,24.727,0,1445308,832520,177840,5470768,8227.417,539.503,0,9175.543,0,790.272,5285,9219,3.150,2.190,1.230,0,2,14.986,0,0,11,38,0,6,0
26-02 17:44:16,4.002,3.252,56.033,35.271,0,1445252,832268,177844,5471064,6113.603,540.318,0,12291.243,0,856.505,4356,7883,3.150,2.190,1.230,1,2,3.002,0,0,11,38,0,6,0
26-02 17:44:17,7.749,2.500,66.491,20.497,0,1444312,832268,177856,5471960,8687.872,539.930,0,6063.213,0,666.913,5455,9293,3.150,2.190,1.230,0,1,41.995,0,0,11,38,0,4,0
26-02 17:44:18,4.760,2.756,55.117,34.573,0,1444340,831764,177864,5472408,5816.314,541.146,0,11283.890,0,776.644,4390,7909,3.150,2.190,1.230,1,2,7.015,0,0,11,38,0,4,0
26-02 17:44:19,6.494,3.497,55.452,32.722,0,1444232,831512,177868,5472756,7621.427,539.535,0,14311.658,0,1018.122,5603,10181,3.210,2.220,1.240,0,2,11.990,0,0,11,38,0,4,0
26-02 17:44:20,6.988,2.496,66.135,22.211,0,1444264,831008,177872,5473208,8020.998,485.153,0,4787.642,0,550.040,4801,8223,3.210,2.220,1.240,4,1,20.963,0,0,11,38,0,4,0
26-02 17:44:21,5.002,3.001,52.517,36.262,0,1444136,830756,177876,5473580,4278.407,540.178,0,12976.267,0,892.293,5088,9385,3.210,2.220,1.240,0,1,6.002,0,0,11,38,0,2,0
26-02 17:44:22,4.251,2.751,59.766,30.758,0,1444016,830504,177880,5473932,3749.991,540.143,0,13639.605,0,939.248,4961,9119,3.210,2.220,1.240,0,1,12.003,0,0,11,38,0,2,0
26-02 17:44:23,6.000,3.250,63.496,25.498,0,1443636,830504,177892,5474288,7448.480,539.962,0,8387.415,0,762.947,5375,9570,3.210,2.220,1.240,0,1,14.999,0,0,11,38,0,2,0
26-02 17:44:24,4.000,3.000,59.003,31.002,0,1443372,830504,177900,5474544,5807.339,540.031,0,11264.657,0,841.049,4941,8848,3.200,2.240,1.250,1,2,3.000,0,0,11,38,0,2,0
26-02 17:44:25,6.752,2.751,63.265,25.006,0,1445064,828488,177912,5474836,8229.989,540.131,0,6733.628,0,632.153,4648,8052,3.200,2.240,1.250,1,0,9.002,0,0,11,38,0,1,0
26-02 17:44:26,5.247,2.998,60.968,28.735,0,1444732,828488,177932,5475140,8336.684,539.721,0,9770.941,0,711.632,4357,7844,3.200,2.240,1.250,0,1,0,0,0,11,38,0,1,0
26-02 17:44:27,4.001,2.751,54.766,35.761,0,1444876,827984,177960,5475468,7654.251,540.159,0,12507.678,0,853.251,4576,8114,3.200,2.240,1.250,1,2,6.002,0,0,11,38,0,1,0
26-02 17:44:28,6.749,2.250,65.491,23.247,0,1445392,826976,177964,5475940,7459.997,485.935,0,3959.467,0,429.942,4239,7253,3.200,2.240,1.250,0,1,6.999,0,0,11,38,0,1,0
26-02 17:44:29,5.250,3.500,56.501,32.001,0,1446196,826976,177980,5475116,3551.058,540.009,0,12632.206,0,942.015,5246,9596,3.180,2.250,1.260,4,1,3.000,0,0,11,38,0,1,0
26-02 17:44:30,5.249,3.249,56.985,31.492,0,1447240,826976,177988,5474068,8523.726,539.856,0,13240.468,0,924.753,5336,9643,3.180,2.250,1.260,0,1,0,0,0,11,38,0,1,0
26-02 17:44:31,6.002,3.001,61.017,27.507,0,1448968,826976,178000,5472336,8199.235,540.147,0,9726.652,0,812.221,5492,9875,3.180,2.250,1.260,1,1,0,0,0,11,38,0,1,0
26-02 17:44:32,5.751,3.250,60.256,28.253,0,1450332,826976,178012,5470956,5878.550,582.054,0,9104.851,0,754.071,5163,9072,3.180,2.250,1.260,0,2,0,0,0,11,38,0,1,0
26-02 17:44:33,4.749,3.500,58.242,30.746,0,1451536,826976,178032,5469744,7257.010,539.926,0,12634.277,0,858.883,5531,10069,3.180,2.250,1.260,0,1,0,0,0,11,38,0,1,0
26-02 17:44:34,5.501,2.500,66.263,22.755,0.250,1451040,826976,178044,5470228,6022.192,540.107,0,5969.182,0,557.110,4423,7890,3.010,2.230,1.260,0,1,6.001,0,0,11,38,0,1,0
26-02 17:44:35,6.999,3.500,55.245,31.997,0,1450820,826976,178056,5470436,7720.314,485.957,0,16834.505,0,1101.902,5487,9874,3.010,2.230,1.260,0,2,11.999,0,0,11,38,0,1,0
26-02 17:44:36,4.999,3.249,59.739,29.744,0,1450496,826976,178072,5470744,8895.322,539.898,0,11373.854,0,786.852,4723,8376,3.010,2.230,1.260,0,1,5.999,0,0,11,38,0,1,0
26-02 17:44:37,5.250,2.000,65.253,24.751,0,1450328,826976,178080,5470904,3904.185,540.026,0,4760.226,0,514.024,4209,7529,3.010,2.230,1.260,0,2,9.000,0,0,11,38,0,1,0
26-02 17:44:38,12.537,2.507,59.428,23.821,0,1430676,846808,178080,5470720,7661.909,541.619,0,8172.435,0,574.718,4713,7782,3.010,2.230,1.260,1,1,7.021,0,0,11,36,0,3,0
26-02 17:44:39,7.745,22.236,63.461,4.997,0,1326820,950480,178080,5470904,8531.701,539.665,0,4057.480,0,237.852,6650,5752,2.850,2.210,1.260,1,0,527.672,0,0,11,32,0,3,0
26-02 17:44:40,37.529,18.765,39.031,3.253,0,1421652,855440,178080,5471112,4331.390,540.423,0,3867.026,0,235.184,6292,5721,2.850,2.210,1.260,3,1,415.325,0,0,11,32,0,9,0
26-02 17:44:41,66.507,8.751,22.252,2.750,0,1652284,622392,178108,5473352,7666.816,540.057,0,1576.168,0,86.009,3878,1906,2.850,2.210,1.260,2,1,3.000,0,0,11,32,0,9,0
26-02 17:44:42,62.743,4.999,25.997,5.499,0,1751240,519884,178156,5476440,9201.911,539.936,0,6943.178,0,224.973,4015,1963,2.850,2.210,1.260,3,0,5.999,0,0,11,32,0,9,0
26-02 17:44:43,17.200,3.988,48.857,27.669,0,1760548,507536,178188,5479272,9245.906,484.580,0,8870.007,0,648.101,6179,9727,2.850,2.210,1.260,0,3,32.904,0,0,11,38,0,9,0
26-02 17:44:44,9.510,3.003,52.057,33.537,0,1760984,505772,178192,5480560,9114.948,540.590,0,10499.459,0,662.723,5505,9382,2.860,2.220,1.270,0,2,33.036,0,0,11,38,0,9,0
26-02 17:44:45,8.242,3.996,49.454,35.966,0,1760056,505520,178192,5481708,4249.020,539.495,0,10610.061,0,660.381,5412,9523,2.860,2.220,1.270,0,3,17.983,0,0,11,38,0,9,0
26-02 17:44:46,7.247,2.999,51.731,35.487,0,1759524,504764,178192,5482968,7458.207,539.798,0,12383.362,0,829.689,5306,9506,2.860,2.220,1.270,0,2,14.994,0,0,11,38,0,9,0
26-02 17:44:47,7.000,3.500,46.750,40.250,0,1758796,504008,178208,5484396,10038.039,540.002,0,13468.052,0,870.003,5730,10216,2.860,2.220,1.270,1,1,18.000,0,0,11,38,0,9,0
26-02 17:44:48,7.238,4.243,46.426,38.938,0,1758980,502496,178224,5485676,3607.240,632.989,0,13825.923,0,920.530,6653,12188,2.860,2.220,1.270,3,1,21.965,0,0,11,38,0,9,0
26-02 17:44:49,8.538,3.264,50.975,34.151,0,1758764,501740,178232,5486580,6798.029,542.396,0,13033.573,0,851.763,5976,10446,3.270,2.320,1.300,1,5,30.133,0,0,11,38,0,9,0
26-02 17:44:50,8.477,2.992,51.113,34.158,0,1758744,500228,178240,5488072,7274.474,538.554,0,12981.156,0,886.620,7272,13290,3.270,2.320,1.300,1,1,23.936,0,0,11,38,0,9,0
26-02 17:44:51,7.998,3.249,54.983,31.490,0,1758588,499220,178252,5489184,8937.260,485.851,0,10760.701,0,811.751,5635,10013,3.270,2.320,1.300,0,4,28.991,0,0,11,38,0,9,0
26-02 17:44:52,8.509,3.754,48.050,37.039,0,1758460,497972,178272,5490492,7321.693,540.568,0,13121.787,0,906.953,6912,12765,3.270,2.320,1.300,0,3,30.032,0,0,11,38,0,9,0
26-02 17:44:53,6.743,2.997,49.448,37.460,0.250,1758128,496964,178292,5491760,6322.310,539.429,0,13913.277,0,886.062,6177,11280,3.270,2.320,1.300,0,3,14.984,0,0,11,38,0,9,0
26-02 17:44:54,5.751,3.001,54.509,34.506,0,1757992,496208,178304,5492620,9856.683,540.092,0,10417.779,0,671.115,4556,7937,3.490,2.380,1.330,0,1,15.003,0,0,11,38,0,9,0
26-02 17:44:55,7.249,3.250,45.993,41.244,0,1757652,495452,178324,5493652,7525.857,539.918,0,10906.344,0,749.886,5105,8714,3.490,2.380,1.330,0,2,23.996,0,0,11,38,0,9,0
26-02 17:44:56,6.749,2.999,50.491,36.494,0,1757460,494948,178324,5494336,7225.774,539.908,0,13581.695,0,911.845,5062,8933,3.490,2.380,1.330,0,4,23.996,0,0,11,38,0,9,0
26-02 17:44:57,8.503,3.251,50.017,35.012,0,1757032,493940,178328,5495716,6932.411,540.188,0,11712.073,0,848.295,6275,11349,3.490,2.380,1.330,1,2,33.011,0,0,11,38,0,9,0
26-02 17:44:58,8.492,3.497,51.202,34.468,0,1756864,492932,178356,5496800,7070.409,485.547,0,13723.207,0,943.121,6125,11018,3.490,2.380,1.330,0,2,30.971,0,0,11,38,0,9,0
26-02 17:44:59,7.012,3.256,53.094,34.060,0,1756176,492680,178364,5497660,5682.058,540.958,0,13335.607,0,880.559,5214,9082,3.530,2.400,1.340,1,3,21.037,0,0,11,38,0,9,0
26-02 17:45:00,9.241,5.245,48.704,33.968,0,1761268,486632,178372,5498584,5140.140,539.490,0,12312.358,0,821.223,5764,12189,3.530,2.400,1.340,0,1,44.957,0,0,11,38,0,10,0
26-02 17:45:01,7.750,3.500,50.251,36.751,0,1760712,486128,178380,5499604,4334.068,540.008,0,14180.221,0,1006.016,5960,10695,3.530,2.400,1.340,0,1,18.000,0,0,11,38,0,10,0
26-02 17:45:02,6.499,3.500,53.245,33.997,0,1760264,485624,178388,5500520,8744.208,539.951,0,8967.187,0,699.937,5516,9656,3.530,2.400,1.340,0,2,17.998,0,0,11,38,0,9,0
26-02 17:45:03,6.001,3.500,47.254,40.254,0,1760020,485120,178388,5501248,7001.612,540.047,0,13673.196,0,895.078,5703,10493,3.530,2.400,1.340,0,2,15.001,0,0,11,38,0,9,0
26-02 17:45:04,6.500,4.000,53.002,35.001,0,1759752,484616,178396,5501996,7737.271,540.019,0,13616.476,0,925.032,5556,10124,3.490,2.410,1.350,0,1,18.001,0,0,11,38,0,9,0
26-02 17:45:05,5.748,2.749,53.234,34.740,0,1759892,483860,178400,5502596,5890.284,539.843,0,13759.991,0,906.736,5131,9347,3.490,2.410,1.350,0,2,11.997,0,0,11,38,0,9,0
26-02 17:45:06,11.256,3.752,45.776,37.271,0,1759692,483104,178400,5503528,7367.114,540.302,0,12683.083,0,857.479,5666,9727,3.490,2.410,1.350,1,2,21.012,0,0,11,38,0,9,0
26-02 17:45:07,26.811,7.267,33.326,30.820,0,1670288,571368,178412,5504588,5353.181,487.108,0,12003.314,0,880.002,6653,10007,3.490,2.410,1.350,6,0,91.208,0,0,11,36,0,9,0
26-02 17:45:08,28.923,4.987,26.928,36.403,0,1738048,502572,178428,5505576,6400.971,538.567,0,11365.763,0,779.925,7169,11599,3.490,2.410,1.350,1,4,24.934,0,0,11,36,0,9,0
26-02 17:45:09,21.757,6.002,37.012,33.260,0,1699040,540624,178440,5506480,6933.170,540.169,0,11755.680,0,770.241,6320,9836,3.610,2.460,1.370,0,1,101.032,0,0,11,36,0,9,0
26-02 17:45:10,7.010,2.754,48.570,38.806,0,1690840,547752,178448,5507516,8188.861,582.844,0,12874.648,0,866.255,5211,9008,3.610,2.460,1.370,1,1,21.030,0,0,11,36,0,9,0
26-02 17:45:11,6.240,2.746,54.912,33.946,0,1681864,555564,178452,5508632,8237.852,539.139,0,9588.695,0,700.881,4703,8254,3.610,2.460,1.370,1,3,17.971,0,0,11,36,0,9,0
26-02 17:45:12,5.500,3.250,53.497,34.748,0,1673620,562960,178468,5509444,13273.234,539.969,0,10235.409,0,736.957,5281,9185,3.610,2.460,1.370,0,2,17.999,0,0,11,36,0,9,0
26-02 17:45:13,6.251,3.250,52.005,36.003,0,1668836,565876,178476,5511256,11839.141,540.052,0,11577.115,0,723.070,5005,8554,3.610,2.460,1.370,0,2,21.002,0,0,11,36,0,9,0
26-02 17:45:14,4.000,3.000,53.997,36.498,0,1662900,571228,178484,5511824,7131.649,539.973,0,12591.381,0,799.961,4824,8763,3.640,2.480,1.390,1,1,9.000,0,0,11,36,0,9,0
26-02 17:45:15,7.500,3.500,55.997,30.498,0,1656728,575440,178508,5513680,7890.514,485.970,0,8455.479,0,716.956,5313,9256,3.640,2.480,1.390,0,1,17.999,0,0,11,36,0,9,0
26-02 17:45:16,4.500,3.000,54.245,35.247,0,1652564,578524,178532,5514708,3626.654,539.948,0,14570.609,0,828.921,4644,8473,3.640,2.480,1.390,0,1,5.999,0,0,11,36,0,9,0
26-02 17:45:17,7.002,3.501,52.764,35.259,0,1649016,581312,178536,5515440,9545.552,540.144,0,11351.035,0,804.215,5504,9632,3.640,2.480,1.390,0,2,21.006,0,0,11,36,0,9,0
26-02 17:45:18,5.500,3.750,51.000,37.000,0,1645736,583784,178544,5516220,5920.952,539.996,0,11943.903,0,807.993,5322,9729,3.640,2.480,1.390,0,1,19.000,0,0,11,36,0,9,0
26-02 17:45:19,7.250,3.250,49.002,38.002,0,1642424,585976,178552,5517284,4110.199,540.026,0,14220.688,0,977.047,6086,10943,3.670,2.510,1.400,1,2,18.001,0,0,11,36,0,9,0
26-02 17:45:20,11.249,4.000,48.995,33.747,0,1643172,584728,178556,5517732,7425.255,539.946,0,12094.786,0,846.915,6578,11696,3.670,2.510,1.400,0,2,0,0,0,11,36,0,9,0
26-02 17:45:21,5.259,3.255,52.837,35.809,0,1641268,585192,178556,5519124,5611.273,540.894,0,11054.268,0,774.280,4790,8699,3.670,2.510,1.400,0,2,0,0,0,11,36,0,9,0
26-02 17:45:22,5.492,3.495,53.426,35.950,0,1639812,584924,178560,5520768,7658.452,485.332,0,9782.527,0,663.087,4623,8252,3.670,2.510,1.400,5,2,0,0,0,11,36,0,9,0
26-02 17:45:23,4.756,2.754,49.063,40.552,0,1637996,585572,178560,5521892,5388.931,540.695,0,11855.247,0,726.935,5444,10197,3.670,2.510,1.400,0,1,0,0,0,11,36,0,9,0
26-02 17:45:24,3.994,2.746,49.925,40.190,0,1636864,585580,178572,5522976,5468.787,539.190,0,11646.508,0,732.899,4669,8731,3.700,2.530,1.420,1,1,0,0,0,11,36,0,9,0
26-02 17:45:25,4.506,2.754,51.322,39.556,0,1635372,585916,178572,5524064,7103.028,540.763,0,9573.515,0,581.821,4207,7394,3.700,2.530,1.420,1,2,0,0,0,11,36,0,9,0
26-02 17:45:26,5.740,2.995,55.151,34.189,0,1634240,585204,178576,5525828,6656.084,539.035,0,8836.182,0,622.885,4912,8761,3.700,2.530,1.420,1,1,0,0,0,11,36,0,9,0
26-02 17:45:27,5.751,3.501,55.013,32.508,0,1633344,585028,178580,5526868,6948.673,540.130,0,14311.445,0,892.215,6361,11910,3.700,2.530,1.420,0,1,0,0,0,11,36,0,9,0
26-02 17:45:28,4.507,3.004,54.079,36.052,0,1632984,584272,178580,5527952,6841.942,540.786,0,11392.555,0,727.056,4328,7843,3.700,2.530,1.420,0,3,1.001,0,0,11,36,0,9,0
26-02 17:45:29,5.243,3.246,49.938,38.951,0,1632464,583264,178584,5529412,3362.793,539.325,0,12316.592,0,785.018,4880,8960,3.640,2.540,1.420,1,1,0,0,0,11,36,0,9,0
26-02 17:45:30,5.749,2.500,56.492,32.995,0,1631964,580996,178588,5532088,7460.896,485.928,0,8378.760,0,556.918,4562,8208,3.640,2.540,1.420,0,3,0,0,0,11,36,0,9,0
26-02 17:45:31,6.264,3.508,53.623,33.577,0,1632436,579484,178588,5533100,6607.121,541.239,0,14950.214,0,980.243,5413,9895,3.640,2.540,1.420,0,3,12.028,0,0,11,36,0,9,0
26-02 17:45:32,5.494,3.246,56.937,31.715,0,1633080,578728,178588,5533208,3385.277,581.361,0,12438.320,0,843.073,5734,10484,3.640,2.540,1.420,1,2,2.997,0,0,11,36,0,9,0
26-02 17:45:33,3.996,1.998,58.686,32.215,0,1633700,577720,178596,5533568,7415.890,539.410,0,10528.486,0,759.170,4997,9088,3.640,2.540,1.420,0,2,5.993,0,0,11,36,0,9,0
26-02 17:45:34,3.998,2.749,56.226,34.735,0,1633300,577720,178600,5533960,8998.150,539.769,0,12438.678,0,831.644,4635,8363,3.640,2.540,1.420,0,3,8.996,0,0,11,36,0,9,0
26-02 17:45:35,4.752,2.751,61.527,27.762,0.250,1633436,577468,178600,5534068,10113.476,540.239,0,7839.469,0,711.315,5064,8897,3.510,2.530,1.430,1,2,15.007,0,0,11,36,0,9,0
26-02 17:45:36,4.498,2.249,59.976,30.488,0,1633124,577468,178600,5534380,12896.812,539.783,0,11319.446,0,791.682,5002,9157,3.510,2.530,1.430,0,2,14.994,0,0,11,36,0,9,0
26-02 17:45:37,6.999,3.249,55.490,33.244,0,1633912,576460,178600,5534592,9054.391,485.914,0,10410.150,0,748.867,4879,8617,3.510,2.530,1.430,1,2,5.999,0,0,11,36,0,9,0
26-02 17:45:38,6.752,3.501,54.515,32.009,0,1634112,575200,178604,5535624,9426.549,540.146,0,12807.463,0,908.246,6098,11068,3.510,2.530,1.430,1,2,7.002,0,0,11,36,0,9,0
26-02 17:45:39,8.754,3.001,58.275,27.762,0,1634936,573940,178604,5536036,5235.236,540.231,0,8991.841,0,702.300,5120,8889,3.510,2.530,1.430,2,1,18.008,0,0,11,36,0,7,0
26-02 17:45:40,4.499,3.249,55.233,34.990,0,1635240,573184,178604,5536476,4823.555,539.838,0,10996.706,0,712.786,4987,9085,3.310,2.510,1.430,0,2,11.996,0,0,11,36,0,7,0
26-02 17:45:41,5.751,3.251,49.512,37.759,0.250,1634864,573184,178608,5536836,8326.053,540.133,0,14491.574,0,953.235,6591,12143,3.310,2.510,1.430,0,2,12.003,0,0,11,36,0,7,0
26-02 17:45:42,13.285,3.008,50.382,31.332,0,1635084,571168,178616,5538560,5499.462,541.424,0,9653.385,0,747.967,6160,10282,3.310,2.510,1.430,3,0,18.047,0,0,11,36,0,7,0
26-02 17:45:43,26.230,10.492,54.708,7.494,0,1379052,827176,178616,5538584,8127.757,539.586,0,7022.606,0,408.686,4631,4776,3.310,2.510,1.430,1,1,248.809,0,0,11,32,0,1,0
26-02 17:45:44,22.963,3.245,67.640,5.242,0,1451344,754880,178616,5538588,7388.033,539.127,0,1781.115,0,108.824,2073,1810,3.310,2.510,1.430,2,1,0.998,0,0,11,32,0,1,0
26-02 17:45:45,23.009,3.251,67.027,5.502,0,1424676,781536,178616,5538596,8938.637,486.198,0,3797.545,0,259.105,2860,2955,3.200,2.500,1.430,2,0,15.006,0,0,11,32,0,1,0
26-02 17:45:46,21.990,3.998,73.966,0,0,1488092,718120,178616,5538596,5908.267,539.750,0,0,0,0,1888,1330,3.200,2.500,1.430,1,0,14.993,0,0,11,32,0,1,0
26-02 17:45:47,23.246,2.999,71.486,1.500,0,1535708,670492,178616,5538608,3223.376,539.895,0,439.915,0,38.992,2035,1811,3.200,2.500,1.430,2,1,2.000,0,0,11,34,0,1,0
26-02 17:45:48,15.542,28.827,43.366,11.280,0,1486460,719728,178616,5538616,4268.405,635.699,0,7760.736,0,386.031,7503,7964,3.200,2.500,1.430,2,1,941.516,0,0,11,32,0,1,0
26-02 17:45:49,8.990,24.473,61.931,3.496,0,1476764,729304,178616,5538736,6884.293,539.396,0,2289.437,0,120.865,6959,6037,3.200,2.500,1.430,1,0,716.198,0,0,11,32,0,1,0
26-02 17:45:50,8.261,20.277,70.094,0.250,0,1462060,743960,178616,5538780,6966.329,540.724,0,328.440,0,59.079,6170,4771,3.030,2.470,1.430,2,0,463.621,0,0,11,32,0,1,0
26-02 17:45:51,9.234,20.464,68.878,0,0,1415092,790896,178616,5538816,7087.450,539.046,0,43.922,0,10.981,5981,4712,3.030,2.470,1.430,2,0,413.268,0,0,11,32,0,1,0
26-02 17:45:52,28.471,14.485,56.193,0,0,1415976,789964,178616,5539288,7001.897,539.453,0,0,0,0,6415,8110,3.030,2.470,1.430,2,0,251.745,0,0,11,33,0,1,0
26-02 17:45:53,43.488,6.998,48.987,0,0,1514528,691180,178620,5539524,7161.056,485.868,0,0,0,0,2824,1446,3.030,2.470,1.430,2,0,0,0,0,11,33,0,1,0
26-02 17:45:54,47.259,4.501,47.009,1.000,0,1606580,598756,178632,5539792,4810.910,540.102,104.020,836.158,1.000,42.008,3640,2816,3.030,2.470,1.430,3,0,19.004,0,0,11,49,0,1,0
26-02 17:45:55,37.021,9.005,53.280,0,0,1633048,568080,178668,5543608,5090.880,540.306,0,988.559,0,117.066,4878,7204,2.940,2.460,1.430,2,0,125.071,0,0,11,48,0,1,0
26-02 17:45:56,15.738,16.237,59.454,6.745,0,1660308,540712,178668,5543980,7096.480,539.580,0,4120.795,0,251.804,7421,9104,2.940,2.460,1.430,1,0,341.734,0,0,11,48,0,1,0
26-02 17:45:57,3.501,2.500,92.514,0.500,0,1662464,538568,178668,5543632,5244.820,540.084,0,1016.159,0,111.017,1621,2018,2.940,2.460,1.430,0,0,28.004,0,0,11,48,0,1,0
26-02 17:45:58,0.750,0.750,97.980,0,0,1662480,538568,178668,5543636,3190.338,539.888,0,0,0,0,801,1079,2.940,2.460,1.430,0,0,3.999,0,0,11,48,0,1,0
26-02 17:45:59,0.250,0.750,98.256,0,0,1662480,538568,178668,5543636,7759.449,540.031,0,36.002,0,4.000,781,1001,2.940,2.460,1.430,1,0,3.000,0,0,11,48,0,1,0
26-02 17:46:00,2.005,1.754,95.226,0,0,1670784,530264,178668,5544588,5368.733,487.155,0,0,0,0,1117,3407,2.710,2.420,1.420,2,0,35.083,0,0,11,48,0,1,0
26-02 17:46:01,12.229,10.232,76.119,0.250,0,1663888,537160,178668,5543996,7453.156,539.071,0,686.816,0,108.812,4853,8589,2.710,2.420,1.420,2,0,203.649,0,0,11,48,0,2,0
26-02 17:46:02,14.527,12.523,71.131,0,0,1638312,562684,178668,5543644,5644.366,540.994,0,20.037,0,5.009,4920,5947,2.710,2.420,1.420,1,0,230.423,0,0,11,48,0,2,0
26-02 17:46:03,14.215,18.704,65.587,0,0,1674108,526820,178668,5543692,3967.146,776.072,0,0,0,0,6526,6955,2.710,2.420,1.420,4,0,373.073,0,0,12,48,0,2,0
26-02 17:46:04,20.995,12.497,62.986,2.499,0,1682388,518448,178668,5543744,8173.219,763.834,31.993,599.869,2.999,39.991,5960,7634,2.710,2.420,1.420,0,0,284.938,0,0,12,64,1,1,0
26-02 17:46:05,8.502,11.253,78.772,0,0,1691236,509356,178668,5544276,5678.568,614.170,0,0,0,0,4305,4484,2.490,2.380,1.410,1,0,205.057,0,0,14,66,1,1,0
26-02 17:46:06,15.270,14.519,69.591,0,0,1672864,527680,178668,5543932,3944.168,614.806,0,52.068,0,8.010,5652,6060,2.490,2.380,1.410,1,0,302.396,0,0,14,66,1,2,0
26-02 17:46:07,8.516,21.039,68.627,0.501,0,1645700,554788,178668,5543984,7074.139,561.042,0,609.131,0,41.076,6242,5242,2.490,2.380,1.410,1,0,433.806,0,0,14,66,1,2,0
26-02 17:46:08,18.999,15.999,63.748,0,0,1676812,523640,178668,5544004,5751.775,697.973,0,959.962,0,12.000,6943,8681,2.490,2.380,1.410,3,0,252.990,0,0,14,66,1,2,0
26-02 17:46:09,30.999,23.499,44.999,0,0,1764280,436068,178676,5544068,7802.780,613.983,0,387.989,0,9.000,7041,6125,2.490,2.380,1.410,3,0,681.981,0,0,14,66,1,2,0
26-02 17:46:10,29.718,24.723,44.701,0,0,1864012,334736,178748,5545496,8094.153,581.365,7.991,47.948,0.999,8.990,7690,8825,2.450,2.380,1.420,2,0,649.290,0,0,14,70,1,4,0
26-02 17:46:11,37.750,19.000,42.000,0,0,1959960,238524,178748,5545744,4019.972,613.996,0,36.000,0,9.000,6519,8675,2.450,2.380,1.420,2,0,309.998,0,0,14,70,1,4,0
26-02 17:46:12,65.927,24.473,8.990,0,0,2087392,184452,171208,5482252,10623.227,539.402,3.996,31.965,0.999,7.991,5679,5078,2.450,2.380,1.420,3,0,587.349,0,0,14,70,1,4,0
26-02 17:46:13,68.098,19.027,11.767,1.252,0,2199392,134396,165516,5426832,10592.177,630.904,60.086,1890.709,8.011,31.044,6008,8300,2.450,2.380,1.420,4,0,363.521,0,0,14,70,1,4,0
26-02 17:46:14,68.550,22.767,4.003,4.003,0,2308480,193548,165680,5262464,7513.468,540.393,576.420,2277.658,85.062,100.073,6966,8185,2.450,2.380,1.420,5,0,426.310,0,0,14,74,1,4,0
26-02 17:46:15,69.423,21.726,4.994,3.996,0,2507804,148680,165504,5111540,6173.148,613.319,23.973,4299.228,2.997,200.777,8021,9142,2.980,2.490,1.460,6,2,415.539,0,0,14,76,1,4,0
26-02 17:46:16,52.135,20.455,11.475,14.967,0,2588392,203768,165156,4979540,7859.621,538.809,7.982,10109.645,1.996,419.073,9157,14185,2.980,2.490,1.460,2,1,383.153,0,0,14,76,1,4,0
26-02 17:46:17,57.576,11.515,17.523,12.767,0,2730448,198500,165168,4845816,7409.797,486.643,80.106,16353.623,3.004,522.691,7843,10305,2.980,2.490,1.460,4,2,139.184,0,0,14,79,1,4,0
26-02 17:46:18,60.871,9.769,22.545,6.012,0,2830432,166156,165268,4779216,5813.524,541.073,60.119,4252.429,5.010,236.469,7204,9293,2.980,2.490,1.460,6,4,94.187,0,0,14,82,1,7,0
26-02 17:46:19,58.741,22.996,17.247,0.750,0,2906132,154544,165276,4716672,5863.063,539.914,27.996,2203.648,5.999,113.982,11333,18914,2.980,2.490,1.460,2,3,525.916,0,0,14,95,1,13,0
26-02 17:46:20,26.912,18.190,52.328,1.495,0,2929092,129768,165276,4718908,8733.325,538.233,0,645.879,0,27.908,9487,14258,3.300,2.560,1.490,1,1,366.796,0,0,14,97,1,16,0
26-02 17:46:21,41.734,11.496,42.983,2.749,0,3035640,154388,165280,4590356,8400.719,539.789,1135.557,1431.441,13.995,65.974,4146,3113,3.300,2.560,1.490,3,1,126.950,0,0,14,98,1,16,0
26-02 17:46:22,28.550,7.763,40.070,22.038,0,3090032,165896,165300,4525868,7841.605,540.938,8.014,16620.836,2.003,988.715,4686,4824,3.300,2.560,1.490,2,1,72.125,0,0,14,101,1,16,0
26-02 17:46:23,8.763,19.278,71.105,0.250,0,3099672,156212,165300,4525916,9299.728,705.041,0,276.408,0,19.028,5853,4494,3.300,2.560,1.490,1,0,382.565,0,0,14,101,1,16,0
26-02 17:46:24,7.246,19.989,70.460,0.750,0,3110568,145280,165300,4525952,10248.119,485.721,3.998,103.940,0.999,8.995,5763,4318,3.300,2.560,1.490,1,2,350.799,0,0,14,101,1,16,0
26-02 17:46:25,16.213,11.225,70.590,1.247,0,3141196,180072,165300,4462280,7220.661,538.781,11.973,175.603,2.993,11.973,3645,2839,3.350,2.590,1.500,1,0,185.580,0,0,14,101,1,16,0
26-02 17:46:26,16.245,2.249,79.724,0.750,0,3163568,157684,165300,4462296,12002.129,6978.749,43.986,0,2.999,0,1862,1645,3.350,2.590,1.500,1,0,0,0,0,14,105,1,16,0
26-02 17:46:27,20.293,6.013,73.405,0,0,3165928,155260,165300,4462360,21255.762,16803.386,8.017,128.270,2.004,12.025,3168,2765,3.350,2.590,1.500,2,1,63.133,0,0,14,103,1,17,0
26-02 17:46:28,16.721,2.246,75.368,4.243,0,3193708,127484,165300,4462372,13294.769,6181.199,3.993,3266.293,0.998,445.222,2526,2241,3.350,2.590,1.500,2,0,1.997,0,0,14,106,1,17,0
26-02 17:46:29,20.249,3.250,71.247,3.250,0,3191864,128824,165312,4462836,5902.717,1361.935,211.990,523.975,12.999,55.997,2772,3329,3.350,2.590,1.500,3,0,4.000,0,0,14,116,1,17,0
26-02 17:46:30,34.261,6.502,53.017,6.002,0,3258176,128124,165324,4399196,8583.800,1683.549,348.114,1768.577,24.008,198.065,6251,8490,3.410,2.610,1.520,2,1,5.002,0,0,14,118,1,19,0
26-02 17:46:31,18.237,7.994,70.699,1.499,0,3244100,142176,165324,4399220,7220.814,581.582,0,1263.093,0,80.942,3146,2690,3.410,2.610,1.520,2,0,110.920,0,0,14,118,1,19,0
26-02 17:46:32,18.000,2.250,76.749,2.500,0,3264160,122044,165324,4399292,14304.771,6946.889,79.999,519.992,5.000,41.999,2235,2169,3.410,2.610,1.520,1,1,2.000,0,0,14,123,1,19,0
26-02 17:46:33,19.513,3.502,73.551,2.001,0,3265232,120816,165324,4399448,9010.221,2633.819,80.055,1276.882,5.003,105.073,3269,4191,3.410,2.610,1.520,2,0,1.001,0,0,14,123,1,19,0
26-02 17:46:34,36.243,10.248,50.490,2.250,0,3322088,126168,165328,4338356,5805.851,1823.639,11.998,1643.675,2.999,132.974,4832,5070,3.410,2.610,1.520,2,1,99.980,0,0,14,122,1,20,0
26-02 17:46:35,34.994,5.249,58.739,0.250,0,3383404,128508,165328,4276168,14696.328,6251.863,0,547.900,0,28.995,2528,1574,3.530,2.650,1.530,1,1,0,0,0,14,123,1,20,0
26-02 17:46:36,20.309,5.015,73.964,0.251,0,3343376,168484,165328,4276220,27946.970,17546.838,0,485.406,0,30.087,2547,1986,3.530,2.650,1.530,1,1,55.160,0,0,14,122,1,21,0
26-02 17:46:37,18.197,2.243,78.521,0,0,3366772,145088,165328,4276220,27254.501,23075.691,0,382.883,0,22.933,1926,1589,3.530,2.650,1.530,2,1,0,0,0,14,122,1,22,0
26-02 17:46:38,20.749,6.000,72.247,0.250,0,3405100,169680,165328,4214812,7924.696,539.979,0,5279.798,0,15.999,2388,1670,3.530,2.650,1.530,2,1,51.998,0,0,14,122,1,22,0
26-02 17:46:39,16.001,3.250,78.004,2.000,0,3413976,160640,165332,4214972,13878.754,8028.436,12.001,820.045,3.000,100.005,3149,3936,3.530,2.650,1.530,1,2,1.000,0,0,14,125,1,22,0
26-02 17:46:40,25.320,8.273,59.164,6.267,0,3402496,172044,165332,4215048,8498.503,693.919,0,4348.025,0,244.677,7045,11544,3.650,2.690,1.550,1,2,111.308,0,0,14,132,1,25,0
26-02 17:46:41,17.707,2.245,78.558,0.249,0,3412556,161968,165336,4215060,30750.924,23020.797,3.990,379.075,0.998,31.922,2119,1863,3.650,2.690,1.550,1,0,2.993,0,0,14,132,1,26,0
26-02 17:46:42,20.991,5.248,73.220,0,0,3460416,176348,165336,4154400,4178.290,781.680,0,0,0,0,2298,1703,3.650,2.690,1.550,0,0,51.979,0,0,14,133,1,26,0
26-02 17:46:43,12.744,2.499,80.960,2.999,0,3452704,183920,165336,4154540,15044.654,6946.608,71.965,1003.510,6.997,89.956,2858,3784,3.650,2.690,1.550,0,2,0,0,0,14,133,1,26,0
26-02 17:46:44,22.256,7.002,60.016,8.252,0,3421780,214720,165340,4154644,8357.185,1780.466,64.017,3508.918,4.001,323.084,7186,10992,3.650,2.690,1.550,1,1,54.014,0,0,14,133,1,28,0
26-02 17:46:45,19.232,2.997,77.176,0.500,0,3482412,154008,165340,4154724,7175.099,2781.325,3.996,955.081,0.999,64.938,1872,1690,3.600,2.690,1.560,0,2,0,0,0,14,134,1,28,0
26-02 17:46:46,17.753,1.750,78.764,0.250,0,3481044,155332,165340,4154768,15857.796,8395.480,32.006,712.126,2.000,39.007,2394,2364,3.600,2.690,1.560,1,1,0,0,0,14,134,1,28,0
26-02 17:46:47,24.354,6.026,65.277,3.515,0,3478412,157848,165340,4154884,5081.600,488.075,48.205,2615.116,3.013,226.965,7020,10995,3.600,2.690,1.560,2,0,0,0,0,14,136,1,28,0
26-02 17:46:48,28.634,6.972,57.018,5.229,0,3470152,166040,165340,4154952,8873.904,1493.923,0,4079.406,0,409.335,7039,9622,3.600,2.690,1.560,1,1,71.708,0,0,14,139,1,29,0
26-02 17:46:49,18.506,2.751,77.527,0.250,0,3493956,142232,165340,4154956,12999.495,8602.975,0,604.209,0,47.016,2262,2201,3.600,2.690,1.560,0,1,1.000,0,0,14,140,1,29,0
26-02 17:46:50,16.308,7.527,73.258,2.258,0,3474200,161872,165340,4155072,5701.104,2175.672,0,834.944,0,107.379,4119,4927,3.390,2.670,1.560,2,2,148.524,0,0,14,141,1,30,0
26-02 17:46:51,19.688,2.243,75.760,1.495,0,3492592,143476,165340,4155076,12740.617,6231.249,0,761.586,0,41.867,2007,1599,3.390,2.670,1.560,1,1,0,0,0,14,142,1,30,0
26-02 17:46:52,17.268,3.504,76.077,2.002,0,3485204,150708,165344,4155228,11330.511,6323.424,0,672.683,0,72.073,3704,4646,3.390,2.670,1.560,1,1,0,0,0,14,142,1,30,0
26-02 17:46:53,28.016,7.755,61.286,1.751,0,3483104,152488,165352,4155524,7202.217,540.316,48.028,1456.853,3.002,157.092,10480,16566,3.390,2.670,1.560,3,1,3.002,0,0,14,142,1,30,0
26-02 17:46:54,35.282,13.512,37.534,12.261,0,3426456,208980,165356,4155628,14729.297,2502.259,16.014,7418.697,1.001,457.413,11925,18767,3.390,2.670,1.560,8,0,286.258,0,0,14,141,1,31,0
26-02 17:46:55,30.653,3.738,63.050,1.246,0,3471712,163664,165356,4155688,12720.728,6354.881,0,1487.291,0,139.558,6350,9644,3.760,2.750,1.590,1,1,0,0,0,14,142,1,31,0
26-02 17:46:56,14.021,12.770,71.609,0,0,3447952,187400,165356,4155712,9816.007,2330.563,0,580.888,0,25.038,4510,3602,3.760,2.750,1.590,2,0,232.355,0,0,14,141,1,32,0
26-02 17:46:57,9.017,20.538,69.380,0.250,0,3365068,270112,165356,4156228,5573.406,541.010,0,637.190,0,32.060,5990,4748,3.760,2.750,1.590,4,1,407.761,0,0,14,141,1,32,0
26-02 17:46:58,24.004,16.253,58.510,0.250,0,3395476,239660,165360,4155900,4780.832,540.094,0,668.116,0,36.006,6596,9365,3.760,2.750,1.590,3,2,300.052,0,0,14,141,1,32,0
26-02 17:46:59,31.007,21.255,41.760,5.001,0,3455740,179320,165360,4155976,7259.741,582.140,16.004,4257.021,1.000,419.101,6946,6083,3.760,2.750,1.590,3,0,520.125,0,0,14,141,1,32,0
26-02 17:47:00,28.731,15.739,53.464,1.249,0,3512976,121732,165372,4156672,9657.493,609.589,59.960,291.803,3.997,16.989,7011,9731,3.700,2.760,1.600,4,2,269.818,0,0,16,147,1,32,0
26-02 17:47:01,60.569,26.530,11.013,2.002,0,3665060,139020,165380,3991128,7119.095,540.615,132.150,828.943,10.011,43.049,8622,18745,3.700,2.760,1.600,4,1,666.758,0,0,16,153,1,32,0
26-02 17:47:02,58.632,20.708,18.712,0.748,0,3764988,169168,165380,3862084,5328.258,538.914,47.903,510.970,3.992,38.922,7719,13432,3.700,2.760,1.600,4,0,323.348,0,0,16,169,1,32,0
26-02 17:47:03,37.553,21.781,39.055,1.001,0,3838992,140708,165380,3817272,7069.039,486.691,8.011,781.109,2.003,32.046,7670,6630,3.700,2.760,1.600,2,2,615.875,0,0,16,169,1,32,0
26-02 17:47:04,22.006,21.756,54.266,1.000,0,3872940,156852,165384,3768300,7656.237,704.206,8.002,576.168,2.001,36.011,7877,8697,3.700,2.760,1.600,1,1,499.146,0,0,17,169,1,32,0
26-02 17:47:05,24.757,15.755,59.017,0.250,0,3895460,187916,165384,3715656,6410.869,614.179,4.001,340.099,1.000,25.007,6145,6787,3.480,2.730,1.600,2,0,307.090,0,0,17,169,1,32,0
26-02 17:47:06,33.375,22.416,43.089,0,0,3965476,171052,165384,3664120,5319.087,611.710,3.985,306.851,0.996,25.903,6743,7799,3.480,2.730,1.600,4,0,481.199,0,0,17,169,1,32,0
26-02 17:47:07,38.894,21.831,37.890,0.753,0,4071576,130772,165404,3599460,6986.817,616.277,136.504,493.825,3.011,34.126,9116,12919,3.480,2.730,1.600,4,0,493.825,0,0,17,181,1,32,0
26-02 17:47:08,30.248,25.248,43.997,0,0,4142464,125116,165404,3535688,6088.524,683.947,15.999,387.970,1.000,22.998,7549,7163,3.480,2.730,1.600,4,1,740.942,0,0,17,183,1,32,0
26-02 17:47:09,17.501,23.001,57.503,1.250,0,4186120,155396,165408,3464060,7556.344,614.028,16.001,3420.156,4.000,40.002,9426,12255,3.480,2.730,1.600,2,1,467.021,0,0,17,187,1,31,0
26-02 17:47:10,27.738,13.244,57.475,1.249,0,4235276,138336,165408,3432180,5488.657,539.770,75.968,471.799,1.999,27.988,5610,6367,3.440,2.730,1.600,2,1,197.916,0,0,17,193,1,31,0
26-02 17:47:11,44.314,6.224,45.808,2.241,0,4365412,176504,165408,3267864,7778.313,557.657,768.769,414.259,13.941,18.920,3412,2358,3.440,2.730,1.600,3,1,0.996,0,0,17,193,1,31,0
26-02 17:47:12,41.778,6.254,47.032,3.252,0,4417996,188920,165408,3204104,10428.990,540.362,168.113,836.561,14.009,73.049,4012,3514,3.440,2.730,1.600,1,1,14.009,0,0,17,214,1,31,0
26-02 17:47:13,27.849,25.340,43.655,3.262,0,4390084,215820,165416,3205112,10585.483,541.919,935.312,453.606,13.046,39.139,7029,7073,3.440,2.730,1.600,5,1,598.118,0,0,17,213,1,29,0
26-02 17:47:14,36.764,20.258,38.515,3.751,0,4428324,176492,165420,3206668,15505.925,9096.476,40.015,5274.015,2.001,547.209,9352,13741,3.440,2.730,1.600,2,1,486.186,0,0,17,222,1,29,0
26-02 17:47:15,62.914,19.148,13.428,3.233,0,4516980,154328,165436,3142860,8234.024,897.208,871.346,990.709,17.904,20.888,5611,5007,3.570,2.770,1.620,5,1,194.959,0,0,17,222,1,30,0
26-02 17:47:16,54.891,11.279,23.310,10.276,0,4659464,125172,165456,3031548,13495.548,10491.859,1836.702,958.454,49.126,50.128,5295,5214,3.570,2.770,1.620,5,0,31.080,0,0,17,231,1,30,0
26-02 17:47:17,46.242,9.248,20.246,22.746,0,4645180,131492,165480,3039632,13490.572,1581.715,5718.971,1459.737,417.925,115.979,5929,5722,3.570,2.770,1.620,1,3,23.996,0,0,17,238,1,31,0
26-02 17:47:18,42.105,17.042,36.842,4.010,0,4682656,175076,165496,2960576,15724.174,8742.781,292.729,1391.467,41.102,55.137,8021,10180,3.570,2.770,1.620,3,1,371.927,0,0,17,239,1,36,0
26-02 17:47:19,36.509,22.255,35.509,4.001,0,4680736,175356,165496,2962556,10905.685,3296.812,196.048,1500.369,10.002,81.020,8984,11950,3.570,2.770,1.620,2,1,424.104,0,0,17,239,1,37,0
26-02 17:47:20,48.884,22.197,18.706,9.478,0,4744364,134220,165508,2940288,15783.589,8265.409,11.972,22087.647,2.993,741.243,7611,7500,3.600,2.790,1.640,4,1,476.870,0,0,17,240,1,37,0
26-02 17:47:21,53.645,21.957,19.711,2.994,0,4727284,211600,165532,2882284,8311.738,3628.900,1045.954,970.102,48.904,47.906,8502,11115,3.600,2.790,1.640,3,1,350.315,0,0,17,241,1,26,0
26-02 17:47:22,56.855,23.794,18.284,1.002,0,4841876,150024,165532,2829380,13454.895,6264.591,184.341,1274.358,15.028,67.124,8253,11139,3.600,2.790,1.640,6,0,473.877,0,0,17,248,1,28,0
26-02 17:47:23,51.877,22.197,22.447,2.245,0,4826548,184500,165540,2811192,11127.666,5774.335,578.631,1065.478,31.924,67.839,9756,16691,3.600,2.790,1.640,4,0,358.152,0,0,17,255,1,31,0
26-02 17:47:24,60.787,16.010,22.013,0.500,0,4961536,154564,165548,2707988,9966.058,3070.867,12.007,788.479,2.001,37.023,5612,5347,3.600,2.790,1.640,5,0,188.114,0,0,17,256,1,31,0
26-02 17:47:25,57.215,12.547,27.353,2.760,0,4992500,184500,165556,2648768,22695.268,15459.081,1256.722,1236.646,53.200,55.207,11214,21948,3.880,2.860,1.670,2,1,21.079,0,0,17,258,1,33,0
26-02 17:47:26,56.003,9.501,29.502,4.500,0,5100152,131808,165584,2595348,8828.519,4433.260,1500.088,880.052,61.004,64.004,5608,7485,3.880,2.860,1.670,1,2,10.001,0,0,17,265,1,36,0
26-02 17:47:27,46.089,22.325,29.046,2.160,0,5040396,212056,165844,2575032,20229.442,9761.368,4105.805,1769.644,60.492,88.338,8533,9163,3.880,2.860,1.670,3,0,482.019,0,0,17,265,1,38,0
26-02 17:47:28,52.816,23.416,22.375,0.520,0,5115500,136488,165844,2575944,10188.570,6451.373,1082.340,620.264,19.774,40.588,7958,11870,3.880,2.860,1.670,8,0,446.465,0,0,17,266,1,38,2
26-02 17:47:29,66.598,16.775,14.772,1.001,0,5106612,168600,165852,2553396,8789.938,5727.430,865.274,1161.710,14.021,69.102,6352,5908,3.880,2.860,1.670,5,1,206.304,0,0,18,270,1,39,0
26-02 17:47:30,69.340,11.014,6.759,12.516,0,5245052,121292,165856,2466164,14525.865,6261.132,2987.880,2098.726,131.170,238.310,5223,3502,3.970,2.900,1.680,4,0,13.017,0,0,18,271,1,38,0
26-02 17:47:31,75.957,10.744,6.746,5.997,0,5253844,167020,165876,2413416,12372.924,5721.728,1631.067,2382.637,62.964,136.922,6831,9704,3.970,2.900,1.680,5,0,85.951,0,0,18,275,1,41,0
26-02 17:47:32,43.751,12.250,41.001,2.500,0,5345868,124208,165876,2365800,13269.226,7290.124,1188.020,1196.020,31.001,103.002,5443,6646,3.970,2.900,1.680,2,0,154.003,0,0,18,283,1,43,0
26-02 17:47:33,33.209,7.740,56.180,2.247,0,5280320,214320,165884,2342152,29605.129,9070.703,886.895,890.890,14.981,68.914,4531,4836,3.970,2.900,1.680,2,0,15.980,0,0,18,288,1,44,1
26-02 17:47:34,44.926,15.724,35.941,1.498,0,5336580,162956,165884,2337892,16524575.650,161425.428,3054.993,850.606,32.946,63.895,12293,8452,3.970,2.900,1.680,2,0,264.566,0,0,18,287,1,42,0
26-02 17:47:35,30.078,3.760,64.919,1.003,0,5384000,115356,165888,2338052,17992.942,11888.015,0,665.737,0,54.141,3197,3231,3.890,2.900,1.690,1,0,0,0,0,18,287,1,43,0
26-02 17:47:36,39.388,6.232,51.604,2.742,0,5375628,145296,165888,2317160,12658.101,7204.568,47.864,626.224,2.992,54.844,4153,5395,3.890,2.900,1.690,3,0,6.980,0,0,18,296,1,44,0
26-02 17:47:37,15.230,2.497,73.156,6.492,0,5375920,144544,165888,2317620,420631.845,16383063.754,431.444,914.821,22.970,95.876,5119,4470,3.890,2.900,1.690,0,0,1.997,0,0,18,297,1,45,0
26-02 17:47:38,6.751,3.000,87.258,1.750,0,5309276,211184,165892,2317624,10410.903,1473.128,0,528.046,0,38.003,2276,2688,3.890,2.900,1.690,0,0,38.003,0,0,18,296,1,43,0
26-02 17:47:39,2.250,0.750,94.499,1.750,0,5309272,211184,165892,2317628,6491.929,539.994,0,455.995,0,27.000,1256,1828,3.890,2.900,1.690,0,0,1.000,0,0,18,298,1,43,0
26-02 17:47:40,15.503,3.251,78.768,0.750,0.250,5312128,208292,165896,2317660,7888806.673,27700.186,64.014,4076.910,3.001,49.011,6105,7018,3.740,2.890,1.690,4,0,1.000,0,0,18,303,1,43,0
26-02 17:47:41,13.015,11.513,59.569,14.266,0,5237312,266892,165900,2333840,8645314.932,81249.953,92.107,17051.718,6.007,956.106,8051,7573,3.740,2.890,1.690,3,0,238.276,0,0,18,300,1,46,0
26-02 17:47:42,19.974,7.740,69.910,0.749,0,5300592,203564,165900,2333888,7794.999,581.254,3.995,659.154,0.999,44.942,3949,4027,3.740,2.890,1.690,1,0,226.709,0,0,18,300,1,42,0
26-02 17:47:43,13.272,15.025,70.866,0.250,0,5303648,200464,165900,2333932,6927.380,486.800,0,300.494,0,25.041,4945,4035,3.740,2.890,1.690,1,0,245.403,0,0,18,300,1,42,0
26-02 17:47:44,9.482,18.715,69.121,1.747,0,5302880,201160,165904,2334000,3971.567,538.991,19.963,16465.186,1.996,61.884,6464,5775,3.740,2.890,1.690,0,0,426.202,0,0,18,306,1,42,0
26-02 17:47:45,2.500,1.250,93.502,1.750,0,5300708,203332,165908,2333996,3690.060,540.009,4.000,5288.086,1.000,107.002,1387,1765,3.600,2.870,1.690,1,0,9.000,0,0,18,306,1,42,0
26-02 17:47:46,21.246,3.749,71.237,2.500,0,5308956,195076,165908,2334004,9251.266,2505.530,0,1971.630,0,94.982,2342,2058,3.600,2.870,1.690,0,1,0,0,0,18,307,1,40,0
26-02 17:47:47,15.783,7.516,71.651,3.758,0,5275656,228320,165912,2334056,11211.698,7523.903,64.136,9415.902,4.008,448.949,3983,3543,3.600,2.870,1.690,1,0,102.216,0,0,18,310,1,41,0
26-02 17:47:48,12.003,17.004,69.017,1.250,0,5282416,221128,165916,2334452,7610.866,634.155,12.003,156.038,3.001,15.004,5719,4826,3.600,2.870,1.690,2,0,233.057,0,0,18,312,1,41,0
26-02 17:47:49,11.757,16.510,70.043,0.500,0,5276704,226444,165916,2334820,5703.471,540.329,0,300.183,0,24.015,5781,4851,3.600,2.870,1.690,2,0,250.152,0,0,18,312,1,41,0
26-02 17:47:50,23.453,3.742,70.109,1.247,0,5342948,160132,165916,2334888,7167.596,538.917,67.864,12127.628,3.992,33.932,2638,2550,3.550,2.870,1.700,1,0,20.958,0,0,18,312,1,39,0
26-02 17:47:51,21.749,3.750,70.496,3.500,0,5388268,144960,165916,2305536,4788.735,527.971,323.982,267.985,8.000,25.999,2493,2297,3.550,2.870,1.700,1,1,6.000,0,0,18,320,1,39,0
26-02 17:47:52,23.744,3.249,70.983,1.000,0,5316672,216456,165920,2305632,3035.285,539.873,103.975,383.910,8.998,37.991,2613,2612,3.550,2.870,1.700,1,0,4.999,0,0,18,316,1,39,0
26-02 17:47:53,23.254,4.251,71.261,0,0,5364780,168344,165920,2305648,8442.287,540.082,0,208.032,0,7.001,2477,2148,3.550,2.870,1.700,4,0,3.000,0,0,18,316,1,39,0
26-02 17:47:54,20.328,3.262,75.539,0.753,0,5241660,291452,165920,2305660,12968.625,7719.539,0,349.337,0,36.138,2893,2951,3.550,2.870,1.700,2,0,16.061,0,0,18,318,1,39,0
26-02 17:47:55,23.156,4.233,70.215,0.996,0,5302580,230528,165920,2305664,3951.966,537.818,0,362.529,0,26.891,2384,2089,3.510,2.880,1.710,2,0,0.996,0,0,18,318,1,39,0
26-02 17:47:56,17.069,9.538,72.291,0.502,0,5290072,242892,165924,2305804,7006.155,542.179,393.582,337.356,5.020,13.052,3891,3272,3.510,2.880,1.710,2,0,161.650,0,0,18,318,1,39,0
26-02 17:47:57,10.237,18.477,69.413,0.999,0.250,5301876,230940,165924,2305952,6639.661,539.323,23.970,275.654,3.995,23.970,6108,5247,3.510,2.880,1.710,2,0,421.471,0,0,18,318,1,39,0
26-02 17:47:58,22.274,3.003,72.327,1.251,0,5348468,184164,166076,2305984,7405.842,1104.169,152.161,152.161,7.007,6.006,2580,2188,3.510,2.880,1.710,1,0,34.036,0,0,18,319,1,38,0
26-02 17:47:59,20.174,2.242,75.716,0.747,0,5338964,187384,166556,2311692,11423.218,2268.504,0,737.239,0,15.940,2107,1940,3.510,2.880,1.710,2,0,0.996,0,0,18,318,1,38,0
26-02 17:48:00,19.249,2.750,76.494,1.500,0,5340884,184384,166572,2312740,11207.149,3480.736,0,599.954,0,17.999,2332,2362,3.300,2.840,1.710,1,0,17.999,0,0,18,319,1,38,0
26-02 17:48:01,27.259,8.003,60.521,2.001,0,5332152,188016,166996,2317240,8246.860,714.248,180.062,1468.509,10.003,45.016,12080,34468,3.300,2.840,1.710,1,0,49.017,0,0,18,318,1,39,0
26-02 17:48:02,17.996,3.749,74.731,1.250,0,5334912,184740,167052,2317700,13671.607,3480.136,107.973,355.912,10.997,6.998,10108,18900,3.300,2.840,1.710,1,0,4.999,0,0,18,319,1,38,0
26-02 17:48:03,21.081,5.772,71.525,1.757,0,5341616,176316,167100,2319308,4444.090,542.085,0,811.119,0,26.100,2646,2431,3.300,2.840,1.710,2,1,16.062,0,0,18,319,1,38,0
26-02 17:48:04,15.448,11.960,69.018,0.747,0,5302280,227168,167100,2307920,9277.828,785.361,0,1016.584,0,51.826,5127,4971,3.300,2.840,1.710,1,0,268.099,0,0,18,318,1,38,0
26-02 17:48:05,19.982,1.748,76.929,0,0,5345348,183916,167100,2308104,10344.513,2898.342,0,287.736,0,11.989,1920,1658,3.120,2.810,1.700,0,0,0,0,0,18,319,1,38,0
26-02 17:48:06,18.835,6.278,74.335,1.005,0,5335272,193856,167100,2308240,18214.079,8620.848,116.525,220.996,7.032,9.041,3478,3159,3.120,2.810,1.700,2,0,116.525,0,0,18,318,1,41,0
26-02 17:48:07,20.395,3.482,75.360,0,0,5371404,157716,167100,2308248,8965.650,2917.915,0,119.383,0,7.959,2297,1981,3.120,2.810,1.700,0,0,0,0,0,18,319,1,41,0
26-02 17:48:08,20.776,5.757,72.589,0.250,0,5333268,195844,167100,2308256,11704.375,6927.508,0,68.084,0,4.005,3133,2845,3.120,2.810,1.700,1,0,71.087,0,0,18,318,1,42,0
26-02 17:48:09,18.994,2.749,76.978,0,0,5358796,170308,167100,2308264,14705.723,6325.160,0,3.999,0,1.000,2215,1946,3.120,2.810,1.700,2,0,0,0,0,18,319,1,42,0
26-02 17:48:10,20.754,5.001,73.014,0.750,0,5366336,162712,167100,2308320,13224.559,7854.520,80.015,100.019,4.001,10.002,3120,3014,2.950,2.780,1.700,3,0,58.011,0,0,18,318,1,43,0
26-02 17:48:11,18.244,2.999,76.225,1.250,0,5394880,134024,167100,2308464,16813.540,8691.177,95.969,251.918,5.998,15.995,2356,2199,2.950,2.780,1.700,1,0,0,0,0,18,319,1,44,0
26-02 17:48:12,22.751,4.500,71.502,0.250,0,5378340,150552,167100,2308476,11165.345,2747.085,0,192.006,0,10.000,3058,2655,2.950,2.780,1.700,2,0,32.001,0,0,18,318,1,46,0
26-02 17:48:13,19.257,3.501,71.777,3.751,0,5372412,156192,167100,2308764,20595.635,8725.235,0,3121.157,0,432.160,4609,6197,2.950,2.780,1.700,1,1,1.000,0,0,18,319,1,46,0
26-02 17:48:14,20.994,5.248,69.979,3.749,0,5352504,176064,167100,2308800,11932.347,3200.020,31.990,475.854,1.999,42.987,3368,3555,2.950,2.780,1.700,3,0,46.986,0,0,18,318,1,47,0
26-02 17:48:15,18.735,3.247,76.438,0,0,5374096,154460,167100,2308812,13977.719,9229.551,0,295.761,0,27.977,2675,2601,2.790,2.750,1.690,2,0,5.995,0,0,18,321,1,47,0
26-02 17:48:16,22.770,4.504,71.812,0.250,0,5387144,141392,167100,2308832,6346.456,2139.840,0,1581.359,0,103.089,2894,2639,2.790,2.750,1.690,1,0,32.028,0,0,18,318,1,49,0
26-02 17:48:17,15.244,1.999,81.217,0.750,0,5392640,135896,167104,2308844,18579.439,10392.770,0,435.823,0,23.990,2466,2496,2.790,2.750,1.690,1,0,0,0,0,18,319,1,49,0
26-02 17:48:18,11.003,9.252,75.268,3.501,0,5355020,172272,167672,2309520,9571.302,2747.661,1116.268,456.110,249.060,39.009,4408,4763,2.790,2.750,1.690,1,0,182.044,0,0,18,320,1,50,0
26-02 17:48:19,3.502,4.002,90.548,0.250,0,5339316,187884,167704,2309580,23941.613,3173.672,8.004,420.221,2.001,37.020,2449,2882,2.790,2.750,1.690,1,0,48.025,0,0,18,320,1,45,0
26-02 17:48:20,5.252,5.252,88.028,0.500,0,5337424,189748,167704,2309608,14507.641,3936.259,16.005,328.105,1.000,15.005,2781,2988,2.730,2.740,1.700,2,0,102.033,0,0,18,320,1,46,0
26-02 17:48:21,12.490,10.742,70.945,5.246,0,5319764,206756,167728,2310236,7537.116,539.579,567.557,311.757,57.955,18.985,4098,3650,2.730,2.740,1.700,1,0,187.853,0,0,18,320,1,46,0
26-02 17:48:22,23.256,3.251,71.518,0.750,0,5334000,181588,168224,2320624,7442.873,486.122,16.004,244.061,3.001,12.003,2475,2196,2.730,2.740,1.700,1,0,3.001,0,0,18,320,1,46,0
26-02 17:48:23,15.246,2.249,78.728,2.499,0,5328776,182996,168288,2324268,14807.918,5035.612,3.999,1703.530,1.000,39.989,2275,2340,2.730,2.740,1.700,1,0,17.995,0,0,18,320,1,42,0
26-02 17:48:24,11.543,10.790,68.502,7.779,0,5287764,221288,168296,2326964,8655.886,616.270,967.564,3492.867,16.059,122.451,5293,5373,2.730,2.740,1.700,1,0,225.832,0,0,18,320,1,42,0
26-02 17:48:25,21.429,6.229,71.265,0.249,0,5333804,175144,168296,2327052,8363.423,538.225,0,303.001,0,16.944,2874,2473,2.510,2.700,1.690,1,0,79.737,0,0,18,320,1,42,0
26-02 17:48:26,17.748,3.750,77.493,0,0,5264056,244828,168296,2327116,27924.341,23140.797,0,47.995,0,4.000,2705,2524,2.510,2.700,1.690,1,0,46.996,0,0,18,320,1,44,0
26-02 17:48:27,20.740,3.498,74.713,0.250,0,5327272,181604,168296,2327124,8553.811,2504.773,0,111.945,0,11.994,2262,1872,2.510,2.700,1.690,0,0,0,0,0,18,321,1,35,0
26-02 17:48:28,17.506,3.001,75.275,3.251,0,5252584,255836,168296,2327580,16158.270,7430.423,448.146,80.026,28.009,12.004,2762,2632,2.510,2.700,1.690,2,0,15.005,0,0,18,320,1,37,0
26-02 17:48:29,22.246,2.749,74.485,0,0,5316292,192128,168296,2327580,8647.293,2505.505,0,63.987,0,2.999,2244,1908,2.510,2.700,1.690,0,0,0,0,0,18,323,1,37,0
26-02 17:48:30,15.536,2.506,75.174,5.513,0,5318568,188360,168300,2329052,10373.990,5147.905,1431.310,557.289,46.107,73.169,3328,4574,2.310,2.650,1.680,0,1,1.002,0,0,18,325,1,37,0
26-02 17:48:31,20.451,4.489,64.097,8.729,0,5327492,178564,168300,2329924,5129.783,1817.671,686.365,3930.639,40.903,269.358,4306,5911,2.310,2.650,1.680,2,0,4.988,0,0,18,324,1,35,0
26-02 17:48:32,19.501,3.250,74.755,1.500,0,5360160,145892,168300,2329928,12967.937,6767.489,0,1456.105,0,93.007,2444,2408,2.310,2.650,1.680,0,0,0,0,0,18,325,1,35,0
26-02 17:48:33,17.501,3.000,74.753,3.250,0,5355140,150608,168300,2330232,13474.492,5138.188,256.009,952.035,11.000,121.004,5125,7177,2.310,2.650,1.680,1,0,1.000,0,0,18,324,1,36,0
26-02 17:48:34,10.792,20.832,67.013,0.502,0,5336188,169528,168300,2330264,4207.542,542.131,0,807.173,0,63.249,7203,7208,2.310,2.650,1.680,1,0,638.510,0,0,18,324,1,36,0
26-02 17:48:35,8.501,22.753,67.510,0,0,5326404,179280,168300,2330296,9362.325,540.076,0,448.063,0,36.005,7380,6931,2.200,2.620,1.670,1,0,699.099,0,0,18,324,1,31,0
26-02 17:48:36,7.999,22.496,67.987,0.500,0,5321040,184608,168300,2330332,7742.567,539.900,0,2163.600,0,54.990,7245,6670,2.200,2.620,1.670,1,0,652.879,0,0,18,324,1,31,0
26-02 17:48:37,9.000,22.500,65.000,2.250,0,5318648,186964,168300,2330368,7779.055,540.004,0,2028.014,0,119.001,7733,7603,2.200,2.620,1.670,1,0,701.005,0,0,18,324,1,31,0
26-02 17:48:38,8.498,22.495,67.485,0.250,0,5324636,180924,168300,2330420,7850.217,485.890,0,287.935,0,25.994,7301,6877,2.200,2.620,1.670,2,0,653.851,0,0,18,324,1,31,0
26-02 17:48:39,10.963,17.939,67.769,1.495,0,5328172,177328,168300,2330480,4428.934,538.169,15.946,291.010,0.997,16.942,6013,5157,2.200,2.620,1.670,1,0,453.457,0,0,18,324,1,27,0
26-02 17:48:40,17.992,6.497,71.219,3.498,0,5317560,279932,168708,2248132,7881.522,613.729,39.982,1027.546,9.996,3.998,2717,2396,2.110,2.600,1.670,1,1,42.981,0,0,18,324,1,27,0
26-02 17:48:41,21.754,2.500,74.013,1.250,0,5338608,255456,168856,2251412,11918.123,1812.323,16.003,1308.233,3.001,3.001,2327,2086,2.110,2.600,1.670,1,0,16.003,0,0,18,325,1,27,0
26-02 17:48:42,13.247,1.500,78.734,5.749,0,5335688,257296,168968,2252372,25742.862,12380.529,767.847,2215.558,48.990,45.991,2083,2069,2.110,2.600,1.670,0,0,0,0,0,18,325,1,27,0
26-02 17:48:43,15.000,2.250,76.751,4.500,0,5359336,232140,169084,2253760,27840.538,12072.233,1004.019,1728.033,56.001,63.001,2394,2670,2.110,2.600,1.670,1,0,0,0,0,18,325,1,24,0
26-02 17:48:44,15.752,1.750,73.508,8.751,0,5356260,234148,169196,2254708,23748.494,11364.194,704.074,3952.415,53.006,437.046,2603,2741,2.110,2.600,1.670,0,0,0,0,0,18,325,1,24,0
26-02 17:48:45,16.001,1.250,78.757,3.000,0,5370868,218280,169316,2255840,24771.138,12446.074,728.063,1608.139,41.004,55.005,2073,2055,2.020,2.570,1.670,0,0,0,0,0,18,325,1,24,0
26-02 17:48:46,16.752,2.250,72.258,7.501,0,5375732,181740,169508,2287316,6338.705,1331.148,11757.308,1300.145,124.014,58.006,2290,2413,2.020,2.570,1.670,1,0,1.000,0,0,18,325,1,24,0
26-02 17:48:47,19.998,2.500,65.993,10.749,0,5387680,157900,170012,2298692,3373.650,539.944,0,6687.306,0,351.963,2683,2341,2.020,2.570,1.670,2,0,0,0,0,18,325,1,23,0
26-02 17:48:48,20.756,2.501,68.771,6.752,0,5380212,151664,170148,2312120,9181.745,634.190,0,932.279,0,31.009,2588,2669,2.020,2.570,1.670,2,0,2.001,0,0,18,325,1,23,0
26-02 17:48:49,18.988,2.249,70.954,7.495,0,5377948,133672,170580,2331752,8442.472,539.647,0,3022.021,0,164.892,2808,3110,2.020,2.570,1.670,2,1,0.999,0,0,18,325,1,23,0
26-02 17:48:50,22.060,2.758,71.696,2.758,0,5372220,137260,171336,2333696,6765.457,541.477,0,2775.572,0,98.268,2558,2600,2.100,2.580,1.670,1,0,0,0,0,18,325,1,23,0
26-02 17:48:51,19.709,2.245,72.099,4.491,0,5377452,125144,171860,2339736,5717.022,604.733,0,1967.877,0,65.862,2359,2355,2.100,2.580,1.670,1,0,0,0,0,18,324,1,23,1
26-02 17:48:52,23.327,4.013,70.482,1.756,0,5364412,150736,171860,2327136,8013.346,1144.764,0,1500.935,0,25.082,2749,2299,2.100,2.580,1.670,1,0,35.115,0,0,18,325,1,23,0
26-02 17:48:53,17.939,3.239,73.253,3.737,0,5335728,173712,171936,2332752,11020.798,2269.339,15.946,11537.055,0.997,144.512,2638,2844,2.100,2.580,1.670,1,0,1.993,0,0,18,324,1,23,0
26-02 17:48:54,18.497,3.250,73.489,3.999,0,5337832,169204,171972,2335084,10379.514,3480.502,0,911.869,0,38.994,2465,2531,2.100,2.580,1.670,1,0,17.997,0,0,18,325,1,23,0
26-02 17:48:55,22.508,5.252,68.774,1.501,0,5341220,161928,172388,2338404,6477.294,714.253,0,1132.401,0,23.008,10881,19642,2.170,2.580,1.680,1,0,12.004,0,0,18,324,1,23,0
26-02 17:48:56,21.992,6.747,67.974,1.749,0,5337528,165412,172424,2338576,10754.948,539.797,0,1907.281,0,14.994,11470,20403,2.170,2.580,1.680,2,0,18.993,0,0,18,324,1,22,0
26-02 17:48:57,22.326,4.264,72.747,0,0,5306580,207744,172424,2327272,6835.229,541.841,0,216.737,0,11.038,3038,2836,2.170,2.580,1.680,1,0,51.174,0,0,18,324,1,22,0
26-02 17:48:58,22.954,5.738,69.111,0.249,0,5343248,171060,172424,2327288,6709.547,580.835,0,3988.004,0,16.966,10591,19235,2.170,2.580,1.680,1,0,39.920,0,0,18,324,1,22,0
26-02 17:48:59,19.227,2.497,76.907,0.999,0,5351436,157216,172528,2332836,10789.945,2820.587,0,747.096,0,14.982,2150,1962,2.170,2.580,1.680,1,0,1.998,0,0,18,324,1,22,0
26-02 17:49:00,19.000,2.500,76.750,0.500,0,5355656,147708,172528,2338016,14126.049,3481.012,0,1212.004,0,18.000,2253,1984,2.080,2.560,1.680,2,0,18.000,0,0,18,324,1,22,1
26-02 17:49:01,28.509,8.003,61.770,0,0,5364556,138300,172528,2338520,7587.416,594.189,0,88.028,0,2.001,15214,38540,2.080,2.560,1.680,1,0,53.017,0,0,18,324,1,23,0
26-02 17:49:02,21.328,6.273,70.759,0.753,0,5317156,197056,172532,2327284,3906.273,541.980,0,626.288,0,12.044,7932,13297,2.080,2.560,1.680,1,0,15.055,0,0,18,324,1,23,0
26-02 17:49:03,24.402,4.233,69.222,1.992,0,5320352,193656,172532,2327488,9162.218,537.841,175.296,705.169,8.964,24.900,3093,2981,2.080,2.560,1.680,1,0,21.912,0,0,18,324,1,23,0
26-02 17:49:04,22.501,5.750,69.504,1.000,0,5315636,190632,172532,2335228,6890.392,614.035,0,1516.086,0,65.004,3894,4158,2.080,2.560,1.680,1,0,98.006,0,0,18,324,1,22,0
26-02 17:49:05,20.507,2.001,68.024,8.003,0,5320052,183084,172532,2338308,8178.910,1886.671,0,3609.284,0,157.056,2571,2775,2.150,2.560,1.680,0,0,16.006,0,0,18,325,1,22,0
26-02 17:49:06,13.245,1.749,81.217,2.499,0,5333488,169440,172532,2338504,24808.839,11858.143,0,1931.209,0,59.975,2115,2376,2.150,2.560,1.680,1,0,0,0,0,18,325,1,22,0
26-02 17:49:07,10.493,1.749,83.696,2.998,0,5333396,169024,172532,2338984,161695.704,16014.670,0,2314.507,0,94.939,2098,2264,2.150,2.560,1.680,1,0,0,0,0,18,326,1,22,0
26-02 17:49:08,16.013,1.751,78.815,2.502,0,5364400,137792,172532,2339188,24859.649,9953.267,0,1088.904,0,40.033,2158,2030,2.150,2.560,1.680,0,1,1.001,0,0,18,326,1,19,0
26-02 17:49:09,15.747,1.250,80.236,1.750,0,5369588,132292,172532,2339488,21922.299,11572.046,0,1387.766,0,44.992,1998,1995,2.150,2.560,1.680,1,0,0,0,0,18,326,1,19,0
26-02 17:49:10,12.998,2.750,77.487,5.499,0,5381136,120288,172532,2339924,328535.599,16311.200,0,1983.659,0,77.987,2464,2454,2.060,2.540,1.680,2,0,3.999,0,0,18,326,1,19,0
26-02 17:49:11,26.600,7.528,59.223,5.772,0,5396184,137212,172552,2309768,86674.723,15872.649,903.395,2300.646,16.060,90.339,3455,2718,2.060,2.540,1.680,1,0,9.034,0,0,18,326,1,19,0
26-02 17:49:12,17.181,3.237,73.703,4.482,0,5368420,144640,172568,2330040,5639767.488,38597.389,254.972,6728.872,1.992,57.767,4125,3037,2.060,2.540,1.680,0,1,3.984,0,0,18,326,1,14,0
26-02 17:49:13,7.249,2.750,76.990,10.749,0,5373772,130992,172592,2339184,11963131.313,91306.218,163.979,13630.241,3.999,104.986,6053,4279,2.060,2.540,1.680,2,0,2.000,0,0,18,326,1,14,0
26-02 17:49:14,15.512,2.252,68.804,11.509,0,5378508,120420,172676,2344856,194118.021,2260.782,0,12870.145,0,232.183,2940,3352,2.060,2.540,1.680,2,0,1.001,0,0,18,326,1,14,0
26-02 17:49:15,20.765,3.753,69.551,5.254,0,5361032,142612,173600,2339388,8889.513,614.450,0,4855.557,0,249.183,3021,2624,1.970,2.510,1.680,5,0,6.004,0,0,18,326,1,14,0
26-02 17:49:16,25.476,3.996,63.190,6.494,0,5373364,127364,174028,2341640,8852.609,485.540,0,1874.224,0,47.955,4257,5829,1.970,2.510,1.680,1,0,1.998,0,0,18,326,1,10,0
26-02 17:49:17,23.253,3.750,66.758,4.751,0,5389736,130400,174664,2321492,6734.769,540.062,0,2616.299,0,115.013,3374,3447,1.970,2.510,1.680,1,0,0,0,0,18,326,1,12,0
26-02 17:49:18,20.501,3.250,68.254,7.500,0,5381876,116524,175368,2341812,3217.201,540.034,0,2072.129,0,63.004,2717,2761,1.970,2.510,1.680,3,0,2.000,0,0,18,326,1,12,0
26-02 17:49:19,8.499,3.000,58.491,27.746,0,5380444,127472,175576,2331664,12066.174,539.918,7.999,25620.123,2.000,449.932,2804,3154,1.970,2.510,1.680,1,2,1.000,0,0,18,326,1,12,0
26-02 17:49:20,5.499,2.000,61.735,29.743,0,5381776,124672,175752,2332976,7731.071,539.865,3.999,25717.583,1.000,358.910,2272,2567,2.140,2.540,1.690,1,0,0,0,0,18,326,1,10,0
26-02 17:49:21,13.249,3.500,66.996,15.249,0,5382900,128408,175980,2327828,8836.451,539.966,11.999,21586.659,3.000,316.980,2548,2477,2.140,2.540,1.690,0,1,0,0,0,18,326,1,10,0
26-02 17:49:22,6.501,2.501,66.264,23.755,0,5381160,127428,176140,2330532,7823.700,540.117,0,28974.295,0,183.040,2175,2509,2.140,2.540,1.690,1,0,0,0,0,18,326,1,10,0
26-02 17:49:23,22.250,2.500,68.251,5.250,0,5375444,129040,177356,2332784,8358.115,540.007,0,2504.035,0,36.000,2728,2830,2.140,2.540,1.690,1,0,0,0,0,18,326,1,10,0
26-02 17:49:24,18.002,2.750,68.508,9.251,0,5376504,134424,178112,2325132,6237.773,560.069,0,2292.284,0,94.012,2691,2924,2.140,2.540,1.690,1,1,0,0,0,18,326,1,9,0
26-02 17:49:25,16.753,2.750,69.762,10.252,0,5377528,120372,178808,2336856,5312.920,1033.179,0,2948.510,0,236.041,2496,2414,2.210,2.540,1.700,1,0,0,0,0,18,327,1,9,0
26-02 17:49:26,20.249,3.250,75.747,0,0,5296500,235924,178828,2302340,9175.596,2641.884,0,255.989,0,14.999,2275,2020,2.210,2.540,1.700,1,0,18.999,0,0,18,324,1,9,0
26-02 17:49:27,18.252,3.000,74.257,3.500,0,5322100,205728,178864,2306752,13096.204,2824.260,0,1812.167,0,27.002,2286,2084,2.210,2.540,1.700,1,0,17.002,0,0,18,324,1,9,0
26-02 17:49:28,20.240,3.248,74.464,1.249,0,5321596,204788,178888,2308056,13134.611,3347.372,0,443.784,0,9.995,2434,2173,2.210,2.540,1.700,0,0,18.991,0,0,18,325,1,5,0
26-02 17:49:29,22.349,5.022,69.559,2.511,0,5318636,201152,179200,2313416,8206.416,783.477,0,1229.456,0,24.107,10611,19469,2.210,2.540,1.700,2,0,13.058,0,0,18,324,1,5,0
26-02 17:49:30,21.412,5.228,67.472,3.486,0,5335460,184044,179236,2313576,6995.216,537.787,0,2091.394,0,4.980,9350,16776,2.110,2.520,1.690,3,0,4.980,0,0,18,324,1,5,0
26-02 17:49:31,21.249,6.500,72.248,0,0,5336956,182308,179276,2313744,7618.799,581.985,0,139.996,0,5.000,2505,2125,2.110,2.520,1.690,1,0,14.000,0,0,18,324,1,5,0
26-02 17:49:32,22.008,4.001,71.777,0.750,0,5303072,227248,179364,2303576,5179.923,486.181,248.092,416.155,4.001,12.004,2431,2177,2.110,2.520,1.690,1,0,6.002,0,0,18,324,1,4,0
26-02 17:49:33,21.242,3.499,69.724,4.498,0,5319120,208808,179548,2305760,3496.690,539.798,435.837,2395.103,13.995,60.977,4041,5178,2.110,2.520,1.690,1,0,1.000,0,0,18,326,1,6,0
26-02 17:49:34,21.344,4.520,60.266,13.309,0,5318292,208748,179548,2306648,4685.707,542.397,739.267,3077.600,44.195,327.447,7479,11510,2.110,2.520,1.690,1,0,2.009,0,0,18,327,1,10,0
26-02 17:49:35,11.457,16.439,61.520,7.721,0,5293980,232800,179552,2306904,8599.877,537.990,175.345,5308.172,3.985,328.772,6921,7503,2.260,2.540,1.700,2,0,395.523,0,0,18,326,1,10,0
26-02 17:49:36,12.232,6.740,67.650,11.982,0,5283768,240164,179640,2309664,9296.300,1552.712,2835.821,2416.439,104.845,290.572,3275,2824,2.260,2.540,1.700,0,0,57.915,0,0,18,327,1,12,0
26-02 17:49:37,3.003,1.251,93.331,1.251,0,5283108,240816,179644,2309668,14277.400,2042.774,0,380.330,0,22.019,1709,2238,2.260,2.540,1.700,1,0,0,0,0,18,327,1,11,0
26-02 17:49:38,2.748,2.248,92.681,0.999,0,5282260,241664,179648,2309664,45071.420,3916.082,3.997,11859.164,0.999,165.876,1926,2594,2.260,2.540,1.700,0,0,0.999,0,0,18,327,1,11,0
26-02 17:49:39,5.250,2.250,87.251,4.250,0,5266140,256756,179748,2310592,136678.643,126729.523,176.002,836.010,12.000,12.000,1937,2148,2.260,2.540,1.700,0,1,12.000,0,0,18,326,1,11,0
26-02 17:49:40,2.250,0.500,96.519,0.250,0,5253056,269840,179748,2310592,6830.359,74.015,0,8.002,0,3.001,1210,1693,2.080,2.500,1.700,0,0,0,0,0,18,326,1,11,0
26-02 17:49:41,10.503,2.751,85.773,0.250,0,5243672,279196,179776,2310592,279476.012,9768.657,4.001,120.033,1.000,27.007,2702,2478,2.080,2.500,1.700,0,0,20.005,0,0,18,326,1,11,0
26-02 17:49:42,9.998,3.749,84.482,0,0,5246980,275752,179788,2310716,290521.241,12687.347,123.974,3.999,5.999,1.000,2942,2594,2.080,2.500,1.700,0,0,23.995,0,0,18,326,1,11,0
26-02 17:49:43,14.503,7.751,73.264,3.751,0,5242792,270620,179848,2319880,153347.507,3872.720,2136.397,8.001,84.016,1.000,3352,2684,2.080,2.500,1.700,1,0,42.008,0,0,18,326,1,11,0
