"pcp-dstat 6.2.0 CSV Output"
"Author:","PCP team <pcp@groups.io> and Dag Wieers <dag@wieers.com>",,,,"URL:","https://pcp.io/ and http://dag.wieers.com/home-made/dstat/"
"Host:","ubuntu",,,,"User:","ubuntu"
"Cmdline:","dstat -tcmndrylpg --tcp --output /tmp/devstack_logs/dstat-csv.log",,,,"Date:","20 Feb 2026 15:40:27 UTC"
"system","total usage",,,,,"memory usage",,,,"net/total",,"dsk/total",,"io/total",,"system",,"load avg",,,"procs",,,"paging",,"tcp sockets",,,,
"time","total usage:usr","total usage:sys","total usage:idl","total usage:wai","total usage:stl","used","free","buf","cach","net/total:recv","net/total:send","dsk/total:read","dsk/total:writ","read","writ","int","csw","1m","5m","15m","run","blk","new","in","out","lis","act","syn","tim","clo"
20-02 15:40:27,,1015592,1485184,164508,5153116,,,,,,,1.440,1.020,0.600,1,0,,,,10,5,1,18,1
20-02 15:40:28,23.221,20.475,51.686,4.245,0,1035184,1464920,164536,5153644,25514.497,12439.641,0,2808.532,0,103.872,6687,6071,1.440,1.020,0.600,3,0,589.272,0,0,10,4,1,18,2
20-02 15:40:29,27.518,17.762,46.281,7.505,0,1008080,1467036,164884,5176140,170460.727,3678.433,0,2533.676,0,71.047,5713,5863,1.440,1.020,0.600,0,2,384.254,0,0,10,4,1,18,2
20-02 15:40:30,34.422,12.222,49.138,2.245,0,1136216,1319984,165732,5316572,3822.302,612.606,0,1863.759,0,50.884,5823,8641,1.440,1.020,0.600,1,0,152.653,0,0,11,4,1,17,2
20-02 15:40:31,33.793,8.261,56.572,1.252,0,1167616,1273640,166040,5329404,3641.630,614.782,0,712.906,0,21.027,3444,2363,1.400,1.020,0.600,1,1,100.127,0,0,11,6,1,17,2
20-02 15:40:32,29.477,10.991,48.462,10.242,0,1180996,1237092,166800,5349668,10291.912,559.560,191.849,2717.864,7.994,125.901,4518,3678,1.400,1.020,0.600,0,2,184.855,0,0,11,6,1,19,2
20-02 15:40:33,36.571,5.010,48.845,9.018,0,1232544,1167748,167656,5364264,9368.204,615.195,256.498,4027.827,8.016,81.158,2947,1944,1.400,1.020,0.600,0,2,0,0,0,11,6,1,19,2
20-02 15:40:34,35.458,3.746,48.693,11.237,0,1239468,1138160,168580,5383860,8537.984,539.367,127.850,3839.496,5.993,150.823,3470,3357,1.400,1.020,0.600,0,2,1.998,0,0,11,8,1,19,2
20-02 15:40:35,12.979,2.995,51.418,30.202,0.250,1248024,1123124,169168,5388784,12773.551,2678.712,0,10031.940,0,408.346,4638,7296,1.400,1.020,0.600,1,2,8.986,0,0,11,9,1,19,2
20-02 15:40:36,22.438,5.485,37.148,32.411,0,1297444,1089464,169336,5373264,9422.070,1190.723,0,12146.572,0,671.153,5769,8880,1.530,1.050,0.620,1,1,18.948,0,0,11,6,1,19,0
20-02 15:40:37,18.569,3.262,46.924,28.857,0,1322656,1057684,169556,5378980,12063.845,2830.522,0,7359.357,0,491.828,4562,7090,1.530,1.050,0.620,1,1,16.060,0,0,11,6,1,19,0
20-02 15:40:38,22.983,4.746,39.471,31.477,0,1313248,1064776,169768,5380896,5866.626,539.598,0,9392.997,0,695.481,5287,8170,1.530,1.050,0.620,1,2,20.984,0,0,11,6,1,19,0
20-02 15:40:39,12.510,3.253,40.783,41.534,0,1299200,1072616,170108,5385988,13949.283,3549.871,0,13274.737,0,890.720,4451,7368,1.530,1.050,0.620,0,4,17.014,0,0,11,7,1,19,0
20-02 15:40:40,20.254,6.001,37.258,34.007,0,1295092,1074312,170408,5387536,5923.276,660.142,0,11722.525,0,856.184,12754,23750,1.530,1.050,0.620,0,4,25.005,0,0,11,6,1,19,0
20-02 15:40:41,21.993,5.748,40.986,28.990,0,1289144,1078804,170616,5388684,3468.822,539.817,0,8029.273,0,592.799,14474,26735,1.650,1.090,0.630,1,1,21.993,0,0,11,6,1,19,0
20-02 15:40:42,17.489,6.996,37.477,35.479,0,1250136,1124600,170764,5382536,7569.455,581.651,0,11660.998,0,763.542,6340,10490,1.650,1.090,0.630,0,3,12.992,0,0,11,6,1,19,0
20-02 15:40:43,23.010,4.752,42.768,28.262,0,1224932,1153620,170972,5379112,7999.317,540.224,0,8447.502,0,626.260,5118,7457,1.650,1.090,0.630,2,1,26.011,0,0,11,6,1,19,0
20-02 15:40:44,13.994,3.748,53.477,25.739,0,1220792,1156992,171144,5379776,7466.730,633.722,0,7448.738,0,745.673,5487,8879,1.650,1.090,0.630,1,0,71.968,0,0,11,6,1,19,0
20-02 15:40:45,10.266,2.504,53.581,31.548,0,1217600,1159780,171328,5380016,5910.933,540.817,0,11353.157,0,820.240,4500,7824,1.650,1.090,0.630,1,4,6.009,0,0,11,4,1,19,0
20-02 15:40:46,19.479,7.492,62.682,9.240,0,1188620,1188716,171364,5380024,3180.573,539.419,0,15563.233,0,384.586,3357,3267,1.840,1.130,0.650,1,0,74.919,0,0,11,4,1,19,0
20-02 15:40:47,23.495,3.999,63.237,8.748,0,1193008,1184308,171376,5380032,8050.351,485.900,0,20335.835,0,363.925,2526,1561,1.840,1.130,0.650,1,0,4.999,0,0,11,4,1,19,0
20-02 15:40:48,22.787,4.007,59.096,13.522,0,1254992,1122400,171436,5380036,6706.915,615.001,0,5284.600,0,252.411,2363,2465,1.840,1.130,0.650,1,0,5.008,0,0,11,4,1,19,0
20-02 15:40:49,20.262,5.753,72.794,0,0,1220664,1156708,171440,5380052,3283.994,540.328,0,128.078,0,10.006,2705,1995,1.840,1.130,0.650,2,0,92.056,0,0,11,4,1,19,0
20-02 15:40:50,9.251,20.502,69.506,0,0,1151220,1226096,171440,5380096,7583.698,540.050,0,28.003,0,7.001,5953,4577,1.840,1.130,0.650,1,0,417.038,0,0,11,4,1,15,0
20-02 15:40:51,15.224,17.720,65.140,0,0,1144400,1232756,171440,5380672,5399.868,539.088,0,31.946,0,7.986,7166,8119,1.770,1.130,0.650,1,0,335.433,0,0,11,4,1,15,0
20-02 15:40:52,39.831,9.519,49.601,0.251,0,1219596,1150052,171440,5388176,7253.791,541.103,7463.218,0,75.153,0,3879,2968,1.770,1.130,0.650,4,0,131.268,0,0,11,5,1,15,0
20-02 15:40:53,42.995,4.249,52.494,0,0,1245416,1123176,171448,5389224,7216.132,539.935,511.938,16214.049,7.999,265.968,3083,2062,1.770,1.130,0.650,4,0,0,0,0,11,5,1,15,0
20-02 15:40:54,38.913,7.483,43.403,9.728,0,1248476,1118484,171452,5390836,7276.743,538.796,0,8457.106,0,172.614,3317,4014,1.770,1.130,0.650,4,0,0.998,0,0,11,5,1,13,0
20-02 15:40:55,22.259,8.753,63.775,4.002,0,1318920,1047304,171456,5391536,6934.723,486.191,0,3873.521,0,153.060,3731,3444,1.770,1.130,0.650,2,0,140.055,0,0,11,4,1,13,0
20-02 15:40:56,23.024,2.503,73.577,0,0,1363776,1002448,171456,5391536,7535.878,540.565,0,2262.365,0,14.015,1708,1232,1.710,1.130,0.650,3,0,0,0,0,11,4,1,13,0
20-02 15:40:57,19.981,2.248,71.931,4.246,0,1376316,989596,171528,5391776,7202.056,539.480,0,1418.632,0,189.817,3588,4950,1.710,1.130,0.650,3,0,0.999,0,0,11,10,1,13,0
20-02 15:40:58,20.022,5.506,69.576,4.255,0,1331924,1033192,171824,5392240,5746.254,540.588,732.798,2582.811,29.032,140.153,2578,2328,1.710,1.130,0.650,1,1,42.046,0,0,11,4,1,14,0
20-02 15:40:59,17.964,1.996,73.603,5.988,0,1347584,1017316,171824,5392432,9662.726,2919.177,3.992,4511.002,0.998,27.944,1989,1829,1.710,1.130,0.650,1,1,0.998,0,0,11,11,1,14,0
20-02 15:41:00,18.749,2.000,74.496,4.000,0,1356372,1008020,171868,5392808,13701.345,6581.685,267.987,1239.941,65.997,20.999,2582,2614,1.710,1.130,0.650,3,0,2.000,0,0,11,28,1,15,0
20-02 15:41:01,20.255,5.751,73.517,0,0,1413040,951348,171868,5392812,7076.658,540.127,0,28.007,0,1.000,2182,1600,1.570,1.110,0.650,1,0,43.010,0,0,11,28,1,15,0
20-02 15:41:02,15.535,5.262,77.425,0.501,0,1405572,958760,171868,5392836,15444.823,7409.706,0,240.542,0,6.014,2768,2327,1.570,1.110,0.650,2,0,97.219,0,0,11,28,1,15,0
20-02 15:41:03,39.653,9.227,47.634,2.743,0,1531456,832884,171872,5392820,13233.659,2687.432,0,690.313,0,102.749,3521,2311,1.570,1.110,0.650,0,2,60.851,0,0,11,29,2,15,0
20-02 15:41:04,29.072,5.012,57.393,7.519,0,1522996,841116,171876,5393036,20784.687,16398.780,0,12186.305,0,168.419,7081,9702,1.570,1.110,0.650,1,1,1.002,0,0,11,30,1,15,0
20-02 15:41:05,50.506,22.753,18.002,8.751,0,1475432,888656,171880,5393028,8868.089,1137.140,0,20498.516,0,245.030,6018,12803,1.570,1.110,0.650,4,0,491.060,0,0,11,28,1,17,0
20-02 15:41:06,83.746,14.999,0.750,0,0,1679944,684108,171884,5393080,18587.221,12676.469,0,22671.050,0,271.989,6269,5307,1.920,1.190,0.680,4,0,122.995,0,0,11,32,1,16,0
20-02 15:41:07,62.378,7.735,15.969,13.973,0,1744928,618996,171904,5393176,28486.101,20908.970,0,27446.142,0,248.512,7339,9707,1.920,1.190,0.680,2,1,0,0,0,11,33,1,17,0
20-02 15:41:08,40.066,11.519,38.313,8.013,0,1497120,866620,171920,5393360,19618.313,13362.008,0,13229.790,0,124.205,6976,8652,1.920,1.190,0.680,2,0,260.429,0,0,11,28,1,22,0
20-02 15:41:09,20.453,5.737,72.333,0.748,0,1482268,881472,171920,5393360,4014.720,538.755,0,1716.033,0,103.760,2300,1723,1.920,1.190,0.680,2,0,49.885,0,0,11,28,1,22,0
20-02 15:41:10,16.273,3.255,79.363,0.250,0,1434032,929680,171936,5393372,10664.202,7490.678,0,208.297,0,20.029,3039,3459,1.920,1.190,0.680,1,0,19.027,0,0,11,28,1,23,0
20-02 15:41:11,20.217,5.990,73.132,0,0,1498076,865624,171936,5393384,7379.052,485.214,0,151.754,0,9.984,2260,1650,1.850,1.190,0.680,1,0,48.921,0,0,11,28,1,23,0
20-02 15:41:12,15.786,2.506,79.679,0.752,0,1408664,954996,171952,5393408,15990.019,7521.944,0,260.587,0,27.061,3024,3529,1.850,1.190,0.680,1,0,12.027,0,0,11,28,1,24,0
20-02 15:41:13,13.254,27.259,54.767,4.001,0,1403064,960560,171984,5393412,13826.375,540.171,0,3152.998,0,165.052,7154,6606,1.850,1.190,0.680,5,0,820.260,0,0,11,28,1,24,0
20-02 15:41:14,81.533,17.952,0,0,0,1616132,747436,171992,5393460,6676.228,538.566,0,386.970,0,17.952,4958,3033,1.850,1.190,0.680,5,0,207.448,0,0,11,28,1,24,0
20-02 15:41:15,69.462,7.021,21.315,1.755,0,1678176,685168,172008,5393660,43971.390,36804.486,0,1921.874,0,97.297,8335,11029,1.850,1.190,0.680,2,0,0,0,0,11,33,1,23,0
20-02 15:41:16,68.499,20.250,9.750,1.000,0,1551788,811376,172032,5393808,24078.652,13627.803,0,799.988,0,74.999,9024,12240,1.860,1.200,0.690,6,0,309.996,0,0,11,28,1,24,0
20-02 15:41:17,87.867,9.236,2.496,0,0,1719096,644052,172036,5393820,14901.400,9020.319,0,567.140,0,8.986,4921,2450,1.860,1.200,0.690,3,0,0,0,0,11,32,1,24,0
20-02 15:41:18,69.803,8.006,13.761,7.756,0,1755276,607512,172048,5394168,48333.999,39491.230,0,5876.498,0,402.308,9138,14082,1.860,1.200,0.690,3,0,0,0,0,11,33,1,25,0
20-02 15:41:19,67.302,14.761,17.764,0,0,1567712,794968,172052,5394360,24301.598,15978.228,0,276.211,0,17.013,7108,9623,1.860,1.200,0.690,3,0,298.228,0,0,11,28,1,25,0
20-02 15:41:20,33.479,3.748,61.711,0.250,0,1565812,796840,172056,5394384,16293.671,13800.252,0,187.881,0,8.994,3808,4149,1.860,1.200,0.690,1,0,0,0,0,11,30,1,25,0
20-02 15:41:21,46.657,19.711,32.934,0.499,0,1467692,894872,172064,5394428,14877.320,5552.922,0,355.291,0,30.938,5967,6062,1.950,1.230,0.700,3,0,377.247,0,0,11,28,1,27,0
20-02 15:41:22,56.050,5.255,38.034,0,0,1546224,816312,172072,5394448,23493.031,14781.232,0,220.197,0,10.009,4526,3602,1.950,1.230,0.700,4,0,0,0,0,11,31,1,27,0
20-02 15:41:23,56.336,18.278,23.786,0.751,0,1473616,888708,172088,5394640,22376.064,14544.141,0,829.262,0,66.101,8205,10329,1.950,1.230,0.700,4,0,258.393,0,0,11,28,1,25,0
20-02 15:41:24,73.016,8.252,19.254,0,0,1601800,760496,172092,5394664,22894.101,16183.606,0,164.037,0,9.002,5290,3510,1.950,1.230,0.700,6,0,1.000,0,0,11,32,1,25,0
20-02 15:41:25,59.499,13.250,24.750,1.750,0,1549548,812544,172116,5394844,29173.548,25045.612,0,2583.960,0,117.998,9690,13806,1.950,1.230,0.700,5,0,307.995,0,0,11,28,1,28,0
20-02 15:41:26,63.170,10.736,24.968,0,0,1577504,784528,172120,5394900,8274.539,2239.169,0,299.621,0,23.970,3947,2146,2.040,1.260,0.710,1,0,15.980,0,0,11,29,2,28,0
20-02 15:41:27,45.803,5.256,49.057,0,0,1498540,863404,172136,5394972,34364.879,27763.218,0,364.423,0,36.042,7615,10485,2.040,1.260,0.710,4,0,19.022,0,0,11,28,1,30,0
20-02 15:41:28,61.502,16.500,21.001,0,0,1539992,821856,172136,5394992,5012.148,614.018,0,232.007,0,13.000,4291,2748,2.040,1.260,0.710,3,0,286.008,0,0,11,28,1,30,0
20-02 15:41:29,43.418,4.491,49.656,1.497,0,1568064,793464,172136,5395308,30621.034,23471.568,0,690.693,0,22.957,7051,8744,2.040,1.260,0.710,3,0,0,0,0,11,30,1,31,0
20-02 15:41:30,60.283,17.009,23.013,0,0,1489196,872168,172136,5395468,12975.107,5608.072,0,236.129,0,13.007,5342,4364,2.040,1.260,0.710,3,0,287.157,0,0,11,28,1,33,0
20-02 15:41:31,47.033,5.254,46.532,0.250,0,1527072,834128,172136,5395632,28332.613,21213.685,0,212.147,0,10.007,5354,6345,2.120,1.290,0.720,2,0,0,0,0,11,31,1,33,0
20-02 15:41:32,60.264,12.753,26.506,0.500,0,1467272,893880,172144,5395672,12380.799,5695.288,0,1460.330,0,102.023,5758,5653,2.120,1.290,0.720,3,0,112.025,0,0,11,28,1,35,0
20-02 15:41:33,48.739,4.749,44.740,0,0,1524844,836252,172152,5395720,24987.310,21735.050,0,235.946,0,28.993,5679,7033,2.120,1.290,0.720,2,0,0,0,0,11,31,1,35,0
20-02 15:41:34,64.271,26.009,8.753,1.000,0,1526892,834008,172164,5395904,14477.824,4942.647,0,820.273,0,66.022,6742,7600,2.120,1.290,0.720,7,0,610.203,0,0,11,28,1,37,0
20-02 15:41:35,83.372,16.475,0.250,0,0,1723192,637668,172164,5395944,15466.207,10844.317,0,0,0,0,6176,5538,2.120,1.290,0.720,8,0,436.329,0,0,11,31,1,35,0
20-02 15:41:36,74.386,19.786,4.759,0,0,1737092,623512,172176,5396200,50379.022,42560.741,0,312.571,0,29.053,9386,11568,2.510,1.390,0.760,5,0,565.032,0,0,11,31,1,36,0
20-02 15:41:37,79.256,18.501,2.250,0,0,1615836,744620,172192,5396324,19401.472,11644.883,0,468.036,0,43.003,6524,5750,2.510,1.390,0.760,6,0,244.019,0,0,11,28,1,36,0
20-02 15:41:38,79.999,9.250,10.750,0,0,1688468,671952,172192,5396372,36060.709,28051.774,0,123.999,0,8.000,6119,7161,2.510,1.390,0.760,5,0,0,0,0,11,33,1,36,0
20-02 15:41:39,54.916,16.974,26.460,0,0,1503600,856572,172192,5396616,37619.607,29395.154,0,319.513,0,16.974,10431,15658,2.510,1.390,0.760,1,0,531.190,0,0,11,28,1,41,0
20-02 15:41:40,32.299,32.549,33.300,1.002,0,1475400,884736,172196,5396644,3699.592,540.817,0,2808.245,0,138.209,6768,6461,2.510,1.390,0.760,6,0,963.456,0,0,11,28,1,41,0
20-02 15:41:41,73.752,12.000,14.250,0,0,1591856,768252,172196,5396672,15658.426,13304.362,0,80.002,0,4.000,5102,4065,2.790,1.460,0.790,3,0,108.003,0,0,11,31,1,41,0
20-02 15:41:42,59.997,13.499,25.499,1.000,0,1512604,847288,172220,5396860,28551.374,20588.827,0,883.950,0,75.996,7798,10976,2.790,1.460,0.790,4,0,200.989,0,0,11,28,1,45,0
20-02 15:41:43,76.239,11.461,10.962,0,0,1590228,769608,172224,5396908,19279.019,10434.289,0,183.372,0,11.959,4895,3019,2.790,1.460,0.790,3,0,66.771,0,0,11,31,1,45,0
20-02 15:41:44,55.188,5.770,38.130,0,0,1598248,761332,172228,5397160,45973.813,38816.400,0,192.657,0,10.034,10916,17485,2.790,1.460,0.790,2,0,1.003,0,0,11,32,1,45,0
20-02 15:41:45,63.247,11.750,24.249,0,0,1479676,879668,172248,5397368,34843.593,26193.943,0,487.980,0,53.998,10841,16359,2.790,1.460,0.790,4,0,91.996,0,0,11,28,1,45,0
20-02 15:41:46,76.306,10.224,12.718,0,0,1610536,748772,172248,5397404,17236.215,11229.474,0,175.554,0,9.975,4719,2681,2.880,1.510,0.800,5,0,27.929,0,0,11,32,1,45,0
20-02 15:41:47,54.642,6.768,38.851,0.251,0,1618696,740204,172248,5397804,54463.653,44495.728,0,140.365,0,10.026,11768,20851,2.880,1.510,0.800,4,0,0,0,0,11,32,1,45,0
20-02 15:41:48,65.443,16.236,17.485,0,0,1524016,834792,172248,5397888,28613.076,22437.456,0,1554.646,0,11.990,9242,12536,2.880,1.510,0.800,4,0,259.774,0,0,11,28,1,49,0
20-02 15:41:49,72.501,8.500,18.500,0,0,1609140,749636,172252,5397916,20506.278,15805.214,0,172.002,0,10.000,4492,3094,2.880,1.510,0.800,4,0,0,0,0,11,32,1,49,0
20-02 15:41:50,64.233,10.247,24.993,0,0,1567108,791288,172252,5398284,43938.435,36311.443,0,375.901,0,38.990,10183,17739,2.880,1.510,0.800,2,0,67.982,0,0,11,30,1,51,0
20-02 15:41:51,78.587,11.763,9.761,0,0,1579248,779128,172264,5398316,15070.717,9396.423,0,264.293,0,28.031,5057,4352,2.810,1.510,0.810,4,0,60.067,0,0,11,30,1,51,0
20-02 15:41:52,67.294,11.963,19.690,0.498,0,1604504,753820,172276,5398356,27356.203,19938.924,0,358.901,0,36.887,6316,8474,2.810,1.510,0.810,4,0,119.634,0,0,11,30,1,53,0
20-02 15:41:53,67.148,10.022,22.800,0,0,1571624,786424,172284,5398580,39124.495,33183.361,0,200.443,0,11.024,7002,12305,2.810,1.510,0.810,4,0,133.295,0,0,11,30,1,55,0
20-02 15:41:54,75.712,14.493,9.495,0,0,1547776,810232,172284,5398620,20703.638,14035.975,0,155.922,0,9.995,5976,7012,2.810,1.510,0.810,2,0,96.951,0,0,11,29,2,57,0
20-02 15:41:55,68.821,9.260,21.272,0,0,1585812,772004,172288,5398800,26621.615,20610.379,0,168.174,0,9.009,5746,6635,2.810,1.510,0.810,4,0,67.070,0,0,11,30,1,59,0
20-02 15:41:56,71.204,10.493,17.489,0.250,0,1579676,778064,172296,5398864,21690.040,18752.931,0,319.794,0,35.977,6391,8622,2.910,1.560,0.830,2,0,47.969,0,0,11,30,1,61,0
20-02 15:41:57,51.940,13.734,33.461,0.749,0,1530184,827528,172308,5398880,18196.950,10801.505,0,367.575,0,36.957,5237,5077,2.910,1.560,0.830,2,0,210.756,0,0,11,29,1,63,0
20-02 15:41:58,52.165,6.240,41.183,0,0,1587468,770044,172308,5399076,20933.818,15677.401,0,363.407,0,42.930,4452,4571,2.910,1.560,0.830,2,0,0,0,0,11,30,1,64,0
20-02 15:41:59,56.680,11.286,31.349,0.502,0,1483272,874048,172308,5399264,20543.100,16023.778,0,204.649,0,10.032,6299,7711,2.910,1.560,0.830,3,0,151.480,0,0,11,28,1,66,0
20-02 15:42:00,52.125,8.480,37.660,0.249,0,1557824,799292,172316,5399456,18182.495,10307.338,0,446.931,0,36.912,4138,3824,2.910,1.560,0.830,2,0,32.921,0,0,11,34,1,64,0
20-02 15:42:01,36.358,6.519,54.161,3.009,0,1547048,809988,172328,5399520,28491.629,21390.537,0,4011.917,0,155.462,7232,9486,2.920,1.580,0.840,1,0,86.256,0,0,11,33,1,66,0
20-02 15:42:02,37.919,11.226,50.143,0.499,0,1451328,905696,172332,5399528,14535.964,1818.118,0,267.429,0,26.942,4086,3440,2.920,1.580,0.840,5,0,134.712,0,0,11,32,1,67,0
20-02 15:42:03,33.026,4.003,61.549,0,0,1492852,864148,172332,5399552,23395.735,14525.632,0,892.715,0,13.010,3118,3664,2.920,1.580,0.840,4,0,0,0,0,11,33,1,68,0
20-02 15:42:04,37.931,10.980,49.909,0.499,0,1422144,934668,172332,5399736,8253.957,4085.554,0,698.727,0,44.918,4827,4994,2.920,1.580,0.840,2,0,138.747,0,0,11,32,1,67,0
20-02 15:42:05,37.112,7.272,54.414,0.752,0,1462864,893920,172340,5403132,18856.788,11966.036,0,312.942,0,30.091,4447,13969,2.920,1.580,0.840,6,0,96.290,0,0,12,34,1,68,0
20-02 15:42:06,36.251,6.250,55.252,0.750,0,1481884,874836,172372,5399788,14839.410,8163.226,0,1528.042,0,106.003,4758,5862,2.760,1.570,0.840,1,0,5.000,0,0,11,33,1,70,0
20-02 15:42:07,38.254,4.250,57.006,0,0,1476240,880448,172372,5399816,16623.617,12356.202,0,180.018,0,9.001,4503,5221,2.760,1.570,0.840,4,0,11.001,0,0,11,33,1,71,0
20-02 15:42:08,37.646,6.482,54.599,0.499,0,1500956,855560,172384,5399968,17352.062,8698.967,0,315.129,0,26.926,3937,4035,2.760,1.570,0.840,2,0,35.901,0,0,11,32,1,66,0
20-02 15:42:09,38.052,5.257,55.075,0,0,1517476,839008,172388,5399996,12978.717,8459.548,0,148.202,0,9.012,3661,3571,2.760,1.570,0.840,2,0,1.001,0,0,11,33,1,66,0
20-02 15:42:10,24.221,10.987,63.425,1.249,0,1496920,859460,172400,5400088,21855.123,14065.347,0,287.659,0,24.970,5885,7049,2.760,1.570,0.840,2,0,276.672,0,0,11,33,1,67,0
20-02 15:42:11,20.755,3.501,73.016,1.500,0,1421116,935256,172400,5400092,6976.575,1451.328,0,260.059,0,20.005,2289,2164,2.780,1.590,0.850,2,0,5.001,0,0,11,32,1,68,0
20-02 15:42:12,16.987,2.248,78.687,0.999,0,1434404,921952,172404,5400104,14165.744,8806.003,0,1838.539,0,141.887,2885,3117,2.780,1.590,0.850,1,0,0,0,0,11,33,1,65,0
20-02 15:42:13,12.501,12.251,74.256,0.500,0,1396888,959440,172408,5400128,10161.805,2964.235,0,712.056,0,56.004,4759,4491,2.780,1.590,0.850,1,0,284.023,0,0,11,32,1,66,0
20-02 15:42:14,20.027,3.254,76.102,0,0,1450792,905528,172416,5400128,12254.443,2551.424,0,376.505,0,15.020,1867,1513,2.780,1.590,0.850,0,0,1.001,0,0,11,33,1,66,0
20-02 15:42:15,18.462,3.992,76.094,0,0,1421720,934576,172416,5400152,16828.598,9279.032,0,79.837,0,1.996,3884,4453,2.780,1.590,0.850,1,0,34.929,0,0,11,32,1,67,0
20-02 15:42:16,21.017,4.003,74.810,0,0,1417280,939012,172416,5400156,12134.723,1153.925,0,4.003,0,1.001,1898,1300,2.640,1.580,0.850,0,0,11.009,0,0,11,33,1,65,0
20-02 15:42:17,16.021,2.253,80.355,0.250,0,1412512,943628,172416,5400304,20663.053,10775.107,0,80.105,0,4.005,3509,4419,2.640,1.580,0.850,3,0,0,0,0,11,33,1,65,0
20-02 15:42:18,13.519,14.270,70.847,0.250,0,1382072,973884,172432,5400472,10126.931,3741.147,0,296.408,0,30.041,5887,5915,2.640,1.580,0.850,1,0,372.512,0,0,11,32,1,65,0
20-02 15:42:19,34.470,13.488,51.456,0.250,0,1469904,885904,172492,5400552,4506.129,539.537,35.969,347.701,0.999,25.978,4496,3528,2.640,1.580,0.850,3,0,253.782,0,0,11,32,1,67,0
20-02 15:42:20,31.204,4.493,44.184,18.223,0,1525244,827524,172788,5402912,3754.425,539.199,435.354,4625.133,16.975,285.576,3587,3688,2.640,1.580,0.850,5,0,10.984,0,0,11,36,1,62,0
20-02 15:42:21,26.250,5.250,38.500,28.500,0,1465632,885356,173084,5404176,7387.918,539.994,0,9955.889,0,733.992,6597,10480,2.750,1.620,0.870,2,1,22.000,0,0,11,36,1,62,0
20-02 15:42:22,28.252,4.250,42.754,23.002,0,1536992,812940,173296,5404996,6804.581,540.046,0,5712.488,0,563.048,5566,8493,2.750,1.620,0.870,2,0,29.002,0,0,11,36,1,62,0
20-02 15:42:23,25.515,5.753,42.776,24.014,0,1510000,838540,173548,5406084,7439.455,486.291,0,9709.815,0,784.470,5988,9500,2.750,1.620,0.870,2,1,13.008,0,0,11,36,1,62,0
20-02 15:42:24,26.493,4.749,39.990,26.743,0,1497620,850052,173712,5406764,6763.260,539.861,0,10601.273,0,755.806,5437,8468,2.750,1.620,0.870,4,1,21.994,0,0,11,36,1,59,0
20-02 15:42:25,27.044,5.759,43.071,23.539,0,1507240,839552,173920,5407412,7681.616,540.888,0,8289.614,0,646.061,5189,8088,2.750,1.620,0.870,1,1,23.038,0,0,11,36,1,59,0
20-02 15:42:26,26.641,4.233,44.816,21.661,0,1508700,837068,174048,5408280,6746.305,537.792,0,9230.108,0,724.028,5802,9565,3.090,1.710,0.900,1,1,21.910,0,0,11,36,1,59,0
20-02 15:42:27,25.538,5.759,40.310,27.791,0,1581172,764104,174188,5408620,3245.845,540.807,0,11549.240,0,838.251,5719,9078,3.090,1.710,0.900,1,2,11.016,0,0,11,36,1,59,0
20-02 15:42:28,26.807,5.512,38.582,26.807,0,1542480,802356,174316,5408896,3282.948,615.302,0,15292.367,0,1063.250,6103,9770,3.090,1.710,0.900,1,3,16.034,0,0,11,36,1,54,0
20-02 15:42:29,25.701,4.741,41.422,25.701,0,1570628,773852,174428,5409132,7279.256,612.843,0,7082.627,0,637.796,5660,8536,3.090,1.710,0.900,3,0,13.974,0,0,11,36,1,54,0
20-02 15:42:30,28.238,5.248,41.982,22.740,0,1588472,755084,174524,5409900,6519.201,613.736,0,9391.968,0,684.706,6004,9699,3.090,1.710,0.900,2,1,6.997,0,0,11,36,1,54,0
20-02 15:42:31,29.342,4.013,41.129,23.323,0,1629884,714360,174580,5409156,7442.414,561.767,0,8715.419,0,749.358,5905,9132,3.160,1.750,0.920,2,0,5.016,0,0,11,36,1,54,0
20-02 15:42:32,44.921,7.237,40.429,7.237,0,1532424,811612,174684,5409264,2963.760,612.916,0,9527.156,0,557.015,3971,4350,3.160,1.750,0.920,2,0,5.989,0,0,11,32,1,54,0
20-02 15:42:33,32.245,5.249,43.493,17.247,0,1590992,752864,174776,5409352,10490.354,613.904,0,3583.438,0,492.923,5629,8093,3.160,1.750,0.920,1,1,2.000,0,0,11,34,1,49,0
20-02 15:42:34,28.997,5.999,43.246,19.748,0,1570248,773132,175028,5409568,7689.240,539.947,0,7899.219,0,1087.892,8657,14256,3.160,1.750,0.920,2,0,4.000,0,0,11,34,1,49,0
20-02 15:42:35,29.568,5.513,43.850,18.542,0,1579276,763592,175284,5409812,4717.772,615.405,0,7108.230,0,1008.302,8580,13670,3.160,1.750,0.920,1,1,1.002,0,0,11,34,1,49,0
20-02 15:42:36,28.429,7.731,51.371,11.471,0,1502964,839808,175328,5409864,7667.772,538.649,0,3040.376,0,206.482,3869,3889,3.150,1.770,0.930,3,0,99.750,0,0,11,32,1,49,0
20-02 15:42:37,18.029,8.514,69.862,2.754,0,1478808,863820,175356,5409976,7842.545,540.865,0,1221.955,0,68.109,3181,2477,3.150,1.770,0.930,1,0,109.175,0,0,11,32,1,46,0
20-02 15:42:38,8.247,21.242,55.478,13.245,0,1450940,891584,175396,5410028,4599.209,539.790,0,8372.740,0,379.852,7060,6790,3.150,1.770,0.930,1,0,542.789,0,0,11,32,1,46,0
20-02 15:42:39,7.504,21.762,68.788,0.750,0,1459516,882944,175396,5410084,7641.232,560.310,0,396.219,0,11.006,6293,5066,3.150,1.770,0.930,1,0,490.272,0,0,11,32,1,46,0
20-02 15:42:40,15.719,11.477,71.857,0,0,1485456,856992,175396,5410096,5096.892,580.848,0,0,0,0,3841,3003,3.150,1.770,0.930,2,0,226.551,0,0,11,32,1,46,0
20-02 15:42:41,22.773,3.003,73.823,0,0,1528468,813996,175396,5410080,7629.581,540.537,0,220.219,0,5.005,1804,1201,2.980,1.760,0.930,3,0,2.002,0,0,11,32,1,41,0
20-02 15:42:42,22.245,3.249,73.984,0,0,1533956,808508,175396,5410080,7700.328,539.883,0,0,0,0,1769,1307,2.980,1.760,0.930,1,0,1.000,0,0,11,32,1,41,0
20-02 15:42:43,22.235,3.248,73.452,0.250,0,1518516,823920,175396,5410100,6060.047,539.648,0,563.632,0,101.934,1899,1259,2.980,1.760,0.930,1,0,2.998,0,0,11,32,1,41,0
20-02 15:42:44,21.751,4.000,73.003,0.250,0,1523368,819072,175400,5410088,9406.372,634.025,0,260.010,0,12.000,2087,1767,2.980,1.760,0.930,1,0,3.000,0,0,11,32,1,41,0
20-02 15:42:45,23.050,2.756,73.409,0.251,0,1499384,843056,175408,5410080,6238.522,541.173,0,392.851,0,26.056,1829,1322,2.980,1.760,0.930,1,0,1.002,0,0,11,32,1,37,0
20-02 15:42:46,22.428,3.240,73.513,0,0,1558096,784340,175412,5410080,3558.516,538.263,0,39.871,0,4.984,1805,1303,2.820,1.750,0.930,1,0,1.994,0,0,11,32,1,37,0
20-02 15:42:47,22.777,2.753,73.586,0,0,1503896,838532,175412,5410088,11128.974,560.654,0,20.023,0,1.001,1784,1283,2.820,1.750,0.930,1,0,1.001,0,0,11,32,1,37,0
20-02 15:42:48,22.740,3.249,73.717,0,0,1492116,850312,175412,5410088,5338.604,539.758,0,11.995,0,1.000,1734,1112,2.820,1.750,0.930,1,0,2.999,0,0,11,32,1,37,0
20-02 15:42:49,21.753,3.250,73.759,0,0,1492760,849680,175412,5410076,7438.868,540.063,0,12.001,0,2.000,1806,1283,2.820,1.750,0.930,2,0,2.000,0,0,11,32,1,33,0
20-02 15:42:50,23.016,3.252,73.802,0,0,1471820,870596,175412,5410100,7241.070,540.378,0,24.017,0,1.001,1738,1157,2.820,1.750,0.930,1,0,1.001,0,0,11,32,1,33,0
20-02 15:42:51,22.491,3.749,71.223,1.999,0,1533856,808644,175412,5410016,3706.587,539.794,0,2974.866,0,124.952,1862,1293,2.670,1.730,0.930,2,0,1.999,0,0,11,32,1,33,0
20-02 15:42:52,23.253,2.500,73.760,0,0,1506480,835932,175412,5410104,7236.937,540.070,0,88.011,0,1.000,1747,1236,2.670,1.730,0.930,1,0,1.000,0,0,11,32,1,33,0
20-02 15:42:53,22.241,2.999,73.719,0,0,1514692,827740,175412,5410084,5663.610,539.772,0,11.995,0,1.000,1760,1283,2.670,1.730,0.930,1,0,1.000,0,0,11,32,1,29,0
20-02 15:42:54,23.029,3.004,73.092,0.751,0,1544348,798092,175412,5410092,8188.253,486.609,0,396.496,0,45.056,1994,1556,2.670,1.730,0.930,1,0,3.004,0,0,11,32,1,29,0
20-02 15:42:55,22.254,3.751,73.013,0.750,0,1545264,797176,175412,5410092,6632.179,540.096,0,292.052,0,19.003,1818,1433,2.670,1.730,0.930,2,0,1.000,0,0,11,32,1,29,0
20-02 15:42:56,21.452,3.742,73.835,0,0,1539964,802468,175412,5410100,6989.379,538.796,0,71.839,0,4.989,1799,1314,2.540,1.720,0.930,2,0,0.998,0,0,11,32,1,29,0
20-02 15:42:57,21.070,5.017,73.244,0,0,1542160,800232,175412,5410140,5785.253,541.803,0,36.120,0,3.010,2170,1494,2.540,1.720,0.930,2,0,53.177,0,0,11,32,1,20,0
20-02 15:42:58,12.724,16.466,69.858,0,0,1519112,823260,175412,5410160,2935.022,538.902,0,179.634,0,8.982,5011,4157,2.540,1.720,0.930,1,0,408.169,0,0,11,32,1,20,0
20-02 15:42:59,23.223,2.747,73.416,0,0.250,1519260,822912,175412,5410360,5663.497,539.381,0,0,0,0,1772,1276,2.540,1.720,0.930,1,0,0,0,0,11,32,1,20,0
20-02 15:43:00,21.765,4.003,73.301,0.500,0,1522432,819664,175416,5410420,7460.205,540.377,0,120.084,0,28.020,1963,1466,2.540,1.720,0.930,1,0,9.006,0,0,11,32,1,20,0
20-02 15:43:01,19.034,9.267,70.127,0.501,0,1499704,842260,175416,5410548,10112.281,540.978,40.072,192.348,2.004,4.007,3439,2641,2.410,1.710,0.930,1,0,220.398,0,0,11,32,1,15,0
20-02 15:43:02,8.508,21.521,69.569,0,0,1484788,857128,175416,5410580,11480.332,486.480,0,192.190,0,7.007,6316,5003,2.410,1.710,0.930,1,0,512.506,0,0,11,32,1,15,0
20-02 15:43:03,8.250,22.501,68.002,0,0,1468412,873464,175416,5410620,9580.249,540.014,0,216.006,0,5.000,6527,5329,2.410,1.710,0.930,1,0,573.015,0,0,11,32,1,15,0
20-02 15:43:04,8.499,22.746,67.739,0.500,0,1450032,891804,175424,5410648,7557.823,613.904,0,1683.738,0,24.996,6825,5984,2.410,1.710,0.930,1,0,616.904,0,0,11,32,1,15,0
20-02 15:43:05,9.000,21.749,68.498,0.250,0,1433372,908396,175432,5410676,5184.819,539.981,0,2051.928,0,67.998,6607,5501,2.410,1.710,0.930,1,0,586.979,0,0,11,32,1,10,0
20-02 15:43:06,11.999,22.248,64.245,0,0,1402472,939240,175432,5410716,4836.625,581.955,0,347.973,0,12.999,6845,16001,2.540,1.750,0.950,1,0,572.956,0,0,11,32,1,11,0
20-02 15:43:07,8.001,21.501,69.254,0,0,1394508,947144,175432,5410760,5037.321,540.034,0,480.031,0,13.001,6339,5218,2.540,1.750,0.950,3,0,537.034,0,0,11,32,1,11,0
20-02 15:43:08,8.745,21.237,68.958,0,0,1382916,958700,175432,5410792,7941.143,539.670,0,47.971,0,11.993,6333,5044,2.540,1.750,0.950,2,0,531.675,0,0,11,32,1,11,0
20-02 15:43:09,22.497,28.246,47.994,0.500,0,1389044,952472,175460,5410828,7098.070,539.929,0,799.895,0,41.994,7449,7092,2.540,1.750,0.950,5,1,829.891,0,0,11,32,1,11,0
20-02 15:43:10,64.249,12.750,23.250,0,0,1596324,744076,175588,5411716,7402.941,485.996,16.000,551.996,1.000,32.000,4348,2662,2.540,1.750,0.950,3,0,93.999,0,0,11,32,1,13,0
20-02 15:43:11,31.968,4.495,31.219,29.970,0,1632088,702728,175944,5416280,6836.119,539.457,427.570,8091.855,8.991,507.489,5331,7379,2.660,1.790,0.970,1,2,22.977,0,0,11,38,1,13,0
20-02 15:43:12,10.254,3.752,52.772,31.013,0,1632368,699984,176188,5418112,7344.096,540.228,0,12837.413,0,795.335,5381,9451,2.660,1.790,0.970,0,2,19.008,0,0,11,38,1,14,0
20-02 15:43:13,8.500,4.250,43.752,41.251,0,1632892,697716,176348,5419652,7334.259,540.019,0,15864.559,0,1040.037,6608,11988,2.660,1.790,0.970,0,2,21.001,0,0,11,38,1,11,0
20-02 15:43:14,8.253,2.751,55.772,30.512,0,1632912,696456,176468,5420736,5230.023,660.255,0,10896.214,0,803.311,5364,9566,2.660,1.790,0.970,6,0,25.010,0,0,11,38,1,11,0
20-02 15:43:15,5.493,3.246,50.936,37.703,0,1632332,695448,176628,5422128,9369.244,539.323,0,11929.032,0,715.103,4743,8565,2.660,1.790,0.970,0,1,2.996,0,0,11,38,1,11,0
20-02 15:43:16,8.996,2.749,49.979,34.735,0,1633016,693192,176728,5423492,7302.935,659.723,0,10195.721,0,756.682,5564,9810,2.610,1.790,0.970,0,1,17.992,0,0,11,38,1,11,0
20-02 15:43:17,6.760,3.004,55.582,32.548,0,1633056,692436,176860,5424056,7708.305,660.969,0,14945.920,0,950.394,5373,9692,2.610,1.790,0.970,0,2,9.013,0,0,11,38,1,11,0
20-02 15:43:18,9.007,3.753,44.534,40.031,0,1631952,691932,176932,5425532,8106.198,486.372,0,16432.565,0,1054.807,6537,11977,2.610,1.790,0.970,2,1,9.007,0,0,11,38,1,10,0
20-02 15:43:19,24.170,8.223,39.619,26.662,0,1639712,682656,176984,5426944,6794.460,621.937,0,11956.337,0,846.193,6374,10086,2.610,1.790,0.970,4,2,69.769,0,0,11,36,1,10,0
20-02 15:43:20,22.551,5.011,38.838,32.574,0,1657672,663540,177056,5427992,14354.679,7468.001,0,14958.053,0,985.243,7924,13539,2.610,1.790,0.970,1,1,12.027,0,0,11,37,1,10,0
20-02 15:43:21,19.473,7.989,38.697,31.457,0,1673348,646672,177132,5429072,9567.813,2956.925,0,14767.647,0,876.792,7275,11193,2.640,1.810,0.980,4,1,78.891,0,0,11,36,1,11,0
20-02 15:43:22,24.535,4.256,36.051,33.047,0,1705228,612892,177196,5430860,10405.813,5646.037,0,9609.680,0,783.115,6038,9621,2.640,1.810,0.980,2,3,12.017,0,0,11,39,1,9,0
20-02 15:43:23,17.022,4.756,43.556,32.542,0,1695420,621732,177268,5431728,15646.097,6358.167,0,15351.719,0,983.263,8862,15492,2.640,1.810,0.980,1,3,9.012,0,0,11,39,1,9,0
20-02 15:43:24,21.182,4.735,43.112,28.160,0,1614636,701196,177280,5432996,15978.877,9048.051,0,5869.222,0,446.571,7457,11629,2.640,1.810,0.980,2,3,45.853,0,0,11,38,1,9,0
20-02 15:43:25,25.539,5.508,37.306,29.545,0,1648192,666116,177356,5434376,6560.929,2377.598,0,15683.735,0,1109.679,6279,10587,2.640,1.810,0.980,0,6,9.014,0,0,11,39,1,9,0
20-02 15:43:26,20.528,4.256,37.050,35.798,0,1647892,665144,177420,5435552,15540.985,8037.853,0,15476.898,0,1165.574,7454,12595,2.910,1.880,1.010,0,1,12.016,0,0,11,39,1,9,0
20-02 15:43:27,20.991,4.248,41.732,30.237,0,1645896,665820,177472,5436772,16948.877,11217.286,0,13458.344,0,957.598,8301,13566,2.910,1.880,1.010,1,2,2.999,0,0,11,38,1,10,0
20-02 15:43:28,26.752,8.751,32.753,30.502,0,1626168,684044,177504,5438152,8605.687,606.048,0,11772.940,0,860.069,6864,10399,2.910,1.880,1.010,1,4,79.006,0,0,11,38,0,10,0
20-02 15:43:29,21.727,4.245,42.205,30.218,0,1642996,666180,177576,5439084,15589.333,8777.616,0,9757.568,0,676.277,6396,10323,2.910,1.880,1.010,2,1,2.997,0,0,11,39,0,10,0
20-02 15:43:30,20.253,4.001,42.757,31.005,0,1641948,666180,177676,5440012,14204.321,9431.541,0,16090.630,0,995.163,8637,14500,2.910,1.880,1.010,0,3,3.000,0,0,11,39,0,10,0
20-02 15:43:31,26.738,5.248,37.733,28.737,0,1608848,696700,177816,5442336,10486.342,2770.769,0,8620.171,0,565.749,6316,9867,3.150,1.950,1.040,2,2,47.979,0,0,11,38,0,10,0
20-02 15:43:32,24.051,4.259,37.830,32.318,0,1641976,662496,177976,5443220,12262.777,6210.054,0,16157.964,0,1038.182,6744,11701,3.150,1.950,1.040,2,3,6.013,0,0,11,39,0,10,0
20-02 15:43:33,30.983,7.746,37.730,21.988,0,1595920,707352,178064,5444304,21307.648,12087.560,0,7228.149,0,576.693,8962,13575,3.150,1.950,1.040,1,1,136.927,0,0,11,37,0,10,0
20-02 15:43:34,35.226,19.237,24.234,20.236,0,1566364,735848,178136,5445232,9101.897,3385.730,371.751,15625.522,5.996,938.371,10310,17242,3.150,1.950,1.040,3,1,319.786,0,0,11,36,0,11,0
20-02 15:43:35,29.261,11.754,32.762,24.509,0,1586556,714344,178204,5446388,13876.214,6206.332,1784.671,7831.943,32.012,524.197,7159,10681,3.150,1.950,1.040,1,1,174.065,0,0,11,37,0,11,0
20-02 15:43:36,21.699,6.734,43.399,25.441,0,1539084,760948,178300,5447140,11166.928,3645.489,0,9745.247,0,705.353,6750,10350,3.060,1.950,1.040,3,0,39.907,0,0,11,36,0,12,0
20-02 15:43:37,23.051,4.510,45.100,26.058,0,1579064,719396,178424,5448552,9182.459,6121.640,0,9312.750,0,705.572,5558,9061,3.060,1.950,1.040,0,1,0,0,0,11,37,0,12,0
20-02 15:43:38,19.960,7.485,41.915,27.694,0,1569916,727640,178468,5449388,6254.322,1678.597,0,10458.799,0,711.558,6149,9270,3.060,1.950,1.040,2,1,62.873,0,0,11,36,0,13,0
20-02 15:43:39,22.502,4.250,42.755,28.253,0,1569512,727120,178528,5450228,13388.445,6241.674,0,10253.106,0,702.076,5977,9476,3.060,1.950,1.040,0,1,0,0,0,11,37,0,13,0
20-02 15:43:40,18.049,6.518,49.134,24.567,0,1522300,772868,178600,5451556,11261.617,5326.481,0,9064.644,0,664.807,7047,11298,3.060,1.950,1.040,1,1,49.134,0,0,11,36,0,14,0
20-02 15:43:41,22.950,3.991,45.402,25.445,0,1551876,742104,178632,5452684,9571.235,2884.742,0,10652.888,0,741.392,5676,9336,3.140,1.980,1.060,2,1,0,0,0,11,37,0,14,0
20-02 15:43:42,21.801,4.511,43.602,28.316,0,1527940,764712,178680,5453908,16094.597,9010.048,0,11322.449,0,787.840,7266,11719,3.140,1.980,1.060,1,1,16.037,0,0,11,36,0,15,0
20-02 15:43:43,3.489,5.483,62.809,25.423,0,1523656,768164,178692,5454728,7201.129,538.365,0,11361.493,0,522.413,4351,6912,3.140,1.980,1.060,0,1,53.836,0,0,11,36,0,15,0
20-02 15:43:44,3.750,3.000,57.756,33.003,0,1514104,776972,178736,5455416,5369.556,634.066,0,12873.333,0,976.101,4474,8093,3.140,1.980,1.060,3,0,1.000,0,0,11,36,0,15,0
20-02 15:43:45,3.753,2.753,60.055,30.528,0,1505748,784516,178768,5456176,3853.518,540.493,0,11290.306,0,759.693,4323,8167,3.140,1.980,1.060,0,1,0,0,0,11,36,0,15,0
20-02 15:43:46,4.000,2.000,63.752,27.751,0,1498980,790444,178784,5456956,4282.121,540.015,0,5160.146,0,458.013,3814,6850,3.130,2,1.070,6,1,9.000,0,0,11,36,0,15,0
20-02 15:43:47,4.501,3.251,60.266,29.008,0,1493168,795632,178812,5457536,10585.766,540.141,0,10874.841,0,827.216,5203,9295,3.130,2,1.070,0,3,12.003,0,0,11,36,0,15,0
20-02 15:43:48,4.745,2.997,57.686,31.215,0,1486880,800040,178824,5459356,7017.170,539.398,0,12709.818,0,853.048,5760,10592,3.130,2,1.070,1,2,5.993,0,0,11,36,0,15,0
20-02 15:43:49,5.754,3.252,61.544,27.770,0,1482600,803956,178840,5459700,7348.234,486.346,0,10723.638,0,772.550,4778,8599,3.130,2,1.070,0,2,6.004,0,0,11,36,0,15,0
20-02 15:43:50,6.746,2.748,60.711,26.483,0,1479172,806956,178856,5460100,9185.169,539.657,0,12336.169,0,870.447,5306,9400,3.130,2,1.070,4,0,8.994,0,0,11,36,0,15,0
20-02 15:43:51,5.497,3.498,61.714,26.734,0,1475892,810000,178884,5460304,7980.329,539.684,0,11049.532,0,852.501,5226,9368,3.120,2.020,1.080,0,2,11.993,0,0,11,36,0,15,0
20-02 15:43:52,6.255,3.252,58.294,29.772,0.500,1472800,812808,178904,5460560,5139.857,540.406,0,10483.868,0,814.611,5088,9046,3.120,2.020,1.080,2,1,9.007,0,0,11,36,0,15,0
20-02 15:43:53,4.747,2.998,63.966,25.237,0,1470512,814632,178952,5460968,2786.525,539.714,0,10802.281,0,844.553,5566,10274,3.120,2.020,1.080,1,0,8.995,0,0,11,36,0,15,0
20-02 15:43:54,4.252,3.002,58.784,31.018,0,1467748,816792,178996,5461516,6795.940,540.313,0,10378.017,0,769.446,5772,10520,3.120,2.020,1.080,0,1,10.006,0,0,11,36,0,15,0
20-02 15:43:55,4.253,2.752,62.291,28.269,0,1465868,817716,179072,5462320,5718.757,540.355,0,9462.216,0,654.430,4810,8782,3.120,2.020,1.080,1,2,3.002,0,0,11,36,0,15,0
20-02 15:43:56,3.502,2.251,65.530,26.262,0,1463972,819268,179176,5462552,3190.461,486.223,0,7131.265,0,540.247,4040,7295,3.110,2.030,1.090,3,4,6.003,0,0,11,36,0,15,0
20-02 15:43:57,4.743,2.746,61.154,28.456,0,1462384,820324,179224,5463020,7381.473,539.158,0,10240.009,0,747.832,4678,8670,3.110,2.030,1.090,0,2,8.986,0,0,11,36,0,15,0
20-02 15:43:58,7.254,3.502,60.284,26.265,0,1462852,819316,179264,5463488,4199.352,540.303,0,12062.758,0,890.499,5309,9404,3.110,2.030,1.090,0,1,9.005,0,0,11,36,0,15,0
20-02 15:43:59,6.495,3.248,57.708,30.478,0,1463484,819204,179304,5462928,7584.499,539.609,0,11815.430,0,897.349,5214,9165,3.110,2.030,1.090,2,1,5.996,0,0,11,36,0,15,0
20-02 15:44:00,6.757,3.504,63.567,23.775,0,1463468,819184,179364,5462904,5154.433,540.570,0,11175.780,0,1011.066,6276,11332,3.110,2.030,1.090,0,1,3.003,0,0,11,36,0,15,0
20-02 15:44:01,4.999,3.499,58.487,29.994,0,1463748,819900,179420,5461852,4561.018,539.884,0,11381.550,0,853.816,4981,9094,3.020,2.030,1.100,0,1,0,0,0,11,36,0,15,0
20-02 15:44:02,5.746,1.999,63.710,26.233,0,1463248,819900,179488,5462284,13189.669,539.659,0,8730.486,0,663.581,4266,7571,3.020,2.030,1.100,1,2,2.998,0,0,11,36,0,15,0
20-02 15:44:03,7.501,3.001,53.009,33.256,0,1463240,819644,179528,5462508,11330.889,540.090,0,15674.614,0,1020.170,5500,9624,3.020,2.030,1.100,0,1,6.001,0,0,11,36,0,15,0
20-02 15:44:04,6.499,2.750,64.739,23.746,0,1463852,818636,179560,5462872,3074.483,485.918,0,5551.067,0,598.899,4528,8193,3.020,2.030,1.100,4,1,9.998,0,0,11,36,0,15,0
20-02 15:44:05,4.253,2.752,64.046,25.768,0,1462852,819272,179592,5463204,7226.138,540.384,0,11199.964,0,796.566,4549,8109,3.020,2.030,1.100,0,1,6.004,0,0,11,36,0,15,0
20-02 15:44:06,10.249,5.000,61.245,21.498,0.250,1462740,819020,179632,5463516,7987.410,539.960,0,6683.507,0,687.949,6247,13494,2.940,2.030,1.100,0,2,47.996,0,0,11,36,0,16,0
20-02 15:44:07,4.752,2.251,61.024,29.011,0,1462516,819020,179640,5463724,7479.940,540.212,0,12028.727,0,782.307,5227,9783,2.940,2.030,1.100,0,3,3.001,0,0,11,36,0,15,0
20-02 15:44:08,5.747,2.748,63.711,24.985,0,1462376,818768,179664,5464084,4894.035,539.673,0,11425.077,0,814.506,4800,8556,2.940,2.030,1.100,2,1,5.996,0,0,11,36,0,15,0
20-02 15:44:09,6.007,2.002,64.074,25.279,0,1461784,820296,179668,5463144,4539.212,877.007,0,4781.491,0,521.599,4405,7818,2.940,2.030,1.100,2,1,3.003,0,0,11,36,0,15,0
20-02 15:44:10,5.745,3.247,59.696,28.724,0,1461104,820852,179676,5463260,7776.950,791.283,0,13020.197,0,923.163,5309,9525,2.940,2.030,1.100,0,2,5.995,0,0,11,36,0,15,0
20-02 15:44:11,5.246,2.748,61.448,28.476,0,1460744,820852,179692,5463604,4741.954,527.550,0,7185.869,0,635.458,4485,8127,2.940,2.050,1.110,1,1,2.997,0,0,11,36,0,9,0
20-02 15:44:12,6.753,3.502,56.777,30.264,0,1460532,820852,179700,5463804,10185.797,540.254,0,13382.303,0,969.457,5269,9429,2.940,2.050,1.110,1,0,6.003,0,0,11,38,0,9,0
20-02 15:44:13,5.002,2.001,59.022,30.261,0,1460192,820852,179708,5464132,5672.133,540.203,0,12764.801,0,820.309,4616,8396,2.940,2.050,1.110,5,0,3.001,0,0,11,38,0,9,0
20-02 15:44:14,7.262,3.005,64.354,23.288,0,1459724,820852,179716,5464576,8785.183,540.873,0,8617.913,0,744.201,6047,10574,2.940,2.050,1.110,0,2,13.021,0,0,11,38,0,9,0
20-02 15:44:15,7.737,3.244,57.652,27.952,0,1459624,820600,179732,5464904,5892.970,581.011,0,13485.048,0,958.369,5294,9538,2.940,2.050,1.110,1,1,8.985,0,0,11,38,0,8,0
20-02 15:44:16,9.495,2.249,52.973,31.984,0,1459376,820348,179748,5465384,6125.904,539.727,0,13852.999,0,924.533,5186,9177,3.110,2.100,1.130,1,1,5.997,0,0,11,38,0,8,0
20-02 15:44:17,8.259,2.252,66.570,20.772,0,1459368,819844,179768,5465864,5803.110,540.569,0,4364.596,0,511.539,5013,8863,3.110,2.100,1.130,2,1,12.013,0,0,11,38,0,8,0
20-02 15:44:18,6.492,3.246,62.175,25.719,0,1459436,819460,179792,5466148,10734.994,485.412,0,9955.938,0,760.079,5201,9244,3.110,2.100,1.130,2,2,8.989,0,0,11,38,0,8,0
20-02 15:44:19,8.016,2.756,55.865,29.811,0,1459040,819460,179816,5466508,9616.736,541.110,0,14962.707,0,1024.102,5784,10331,3.110,2.100,1.130,1,2,6.012,0,0,11,38,0,8,0
20-02 15:44:20,6.744,2.248,62.193,25.976,0,1458212,819712,179900,5466984,6794.827,539.510,0,7629.069,0,676.385,4879,8735,3.110,2.100,1.130,0,1,14.986,0,0,11,38,0,8,0
20-02 15:44:21,5.753,3.001,60.778,27.763,0,1458024,819460,179924,5467388,7114.304,540.251,0,13814.417,0,981.456,5444,10050,3.100,2.110,1.140,0,2,6.003,0,0,11,38,0,8,0
20-02 15:44:22,6.008,3.505,58.582,29.041,0,1457800,819208,179936,5467840,8795.333,540.758,0,15830.198,0,1097.539,5743,10313,3.100,2.110,1.140,0,2,15.021,0,0,11,38,0,8,0
20-02 15:44:23,5.491,2.246,61.646,27.454,0,1457532,818956,179940,5468348,10202.796,539.091,0,6788.553,0,565.047,4293,7597,3.100,2.110,1.140,0,1,5.990,0,0,11,38,0,7,0
20-02 15:44:24,3.754,2.503,63.072,28.282,0,1457864,818456,179948,5468504,5647.456,624.714,0,7917.051,0,600.687,4036,7345,3.100,2.110,1.140,1,1,1.001,0,0,11,38,0,7,0
20-02 15:44:25,2.998,1.999,65.216,27.236,0,1457476,818204,179964,5469108,4538.656,539.721,0,6520.632,0,545.718,3778,7014,3.100,2.110,1.140,1,0,2.998,0,0,11,38,0,7,0
20-02 15:44:26,5.495,1.998,60.949,28.226,0,1457708,817448,179972,5469604,7655.554,485.591,0,13188.895,0,973.181,5913,10861,3.010,2.110,1.150,0,1,11.990,0,0,11,38,0,7,0
20-02 15:44:27,4.995,2.498,58.445,30.971,0,1457252,817416,179996,5470056,7785.705,539.495,0,12532.258,0,928.130,5174,9371,3.010,2.110,1.150,0,1,14.986,0,0,11,38,0,7,0
20-02 15:44:28,4.503,3.002,60.290,29.269,0,1457504,816616,180004,5470544,6574.343,540.357,0,11559.636,0,765.506,4557,7955,3.010,2.110,1.150,1,1,12.008,0,0,11,38,0,7,0
20-02 15:44:29,4.747,2.748,62.707,26.732,0,1457228,816616,180008,5470816,5285.414,539.634,0,8194.440,0,721.510,4885,8703,3.010,2.110,1.150,1,0,5.996,0,0,11,38,0,7,0
20-02 15:44:30,6.255,2.752,58.792,29.021,0,1456712,816364,180044,5471532,7000.040,540.389,0,11700.424,0,892.643,5327,9750,3.010,2.110,1.150,1,1,9.006,0,0,11,38,0,7,0
20-02 15:44:31,5.240,3.493,62.629,25.950,0,1456520,816112,180048,5471960,7392.699,538.957,0,12228.344,0,956.150,5833,10606,2.930,2.110,1.150,0,2,8.983,0,0,11,38,0,6,0
20-02 15:44:32,5.006,2.503,60.327,29.287,0,1456344,815860,180048,5472376,3036.863,540.688,0,13685.408,0,922.173,4896,8904,2.930,2.110,1.150,1,0,6.008,0,0,11,38,0,6,0
20-02 15:44:33,5.004,3.002,64.298,24.518,0,1456396,815608,180052,5472564,3951.944,486.362,0,9427.024,0,795.593,4871,8810,2.930,2.110,1.150,1,2,9.007,0,0,11,38,0,6,0
20-02 15:44:34,3.999,2.500,61.988,29.494,0,1456236,815356,180060,5472960,11480.760,539.895,0,8378.366,0,684.866,4413,7882,2.930,2.110,1.150,0,1,6.999,0,0,11,38,0,6,0
20-02 15:44:35,6.000,3.000,62.251,25.000,0.250,1456608,814348,180068,5473580,5619.096,540.009,0,8484.145,0,742.013,5389,9573,2.930,2.110,1.150,0,2,27.000,0,0,11,38,0,5,0
20-02 15:44:36,6.500,3.500,59.247,27.999,0,1456912,813592,180076,5473992,7588.621,539.973,0,16075.198,0,1078.946,6325,11413,2.930,2.120,1.160,3,1,17.999,0,0,11,38,0,5,0
20-02 15:44:37,6.745,1.999,64.703,23.233,0,1456760,812836,180096,5474860,5710.813,539.604,0,5707.816,0,578.576,4749,8318,2.930,2.120,1.160,1,1,14.989,0,0,11,38,0,5,0
20-02 15:44:38,6.006,4.004,57.311,30.783,0,1456612,812584,180108,5475240,7907.460,540.578,0,13302.232,0,960.027,5326,9703,2.930,2.120,1.160,0,3,12.013,0,0,11,38,0,5,0
20-02 15:44:39,4.252,2.501,58.780,31.516,0,1457452,811576,180116,5475392,5549.878,540.280,0,10045.210,0,671.348,4945,9088,2.930,2.120,1.160,2,2,6.003,0,0,11,38,0,3,0
20-02 15:44:40,5.497,3.498,64.211,25.235,0,1459896,808460,180124,5476044,4691.129,539.670,0,8350.889,0,661.595,4623,8045,2.930,2.120,1.160,0,2,14.991,0,0,11,38,0,3,0
20-02 15:44:41,3.499,3.249,60.483,29.991,0,1459752,808460,180128,5476164,6978.015,485.862,0,10545.000,0,778.778,4481,8182,2.940,2.140,1.170,0,1,5.998,0,0,11,38,0,3,0
20-02 15:44:42,5.499,2.999,61.235,27.243,0,1459348,808460,180144,5476552,5561.640,539.868,0,8949.812,0,769.812,5240,9152,2.940,2.140,1.170,1,1,17.996,0,0,11,38,0,3,0
20-02 15:44:43,3.750,3.000,59.498,30.749,0,1459776,806696,180168,5477824,8076.729,539.982,0,12619.576,0,798.973,4794,8688,2.940,2.140,1.170,0,1,0,0,0,11,38,0,3,0
20-02 15:44:44,7.248,2.499,60.483,26.743,0,1461772,804244,180200,5478232,9833.288,633.825,0,8625.621,0,701.806,5435,9528,2.940,2.140,1.170,0,1,9.997,0,0,11,38,0,1,0
20-02 15:44:45,6.766,3.508,58.140,29.070,0,1463548,801976,180228,5478688,9320.510,541.307,0,14651.384,0,1087.627,6130,11342,2.940,2.140,1.170,0,1,6.015,0,0,11,38,0,1,0
20-02 15:44:46,7.500,2.750,62.501,24.750,0,1463068,801920,180240,5479196,8257.126,540.008,0,8404.129,0,651.010,4651,8198,2.940,2.150,1.180,0,1,6.000,0,0,11,38,0,1,0
20-02 15:44:47,4.988,3.242,60.605,28.681,0,1462580,803184,180244,5478416,8115.535,538.708,0,10087.805,0,778.134,5147,9331,2.940,2.150,1.180,3,1,2.993,0,0,11,38,0,1,0
20-02 15:44:48,5.255,3.754,58.310,29.780,0,1463692,803436,180256,5477044,5099.204,486.496,0,13381.656,0,951.971,6730,12600,2.940,2.150,1.180,0,1,0,0,0,11,38,0,1,0
20-02 15:44:49,5.503,3.002,64.786,23.763,0,1465300,803436,180272,5475416,7360.125,540.303,0,7860.406,0,725.407,5192,9240,2.940,2.150,1.180,1,1,0,0,0,11,38,0,1,0
20-02 15:44:50,4.998,3.249,56.978,31.738,0,1465924,803800,180276,5474428,5042.035,539.790,0,15110.110,0,968.622,5679,10473,2.940,2.150,1.180,0,2,0,0,0,11,38,0,1,0
20-02 15:44:51,6.496,2.498,64.207,23.984,0,1464928,805704,180288,5473508,6903.380,539.639,0,6643.554,0,698.533,5467,9609,2.790,2.130,1.180,0,2,2.998,0,0,11,38,0,1,0
20-02 15:44:52,4.251,3.001,57.264,32.008,0,1464784,805704,180300,5473636,5725.352,540.128,0,16455.887,0,1002.237,5072,9254,2.790,2.130,1.180,0,2,3.001,0,0,11,38,0,1,0
20-02 15:44:53,7.484,2.495,65.609,21.703,0,1464764,805452,180312,5473896,7113.743,538.844,0,6186.731,0,654.596,5292,9212,2.790,2.130,1.180,3,0,14.968,0,0,11,38,0,1,0
20-02 15:44:54,5.764,3.007,60.894,28.317,0,1464508,805452,180316,5474148,5219.385,541.284,0,13251.445,0,901.138,5085,9178,2.790,2.130,1.180,0,3,10.024,0,0,11,38,0,1,0
20-02 15:44:55,6.501,4.001,54.012,32.757,0,1464496,805452,180316,5474156,3364.751,486.108,0,18120.043,0,1203.268,6257,11140,2.790,2.130,1.180,0,2,9.002,0,0,11,38,0,1,0
20-02 15:44:56,13.768,12.016,65.336,7.260,0,1336716,933264,180320,5474120,3841.030,540.708,0,3352.390,0,187.245,4668,4529,2.810,2.150,1.190,2,0,269.353,0,0,11,32,0,3,0
20-02 15:44:57,15.997,23.745,53.489,5.749,0,1337948,931700,180340,5474432,9905.911,539.886,0,2063.565,0,131.972,7178,6632,2.810,2.150,1.190,1,2,663.860,0,0,11,36,0,7,0
20-02 15:44:58,66.300,8.256,23.768,1.251,0,1563244,705532,180360,5475284,5568.191,540.407,0,1172.883,0,77.058,4151,2196,2.810,2.150,1.190,3,0,13.010,0,0,11,32,0,9,0
20-02 15:44:59,57.251,5.500,25.750,11.000,0,1688600,577264,180472,5477760,6838.080,540.006,0,5032.059,0,158.002,3804,2076,2.810,2.150,1.190,3,0,0,0,0,11,32,0,9,0
20-02 15:45:00,41.454,4.495,33.213,19.978,0,1772816,489568,180580,5480816,29798.936,539.401,0,9225.763,0,448.502,4469,3772,2.810,2.150,1.190,2,1,5.993,0,0,11,38,0,9,0
20-02 15:45:01,9.005,3.502,51.530,33.269,0,1773668,487048,180596,5482424,8054.663,540.313,0,11094.423,0,759.440,5850,10074,2.740,2.150,1.200,2,5,30.017,0,0,11,38,0,9,0
20-02 15:45:02,10.740,3.247,52.701,30.721,0,1774100,485032,180596,5483972,10396.293,539.496,0,11053.680,0,747.302,5615,9522,2.740,2.150,1.200,1,1,38.964,0,0,11,38,0,9,0
20-02 15:45:03,10.743,3.498,48.467,33.727,0,1773264,483772,180600,5485992,10329.987,485.670,0,14038.469,0,941.361,6331,11082,2.740,2.150,1.200,1,1,26.982,0,0,11,38,0,9,0
20-02 15:45:04,7.007,3.754,53.306,33.536,0,1772832,483016,180604,5487116,5160.468,540.573,0,15388.305,0,960.017,5501,9952,2.740,2.150,1.200,0,1,13.014,0,0,11,38,0,9,0
20-02 15:45:05,5.745,2.998,50.958,37.469,0,1772560,482260,180620,5488104,7823.509,539.552,0,11954.082,0,766.364,5582,10132,2.740,2.150,1.200,0,3,14.988,0,0,11,38,0,9,0
20-02 15:45:06,12.519,5.508,47.070,33.300,0,1803988,449500,180640,5489320,6212.274,540.807,0,10263.321,0,753.124,6782,16553,2.840,2.180,1.210,0,1,69.103,0,0,11,38,0,10,0
20-02 15:45:07,8.485,3.494,53.903,31.194,0,1800912,451308,180660,5490536,10248.590,539.032,0,11092.075,0,825.517,5605,9617,2.840,2.180,1.210,0,1,35.935,0,0,11,38,0,10,0
20-02 15:45:08,6.999,3.750,53.246,33.497,0,1797860,453308,180668,5491556,7207.440,539.958,0,14186.897,0,971.924,5611,10269,2.840,2.180,1.210,1,3,17.999,0,0,11,38,0,9,0
20-02 15:45:09,7.493,3.996,48.455,37.465,0,1795044,454892,180676,5492744,7900.619,539.496,0,14566.392,0,927.134,5656,10091,2.840,2.180,1.210,3,2,17.983,0,0,11,38,0,9,0
20-02 15:45:10,7.251,3.251,55.261,31.756,0,1792656,456456,180688,5493540,5910.131,486.093,0,13254.536,0,879.168,6366,11552,2.840,2.180,1.210,2,1,24.005,0,0,11,38,0,9,0
20-02 15:45:11,9.000,3.500,51.002,33.501,0,1788132,459132,180704,5495308,5042.177,540.019,0,11424.400,0,817.029,6434,11275,2.770,2.170,1.220,2,1,27.001,0,0,11,38,0,9,0
20-02 15:45:12,8.018,3.758,55.372,30.317,0,1786824,459072,180712,5496632,4093.995,541.189,0,15429.900,0,1024.250,5953,10803,2.770,2.170,1.220,0,2,21.046,0,0,11,38,0,9,0
20-02 15:45:13,7.493,3.746,51.950,34.717,0,1785508,459552,180732,5497428,7855.489,539.484,0,13255.326,0,888.151,6401,11529,2.770,2.170,1.220,3,1,29.971,0,0,11,38,0,9,0
20-02 15:45:14,7.755,3.002,56.034,30.018,0,1784312,459888,180736,5498248,6258.797,540.328,0,13784.362,0,891.541,5350,9372,2.770,2.170,1.220,1,0,22.013,0,0,11,38,0,9,0
20-02 15:45:15,7.987,3.495,46.178,40.187,0,1783868,459084,180756,5499444,7763.831,581.089,0,11889.365,0,817.718,6690,11843,2.770,2.170,1.220,3,1,32.948,0,0,11,38,0,9,0
20-02 15:45:16,6.256,2.502,59.303,29.526,0,1783476,458580,180772,5500304,6178.495,540.481,0,9056.054,0,679.604,4760,8450,2.710,2.170,1.220,0,3,27.024,0,0,11,38,0,9,0
20-02 15:45:17,6.002,3.251,52.268,35.512,0,1783500,457824,180772,5500960,9816.407,540.187,0,14553.050,0,1016.353,5389,9690,2.710,2.170,1.220,0,3,12.004,0,0,11,38,0,9,0
20-02 15:45:18,6.000,3.250,52.503,36.002,0,1782932,457320,180780,5502000,5795.333,486.028,0,8084.464,0,612.035,5152,9020,2.710,2.170,1.220,0,1,12.001,0,0,11,38,0,9,0
20-02 15:45:19,7.749,3.999,50.993,34.496,0,1783556,455836,180784,5502788,4027.481,539.930,0,18337.635,0,1155.851,6273,11375,2.710,2.170,1.220,0,1,17.998,0,0,11,38,0,9,0
20-02 15:45:20,5.499,3.249,50.238,37.741,0,1783380,455012,180784,5503768,6711.438,539.874,0,15380.421,0,950.779,5448,9800,2.710,2.170,1.220,1,3,11.997,0,0,11,38,0,9,0
20-02 15:45:21,6.253,3.001,52.274,35.516,0,1783088,454084,180792,5504948,5553.498,540.243,0,9780.399,0,762.343,5295,9456,2.900,2.220,1.240,1,2,18.008,0,0,11,38,0,9,0
20-02 15:45:22,6.501,2.750,51.256,36.754,0.250,1782996,453716,180800,5505392,3052.334,540.059,0,14529.590,0,1000.109,5443,9967,2.900,2.220,1.240,0,1,21.002,0,0,11,38,0,9,0
20-02 15:45:23,16.768,4.004,42.294,34.786,0,1782592,452944,180804,5506528,8965.405,540.567,0,12657.278,0,902.947,6282,10484,2.900,2.220,1.240,2,1,21.022,0,0,11,38,0,9,0
20-02 15:45:24,24.146,7.717,30.121,36.095,0,1697068,537476,180812,5507476,6810.778,537.693,0,8646.900,0,593.454,5762,8332,2.900,2.220,1.240,6,2,85.633,0,0,11,36,0,9,0
20-02 15:45:25,28.879,4.771,31.390,32.143,0,1766784,466440,180824,5508696,6994.138,488.173,0,17204.595,0,1124.004,7557,12948,2.900,2.220,1.240,1,3,32.143,0,0,11,36,0,9,0
20-02 15:45:26,19.460,5.988,40.417,32.184,0,1713396,517812,180824,5510656,6976.659,538.892,0,14222.764,0,878.195,6222,9661,2.900,2.230,1.250,2,4,98.797,0,0,11,36,0,9,0
20-02 15:45:27,5.997,2.748,54.218,34.980,0,1696216,533940,180832,5511676,4732.247,539.686,0,10118.113,0,745.566,6164,11303,2.900,2.230,1.250,3,0,20.988,0,0,11,36,0,9,0
20-02 15:45:28,5.755,3.002,58.046,30.274,0,1686980,541868,180840,5512916,7998.293,540.425,0,9435.423,0,696.548,5046,8838,2.900,2.230,1.250,0,1,24.019,0,0,11,36,0,9,0
20-02 15:45:29,7.254,3.752,55.033,31.519,0,1679104,549052,180860,5513560,8156.939,540.327,0,14384.710,0,926.561,6063,10940,2.900,2.230,1.250,0,1,21.013,0,0,11,36,0,9,0
20-02 15:45:30,5.999,2.500,54.743,33.996,0.250,1671932,555440,180872,5514320,4116.466,539.930,0,11322.532,0,751.903,4708,8388,2.900,2.230,1.250,0,3,17.998,0,0,11,36,0,9,0
20-02 15:45:31,4.499,2.249,53.985,36.989,0,1665916,560740,180876,5515012,9161.396,539.847,0,9461.311,0,554.842,4252,7579,3.070,2.280,1.270,2,1,8.997,0,0,11,36,0,9,0
20-02 15:45:32,6.746,3.248,56.464,30.980,0.250,1660080,564728,180896,5516792,6719.740,539.658,0,7946.962,0,627.602,4874,8555,3.070,2.280,1.270,0,2,8.994,0,0,11,36,0,9,0
20-02 15:45:33,5.747,3.498,53.725,34.734,0,1654964,568892,180896,5517724,9997.271,485.770,0,15460.687,0,989.532,5517,9922,3.070,2.280,1.270,1,4,5.997,0,0,11,36,0,9,0
20-02 15:45:34,7.751,3.250,50.256,35.754,0,1650852,572068,180912,5518624,8561.955,540.060,0,13925.554,0,940.105,5819,10211,3.070,2.280,1.270,0,3,28.003,0,0,11,36,0,9,0
20-02 15:45:35,5.994,2.997,53.193,34.213,0,1647556,574520,180916,5519412,4092.610,539.421,0,11012.188,0,749.196,6244,11297,3.070,2.280,1.270,4,0,17.981,0,0,11,36,0,9,0
20-02 15:45:36,12.283,3.510,53.896,28.327,0,1643340,577684,180928,5520388,9162.854,541.469,0,10536.580,0,826.241,5982,10078,3.070,2.290,1.280,1,1,12.033,0,0,11,36,0,9,0
20-02 15:45:37,9.237,3.495,50.929,33.703,0,1643992,575900,180928,5521496,10059.014,539.250,0,15526.412,0,973.646,5587,9783,3.070,2.290,1.280,0,3,0,0,0,11,36,0,9,0
20-02 15:45:38,7.004,2.751,49.025,38.520,0,1641884,575880,180932,5523536,9662.999,540.280,0,8976.644,0,663.343,5045,8875,3.070,2.290,1.280,1,1,0,0,0,11,36,0,9,0
20-02 15:45:39,4.500,2.750,51.503,39.252,0,1640620,575996,180936,5524648,6279.353,540.030,0,13340.751,0,793.045,4829,9115,3.070,2.290,1.280,0,1,0,0,0,11,36,0,9,0
20-02 15:45:40,4.247,2.498,48.964,40.221,0,1638816,576408,180936,5525988,9295.224,539.607,0,15628.606,0,935.318,4972,9233,3.070,2.290,1.280,5,2,0,0,0,11,36,0,9,0
20-02 15:45:41,5.499,2.500,47.995,40.996,0,1637088,576340,180940,5527716,10582.854,485.947,0,13026.590,0,791.914,5019,9084,3.220,2.330,1.300,0,2,0,0,0,11,36,0,9,0
20-02 15:45:42,6.749,3.250,52.995,34.747,0,1636984,574696,180944,5529388,3271.680,539.947,0,13262.703,0,859.916,5814,10779,3.220,2.330,1.300,1,2,0,0,0,11,36,0,9,0
20-02 15:45:43,6.005,3.753,47.786,40.531,0,1637012,572948,180948,5531056,3237.437,540.407,0,13978.524,0,902.680,5165,9431,3.220,2.330,1.300,0,1,0,0,0,11,36,0,9,0
20-02 15:45:44,3.501,2.251,54.268,36.512,0,1636848,571948,180948,5532140,7226.380,634.209,0,10251.376,0,677.223,4319,7835,3.220,2.330,1.300,0,1,1.000,0,0,11,36,0,9,0
20-02 15:45:45,6.255,3.253,51.291,36.780,0,1637164,569936,180952,5533760,5173.184,540.437,0,15384.441,0,931.754,5400,10025,3.220,2.330,1.300,1,2,0,0,0,11,36,0,9,0
20-02 15:45:46,6.249,2.999,59.738,28.494,0,1637480,568360,180952,5534964,6618.638,539.889,0,9745.994,0,720.852,5824,10407,3.200,2.350,1.310,0,1,11.998,0,0,11,36,0,9,0
20-02 15:45:47,6.484,3.741,52.373,33.918,0,1638292,567100,180952,5535400,6225.884,538.692,0,17102.477,0,1158.188,6009,10902,3.200,2.350,1.310,4,1,5.985,0,0,11,36,0,9,0
20-02 15:45:48,4.252,2.251,59.776,31.264,0,1637820,567144,180952,5535816,6994.078,486.214,0,7383.249,0,581.256,4932,9049,3.200,2.350,1.310,2,1,9.004,0,0,11,36,0,9,0
20-02 15:45:49,4.006,3.755,58.082,31.294,0,1638108,566640,180952,5536020,7038.888,540.760,0,14696.645,0,970.363,5214,9558,3.200,2.350,1.310,0,2,9.013,0,0,11,36,0,9,0
20-02 15:45:50,4.734,2.492,55.565,34.884,0,1638408,566136,180952,5536220,4860.845,538.211,0,10086.478,0,728.579,4532,8079,3.200,2.350,1.310,2,1,11.960,0,0,11,36,0,9,0
20-02 15:45:51,7.764,3.256,56.350,29.052,0,1640112,564120,180956,5536516,3255.790,540.962,0,9813.453,0,794.413,6197,10850,3.270,2.370,1.330,1,3,15.027,0,0,11,36,0,9,0
20-02 15:45:52,9.508,3.003,52.046,32.779,0,1640400,563112,180960,5537216,7178.329,540.477,0,15809.939,0,1072.946,5663,10182,3.270,2.370,1.330,0,2,9.008,0,0,11,36,0,9,0
20-02 15:45:53,7.494,2.748,54.207,32.474,0,1640240,562620,180964,5537848,4794.234,539.576,0,9924.204,0,702.448,5573,9812,3.270,2.370,1.330,0,5,11.991,0,0,11,36,0,9,0
20-02 15:45:54,6.002,3.501,55.517,32.510,0,1641100,561360,180964,5538228,6926.135,540.167,0,13556.180,0,904.279,6047,10955,3.270,2.370,1.330,0,2,13.004,0,0,11,36,0,9,0
20-02 15:45:55,5.998,3.749,55.230,33.488,0,1641436,560604,180964,5538644,6135.766,485.823,0,12447.469,0,853.689,5715,10487,3.270,2.370,1.330,2,1,11.996,0,0,11,36,0,9,0
20-02 15:45:56,6.759,2.503,49.313,37.548,0,1641040,560352,180964,5539272,7092.040,540.689,0,14073.939,0,923.177,6550,11865,3.330,2.400,1.340,1,2,12.015,0,0,11,36,0,9,0
20-02 15:45:57,23.280,6.008,51.817,17.773,0,1322840,878372,180964,5539444,5040.492,540.696,0,7998.302,0,635.819,5177,7169,3.330,2.400,1.340,1,0,91.117,0,0,11,32,0,7,0
20-02 15:45:58,18.215,8.234,68.121,4.491,0,1388228,812960,180964,5539472,3560.254,538.979,0,1708.762,0,101.807,3062,2717,3.330,2.400,1.340,1,0,170.677,0,0,11,32,0,7,0
20-02 15:45:59,23.230,2.997,69.940,2.997,0,1462792,738396,180964,5539472,8302.929,539.541,0,1338.860,0,81.930,2045,1817,3.330,2.400,1.340,5,0,1.998,0,0,11,32,0,7,0
20-02 15:46:00,22.298,3.758,68.398,4.510,0,1417772,783408,180964,5539480,8332.029,541.171,0,2721.890,0,161.349,2830,2745,3.330,2.400,1.340,2,0,27.059,0,0,11,32,0,7,0
20-02 15:46:01,22.460,3.494,73.119,0,0,1442216,758964,180964,5539480,5030.976,539.033,0,119.785,0,25.953,1784,1216,3.140,2.380,1.340,2,0,0.998,0,0,11,32,0,1,0
20-02 15:46:02,21.053,5.263,71.682,1.253,0,1420796,780376,180968,5539484,14440.622,487.236,0,777.973,0,77.196,2865,2384,3.140,2.380,1.340,2,0,81.206,0,0,11,32,0,1,0
20-02 15:46:03,12.751,36.502,46.253,3.750,0,1418388,782708,180968,5539556,11062.615,540.030,0,488.027,0,78.004,8436,8118,3.140,2.380,1.340,0,2,1214.068,0,0,11,32,0,1,0
20-02 15:46:04,8.246,20.491,68.718,2.249,0,1422384,778636,180968,5539624,9340.701,539.752,0,279.871,0,24.988,6076,4949,3.140,2.380,1.340,1,0,528.757,0,0,11,32,0,1,0
20-02 15:46:05,8.506,20.015,67.551,2.002,0,1401868,799084,180968,5539668,6955.244,540.407,0,108.081,0,8.006,5917,4562,3.140,2.380,1.340,1,0,418.315,0,0,11,32,0,1,0
20-02 15:46:06,17.999,19.749,61.248,0.250,0,1378148,822772,180968,5539692,4835.812,539.979,0,103.996,0,11.000,6486,16523,2.890,2.340,1.330,2,0,393.985,0,0,11,32,0,2,0
20-02 15:46:07,36.644,12.215,50.354,0,0,1442408,758456,180980,5540176,6794.283,538.437,0,95.722,0,4.986,4812,5145,2.890,2.340,1.330,4,0,188.453,0,0,11,33,0,2,0
20-02 15:46:08,43.263,7.002,48.765,0,0,1562336,638420,180980,5540280,5252.597,540.164,0,0,0,0,2739,1341,2.890,2.340,1.330,3,0,0,0,0,11,33,0,2,0
20-02 15:46:09,40.016,5.502,36.014,18.007,0,1608464,591072,181032,5541260,3311.323,540.216,104.042,5246.096,1.000,275.110,3958,3801,2.890,2.340,1.330,3,1,19.008,0,0,11,49,0,2,0
20-02 15:46:10,29.808,12.775,47.843,8.517,0,1643640,552528,181052,5544440,7556.744,486.950,0,5426.587,0,259.506,6974,11070,2.890,2.340,1.330,2,0,220.430,0,0,11,48,0,2,0
20-02 15:46:11,16.705,13.464,68.566,0.249,0.249,1638504,557572,181052,5544464,5229.942,538.552,0,203.453,0,12.965,6556,8675,2.740,2.320,1.330,1,0,276.257,0,0,11,48,0,2,0
20-02 15:46:12,1.252,0.751,96.158,1.502,0,1638504,557572,181052,5544464,8812.440,540.886,0,344.565,0,29.048,1028,1480,2.740,2.320,1.330,0,0,3.005,0,0,11,48,0,2,0
20-02 15:46:13,0.250,0.250,98.239,0.250,0,1638504,557572,181052,5544464,6104.347,539.942,0,75.992,0,5.999,662,1008,2.740,2.320,1.330,0,0,2.000,0,0,11,48,0,2,0
20-02 15:46:14,0.250,0.999,97.890,0,0,1638504,557572,181052,5544464,3055.570,539.394,0,827.072,0,7.991,774,1060,2.740,2.320,1.330,1,0,3.996,0,0,11,48,0,2,0
20-02 15:46:15,1.001,0.250,98.360,0,0,1638504,557572,181052,5544460,7621.553,540.607,0,4.004,0,1.001,758,1033,2.740,2.320,1.330,0,0,1.001,0,0,11,48,0,2,0
20-02 15:46:16,15.998,13.248,69.242,0,0,1685404,510628,181052,5544912,7660.066,581.929,0,0,0,0,5879,7875,2.520,2.280,1.320,1,0,281.966,0,0,11,48,0,2,0
20-02 15:46:17,12.241,14.740,68.701,3.248,0,1709380,486504,181052,5544624,10359.632,539.616,0,3801.296,0,241.828,5360,5111,2.520,2.280,1.320,1,0,304.783,0,0,12,48,0,2,0
20-02 15:46:18,18.037,16.283,64.882,0,0,1712036,483808,181052,5544652,6809.886,725.479,0,4.008,0,1.002,6828,9300,2.520,2.280,1.320,0,0,323.660,0,0,12,48,0,2,0
20-02 15:46:19,5.737,4.989,86.557,1.746,0,1707672,488204,181052,5544656,9607.616,538.801,0,550.774,0,40.909,2402,2912,2.520,2.280,1.320,1,0,142.682,0,0,12,64,0,2,0
20-02 15:46:20,17.538,16.035,65.892,0,0,1678024,517748,181052,5544704,7253.625,541.166,0,0,0,0,6821,8509,2.520,2.280,1.320,0,0,265.572,0,0,14,66,0,2,0
20-02 15:46:21,8.997,17.743,71.473,0,0,1667216,528504,181052,5544736,3410.708,539.795,0,55.979,0,8.997,5735,4804,2.320,2.240,1.310,1,0,391.852,0,0,14,66,0,3,0
20-02 15:46:22,11.473,20.452,62.852,3.741,0,1657348,538284,181052,5545136,3346.122,580.633,0,1572.298,0,152.641,6712,7139,2.320,2.240,1.310,1,0,408.039,0,0,14,66,0,3,0
20-02 15:46:23,24.546,17.533,56.607,0.250,0,1701708,493920,181064,5544772,10573.006,583.103,0,537.016,0,26.049,6259,6824,2.320,2.240,1.310,2,0,391.741,0,0,14,66,0,3,0
20-02 15:46:24,30.765,23.262,45.022,0.250,0,1769036,426336,181104,5544984,5258.609,540.268,0,424.210,0,9.004,7115,6096,2.320,2.240,1.310,4,0,689.342,0,0,14,66,0,3,0
20-02 15:46:25,30.490,24.992,44.485,0,0,1909324,284536,181136,5546340,8179.265,539.819,19.993,47.984,1.999,11.996,7357,9104,2.320,2.240,1.310,4,0,545.817,0,0,14,70,0,5,0
20-02 15:46:26,50.719,17.404,30.581,0,0,1981852,211828,181136,5546824,6261.316,483.323,0,0,0,0,5825,7720,2.370,2.250,1.320,4,0,305.309,0,0,14,70,0,5,0
20-02 15:46:27,61.897,24.910,12.832,0,0,2104832,167248,170040,5481672,6924.424,543.487,16.103,40.258,4.026,10.065,6408,6752,2.370,2.250,1.320,3,0,478.067,0,0,14,70,0,5,0
20-02 15:46:28,67.994,19.676,11.706,0.249,0,2194868,132548,168288,5428788,6541.354,627.635,83.685,526.018,10.959,19.925,5794,7736,2.370,2.250,1.320,5,0,357.652,0,0,14,70,0,5,0
20-02 15:46:29,70.072,21.772,3.754,4.505,0,2315624,176344,168712,5267972,3124.225,540.558,544.562,3183.286,77.080,109.113,7640,8837,2.370,2.250,1.320,4,0,408.422,0,0,14,74,0,5,0
20-02 15:46:30,68.938,21.481,3.747,5.745,0,2502364,145516,168572,5115428,3938.483,539.518,7.993,5235.325,1.998,280.749,7924,9607,2.370,2.250,1.320,6,1,412.632,0,0,14,76,0,5,0
20-02 15:46:31,49.048,19.019,15.765,15.015,0,2597392,184092,168492,4985364,7259.111,540.529,8.008,9849.649,2.002,348.341,9231,13378,2.660,2.310,1.350,2,2,344.337,0,0,14,76,0,5,0
20-02 15:46:32,58.607,11.771,15.278,13.775,0,2728684,118720,168496,4920756,4986.075,540.985,84.153,12174.159,4.007,344.627,8331,11454,2.660,2.310,1.350,4,0,139.253,0,0,14,79,0,5,0
20-02 15:46:33,58.906,6.989,21.965,11.482,0,2821544,166932,168604,4782400,9635.682,539.143,59.905,6349.906,4.992,443.295,6145,7521,2.660,2.310,1.350,6,0,9.984,0,0,14,81,0,8,0
20-02 15:46:34,53.136,22.558,22.307,0.752,0,2909624,142840,168612,4719996,9910.305,487.244,36.092,1491.809,6.015,79.202,12084,18680,2.660,2.310,1.350,3,0,541.382,0,0,14,95,0,15,0
20-02 15:46:35,21.000,18.750,57.749,1.500,0,2916116,134960,168616,4721744,9992.911,539.995,40.000,4307.962,6.000,67.999,7468,11236,2.660,2.310,1.350,2,0,368.997,0,0,14,93,0,16,0
20-02 15:46:36,37.633,12.212,45.359,3.988,0,3015804,170156,168620,4589644,6112.992,538.326,163.492,1100.578,4.985,51.839,4757,4426,2.530,2.290,1.350,3,0,186.420,0,0,14,94,0,16,0
20-02 15:46:37,31.838,10.529,48.885,8.524,0,3087024,164936,168636,4525056,5681.689,541.495,8.022,5832.104,2.006,299.828,4796,5029,2.530,2.290,1.350,1,0,139.385,0,0,14,97,0,17,0
20-02 15:46:38,7.487,19.717,68.384,2.745,0,3099748,151928,168636,4525340,7809.799,628.937,0,5366.929,0,241.592,6027,4458,2.530,2.290,1.350,1,0,374.367,0,0,14,97,0,17,0
20-02 15:46:39,8.015,20.038,70.886,0,0,3098032,153608,168636,4525376,5780.068,541.036,0,316.606,0,24.046,5883,4556,2.530,2.290,1.350,1,0,380.729,0,0,14,97,0,17,0
20-02 15:46:40,18.957,7.483,72.085,0,0,3151284,166540,168636,4460972,3892.110,538.769,0,35.918,0,3.991,2690,1961,2.530,2.290,1.350,1,0,96.779,0,0,14,97,0,17,0
20-02 15:46:41,18.500,2.250,77.752,0.750,0,3164132,153612,168636,4461080,31540.741,23089.542,84.002,116.003,7.000,12.000,2666,2753,2.330,2.250,1.340,1,0,0,0,0,14,99,0,18,0
20-02 15:46:42,19.794,6.765,73.161,0.251,0,3182208,135504,168636,4461112,6730.814,541.191,0,192.424,0,11.024,2395,1703,2.330,2.250,1.340,1,0,63.139,0,0,14,99,0,18,0
20-02 15:46:43,18.205,2.743,73.570,4.738,0,3190052,127644,168636,4461128,15007.300,6996.889,0,5674.124,0,221.458,2597,2572,2.330,2.250,1.340,1,2,1.995,0,0,14,106,0,18,0
20-02 15:46:44,24.061,4.762,63.160,7.018,0,3189680,126952,168652,4462148,7098.990,635.611,324.823,3272.293,21.053,388.986,6210,9611,2.330,2.250,1.340,1,1,6.015,0,0,14,113,0,18,0
20-02 15:46:45,23.229,6.244,64.440,4.496,0,3123980,192416,168652,4462368,6622.873,1681.444,107.900,1710.418,4.995,160.851,5413,7275,2.330,2.250,1.340,1,0,57.946,0,0,14,114,0,20,0
20-02 15:46:46,19.761,5.503,72.291,0.750,0,3177880,138508,168652,4462376,7370.171,540.306,0,628.356,0,38.022,2319,1775,2.220,2.230,1.340,1,0,54.031,0,0,14,114,0,20,0
20-02 15:46:47,19.456,3.741,74.829,0.748,0,3178056,138060,168652,4462648,14776.217,6919.181,0,710.376,0,50.884,3073,3901,2.220,2.230,1.340,4,0,1.995,0,0,14,119,0,20,0
20-02 15:46:48,19.709,4.740,70.106,4.740,0,3183792,132012,168656,4462952,5498.689,2608.634,63.869,1237.454,3.992,120.752,4726,7327,2.220,2.230,1.340,4,0,0.998,0,0,14,119,0,20,0
20-02 15:46:49,41.287,10.760,42.788,4.754,0,3258840,123296,168656,4398632,8130.289,1681.508,12.011,3306.965,3.003,227.204,4557,4565,2.220,2.230,1.340,2,0,101.091,0,0,14,120,0,21,0
20-02 15:46:50,33.281,3.503,62.058,0.500,0,3300900,143812,168656,4337076,27846.952,23164.588,0,632.590,0,33.031,2539,1728,2.220,2.230,1.340,2,0,0,0,0,14,120,0,22,0
20-02 15:46:51,19.996,6.749,71.235,1.000,0,3337172,171588,168656,4274624,7239.486,539.887,0,1099.770,0,52.989,2441,1840,2.120,2.210,1.340,3,0,54.988,0,0,14,120,0,22,0
20-02 15:46:52,16.494,5.248,77.220,0.250,0,3323752,184984,168656,4274648,27784.298,23068.115,3.998,115.955,1.000,12.995,2615,2178,2.120,2.210,1.340,1,0,50.980,0,0,14,120,0,23,0
20-02 15:46:53,18.547,3.008,78.448,0,0,3346904,161824,168656,4274656,7585.126,2930.389,0,0,0,0,1673,1245,2.120,2.210,1.340,2,0,0,0,0,14,121,0,23,0
20-02 15:46:54,16.485,5.495,72.184,3.996,0,3319832,188848,168656,4274704,13300.927,5771.761,3.996,1051.046,0.999,108.901,3552,4041,2.120,2.210,1.340,3,0,44.959,0,0,14,120,0,24,0
20-02 15:46:55,20.245,4.749,71.234,2.249,0,3339100,169564,168656,4274720,8318.091,2041.531,0,555.872,0,36.992,2309,1958,2.120,2.210,1.340,1,0,37.991,0,0,14,121,0,24,0
20-02 15:46:56,16.505,5.251,76.771,1.000,0,3303852,204788,168656,4274744,31111.515,21610.915,0,452.124,0,26.007,2502,2029,1.950,2.180,1.330,1,0,55.015,0,0,14,120,0,25,0
20-02 15:46:57,19.734,1.998,78.437,0,0,3355976,152656,168656,4274752,10888.318,6248.018,0,359.713,0,21.982,1806,1431,1.950,2.180,1.330,1,0,0,0,0,14,121,0,25,0
20-02 15:46:58,18.995,4.249,68.731,6.248,0,3348156,160216,168660,4275008,8850.504,1544.564,143.959,2747.225,9.997,274.922,5478,8382,1.950,2.180,1.330,1,0,1.000,0,0,14,122,0,25,0
20-02 15:46:59,21.790,7.013,65.872,5.009,0,3326344,181796,168660,4275240,7059.088,1783.306,60.111,1815.366,4.007,158.293,4859,6220,1.950,2.180,1.330,2,0,53.098,0,0,14,121,0,27,0
20-02 15:47:00,17.961,2.744,77.081,1.247,0,3355708,152420,168660,4275252,9806.440,6918.789,0,650.570,0,34.923,1844,1564,1.950,2.180,1.330,1,0,0.998,0,0,14,123,0,27,0
20-02 15:47:01,21.020,3.503,70.568,3.503,0,3351672,156356,168660,4275352,7166.873,4248.074,64.061,2630.522,4.004,209.201,4468,6170,1.870,2.160,1.330,2,0,0,0,0,14,122,0,27,0
20-02 15:47:02,30.247,6.999,58.245,2.750,0,3290900,217048,168664,4275412,13611.737,1405.870,0,1571.854,0,116.989,7030,9898,1.870,2.160,1.330,1,0,69.994,0,0,14,123,0,28,0
20-02 15:47:03,20.004,3.001,73.265,3.501,0,3347048,160880,168664,4275432,14291.991,6254.309,0,1584.332,0,132.028,2193,1908,1.870,2.160,1.330,2,0,1.000,0,0,14,124,0,28,0
20-02 15:47:04,16.028,6.261,70.374,5.259,0,3325324,182564,168664,4275472,11411.079,4402.747,0,2901.105,0,348.613,4436,5131,1.870,2.160,1.330,2,0,108.190,0,0,14,123,0,29,0
20-02 15:47:05,20.688,4.985,71.288,2.742,0,3365396,142488,168664,4275476,11541.668,1994.068,0,1639.124,0,53.840,2118,1880,1.870,2.160,1.330,1,0,40.878,0,0,14,124,0,29,0
20-02 15:47:06,18.514,4.253,73.055,3.503,0,3349732,158116,168668,4275364,18504.945,10575.970,24.018,584.440,2.002,36.027,3356,13362,1.890,2.150,1.330,0,2,36.027,0,0,14,124,0,30,0
20-02 15:47:07,21.777,6.508,60.074,10.513,0,3351756,156048,168668,4275552,8103.003,540.667,0,7773.596,0,418.517,7216,11141,1.890,2.150,1.330,1,0,0,0,0,14,124,0,29,0
20-02 15:47:08,37.532,12.761,42.536,4.754,0,3308256,199204,168672,4275876,5884.011,2197.872,48.041,1833.562,3.003,141.120,15622,26968,1.890,2.150,1.330,5,1,221.188,0,0,14,125,0,30,0
20-02 15:47:09,33.908,6.482,56.097,2.244,0,3379204,128164,168672,4275936,3669.995,1041.162,0,1009.249,0,83.772,5233,7697,1.890,2.150,1.330,3,0,68.812,0,0,14,125,0,30,0
20-02 15:47:10,15.038,7.018,76.694,1.253,0,3364164,143184,168672,4275956,14536.761,8060.383,0,617.562,0,34.086,3109,2714,1.890,2.150,1.330,2,0,113.286,0,0,14,125,0,31,0
20-02 15:47:11,9.252,20.255,68.267,0.500,0,3321216,185964,168672,4276124,5200.283,486.120,0,568.140,0,39.010,6136,5040,1.810,2.130,1.330,1,0,429.106,0,0,14,125,0,30,2
20-02 15:47:12,19.252,16.502,61.757,1.250,0,3322348,184824,168672,4276256,7975.881,540.060,0,576.064,0,31.003,6940,8821,1.810,2.130,1.330,2,0,290.032,0,0,14,125,0,30,2
20-02 15:47:13,30.506,23.505,44.759,0.750,0,3362440,144668,168672,4276200,6170.189,540.104,0,1168.225,0,71.014,6641,5894,1.810,2.130,1.330,2,0,554.107,0,0,14,125,0,30,2
20-02 15:47:14,29.706,15.727,53.171,0.999,0,3386572,183300,168684,4214892,6591.190,539.198,95.857,531.209,6.990,42.936,6782,9328,1.810,2.130,1.330,1,0,284.576,0,0,16,131,0,30,2
20-02 15:47:15,57.411,25.461,15.726,0.749,0,3559952,184432,168684,4045144,7569.300,609.059,51.920,315.512,3.994,17.972,7407,12537,1.810,2.130,1.330,6,0,633.022,0,0,16,137,0,30,2
20-02 15:47:16,61.078,19.695,17.700,0.997,0,3677820,123776,168480,3988960,4782.543,538.485,31.910,610.283,2.992,36.896,7508,13854,1.990,2.160,1.340,12,0,349.018,0,0,16,153,0,30,2
20-02 15:47:17,39.727,21.121,37.716,0,0,3752604,187496,168452,3851592,6536.351,543.104,0,370.115,0,20.115,8226,8154,1.990,2.160,1.340,2,0,628.592,0,0,16,155,0,30,0
20-02 15:47:18,21.742,22.491,54.479,0.250,0,3797100,142896,168464,3852100,9593.328,539.793,7.997,1203.539,1.999,36.986,7735,8304,1.990,2.160,1.340,2,0,511.804,0,0,17,155,0,30,0
20-02 15:47:19,24.996,16.997,57.240,0.500,0,3819952,166140,168464,3806324,5527.081,575.904,0,451.925,0,31.995,6592,7587,1.990,2.160,1.340,3,0,341.943,0,0,17,155,0,30,0
20-02 15:47:20,34.744,20.247,38.994,4.749,0,3896180,141016,168344,3756692,9218.478,539.911,15.997,4615.238,3.999,621.897,7599,7229,1.990,2.160,1.340,2,0,446.926,0,0,17,155,0,30,0
20-02 15:47:21,39.777,22.265,36.775,0.751,0,3995444,147436,168348,3653212,7388.998,540.366,136.092,792.536,3.002,57.039,8366,12815,2.790,2.330,1.400,5,0,500.338,0,0,17,169,0,30,0
20-02 15:47:22,30.247,24.498,44.246,0.250,0,4058460,149488,168348,3589596,8675.181,539.949,15.998,2587.756,1.000,18.998,7440,7002,2.790,2.330,1.400,3,0,725.931,0,0,17,171,0,30,0
20-02 15:47:23,17.197,21.932,59.067,0.498,0,4105604,137308,168348,3555772,7387.062,538.328,15.950,717.771,3.988,43.864,8892,12148,2.790,2.330,1.400,2,0,470.539,0,0,17,175,0,29,0
20-02 15:47:24,29.560,12.525,57.115,0.251,0,4156988,136232,168348,3506288,3653.372,611.233,4.008,464.938,1.002,27.055,5668,6651,2.790,2.330,1.400,3,0,195.394,0,0,17,181,0,29,0
20-02 15:47:25,45.862,6.480,42.123,4.237,0,4304212,122572,168348,3376008,6980.942,538.376,19.940,1048.836,1.994,141.573,3373,2004,2.790,2.330,1.400,5,2,2.991,0,0,17,181,0,29,0
20-02 15:47:26,38.344,7.268,45.612,7.769,0,4260476,265792,168356,3278016,8040.762,541.330,108.266,8881.830,12.030,535.316,4661,4132,2.890,2.360,1.410,2,0,25.062,0,0,17,200,0,29,0
20-02 15:47:27,32.059,25.798,38.572,2.755,0,4307460,215980,168360,3280840,3531.553,486.903,1306.424,208.387,16.030,18.033,8092,10079,2.890,2.360,1.410,2,0,621.153,0,0,17,201,0,27,0
20-02 15:47:28,35.935,24.206,36.185,2.246,0,4353204,169692,168364,3281736,16095.985,9208.401,299.460,654.820,6.987,41.924,8376,10263,2.890,2.360,1.410,2,1,494.109,0,0,17,205,0,28,0
20-02 15:47:29,62.851,16.276,17.528,2.754,0,4410604,170552,168372,3225092,9476.190,631.011,845.355,504.809,16.026,27.043,5513,5349,2.890,2.360,1.410,3,0,158.254,0,0,17,208,0,28,0
20-02 15:47:30,54.250,11.250,25.250,8.250,0,4536112,146528,168380,3125088,17586.896,10398.938,1451.991,1039.994,31.000,29.000,4918,4491,2.890,2.360,1.410,0,3,22.000,0,0,17,217,0,28,0
20-02 15:47:31,47.605,10.967,15.951,24.924,0,4569028,209432,168420,3032780,8980.662,1577.199,5387.600,1359.860,338.968,73.775,5572,5526,2.980,2.380,1.430,1,2,32.900,0,0,17,224,0,29,0
20-02 15:47:32,46.591,13.777,29.558,9.268,0,4606424,167264,168472,3037468,11137.692,8355.273,841.639,1442.810,120.234,128.250,7295,9585,2.980,2.380,1.430,1,0,222.433,0,0,17,224,0,33,0
20-02 15:47:33,33.747,21.998,39.247,4.250,0,4604896,167132,168472,3039440,11995.051,3719.706,95.992,10935.135,5.000,122.990,8526,11243,2.980,2.380,1.430,2,0,491.961,0,0,17,225,0,34,0
20-02 15:47:34,46.445,20.226,27.717,4.245,0,4626888,177252,168476,3007312,15620.603,8329.190,3.995,2421.148,0.999,202.761,7727,9709,2.980,2.380,1.430,4,0,432.491,0,0,17,226,0,34,0
20-02 15:47:35,51.487,23.244,21.994,2.249,0,4666808,135548,168476,3009476,10877.200,3581.078,243.937,3267.159,5.998,183.953,8322,11537,2.980,2.380,1.430,7,0,412.894,0,0,17,225,0,35,0
20-02 15:47:36,59.633,23.302,15.034,1.253,0,4736288,141376,168492,2935888,16834.602,6333.146,1146.561,974.176,55.123,58.130,8501,11965,2.980,2.390,1.440,3,0,459.025,0,0,17,234,0,26,0
20-02 15:47:37,51.976,22.989,21.740,3.249,0,4741172,174488,168504,2899360,13672.732,5719.378,543.751,1131.481,31.985,70.967,9632,14929,2.980,2.390,1.440,5,0,425.805,0,0,17,242,0,28,0
20-02 15:47:38,59.660,16.725,21.468,0.999,0,4907464,147264,168508,2762340,15516.721,6243.633,15.976,2831.752,2.996,45.931,5811,6497,2.980,2.390,1.440,6,0,194.708,0,0,17,244,0,28,0
20-02 15:47:39,56.890,11.278,25.563,5.764,0,4913416,166040,168508,2738024,18753.019,12126.758,1202.952,834.047,52.128,50.123,12325,22140,2.980,2.390,1.440,1,1,12.030,0,0,17,246,0,31,0
20-02 15:47:40,55.107,9.725,30.421,4.239,0,5019512,118524,168100,2680856,16421.421,8158.845,1396.379,1001.403,57.850,65.829,6250,7818,2.980,2.390,1.440,3,0,10.972,0,0,17,253,0,33,0
20-02 15:47:41,46.491,23.746,22.246,6.249,0,4969716,224872,168392,2624548,14021.382,6487.789,4475.164,5865.905,75.986,476.911,8109,8250,2.980,2.400,1.450,8,0,431.919,0,0,17,253,0,35,0
20-02 15:47:42,50.385,23.563,25.318,0.251,0,5017632,176420,168392,2625212,17435.600,8427.524,1114.980,449.201,14.038,29.078,8727,11118,2.980,2.400,1.450,3,0,448.198,0,0,17,254,0,35,0
20-02 15:47:43,65.497,18.749,13.999,1.500,0,5046144,147580,168396,2625824,12674.330,3698.804,743.961,1347.929,24.999,70.996,7543,7854,2.980,2.400,1.450,4,1,252.987,0,0,18,256,0,36,0
20-02 15:47:44,69.967,11.245,6.247,11.744,0,5168604,129164,168396,2524692,12581.029,6355.983,3494.342,511.757,189.910,25.988,5334,3863,2.980,2.400,1.450,6,0,12.994,0,0,18,257,0,35,0
20-02 15:47:45,73.698,10.457,10.457,4.482,0,5201292,155340,168432,2467244,12839.311,5701.602,1597.445,1804.594,57.763,101.583,6030,6135,2.980,2.400,1.450,4,0,19.918,0,0,18,264,0,36,0
20-02 15:47:46,48.939,15.231,33.209,1.498,0,5245136,142976,168436,2436728,11371.903,7346.893,1178.539,1610.004,32.959,153.809,6979,12092,2.980,2.410,1.460,2,0,219.728,0,0,18,269,0,38,0
20-02 15:47:47,30.131,7.784,44.192,17.576,0,5211192,209760,168444,2405304,20041.034,7729.568,570.477,15089.531,9.039,1027.462,4986,4670,2.980,2.410,1.460,5,0,11.048,0,0,18,272,0,39,0
20-02 15:47:48,43.430,11.232,41.183,3.245,0,5234660,169928,168452,2421612,16529970.238,159912.427,970.425,770.749,11.981,56.908,11089,6840,2.980,2.410,1.460,6,1,98.840,0,0,18,273,0,37,0
20-02 15:47:49,31.711,11.985,47.941,6.242,0,5251096,151416,168452,2423672,17639.318,9460.371,2393.058,9552.258,25.968,84.896,5355,5499,2.980,2.410,1.460,4,0,175.784,0,0,18,272,0,38,0
20-02 15:47:50,36.644,5.271,57.225,0.502,0,5286916,147076,168452,2393476,16186.574,11536.310,0,530.082,0,37.146,3171,2596,2.980,2.410,1.460,3,0,2.008,0,0,18,278,0,39,0
20-02 15:47:51,26.446,5.738,63.370,2.245,0,5223292,209952,168456,2394224,136764.096,5025967.016,498.975,997.950,26.945,106.781,6534,7766,2.900,2.410,1.460,2,0,38.920,0,0,18,282,0,41,0
20-02 15:47:52,2.249,0.750,93.957,0.250,0,5223308,209924,168456,2394236,294359.348,11359739.012,0,427.803,0,21.990,2150,1954,2.900,2.410,1.460,1,0,0,0,0,18,282,0,39,0
20-02 15:47:53,1.999,0.749,96.180,0.500,0,5223304,209924,168460,2394236,6964.904,539.605,0,2218.377,0,28.979,1165,1709,2.900,2.410,1.460,1,0,0,0,0,18,282,0,39,0
20-02 15:47:54,8.524,2.006,85.995,1.504,0,5227104,206100,168460,2394260,6724422.549,28745.878,0,2446.970,0,75.214,4466,4569,2.900,2.410,1.460,1,0,1.003,0,0,18,287,0,40,0
20-02 15:47:55,19.016,10.259,69.059,1.251,0,5153128,263748,168472,2410544,9830242.240,99523.390,128.110,676.580,7.006,58.050,10112,9702,2.900,2.410,1.460,1,0,173.149,0,0,18,284,0,43,0
20-02 15:47:56,16.443,10.962,70.257,0.997,0,5203768,213048,168472,2410604,7937.522,538.137,11.959,394.634,0.997,27.903,4537,4315,2.670,2.370,1.450,2,0,291.989,0,0,18,284,0,40,0
20-02 15:47:57,16.552,10.784,71.474,0.502,0,5212680,204108,168476,2410628,5710.893,541.697,4.013,365.144,1.003,23.072,4034,3326,2.670,2.370,1.450,2,0,174.547,0,0,18,284,0,40,0
20-02 15:47:58,8.987,20.221,63.158,5.742,0,5191344,225372,168476,2410692,3662.671,539.215,0,2771.967,0,382.444,6995,6115,2.670,2.370,1.450,1,0,423.384,0,0,18,284,0,40,0
20-02 15:47:59,2.743,3.491,84.538,7.731,0,5186804,229892,168476,2410712,6735.095,484.783,15.960,16334.999,0.997,57.855,2146,2384,2.670,2.370,1.450,1,0,72.817,0,0,18,288,0,40,0
20-02 15:48:00,20.291,4.008,73.400,1.503,0,5251144,165548,168480,2410712,5029.280,541.106,0,5435.109,0,152.311,2265,1893,2.670,2.370,1.450,1,0,9.018,0,0,18,288,0,38,0
20-02 15:48:01,17.023,3.254,76.604,2.003,0,5172688,243992,168480,2410736,17785.228,9486.924,64.087,240.327,4.005,25.034,2974,3002,2.460,2.330,1.440,1,0,35.048,0,0,18,292,0,39,0
20-02 15:48:02,11.232,15.724,70.884,1.498,0,5173776,242708,168484,2410896,14821.800,539.120,15.974,0,3.993,0,5326,4067,2.460,2.330,1.440,1,0,214.650,0,0,18,292,0,39,0
20-02 15:48:03,12.027,16.537,70.409,0.251,0,5155844,260092,168484,2411400,8676.635,541.225,0,144.327,0,13.029,5991,5121,2.460,2.330,1.440,2,0,260.590,0,0,18,292,0,39,0
20-02 15:48:04,20.949,6.734,67.336,3.242,0,5201880,214020,168484,2411436,7805.976,538.687,3.990,2841.076,0.998,152.628,3740,3837,2.460,2.330,1.440,2,0,94.769,0,0,18,292,0,37,0
20-02 15:48:05,24.264,3.252,67.288,5.253,0,5271360,144272,168488,2411700,5346.006,540.304,372.209,12338.938,11.006,55.031,2608,2627,2.460,2.330,1.440,2,0,4.002,0,0,18,296,0,37,0
20-02 15:48:06,23.759,3.751,67.776,3.751,0,5258152,157080,168488,2412100,3352.297,582.225,276.107,440.170,14.005,38.015,2920,2795,2.340,2.310,1.440,5,1,21.008,0,0,18,296,0,37,0
20-02 15:48:07,27.662,5.732,64.545,0.748,0,5310040,136964,168488,2381684,7419.471,484.464,27.911,283.102,4.984,19.937,3291,9047,2.340,2.310,1.440,4,0,22.927,0,0,18,296,0,38,0
20-02 15:48:08,20.030,2.754,75.613,0.751,0,5322920,124076,168488,2381692,11620.324,7701.482,0,428.639,0,44.066,2845,3042,2.340,2.310,1.440,4,0,5.007,0,0,18,300,0,37,0
20-02 15:48:09,22.475,4.745,70.921,0,0,5260188,186796,168488,2381704,7091.130,539.401,0,7.991,0,1.998,2342,1951,2.340,2.310,1.440,3,0,14.983,0,0,18,300,0,37,0
20-02 15:48:10,19.585,7.784,72.064,0,0,5249824,197012,168488,2381852,6575.643,542.362,389.697,88.385,4.017,6.026,3470,2884,2.340,2.310,1.440,1,0,129.564,0,0,18,300,0,37,0
20-02 15:48:11,10.497,17.745,69.229,1.250,0,5242108,204580,168496,2381992,3545.913,539.835,35.989,483.852,4.998,16.995,6046,5394,2.150,2.270,1.430,1,0,439.865,0,0,18,300,0,37,0
20-02 15:48:12,21.162,3.735,72.948,0.747,0,5258736,187796,168632,2382012,7740.957,1028.742,139.423,0,5.975,0,2459,2114,2.150,2.270,1.430,2,0,46.806,0,0,18,301,0,36,0
20-02 15:48:13,19.999,2.000,75.747,1.500,0,5254368,186328,168780,2387604,12757.497,2438.904,0,971.962,0,15.999,2077,1880,2.150,2.270,1.430,3,0,1.000,0,0,18,300,0,36,0
20-02 15:48:14,19.278,2.754,76.111,1.252,0,5256276,183224,168784,2388780,15217.113,3552.162,8.012,424.617,2.003,12.017,2309,2057,2.150,2.270,1.430,2,0,19.028,0,0,18,301,0,36,0
20-02 15:48:15,23.775,4.505,67.570,2.252,0,5259428,175204,169152,2393144,7436.737,660.687,32.033,1233.283,1.001,42.044,10303,18421,2.150,2.270,1.430,2,0,14.015,0,0,18,300,0,36,0
20-02 15:48:16,17.206,3.491,75.308,2.992,0,5237292,196740,169204,2393692,19036.371,3537.962,195.501,498.726,10.972,10.972,5482,9023,2.060,2.250,1.430,2,0,4.987,0,0,18,301,0,36,0
20-02 15:48:17,22.355,5.526,71.084,0,0,5242556,191344,169248,2393780,9393.154,612.881,0,168.793,0,2.009,7054,11755,2.060,2.250,1.430,2,0,15.071,0,0,18,301,0,36,0
20-02 15:48:18,14.700,12.458,68.019,2.741,0,5200588,243164,169384,2383888,5302.989,711.583,0,1646.408,0,61.790,5094,4882,2.060,2.250,1.430,2,0,269.086,0,0,18,300,0,36,0
20-02 15:48:19,23.512,3.752,67.285,4.752,0,5246944,196628,169384,2384068,3759.955,540.281,0,2761.436,0,408.212,2639,2280,2.060,2.250,1.430,2,0,1.001,0,0,18,300,0,36,0
20-02 15:48:20,15.781,4.509,77.401,1.002,0,5222240,221284,169384,2384116,18011.097,10828.100,20.039,144.281,2.004,7.014,2856,2605,2.060,2.250,1.430,2,0,48.094,0,0,18,300,0,39,0
20-02 15:48:21,21.166,5.976,71.467,0,0,5284248,159252,169384,2384124,7000.303,537.872,0,3.984,0,0.996,2781,2401,1.970,2.220,1.430,1,0,67.732,0,0,18,300,0,39,0
20-02 15:48:22,17.084,5.527,76.628,0,0,5257048,186444,169384,2384132,17990.695,9155.135,0,0,0,0,2910,2682,1.970,2.220,1.430,2,0,70.347,0,0,18,300,0,40,0
20-02 15:48:23,19.676,2.989,75.964,0,0,5309384,134104,169384,2384136,9660.590,6098.017,0,63.760,0,3.985,2217,2112,1.970,2.220,1.430,1,0,0,0,0,18,301,0,40,0
20-02 15:48:24,19.256,6.252,73.521,0.750,0,5302864,140572,169384,2384188,20348.867,7987.303,32.009,128.037,2.001,1.000,2908,2550,1.970,2.220,1.430,2,0,57.016,0,0,18,300,0,41,0
20-02 15:48:25,20.218,3.245,73.882,0.749,0,5289164,179208,169384,2359908,15008.127,6243.069,31.949,283.549,1.997,22.963,2601,2712,1.970,2.220,1.430,2,0,1.997,0,0,18,301,0,41,0
20-02 15:48:26,22.558,4.762,72.185,0.501,0,5255560,212800,169384,2359920,8788.475,5060.942,0,160.410,0,10.026,2988,2693,2.060,2.240,1.440,2,0,32.082,0,0,18,300,0,44,0
20-02 15:48:27,21.255,3.501,73.766,0,0,5268284,199940,169384,2360056,12140.692,8340.850,0,4.001,0,1.000,4061,5545,2.060,2.240,1.440,1,0,1.000,0,0,18,301,0,44,0
20-02 15:48:28,19.724,5.743,69.410,3.745,0,5215488,252516,169384,2360276,11482.114,3633.290,63.917,627.187,3.995,62.918,4007,4436,2.060,2.240,1.440,1,0,52.931,0,0,18,300,0,45,0
20-02 15:48:29,20.514,2.752,75.803,0.250,0,5248448,219544,169384,2360288,11236.854,6257.374,0,260.182,0,20.014,2338,2135,2.060,2.240,1.440,2,0,0,0,0,18,301,0,44,0
20-02 15:48:30,20.752,5.000,72.755,0,0,5278656,189320,169384,2360304,11610.850,4994.366,0,480.035,0,21.002,3003,2805,2.060,2.240,1.440,3,0,32.002,0,0,18,300,0,47,0
20-02 15:48:31,17.480,1.998,79.161,0.250,0,5293936,174032,169384,2360312,13945.246,8329.590,0,175.801,0,9.989,2123,1970,1.970,2.220,1.430,1,0,0,0,0,18,301,0,47,0
20-02 15:48:32,11.493,7.746,74.707,4.497,0,5280280,186496,169900,2360988,13772.155,4760.288,1047.403,539.693,216.876,44.974,4383,4822,1.970,2.220,1.430,2,0,179.898,0,0,18,302,0,48,0
20-02 15:48:33,3.503,2.252,91.826,2.002,0,5267736,198800,170004,2361124,23524.419,3240.675,156.129,384.317,39.032,35.029,1847,2389,1.970,2.220,1.430,2,0,14.012,0,0,18,300,0,43,0
20-02 15:48:34,6.263,6.263,85.427,1.002,0,5256280,210240,170004,2361140,9831.328,3943.153,0,565.169,0,53.110,3259,3668,1.970,2.220,1.430,1,2,146.303,0,0,18,302,0,44,0
20-02 15:48:35,13.747,8.248,68.237,8.248,0,5277312,188116,170052,2362184,9609.138,539.895,1083.790,2171.579,121.976,317.938,4297,3983,1.970,2.220,1.430,2,1,180.965,0,0,18,302,0,44,0
20-02 15:48:36,12.701,3.985,71.225,10.709,0,5267716,182568,170604,2376712,9638.734,537.920,6259.798,1832.914,445.278,105.592,2595,2788,1.890,2.200,1.430,2,0,1.992,0,0,18,302,0,44,0
20-02 15:48:37,17.035,2.255,74.905,3.758,0,5283732,158848,170808,2384084,11051.869,3641.535,873.808,1146.372,11.023,23.048,2350,2264,1.890,2.200,1.430,1,0,16.033,0,0,18,304,0,40,0
20-02 15:48:38,14.496,6.248,72.481,5.499,0,5232892,207640,170816,2386108,12930.554,1880.499,963.743,3391.096,15.996,116.969,3700,3878,1.890,2.200,1.430,1,0,63.983,0,0,18,302,0,40,0
20-02 15:48:39,14.799,12.040,70.484,1.505,0,5241172,199384,170820,2386080,5976.872,583.941,4.013,493.641,1.003,33.110,4563,4158,1.890,2.200,1.430,1,0,241.804,0,0,18,302,0,40,0
20-02 15:48:40,19.937,2.243,76.756,0,0,5276152,164396,170820,2386088,14807.886,6893.068,0,183.416,0,30.902,2218,1929,1.890,2.200,1.430,2,0,0,0,0,18,303,0,41,0
20-02 15:48:41,21.563,5.516,71.711,0,0,5261144,179384,170820,2386108,24061.720,16751.234,0,228.672,0,6.018,2884,2440,1.820,2.180,1.430,1,0,47.139,0,0,18,302,0,33,0
20-02 15:48:42,17.228,2.497,76.151,2.996,0,5260920,179336,170820,2386380,11503.096,8107.496,255.669,215.721,15.979,29.961,2343,2343,1.820,2.180,1.430,2,0,0,0,0,18,303,0,34,0
20-02 15:48:43,21.447,4.239,72.570,0.499,0,5233984,206108,170820,2386544,10397.147,1811.496,159.603,0,9.975,0,2472,2108,1.820,2.180,1.430,1,0,13.965,0,0,18,302,0,35,0
20-02 15:48:44,16.569,2.762,78.578,2.762,0,5248072,191000,170820,2387564,12640.843,7214.158,1028.299,281.175,37.155,32.134,2478,2781,1.820,2.180,1.430,3,0,1.004,0,0,18,305,0,35,0
20-02 15:48:45,19.972,4.743,64.159,7.739,0,5217708,220012,170820,2388916,11753.328,1722.557,1134.391,1441.955,52.925,158.775,5477,7913,1.820,2.180,1.430,2,0,5.992,0,0,18,306,0,34,0
20-02 15:48:46,20.426,3.238,70.744,4.235,0,5247172,190540,170820,2388924,12990.996,6230.457,0,2909.473,0,166.398,2622,2705,1.760,2.160,1.430,2,0,0,0,0,18,307,0,34,0
20-02 15:48:47,20.037,3.757,72.133,2.755,0,5247976,189532,170820,2389128,13917.610,5703.495,160.295,945.740,6.011,101.186,4874,6514,1.760,2.160,1.430,2,0,0,0,0,18,306,0,35,0
20-02 15:48:48,11.792,19.821,66.487,1.254,0,5211196,226284,170820,2389156,6818.273,541.929,0,1079.844,0,72.257,7132,7078,1.760,2.160,1.430,1,0,632.251,0,0,18,306,0,35,0
20-02 15:48:49,9.741,22.230,66.940,0.500,0,5231740,205672,170820,2389208,2723.562,539.517,0,699.374,0,49.955,7529,7483,1.760,2.160,1.430,1,0,701.372,0,0,18,306,0,31,0
20-02 15:48:50,7.995,20.486,65.455,4.247,0,5217972,219408,170820,2389240,5285.369,539.629,0,2254.451,0,347.761,6956,6400,1.760,2.160,1.430,2,0,634.564,0,0,18,306,0,31,0
20-02 15:48:51,9.756,22.014,66.041,1.751,0,5219264,218080,170820,2389272,8469.280,540.337,0,3902.433,0,141.088,7687,7514,1.700,2.140,1.420,3,0,700.437,0,0,18,306,0,31,0
20-02 15:48:52,9.257,21.765,67.548,0,0,5212044,225260,170820,2389312,4711.333,540.382,0,224.159,0,23.016,7287,6803,1.700,2.140,1.420,1,0,664.470,0,0,18,306,0,31,0
20-02 15:48:53,24.655,18.927,53.544,1.494,0,5239904,199044,170844,2387644,6904.390,484.134,549.881,35.862,10.958,6.973,6263,5666,1.700,2.140,1.420,2,1,512.027,0,0,18,306,0,28,0
20-02 15:48:54,31.611,9.533,57.200,0.753,0,5247072,282764,171492,2307744,6299.026,541.895,537.881,8.028,10.035,2.007,3187,2359,1.700,2.140,1.420,1,0,9.032,0,0,18,306,0,28,0
20-02 15:48:55,17.668,1.493,75.153,4.728,0,5245416,282516,171608,2309532,14892.170,4192.622,51.761,3384.358,7.963,11.945,2267,2127,1.700,2.140,1.420,5,0,15.926,0,0,18,307,0,28,0
20-02 15:48:56,14.293,1.505,77.987,5.266,0,5255760,271176,171608,2310528,20857.384,10962.314,814.475,1428.341,56.171,45.137,2116,2122,1.640,2.120,1.420,2,0,0,0,0,18,307,0,28,0
20-02 15:48:57,12.978,1.497,77.869,6.489,0,5262036,263868,171608,2311552,20492.624,11712.353,543.089,1533.428,53.910,56.905,2093,2332,1.640,2.120,1.420,2,0,0,0,0,18,307,0,28,0
20-02 15:48:58,16.742,1.749,73.716,6.747,0.250,5281744,242952,171608,2312756,13156.886,6946.772,1079.498,1383.357,48.977,75.965,2180,2379,1.640,2.120,1.420,1,1,0,0,0,18,307,0,24,0
20-02 15:48:59,15.754,1.500,77.770,4.001,0,5294116,229416,171608,2313912,23611.123,10640.759,896.232,1312.340,57.015,52.013,2049,2047,1.640,2.120,1.420,2,0,0,0,0,18,307,0,24,0
20-02 15:49:00,12.514,1.752,76.336,8.009,0,5292584,213932,171608,2330924,17153.417,8582.715,8177.256,1073.215,110.125,33.037,1972,2082,1.640,2.120,1.420,4,0,0,0,0,18,307,0,24,0
20-02 15:49:01,16.510,3.252,72.295,7.255,0,5303972,180800,172212,2352048,7630.751,486.303,6828.252,1384.862,88.055,48.030,2311,2247,1.590,2.100,1.420,2,0,1.001,0,0,18,307,0,24,0
20-02 15:49:02,21.460,2.495,71.118,3.244,0,5300768,163336,173100,2371564,5982.871,538.997,0,1489.230,0,41.922,2460,2307,1.590,2.100,1.420,2,0,0,0,0,18,307,0,23,0
20-02 15:49:03,23.774,2.503,71.822,1.502,0,5330000,125316,173320,2379884,7771.838,540.545,0,884.892,0,33.033,2615,2514,1.590,2.100,1.420,2,1,1.001,0,0,18,307,0,23,0
20-02 15:49:04,19.260,2.501,70.787,6.003,0,5298740,134760,174052,2400656,4978.617,540.284,0,2705.422,0,135.071,2802,3127,1.590,2.100,1.420,2,0,2.001,0,0,18,307,0,23,0
20-02 15:49:05,17.761,2.752,71.545,6.504,0,5291248,154620,174880,2387744,3772.368,540.339,0,2033.276,0,83.052,2398,2457,1.590,2.100,1.420,2,0,0,0,0,18,307,0,23,0
20-02 15:49:06,16.989,2.249,69.707,10.493,0,5290188,139824,175492,2403220,6926.694,539.665,0,5604.516,0,257.840,2412,2323,1.620,2.100,1.420,1,0,0,0,0,18,307,0,23,0
20-02 15:49:07,10.273,4.510,54.871,28.563,0,5288268,164488,175660,2381052,7884.352,541.191,32.071,20577.287,1.002,363.801,3202,10383,1.620,2.100,1.420,1,1,36.079,0,0,18,307,0,24,0
20-02 15:49:08,23.648,3.983,68.952,2.489,0,5228956,239588,175800,2365232,5347.890,657.160,3.983,1362.114,0.996,57.750,2953,2910,1.620,2.100,1.420,3,0,18.918,0,0,18,306,0,24,0
20-02 15:49:09,16.760,2.251,75.294,5.253,0,5246212,217920,175800,2369644,12905.580,2821.657,0,1148.675,0,15.009,2040,1889,1.620,2.100,1.420,4,0,17.010,0,0,18,306,0,24,0
20-02 15:49:10,19.504,2.751,76.016,0,0,5245600,217204,175800,2370940,11161.297,2573.530,0,0,0,0,2396,2190,1.620,2.100,1.420,2,0,18.004,0,0,18,307,0,22,0
20-02 15:49:11,21.323,4.014,70.491,2.509,0,5241716,215064,175800,2376180,11256.531,1619.544,0,1208.135,0,18.062,10506,19529,1.570,2.080,1.420,1,0,11.038,0,0,18,306,0,22,0
20-02 15:49:12,21.705,5.239,68.358,1.996,0,5244772,211536,175800,2376568,5411.792,538.884,0,1520.850,0,4.990,10755,19567,1.570,2.080,1.420,2,0,15.967,0,0,18,306,0,22,0
20-02 15:49:13,20.765,5.004,71.803,1.251,0,5221340,246956,175812,2365340,3850.817,540.395,0,1016.744,0,24.018,2405,2069,1.570,2.080,1.420,1,0,12.009,0,0,18,306,0,22,0
20-02 15:49:14,23.728,5.245,68.437,0.250,0,5213448,254824,175820,2365356,6629.913,539.505,0,143.868,0,6.994,11148,20134,1.570,2.080,1.420,3,0,53.950,0,0,18,306,0,22,0
20-02 15:49:15,19.259,3.502,76.285,0.500,0,5252996,215264,175820,2365368,15908.370,2689.246,0,316.146,0,4.002,2430,2166,1.570,2.080,1.420,2,0,33.015,0,0,18,307,0,22,0
20-02 15:49:16,22.752,3.000,72.007,0.500,0,5239992,222576,175820,2371060,7570.734,660.064,0,596.058,0,6.001,2349,2005,1.530,2.060,1.420,4,0,3.000,0,0,18,306,0,22,0
20-02 15:49:17,18.723,3.495,75.393,1.248,0,5246868,209852,175820,2376140,16975.941,3641.839,0,1182.324,0,17.975,4428,6451,1.530,2.060,1.420,2,0,21.969,0,0,18,306,0,22,0
20-02 15:49:18,25.022,6.506,63.306,3.503,0,5248672,207388,175820,2376736,6622.830,540.476,32.028,1505.325,1.001,83.073,16939,32396,1.530,2.060,1.420,1,0,22.019,0,0,18,306,0,22,0
20-02 15:49:19,20.053,5.515,72.192,1.504,0,5207072,260800,175836,2365452,8450.486,541.441,0,737.964,0,34.091,2569,2514,1.530,2.060,1.420,1,0,9.024,0,0,18,306,0,22,0
20-02 15:49:20,23.753,3.250,70.759,0.750,0,5212112,255920,175836,2365436,8633.070,540.067,0,696.086,0,20.002,2754,2361,1.530,2.060,1.420,1,0,39.005,0,0,18,306,0,22,0
20-02 15:49:21,21.874,4.474,70.593,1.243,0,5221712,237856,176388,2373348,5134.408,578.665,0,524.974,0,23.862,3222,3135,1.480,2.040,1.410,1,0,78.547,0,0,18,306,0,22,0
20-02 15:49:22,19.797,2.005,75.179,2.005,0,5221316,235168,176568,2376040,12511.752,3416.123,4.010,1535.652,1.002,139.331,2345,2020,1.480,2.040,1.410,1,0,16.038,0,0,18,307,0,18,0
20-02 15:49:23,15.755,1.501,78.277,3.501,0,5233836,222316,176568,2376284,26860.147,12288.184,0,1468.500,0,46.016,2092,2088,1.480,2.040,1.410,1,0,0,0,0,18,307,0,18,0
20-02 15:49:24,10.502,1.750,81.015,5.751,0,5236940,218564,176636,2376760,147217.767,13253.500,0,1472.278,0,51.010,1996,2117,1.480,2.040,1.410,1,0,1.000,0,0,18,308,0,18,0
20-02 15:49:25,16.010,1.001,77.296,4.253,0,5268360,186812,176668,2376972,35176.944,9525.671,0,1280.763,0,45.027,2068,2024,1.480,2.040,1.410,2,0,2.001,0,0,18,308,0,18,0
20-02 15:49:26,16.744,1.250,77.473,3.749,0,5268016,186812,176668,2377244,25251.310,13042.512,0,1727.406,0,66.977,2290,2387,1.440,2.020,1.410,2,0,0,0,0,18,308,0,14,0
20-02 15:49:27,12.998,1.000,79.988,3.999,0,5277268,176760,176840,2377720,329244.008,16526.440,0,2331.639,0,94.985,2291,2343,1.440,2.020,1.410,2,0,0,0,0,18,308,0,14,0
20-02 15:49:28,9.485,2.746,72.382,13.478,0,5277732,175752,176996,2378004,81415.005,13091.614,63.896,5610.834,5.990,157.742,2497,3164,1.440,2.020,1.410,1,1,5.990,0,0,18,308,0,14,0
20-02 15:49:29,16.045,3.510,69.445,10.530,0,5284904,159436,176996,2387044,14238.005,8475.815,104.293,8969.201,6.017,106.299,3645,5470,1.440,2.020,1.410,6,0,1.003,0,0,18,308,0,14,0
20-02 15:49:30,7.258,2.252,80.086,8.759,0,5287076,142524,177068,2401612,7583484.101,67174.406,0,6426.927,0,52.056,4909,3651,1.440,2.020,1.410,0,0,4.004,0,0,18,308,0,10,0
20-02 15:49:31,11.977,2.745,74.106,8.733,0,5269432,164052,177200,2398432,10201155.028,89134.339,195.619,13094.488,5.988,78.846,6372,4579,1.410,2.010,1.410,2,0,0.998,0,0,18,308,0,12,0
20-02 15:49:32,15.986,3.247,70.188,10.241,0,5282952,138224,179320,2406784,6818.990,539.525,0,4208.291,0,225.801,2417,2362,1.410,2.010,1.410,2,1,0.999,0,0,18,308,0,12,0
20-02 15:49:33,20.734,2.998,69.195,5.745,0,5299056,137792,180908,2388624,4466.474,539.574,0,2270.208,0,41.967,2427,2526,1.410,2.010,1.410,2,0,0.999,0,0,18,308,0,12,0
20-02 15:49:34,20.290,3.256,54.108,21.042,0,5289672,132120,181232,2402540,7532.980,541.076,0,9635.161,0,177.353,3052,3355,1.410,2.010,1.410,0,4,2.004,0,0,18,308,0,10,0
20-02 15:49:35,14.211,3.490,62.827,18.200,0,5315012,133664,181352,2376100,7660.956,538.521,0,21891.866,0,197.458,2592,2670,1.410,2.010,1.410,1,1,0,0,0,18,308,0,10,0
20-02 15:49:36,6.510,2.754,65.100,24.037,0,5302596,133664,181528,2388252,5707.762,540.830,0,21104.396,0,182.280,2139,2487,1.460,2.010,1.410,1,1,0,0,0,18,308,0,10,0
20-02 15:49:37,5.748,1.999,68.725,21.492,0,5300700,133440,181684,2389968,4410.421,539.807,0,17337.792,0,175.937,2115,2501,1.460,2.010,1.410,3,0,1.000,0,0,18,308,0,10,0
20-02 15:49:38,5.502,3.251,56.768,33.761,0,5290224,173172,181780,2361396,8623.744,486.155,16.005,22279.089,1.000,150.048,2231,2890,1.460,2.010,1.410,1,2,0,0,0,18,308,0,9,0
20-02 15:49:39,11.262,1.502,57.814,28.031,0,5290960,166524,182148,2366856,6908.619,540.596,0,17907.749,0,348.384,2137,2142,1.460,2.010,1.410,2,0,0,0,0,18,308,0,9,0
20-02 15:49:40,15.975,3.245,69.390,10.483,0,5295096,121692,182728,2404876,8385.761,539.149,0,1433.737,0,50.920,2196,2150,1.460,2.010,1.410,1,1,0,0,0,18,308,0,9,0
20-02 15:49:41,20.005,2.000,70.766,5.251,0,5292012,134508,183292,2394100,8263.912,540.125,0,1460.338,0,63.015,2525,2424,1.420,1.990,1.410,3,0,0,0,0,18,308,0,9,0
20-02 15:49:42,21.532,3.004,71.356,2.754,0,5316396,142624,184584,2361336,8156.075,540.801,0,1626.408,0,19.028,2319,2096,1.420,1.990,1.410,3,0,0,0,0,18,308,0,9,0
20-02 15:49:43,18.995,2.499,70.231,7.248,0,5311736,121636,185444,2384904,5246.616,539.858,0,2647.302,0,201.947,2472,2439,1.420,1.990,1.410,3,0,0,0,0,18,308,0,5,0
20-02 15:49:44,16.719,2.745,74.860,4.492,0,5322300,165852,186068,2329900,18519.296,3218.968,0,1796.633,0,66.875,2345,2358,1.420,1.990,1.410,3,0,0.998,0,0,18,306,0,5,0
20-02 15:49:45,24.290,3.255,71.867,0,0.250,5258780,229472,186072,2329908,7667.528,540.884,0,56.092,0,5.008,2534,2085,1.420,1.990,1.410,2,0,19.031,0,0,18,306,0,5,0
20-02 15:49:46,17.226,2.247,76.395,2.996,0,5270600,212284,186072,2335008,12826.289,2882.020,0,1398.070,0,8.988,2166,1987,1.390,1.970,1.410,3,0,16.977,0,0,18,306,0,5,0
20-02 15:49:47,19.242,2.999,74.717,1.749,0,5267128,214988,186072,2335628,11588.920,3417.502,0,475.791,0,14.993,2496,2424,1.390,1.970,1.410,3,0,17.992,0,0,18,307,0,4,0
20-02 15:49:48,22.272,5.255,66.316,4.004,0,5253816,222016,186072,2340996,7855.773,714.707,0,2070.048,0,89.088,11504,21147,1.390,1.970,1.410,2,0,15.015,0,0,18,306,0,4,0
20-02 15:49:49,23.296,6.012,64.877,3.757,0,5273284,202332,186072,2341160,7307.283,541.058,0,2452.794,0,34.067,11549,20611,1.390,1.970,1.410,2,0,11.022,0,0,18,306,0,4,0
20-02 15:49:50,20.221,6.241,71.649,1.248,0,5272916,202504,186072,2341324,7292.703,539.239,0,475.329,0,9.986,2254,1849,1.390,1.970,1.410,1,0,9.986,0,0,18,306,0,4,0
20-02 15:49:51,21.513,4.253,69.792,2.752,0,5231820,255372,186144,2330644,5635.417,540.328,228.138,1604.973,3.002,40.024,2538,2395,1.350,1.960,1.410,1,0,6.004,0,0,18,306,0,3,0
20-02 15:49:52,23.206,4.492,68.870,2.495,0,5245788,238256,186512,2333272,5263.089,580.906,351.338,2024.188,10.979,77.853,4711,6145,1.350,1.960,1.410,3,1,0,0,0,18,307,0,7,0
20-02 15:49:53,30.944,6.987,50.658,10.730,0,5287344,195848,186512,2334124,9348.956,539.017,1245.729,1844.637,45.916,230.580,6878,10283,1.350,1.960,1.410,2,0,8.984,0,0,18,308,0,8,0
20-02 15:49:54,20.619,18.356,54.565,5.532,0,5215856,266280,186512,2335180,5528.952,488.825,1508.719,2800.182,13.076,367.122,6209,5619,1.350,1.960,1.410,1,0,436.523,0,0,18,310,0,8,0
20-02 15:49:55,8.219,3.985,59.772,25.901,0,5193080,288212,186588,2335956,5015.905,537.952,832.830,9882.380,80.693,98.625,2257,2494,1.350,1.960,1.410,1,1,19.924,0,0,18,308,0,10,0
20-02 15:49:56,5.250,3.000,67.004,22.251,0,5187592,256480,186588,2373152,6739.446,540.036,37214.463,5036.333,2581.171,166.011,4967,7810,1.330,1.940,1.400,0,1,0,0,0,18,308,0,10,0
20-02 15:49:57,6.010,3.005,85.147,5.760,0,5189744,249836,186600,2377640,7681.300,1557.697,4491.777,1073.859,850.473,22.038,2570,3724,1.330,1.940,1.400,2,0,6.010,0,0,18,309,0,10,0
20-02 15:49:58,1.746,0.998,95.032,0,0,5180676,258904,186600,2377640,48567.620,2527.204,0,383.121,0,33.922,1487,2171,1.330,1.940,1.400,3,0,0,0,0,18,309,0,10,0
20-02 15:49:59,3.259,0.752,91.498,4.011,0,5179300,260060,186600,2377860,58254.188,2236.072,184.501,192.523,5.014,26.071,1321,1735,1.330,1.940,1.400,0,0,2.005,0,0,18,309,0,10,0
20-02 15:50:00,4.992,1.997,89.614,1.747,0,5143372,295256,186692,2378496,234227.129,127924.186,255.613,886.657,12.980,18.971,1935,2079,1.330,1.940,1.400,1,0,12.980,0,0,18,308,0,10,0
20-02 15:50:01,1.749,1.250,96.716,0,0,5143372,295256,186692,2378496,9033.798,0,0,0,0,0,1110,1622,1.220,1.910,1.400,1,0,0,0,0,18,308,0,10,0
20-02 15:50:02,9.265,2.254,87.144,0.250,0,5149084,289540,186696,2378496,283705.677,8752.459,4.007,0,1.002,0,2204,2124,1.220,1.910,1.400,2,0,11.018,0,0,18,308,0,10,0
20-02 15:50:03,10.481,4.242,81.103,0.998,0,5152872,285428,186712,2378804,291845.031,13639.279,171.689,866.430,7.986,50.908,3496,3400,1.220,1.910,1.400,2,0,33.938,0,0,18,308,0,10,0
20-02 15:50:04,15.027,7.513,74.383,3.005,0,5155800,277188,186716,2384012,151654.957,3999.172,296.532,685.229,49.088,46.083,3621,3471,1.220,1.910,1.400,1,1,44.079,0,0,18,308,0,10,0
