"pcp-dstat 6.2.0 CSV Output"
"Author:","PCP team <pcp@groups.io> and Dag Wieers <dag@wieers.com>",,,,"URL:","https://pcp.io/ and http://dag.wieers.com/home-made/dstat/"
"Host:","ubuntu",,,,"User:","ubuntu"
"Cmdline:","dstat -tcmndrylpg --tcp --output /tmp/devstack_logs/dstat-csv.log",,,,"Date:","19 Feb 2026 16:54:25 UTC"
"system","total usage",,,,,"memory usage",,,,"net/total",,"dsk/total",,"io/total",,"system",,"load avg",,,"procs",,,"paging",,"tcp sockets",,,,
"time","total usage:usr","total usage:sys","total usage:idl","total usage:wai","total usage:stl","used","free","buf","cach","net/total:recv","net/total:send","dsk/total:read","dsk/total:writ","read","writ","int","csw","1m","5m","15m","run","blk","new","in","out","lis","act","syn","tim","clo"
19-02 16:54:25,,1048140,1458528,163808,5148392,,,,,,,1.190,0.690,0.480,2,0,,,,10,7,0,17,0
19-02 16:54:26,18.755,20.755,54.264,5.751,0,997420,1505056,164020,5152100,1854073.228,29432.608,0,5069.310,0,123.032,7537,6745,1.170,0.690,0.480,1,1,591.153,0,0,10,6,0,17,0
19-02 16:54:27,25.973,17.981,51.696,3.247,0,1012164,1489824,164112,5152444,18175.001,7700.950,0,2013.895,0,48.949,5773,5750,1.170,0.690,0.480,3,0,387.595,0,0,10,6,0,17,0
19-02 16:54:28,27.490,10.246,58.728,2.749,0,1134916,1366164,164228,5277844,40863.827,11145.861,0,1443.464,0,45.983,5094,7671,1.170,0.690,0.480,1,0,150.944,0,0,11,5,0,17,1
19-02 16:54:29,25.458,7.488,60.400,5.491,0,1170496,1330160,164308,5278084,19006.589,10030.423,0,1289.868,0,41.931,3325,2403,1.170,0.690,0.480,2,0,105.825,0,0,11,6,0,17,2
19-02 16:54:30,27.826,10.027,54.398,6.518,0,1186936,1294456,164504,5296308,174405.333,8232.390,192.524,2310.283,8.022,60.164,4223,3313,1.170,0.690,0.480,3,0,181.494,0,0,11,6,0,19,2
19-02 16:54:31,40.408,6.236,47.641,5.238,0,1259188,1202136,165676,5311484,7107.740,538.768,367.160,2418.468,12.970,60.861,3001,1785,1.240,0.720,0.490,2,0,0,0,0,11,6,0,19,2
19-02 16:54:32,28.012,4.002,46.269,20.258,0,1269148,1176836,165928,5324968,5640.363,540.226,16.007,10048.209,1.000,265.111,3726,4544,1.240,0.720,0.490,2,1,4.002,0,0,11,8,0,19,2
19-02 16:54:33,21.536,4.007,42.321,31.052,0,1298492,1138056,166292,5333160,3843.483,540.912,0,11735.795,0,637.075,5222,8252,1.240,0.720,0.490,0,2,6.010,0,0,11,8,0,19,2
19-02 16:54:34,15.709,3.491,43.385,34.908,0,1290532,1127820,166820,5349504,7445.333,538.577,0,10939.104,0,618.367,5115,8084,1.240,0.720,0.490,1,1,0,0,0,11,8,0,19,2
19-02 16:54:35,16.250,3.750,40.249,38.249,0,1282852,1126112,167388,5357196,5447.903,485.991,0,13215.765,0,876.984,5739,9412,1.240,0.720,0.490,0,3,18.000,0,0,11,8,0,19,2
19-02 16:54:36,11.751,3.500,34.503,47.504,0,1277084,1124472,167888,5362956,8689.713,540.044,0,12745.046,0,705.058,4392,6799,1.460,0.770,0.510,0,2,1.000,0,0,11,8,0,19,2
19-02 16:54:37,11.252,2.751,34.006,49.509,0,1271576,1121980,168212,5369944,5612.023,540.098,0,10209.861,0,667.122,3936,6084,1.460,0.770,0.510,0,2,9.002,0,0,11,8,0,19,2
19-02 16:54:38,16.991,3.748,40.979,36.731,0,1274312,1099396,168892,5387516,7196.368,539.728,0,9423.244,0,733.630,4987,7611,1.460,0.770,0.510,4,0,8.995,0,0,11,8,0,19,2
19-02 16:54:39,15.041,3.259,37.101,42.616,0,1274400,1092156,169464,5393192,9207.113,541.477,0,12987.424,0,888.423,5234,8475,1.460,0.770,0.510,1,1,6.016,0,0,11,8,0,19,2
19-02 16:54:40,17.226,2.996,49.180,28.460,0,1191048,1190776,169712,5377712,13514.832,3258.379,0,6550.709,0,544.228,4298,6597,1.460,0.770,0.510,2,1,4.993,0,0,11,6,0,19,0
19-02 16:54:41,20.478,5.244,39.209,33.215,0,1233288,1147688,169848,5378412,12775.532,1680.229,0,10197.250,0,722.239,5123,7737,1.580,0.810,0.520,2,2,32.965,0,0,11,7,0,19,0
19-02 16:54:42,15.753,3.501,36.256,43.007,0,1250236,1124376,170008,5383992,8686.465,1678.283,0,12522.112,0,1172.198,4442,6780,1.580,0.810,0.520,0,4,10.002,0,0,11,6,0,19,0
19-02 16:54:43,18.499,4.000,37.998,38.498,0,1287888,1085936,170052,5384636,8758.571,1561.923,0,17807.128,0,305.985,3005,3271,1.580,0.810,0.520,0,3,20.999,0,0,11,7,0,19,0
19-02 16:54:44,17.544,4.010,38.347,38.347,0,1276716,1090340,170584,5389892,15187.424,2577.521,0,14753.326,0,779.973,5199,7981,1.580,0.810,0.520,2,1,18.046,0,0,11,6,0,19,0
19-02 16:54:45,41.011,10.253,40.761,5.502,0,1194460,1171616,170752,5390536,3728.028,540.149,0,3921.081,0,194.054,18550,34151,1.580,0.810,0.520,4,0,91.025,0,0,11,4,0,19,0
19-02 16:54:46,39.705,7.991,44.950,6.243,0,1222480,1154860,170840,5380040,3256.344,581.347,0,3468.106,0,141.841,5129,6342,1.620,0.830,0.530,2,0,15.982,0,0,11,4,0,17,0
19-02 16:54:47,44.793,6.006,46.044,2.502,0,1177772,1200584,170852,5379412,7837.496,540.517,0,1969.884,0,86.082,3314,1935,1.620,0.830,0.530,2,1,36.034,0,0,11,4,0,17,0
19-02 16:54:48,28.991,4.998,55.733,9.747,0,1187132,1191232,170900,5379428,8762.268,539.832,0,5178.385,0,301.906,3131,2954,1.620,0.830,0.530,1,0,49.984,0,0,11,4,0,17,0
19-02 16:54:49,10.479,16.717,71.607,0,0,1078108,1300204,170900,5379460,7646.720,538.923,0,2447.110,0,32.934,5106,3844,1.620,0.830,0.530,0,0,316.368,0,0,11,4,0,17,0
19-02 16:54:50,9.999,19.998,68.492,0,0,1048424,1329712,170900,5379968,4932.460,485.947,0,9079.006,0,99.989,5984,4835,1.620,0.830,0.530,4,0,406.955,0,0,11,4,0,13,0
19-02 16:54:51,29.498,14.749,54.496,0.250,0,1127748,1242864,170900,5387556,8467.390,539.961,7447.464,0,74.995,0,5464,7200,1.810,0.880,0.550,2,0,249.982,0,0,11,5,0,13,0
19-02 16:54:52,46.248,4.250,48.998,0,0,1215408,1154916,170908,5387836,5178.740,633.968,19.999,95.995,4.000,9.000,2595,1201,1.810,0.880,0.550,2,0,0,0,0,11,5,0,13,0
19-02 16:54:53,40.269,7.754,50.274,1.751,0,1247576,1121564,170908,5389004,3507.645,540.253,492.231,748.351,6.003,64.030,2699,1489,1.810,0.880,0.550,2,0,0,0,0,11,5,0,13,0
19-02 16:54:54,19.988,6.496,69.459,2.748,0,1257124,1110040,170928,5390912,4013.607,539.678,0,5072.976,0,110.934,3205,4710,1.810,0.880,0.550,0,0,117.930,0,0,11,4,0,13,0
19-02 16:54:55,18.489,3.998,76.956,0,0,1322900,1044296,170928,5390916,11549.324,539.688,0,7451.692,0,151.912,2081,1744,1.810,0.880,0.550,1,0,22.987,0,0,11,4,0,13,0
19-02 16:54:56,23.513,4.002,69.038,3.252,0,1356408,1010780,170932,5390916,7616.163,540.295,0,19774.810,0,183.100,2001,1648,1.740,0.880,0.550,1,0,1.001,0,0,11,4,0,13,0
19-02 16:54:57,18.498,2.500,66.491,10.999,0,1375980,990872,171024,5391156,10426.659,539.931,0,2923.624,0,264.966,3957,5625,1.740,0.880,0.550,1,1,1.000,0,0,11,10,0,13,0
19-02 16:54:58,19.060,5.267,70.723,4.013,0,1321200,1044872,171312,5391620,6725.221,487.538,734.317,1340.229,29.092,84.266,2237,1942,1.740,0.880,0.550,1,0,42.133,0,0,11,4,0,13,0
19-02 16:54:59,18.935,1.993,76.739,1.246,0,1341384,1024460,171316,5391816,12404.731,4604.311,3.986,1156.061,0.997,35.878,2394,2447,1.740,0.880,0.550,3,1,0.997,0,0,11,17,0,13,0
19-02 16:55:00,18.258,4.002,73.033,3.502,0,1344124,1021360,171356,5392064,26168.750,4889.195,268.120,1244.559,66.030,10.004,2837,2298,1.740,0.880,0.550,1,0,45.020,0,0,11,28,0,14,0
19-02 16:55:01,21.250,4.500,69.251,4.500,0,1362488,1002980,171356,5392072,21978.392,2506.045,0,3572.064,0,42.001,2212,1663,1.680,0.890,0.560,0,1,3.000,0,0,11,29,0,14,0
19-02 16:55:02,15.246,6.498,58.985,18.745,0,1342188,1023108,171376,5392224,13574.442,5425.578,0,20750.562,0,254.933,3228,3174,1.680,0.890,0.560,1,1,67.982,0,0,11,28,0,15,0
19-02 16:55:03,39.840,15.785,36.582,7.016,0,1464984,900236,171396,5392232,7127.018,541.216,0,12484.057,0,285.642,4795,3730,1.680,0.890,0.560,5,0,272.613,0,0,11,28,0,15,0
19-02 16:55:04,34.391,7.725,55.573,1.994,0,1487572,877488,171408,5392296,19048.456,15135.892,0,1870.056,0,90.712,6215,7622,1.680,0.890,0.560,3,0,149.525,0,0,11,30,0,15,0
19-02 16:55:05,51.968,23.599,24.101,0,0,1496760,868240,171432,5392340,11419.001,4409.536,0,622.617,0,47.198,6871,7609,1.680,0.890,0.560,7,0,570.398,0,0,11,28,0,16,0
19-02 16:55:06,86.997,12.750,0.250,0,0,1710184,654772,171432,5392352,11861.559,7972.703,0,127.995,0,8.000,5470,3426,2.030,0.970,0.590,4,0,16.999,0,0,11,31,0,16,0
19-02 16:55:07,79.206,9.245,11.494,0.250,0,1759084,605612,171436,5392592,42946.333,34879.778,0,479.736,0,44.975,9074,13225,2.030,0.970,0.590,5,0,54.970,0,0,11,31,0,19,0
19-02 16:55:08,36.908,13.217,46.135,2.244,0,1539592,824924,171460,5392748,10502.764,4282.303,0,15724.720,0,149.626,6278,13849,2.030,0.970,0.590,2,2,290.275,0,0,11,28,0,23,0
19-02 16:55:09,17.251,3.500,67.005,11.501,0,1540880,823620,171460,5392760,10128.765,6324.478,0,17009.285,0,293.022,2854,2829,2.030,0.970,0.590,1,3,0,0,0,11,29,0,23,0
19-02 16:55:10,12.500,7.000,61.500,17.500,0,1465956,898528,171460,5392772,10222.029,1696.005,0,24684.070,0,171.000,3209,3303,2.030,0.970,0.590,1,1,68.000,0,0,11,28,0,24,0
19-02 16:55:11,18.491,2.749,70.216,6.997,0,1460472,904000,171468,5392776,12155.188,4489.853,0,7384.469,0,53.974,2118,1913,1.870,0.950,0.580,1,0,0,0,0,11,29,0,23,0
19-02 16:55:12,14.794,10.030,74.470,0.501,0,1383032,981400,171480,5392804,6114.091,3605.669,0,385.140,0,33.098,4316,4331,1.870,0.950,0.580,1,0,222.659,0,0,11,28,0,24,0
19-02 16:55:13,35.518,28.514,35.268,0,0,1425232,939140,171480,5392848,6960.509,540.272,0,272.137,0,25.013,6421,5763,1.870,0.950,0.580,5,0,816.412,0,0,11,28,0,24,0
19-02 16:55:14,84.462,12.494,2.999,0,0,1659204,705088,171480,5392860,16956.445,11020.090,0,871.612,0,45.980,5475,3689,1.870,0.950,0.580,4,0,85.962,0,0,11,32,0,24,0
19-02 16:55:15,69.273,9.253,19.256,1.250,0,1658296,705588,171504,5393244,47892.121,38945.109,0,624.210,0,64.022,10258,17092,1.870,0.950,0.580,6,0,60.020,0,0,11,29,0,24,0
19-02 16:55:16,81.008,19.752,0,0,0,1588420,775580,171504,5393260,6645.652,1005.099,0,6244.613,0,450.044,5966,4505,2.280,1.050,0.620,6,0,251.025,0,0,11,28,0,24,0
19-02 16:55:17,85.383,8.488,5.243,0,0,1748220,615612,171508,5393428,30931.534,27758.890,0,183.748,0,10.985,6850,6972,2.280,1.050,0.620,4,0,0,0,0,11,34,0,24,0
19-02 16:55:18,70.087,13.517,15.519,0.501,0,1574080,789508,171516,5393680,46136.184,36090.733,0,396.491,0,37.046,9034,16361,2.280,1.050,0.620,2,0,277.344,0,0,11,28,0,29,0
19-02 16:55:19,40.635,7.479,51.106,0.499,0,1570212,793364,171524,5393684,8184.867,3954.822,0,207.414,0,9.972,2780,1656,2.280,1.050,0.620,0,0,20.941,0,0,11,30,0,25,0
19-02 16:55:20,30.080,4.763,62.668,1.003,0,1525852,837668,171544,5393720,22856.143,15448.326,0,938.511,0,59.158,5540,7214,2.280,1.050,0.620,2,0,41.110,0,0,11,28,0,27,0
19-02 16:55:21,56.343,19.197,23.435,0,0,1532712,830776,171544,5393752,8342.756,538.500,0,27.922,0,6.981,4703,3087,2.340,1.090,0.630,3,0,336.064,0,0,11,28,0,27,0
19-02 16:55:22,46.894,4.765,47.646,0.752,0,1567708,795580,171552,5393944,33030.336,26898.524,0,770.363,0,34.105,7538,9708,2.340,1.090,0.630,2,0,0,0,0,11,30,0,27,1
19-02 16:55:23,71.836,20.204,7.732,0.249,0,1536288,826964,171560,5393972,12177.186,2348.635,0,367.161,0,36.916,6039,4857,2.340,1.090,0.630,4,0,257.412,0,0,11,28,0,25,0
19-02 16:55:24,63.618,6.512,26.549,2.505,0,1599248,763820,171564,5394152,32294.720,27529.909,0,2404.446,0,117.217,7284,8034,2.340,1.090,0.630,3,0,0,0,0,11,32,0,25,0
19-02 16:55:25,60.505,17.001,21.502,0.500,0,1530048,832932,171580,5394224,19523.584,13880.126,0,568.046,0,51.004,8064,10338,2.340,1.090,0.630,4,0,324.026,0,0,11,28,0,28,0
19-02 16:55:26,56.001,5.000,38.251,0,0,1588484,774480,171580,5394240,22213.303,13993.191,0,0,0,0,4625,3651,2.390,1.120,0.640,4,0,1.000,0,0,11,31,0,28,0
19-02 16:55:27,50.431,16.977,30.458,1.248,0,1490076,872664,171600,5394444,23168.331,15970.170,0,1134.449,0,46.936,7876,10159,2.390,1.120,0.640,3,0,298.592,0,0,11,28,0,30,0
19-02 16:55:28,56.905,5.491,36.190,0,0,1552020,810708,171600,5394456,18973.467,12249.642,0,175.708,0,9.983,4186,2799,2.390,1.120,0.640,3,0,0,0,0,11,31,0,30,0
19-02 16:55:29,53.496,16.499,29.748,0.250,0,1495652,866784,171608,5394740,23156.293,16635.773,0,1419.895,0,97.993,8100,10313,2.390,1.120,0.640,5,1,286.979,0,0,11,28,0,33,0
19-02 16:55:30,55.941,6.271,36.123,1.505,0,1557648,804740,171612,5394784,20164.800,12257.822,0,742.533,0,74.253,4210,2732,2.390,1.120,0.640,4,0,0,0,0,11,31,0,33,0
19-02 16:55:31,50.330,11.960,35.630,0.997,0,1518476,843580,171620,5395108,21606.025,14294.719,0,422.573,0,37.872,6859,8809,2.440,1.150,0.660,4,0,111.623,0,0,11,28,0,33,0
19-02 16:55:32,56.338,6.260,37.308,0.250,0,1564288,797748,171624,5395124,16154.107,12289.100,0,380.592,0,11.017,4024,2788,2.440,1.150,0.660,5,0,0,0,0,11,31,0,33,0
19-02 16:55:33,54.099,19.536,26.048,0.501,0,1471768,890172,171632,5395212,18432.807,14429.465,0,553.014,0,52.096,7712,10114,2.440,1.150,0.660,6,0,412.757,0,0,11,28,0,35,0
19-02 16:55:34,80.000,19.500,0,0,0,1650856,711036,171636,5395256,11659.943,2505.988,0,251.999,0,18.000,5622,4817,2.440,1.150,0.660,7,0,453.998,0,0,11,29,0,35,0
19-02 16:55:35,79.124,17.472,2.746,0.998,0,1763696,597976,171656,5395476,40841.185,34096.889,0,2340.286,0,205.674,8011,9744,2.440,1.150,0.660,6,0,494.216,0,0,11,32,0,35,0
19-02 16:55:36,76.618,21.032,2.253,0,0,1679740,681648,171688,5395728,37854.256,28640.076,0,560.863,0,46.071,8182,10010,2.640,1.210,0.680,5,0,434.669,0,0,11,28,0,36,0
19-02 16:55:37,82.003,11.750,6.000,0,0,1676204,685160,171692,5395748,18361.635,12118.419,0,464.016,0,13.000,5004,3660,2.640,1.210,0.680,3,0,60.002,0,0,11,31,0,36,0
19-02 16:55:38,62.857,13.220,22.948,0.249,0,1640396,720740,171692,5395976,44568.314,35794.333,0,159.636,0,9.977,9350,14653,2.640,1.210,0.680,2,0,265.394,0,0,11,31,0,38,0
19-02 16:55:39,27.034,21.777,49.812,0,0,1522172,838908,171696,5396028,19712.472,10030.452,0,172.214,0,14.017,7982,9047,2.640,1.210,0.680,2,0,663.824,0,0,11,28,0,41,0
19-02 16:55:40,66.317,27.778,6.256,0,0,1555188,805844,171700,5396072,5935.957,2508.517,0,1989.997,0,130.131,5713,4931,2.640,1.210,0.680,3,0,673.676,0,0,11,29,0,41,0
19-02 16:55:41,65.231,6.748,26.742,0.250,0.250,1586032,774940,171708,5396124,30749.973,25955.381,0,675.802,0,47.986,6320,8312,2.590,1.230,0.690,3,0,15.995,0,0,11,30,0,42,1
19-02 16:55:42,72.523,19.256,8.003,0.250,0,1532376,828388,171736,5396304,23338.425,6032.919,0,1036.330,0,39.012,6579,6517,2.590,1.230,0.690,4,0,252.080,0,0,11,28,0,45,0
19-02 16:55:43,65.971,6.747,26.238,0,0,1611804,748892,171736,5396368,36926.700,28931.229,0,179.921,0,8.996,7165,9349,2.590,1.230,0.690,3,0,0,0,0,11,32,0,45,0
19-02 16:55:44,51.003,6.500,39.252,1.000,0.250,1596540,763728,171752,5396776,51693.102,41728.504,0,368.022,0,32.002,14365,22786,2.590,1.230,0.690,4,0,30.002,0,0,11,30,1,45,0
19-02 16:55:45,78.279,15.006,7.003,0,0,1552516,807704,171772,5396800,12892.851,6397.407,0,344.129,0,35.013,6211,5468,2.590,1.230,0.690,3,0,90.034,0,0,11,29,0,45,0
19-02 16:55:46,64.471,7.497,27.987,0,0,1612616,747528,171772,5396872,39109.454,31635.807,0,147.934,0,9.996,7261,10704,2.540,1.240,0.690,2,0,1.000,0,0,11,32,0,45,0
19-02 16:55:47,56.136,8.732,33.931,0,0,1630024,729696,171772,5397284,50512.092,40945.582,0,439.105,0,48.900,13370,21457,2.540,1.240,0.690,5,0,88.819,0,0,11,29,0,48,0
19-02 16:55:48,76.687,17.292,6.265,0,0,1587776,771936,171772,5397308,10244.977,7303.806,0,160.391,0,10.024,5251,3818,2.540,1.240,0.690,4,0,171.418,0,0,11,29,0,49,0
19-02 16:55:49,59.134,5.963,32.797,0,0,1626296,733180,171772,5397500,40774.620,34460.701,0,115.286,0,8.945,8472,13149,2.540,1.240,0.690,2,0,1.988,0,0,11,31,0,50,0
19-02 16:55:50,74.462,14.842,10.817,0.252,0,1552448,806936,171800,5397564,22994.708,14761.613,0,338.098,0,33.206,7139,9368,2.540,1.240,0.690,5,0,128.799,0,0,11,28,0,51,0
19-02 16:55:51,65.455,7.715,25.635,0.747,0,1641544,717808,171804,5397592,19386.673,16758.511,0,262.816,0,26.879,4648,4034,2.500,1.250,0.700,3,0,3.982,0,0,11,31,0,52,0
19-02 16:55:52,69.238,12.292,17.811,0.251,0,1686980,672156,171804,5397800,31590.614,24305.567,0,256.883,0,22.076,7264,12019,2.500,1.250,0.700,5,0,116.400,0,0,11,30,0,53,0
19-02 16:55:53,64.927,12.985,21.226,0,0,1572440,786476,171804,5398012,35691.841,27963.536,0,930.953,0,11.987,6698,10849,2.500,1.250,0.700,3,0,140.842,0,0,11,29,0,56,0
19-02 16:55:54,75.000,12.000,11.750,0.750,0,1611588,747284,171816,5398044,21544.048,13119.029,0,1652.004,0,102.000,5467,5346,2.500,1.250,0.700,4,0,86.000,0,0,11,30,0,57,0
19-02 16:55:55,71.405,11.525,16.786,0,0,1603128,755536,171828,5398232,29599.336,20412.367,0,152.331,0,14.030,6442,8455,2.500,1.250,0.700,4,0,68.148,0,0,11,30,0,59,0
19-02 16:55:56,60.652,11.481,26.956,0.250,0,1617452,741152,171836,5398280,23902.337,19363.678,0,419.322,0,40.934,6512,8176,2.700,1.320,0.720,4,0,138.776,0,0,11,30,0,61,0
19-02 16:55:57,56.340,12.019,30.799,0.250,0,1567836,790732,171852,5398300,15570.771,7702.253,0,336.535,0,33.053,4770,3976,2.700,1.320,0.720,4,0,120.191,0,0,11,29,0,63,0
19-02 16:55:58,49.163,8.735,41.427,0,0,1540276,818216,171856,5398372,24058.573,17703.780,0,359.366,0,19.965,4876,6299,2.700,1.320,0.720,2,0,95.831,0,0,11,30,0,64,0
19-02 16:55:59,55.267,10.503,33.510,0.500,0,1556200,802232,171856,5398428,23683.136,14686.425,0,240.072,0,21.006,5123,6491,2.700,1.320,0.720,4,0,87.026,0,0,11,31,0,66,0
19-02 16:56:00,52.155,7.985,38.430,1.248,0,1558524,799500,171860,5398828,34713.456,15015.514,0,371.320,0,24.954,5511,6424,2.700,1.320,0.720,1,0,86.841,0,0,11,34,0,65,0
19-02 16:56:01,31.748,9.249,58.247,0.250,0,1495780,862192,171868,5398868,37836.884,13268.258,0,359.980,0,35.998,6305,8133,2.810,1.360,0.740,3,0,134.992,0,0,11,32,0,67,0
19-02 16:56:02,37.751,5.500,55.251,0,0,1529488,828476,171868,5398876,14214.377,7231.192,0,148.004,0,10.000,2801,1782,2.810,1.360,0.740,2,0,0,0,0,11,34,0,67,0
19-02 16:56:03,36.291,7.258,56.063,0.250,0,1431396,926364,171868,5399076,15414.399,11260.710,0,236.267,0,15.017,5141,6256,2.810,1.360,0.740,3,0,47.053,0,0,11,32,0,69,0
19-02 16:56:04,38.213,8.492,52.699,0,0,1509408,848336,171868,5399088,8680.660,5313.894,0,151.854,0,8.991,3285,2352,2.810,1.360,0.740,2,0,90.913,0,0,11,33,0,67,0
19-02 16:56:05,32.742,6.248,60.235,0.250,0,1487116,870592,171876,5399116,18257.376,11431.105,0,615.844,0,41.989,4317,4912,2.810,1.360,0.740,1,0,65.983,0,0,11,33,0,68,0
19-02 16:56:06,37.770,6.003,51.028,4.252,0,1434896,922792,171880,5399132,11636.279,6696.613,0,4454.404,0,212.114,3587,3227,2.660,1.350,0.740,3,0,6.003,0,0,11,33,0,69,0
19-02 16:56:07,37.070,5.510,57.108,0.751,0,1438856,918668,171888,5399292,21874.437,13863.261,0,132.251,0,9.017,4567,5446,2.660,1.350,0.740,3,0,43.082,0,0,11,33,0,70,0
19-02 16:56:08,38.913,8.481,51.136,0.249,0,1491972,865516,171892,5399324,11011.482,6582.344,0,371.174,0,28.936,4281,10237,2.660,1.350,0.740,1,0,40.909,0,0,11,33,0,65,0
19-02 16:56:09,35.264,3.752,60.025,0.250,0,1492404,865052,171896,5399352,22720.329,14961.143,0,208.085,0,17.007,4622,5339,2.660,1.350,0.740,3,0,0,0,0,11,33,0,65,1
19-02 16:56:10,23.237,11.244,64.463,0.250,0,1428292,929068,171908,5399432,11296.597,6391.377,0,303.828,0,25.985,5243,5844,2.660,1.350,0.740,1,0,281.840,0,0,11,32,0,67,0
19-02 16:56:11,18.998,2.500,77.493,0,0,1445212,912144,171908,5399436,9417.110,5571.474,0,139.987,0,5.999,1913,1687,2.530,1.350,0.750,3,0,0,0,0,11,33,0,67,0
19-02 16:56:12,15.800,5.016,78.249,0.251,0,1413488,943840,171912,5399460,11102.376,6224.835,0,248.793,0,22.070,3821,4484,2.530,1.350,0.750,2,0,71.227,0,0,11,32,0,66,0
19-02 16:56:13,17.456,9.725,71.319,0.997,0,1438280,919032,171916,5399468,7650.609,538.635,0,383.029,0,16.957,3394,2608,2.530,1.350,0.750,1,0,212.462,0,0,11,32,0,66,0
19-02 16:56:14,18.245,1.999,78.730,0.250,0,1446656,910628,171920,5399488,16959.646,8719.761,0,1067.726,0,25.993,2697,2906,2.530,1.350,0.750,0,0,0,0,0,11,33,0,66,0
19-02 16:56:15,19.497,5.999,73.241,0.250,0,1423772,933368,171928,5399624,10205.688,3069.605,0,155.980,0,13.998,3036,2980,2.530,1.350,0.750,2,0,45.994,0,0,11,32,0,67,0
19-02 16:56:16,18.247,2.750,78.738,0,0,1432372,924760,171928,5399632,13820.819,7374.836,0,0,0,0,2462,2441,2.400,1.340,0.750,1,0,1.000,0,0,11,33,0,65,0
19-02 16:56:17,17.299,7.271,73.208,1.254,0,1358220,998792,171944,5399732,17655.123,7822.207,0,244.695,0,21.060,4828,5801,2.400,1.340,0.750,1,0,138.393,0,0,11,32,0,65,0
19-02 16:56:18,20.694,19.198,57.095,1.247,0,1393412,963384,171976,5399908,7747.989,484.686,35.903,582.421,0.997,37.897,6011,5384,2.400,1.340,0.750,2,0,486.680,0,0,11,32,0,67,0
19-02 16:56:19,42.844,5.763,48.356,2.506,0,1526372,828072,172008,5401896,3325.301,541.188,436.959,1968.322,17.037,62.136,3067,2213,2.400,1.340,0.750,2,0,5.011,0,0,11,36,0,67,0
19-02 16:56:20,28.205,5.242,43.181,21.965,0,1505232,847252,172112,5403536,7093.592,539.133,0,5938.450,0,550.115,5957,8877,2.400,1.340,0.750,4,0,27.955,0,0,11,36,0,62,0
19-02 16:56:21,27.448,4.741,37.929,27.698,0,1545328,806176,172268,5404332,7826.272,538.986,0,6930.957,0,623.826,6054,9116,2.370,1.350,0.750,1,1,28.946,0,0,11,36,0,62,0
19-02 16:56:22,26.055,5.261,38.831,27.808,0,1565304,785512,172364,5404908,4352.132,541.135,0,12317.846,0,835.754,5834,9524,2.370,1.350,0.750,4,0,7.015,0,0,11,36,0,62,0
19-02 16:56:23,26.479,3.747,36.971,31.226,0,1609100,740920,172408,5405660,7576.119,539.581,0,5475.750,0,544.577,4441,6108,2.370,1.350,0.750,1,1,10.991,0,0,11,36,0,62,0
19-02 16:56:24,25.468,5.243,41.948,25.468,0,1576216,773040,172472,5406340,7606.524,539.328,0,6196.281,0,526.344,4951,7480,2.370,1.350,0.750,2,1,21.973,0,0,11,36,0,59,0
19-02 16:56:25,26.282,4.756,40.799,27.283,0,1576924,771780,172548,5406800,8017.673,486.587,0,8518.277,0,610.737,5098,7844,2.370,1.350,0.750,3,1,18.022,0,0,11,36,0,59,0
19-02 16:56:26,26.534,6.008,38.799,26.784,0,1576968,770916,172588,5407556,6580.346,540.686,0,7113.021,0,618.785,5216,8171,2.340,1.360,0.760,4,1,21.027,0,0,11,36,0,59,0
19-02 16:56:27,25.969,5.743,41.949,25.220,0,1561916,785600,172704,5407796,3677.557,539.348,0,13363.854,0,905.905,5288,8258,2.340,1.360,0.760,1,1,6.992,0,0,11,36,0,59,0
19-02 16:56:28,26.996,5.249,39.745,26.246,0,1620492,726380,172836,5408284,7660.940,539.925,0,11090.466,0,856.881,6315,9815,2.340,1.360,0.760,3,3,13.998,0,0,11,36,0,54,0
19-02 16:56:29,27.728,4.996,42.716,22.482,0,1571100,775256,172964,5408660,6846.556,539.571,0,6566.778,0,655.479,5831,9131,2.340,1.360,0.760,2,1,13.989,0,0,11,38,0,54,0
19-02 16:56:30,28.790,4.506,38.303,27.038,0,1562240,783476,173060,5409188,3302.608,540.754,0,8780.249,0,692.967,5892,9266,2.340,1.360,0.760,2,2,9.013,0,0,11,38,0,54,0
19-02 16:56:31,25.988,4.498,43.980,23.739,0,1554548,790792,173196,5409412,8407.102,539.750,0,7384.576,0,593.725,5238,8101,2.390,1.390,0.770,2,2,6.997,0,0,11,38,0,54,0
19-02 16:56:32,31.342,6.268,33.599,27.080,0,1493896,852008,173360,5408684,8771.792,487.433,0,10165.891,0,757.226,6397,9818,2.390,1.390,0.770,3,0,7.021,0,0,11,32,0,49,0
19-02 16:56:33,45.724,5.497,40.977,7.246,0,1505412,840468,173364,5408704,8453.223,539.695,0,4801.286,0,258.854,3470,2610,2.390,1.390,0.770,2,0,1.999,0,0,11,34,0,49,0
19-02 16:56:34,28.181,5.985,44.641,19.203,0,1540492,805028,173544,5408884,5969.430,538.685,0,5187.339,0,773.113,7372,11585,2.390,1.390,0.770,1,2,0.998,0,0,11,34,0,49,0
19-02 16:56:35,28.249,5.500,37.498,26.999,0,1573368,771764,173804,5409008,4144.797,539.974,0,10991.462,0,1072.947,8034,12973,2.390,1.390,0.770,5,1,2.000,0,0,11,34,0,49,0
19-02 16:56:36,20.560,13.288,44.379,20.810,0,1543112,801400,174056,5409344,8033.267,541.569,0,6615.160,0,852.469,9447,13950,2.520,1.440,0.790,1,4,328.953,0,0,11,34,0,49,0
19-02 16:56:37,14.505,24.008,53.268,7.002,0,1482464,861788,174084,5409560,6108.013,540.178,0,3881.279,0,219.072,7773,7901,2.520,1.440,0.790,1,0,694.229,0,0,11,32,0,46,0
19-02 16:56:38,9.718,18.688,67.527,2.243,0,1474580,869636,174088,5409588,7843.114,538.224,0,1060.500,0,58.806,5955,4966,2.520,1.440,0.790,1,0,444.533,0,0,11,32,0,46,0
19-02 16:56:39,21.500,4.250,70.999,2.500,0,1511552,832652,174112,5409572,5187.916,539.991,0,1795.971,0,87.999,1983,1650,2.520,1.440,0.790,1,1,2.000,0,0,11,32,0,46,0
19-02 16:56:40,23.001,3.500,67.004,6.250,0,1498712,845464,174144,5409568,9962.625,486.030,0,3196.201,0,162.010,2134,1986,2.520,1.440,0.790,1,0,1.000,0,0,11,32,0,46,0
19-02 16:56:41,22.250,4.000,73.250,0,0,1510880,833296,174144,5409568,8190.042,540.003,0,0,0,0,1828,1226,2.400,1.430,0.790,2,0,2.000,0,0,11,32,0,41,0
19-02 16:56:42,22.253,3.500,73.759,0,0,1502072,842084,174144,5409588,3083.382,540.067,0,32.004,0,3.000,1773,1286,2.400,1.430,0.790,1,0,1.000,0,0,11,32,0,41,0
19-02 16:56:43,22.501,2.750,73.502,0.250,0,1508528,835628,174144,5409588,3431.083,540.013,0,552.013,0,98.002,1915,1288,2.400,1.430,0.790,1,0,3.000,0,0,11,32,0,41,0
19-02 16:56:44,22.255,4.001,73.517,0,0,1529944,814232,174144,5409568,9256.112,540.123,0,4.001,0,1.000,1905,1325,2.400,1.430,0.790,1,0,2.000,0,0,11,32,0,41,0
19-02 16:56:45,22.744,2.999,72.731,0.500,0,1516284,827864,174156,5409584,8831.734,539.862,0,399.897,0,27.993,2060,1731,2.400,1.430,0.790,1,0,1.000,0,0,11,32,0,37,0
19-02 16:56:46,22.745,3.499,73.485,0.250,0,1536568,807580,174156,5409584,9116.090,539.887,0,31.993,0,3.999,1899,1355,2.290,1.420,0.790,1,0,2.999,0,0,11,32,0,37,0
19-02 16:56:47,22.253,3.250,74.008,0,0,1492976,851184,174156,5409572,6050.687,486.055,0,12.001,0,1.000,1787,1257,2.290,1.420,0.790,1,0,1.000,0,0,11,32,0,37,0
19-02 16:56:48,23.003,2.500,73.510,0,0,1509260,834876,174156,5409596,8759.160,582.077,0,28.004,0,2.000,1768,1137,2.290,1.420,0.790,1,0,2.000,0,0,11,32,0,37,0
19-02 16:56:49,22.748,3.500,73.493,0,0,1490628,853592,174156,5409512,8116.222,539.948,0,331.968,0,5.999,1808,1208,2.290,1.420,0.790,2,0,1.000,0,0,11,32,0,33,0
19-02 16:56:50,22.755,3.001,73.766,0,0,1485904,858240,174156,5409588,2821.614,540.118,0,88.019,0,1.000,1761,1169,2.290,1.420,0.790,1,0,3.001,0,0,11,32,0,33,0
19-02 16:56:51,22.496,3.249,73.238,0,0,1474980,869172,174156,5409580,8517.571,539.909,0,11.998,0,1.000,1857,1341,2.190,1.410,0.800,1,0,1.000,0,0,11,32,0,33,0
19-02 16:56:52,22.502,3.750,74.008,0,0,1518688,825452,174160,5409584,7295.758,634.066,0,92.010,0,2.000,1707,1164,2.190,1.410,0.800,1,0,2.000,0,0,11,32,0,33,0
19-02 16:56:53,22.496,2.749,73.486,0,0,1478024,866116,174160,5409584,4020.207,539.894,0,159.968,0,32.993,1775,1336,2.190,1.410,0.800,2,0,1.000,0,0,11,32,0,28,0
19-02 16:56:54,22.497,3.999,73.240,0,0,1486812,857320,174160,5409592,8327.825,539.924,0,2299.676,0,86.988,1865,1247,2.190,1.410,0.800,2,0,1.000,0,0,11,32,0,28,0
19-02 16:56:55,23.002,3.000,72.507,1.000,0,1515656,828460,174168,5409600,6197.629,486.049,0,516.052,0,33.003,2021,1766,2.190,1.410,0.800,1,0,2.000,0,0,11,32,0,28,0
19-02 16:56:56,11.001,18.252,68.759,0,0,1465324,878732,174168,5409660,6987.895,540.069,0,276.035,0,14.002,5652,4487,2.090,1.410,0.800,1,0,461.059,0,0,11,32,0,28,0
19-02 16:56:57,22.499,3.250,73.747,0,0,1474024,870008,174168,5409684,7512.726,539.980,0,0,0,0,1874,1395,2.090,1.410,0.800,1,0,0,0,0,11,32,0,19,0
19-02 16:56:58,22.751,3.250,73.754,0,0,1465080,878716,174168,5409916,4357.224,540.028,0,0,0,0,1866,1288,2.090,1.410,0.800,1,0,9.000,0,0,11,32,0,19,0
19-02 16:56:59,22.073,4.264,73.492,0,0,1479436,864356,174168,5409920,10402.316,541.787,0,48.159,0,1.003,2089,1452,2.090,1.410,0.800,1,0,31.103,0,0,11,32,0,19,0
19-02 16:57:00,8.494,22.234,64.953,2.498,0,1460484,883132,174188,5410072,22893.600,539.613,39.971,2558.167,1.999,106.923,7002,5898,2.090,1.410,0.800,1,2,586.580,0,0,11,32,0,19,0
19-02 16:57:01,7.995,22.235,67.455,1.249,0,1440828,902744,174192,5410108,20026.739,539.643,0,1215.195,0,49.967,6941,5806,2.080,1.420,0.800,2,0,604.600,0,0,11,32,0,14,0
19-02 16:57:02,9.262,21.779,68.591,0,0,1426604,916932,174192,5410140,9377.419,486.645,0,1197.586,0,13.017,6594,5421,2.080,1.420,0.800,1,0,593.786,0,0,11,32,0,14,0
19-02 16:57:03,8.735,21.712,68.131,0,0,1419272,924232,174192,5410168,5357.610,539.055,0,1469.425,0,15.972,6593,5426,2.080,1.420,0.800,3,0,590.964,0,0,11,32,0,14,0
19-02 16:57:04,8.757,20.515,69.802,0,0,1409476,933992,174192,5410204,8710.536,540.406,0,628.472,0,41.031,6200,4826,2.080,1.420,0.800,2,0,484.363,0,0,11,32,0,14,0
19-02 16:57:05,8.981,21.205,67.606,1.247,0,1393684,949712,174208,5410236,5959.284,538.850,0,922.033,0,38.917,6371,5216,2.080,1.420,0.800,3,0,475.984,0,0,11,32,0,10,0
19-02 16:57:06,7.769,22.805,67.413,0,0,1384696,958672,174208,5410264,5065.282,541.313,0,160.389,0,21.051,6485,5293,2,1.410,0.810,1,0,566.373,0,0,11,32,0,10,0
19-02 16:57:07,11.507,21.264,65.793,0.750,0,1358904,984368,174228,5410320,8247.364,540.351,0,284.185,0,11.007,6327,5213,2,1.410,0.810,1,1,537.349,0,0,11,34,0,11,0
19-02 16:57:08,48.609,24.181,26.155,0.493,0,1504956,838060,174268,5411280,8528.543,532.972,0,1054.101,0,63.167,6546,8058,2,1.410,0.810,7,0,598.113,0,0,11,32,0,16,0
19-02 16:57:09,60.524,9.331,19.166,10.087,0,1637856,700664,174452,5414204,3909.833,544.714,447.876,4131.753,10.087,137.187,4715,11619,2,1.410,0.810,5,0,9.079,0,0,11,34,0,13,0
19-02 16:57:10,16.789,3.508,45.856,31.573,0,1644808,689912,174720,5417232,7410.187,487.130,0,8816.448,0,595.381,5751,9465,2,1.410,0.810,3,3,33.077,0,0,11,38,0,15,0
19-02 16:57:11,5.981,2.741,48.847,40.125,0,1644216,689408,174828,5418184,5506.786,538.317,0,11639.614,0,778.566,4710,8728,2.320,1.490,0.830,6,1,14.953,0,0,11,38,0,15,0
19-02 16:57:12,7.533,3.766,51.726,34.902,0,1642700,689436,174968,5419496,7258.691,542.368,0,14117.637,0,984.297,5926,10788,2.320,1.490,0.830,0,3,21.092,0,0,11,38,0,15,0
19-02 16:57:13,7.731,2.743,53.370,33.418,0.249,1639700,690268,175084,5421440,5816.786,538.684,0,10151.194,0,733.208,5135,9102,2.320,1.490,0.830,0,3,14.963,0,0,11,38,0,12,0
19-02 16:57:14,8.002,3.251,46.262,38.510,0,1636808,691776,175164,5422696,3681.949,540.139,0,14379.706,0,1031.266,6070,10748,2.320,1.490,0.830,0,6,15.004,0,0,11,38,0,12,0
19-02 16:57:15,5.747,2.749,47.476,41.479,0,1634596,693144,175232,5423448,7954.046,539.732,0,10750.656,0,745.629,5737,10451,2.320,1.490,0.830,2,2,8.996,0,0,11,38,0,12,0
19-02 16:57:16,7.008,3.254,45.051,41.046,0,1633872,692892,175296,5424336,7104.968,540.606,0,13194.798,0,872.979,5297,9579,2.370,1.510,0.850,0,3,10.011,0,0,11,38,0,12,0
19-02 16:57:17,21.209,6.987,37.678,33.187,0,1620416,705260,175324,5425356,7928.853,538.970,0,10308.307,0,736.593,6332,10091,2.370,1.510,0.850,1,2,59.886,0,0,11,36,0,12,0
19-02 16:57:18,20.512,4.753,40.774,32.269,0,1654776,669732,175352,5426452,10841.265,5575.222,0,9045.227,0,645.373,5735,9303,2.370,1.510,0.850,3,1,9.005,0,0,11,37,0,11,0
19-02 16:57:19,17.311,5.519,37.632,36.378,0,1636332,687076,175384,5427496,12426.646,4736.636,0,13684.062,0,910.197,7233,12062,2.370,1.510,0.850,0,3,37.130,0,0,11,36,0,12,0
19-02 16:57:20,25.915,6.977,29.902,35.882,0,1693680,628820,175400,5428360,6132.824,538.229,0,11565.950,0,755.514,6031,8970,2.370,1.510,0.850,2,3,56.813,0,0,11,38,0,12,0
19-02 16:57:21,21.057,5.013,42.113,29.580,0,1692800,627928,175444,5430012,16310.892,10007.931,0,9036.316,0,672.811,7263,11637,2.500,1.550,0.860,3,0,12.032,0,0,11,39,0,12,0
19-02 16:57:22,18.250,4.000,39.749,35.999,0,1684696,634988,175516,5430956,15012.652,10675.753,0,11095.743,0,749.983,7958,13204,2.500,1.550,0.860,1,1,6.000,0,0,11,38,0,10,0
19-02 16:57:23,24.259,7.253,27.510,38.514,0,1663420,655204,175556,5431940,9053.399,690.259,0,12152.562,0,800.300,5700,8518,2.500,1.550,0.860,1,2,42.016,0,0,11,38,0,10,0
19-02 16:57:24,21.256,4.001,38.261,34.260,0,1681012,636580,175620,5432880,20507.953,8799.554,0,12391.597,0,794.231,7039,11649,2.500,1.550,0.860,2,1,9.003,0,0,11,39,0,10,0
19-02 16:57:25,19.737,3.997,42.223,31.980,0,1675700,640672,175668,5433996,20632.788,11212.820,0,10277.419,0,705.548,7921,12597,2.500,1.550,0.860,4,1,5.996,0,0,11,39,0,10,0
19-02 16:57:26,22.214,8.237,32.197,34.693,0,1641828,673496,175748,5434908,10336.115,1723.185,0,9181.002,0,687.876,6530,9485,2.460,1.560,0.870,1,2,83.863,0,0,11,38,0,11,0
19-02 16:57:27,21.480,3.497,34.718,38.715,0,1663588,650760,175800,5435804,15820.497,5447.007,0,8008.658,0,691.366,5073,7670,2.460,1.560,0.870,1,1,2.997,0,0,11,39,0,11,0
19-02 16:57:28,22.543,4.509,31.810,39.575,0,1661296,652120,175860,5436652,17633.306,11602.916,0,11517.755,0,906.713,8669,13871,2.460,1.560,0.870,1,2,0,0,0,11,39,0,11,0
19-02 16:57:29,21.966,6.740,29.704,39.689,0,1666196,646036,175948,5437680,7231.845,3830.092,0,11897.649,0,897.615,7132,11383,2.460,1.560,0.870,2,1,29.954,0,0,11,38,0,11,0
19-02 16:57:30,24.822,5.265,37.610,31.091,0,1696580,613660,175996,5439548,12363.098,5588.317,0,12905.682,0,834.436,6480,10235,2.460,1.560,0.870,3,1,6.018,0,0,11,39,0,11,0
19-02 16:57:31,24.196,4.241,46.896,22.450,0,1690992,617188,176108,5441436,21200.796,10156.386,0,8748.521,0,656.538,8696,14176,2.670,1.620,0.890,3,2,14.967,0,0,11,39,0,11,0
19-02 16:57:32,22.202,7.484,34.675,33.677,0,1673732,633976,176208,5441792,10679.943,5969.113,0,12441.141,0,851.162,7273,11679,2.670,1.620,0.890,1,1,63.862,0,0,11,38,0,12,0
19-02 16:57:33,35.419,11.053,26.878,25.622,0,1580808,726112,176332,5442432,13178.850,5598.700,0,11458.646,0,744.551,7621,10260,2.670,1.620,0.890,1,2,218.040,0,0,11,37,0,12,0
19-02 16:57:34,34.326,17.163,21.392,24.874,0,1564056,741916,176412,5443212,11547.434,4210.645,624.831,12003.123,7.960,725.321,10297,15571,2.670,1.620,0.890,3,0,233.814,0,0,11,36,0,13,0
19-02 16:57:35,28.346,11.288,35.119,24.333,0,1581600,723060,176484,5444392,11361.642,2900.866,1926.552,9180.223,35.119,749.549,7395,10821,2.670,1.620,0.890,1,1,159.543,0,0,11,37,0,13,0
19-02 16:57:36,18.219,7.238,49.665,23.210,0,1546448,757072,176536,5445448,10284.399,4890.630,0,6700.533,0,514.120,5852,8647,2.690,1.640,0.900,2,1,60.896,0,0,11,36,0,14,0
19-02 16:57:37,22.748,4.999,40.246,29.747,0,1573496,729324,176628,5446044,7347.242,2505.741,0,9451.025,0,626.935,5127,8040,2.690,1.640,0.900,0,3,5.999,0,0,11,37,0,14,0
19-02 16:57:38,22.296,5.010,46.846,23.799,0,1534520,766364,176696,5447836,17464.806,9065.586,0,9054.564,0,703.442,7461,11921,2.690,1.640,0.900,3,0,14.029,0,0,11,36,0,15,0
19-02 16:57:39,22.714,6.989,34.445,33.696,0,1588724,711376,176740,5448608,8314.687,539.137,0,12727.621,0,778.753,5902,9357,2.690,1.640,0.900,1,2,29.952,0,0,11,36,0,15,0
19-02 16:57:40,16.745,3.499,49.235,28.491,0,1588256,711048,176760,5449360,13920.694,10124.868,0,8585.344,0,366.887,5132,7620,2.690,1.640,0.900,1,1,2.999,0,0,11,37,0,15,0
19-02 16:57:41,10.506,5.753,49.780,30.518,0,1558956,739232,176784,5450408,10611.381,1963.181,0,9553.745,0,729.439,6321,10320,2.560,1.630,0.900,1,0,69.042,0,0,11,36,0,16,0
19-02 16:57:42,4.498,2.249,59.970,30.735,0,1546688,750552,176816,5451272,7149.403,485.756,0,9579.181,0,695.650,4632,8575,2.560,1.630,0.900,0,1,2.998,0,0,11,36,0,16,0
19-02 16:57:43,3.500,3.250,63.758,26.753,0,1534516,761560,176856,5452364,7836.952,540.066,0,7888.958,0,634.077,4564,8181,2.560,1.630,0.900,0,1,3.000,0,0,11,36,0,16,0
19-02 16:57:44,3.750,2.750,54.243,35.745,0,1523868,771368,176880,5453160,6006.237,539.931,0,13126.331,0,838.893,5202,9821,2.560,1.630,0.900,2,0,0,0,0,11,36,0,16,0
19-02 16:57:45,4.000,2.000,62.995,28.498,0,1515308,778928,176896,5454088,3190.749,539.957,0,6275.506,0,491.961,4232,7855,2.560,1.630,0.900,0,1,0,0,0,11,36,0,16,0
19-02 16:57:46,5.000,3.250,64.256,25.502,0,1511612,781412,176924,5455236,8053.772,540.052,0,9280.890,0,688.066,4859,8907,2.430,1.620,0.900,0,2,1.000,0,0,11,36,0,16,0
19-02 16:57:47,3.750,2.500,59.749,30.249,0,1498808,793384,176932,5456040,5401.891,539.989,0,9579.807,0,692.986,4577,8241,2.430,1.620,0.900,2,2,9.000,0,0,11,36,0,16,0
19-02 16:57:48,4.749,2.500,63.489,26.245,0,1498120,793384,176972,5456668,3353.401,539.904,0,7222.709,0,662.882,4888,8756,2.430,1.620,0.900,0,1,14.997,0,0,11,36,0,16,0
19-02 16:57:49,3.500,2.750,58.756,32.504,0,1487040,802968,177016,5458048,6916.750,486.053,0,10797.170,0,671.073,4093,7478,2.430,1.620,0.900,0,1,3.000,0,0,11,36,0,16,0
19-02 16:57:50,4.251,2.751,55.011,34.757,0,1485244,804004,177048,5458744,6742.287,540.103,0,11858.264,0,811.155,4555,8341,2.430,1.620,0.900,2,0,3.001,0,0,11,36,0,16,0
19-02 16:57:51,4.749,1.999,61.482,29.741,0,1479900,809040,177072,5459032,8391.591,539.845,0,6662.087,0,649.813,4017,6929,2.320,1.610,0.910,3,1,5.998,0,0,11,36,0,16,0
19-02 16:57:52,6.502,3.751,54.016,33.260,0,1477928,810736,177116,5459256,7934.309,634.185,0,13091.810,0,930.271,5031,8816,2.320,1.610,0.910,0,2,9.003,0,0,11,36,0,16,0
19-02 16:57:53,4.499,2.250,64.486,25.744,0,1475892,812508,177168,5459440,4967.896,539.880,0,6446.568,0,572.873,4338,7807,2.320,1.610,0.910,0,1,11.997,0,0,11,36,0,16,0
19-02 16:57:54,3.750,2.500,55.253,35.752,0,1474384,813872,177172,5459576,9300.490,540.028,0,10592.558,0,722.038,4368,7850,2.320,1.610,0.910,0,2,6.000,0,0,11,36,0,16,0
19-02 16:57:55,5.500,2.750,59.499,28.999,0.250,1472440,815488,177204,5459864,7001.825,539.986,0,9235.769,0,717.982,4776,8464,2.320,1.610,0.910,0,1,6.000,0,0,11,36,0,16,0
19-02 16:57:56,4.002,3.001,61.023,29.511,0,1471844,815488,177236,5460420,8533.232,486.184,0,9039.424,0,727.275,4567,8163,2.450,1.650,0.920,0,1,10.004,0,0,11,36,0,16,0
19-02 16:57:57,5.498,3.249,59.477,29.239,0,1470804,815488,177276,5461392,9477.311,539.790,0,11135.666,0,804.687,6111,11282,2.450,1.650,0.920,0,2,5.998,0,0,11,36,0,16,0
19-02 16:57:58,3.999,2.750,57.743,31.996,0,1470476,815488,177332,5461656,8946.843,539.930,0,10730.612,0,775.900,4990,9138,2.450,1.650,0.920,4,1,8.999,0,0,11,36,0,16,0
19-02 16:57:59,3.500,2.000,58.004,33.753,0,1470148,815488,177368,5461940,6160.463,540.041,0,10124.761,0,690.052,4202,7770,2.450,1.650,0.920,0,1,6.000,0,0,11,36,0,16,0
19-02 16:58:00,5.251,2.250,64.509,25.003,0,1469416,815488,177488,5462532,18982.590,540.074,0,5828.795,0,487.066,4086,7060,2.450,1.650,0.920,0,1,9.001,0,0,11,36,0,16,0
19-02 16:58:01,4.250,2.750,50.998,38.998,0,1469144,815488,177556,5462728,17856.264,539.978,0,10671.560,0,778.968,4307,7496,2.500,1.670,0.930,0,1,6.000,0,0,11,36,0,16,0
19-02 16:58:02,5.998,1.999,64.477,25.741,0,1469832,815488,177616,5461984,7534.325,539.808,0,5302.117,0,510.819,4113,7456,2.500,1.670,0.930,1,2,0,0,0,11,36,0,16,0
19-02 16:58:03,4.001,3.500,50.507,40.005,0,1469500,815488,177676,5462256,7645.006,540.071,0,12533.649,0,890.117,4785,8722,2.500,1.670,0.930,0,2,3.000,0,0,11,36,0,16,0
19-02 16:58:04,4.751,2.501,58.018,31.760,0,1470692,815488,177736,5461004,7909.411,486.148,0,9234.815,0,755.230,5054,9053,2.500,1.670,0.930,0,1,0,0,0,11,36,0,16,0
19-02 16:58:05,8.000,2.750,61.746,24.998,0,1470432,815488,177772,5461188,5450.659,539.966,0,8095.494,0,665.958,4906,8539,2.500,1.670,0.930,0,2,11.999,0,0,11,36,0,16,0
19-02 16:58:06,7.252,3.001,49.514,37.761,0.250,1470016,815488,177796,5461580,6697.958,540.158,0,12555.671,0,888.260,5484,9707,2.460,1.680,0.940,0,3,7.002,0,0,11,36,0,16,0
19-02 16:58:07,5.248,2.499,64.975,24.740,0,1469428,815488,177836,5462128,4822.139,539.792,0,6265.582,0,603.767,4529,8154,2.460,1.680,0.940,0,2,8.997,0,0,11,36,0,16,0
19-02 16:58:08,3.752,3.001,55.523,35.515,0,1469316,815488,177860,5462212,5247.172,540.224,0,11100.594,0,782.324,4665,8561,2.460,1.680,0.940,1,2,6.002,0,0,11,36,0,16,0
19-02 16:58:09,8.485,4.742,49.415,35.439,0,1461232,823304,177904,5462412,5615.313,539.070,0,12171.004,0,826.574,5541,15089,2.460,1.680,0.940,3,0,41.928,0,0,11,36,0,17,0
19-02 16:58:10,6.008,2.754,62.833,25.033,0,1460960,823052,177912,5462920,8864.689,540.713,0,7469.849,0,679.896,4837,8622,2.460,1.680,0.940,1,1,6.008,0,0,11,38,0,17,0
19-02 16:58:11,5.251,3.501,56.011,32.507,0.250,1460848,822800,177924,5463264,8107.628,486.098,0,11430.295,0,856.172,5624,10377,2.580,1.720,0.960,0,1,6.001,0,0,11,38,0,8,0
19-02 16:58:12,5.244,2.497,64.432,24.474,0,1461804,822800,177940,5462292,8423.068,539.428,0,6357.258,0,642.319,4821,8745,2.580,1.720,0.960,3,2,5.994,0,0,11,38,0,8,0
19-02 16:58:13,4.753,3.252,57.792,32.524,0,1461700,822800,177944,5462392,6737.922,540.395,0,11572.454,0,776.567,4561,8288,2.580,1.720,0.960,1,2,3.002,0,0,11,38,0,8,0
19-02 16:58:14,4.252,2.751,57.021,32.762,0,1461888,822296,177948,5462704,7184.704,540.203,0,10359.899,0,797.300,5217,9427,2.580,1.720,0.960,0,1,3.001,0,0,11,38,0,8,0
19-02 16:58:15,5.249,2.499,63.235,26.494,0,1461636,822296,177960,5462944,8992.869,539.872,0,8202.056,0,651.846,4277,7601,2.580,1.720,0.960,0,2,5.999,0,0,11,38,0,8,0
19-02 16:58:16,5.751,2.751,60.514,28.257,0,1461480,822044,177968,5463332,3952.924,540.126,0,9314.177,0,737.172,4827,8704,2.690,1.750,0.970,1,1,7.002,0,0,11,38,0,8,0
19-02 16:58:17,4.004,2.753,59.064,32.035,0,1461148,822044,177988,5463636,7735.334,540.582,0,9566.307,0,696.751,4445,8007,2.690,1.750,0.970,5,0,6.006,0,0,11,38,0,8,0
19-02 16:58:18,7.993,3.247,55.204,30.974,0,1460992,822044,178016,5463760,7340.920,539.553,0,13592.742,0,953.211,5888,10487,2.690,1.750,0.970,0,2,8.993,0,0,11,38,0,8,0
19-02 16:58:19,11.516,2.754,63.590,19.528,0,1460644,821540,178024,5464588,4263.022,486.688,0,5688.035,0,628.888,5325,9106,2.690,1.750,0.970,1,2,15.021,0,0,11,38,0,8,0
19-02 16:58:20,6.979,2.991,56.084,30.909,0,1460316,821540,178036,5464900,8901.668,538.407,0,11741.268,0,873.416,5165,9250,2.690,1.750,0.970,4,0,5.982,0,0,11,38,0,8,0
19-02 16:58:21,8.507,2.752,57.298,28.524,0,1459732,821540,178040,5465464,7358.155,540.452,0,8851.404,0,764.640,5270,9306,2.640,1.760,0.980,2,0,12.010,0,0,11,38,0,8,0
19-02 16:58:22,7.004,2.751,61.782,26.263,0,1460220,820532,178060,5465948,7858.037,540.278,0,8432.332,0,796.409,5449,9529,2.640,1.760,0.980,0,2,12.006,0,0,11,38,0,8,0
19-02 16:58:23,3.999,2.500,58.739,31.744,0,1460140,820280,178080,5466252,5341.993,581.890,0,13461.462,0,927.825,4987,9014,2.640,1.760,0.980,1,1,8.998,0,0,11,38,0,7,0
19-02 16:58:24,6.001,3.001,66.762,21.754,0,1459420,820280,178100,5466932,5110.887,540.094,0,5997.041,0,654.114,5054,9060,2.640,1.760,0.980,1,1,18.003,0,0,11,38,0,7,0
19-02 16:58:25,4.499,2.249,60.233,30.991,0,1459296,820280,178104,5467052,7628.785,539.843,0,8813.441,0,600.826,3753,6781,2.640,1.760,0.980,0,3,0,0,0,11,38,0,7,0
19-02 16:58:26,5.751,3.251,54.510,33.506,0,1459228,819776,178144,5467568,7193.384,486.094,0,12082.325,0,891.171,5062,9145,2.510,1.750,0.980,0,1,7.001,0,0,11,38,0,7,0
19-02 16:58:27,4.501,3.001,57.515,31.759,0,1458788,819776,178188,5467956,6526.756,540.145,0,12143.267,0,842.227,4929,8995,2.510,1.750,0.980,0,1,0,0,0,11,38,0,6,0
19-02 16:58:28,5.994,2.248,62.686,26.473,0,1458888,819020,178228,5468552,5083.827,539.451,0,6133.758,0,635.353,4671,8339,2.510,1.750,0.980,5,0,8.991,0,0,11,38,0,6,0
19-02 16:58:29,6.505,3.753,54.545,33.277,0,1458472,819020,178296,5468884,3456.846,540.445,0,14011.534,0,1014.835,5368,9842,2.510,1.750,0.980,0,3,9.007,0,0,11,38,0,6,0
19-02 16:58:30,4.000,3.250,62.501,27.751,0,1458160,818516,178320,5469652,7810.158,540.011,0,8116.164,0,661.013,5576,9911,2.510,1.750,0.980,1,1,15.000,0,0,11,38,0,6,0
19-02 16:58:31,4.004,3.254,59.566,30.534,0,1458448,818012,178344,5469832,5256.811,540.598,0,9626.642,0,714.790,4471,8230,2.550,1.770,0.990,0,4,6.007,0,0,11,38,0,6,0
19-02 16:58:32,4.251,2.751,57.516,32.259,0,1458084,818012,178356,5470176,9436.561,540.147,0,12379.360,0,872.237,4752,8637,2.550,1.770,0.990,0,2,6.002,0,0,11,38,0,6,0
19-02 16:58:33,5.499,2.749,64.486,24.495,0,1458148,817508,178376,5470580,36608.242,539.886,0,8126.278,0,708.850,5142,8529,2.550,1.770,0.990,0,1,5.999,0,0,11,38,0,6,0
19-02 16:58:34,3.995,2.747,59.931,29.216,0,1457612,817508,178400,5471088,7820.982,485.440,0,10252.179,0,810.066,4968,8933,2.550,1.770,0.990,1,1,8.990,0,0,11,38,0,6,0
19-02 16:58:35,4.000,2.750,55.744,34.746,0,1457476,817256,178412,5471456,8501.076,539.941,0,13526.530,0,925.899,4826,8861,2.550,1.770,0.990,2,2,5.999,0,0,11,38,0,4,0
19-02 16:58:36,5.254,3.252,65.800,23.268,0,1457832,816752,178416,5471588,7811.934,540.410,0,7437.650,0,718.546,5428,9881,2.420,1.750,0.990,0,1,13.010,0,0,11,38,0,4,0
19-02 16:58:37,3.747,2.498,58.451,31.724,0,1457416,816752,178420,5471996,8041.303,539.551,0,10347.382,0,774.355,4424,8060,2.420,1.750,0.990,0,3,2.998,0,0,11,38,0,4,0
19-02 16:58:38,7.253,3.001,61.772,25.509,0,1456996,816248,178424,5472888,6232.264,540.196,0,7498.724,0,728.265,5337,9238,2.420,1.750,0.990,1,2,36.013,0,0,11,38,0,4,0
19-02 16:58:39,5.496,2.998,56.706,32.475,0,1457440,815240,178432,5473428,4044.855,539.580,0,11830.801,0,849.340,4691,8400,2.420,1.750,0.990,0,2,11.991,0,0,11,38,0,2,0
19-02 16:58:40,6.502,3.751,54.267,33.010,0,1457044,815240,178436,5473808,5268.656,540.170,0,14064.420,0,1026.323,5624,9995,2.420,1.750,0.990,3,0,12.004,0,0,11,38,0,2,0
19-02 16:58:41,7.743,3.247,63.194,23.229,0,1457496,814232,178448,5474340,10309.789,485.566,0,7653.163,0,775.307,6054,10766,2.550,1.790,1.010,2,2,20.981,0,0,11,38,0,2,0
19-02 16:58:42,5.751,3.001,54.513,34.508,0,1457660,813728,178452,5474660,7080.740,540.133,0,12751.133,0,873.215,4747,8522,2.550,1.790,1.010,0,1,6.001,0,0,11,38,0,2,0
19-02 16:58:43,4.252,3.251,59.024,30.763,0,1457620,813476,178468,5474924,7421.023,540.220,0,10768.386,0,829.338,5156,9240,2.550,1.790,1.010,0,0,12.005,0,0,11,38,0,2,0
19-02 16:58:44,6.007,2.753,64.322,23.776,0,1457692,812720,178472,5475600,7307.143,540.602,0,8032.952,0,739.825,5201,9279,2.550,1.790,1.010,0,2,15.017,0,0,11,38,0,1,0
19-02 16:58:45,3.498,2.498,48.967,42.472,0,1458520,810704,178472,5476752,8500.328,539.640,0,11128.574,0,759.493,4668,8562,2.550,1.790,1.010,0,4,2.998,0,0,11,38,0,1,0
19-02 16:58:46,5.007,3.255,53.078,36.303,0,1458368,810704,178472,5476904,5109.476,540.791,0,12682.556,0,899.316,4856,8862,2.660,1.830,1.020,1,0,1.001,0,0,11,38,0,1,0
19-02 16:58:47,6.989,2.496,65.897,22.215,0,1462160,806420,178476,5477376,4718.619,539.157,0,4145.515,0,526.177,4692,8186,2.660,1.830,1.020,0,1,8.986,0,0,11,38,0,1,0
19-02 16:58:48,4.006,2.754,57.830,33.546,0,1461808,806420,178480,5477720,3746.158,486.670,0,11399.697,0,785.081,4065,7492,2.660,1.830,1.020,0,1,6.008,0,0,11,38,0,1,0
19-02 16:58:49,6.742,2.747,62.673,25.968,0,1462140,805664,178480,5478128,7747.516,539.340,0,6420.141,0,562.312,4348,7581,2.660,1.830,1.020,0,1,5.993,0,0,11,38,0,1,0
19-02 16:58:50,3.751,2.501,54.771,35.014,0,1462728,805664,178492,5477528,4977.941,540.211,0,8279.229,0,657.256,4577,8541,2.660,1.830,1.020,0,1,4.002,0,0,11,38,0,1,0
19-02 16:58:51,4.497,2.748,58.214,31.730,0,1463696,805664,178504,5476548,8824.517,539.665,0,11069.122,0,813.495,5631,10460,2.530,1.810,1.020,0,2,0,0,0,11,38,0,1,0
19-02 16:58:52,5.249,2.999,56.486,32.242,0,1465020,805664,178524,5475200,7790.102,633.846,0,9685.640,0,779.810,5219,9431,2.530,1.810,1.020,0,2,0,0,0,11,38,0,1,0
19-02 16:58:53,6.251,3.001,63.014,25.005,0.250,1466776,805664,178552,5473420,8150.773,540.118,0,9546.077,0,873.190,5718,10248,2.530,1.810,1.020,0,1,0,0,0,11,38,0,1,0
19-02 16:58:54,3.502,3.252,58.780,30.766,0,1467780,805664,178560,5472416,5552.865,540.279,0,13478.954,0,836.432,5589,10391,2.530,1.810,1.020,0,3,0,0,0,11,38,0,1,0
19-02 16:58:55,5.747,2.249,63.963,25.236,0,1467656,805664,178572,5472524,3971.724,539.691,0,5672.750,0,521.701,4795,8867,2.530,1.810,1.020,0,1,5.997,0,0,11,38,0,1,0
19-02 16:58:56,4.754,3.253,56.547,32.027,0,1467592,805664,178580,5472580,6840.731,486.407,0,14440.098,0,976.818,5334,9694,2.810,1.880,1.050,0,1,7.006,0,0,11,38,0,1,0
19-02 16:58:57,6.995,3.248,56.458,30.727,0,1467152,805664,178592,5473008,5577.841,539.598,0,11223.631,0,815.392,5800,10415,2.810,1.880,1.050,0,1,8.993,0,0,11,38,0,1,0
19-02 16:58:58,4.248,2.249,61.470,28.736,0,1466996,805664,178600,5473152,6144.013,539.738,0,9479.391,0,755.633,4838,8750,2.810,1.880,1.050,0,1,8.996,0,0,11,38,0,1,0
19-02 16:58:59,8.528,2.759,59.192,27.339,0,1467096,805664,178612,5473040,8936.059,541.762,0,7701.043,0,666.166,4872,8496,2.810,1.880,1.050,1,2,9.029,0,0,11,36,0,2,0
19-02 16:59:00,12.751,17.001,51.004,18.252,0,1346788,925836,178612,5473176,19745.655,540.045,0,11124.933,0,621.052,6556,6599,2.810,1.880,1.050,2,0,404.034,0,0,11,32,0,2,0
19-02 16:59:01,27.012,21.760,47.271,3.001,0,1416276,856076,178632,5473428,22332.129,540.245,0,1656.751,0,109.049,6771,6003,2.900,1.920,1.070,3,0,539.245,0,0,11,32,0,8,0
19-02 16:59:02,66.411,8.239,23.469,0.749,0,1621236,649464,178688,5474868,5712.359,539.279,0,1406.119,0,88.881,3801,1666,2.900,1.920,1.070,3,0,2.996,0,0,11,32,0,8,0
19-02 16:59:03,65.674,6.492,23.473,4.744,0,1794932,471564,178836,5478504,5156.022,539.375,0,7351.476,0,224.739,4237,2221,2.900,1.920,1.070,3,0,5.993,0,0,11,32,0,8,0
19-02 16:59:04,16.470,2.995,45.169,32.941,0,1808560,455552,178880,5480684,9637.635,485.126,0,7949.676,0,496.106,4901,7730,2.900,1.920,1.070,0,2,14.973,0,0,11,38,0,8,0
19-02 16:59:05,10.284,3.261,50.670,33.362,0,1808464,454292,178884,5481976,5656.936,541.814,0,10073.721,0,686.297,6732,11765,2.900,1.920,1.070,0,1,39.131,0,0,11,38,0,8,0
19-02 16:59:06,9.726,3.242,49.879,35.414,0,1807348,453788,178892,5483548,6883.321,538.695,0,8918.390,0,664.390,5827,10006,2.830,1.920,1.070,1,2,33.918,0,0,11,38,0,8,0
19-02 16:59:07,6.750,2.750,49.750,38.500,0,1806456,453536,178896,5484656,6372.004,540.000,0,11200.007,0,730.000,5294,9821,2.830,1.920,1.070,0,2,6.000,0,0,11,38,0,8,0
19-02 16:59:08,5.499,2.749,46.490,43.241,0,1806548,452276,178900,5485788,3201.320,539.885,0,11945.463,0,788.832,5097,9216,2.830,1.920,1.070,2,4,17.996,0,0,11,38,0,8,0
19-02 16:59:09,10.770,5.260,52.348,29.305,0,1834152,423548,178904,5486880,7180.453,541.014,0,8339.625,0,612.147,6166,15325,2.830,1.920,1.070,2,2,57.107,0,0,11,38,0,9,0
19-02 16:59:10,6.004,3.002,50.780,38.023,0,1833560,423044,178928,5487924,6931.113,540.321,0,10898.467,0,737.438,4868,8685,2.830,1.920,1.070,0,3,18.011,0,0,11,38,0,9,0
19-02 16:59:11,9.479,3.742,46.147,37.666,0,1833108,422288,178932,5489096,3864.376,538.798,0,13398.101,0,927.929,7584,14029,3.090,1.990,1.100,3,1,32.927,0,0,11,38,0,9,0
19-02 16:59:12,6.501,4.001,46.761,40.509,0,1832760,421280,178940,5490412,7251.648,486.110,0,13591.089,0,886.201,5382,9565,3.090,1.990,1.100,0,1,21.005,0,0,11,38,0,8,0
19-02 16:59:13,6.247,2.749,48.980,38.984,0,1832476,420524,178952,5491412,5507.782,539.783,0,11851.227,0,809.674,5001,8989,3.090,1.990,1.100,0,1,20.992,0,0,11,38,0,8,0
19-02 16:59:14,6.501,3.250,55.507,32.504,0,1826760,425424,178964,5492192,8249.051,540.069,0,12497.592,0,870.111,5334,9633,3.090,1.990,1.100,0,2,24.003,0,0,11,38,0,8,0
19-02 16:59:15,7.492,3.496,49.196,38.208,0,1824236,426464,178972,5493632,6320.073,539.409,0,11755.116,0,789.135,5261,9264,3.090,1.990,1.100,0,2,17.980,0,0,11,38,0,8,0
19-02 16:59:16,6.515,3.007,47.611,39.843,0,1822376,427088,178976,5494800,7766.042,541.257,0,12918.011,0,910.114,5425,9789,2.920,1.970,1.100,2,3,19.044,0,0,11,38,0,8,0
19-02 16:59:17,8.734,3.244,45.918,38.431,0,1820404,427940,178988,5495860,7711.166,539.033,0,12601.393,0,882.417,5984,10430,2.920,1.970,1.100,4,1,35.936,0,0,11,38,0,8,0
19-02 16:59:18,8.260,3.254,52.310,33.539,0.250,1818228,429216,178992,5496720,6060.997,540.624,0,11565.352,0,824.952,5820,10373,2.920,1.970,1.100,3,1,27.031,0,0,11,38,0,8,0
19-02 16:59:19,6.996,3.748,52.720,33.731,0,1816300,429988,179008,5497828,5475.908,539.695,0,13720.252,0,948.464,6663,12394,2.920,1.970,1.100,0,1,26.985,0,0,11,38,0,8,0
19-02 16:59:20,8.500,3.250,53.252,33.251,0,1815236,429800,179016,5499000,7035.298,486.021,0,13148.557,0,851.036,5670,10161,2.920,1.970,1.100,1,2,24.001,0,0,11,38,0,8,0
19-02 16:59:21,6.749,2.999,46.990,40.741,0,1813684,430120,179020,5500188,5856.704,539.881,0,12241.291,0,973.785,5016,8445,3.250,2.050,1.130,0,2,17.996,0,0,11,38,0,8,0
19-02 16:59:22,6.507,3.754,51.806,35.038,0,1813024,429644,179044,5501264,8351.959,540.580,0,14779.854,0,1063.140,5847,10540,3.250,2.050,1.130,1,1,18.019,0,0,11,38,0,8,0
19-02 16:59:23,6.492,3.246,54.183,33.458,0,1812720,429460,179052,5501724,8181.843,581.278,0,13127.704,0,919.858,7468,13864,3.250,2.050,1.130,3,0,14.981,0,0,11,38,0,8,0
19-02 16:59:24,6.260,3.255,50.076,38.058,0,1811892,429192,179056,5502792,8136.384,540.823,0,14177.579,0,955.454,5249,9638,3.250,2.050,1.130,0,5,12.018,0,0,11,38,0,8,0
19-02 16:59:25,5.745,3.747,51.952,35.467,0,1811916,428252,179056,5503684,7187.307,539.498,0,14226.752,0,910.152,5694,10178,3.250,2.050,1.130,0,2,11.989,0,0,11,38,0,8,0
19-02 16:59:26,6.748,2.999,54.981,32.489,0,1811280,428224,179060,5504328,2948.987,539.815,0,10716.320,0,741.745,4856,8617,3.390,2.100,1.150,0,2,18.993,0,0,11,38,0,8,0
19-02 16:59:27,6.503,3.251,51.771,36.515,0,1810856,427780,179072,5505152,3171.277,486.196,0,12368.980,0,824.332,5520,9989,3.390,2.100,1.150,1,3,15.006,0,0,11,38,0,8,0
19-02 16:59:28,6.748,2.749,51.233,36.238,0,1810748,426836,179092,5506128,7842.377,539.819,0,9068.966,0,718.760,5291,9079,3.390,2.100,1.150,0,2,23.992,0,0,11,38,0,8,0
19-02 16:59:29,18.502,6.001,42.006,30.754,0,1675940,561048,179092,5506708,5747.774,540.073,0,10933.473,0,753.101,6302,10016,3.390,2.100,1.150,5,0,87.012,0,0,11,36,0,8,0
19-02 16:59:30,29.284,6.007,31.787,32.037,0,1746892,488976,179100,5507792,6808.864,540.624,0,12506.445,0,851.984,6350,9748,3.390,2.100,1.150,5,1,28.032,0,0,11,36,0,8,0
19-02 16:59:31,30.057,5.009,34.816,29.305,0,1791316,443616,179108,5508696,4438.370,541.020,0,13365.204,0,934.763,7168,11532,3.440,2.140,1.170,1,2,26.049,0,0,11,38,0,8,0
19-02 16:59:32,7.975,5.234,46.356,37.633,0,1721416,512768,179112,5509420,9148.492,538.322,0,9765.569,0,674.897,5518,8910,3.440,2.140,1.170,2,3,89.720,0,0,11,36,0,8,0
19-02 16:59:33,4.251,2.251,55.767,35.011,0,1704224,528044,179116,5511288,7579.274,540.162,0,8706.612,0,436.131,4808,8488,3.440,2.140,1.170,0,2,9.003,0,0,11,36,0,8,0
19-02 16:59:34,6.256,3.503,50.795,37.784,0,1696728,534604,179124,5512196,4067.630,540.482,0,11962.675,0,841.751,5193,9391,3.440,2.140,1.170,0,1,18.016,0,0,11,36,0,8,0
19-02 16:59:35,6.253,3.752,54.530,32.518,0,1690124,540456,179140,5512912,7297.043,486.269,0,11154.180,0,770.427,6794,12625,3.440,2.140,1.170,1,2,21.012,0,0,11,36,0,8,0
19-02 16:59:36,5.737,2.993,55.622,32.924,0,1684968,544560,179144,5513888,8937.392,538.758,0,11744.918,0,770.224,4995,8674,3.640,2.200,1.190,0,2,18.956,0,0,11,36,0,8,0
19-02 16:59:37,6.254,3.002,53.530,34.770,0,1683648,544308,179148,5515416,4244.381,540.303,0,9001.050,0,706.396,5272,9289,3.640,2.200,1.190,1,1,12.007,0,0,11,36,0,8,0
19-02 16:59:38,4.752,3.501,56.020,33.262,0,1675956,551140,179152,5516244,8186.864,540.189,0,10291.600,0,695.243,4765,8606,3.640,2.200,1.190,1,2,6.002,0,0,11,36,0,8,0
19-02 16:59:39,4.999,2.999,52.487,36.741,0,1672656,553416,179156,5517232,5910.563,539.869,0,11665.164,0,739.820,5485,9942,3.640,2.200,1.190,0,4,11.997,0,0,11,36,0,8,0
19-02 16:59:40,6.249,3.249,52.488,35.242,0.500,1669360,555784,179172,5518116,10321.558,539.872,0,11973.167,0,825.805,5220,9323,3.640,2.200,1.190,0,2,17.996,0,0,11,36,0,8,0
19-02 16:59:41,5.500,3.500,55.249,32.249,0,1667216,557084,179176,5518904,10984.718,539.986,0,12683.674,0,857.978,6524,11804,3.430,2.180,1.190,1,3,18.000,0,0,11,36,0,8,0
19-02 16:59:42,7.754,2.751,53.526,33.516,0,1667916,555744,179184,5519516,6878.355,486.237,0,11437.579,0,795.388,5004,8702,3.430,2.180,1.190,1,1,9.004,0,0,11,36,0,8,0
19-02 16:59:43,8.260,2.503,51.064,35.294,0,1667068,555364,179188,5520672,8466.604,540.677,0,8554.714,0,646.810,4856,8408,3.430,2.180,1.190,0,2,0,0,0,11,36,0,8,0
19-02 16:59:44,4.995,2.747,51.947,37.212,0,1664776,556272,179192,5522008,10479.306,539.450,0,13274.454,0,827.156,5477,10096,3.430,2.180,1.190,0,3,0,0,0,11,36,0,8,0
19-02 16:59:45,4.997,3.748,53.470,36.230,0,1662648,557380,179192,5523004,3333.158,539.702,0,11941.399,0,754.583,4973,9186,3.430,2.180,1.190,1,4,0,0,0,11,36,0,8,0
19-02 16:59:46,4.751,2.501,47.012,42.511,0,1660556,558140,179200,5524264,7516.894,540.136,0,10986.769,0,693.175,5214,9459,3.310,2.180,1.200,2,1,1.000,0,0,11,36,0,8,0
19-02 16:59:47,4.997,2.998,56.721,32.483,0,1659376,557796,179208,5525740,8034.849,665.656,0,8439.640,0,582.699,4515,8227,3.310,2.180,1.200,0,1,0,0,0,11,36,0,8,0
19-02 16:59:48,4.500,3.750,48.502,41.252,0,1658312,557756,179208,5526808,8695.372,708.030,0,13412.574,0,840.036,5606,10487,3.310,2.180,1.200,4,1,0,0,0,11,36,0,8,0
19-02 16:59:49,5.751,3.001,52.511,36.008,0,1658416,555740,179212,5528636,7095.515,792.169,0,10638.272,0,741.158,4731,8360,3.310,2.180,1.200,0,2,0,0,0,11,36,0,8,0
19-02 16:59:50,4.007,2.254,52.595,38.570,0,1658596,554228,179220,5529880,2867.173,486.878,0,10350.675,0,668.206,4187,7794,3.310,2.180,1.200,0,2,0,0,0,11,36,0,8,0
19-02 16:59:51,4.995,3.247,49.454,38.964,0,1658960,552720,179220,5530976,7824.768,623.424,0,13083.907,0,831.232,5299,9604,3.210,2.170,1.200,1,2,0,0,0,11,36,0,8,0
19-02 16:59:52,4.996,2.248,53.211,35.973,0,1659080,550956,179224,5532580,6921.862,633.530,0,11111.753,0,715.469,4636,8449,3.210,2.170,1.200,0,1,0,0,0,11,36,0,8,0
19-02 16:59:53,4.750,2.500,56.995,32.997,0,1659172,549696,179224,5533680,9603.075,539.948,0,9403.095,0,628.939,4779,8557,3.210,2.170,1.200,0,1,5.999,0,0,11,36,0,8,0
19-02 16:59:54,6.249,3.249,52.489,35.243,0,1658888,549444,179224,5534204,6654.591,539.886,0,11557.553,0,759.839,4544,8261,3.210,2.170,1.200,0,4,5.999,0,0,11,36,0,8,0
19-02 16:59:55,6.005,3.503,51.546,35.782,0,1660176,547932,179224,5534412,7718.834,540.479,0,14745.056,0,1014.899,6426,11801,3.210,2.170,1.200,0,2,6.005,0,0,11,36,0,8,0
19-02 16:59:56,3.997,3.247,52.705,37.468,0,1659852,547680,179232,5534972,5552.281,539.541,0,11510.217,0,827.297,5063,9123,3.190,2.190,1.210,0,2,9.992,0,0,11,36,0,8,0
19-02 16:59:57,4.250,3.000,56.002,34.501,0,1660592,546672,179232,5535232,3765.128,486.017,0,9780.332,0,762.026,4789,8663,3.190,2.190,1.210,0,2,12.000,0,0,11,36,0,8,0
19-02 16:59:58,3.499,2.750,59.491,30.496,0,1660252,546736,179232,5535496,6421.071,539.922,0,9334.650,0,720.896,5225,9367,3.190,2.190,1.210,0,1,11.998,0,0,11,36,0,8,0
19-02 16:59:59,7.515,3.507,54.606,32.813,0,1660992,545728,179232,5535760,7598.705,541.047,0,13963.020,0,959.857,5472,9606,3.190,2.190,1.210,1,1,9.017,0,0,11,36,0,8,0
19-02 17:00:00,3.993,2.496,54.153,35.936,0,1661696,544504,179232,5536264,20117.915,539.033,0,10712.785,0,744.664,5262,9310,3.190,2.190,1.210,0,1,8.984,0,0,11,36,0,8,0
19-02 17:00:01,10.253,3.251,53.517,30.260,0,1662936,542740,179232,5536772,19696.425,540.176,0,12364.033,0,810.264,5641,9663,3.180,2.200,1.220,0,2,6.002,0,0,11,36,0,1,0
19-02 17:00:02,5.749,2.499,56.988,32.493,0,1662632,542740,179232,5537068,6049.708,539.885,0,11121.625,0,784.832,4482,8022,3.180,2.200,1.220,0,1,5.999,0,0,11,36,0,1,0
19-02 17:00:03,8.497,3.499,52.233,32.989,0,1663728,540976,179232,5537708,8884.133,539.826,0,11380.327,0,791.744,6210,10640,3.180,2.200,1.220,0,3,24.992,0,0,11,36,0,1,0
19-02 17:00:04,6.507,3.754,49.555,37.541,0,1663380,540976,179232,5538044,6255.883,486.535,0,11945.142,0,880.969,6142,10487,3.180,2.200,1.220,7,1,9.010,0,0,11,40,0,1,0
19-02 17:00:05,5.996,3.748,50.967,35.727,0,1663508,540284,179244,5538560,3963.419,539.649,0,11368.596,0,799.479,6346,11288,3.180,2.200,1.220,0,2,20.986,0,0,11,40,0,1,0
19-02 17:00:06,18.036,8.267,44.088,29.309,0,1523264,680560,179248,5538524,3395.783,541.081,0,11779.531,0,765.529,6183,8766,3.160,2.210,1.230,1,1,165.330,0,0,11,36,0,1,0
19-02 17:00:07,20.717,6.240,72.386,0.250,0,1412792,791020,179248,5538536,7284.559,539.153,0,355.442,0,22.964,2690,1958,3.160,2.210,1.230,1,0,94.851,0,0,11,32,0,1,0
19-02 17:00:08,22.250,2.750,70.749,2.750,0,1479836,723976,179248,5538536,6280.943,539.995,0,1695.985,0,96.999,2055,1773,3.160,2.210,1.230,1,0,1.000,0,0,11,32,0,1,0
19-02 17:00:09,27.542,6.510,55.835,9.514,0,1465516,738288,179248,5538544,8236.538,540.823,0,4086.220,0,235.358,3858,13565,3.160,2.210,1.230,1,0,57.087,0,0,11,32,0,2,0
19-02 17:00:10,21.465,3.993,71.384,2.496,0,1464440,739360,179248,5538548,6669.118,539.120,0,247.596,0,39.935,1850,1327,3.160,2.210,1.230,1,0,8.985,0,0,11,32,0,1,0
19-02 17:00:11,23.740,2.499,72.971,0.250,0,1516480,687320,179248,5538548,7408.033,539.784,0,175.930,0,25.990,2124,1883,2.990,2.190,1.230,1,0,1.999,0,0,11,34,0,1,0
19-02 17:00:12,14.800,31.355,50.921,2.007,0,1387380,816348,179248,5538620,4258.300,487.638,0,750.520,0,56.189,7285,7151,2.990,2.190,1.230,2,0,1023.437,0,0,11,32,0,1,0
19-02 17:00:13,8.239,22.969,64.661,2.247,0,1384812,818852,179248,5538684,4002.511,539.260,0,219.699,0,20.971,6348,5231,2.990,2.190,1.230,1,0,631.134,0,0,11,32,0,1,0
19-02 17:00:14,8.756,20.014,70.047,0.250,0,1372200,831412,179248,5538720,8628.834,540.365,0,208.141,0,12.008,6054,4625,2.990,2.190,1.230,1,0,427.289,0,0,11,32,0,1,0
19-02 17:00:15,9.507,20.514,69.298,0,0,1357632,845944,179248,5538756,7250.028,540.375,0,40.028,0,10.007,5865,4587,2.990,2.190,1.230,2,0,399.277,0,0,11,32,0,1,0
19-02 17:00:16,24.495,15.247,55.989,2.999,0,1382316,821096,179252,5539368,5813.831,539.891,0,1143.770,0,141.971,6813,8195,2.830,2.170,1.230,4,0,271.945,0,0,11,32,0,1,0
19-02 17:00:17,43.381,8.726,47.619,0,0,1512460,690848,179252,5539468,9741.199,538.518,0,0,0,0,3003,1643,2.830,2.170,1.230,2,0,33.907,0,0,11,33,0,1,0
19-02 17:00:18,44.751,3.000,48.751,3.250,0,1592028,610992,179256,5539740,7569.192,540.014,104.003,304.008,1.000,17.000,3428,2865,2.830,2.170,1.230,2,0,16.000,0,0,11,49,0,1,0
19-02 17:00:19,39.751,10.250,47.501,2.250,0,1636108,562644,179300,5543524,7575.221,540.016,0,1356.040,0,137.004,5966,9601,2.830,2.170,1.230,3,0,139.004,0,0,11,48,0,1,0
19-02 17:00:20,15.997,15.997,63.737,2.250,0,1654848,543800,179300,5543980,8869.259,527.896,0,291.943,0,6.999,6421,7822,2.830,2.170,1.230,2,0,329.935,0,0,11,48,0,1,0
19-02 17:00:21,3.750,2.250,92.993,0.500,0,1658024,540628,179300,5543556,3504.721,539.957,0,195.984,0,19.998,1571,2083,2.600,2.140,1.220,1,0,28.998,0,0,11,48,0,1,0
19-02 17:00:22,0.500,1.000,97.246,0.500,0,1658024,540628,179300,5543556,7074.712,539.978,0,351.986,0,21.999,781,1096,2.600,2.140,1.220,0,0,3.000,0,0,11,48,0,1,0
19-02 17:00:23,0.750,0.250,98.215,0.250,0,1658024,540628,179300,5543556,9247.688,581.792,0,35.987,0,3.999,767,1040,2.600,2.140,1.220,0,0,2.999,0,0,11,48,0,1,0
19-02 17:00:24,0.500,0.250,98.497,0,0,1658024,540628,179300,5543556,6509.783,539.982,0,0,0,0,634,924,2.600,2.140,1.220,1,0,1.000,0,0,11,48,0,1,0
19-02 17:00:25,10.001,8.751,80.506,0,0,1650452,548228,179300,5543988,10782.742,540.037,0,12.001,0,3.000,4073,4792,2.600,2.140,1.220,1,0,202.014,0,0,11,48,0,1,0
19-02 17:00:26,14.796,13.542,67.963,2.759,0,1697292,501232,179300,5543692,7944.849,541.694,0,4465.968,0,358.120,5721,6238,2.390,2.100,1.210,3,0,251.788,0,0,11,48,0,1,0
19-02 17:00:27,15.502,20.503,63.009,0,0,1686756,511700,179300,5544168,7934.189,820.123,0,0,0,0,7584,9116,2.390,2.100,1.210,1,0,414.062,0,0,12,48,0,1,0
19-02 17:00:28,10.212,8.717,78.955,0.747,0,1679772,518528,179300,5543880,5383.913,484.194,0,474.231,0,39.851,3409,3966,2.390,2.100,1.210,0,0,195.271,0,0,12,64,0,1,0
19-02 17:00:29,11.254,11.254,76.275,0,0,1684268,514008,179300,5543920,3085.010,540.177,0,0,0,0,4276,4707,2.390,2.100,1.210,3,0,205.067,0,0,14,66,0,1,0
19-02 17:00:30,14.032,16.037,69.159,0,0,1683268,514900,179300,5543980,8824.245,541.242,0,28.064,0,6.014,5896,6549,2.390,2.100,1.210,2,0,370.851,0,0,14,66,0,2,0
19-02 17:00:31,9.254,20.008,69.278,0,0,1656676,541448,179300,5544024,5968.375,540.215,0,72.029,0,14.006,5876,4626,2.280,2.080,1.210,2,0,403.160,0,0,14,66,0,2,0
19-02 17:00:32,22.003,15.002,61.508,0,0,1671112,526980,179300,5544044,11122.405,624.079,0,20.003,0,5.001,6475,7814,2.280,2.080,1.210,5,0,292.037,0,0,14,66,0,2,0
19-02 17:00:33,30.772,24.017,44.782,0.250,0,1751776,446152,179308,5544160,7765.519,540.384,0,592.421,0,12.009,7033,6097,2.280,2.080,1.210,2,0,701.499,0,0,14,66,0,2,0
19-02 17:00:34,29.984,25.986,43.726,0,0,1886720,309696,179320,5545592,8451.412,539.707,19.989,1203.347,1.999,14.992,7517,8308,2.280,2.080,1.210,3,0,591.679,0,0,14,70,0,4,0
19-02 17:00:35,39.870,18.191,41.116,0,0,1970732,225628,179320,5546076,6626.429,538.248,0,478.443,0,74.757,6404,8302,2.280,2.080,1.210,4,0,287.066,0,0,14,70,0,4,0
19-02 17:00:36,64.928,24.818,10.028,0,0,2073260,204708,173168,5472296,4680.841,487.337,24.066,32.088,3.008,8.022,6662,7341,2.420,2.120,1.230,3,0,604.659,0,0,14,70,0,4,0
19-02 17:00:37,59.661,18.972,15.227,4.993,0,2165556,163684,171836,5422984,4863.744,629.062,3135.323,331.505,142.787,24.963,6379,7715,2.420,2.120,1.230,5,0,325.514,0,0,14,70,0,4,0
19-02 17:00:38,68.372,20.787,4.758,5.510,0,2292292,178480,172988,5283964,8198.610,540.964,3742.669,3378.020,192.343,103.184,6512,7745,2.420,2.120,1.230,4,0,424.757,0,0,14,74,0,4,0
19-02 17:00:39,71.021,23.007,1.751,5.001,0,2490796,137980,172356,5130120,5720.667,540.157,692.202,2852.831,33.010,167.049,7040,9160,2.420,2.120,1.230,4,2,452.132,0,0,14,74,0,4,0
19-02 17:00:40,57.235,19.245,8.998,12.997,0,2624716,146616,171716,4991792,9051.656,539.860,7.998,7042.176,1.999,515.866,9014,13833,2.420,2.120,1.230,3,2,339.912,0,0,14,76,0,4,0
19-02 17:00:41,54.953,11.990,16.986,15.737,0,2728976,177612,171700,4859624,9049.342,539.543,1107.063,14907.384,32.972,279.763,7696,9964,2.950,2.230,1.270,3,1,138.882,0,0,14,79,0,4,0
19-02 17:00:42,43.750,5.750,34.000,15.500,0,2840396,134136,171720,4793036,7793.076,540.005,32.000,11896.116,3.000,692.007,5477,7015,2.950,2.230,1.270,7,0,2.000,0,0,14,79,0,4,0
19-02 17:00:43,71.777,15.006,12.004,1.000,0,2906676,133948,171764,4728312,5227.931,540.200,452.167,2164.800,25.009,100.037,11907,20607,2.950,2.230,1.270,3,0,270.100,0,0,14,95,0,13,0
19-02 17:00:44,12.261,21.770,64.308,0.500,0,2888780,150692,171764,4729456,5162.679,486.441,0,3587.251,0,72.065,7228,7915,2.950,2.230,1.270,1,0,454.412,0,0,14,93,0,14,0
19-02 17:00:45,25.652,16.686,51.803,5.728,0,2942504,158568,172024,4669060,3288.464,537.949,4375.320,1239.276,223.149,56.784,6480,8089,2.950,2.230,1.270,6,0,282.921,0,0,14,93,0,14,0
19-02 17:00:46,53.786,10.257,25.517,9.006,0,3056504,173380,172252,4542828,7815.186,984.653,5091.379,5239.477,98.065,259.172,4761,3968,2.870,2.230,1.270,3,0,123.082,0,0,14,94,2,14,0
19-02 17:00:47,17.544,16.040,65.412,0.501,0,3091256,137952,172260,4543476,4761.813,779.935,0,801.989,0,55.137,5845,5414,2.870,2.230,1.270,1,0,292.726,0,0,14,97,2,14,0
19-02 17:00:48,7.981,18.956,70.836,0.499,0,3096912,132204,172260,4543568,7599.368,686.407,0,881.954,0,55.870,5936,4678,2.870,2.230,1.270,1,0,369.144,0,0,14,97,2,14,0
19-02 17:00:49,9.747,18.494,69.977,0,0,3105032,191040,172252,4478580,7847.426,687.774,3.999,119.961,1.000,10.996,5258,4077,2.870,2.230,1.270,1,0,328.892,0,0,14,97,2,14,0
19-02 17:00:50,19.502,2.250,77.008,0.500,0,3159380,136648,172252,4478624,11994.197,3073.307,8.001,36.004,1.000,3.000,2068,1879,2.870,2.230,1.270,1,0,0,0,0,14,98,2,14,0
19-02 17:00:51,19.754,6.251,63.763,9.502,0,3147000,148992,172256,4478656,26789.600,20922.374,36.008,3928.821,3.001,195.041,3550,3657,2.720,2.210,1.270,1,0,63.013,0,0,14,99,2,15,0
19-02 17:00:52,19.011,3.002,77.045,0.250,0,3205360,157480,172252,4413640,5471.177,3018.753,4.002,232.135,1.001,15.009,1752,1317,2.720,2.210,1.270,2,0,0,0,0,14,100,2,15,0
19-02 17:00:53,20.975,4.744,70.665,2.497,0,3202664,159676,172260,4414136,11801.863,4773.282,39.952,675.191,3.995,69.916,3809,5033,2.720,2.210,1.270,1,0,5.993,0,0,14,114,2,15,0
19-02 17:00:54,22.492,5.498,64.228,5.498,0,3200448,160048,172260,4415980,6288.850,539.815,1391.524,1595.454,57.980,200.931,6180,9612,2.720,2.210,1.270,1,0,1.999,0,0,14,115,2,15,0
19-02 17:00:55,22.274,8.259,65.069,3.504,0,3184432,176028,172260,4416016,6797.255,1684.798,0,1165.244,0,97.104,4583,5136,2.720,2.210,1.270,2,0,112.120,0,0,14,116,2,17,0
19-02 17:00:56,18.992,2.499,76.466,1.000,0,3223964,136488,172260,4416024,14646.541,6248.245,0,851.624,0,47.979,2154,1961,2.500,2.170,1.260,2,0,1.000,0,0,14,117,2,17,0
19-02 17:00:57,20.750,3.750,72.249,1.750,0,3220940,138888,172264,4416644,7217.919,3355.962,4.000,2555.971,1.000,78.999,3881,6009,2.500,2.170,1.260,2,0,2.000,0,0,14,121,2,17,0
19-02 17:00:58,24.054,6.264,48.359,20.045,0,3147620,276188,172264,4353960,8903.003,1828.107,0,9421.168,0,620.394,5335,6803,2.500,2.170,1.260,2,0,13.029,0,0,14,122,2,18,0
19-02 17:00:59,43.157,8.981,46.650,1.247,0,3292460,131340,172264,4353968,5526.151,484.960,0,770.348,0,49.893,3588,2324,2.500,2.170,1.260,2,0,88.810,0,0,14,122,2,18,0
19-02 17:01:00,21.503,5.501,71.259,0.500,0,3287452,200100,172252,4291540,41438.054,23079.815,0,1412.172,0,34.004,2949,2080,2.500,2.170,1.260,2,0,55.007,0,0,14,122,2,19,0
19-02 17:01:01,19.741,3.249,74.717,1.499,0,3343912,143628,172252,4291552,25689.608,2504.889,7.996,1255.443,1.999,70.969,1933,1626,2.380,2.150,1.260,0,0,0,0,0,14,123,2,19,0
19-02 17:01:02,17.504,6.001,75.517,0,0,3325376,162140,172256,4291572,27380.278,21115.842,4.001,72.017,1.000,6.001,2466,1914,2.380,2.150,1.260,1,0,51.012,0,0,14,122,2,20,0
19-02 17:01:03,17.749,2.000,79.747,0,0,3328988,158524,172256,4291576,9806.576,6191.732,0,47.998,0,4.000,1655,1286,2.380,2.150,1.260,1,0,0,0,0,14,123,2,20,0
19-02 17:01:04,17.502,6.001,72.510,2.500,0,3305256,182072,172256,4291760,11252.563,2508.348,4.001,560.078,1.000,78.011,3713,4060,2.380,2.150,1.260,1,0,82.011,0,0,14,122,2,21,0
19-02 17:01:05,20.248,4.500,73.743,0.750,0,3320736,166592,172256,4291760,7084.322,2695.742,0,611.941,0,41.996,2096,1806,2.380,2.150,1.260,0,0,5.999,0,0,14,123,2,21,0
19-02 17:01:06,17.506,6.252,74.526,0.750,0,3309656,177652,172256,4291780,29126.328,21130.493,0,536.190,0,32.011,2729,2168,2.270,2.130,1.260,2,0,56.020,0,0,14,122,2,22,0
19-02 17:01:07,18.989,2.748,77.204,0.500,0,3339756,147544,172256,4291788,12697.418,6249.268,0,495.704,0,32.980,1863,1601,2.270,2.130,1.260,1,0,0,0,0,14,123,2,22,0
19-02 17:01:08,19.523,4.005,70.333,4.005,0,3339824,147356,172256,4291908,4600.454,1480.756,0,1669.980,0,243.288,5235,7863,2.270,2.130,1.260,1,0,1.001,0,0,14,124,2,22,0
19-02 17:01:09,25.224,9.490,60.686,4.745,0,3282796,204308,172256,4291984,8192.403,1778.134,19.979,2333.551,2.997,185.805,5864,18493,2.270,2.130,1.260,1,0,88.907,0,0,14,123,2,25,0
19-02 17:01:10,18.999,3.000,70.998,6.250,0,3316412,170680,172256,4291996,11160.676,6933.798,0,4551.868,0,266.992,2336,2554,2.270,2.130,1.260,1,0,0,0,0,14,124,2,25,0
19-02 17:01:11,19.251,3.750,67.505,8.001,0,3316812,170128,172256,4292164,11589.838,4178.302,0,3680.266,0,408.030,4886,6545,2.250,2.130,1.270,1,0,0,0,0,14,124,2,24,0
19-02 17:01:12,31.481,5.996,57.964,3.248,0,3280184,206684,172260,4292232,8545.757,1447.112,0,1419.129,0,139.914,7999,12392,2.250,2.130,1.270,1,0,13.991,0,0,14,125,2,25,0
19-02 17:01:13,22.510,6.003,70.281,0.500,0,3317672,169176,172260,4292236,7503.348,540.241,0,624.279,0,37.017,2873,2671,2.250,2.130,1.270,1,0,58.026,0,0,14,125,2,25,0
19-02 17:01:14,13.250,2.000,80.002,3.000,0,3320644,166164,172260,4292276,15874.407,8973.230,0,872.022,0,78.002,2708,3445,2.250,2.130,1.270,1,1,0,0,0,14,126,2,25,0
19-02 17:01:15,19.058,7.774,68.458,4.263,0,3339512,147276,172260,4292296,4687.239,1746.305,0,938.852,0,51.155,3470,3297,2.250,2.130,1.270,1,0,147.448,0,0,14,125,2,26,0
19-02 17:01:16,18.501,2.750,77.003,1.250,0,3354016,132764,172260,4292304,9305.312,7891.265,0,584.020,0,34.001,2030,1783,2.150,2.110,1.260,0,0,1.000,0,0,14,126,2,26,0
19-02 17:01:17,22.187,3.989,68.803,3.739,0,3351588,135136,172264,4292356,12666.821,4663.680,0,1372.081,0,146.581,5407,7583,2.150,2.110,1.260,2,0,0,0,0,14,126,2,26,0
19-02 17:01:18,31.802,8.764,56.842,1.753,0,3290448,195972,172264,4292612,9373.211,2133.462,36.059,1250.029,3.005,107.174,8996,13676,2.150,2.110,1.260,5,0,94.153,0,0,14,125,2,27,0
19-02 17:01:19,28.681,9.727,56.365,3.242,0,3343300,143040,172264,4292692,8022.796,951.722,0,2015.176,0,213.489,5687,7418,2.150,2.110,1.260,2,0,194.534,0,0,14,125,2,27,0
19-02 17:01:20,17.019,3.254,77.836,1.001,0,3328728,157600,172264,4292704,14582.127,8048.902,0,756.837,0,40.044,2313,1950,2.150,2.110,1.260,3,0,25.028,0,0,14,125,2,28,0
19-02 17:01:21,9.027,20.561,68.203,1.254,0,3287472,198796,172264,4292748,7549.423,706.097,0,762.264,0,37.110,6167,4967,2.060,2.090,1.260,1,0,430.278,0,0,14,125,2,28,0
19-02 17:01:22,15.502,16.252,64.009,2.250,0,3291532,194716,172264,4293220,5741.807,560.079,0,720.101,0,45.006,6413,7255,2.060,2.090,1.260,1,0,322.045,0,0,14,125,2,28,0
19-02 17:01:23,28.725,19.733,50.455,0.749,0,3326776,159432,172264,4292812,4118.356,539.523,0,547.516,0,34.969,6040,5249,2.060,2.090,1.260,3,0,450.601,0,0,14,125,2,28,0
19-02 17:01:24,32.960,20.725,41.449,3.995,0,3376036,173340,172268,4231604,5081.794,609.256,103.873,1542.117,7.990,91.888,8220,10446,2.060,2.090,1.260,1,0,445.456,0,0,14,131,2,28,0
19-02 17:01:25,43.943,21.478,33.081,0.987,0,3478480,181940,172260,4123204,9892.702,533.246,7.900,300.198,1.975,18.762,6283,7013,2.060,2.090,1.260,6,0,508.559,0,0,16,131,2,28,0
19-02 17:01:26,61.659,23.090,15.224,0,0,3628364,159044,172164,3999700,6320.136,548.077,36.538,438.461,4.060,33.494,8402,12984,2.130,2.110,1.270,3,0,452.671,0,0,16,141,2,28,0
19-02 17:01:27,47.459,19.483,31.473,0.250,0,3699812,169200,172136,3918068,8504.735,539.539,7.993,735.372,1.998,44.962,9312,12025,2.130,2.110,1.270,2,0,447.618,0,0,16,153,2,28,0
19-02 17:01:28,26.770,22.017,48.537,1.501,0,3749132,172488,172136,3865848,4963.794,540.413,12.009,1000.765,3.002,51.039,7181,6929,2.130,2.110,1.270,1,0,602.460,0,0,17,153,2,28,0
19-02 17:01:29,21.982,15.987,50.708,9.992,0,3767592,153996,172136,3865868,8998.624,629.484,0,12561.704,0,848.305,7861,9498,2.130,2.110,1.270,3,0,280.770,0,0,17,153,2,28,0
19-02 17:01:30,30.205,23.964,44.683,0.250,0,3835268,133672,172136,3819708,9108.359,539.192,3.994,559.163,0.999,32.951,6872,6087,2.130,2.110,1.270,3,0,571.145,0,0,17,153,2,28,0
19-02 17:01:31,44.547,19.270,35.538,0.250,0,3945464,126528,172024,3718404,4185.441,486.516,152.161,1021.083,6.006,60.064,8274,11444,2.120,2.100,1.280,3,0,384.408,0,0,17,165,2,27,0
19-02 17:01:32,29.289,25.283,43.307,0.501,0,4021792,137116,172024,3633592,9516.563,610.806,24.032,752.994,3.004,45.059,7738,7421,2.120,2.100,1.280,2,0,771.018,0,0,17,165,2,27,0
19-02 17:01:33,19.471,21.967,56.664,0.749,0,4066684,137008,172024,3589804,7305.966,539.186,11.982,463.300,2.995,31.952,8304,10537,2.120,2.100,1.280,3,0,513.225,0,0,17,171,2,27,0
19-02 17:01:34,22.762,15.508,59.783,0.500,0,4083680,156100,172024,3554516,3819.083,540.295,8.004,524.286,2.001,33.018,7127,8981,2.120,2.100,1.280,3,0,303.165,0,0,17,177,2,27,0
19-02 17:01:35,45.374,7.230,45.873,0.249,0,4230812,133952,172024,3432636,7557.050,538.507,3.989,343.049,0.997,14.959,3298,1954,2.120,2.100,1.280,2,0,0.997,0,0,17,177,2,27,0
19-02 17:01:36,42.736,7.248,48.734,1.000,0,4330656,161320,172028,3307732,7995.366,539.822,135.955,315.896,11.996,23.992,3945,3175,2.110,2.100,1.280,2,1,7.997,0,0,17,184,2,25,0
19-02 17:01:37,29.601,21.072,44.903,3.763,0,4272712,218480,172032,3308516,10443.510,541.842,533.815,746.538,8.027,66.225,7498,7797,2.110,2.100,1.280,6,0,561.911,0,0,17,197,2,25,0
19-02 17:01:38,33.461,23.722,40.702,1.249,0,4301420,188532,172036,3310100,14359.124,8450.069,47.944,487.427,3.995,46.945,9232,11781,2.110,2.100,1.280,8,0,493.420,0,0,17,203,2,25,0
19-02 17:01:39,56.642,19.213,18.215,4.741,0,4373696,140804,172036,3286592,5241.974,1338.440,1097.900,319.389,19.962,15.969,6060,6233,2.110,2.100,1.280,4,0,227.565,0,0,17,202,2,26,0
19-02 17:01:40,59.217,12.797,22.583,6.273,0,4520228,129800,172044,3153256,17932.747,8756.102,1678.153,983.606,32.118,20.074,4994,4323,2.110,2.100,1.280,7,0,29.107,0,0,17,207,2,26,0
19-02 17:01:41,53.745,10.499,19.998,14.998,0.250,4500772,169212,172120,3133360,8245.158,3256.667,5855.402,2359.759,330.966,139.986,6492,7461,2.420,2.170,1.310,2,1,29.997,0,0,17,222,2,27,0
19-02 17:01:42,38.426,20.960,35.681,3.493,0,4531868,154208,172124,3118468,20913.750,6240.989,27.946,2467.252,3.992,199.616,7816,9151,2.420,2.170,1.310,2,0,479.078,0,0,17,218,2,31,0
19-02 17:01:43,37.793,20.023,39.545,1.502,0,4541548,185032,172128,3079192,14147.168,5770.595,160.183,9430.778,8.009,89.102,8559,11524,2.420,2.170,1.310,6,0,348.398,0,0,17,219,2,33,0
19-02 17:01:44,54.296,25.522,19.016,0.250,0.250,4620344,145860,172132,3040432,10831.220,6258.327,4.003,472.402,1.001,28.024,7195,7917,2.420,2.170,1.310,3,0,602.513,0,0,17,220,2,23,0
19-02 17:01:45,55.250,18.000,23.500,2.750,0,4612344,184420,172152,3010564,15244.931,5787.974,1139.995,1067.995,53.000,52.000,8787,13341,2.420,2.170,1.310,4,0,287.999,0,0,17,222,2,27,0
19-02 17:01:46,55.670,26.212,14.729,2.247,0,4734592,138280,172152,2936356,8522.735,2928.785,335.517,4621.350,4.993,56.918,7740,9729,2.790,2.250,1.340,4,1,613.118,0,0,17,228,1,27,0
19-02 17:01:47,50.988,17.746,24.994,5.999,0,4750944,160828,171976,2898488,14071.561,9199.751,559.863,1355.669,34.991,64.984,8835,14996,2.790,2.250,1.340,4,0,302.926,0,0,17,235,1,29,0
19-02 17:01:48,67.348,13.969,17.710,0.748,0,4915164,172620,171972,2725900,11448.211,4605.625,391.119,562.732,5.987,37.915,4796,4379,2.790,2.250,1.340,1,0,17.960,0,0,17,239,1,29,0
19-02 17:01:49,53.380,12.472,26.690,6.735,0,4966268,194340,171576,2654832,19708.816,14162.250,1656.287,1356.958,95.785,83.812,10895,25199,2.790,2.250,1.340,3,2,16.962,0,0,17,244,1,34,0
19-02 17:01:50,55.035,15.329,27.895,1.005,0,4953116,206964,171604,2655332,11624.232,2986.475,1270.584,1624.417,21.109,186.969,6035,5084,2.790,2.250,1.340,4,0,230.193,0,0,17,247,1,35,0
19-02 17:01:51,40.503,26.252,28.252,4.500,0,4892676,263592,171864,2659144,18184.445,11468.911,4388.349,1831.146,66.005,88.007,8193,9254,2.810,2.260,1.350,5,0,584.046,0,0,17,247,1,36,0
19-02 17:01:52,61.941,20.481,15.985,0.749,0,4984152,171656,171872,2659688,13050.638,6340.994,959.092,815.228,22.978,23.977,7986,10983,2.810,2.260,1.350,5,0,314.702,0,0,18,248,1,35,0
19-02 17:01:53,69.210,11.743,8.245,10.744,0,5024044,158772,171872,2632800,12899.477,5897.561,2866.328,903.473,151.911,66.961,5815,4796,2.810,2.260,1.350,4,0,26.984,0,0,18,250,1,37,0
19-02 17:01:54,79.671,10.240,5.245,3.497,0,5161252,126136,171888,2531148,7176.844,2922.087,2057.948,943.060,97.902,44.955,5340,3382,2.810,2.260,1.350,6,0,11.988,0,0,18,251,1,37,0
19-02 17:01:55,50.802,13.514,31.533,3.253,0,5146548,165148,171908,2507264,13691.129,9494.798,932.963,1597.649,31.032,126.130,7305,10426,2.810,2.260,1.350,2,1,228.236,0,0,18,260,1,39,0
19-02 17:01:56,42.058,9.955,44.298,2.738,0,5198980,146240,171908,2474808,14048.930,4847.891,1146.770,919.805,27.873,87.600,4614,5158,2.820,2.270,1.360,1,0,9.955,0,0,18,263,1,37,0
19-02 17:01:57,36.736,10.065,47.053,5.787,0,5140268,221392,171908,2459372,16662952.839,128063.379,970.238,3216.682,19.123,212.365,9527,7665,2.820,2.270,1.360,3,0,79.511,0,0,18,265,1,38,0
19-02 17:01:58,46.537,14.683,33.348,3.733,0,5228628,130704,171908,2461700,8653.472,2494.605,2791.250,800.344,30.859,66.695,5404,4919,2.820,2.270,1.360,1,0,198.095,0,0,18,266,1,38,0
19-02 17:01:59,29.018,4.002,63.789,1.751,0,5218604,173928,171908,2429980,24259.825,18401.245,4.002,668.408,1.001,61.037,3615,3642,2.820,2.270,1.360,2,0,7.004,0,0,18,270,1,40,0
19-02 17:02:00,35.000,6.250,41.250,17.000,0,5246060,178592,171912,2399300,49400.687,982794.767,499.997,5635.964,27.000,548.997,5794,6600,2.820,2.270,1.360,0,3,2.000,0,0,18,276,1,41,0
19-02 17:02:01,15.054,2.258,64.731,15.806,0,5237584,187052,171912,2399316,413675.209,15476438.010,0,12902.041,0,454.622,4545,3475,2.600,2.230,1.350,1,0,0,0,0,18,275,1,42,0
19-02 17:02:02,3.486,3.237,91.376,0.498,0,5170596,253948,171912,2399408,3235.760,537.799,3.984,422.272,0.996,25.894,1851,2240,2.600,2.230,1.350,0,0,36.849,0,0,18,275,1,42,0
19-02 17:02:03,2.500,1.000,94.242,1.250,0,5170004,254540,171912,2399408,125764.211,1615.861,0,407.965,0,22.998,1294,1784,2.600,2.230,1.350,2,0,0,0,0,18,279,1,42,0
19-02 17:02:04,22.284,5.258,66.351,3.255,0,5092956,315252,171928,2415696,16419055.662,111175.452,116.177,10171.503,8.012,123.188,11384,10956,2.600,2.230,1.350,1,0,28.043,0,0,18,277,1,42,0
19-02 17:02:05,14.491,15.491,68.958,0.999,0,5144088,264096,171928,2415784,7921.197,613.628,27.983,303.816,1.999,17.989,5408,5153,2.600,2.230,1.350,1,0,443.731,0,0,18,277,1,42,0
19-02 17:02:06,20.303,7.269,71.687,0.501,0,5164840,243300,171928,2415812,6997.267,541.413,0,393.026,0,29.076,3458,2994,2.470,2.210,1.350,1,0,129.338,0,0,18,277,1,42,0
19-02 17:02:07,8.009,20.272,68.826,0.751,0,5154076,253988,171928,2415872,6597.264,540.595,4.004,544.600,1.001,33.036,6740,5926,2.470,2.210,1.350,1,0,494.545,0,0,18,277,1,42,0
19-02 17:02:08,3.235,2.986,82.362,9.704,0,5149260,258800,171928,2415876,9068.265,537.467,0,16390.756,0,75.644,2405,3046,2.470,2.210,1.350,0,0,48.770,0,0,18,281,1,41,0
19-02 17:02:09,20.566,4.765,72.734,1.505,0,5208532,199364,171928,2416040,7276.455,583.882,160.517,1862.002,6.019,17.055,2506,2263,2.470,2.210,1.350,3,0,19.061,0,0,18,281,1,41,0
19-02 17:02:10,21.034,4.758,71.866,2.254,0,5200908,206768,171928,2416260,13071.125,9489.337,72.117,16.026,6.010,2.003,3417,10305,2.470,2.210,1.350,2,0,42.068,0,0,18,285,1,43,0
19-02 17:02:11,11.220,16.207,70.312,0.748,0,5184872,222496,171932,2416516,7845.011,484.703,15.957,2529.233,3.989,15.957,5841,4868,2.270,2.180,1.340,2,0,280.250,0,0,18,285,1,43,0
19-02 17:02:12,12.017,16.773,70.348,0,0,5169224,237968,171932,2416676,12650.613,540.753,0,0,0,0,5667,4603,2.270,2.180,1.340,2,0,255.356,0,0,18,285,1,39,0
19-02 17:02:13,22.434,4.985,69.297,2.243,0,5234940,172236,171932,2416692,4182.734,538.421,3.988,1547.462,0.997,183.462,3192,3099,2.270,2.180,1.340,1,0,51.848,0,0,18,285,1,39,0
19-02 17:02:14,22.284,3.756,69.106,3.505,0,5269620,162612,171932,2392576,11324.363,540.829,328.504,432.663,9.014,41.063,2723,2725,2.270,2.180,1.340,1,0,6.009,0,0,18,293,1,39,0
19-02 17:02:15,23.517,3.002,71.052,1.501,0,5230492,201620,171932,2392696,8783.466,540.398,140.103,752.554,11.008,45.033,2688,2662,2.270,2.180,1.340,1,0,5.004,0,0,18,289,1,39,0
19-02 17:02:16,23.198,4.490,70.841,0.748,0,5244848,187216,171932,2392744,7415.334,538.789,0,307.309,0,14.966,2446,2137,2.170,2.160,1.340,1,0,3.991,0,0,18,289,1,39,0
19-02 17:02:17,20.058,2.758,75.717,0,0,5210800,221268,171932,2392756,12923.106,7712.144,0,168.484,0,7.020,2685,2453,2.170,2.160,1.340,1,0,16.046,0,0,18,289,1,39,0
19-02 17:02:18,23.176,4.237,70.276,0.748,0,5250608,181364,171932,2392852,3881.637,538.286,95.695,502.400,5.981,27.911,2595,2587,2.170,2.160,1.340,2,0,0,0,0,18,289,1,39,0
19-02 17:02:19,17.293,9.524,71.930,0.752,0,5218900,212904,171936,2393016,9023.536,487.217,401.001,525.312,7.018,22.055,3797,3144,2.170,2.160,1.340,4,0,160.401,0,0,18,289,1,39,0
19-02 17:02:20,10.770,18.285,67.879,1.753,0,5230260,201388,171936,2393172,7770.723,541.025,36.068,368.699,5.009,34.065,6118,5342,2.170,2.160,1.340,1,0,418.793,0,0,18,289,1,39,0
19-02 17:02:21,21.989,3.748,72.715,0.500,0.250,5246084,185380,172108,2393184,6231.976,1615.216,147.928,0,7.996,0,2502,2099,2.080,2.140,1.330,0,0,37.982,0,0,18,290,1,37,0
19-02 17:02:22,19.502,2.250,76.010,1.500,0,5240296,184712,172736,2398896,12122.553,1822.233,120.015,1184.152,5.001,99.013,2132,1875,2.080,2.140,1.330,1,0,2.000,0,0,18,289,1,37,0
19-02 17:02:23,19.408,2.239,76.138,0.498,0,5256564,167300,172744,2400032,12284.597,3398.841,0,537.445,0,17.915,2359,2163,2.080,2.140,1.330,2,0,16.920,0,0,18,290,1,37,0
19-02 17:02:24,21.515,5.754,69.048,1.501,0,5251740,167204,173260,2404308,8807.172,714.501,44.031,988.693,4.003,23.016,11100,20198,2.080,2.140,1.330,1,0,14.010,0,0,18,289,1,37,0
19-02 17:02:25,19.798,3.508,73.177,2.005,0,5248232,170288,173316,2404676,15353.165,3559.617,12.029,1082.621,2.005,34.083,10145,18965,2.080,2.140,1.330,1,0,6.015,0,0,18,290,1,37,0
19-02 17:02:26,21.206,5.239,71.852,0.998,0,5241508,175548,173432,2406008,3552.689,485.002,7.984,403.170,1.996,7.984,2509,2112,1.990,2.120,1.330,1,0,15.967,0,0,18,290,1,37,0
19-02 17:02:27,13.801,14.052,69.505,1.004,0,5183764,244456,173448,2394872,7177.376,716.634,0,951.497,0,23.085,4626,4111,1.990,2.120,1.330,3,0,268.988,0,0,18,289,1,37,0
19-02 17:02:28,22.408,2.988,71.208,2.490,0,5221248,206772,173448,2395072,6376.876,2495.775,0,16265.365,0,69.714,2755,2973,1.990,2.120,1.330,0,0,1.992,0,0,18,292,1,37,0
19-02 17:02:29,16.260,6.504,72.296,3.752,0,5187836,240020,173448,2395236,16427.416,8912.651,20.013,428.272,2.001,26.016,3485,3177,1.990,2.120,1.330,1,0,116.074,0,0,18,291,1,40,0
19-02 17:02:30,19.231,3.996,75.174,0,0,5240548,187268,173448,2395276,6922.003,2782.188,0,59.939,0,3.996,2019,2049,1.990,2.120,1.330,0,0,0,0,0,18,292,1,40,0
19-02 17:02:31,20.513,6.004,72.547,0,0,5213964,213836,173448,2395292,14687.449,6923.454,0,8.005,0,1.001,2931,2635,1.910,2.100,1.330,1,0,70.045,0,0,18,291,1,41,0
19-02 17:02:32,19.740,2.998,72.962,4.498,0,5232284,195512,173448,2395296,13661.819,6249.715,0,2950.449,0,365.808,2420,1968,1.910,2.100,1.330,1,0,0,0,0,18,292,1,41,0
19-02 17:02:33,20.258,6.002,72.780,0,0,5210384,217400,173448,2395308,11025.534,7898.248,0,12.005,0,1.000,2935,2633,1.910,2.100,1.330,1,0,56.023,0,0,18,291,1,42,0
19-02 17:02:34,20.247,2.000,76.240,0.250,0,5227240,200504,173448,2395348,15572.970,10705.604,15.998,159.979,1.000,11.998,2594,2589,1.910,2.100,1.330,3,0,2.000,0,0,18,291,1,45,0
19-02 17:02:35,21.882,5.222,71.864,0,0,5255208,172520,173448,2395364,7453.927,537.112,11.936,179.037,0.995,10.941,2559,2123,1.910,2.100,1.330,1,0,31.829,0,0,18,291,1,45,0
19-02 17:02:36,14.829,2.262,81.183,1.257,0,5254084,173624,173448,2395384,17200.754,11431.981,0,378.016,0,36.193,2607,2865,2.080,2.130,1.350,2,0,1.005,0,0,18,291,1,45,1
19-02 17:02:37,21.998,5.000,71.495,0.250,0,5237084,190616,173448,2395392,7395.441,605.954,0,383.971,0,22.998,2769,2447,2.080,2.130,1.350,1,0,46.996,0,0,18,291,1,46,0
19-02 17:02:38,19.287,4.008,74.642,1.252,0,5223920,203768,173448,2395404,17828.863,10823.557,0,392.746,0,46.088,3143,3054,2.080,2.130,1.350,1,0,32.061,0,0,18,291,1,49,0
19-02 17:02:39,21.204,3.492,73.591,0,0,5282816,144872,173448,2395404,9541.448,2500.614,0,203.562,0,12.972,2116,1836,2.080,2.130,1.350,0,0,0,0,0,18,292,1,49,0
19-02 17:02:40,14.765,2.753,81.085,0.250,0,5237272,190396,173448,2395424,17481.254,9482.902,0,220.230,0,25.026,2586,2846,2.080,2.130,1.350,2,0,8.008,0,0,18,291,1,50,0
19-02 17:02:41,4.996,6.745,86.189,0.999,0,5229216,197948,173452,2395924,10664.488,3382.617,407.713,423.702,101.928,25.982,3179,3338,1.910,2.100,1.340,0,0,171.879,0,0,18,293,1,48,0
19-02 17:02:42,5.497,7.996,85.206,0.500,0,5204100,223016,173452,2395972,17246.163,3856.024,0,355.818,0,26.986,3094,3022,1.910,2.100,1.340,2,0,124.936,0,0,18,293,1,49,0
19-02 17:02:43,7.258,10.261,80.584,1.251,0,5182312,244624,173452,2396152,10038.405,1540.597,104.108,432.448,9.009,39.040,4202,4367,1.910,2.100,1.340,1,0,210.218,0,0,18,291,1,50,0
19-02 17:02:44,10.992,2.998,66.452,17.487,0,5179712,244624,173456,2398748,7650.472,539.610,1750.735,3645.366,201.854,215.844,2545,3080,1.910,2.100,1.340,0,1,4.996,0,0,18,291,1,50,0
19-02 17:02:45,17.265,3.003,71.314,7.757,0,5191888,218708,173476,2412452,6832.120,540.484,5484.913,596.534,351.315,17.015,2397,2590,1.910,2.100,1.340,1,0,1.001,0,0,18,291,1,43,0
19-02 17:02:46,13.740,2.748,76.695,5.996,0,5195964,208168,173476,2418864,12547.056,3955.181,871.379,1239.117,10.992,18.986,2206,2173,1.840,2.080,1.340,0,0,16.988,0,0,18,293,1,43,0
19-02 17:02:47,16.321,6.780,69.302,6.277,0,5156660,245124,173480,2421160,9414.024,1766.699,928.044,3061.341,16.070,81.355,5241,6966,1.840,2.080,1.340,0,1,61.267,0,0,18,291,1,43,0
19-02 17:02:48,16.999,11.499,68.996,1.500,0,5167956,233824,173480,2421148,7825.511,613.962,71.996,771.952,2.000,51.997,4953,4811,1.840,2.080,1.340,5,0,242.985,0,0,18,292,1,43,0
19-02 17:02:49,21.419,2.491,74.469,0,0,5201408,200348,173480,2421172,9645.574,22681.345,0,286.916,0,23.910,2967,2961,1.840,2.080,1.340,1,0,0,0,0,18,292,1,35,0
19-02 17:02:50,21.715,5.741,69.389,1.747,0,5227904,173840,173480,2421184,22866.443,942.493,0,315.496,0,35.943,2953,2653,1.840,2.080,1.340,2,0,46.925,0,0,18,291,1,36,0
19-02 17:02:51,17.262,1.751,76.552,3.753,0,5237676,163780,173480,2421472,13538.134,8197.531,256.173,112.076,15.010,9.006,2312,2245,1.770,2.060,1.330,0,1,0,0,0,18,292,1,37,0
19-02 17:02:52,21.734,5.246,71.697,0.749,0,5211220,222064,173480,2390532,4352.805,1908.599,47.965,75.944,3.997,5.996,2453,2167,1.770,2.060,1.330,1,0,13.990,0,0,18,291,1,38,0
19-02 17:02:53,15.768,2.253,77.587,3.254,0,5212044,219820,173480,2391952,13074.632,7172.026,1381.546,292.327,43.048,40.045,2676,3037,1.770,2.060,1.330,1,1,0,0,0,18,292,1,33,0
19-02 17:02:54,23.257,5.502,62.520,6.752,0,5200380,231064,173480,2392372,8439.712,1779.572,368.118,2552.820,21.007,194.062,5990,8834,1.770,2.060,1.330,1,0,6.002,0,0,18,293,1,34,0
19-02 17:02:55,20.005,2.501,76.019,0.250,0,5236224,195216,173480,2392376,14919.821,6320.619,0,312.080,0,19.005,2268,2029,1.770,2.060,1.330,1,0,0,0,0,18,294,1,34,0
19-02 17:02:56,18.997,3.999,72.988,3.000,0,5160488,270680,173480,2392648,12561.933,5650.070,95.984,979.839,3.999,109.982,4921,6884,1.710,2.040,1.330,2,0,4.999,0,0,18,293,1,35,0
19-02 17:02:57,8.533,22.587,66.757,0.502,0,5156592,274544,173480,2392680,4233.303,562.165,0,534.057,0,44.170,7404,6933,1.710,2.040,1.330,3,0,714.753,0,0,18,293,1,32,0
19-02 17:02:58,9.003,22.508,66.524,0.750,0,5146940,284160,173480,2392720,7702.734,540.192,0,1072.381,0,106.038,7883,7989,1.710,2.040,1.330,1,0,747.265,0,0,18,293,1,32,0
19-02 17:02:59,8.985,22.212,64.141,3.494,0,5152448,278612,173480,2392756,7331.591,539.088,0,4620.180,0,179.696,7448,7254,1.710,2.040,1.330,1,0,674.858,0,0,18,293,1,32,0
19-02 17:03:00,8.251,22.501,66.754,0.750,0,5132344,298676,173480,2392796,21835.357,540.034,0,596.037,0,39.002,7651,7250,1.710,2.040,1.330,1,0,671.042,0,0,18,293,1,32,0
19-02 17:03:01,8.251,22.254,67.012,1.000,0,5135820,295160,173480,2392836,19795.473,540.095,0,352.062,0,27.005,7418,6657,1.650,2.020,1.330,1,0,662.116,0,0,18,293,1,32,0
19-02 17:03:02,12.770,15.524,70.360,0.501,0,5143124,364284,173508,2321028,7172.253,540.849,32.050,108.170,8.013,9.014,5311,4800,1.650,2.020,1.330,1,0,365.574,0,0,18,293,1,27,0
19-02 17:03:03,21.903,4.729,70.188,2.240,0,5157468,375652,173808,2301288,5549.325,537.610,0,2409.287,0,343.473,2612,2099,1.650,2.020,1.330,2,0,3.982,0,0,18,293,1,27,0
19-02 17:03:04,15.519,2.002,78.095,3.254,0,5164680,367124,173844,2302564,13875.854,5770.009,120.146,3175.858,15.018,19.023,2101,2075,1.650,2.020,1.330,2,0,16.019,0,0,18,294,1,27,0
19-02 17:03:05,14.492,2.249,77.958,4.248,0.250,5177012,353796,173892,2303520,18117.349,10063.639,755.597,1195.363,46.975,39.979,2085,1968,1.650,2.020,1.330,0,0,5.997,0,0,18,294,1,27,0
19-02 17:03:06,13.489,1.749,78.935,4.996,0,5203240,325960,174000,2305012,25548.968,10590.282,1063.125,1438.816,59.951,56.953,2252,2515,1.520,1.990,1.320,1,0,0.999,0,0,18,294,1,24,0
19-02 17:03:07,15.248,1.000,78.241,4.499,0,5206204,322180,174080,2305744,17387.013,8496.029,587.933,1215.861,49.994,49.994,1941,1966,1.520,1.990,1.320,2,0,0,0,0,18,294,1,24,0
19-02 17:03:08,14.748,1.000,75.990,6.249,0,5225244,302020,174160,2306776,20932.163,8484.850,799.892,1235.832,37.995,68.991,2289,2536,1.520,1.990,1.320,2,0,0,0,0,18,294,1,24,0
19-02 17:03:09,12.997,1.750,78.231,6.498,0,5224744,286144,174260,2323044,18614.499,9217.771,7810.112,1227.703,91.978,42.990,2000,2036,1.520,1.990,1.320,1,0,0,0,0,18,294,1,24,0
19-02 17:03:10,20.247,4.999,65.240,8.749,0,5263868,225440,174584,2344204,6614.985,539.917,7158.902,1587.756,100.985,58.991,3316,10097,1.520,1.990,1.320,1,0,36.994,0,0,18,294,1,24,0
19-02 17:03:11,22.764,2.752,71.793,1.251,0,5268832,199524,175168,2364652,7612.610,540.327,0,1721.042,0,48.029,2435,2258,1.480,1.970,1.320,1,0,0,0,0,18,294,1,24,0
19-02 17:03:12,23.754,2.000,71.761,1.750,0,5291956,168388,175252,2372512,3047.476,486.076,0,684.107,0,18.003,2359,2178,1.480,1.970,1.320,1,0,0,0,0,18,294,1,24,0
19-02 17:03:13,19.249,3.250,70.497,6.000,0,5279164,159860,175732,2393084,5023.759,539.974,0,2799.866,0,131.994,2928,3416,1.480,1.970,1.320,1,1,2.000,0,0,18,294,1,24,0
19-02 17:03:14,18.251,2.250,69.004,10.251,0,5270564,155304,175804,2405928,9603.582,540.033,0,3620.219,0,223.014,2436,2456,1.480,1.970,1.320,0,2,0,0,0,18,294,1,23,0
19-02 17:03:15,12.005,2.251,64.529,20.259,0,5267848,141600,175804,2422272,7745.517,540.245,0,13121.957,0,275.125,2208,2330,1.480,1.970,1.320,1,0,0,0,0,18,294,1,23,0
19-02 17:03:16,22.241,2.249,69.472,4.248,0,5228092,192124,175816,2411332,8337.592,713.708,47.980,1695.307,1.999,59.975,2617,2695,1.440,1.960,1.320,1,0,1.999,0,0,18,293,1,23,0
19-02 17:03:17,19.745,4.499,65.734,8.998,0,5259540,160660,175816,2411348,12042.993,1811.548,0,3411.148,0,137.966,2850,2715,1.440,1.960,1.320,0,0,33.992,0,0,18,294,1,23,0
19-02 17:03:18,19.825,2.760,71.770,4.015,0,5246564,167536,175892,2417068,8765.018,1553.853,0,1947.336,0,151.571,2526,2471,1.440,1.960,1.320,1,0,3.011,0,0,18,293,1,22,0
19-02 17:03:19,17.186,2.989,76.214,2.242,0,5256512,151240,176024,2422596,14818.453,3406.232,0,717.311,0,19.925,2244,2063,1.440,1.960,1.320,0,1,16.937,0,0,18,294,1,22,0
19-02 17:03:20,22.092,6.276,69.539,1.255,0,5240284,167208,176064,2422588,4292.817,716.976,0,8563.541,0,88.367,10380,19050,1.440,1.960,1.320,1,0,13.054,0,0,18,293,1,22,0
19-02 17:03:21,22.168,6.476,69.493,0,0,5232292,174904,176124,2422760,8230.522,538.008,0,91.661,0,1.993,11333,20006,1.400,1.940,1.320,1,0,19.926,0,0,18,293,1,22,0
19-02 17:03:22,20.838,4.017,72.305,2.260,0,5219684,199856,176132,2411464,6312.622,658.778,0,1847.793,0,13.055,2897,2686,1.400,1.940,1.320,2,0,49.208,0,0,18,293,1,22,0
19-02 17:03:23,24.147,4.979,68.458,0.747,0,5219884,199636,176132,2411484,4997.681,537.706,0,848.381,0,11.949,10703,19324,1.400,1.940,1.320,1,0,25.890,0,0,18,293,1,22,0
19-02 17:03:24,19.992,2.749,76.220,0.750,0,5241116,173396,176132,2416396,15606.903,2884.873,0,811.683,0,8.996,2243,1917,1.400,1.940,1.320,1,0,16.993,0,0,18,293,1,22,0
19-02 17:03:25,19.006,3.001,76.273,0.500,0,5238928,174680,176132,2417204,11741.558,3540.073,0,576.175,0,8.002,2232,2063,1.400,1.940,1.320,4,0,18.005,0,0,18,294,1,22,0
19-02 17:03:26,23.494,3.999,68.731,1.750,0,5230788,176520,176132,2422620,8502.662,713.804,47.987,1023.718,1.999,21.994,10808,19740,1.370,1.920,1.320,1,0,14.996,0,0,18,293,1,22,0
19-02 17:03:27,22.749,6.250,68.997,0.500,0,5220464,186452,176140,2422936,9471.620,485.980,0,835.966,0,25.999,10994,19863,1.370,1.920,1.320,1,0,19.999,0,0,18,293,1,22,0
19-02 17:03:28,29.244,6.999,59.488,3.999,0,5230804,188400,176156,2411656,2811.440,539.892,367.927,1179.765,2.999,42.991,3264,3059,1.370,1.920,1.320,2,0,10.998,0,0,18,293,1,22,0
19-02 17:03:29,42.498,9.250,46.748,1.500,0,5245948,173240,176156,2411672,10437.609,539.980,767.971,1095.959,6.000,157.994,4411,3366,1.370,1.920,1.320,4,0,118.996,0,0,18,293,1,22,0
19-02 17:03:30,23.283,5.007,69.598,1.001,0,5224936,183376,176156,2422000,3505.944,610.861,0,757.068,0,6.008,2617,2109,1.370,1.920,1.320,1,0,19.027,0,0,18,293,1,19,0
19-02 17:03:31,16.735,1.249,79.179,1.249,0,5236156,171676,176156,2422400,20534.680,7962.896,0,1330.813,0,35.968,2139,2208,1.340,1.910,1.310,0,0,0,0,0,18,294,1,19,0
19-02 17:03:32,10.995,1.249,84.464,2.749,0,5233596,173756,176156,2422816,22935.332,11131.308,0,1567.339,0,56.976,1850,2032,1.340,1.910,1.310,0,0,0,0,0,18,294,1,19,0
19-02 17:03:33,4.751,0.500,91.516,1.000,0,5231516,175640,176156,2422948,67619.484,6472.099,0,668.113,0,27.005,1509,1832,1.340,1.910,1.310,0,1,0,0,0,18,295,1,19,0
19-02 17:03:34,9.506,1.501,87.051,1.001,0,5237680,169240,176180,2423124,100724.120,7328.301,0,1012.594,0,38.022,1793,2062,1.340,1.910,1.310,1,0,2.001,0,0,18,295,1,17,0
19-02 17:03:35,17.239,1.999,78.200,2.249,0,5250968,155664,176268,2423308,16075.623,9110.119,0,4485.105,0,64.958,1971,1970,1.340,1.910,1.310,0,0,0,0,0,18,295,1,17,0
19-02 17:03:36,13.005,1.501,77.030,6.753,0,5252256,153940,176364,2423608,19554.490,9883.786,32.012,8967.435,1.000,132.051,2442,3004,1.230,1.880,1.310,1,0,1.000,0,0,18,295,1,17,0
19-02 17:03:37,12.246,1.000,77.226,7.997,0,5262364,143104,176564,2424040,323355.217,15285.189,0,2271.285,0,100.968,2207,2338,1.230,1.880,1.310,0,0,0,0,0,18,295,1,17,0
19-02 17:03:38,9.748,1.500,79.482,7.748,0,5258368,146512,176804,2424280,92599.930,14011.812,27.994,2307.475,3.999,110.975,2262,2695,1.230,1.880,1.310,1,0,0,0,0,18,295,1,10,0
19-02 17:03:39,14.245,1.999,78.723,3.749,0,5263132,128424,176912,2437344,1464669.877,22238.346,103.964,1415.513,5.998,74.974,2348,2181,1.230,1.880,1.310,2,2,1.000,0,0,18,295,1,10,0
19-02 17:03:40,8.757,3.503,81.316,4.754,0,5227612,168420,176980,2433832,14546186.761,111015.475,0,6745.437,0,151.122,7562,7378,1.230,1.880,1.310,0,1,4.003,0,0,18,295,1,10,0
19-02 17:03:41,6.997,2.999,70.720,17.992,0,5228364,157812,177068,2443500,1610759.589,13629.277,163.931,19251.915,3.998,121.949,2912,2934,1.370,1.900,1.320,0,0,1.000,0,0,18,295,1,10,0
19-02 17:03:42,3.749,2.249,61.236,30.743,0,5219956,165876,177104,2443804,200502.170,3480.205,3.999,21691.042,1.000,148.966,2248,2801,1.370,1.900,1.320,0,1,0,0,0,18,295,1,10,0
19-02 17:03:43,11.759,2.502,58.296,26.521,0,5221932,161380,177152,2446256,4315.421,540.428,0,28086.267,0,267.212,2796,3370,1.370,1.900,1.320,1,2,4.003,0,0,18,295,1,8,0
19-02 17:03:44,17.503,3.751,72.013,5.751,0,5224504,138572,180464,2460120,5134.952,540.100,0,5044.935,0,104.019,2527,2608,1.370,1.900,1.320,1,0,0,0,0,18,295,1,8,0
19-02 17:03:45,20.751,3.000,71.753,3.750,0,5237680,185644,181048,2400820,7628.366,540.026,4.000,1468.070,1.000,32.002,2219,2138,1.370,1.900,1.320,1,0,0,0,0,18,295,1,8,0
19-02 17:03:46,21.995,2.000,65.984,9.248,0,5262652,153176,181216,2407968,6927.284,613.848,39.990,1275.684,2.999,55.986,2697,2884,1.340,1.880,1.310,1,0,1.000,0,0,18,295,1,8,0
19-02 17:03:47,20.248,3.000,71.242,4.250,0,5248628,144416,181960,2428564,7090.187,613.930,0,2107.758,0,92.989,2702,2731,1.340,1.880,1.310,0,1,0,0,0,18,295,1,7,0
19-02 17:03:48,19.000,3.750,70.002,5.750,0,5241376,137064,182692,2441260,5553.133,614.015,0,2556.061,0,84.002,2642,2759,1.340,1.880,1.310,1,0,0,0,0,18,295,1,7,0
19-02 17:03:49,15.058,3.012,66.505,14.807,0,5246292,122420,183080,2449984,9101.946,562.158,0,19370.372,0,319.226,2738,2643,1.340,1.880,1.310,1,0,0,0,0,18,295,1,7,0
19-02 17:03:50,5.976,2.241,63.250,26.645,0,5245548,120740,183180,2452116,5907.616,611.579,0,21112.430,0,500.021,2034,2122,1.340,1.880,1.310,1,2,0,0,0,18,295,1,7,0
19-02 17:03:51,17.822,2.761,67.021,12.300,0,5242684,133864,184400,2440548,3789.332,616.494,0,12839.952,0,152.618,2132,1964,1.320,1.870,1.310,0,1,0,0,0,18,295,1,5,0
19-02 17:03:52,17.242,2.499,72.966,6.497,0,5243852,141296,185108,2431296,7050.725,633.706,0,2063.042,0,64.970,2258,2262,1.320,1.870,1.310,1,0,0,0,0,18,295,1,5,0
19-02 17:03:53,18.940,1.495,70.777,6.729,0,5245784,123512,185928,2445032,9794.104,612.069,3.987,2224.981,0.997,78.752,2450,2502,1.320,1.870,1.310,1,0,0,0,0,18,295,1,5,0
19-02 17:03:54,20.990,3.248,75.713,0,0,5185032,219392,185928,2409940,12847.790,3129.487,0,163.921,0,7.996,2253,1916,1.320,1.870,1.310,2,0,1.999,0,0,18,293,1,5,0
19-02 17:03:55,19.503,3.251,75.512,0.250,0,5230976,167796,185996,2415348,16089.649,2646.436,0,616.101,0,5.001,2376,2118,1.320,1.870,1.310,0,1,33.005,0,0,18,294,1,2,0
19-02 17:03:56,21.757,3.501,69.271,5.252,0,5215416,182784,186084,2415668,7054.171,660.203,0,1560.480,0,19.006,2626,2548,1.290,1.850,1.310,1,0,20.006,0,0,18,293,1,2,0
19-02 17:03:57,18.744,2.999,74.975,1.999,0,5218124,173608,186604,2420736,14641.157,3719.770,0,1383.542,0,40.986,5697,9437,1.290,1.850,1.310,2,0,5.998,0,0,18,293,1,2,0
19-02 17:03:58,23.499,5.750,64.246,4.750,0,5219500,171620,186652,2421208,6644.578,539.966,4.000,3195.797,1.000,53.997,8232,13727,1.290,1.850,1.310,1,0,10.999,0,0,18,293,1,2,0
19-02 17:03:59,22.249,7.000,68.748,0.750,0,5211904,178984,186688,2421372,4700.870,539.985,0,339.991,0,9.000,10736,19590,1.290,1.850,1.310,1,0,18.999,0,0,18,293,1,1,0
19-02 17:04:00,22.018,4.754,70.308,2.002,0,5176960,226220,186696,2410080,25913.415,540.447,0,772.639,0,58.048,2631,1992,1.290,1.850,1.310,1,1,6.005,0,0,18,293,1,1,0
19-02 17:04:01,21.071,4.264,62.210,12.041,0,5188068,212156,186700,2412980,24527.639,541.826,529.785,14248.005,11.037,241.815,2964,2793,1.510,1.890,1.320,1,1,0,0,0,18,293,1,1,0
19-02 17:04:02,20.709,3.992,64.870,7.485,0,5188708,210744,186700,2413752,4298.396,538.921,415.169,1916.165,22.954,183.632,6898,10223,1.510,1.890,1.320,2,0,0,0,0,18,296,1,7,0
19-02 17:04:03,15.783,7.265,60.877,14.781,0,5174116,224792,186700,2414296,7699.060,541.129,464.970,6092.709,21.044,422.882,6137,8589,1.510,1.890,1.320,1,0,120.251,0,0,18,295,1,7,0
19-02 17:04:04,11.752,14.253,69.765,2.751,0,5172964,225024,186700,2415216,4940.039,486.102,872.183,428.090,10.002,24.005,5329,4585,1.510,1.890,1.320,1,0,319.067,0,0,18,295,1,9,0
19-02 17:04:05,8.474,4.237,70.530,15.701,0,5158404,212072,186776,2442636,8183.473,612.091,27314.796,275.142,1705.679,14.953,3782,5355,1.510,1.890,1.320,2,0,14.953,0,0,18,295,1,9,0
19-02 17:04:06,7.238,2.746,76.874,10.732,0,5142112,212556,186776,2458428,5698.676,1552.460,15854.060,3098.930,1897.895,95.843,3979,6228,1.390,1.860,1.320,0,0,7.987,0,0,18,296,1,9,0
19-02 17:04:07,1.500,0.500,96.254,0.250,0,5141800,212868,186776,2458428,24348.984,2467.100,0,204.008,0,14.001,1259,1797,1.390,1.860,1.320,0,0,0,0,0,18,296,1,9,0
19-02 17:04:08,3.000,1.250,92.990,2.000,0,5139804,214424,186840,2458772,79810.673,2427.747,275.971,219.977,5.999,27.997,1745,2381,1.390,1.860,1.320,0,0,2.000,0,0,18,296,1,9,0
19-02 17:04:09,7.500,2.250,86.749,2.000,0,5114992,236608,187176,2460868,233246.951,127734.330,175.998,1291.983,9.000,16.000,1950,2005,1.390,1.860,1.320,0,0,10.000,0,0,18,295,1,9,0
19-02 17:04:10,7.501,3.250,89.008,0,0,5104580,247020,187176,2460868,7948.749,0,0,0,0,0,2424,6710,1.390,1.860,1.320,0,0,36.003,0,0,18,295,1,10,0
19-02 17:04:11,9.506,2.251,85.301,2.001,0,5117208,234288,187188,2460960,280507.296,8485.121,0,1640.990,0,268.162,2405,2258,1.360,1.840,1.310,0,0,8.005,0,0,18,295,1,9,0
19-02 17:04:12,10.751,4.751,82.509,0,0,5122416,229016,187212,2461000,291840.343,14175.522,124.013,180.019,6.001,10.001,3280,2697,1.360,1.840,1.310,0,0,36.004,0,0,18,295,1,9,0
19-02 17:04:13,14.244,6.497,75.220,2.499,0,5112916,233436,187216,2466008,149441.451,3990.383,247.900,643.739,39.984,62.974,3580,3765,1.360,1.840,1.310,0,1,37.985,0,0,18,295,1,9,0
