"pcp-dstat 6.2.0 CSV Output"
"Author:","PCP team <pcp@groups.io> and Dag Wieers <dag@wieers.com>",,,,"URL:","https://pcp.io/ and http://dag.wieers.com/home-made/dstat/"
"Host:","ubuntu",,,,"User:","ubuntu"
"Cmdline:","dstat -tcmndrylpg --tcp --output /tmp/devstack_logs/dstat-csv.log",,,,"Date:","20 Feb 2026 15:10:01 UTC"
"system","total usage",,,,,"memory usage",,,,"net/total",,"dsk/total",,"io/total",,"system",,"load avg",,,"procs",,,"paging",,"tcp sockets",,,,
"time","total usage:usr","total usage:sys","total usage:idl","total usage:wai","total usage:stl","used","free","buf","cach","net/total:recv","net/total:send","dsk/total:read","dsk/total:writ","read","writ","int","csw","1m","5m","15m","run","blk","new","in","out","lis","act","syn","tim","clo"
20-02 15:10:01,,994264,1501832,163240,5158684,,,,,,,1.570,1.100,0.670,3,0,,,,10,5,1,18,1
20-02 15:10:02,21.746,19.996,51.241,6.249,0,1016012,1479488,163320,5159088,20585.293,11871.862,0,2327.581,0,81.985,6506,5648,1.570,1.100,0.670,1,0,561.899,0,0,10,4,1,18,2
20-02 15:10:03,27.003,19.502,45.256,7.501,0,1018072,1452868,163516,5181284,172334.358,4203.521,0,2356.292,0,62.008,6480,6028,1.570,1.100,0.670,3,0,384.048,0,0,10,4,1,17,2
20-02 15:10:04,34.972,12.990,46.963,3.497,0,1162236,1290392,164348,5321284,6693.693,539.572,0,5555.596,0,88.930,7012,8463,1.570,1.100,0.670,3,0,187.851,0,0,11,6,0,17,2
20-02 15:10:05,38.523,12.007,48.279,1.501,0,1200612,1236864,164688,5334268,7096.328,540.330,0,1985.211,0,105.064,4329,2678,1.570,1.100,0.670,6,0,161.098,0,0,11,6,0,17,2
20-02 15:10:06,31.916,8.228,46.378,12.467,0,1231792,1183832,165368,5353448,6983.657,538.585,311.183,3726.213,12.966,120.683,3961,3113,1.680,1.130,0.680,1,1,106.720,0,0,11,6,0,19,2
20-02 15:10:07,33.746,4.000,48.244,12.998,0,1268116,1134856,166184,5363284,3894.539,539.936,247.971,2915.655,7.999,68.992,2723,1896,1.680,1.130,0.680,4,0,0,0,0,11,6,0,19,2
20-02 15:10:08,27.749,4.000,46.248,21.249,0,1276728,1100484,167060,5385984,7175.755,539.982,15.999,6199.788,1.000,291.990,3752,4408,1.680,1.130,0.680,2,1,1.000,0,0,11,8,0,19,2
20-02 15:10:09,18.296,3.509,47.619,27.569,0,1276380,1090276,167860,5394304,7293.168,487.214,0,7566.850,0,466.161,5050,7597,1.680,1.130,0.680,1,1,10.025,0,0,11,8,0,19,2
20-02 15:10:10,18.197,3.490,46.115,29.663,0,1262264,1119828,168092,5378828,9889.001,3253.459,0,7916.784,0,443.699,4833,7553,1.680,1.130,0.680,1,1,1.994,0,0,11,6,0,19,0
20-02 15:10:11,22.060,5.014,45.373,25.569,0.251,1285948,1093844,168312,5380900,13207.889,2653.209,0,10400.260,0,707.924,5874,9114,1.790,1.170,0.690,1,1,36.098,0,0,11,7,0,19,0
20-02 15:10:12,23.200,4.740,37.170,32.430,0,1247904,1125184,168540,5386700,5333.457,712.458,0,13399.001,0,754.367,5722,9052,1.790,1.170,0.690,1,2,17.961,0,0,11,6,0,19,0
20-02 15:10:13,19.024,5.257,44.556,29.287,0,1234852,1130604,169172,5392464,14197.971,3651.622,0,13160.658,0,813.029,5771,9156,1.790,1.170,0.690,2,2,30.038,0,0,11,6,0,19,0
20-02 15:10:14,23.265,7.005,40.777,26.017,0,1241064,1122696,169336,5393820,7952.181,582.379,0,9882.438,0,539.351,13309,24783,1.790,1.170,0.690,1,1,22.014,0,0,11,6,0,19,0
20-02 15:10:15,21.942,7.729,40.891,27.676,0,1244624,1117936,169484,5394788,3611.382,538.566,0,5050.550,0,418.884,12249,22850,1.790,1.170,0.690,1,3,24.934,0,0,11,6,0,19,0
20-02 15:10:16,21.016,5.504,36.777,34.526,0,1272512,1101716,169580,5384332,9277.915,540.403,0,12277.150,0,837.624,5441,8390,1.890,1.200,0.710,2,2,10.007,0,0,11,6,0,19,0
20-02 15:10:17,17.495,4.749,47.235,28.241,0,1279788,1093652,169688,5385012,9566.048,485.850,0,7741.611,0,653.798,5155,7570,1.890,1.200,0.710,0,1,74.977,0,0,11,6,0,19,0
20-02 15:10:18,5.000,3.000,56.252,34.001,0,1279560,1093428,169868,5385284,9863.312,540.017,0,10024.317,0,760.024,4294,7522,1.890,1.200,0.710,0,2,9.000,0,0,11,6,0,19,0
20-02 15:10:19,9.001,2.000,60.254,26.252,0,1279268,1093428,170008,5385436,5280.372,540.038,0,7608.536,0,585.041,4106,7036,1.890,1.200,0.710,1,0,10.001,0,0,11,4,0,19,0
20-02 15:10:20,18.793,7.517,70.913,1.754,0,1216832,1155836,170028,5385444,7382.970,541.244,0,8367.232,0,121.279,2981,2272,1.890,1.200,0.710,1,0,75.173,0,0,11,4,0,19,0
20-02 15:10:21,22.748,3.500,65.493,6.999,0,1245796,1126868,170028,5385448,5345.445,539.944,0,18574.072,0,198.979,2281,1764,1.980,1.230,0.720,1,0,0,0,0,11,4,0,19,0
20-02 15:10:22,22.504,3.501,63.260,9.752,0,1237560,1135028,170092,5385460,3443.569,540.089,0,5124.847,0,308.051,2349,2402,1.980,1.230,0.720,1,2,10.002,0,0,11,4,0,19,0
20-02 15:10:23,22.707,3.493,70.117,2.495,0,1234128,1138420,170116,5385476,5032.424,538.974,0,1948.293,0,129.753,2269,1945,1.980,1.230,0.720,2,0,28.945,0,0,11,4,0,13,0
20-02 15:10:24,8.270,21.052,68.168,2.005,0,1174224,1198296,170116,5385504,9349.015,541.333,0,340.839,0,36.089,5931,4524,1.980,1.230,0.720,1,0,401.990,0,0,11,4,0,13,0
20-02 15:10:25,13.243,17.491,62.968,5.997,0,1118460,1253904,170116,5386016,7515.187,485.754,0,1719.128,0,238.879,6743,6206,1.980,1.230,0.720,1,0,352.821,0,0,11,4,0,13,0
20-02 15:10:26,33.883,13.205,51.572,0.249,0,1191952,1172996,170120,5393488,7059.690,538.147,7422.440,5321.674,74.743,41.856,5272,5604,2.060,1.260,0.730,3,0,194.331,0,0,11,5,0,13,0
20-02 15:10:27,45.292,5.255,48.045,0.250,0,1262688,1101216,170128,5394508,4759.459,540.506,512.480,17047.970,8.008,246.231,3078,2012,2.060,1.260,0.730,2,0,6.006,0,0,11,5,0,13,0
20-02 15:10:28,39.254,6.751,46.505,6.751,0,1279336,1083836,170144,5395272,7208.722,540.054,0,2632.264,0,200.020,3028,2271,2.060,1.260,0.730,3,3,0,0,0,11,5,0,13,0
20-02 15:10:29,16.497,7.749,71.486,2.999,0,1284672,1076780,170164,5396940,8019.477,539.897,0,2055.610,0,216.959,3394,4645,2.060,1.260,0.730,0,0,118.977,0,0,11,4,0,13,0
20-02 15:10:30,23.258,6.502,69.273,0,0,1346876,1014464,170164,5397068,3317.122,540.183,0,2260.765,0,14.005,2842,12980,2.060,1.260,0.730,1,0,58.020,0,0,11,4,0,14,0
20-02 15:10:31,23.998,2.250,73.745,0,0,1381728,979436,170164,5397244,2960.810,539.965,0,4.000,0,1.000,1639,1187,1.970,1.250,0.730,1,0,0,0,0,11,4,0,12,0
20-02 15:10:32,18.536,4.509,62.620,11.773,0,1286692,1074320,170240,5397320,9052.365,486.934,0,4905.410,0,448.861,4243,5747,1.970,1.250,0.730,1,0,43.083,0,0,11,4,0,14,0
20-02 15:10:33,21.461,4.242,70.373,3.993,0,1326208,1034124,170512,5397780,6089.012,539.027,730.681,9522.816,28.948,270.512,2057,1440,1.970,1.250,0.730,1,0,0,0,0,11,4,0,14,0
20-02 15:10:34,18.049,1.755,75.955,2.507,0,1344608,1015504,170516,5398020,11652.429,4632.495,52.141,1078.910,13.035,39.105,2350,2522,1.970,1.250,0.730,2,0,1.003,0,0,11,17,0,14,0
20-02 15:10:35,17.200,5.484,74.784,2.244,0,1299832,1059996,170552,5398224,11892.705,4872.948,219.367,945.274,53.845,6.980,2686,2292,1.970,1.250,0.730,1,0,45.868,0,0,11,28,0,14,0
20-02 15:10:36,19.745,2.000,76.982,0.250,0,1354720,1005100,170552,5398228,12187.206,4618.941,0,87.980,0,5.999,1805,1352,1.900,1.250,0.730,1,0,0,0,0,11,29,0,14,0
20-02 15:10:37,24.812,10.777,63.910,0,0,1379388,980408,170552,5398252,10402.016,3321.307,0,16.040,0,4.010,3485,2736,1.900,1.250,0.730,2,0,156.391,0,0,11,28,0,15,0
20-02 15:10:38,39.753,4.000,56.004,0,0,1424832,934824,170552,5398392,12561.902,8360.601,0,1544.111,0,9.001,3118,2229,1.900,1.250,0.730,2,0,0,0,0,11,30,0,15,0
20-02 15:10:39,28.005,7.001,54.260,9.002,0,1408112,951448,170560,5398480,18584.288,11361.010,0,22287.943,0,213.038,6808,8979,1.900,1.250,0.730,3,1,107.019,0,0,11,28,0,16,0
20-02 15:10:40,66.021,23.007,6.252,3.501,0,1529556,829992,170560,5398492,6729.182,486.158,0,22639.342,0,217.070,5862,4836,1.900,1.250,0.730,6,1,472.153,0,0,11,28,0,16,0
20-02 15:10:41,84.798,11.722,3.741,0,0,1728384,630972,170560,5398668,22970.296,20475.238,0,22147.256,0,180.570,5752,6025,2.220,1.330,0.760,3,0,0,0,0,11,32,0,16,0
20-02 15:10:42,52.800,8.508,27.276,11.511,0,1740256,619004,170588,5398728,30701.046,21355.204,0,28138.621,0,273.259,6656,11115,2.220,1.330,0.760,4,1,99.094,0,0,11,30,0,20,0
20-02 15:10:43,26.214,10.486,61.416,0.749,0,1555700,803368,170600,5398908,10371.897,5232.885,0,2220.980,0,91.875,5151,5714,2.220,1.330,0.760,2,0,210.713,0,0,11,28,0,22,0
20-02 15:10:44,18.998,2.750,77.491,0,0,1546596,812464,170600,5398916,11464.611,4449.461,0,263.968,0,12.998,2022,1772,2.220,1.330,0.760,2,0,0,0,0,11,29,0,22,0
20-02 15:10:45,16.247,5.999,74.488,2.500,0,1492884,866132,170628,5398932,9176.465,3569.403,0,4115.312,0,125.979,3583,3824,2.220,1.330,0.760,2,0,67.989,0,0,11,28,0,23,0
20-02 15:10:46,18.506,2.001,78.024,0,0,1507836,851172,170628,5398940,8808.741,4493.398,0,0,0,0,1918,1697,2.050,1.300,0.760,1,0,0,0,0,11,29,0,23,0
20-02 15:10:47,14.539,8.523,74.451,1.504,0,1468332,890644,170644,5398956,10151.455,3550.603,0,962.603,0,62.168,4124,4232,2.050,1.300,0.760,1,0,186.504,0,0,11,28,0,24,0
20-02 15:10:48,25.749,29.999,42.999,0,0,1451860,907100,170648,5398968,8419.747,539.984,0,363.989,0,26.999,6658,6057,2.050,1.300,0.760,6,0,837.975,0,0,11,28,0,23,0
20-02 15:10:49,87.007,12.001,1.000,0,0,1633396,725520,170652,5399008,10875.839,6392.493,0,80.006,0,6.000,4883,2600,2.050,1.300,0.760,5,0,15.001,0,0,11,30,0,23,0
20-02 15:10:50,69.001,8.750,21.250,0.250,0,1677108,681564,170664,5399240,45438.541,37814.450,0,260.003,0,30.000,9485,13933,2.050,1.300,0.760,5,0,29.000,0,0,11,31,1,23,0
20-02 15:10:51,78.007,19.252,1.750,0.250,0,1581708,776924,170684,5399260,12453.178,6786.642,0,548.052,0,51.005,6539,7360,2.360,1.380,0.790,7,0,281.027,0,0,11,28,0,24,0
20-02 15:10:52,87.998,9.250,3.000,0,0,1751332,607268,170684,5399292,20567.599,15592.696,0,183.996,0,11.000,5685,4013,2.360,1.380,0.790,3,0,0,0,0,11,32,1,20,0
20-02 15:10:53,70.193,9.492,18.985,0,0,1681224,676904,170688,5399752,55416.775,44798.441,0,419.658,0,25.979,10101,17142,2.360,1.380,0.790,4,0,99.918,0,0,11,29,0,24,1
20-02 15:10:54,45.388,11.971,40.650,0.748,0,1551208,806896,170696,5399768,8418.268,3945.284,0,391.037,0,25.936,4775,4437,2.360,1.380,0.790,2,0,197.514,0,0,11,28,0,25,0
20-02 15:10:55,34.112,3.762,61.953,0.752,0,1552488,805584,170700,5399796,19201.018,12621.424,0,180.593,0,10.033,3690,3943,2.360,1.380,0.790,2,0,0,0,0,11,30,0,25,0
20-02 15:10:56,48.501,18.500,30.501,1.500,0,1512316,845704,170708,5399836,14008.290,6937.144,0,340.007,0,29.001,6211,6389,2.410,1.410,0.800,3,0,378.008,0,0,11,28,0,24,0
20-02 15:10:57,55.484,5.498,38.239,0,0,1585176,772680,170708,5400000,22918.560,16177.454,0,187.947,0,7.998,4772,4541,2.410,1.410,0.800,3,0,0,0,0,11,31,0,24,0
20-02 15:10:58,57.266,18.755,22.006,1.500,0,1481520,876152,170716,5400172,20401.559,13177.591,0,520.142,0,48.013,7286,9006,2.410,1.410,0.800,4,0,258.070,0,0,11,28,0,25,0
20-02 15:10:59,73.812,7.730,17.705,0.249,0,1610932,746640,170720,5400252,24115.421,17927.222,0,151.613,0,5.985,5305,3951,2.410,1.410,0.800,4,0,0.997,0,0,11,32,0,25,0
20-02 15:11:00,56.634,16.289,26.814,0.251,0,1484432,872920,170744,5400444,30223.734,23506.792,0,521.237,0,40.095,9152,13396,2.410,1.410,0.800,3,0,324.771,0,0,11,28,0,28,0
20-02 15:11:01,55.179,6.741,37.202,0,0,1562888,794412,170744,5400496,14577.211,9140.219,0,195.748,0,13.982,3941,2456,2.380,1.420,0.810,5,0,0,0,0,11,31,0,28,0
20-02 15:11:02,51.199,12.238,35.215,0.749,0,1490676,866560,170756,5400548,26463.681,20906.208,0,487.515,0,44.955,7949,11099,2.380,1.420,0.810,3,0,298.703,0,0,11,28,0,30,0
20-02 15:11:03,59.451,9.242,30.725,0,0,1602088,755096,170756,5400584,12330.797,6378.722,0,447.630,0,11.990,3584,1679,2.380,1.420,0.810,0,0,0,0,0,11,31,0,30,0
20-02 15:11:04,49.659,8.527,41.633,0.251,0,1520188,836556,170764,5401012,31046.327,22607.328,0,1175.762,0,27.087,7275,9973,2.380,1.420,0.810,3,0,89.286,0,0,11,28,0,33,0
20-02 15:11:05,60.284,13.950,24.662,0.249,0,1537160,819564,170768,5401028,9549.748,2946.432,0,231.171,0,13.950,3993,2420,2.380,1.420,0.810,3,0,197.292,0,0,11,29,0,33,0
20-02 15:11:06,50.182,6.524,41.651,1.505,0,1553608,802904,170776,5401232,29183.760,23874.519,0,381.382,0,41.149,6945,9468,2.510,1.460,0.820,3,0,30.109,0,0,11,28,0,35,0
20-02 15:11:07,59.464,11.493,28.483,0.250,0,1560252,796252,170780,5401236,9376.344,2749.342,0,247.850,0,13.992,3972,2162,2.510,1.460,0.820,2,0,81.951,0,0,11,29,0,35,0
20-02 15:11:08,45.778,5.754,44.277,3.002,0,1480804,875668,170780,5401300,33115.215,23936.612,0,4194.561,0,324.198,7656,9708,2.510,1.460,0.820,3,0,4.002,0,0,11,28,0,35,0
20-02 15:11:09,62.990,28.245,8.499,0,0,1542332,814120,170788,5401312,4955.209,539.914,0,347.944,0,29.995,6012,5449,2.510,1.460,0.820,8,0,639.898,0,0,11,28,0,35,0
20-02 15:11:10,81.451,17.490,0.999,0,0,1720904,635524,170792,5401364,21600.082,16745.985,0,259.845,0,10.993,6232,5750,2.510,1.460,0.820,7,0,446.733,0,0,11,32,0,35,0
20-02 15:11:11,75.307,19.765,5.004,0,0,1729784,626360,170812,5401620,46964.836,34787.544,0,4483.421,0,189.144,9202,11862,2.870,1.560,0.860,6,0,535.409,0,0,11,30,0,36,0
20-02 15:11:12,79.493,17.998,1.750,0,0,1605136,750772,170824,5401832,25714.834,17656.512,0,299.975,0,30.997,6711,6455,2.870,1.560,0.860,5,0,228.981,0,0,11,29,0,36,0
20-02 15:11:13,78.236,8.998,11.998,0,0,1710872,644960,170824,5401908,36041.353,28471.749,0,131.976,0,9.998,6847,8490,2.870,1.560,0.860,5,0,39.993,0,0,11,32,0,37,0
20-02 15:11:14,48.764,19.005,31.509,0,0,1434536,921064,170828,5402128,32689.268,25170.136,0,356.101,0,14.004,9908,13921,2.870,1.560,0.860,2,0,541.153,0,0,11,28,0,41,0
20-02 15:11:15,38.000,34.000,28.000,0,0,1444608,910972,170840,5402136,7760.097,540.007,0,264.003,0,26.000,6656,6616,2.870,1.560,0.860,5,0,987.012,0,0,11,28,0,41,0
20-02 15:11:16,72.999,10.000,14.500,1.750,0,1590828,764672,170840,5402212,21577.594,16544.689,0,1687.968,0,164.997,5409,4204,2.880,1.580,0.870,1,0,33.999,0,0,11,32,0,41,0
20-02 15:11:17,61.499,13.750,24.000,0.250,0,1540616,814668,170860,5402400,23653.733,17414.803,0,595.993,0,56.999,7111,10115,2.880,1.580,0.870,4,0,200.998,0,0,11,28,0,45,0
20-02 15:11:18,73.117,11.479,14.973,0,0,1618184,737060,170860,5402436,21822.424,11785.626,0,183.667,0,7.986,4681,3533,2.880,1.580,0.870,3,0,66.879,0,0,11,31,0,45,0
20-02 15:11:19,55.695,5.744,37.213,0,0,1633788,721184,170860,5402704,48745.880,40794.729,0,215.787,0,11.988,11644,18508,2.880,1.580,0.870,2,0,0.999,0,0,11,32,0,45,0
20-02 15:11:20,66.433,13.788,18.802,0.752,0,1596536,758212,170888,5402896,27108.831,22278.498,0,565.561,0,60.166,9250,13835,2.880,1.580,0.870,4,0,90.249,0,0,11,28,0,45,0
20-02 15:11:21,73.714,9.745,16.492,0,0,1595936,758764,170888,5402940,20271.087,13064.611,0,1355.337,0,92.955,4972,3295,2.970,1.620,0.890,2,1,29.985,0,0,11,31,0,45,0
20-02 15:11:22,54.516,6.502,37.761,0.750,0,1603940,750476,170892,5403212,51136.873,43239.576,0,1008.293,0,102.030,13587,21055,2.970,1.620,0.890,2,0,0,0,0,11,32,0,45,0
20-02 15:11:23,69.264,15.753,14.253,0,0,1542168,812060,170892,5403396,30873.280,21769.428,0,152.031,0,8.002,8182,11279,2.970,1.620,0.890,4,0,260.053,0,0,11,28,0,49,0
20-02 15:11:24,71.956,8.495,19.738,0,0,1641028,713132,170892,5403464,22845.160,18611.724,0,251.847,0,9.994,5682,5155,2.970,1.620,0.890,1,0,0,0,0,11,32,0,49,0
20-02 15:11:25,61.037,9.006,29.018,0.500,0,1625444,728308,170896,5403820,39847.430,34120.919,0,264.162,0,20.012,12054,18457,2.970,1.620,0.890,6,2,59.036,0,0,11,29,0,51,0
20-02 15:11:26,79.778,14.460,4.986,0.499,0,1599760,753980,170904,5403824,11460.164,4901.384,0,179.501,0,15.956,5042,2934,2.970,1.640,0.900,4,0,70.803,0,0,11,29,0,51,0
20-02 15:11:27,59.157,11.781,28.827,0,0,1626892,726780,170908,5403864,30683.538,22251.130,0,2422.437,0,142.378,6874,8312,2.970,1.640,0.900,4,0,126.336,0,0,11,30,0,53,0
20-02 15:11:28,68.505,10.501,20.252,0.250,0,1643628,709820,170908,5404084,36468.839,30490.374,0,152.012,0,8.001,6782,12168,2.970,1.640,0.900,3,0,59.005,0,0,11,30,0,55,0
20-02 15:11:29,73.503,14.501,11.750,0,0,1563236,790144,170908,5404148,24894.864,17783.617,0,180.006,0,11.000,6254,7899,2.970,1.640,0.900,3,0,141.005,0,0,11,29,0,57,0
20-02 15:11:30,74.912,10.238,14.233,0,0,1642384,710812,170908,5406564,22940.898,16873.067,0,147.825,0,7.991,5949,9347,2.970,1.640,0.900,5,0,95.887,0,0,11,29,1,59,0
20-02 15:11:31,68.327,11.763,19.272,0,0,1678420,674596,170908,5404508,27948.535,20984.677,0,116.131,0,13.015,6473,13118,2.980,1.670,0.910,2,0,36.041,0,0,11,30,0,61,0
20-02 15:11:32,55.322,12.709,29.655,1.744,0,1553460,799512,170932,5404528,17055.257,11896.814,0,514.349,0,52.830,5577,6280,2.980,1.670,0.910,4,0,197.367,0,0,11,28,0,64,0
20-02 15:11:33,55.409,9.026,34.599,0.251,0,1574512,778416,170944,5404556,14439.434,9047.963,0,212.610,0,16.046,4071,3400,2.980,1.670,0.910,7,0,60.173,0,0,11,30,0,61,0
20-02 15:11:34,51.749,9.750,37.749,0.500,0,1475028,877644,170952,5404800,31574.528,23394.650,0,1939.971,0,28.000,6625,9681,2.980,1.670,0.910,3,0,139.998,0,0,11,30,0,63,1
20-02 15:11:35,59.199,9.742,30.973,0,0,1525632,827016,170956,5404820,12763.012,7768.312,0,187.838,0,8.992,3709,2123,2.980,1.670,0.910,1,0,42.963,0,0,11,32,0,64,0
20-02 15:11:36,41.476,6.746,50.470,0.250,0,1521184,831336,170968,5404924,31669.460,22794.656,0,383.775,0,30.982,6767,10171,2.820,1.650,0.910,3,0,86.949,0,0,11,33,0,66,0
20-02 15:11:37,36.278,10.758,51.791,0.250,0,1483048,869456,170972,5404932,10361.129,2954.318,0,332.261,0,29.023,4464,4007,2.820,1.650,0.910,2,0,135.106,0,0,11,32,0,66,0
20-02 15:11:38,35.690,3.993,59.150,0,0,1513816,838676,170976,5404940,20989.657,13108.927,0,147.751,0,9.983,4196,4187,2.820,1.650,0.910,2,0,0,0,0,11,34,0,66,0
20-02 15:11:39,35.089,10.777,52.383,1.504,0,1462440,889916,170984,5405068,11972.324,5415.717,0,453.148,0,56.142,4999,5334,2.820,1.650,0.910,2,0,139.353,0,0,11,32,0,68,0
20-02 15:11:40,34.144,4.237,60.811,0.498,0,1483992,868336,170992,5405096,15214.603,11731.454,0,275.143,0,18.941,3286,3150,2.820,1.650,0.910,2,0,0,0,0,11,33,0,69,0
20-02 15:11:41,35.751,8.500,50.001,4.750,0,1434436,917716,171008,5405256,9429.195,6197.128,0,1916.040,0,129.003,4496,5324,2.830,1.680,0.920,2,0,65.001,0,0,11,32,0,68,0
20-02 15:11:42,37.322,5.260,54.104,2.505,0,1483068,868936,171008,5405404,22601.573,11865.876,0,3009.803,0,159.307,3383,3883,2.830,1.680,0.920,1,0,0,0,0,11,34,0,68,0
20-02 15:11:43,33.929,6.736,57.878,0.499,0.249,1444852,907096,171024,5405436,18447.275,11165.561,0,251.472,0,19.958,5000,5852,2.830,1.680,0.920,2,0,42.910,0,0,11,32,0,70,0
20-02 15:11:44,38.826,5.260,55.107,0,0,1450376,901568,171028,5405436,13886.019,6541.729,0,212.413,0,14.027,3207,2802,2.830,1.680,0.920,3,0,5.010,0,0,11,33,0,70,0
20-02 15:11:45,27.542,9.264,62.345,0,0,1447116,904708,171028,5405552,22980.914,15603.706,0,288.438,0,24.037,6030,7360,2.830,1.680,0.920,1,0,226.344,0,0,11,33,0,64,0
20-02 15:11:46,20.683,5.482,72.266,0.249,0,1394644,957168,171036,5405552,11198.679,1812.123,0,279.095,0,22.926,2608,2635,2.690,1.670,0.920,1,0,55.819,0,0,11,32,0,65,0
20-02 15:11:47,17.013,2.252,79.562,0,0,1410980,940688,171036,5405696,15492.046,8819.858,0,144.112,0,8.006,2615,2930,2.690,1.670,0.920,1,0,0,0,0,11,33,0,65,0
20-02 15:11:48,12.738,12.239,73.931,0.500,0,1382168,969464,171048,5405716,6721.705,2961.227,0,335.686,0,28.973,4674,4427,2.690,1.670,0.920,1,0,283.734,0,0,11,32,0,66,0
20-02 15:11:49,18.998,3.000,76.743,0,0,1441848,909780,171052,5405716,5449.538,2750.767,0,187.984,0,10.999,1788,1407,2.690,1.670,0.920,0,0,1.000,0,0,11,33,0,65,0
20-02 15:11:50,19.513,3.002,76.050,0.250,0,1421212,930384,171056,5405744,17475.480,9046.943,0,824.542,0,19.012,3641,4148,2.690,1.670,0.920,1,0,27.018,0,0,11,32,0,66,0
20-02 15:11:51,21.483,4.496,73.192,0,0,1424200,927392,171060,5405744,6550.776,485.613,0,163.869,0,13.989,1987,1546,2.550,1.650,0.920,1,0,18.985,0,0,11,32,0,66,0
20-02 15:11:52,16.765,2.252,80.822,0.250,0,1427504,924064,171060,5405768,18036.020,10739.539,0,32.028,0,4.004,3373,4198,2.550,1.650,0.920,2,0,0,0,0,11,33,0,66,0
20-02 15:11:53,13.284,12.783,72.437,0,0,1386464,964928,171076,5405924,9327.099,4391.346,0,364.943,0,27.070,5439,5565,2.550,1.650,0.920,2,0,308.798,0,0,11,32,0,63,0
20-02 15:11:54,31.403,14.206,53.087,0.498,0,1463588,887716,171092,5405996,7495.928,538.343,35.890,498.466,0.997,30.905,5010,4173,2.550,1.650,0.920,2,0,317.024,0,0,11,32,0,65,0
20-02 15:11:55,36.138,5.234,47.354,10.218,0,1551800,796344,171188,5408668,5325.565,538.339,434.659,3772.358,16.948,157.514,3802,3868,2.550,1.650,0.920,2,1,10.966,0,0,11,36,0,65,0
20-02 15:11:56,28.086,4.514,43.884,22.068,0,1562420,784500,171288,5409628,3296.100,541.660,0,4798.705,0,458.405,5334,7993,2.670,1.690,0.940,3,1,19.058,0,0,11,36,0,65,0
20-02 15:11:57,26.963,4.494,40.445,24.716,0,1606092,739884,171532,5410308,7950.213,539.268,0,6251.518,0,568.229,5811,8799,2.670,1.690,0.940,2,1,31.957,0,0,11,36,0,60,0
20-02 15:11:58,25.277,6.257,38.041,29.282,0,1619272,725688,171728,5411072,5626.088,486.526,0,11576.528,0,827.896,6262,9877,2.670,1.690,0.940,1,3,7.008,0,0,11,36,0,60,0
20-02 15:11:59,25.567,5.013,43.112,24.063,0,1603936,740264,171868,5411672,5523.391,541.411,0,13298.650,0,839.187,5704,9716,2.670,1.690,0.940,2,1,13.034,0,0,11,36,0,60,0
20-02 15:12:00,26.682,4.738,43.639,22.942,0,1632832,710276,172004,5412600,8558.240,538.630,0,7369.263,0,617.430,5603,8435,2.670,1.690,0.940,1,1,25.934,0,0,11,36,0,60,0
20-02 15:12:01,26.271,5.004,42.284,24.520,0,1594564,747812,172136,5413184,6555.220,540.430,0,4891.895,0,500.398,4898,7494,2.770,1.730,0.950,2,1,22.018,0,0,11,36,0,56,0
20-02 15:12:02,27.983,4.497,35.978,28.233,0,1618976,722536,172276,5413880,8824.639,633.615,0,14411.245,0,1013.384,6863,11389,2.770,1.730,0.950,2,0,16.990,0,0,11,36,0,56,0
20-02 15:12:03,27.086,5.267,42.385,24.328,0,1634288,706592,172444,5414324,6119.495,541.726,0,9181.249,0,742.365,6072,9944,2.770,1.730,0.950,1,1,13.042,0,0,11,36,0,56,0
20-02 15:12:04,25.239,3.998,44.480,24.489,0,1535924,804728,172532,5414456,3936.224,539.756,0,9031.924,0,615.722,4550,7286,2.770,1.730,0.950,1,1,8.996,0,0,11,36,0,56,0
20-02 15:12:05,25.743,4.749,43.738,24.244,0,1578964,761188,172628,5414848,7442.034,539.857,0,6862.187,0,582.846,5357,8099,2.770,1.730,0.950,1,2,11.997,0,0,11,38,0,51,0
20-02 15:12:06,26.694,4.989,39.417,26.943,0,1572160,767348,172664,5415440,4961.544,484.978,0,5384.652,0,464.022,4782,7039,3.030,1.800,0.980,1,1,3.992,0,0,11,38,0,51,0
20-02 15:12:07,25.508,5.252,39.513,27.759,0,1544200,795188,172724,5415488,4659.539,540.178,0,9143.020,0,665.220,4890,7536,3.030,1.800,0.980,3,1,7.002,0,0,11,38,0,51,0
20-02 15:12:08,37.317,6.011,42.075,14.526,0,1547452,792596,172792,5414760,7936.194,540.967,0,5589.997,0,470.842,4684,6022,3.030,1.800,0.980,2,0,7.013,0,0,11,32,0,51,0
20-02 15:12:09,41.222,5.246,44.220,8.244,0,1556896,783056,172824,5414824,4546.949,539.638,0,2178.538,0,238.840,4354,4719,3.030,1.800,0.980,2,0,2.998,0,0,11,34,0,51,0
20-02 15:12:10,27.945,6.238,40.920,22.955,0,1552844,786812,172984,5414956,7508.254,538.942,0,6978.295,0,782.463,7021,11045,3.030,1.800,0.980,2,1,0.998,0,0,11,34,0,47,0
20-02 15:12:11,26.988,6.247,35.734,28.237,0,1598292,741088,173144,5415068,6373.164,539.760,0,12006.656,0,1013.549,6798,11327,3.110,1.840,1,1,1,1.999,0,0,11,34,0,47,0
20-02 15:12:12,18.319,16.813,44.919,18.570,0,1555416,783372,173376,5415416,4198.755,542.034,0,8917.462,0,1012.800,10735,16133,3.110,1.840,1,2,1,479.800,0,0,11,34,0,47,0
20-02 15:12:13,12.991,21.235,52.962,10.992,0,1437756,900720,173412,5415644,9542.188,539.615,0,2754.034,0,191.863,7199,7610,3.110,1.840,1,1,0,616.560,0,0,11,32,0,47,0
20-02 15:12:14,11.008,17.512,65.795,5.003,0,1440208,898220,173424,5415672,6055.156,540.371,0,1793.231,0,179.123,5442,4444,3.110,1.840,1,1,0,373.256,0,0,11,32,0,45,0
20-02 15:12:15,21.939,3.989,65.816,6.981,0,1506232,832156,173496,5415656,7067.262,484.646,0,5875.591,0,403.872,2498,2283,3.110,1.840,1,1,1,1.994,0,0,11,32,0,45,0
20-02 15:12:16,22.498,3.250,69.995,3.000,0,1475436,862928,173520,5415656,10839.207,539.960,0,2351.828,0,121.991,1992,1745,2.940,1.830,1,2,0,1.000,0,0,11,32,0,45,0
20-02 15:12:17,22.497,3.250,73.740,0,0,1485148,853220,173520,5415652,7952.930,539.927,0,19.997,0,1.000,1797,1154,2.940,1.830,1,1,0,2.000,0,0,11,32,0,45,0
20-02 15:12:18,22.254,3.251,73.513,0,0,1505760,832588,173520,5415672,9292.703,540.099,0,8.001,0,2.000,1831,1296,2.940,1.830,1,2,0,1.000,0,0,11,32,0,37,0
20-02 15:12:19,22.750,3.000,73.498,0,0,1502368,835980,173520,5415672,4707.898,539.988,0,235.995,0,41.999,1772,1208,2.940,1.830,1,2,0,4.000,0,0,11,32,0,37,0
20-02 15:12:20,22.246,3.749,73.736,0,0,1545092,793276,173520,5415652,13564.485,539.900,0,0,0,0,1818,1209,2.940,1.830,1,1,0,2.000,0,0,11,32,0,37,0
20-02 15:12:21,22.000,3.250,73.501,0,0,1523612,814724,173520,5415680,7324.071,540.005,0,164.002,0,12.000,1924,1599,2.780,1.810,1,4,0,1.000,0,0,11,32,0,37,0
20-02 15:12:22,23.002,3.250,73.756,0.250,0,1565312,773028,173528,5415668,6160.536,486.042,0,372.032,0,24.002,1810,1395,2.780,1.810,1,1,0,2.000,0,0,11,32,0,37,0
20-02 15:12:23,21.999,3.250,73.248,0,0,1545708,792620,173528,5415680,7421.767,539.983,0,51.998,0,5.000,1789,1299,2.780,1.810,1,4,0,1.000,0,0,11,32,0,37,0
20-02 15:12:24,23.744,2.999,73.982,0,0,1568664,769688,173528,5415656,7962.085,539.870,0,27.993,0,2.000,1774,1170,2.780,1.810,1,4,0,2.000,0,0,11,32,0,37,0
20-02 15:12:25,21.997,3.250,73.240,0,0,1544532,793880,173528,5415596,9393.703,539.925,0,1447.800,0,44.994,1850,1295,2.780,1.810,1,3,0,1.000,0,0,11,32,0,37,0
20-02 15:12:26,22.314,3.510,73.712,0,0,1534672,803740,173528,5415596,12816.845,541.557,0,766.203,0,12.035,1889,1264,2.640,1.800,1,1,0,3.009,0,0,11,32,0,31,0
20-02 15:12:27,22.698,3.991,72.584,0,0,1494664,843624,173528,5415684,3561.835,538.765,0,11.973,0,0.998,1946,1450,2.640,1.800,1,1,0,6.984,0,0,11,32,0,31,0
20-02 15:12:28,21.997,3.750,72.990,0.750,0,1539680,798624,173532,5415664,6165.179,539.928,0,163.978,0,2.000,1803,1204,2.640,1.800,1,1,0,2.000,0,0,11,32,0,31,0
20-02 15:12:29,22.252,3.250,73.756,0,0,1512692,825588,173532,5415688,9392.809,540.047,0,20.002,0,1.000,1809,1302,2.640,1.800,1,1,0,2.000,0,0,11,32,0,31,0
20-02 15:12:30,21.998,3.750,73.242,0,0,1523436,814844,173532,5415688,5798.380,485.948,0,147.984,0,27.997,1815,1334,2.640,1.800,1,1,0,1.000,0,0,11,32,0,25,0
20-02 15:12:31,26.742,5.748,65.730,1.000,0,1549108,789172,173536,5415684,6750.936,539.835,0,259.921,0,13.996,2975,9122,2.510,1.780,1,1,0,37.988,0,0,11,32,0,26,0
20-02 15:12:32,13.538,15.543,69.944,0.251,0,1505316,832912,173536,5415736,5666.721,541.502,0,549.525,0,29.081,4907,3971,2.510,1.780,1,2,0,395.096,0,0,11,32,0,26,0
20-02 15:12:33,19.950,5.985,73.068,0.249,0,1516572,821648,173536,5415744,9309.752,538.655,0,83.791,0,4.988,2452,1903,2.510,1.780,1,1,0,65.836,0,0,11,32,0,26,0
20-02 15:12:34,22.747,2.750,73.490,0,0,1499044,838880,173536,5416000,5713.191,539.924,0,0,0,0,1834,1174,2.510,1.780,1,1,0,8.999,0,0,11,32,0,18,0
20-02 15:12:35,22.497,3.250,73.740,0,0,1553320,784604,173536,5416000,4210.419,539.926,0,0,0,0,1699,1164,2.510,1.780,1,1,0,0,0,0,11,32,0,18,0
20-02 15:12:36,11.288,19.565,68.228,0,0,1514632,823140,173536,5416148,8283.711,541.813,40.134,268.900,2.007,33.111,5786,4516,2.390,1.770,1,2,0,463.551,0,0,11,32,0,18,0
20-02 15:12:37,7.996,23.237,68.962,0,0,1489188,848540,173536,5416180,4079.763,539.704,0,283.844,0,6.996,6541,5429,2.390,1.770,1,3,0,576.684,0,0,11,32,0,18,0
20-02 15:12:38,8.003,21.758,68.277,0,0,1468844,868808,173536,5416216,3955.539,486.189,0,908.353,0,11.004,6421,5277,2.390,1.770,1,1,0,570.222,0,0,11,32,0,13,0
20-02 15:12:39,9.001,22.502,68.256,0,0,1452636,884984,173536,5416244,7282.675,540.050,0,1472.136,0,16.001,6574,5429,2.390,1.770,1,2,0,604.056,0,0,11,32,0,13,0
20-02 15:12:40,7.996,21.740,69.219,0,0,1437160,900428,173536,5416276,6029.319,539.760,0,851.621,0,9.996,6205,4842,2.390,1.770,1,1,0,501.777,0,0,11,32,0,13,0
20-02 15:12:41,8.747,20.494,68.979,0.750,0,1423796,913748,173544,5416312,8420.393,539.833,0,351.891,0,18.994,6287,5066,2.440,1.790,1.010,1,0,465.856,0,0,11,32,0,13,0
20-02 15:12:42,7.751,22.004,68.761,0,0,1414748,922740,173544,5416344,9894.632,540.089,0,748.123,0,39.006,6537,5367,2.440,1.790,1.010,2,0,567.094,0,0,11,32,0,9,0
20-02 15:12:43,9.748,20.246,68.986,0,0,1355564,981880,173552,5416384,3456.288,539.889,0,103.979,0,11.998,6153,5073,2.440,1.790,1.010,1,0,502.896,0,0,11,32,0,9,0
20-02 15:12:44,35.536,27.278,34.535,2.252,0,1450448,886916,173592,5416420,8096.193,540.547,0,1209.224,0,68.069,7062,6800,2.440,1.790,1.010,3,0,785.795,0,0,11,32,0,15,0
20-02 15:12:45,61.329,9.474,24.681,3.490,0,1636908,697720,173640,5418744,5613.381,538.502,442.768,1771.072,9.972,47.867,3952,2303,2.440,1.790,1.010,5,1,3.989,0,0,11,34,0,15,0
20-02 15:12:46,23.004,4.001,35.255,36.256,0,1651604,678596,173872,5422344,11614.786,486.075,0,10641.637,0,655.101,5492,7918,2.640,1.850,1.030,3,2,20.003,0,0,11,38,0,13,0
20-02 15:12:47,7.245,3.498,51.965,34.227,0,1652972,675572,173972,5423768,6268.782,539.637,0,11776.076,0,733.506,4977,8851,2.640,1.850,1.030,0,1,18.987,0,0,11,38,0,13,0
20-02 15:12:48,8.009,3.003,55.309,30.783,0,1651920,674816,174132,5425336,7568.102,540.579,0,8156.732,0,609.653,5092,8888,2.640,1.850,1.030,0,2,27.029,0,0,11,38,0,13,0
20-02 15:12:49,8.255,3.002,54.031,32.018,0,1651764,673808,174280,5426324,6123.533,582.336,0,13423.745,0,903.521,5220,9485,2.640,1.850,1.030,3,1,16.009,0,0,11,38,0,13,0
20-02 15:12:50,8.504,3.001,49.772,35.266,0,1650568,673052,174416,5428088,4064.832,540.243,0,12837.785,0,844.380,5988,10960,2.640,1.850,1.030,0,2,15.007,0,0,11,38,0,13,0
20-02 15:12:51,9.227,3.491,49.376,35.411,0.249,1652476,669524,174524,5429556,3296.734,538.649,0,11195.929,0,789.022,5676,10079,2.830,1.900,1.050,2,2,17.955,0,0,11,38,0,11,0
20-02 15:12:52,5.004,2.502,56.047,34.029,0,1652448,668796,174636,5430164,9636.117,540.455,0,12494.525,0,880.742,4422,8132,2.830,1.900,1.050,0,2,6.005,0,0,11,38,0,11,0
20-02 15:12:53,6.497,3.249,52.480,34.986,0,1652128,668040,174728,5431120,6815.361,485.812,0,14426.415,0,908.648,6219,11731,2.830,1.900,1.050,0,2,2.999,0,0,11,38,0,11,0
20-02 15:12:54,20.805,6.768,34.342,36.347,0,1615908,703068,174820,5432188,8243.969,541.443,0,12437.144,0,864.303,6633,10395,2.830,1.900,1.050,1,2,66.176,0,0,11,36,0,11,0
20-02 15:12:55,22.941,4.488,40.147,30.172,0,1638824,679128,174868,5433132,12434.005,5623.529,0,11562.248,0,806.924,5963,9604,2.830,1.900,1.050,1,1,8.977,0,0,11,37,0,9,0
20-02 15:12:56,17.799,6.267,45.124,29.581,0,1615084,702012,174920,5433916,12973.558,4787.121,0,11395.232,0,695.907,7938,13010,3.010,1.950,1.080,1,2,82.225,0,0,11,38,0,10,0
20-02 15:12:57,24.208,5.490,35.937,31.445,0,1682376,633116,175012,5435384,8352.460,2501.645,0,9870.817,0,693.792,7010,11636,3.010,1.950,1.080,0,1,8.984,0,0,11,39,0,10,0
20-02 15:12:58,18.994,3.999,39.487,35.488,0,1678312,636108,175080,5436348,12232.998,8012.379,0,12299.976,0,794.740,6883,11323,3.010,1.950,1.080,3,1,5.998,0,0,11,39,0,10,0
20-02 15:12:59,21.737,3.998,43.724,28.483,0,1671688,641368,175120,5437628,15863.706,10537.826,0,8854.812,0,589.655,8015,12955,3.010,1.950,1.080,1,2,9.994,0,0,11,38,0,10,0
20-02 15:13:00,25.480,6.995,32.725,32.725,0,1716756,595020,175164,5438752,7503.250,689.472,0,10791.730,0,720.448,6100,9791,3.010,1.950,1.080,1,3,44.966,0,0,11,38,0,10,0
20-02 15:13:01,18.022,4.005,42.552,33.291,0,1714316,596160,175216,5439964,13349.424,8679.679,0,15635.236,0,909.119,6737,11525,3.170,2,1.100,1,2,6.007,0,0,11,39,0,10,0
20-02 15:13:02,21.997,3.999,42.993,28.996,0.250,1705908,603196,175236,5441280,21258.781,12770.066,0,9838.510,0,770.883,9122,14629,3.170,2,1.100,1,1,17.997,0,0,11,38,0,11,0
20-02 15:13:03,25.503,8.251,34.005,30.754,0,1713424,594436,175276,5442456,7498.016,540.073,0,11141.509,0,764.104,6900,10675,3.170,2,1.100,2,2,71.010,0,0,11,38,0,11,0
20-02 15:13:04,20.227,3.746,36.458,36.209,0,1724488,582368,175320,5443384,13282.875,6321.802,0,13844.236,0,973.891,6096,10381,3.170,2,1.100,2,1,0,0,0,11,39,0,11,0
20-02 15:13:05,21.519,4.504,46.041,26.524,0,1712328,593276,175376,5444520,16655.877,10965.794,0,12515.178,0,832.744,8860,14770,3.170,2,1.100,6,0,3.003,0,0,11,39,0,11,0
20-02 15:13:06,26.541,5.759,42.565,23.787,0,1710448,593704,175440,5445872,9790.030,3974.101,0,7535.569,0,542.833,6619,10052,3.230,2.030,1.110,2,1,48.074,0,0,11,38,0,11,0
20-02 15:13:07,23.690,4.239,38.652,29.924,0,1739056,563816,175656,5446892,12764.636,5557.908,0,17747.003,0,1177.016,6643,11137,3.230,2.030,1.110,4,1,2.992,0,0,11,39,0,11,0
20-02 15:13:08,32.878,8.784,39.905,17.568,0,1623252,678652,175760,5447724,18318.112,12780.615,0,6810.438,0,565.194,9677,14702,3.230,2.030,1.110,2,1,157.612,0,0,11,37,0,11,0
20-02 15:13:09,36.246,17.498,24.247,20.748,0,1571612,729452,175804,5448444,7009.216,3441.615,371.958,8047.099,5.999,461.948,9209,12857,3.230,2.030,1.110,2,1,296.967,0,0,11,36,0,12,0
20-02 15:13:10,26.418,12.212,30.405,28.910,0,1608836,690272,175860,5450256,13995.336,5554.670,2037.643,13758.076,34.891,752.652,7221,10581,3.230,2.030,1.110,1,2,184.425,0,0,11,37,0,12,0
20-02 15:13:11,22.507,5.752,43.763,25.007,0,1601560,696132,175940,5451556,12160.613,4287.274,0,6373.894,0,531.158,6397,9901,3.130,2.030,1.120,1,2,34.010,0,0,11,36,0,13,0
20-02 15:13:12,22.994,4.749,40.239,30.242,0,1638612,658032,176036,5452484,12127.688,5570.479,0,12940.466,0,862.764,5744,9356,3.130,2.030,1.120,3,0,5.998,0,0,11,37,0,13,0
20-02 15:13:13,19.301,6.768,42.864,29.077,0,1598608,696916,176116,5453480,8828.530,2223.927,0,10816.829,0,864.304,5842,8554,3.130,2.030,1.120,1,2,60.160,0,0,11,36,0,14,0
20-02 15:13:14,21.749,4.750,48.248,23.749,0,1613608,680668,176168,5454608,12284.616,6306.803,0,8355.739,0,630.980,5416,8555,3.130,2.030,1.120,7,1,3.000,0,0,11,37,0,14,0
20-02 15:13:15,17.962,6.985,46.902,26.195,0,1519696,773632,176232,5455520,11963.928,5235.029,0,11919.022,0,736.457,7264,11529,3.130,2.030,1.120,1,2,45.904,0,0,11,36,0,15,0
20-02 15:13:16,23.244,4.499,45.239,24.744,0,1577488,714564,176292,5456652,13544.634,2836.295,0,8629.855,0,608.849,5424,8085,3.200,2.070,1.130,1,1,2.999,0,0,11,37,0,15,0
20-02 15:13:17,17.262,3.753,46.533,30.021,0,1572456,718932,176308,5457288,14244.169,8092.777,0,15511.073,0,772.552,6251,9782,3.200,2.070,1.130,1,2,3.002,0,0,11,37,0,15,0
20-02 15:13:18,8.739,4.495,58.679,25.719,0,1495900,794260,176348,5458416,9570.344,1452.231,0,6735.796,0,542.339,4939,7782,3.200,2.070,1.130,0,1,65.920,0,0,11,36,0,16,0
20-02 15:13:19,5.251,3.001,63.268,26.007,0,1491724,797272,176376,5459524,9049.549,540.152,0,9586.701,0,710.200,4886,8595,3.200,2.070,1.130,1,0,4.001,0,0,11,36,0,16,0
20-02 15:13:20,4.007,2.004,59.605,32.056,0,1488016,800140,176408,5460308,8311.627,540.952,0,11123.576,0,730.285,4560,8764,3.200,2.070,1.130,0,2,0,0,0,11,36,0,16,0
20-02 15:13:21,3.743,2.745,58.136,33.185,0,1484864,802072,176484,5461424,5862.512,658.709,0,11210.032,0,741.547,4476,8244,3.190,2.080,1.140,0,1,0,0,0,11,36,0,16,0
20-02 15:13:22,3.507,2.505,62.878,28.308,0,1479964,804136,176524,5464148,4013.200,541.106,0,10156.752,0,602.230,4326,8053,3.190,2.080,1.140,0,2,9.018,0,0,11,36,0,16,0
20-02 15:13:23,4.989,2.744,61.618,27.691,0,1479208,804264,176536,5464744,7347.319,658.594,0,11551.347,0,866.151,5084,9201,3.190,2.080,1.140,0,2,8.981,0,0,11,36,0,16,0
20-02 15:13:24,3.757,2.755,56.858,34.816,0,1477136,805964,176548,5465096,7491.277,607.157,0,8039.321,0,580.106,4153,7443,3.190,2.080,1.140,1,3,9.017,0,0,11,36,0,16,0
20-02 15:13:25,4.495,2.497,55.933,34.708,0,1475120,807188,176560,5465852,8795.426,539.352,0,12109.442,0,813.023,4699,8712,3.190,2.080,1.140,0,2,0,0,0,11,36,0,16,0
20-02 15:13:26,4.997,2.248,64.956,25.483,0,1472964,808896,176584,5466260,5253.408,539.631,0,6979.229,0,592.595,4312,7801,3.090,2.080,1.150,0,2,8.994,0,0,11,36,0,16,0
20-02 15:13:27,6.502,3.751,61.022,25.759,0,1471784,809736,176628,5466504,8415.091,876.322,0,13004.777,0,882.324,5002,8780,3.090,2.080,1.150,0,1,15.006,0,0,11,36,0,16,0
20-02 15:13:28,4.748,2.499,55.475,34.234,0,1471776,809536,176664,5466664,59251.932,749.658,0,10183.348,0,828.621,4966,8575,3.090,2.080,1.150,0,2,8.996,0,0,11,36,0,16,0
20-02 15:13:29,5.750,2.750,62.500,26.750,0,1471668,809424,176704,5466840,4080.024,624.004,0,6840.041,0,579.003,4520,8003,3.090,2.080,1.150,0,1,13.000,0,0,11,36,0,16,0
20-02 15:13:30,3.998,3.748,58.223,31.485,0,1470936,809676,176736,5467276,3647.278,539.745,0,14964.936,0,917.567,4832,8897,3.090,2.080,1.150,2,2,2.999,0,0,11,36,0,16,0
20-02 15:13:31,9.007,5.004,61.045,22.266,0,1462092,817720,176792,5468000,7303.384,540.398,0,5580.113,0,522.385,5708,14077,3,2.080,1.150,0,1,48.035,0,0,11,36,0,16,0
20-02 15:13:32,4.500,3.000,62.497,27.249,0,1461416,817508,176904,5468756,7511.589,485.973,0,11775.356,0,837.954,4856,8812,3,2.080,1.150,3,1,6.000,0,0,11,36,0,16,0
20-02 15:13:33,4.749,2.750,62.243,28.247,0,1461040,817508,177004,5468988,7569.201,539.943,0,8735.078,0,717.924,4483,7790,3,2.080,1.150,0,1,8.999,0,0,11,36,0,16,0
20-02 15:13:34,3.500,3.250,57.752,31.751,0,1460808,817256,177044,5469424,6285.181,540.016,0,11632.334,0,736.021,4213,7804,3,2.080,1.150,1,2,3.000,0,0,11,36,0,16,0
20-02 15:13:35,6.250,3.000,60.248,27.749,0.250,1462284,815240,177088,5469900,7379.716,539.979,0,10411.599,0,753.971,5120,8966,3,2.080,1.150,1,0,12.000,0,0,11,36,0,16,0
20-02 15:13:36,5.750,3.250,60.500,28.750,0,1470552,807176,177136,5469644,10580.935,539.997,0,9807.940,0,716.996,4771,8470,3.080,2.110,1.170,0,1,3.000,0,0,11,36,0,16,0
20-02 15:13:37,5.500,2.750,60.245,28.748,0,1471048,806720,177184,5469552,3971.675,539.956,0,8947.268,0,803.934,5061,9251,3.080,2.110,1.170,0,1,3.000,0,0,11,36,0,16,0
20-02 15:13:38,5.254,2.502,61.546,27.271,0,1471612,807204,177232,5468460,4390.312,540.408,0,9154.906,0,791.597,5697,10613,3.080,2.110,1.170,0,1,0,0,0,11,36,0,16,0
20-02 15:13:39,6.246,3.748,52.970,33.981,0,1471488,807204,177296,5468520,7100.974,485.725,0,16930.400,0,1062.398,5710,10235,3.080,2.110,1.170,0,2,3.998,0,0,11,36,0,16,0
20-02 15:13:40,9.015,2.504,60.599,25.542,0,1471084,807204,177308,5468912,7145.707,540.886,0,6446.561,0,585.960,4603,7940,3.080,2.110,1.170,0,1,6.010,0,0,11,36,0,16,0
20-02 15:13:41,5.240,2.495,55.391,33.683,0,1470964,806952,177332,5469260,7209.764,538.936,0,14056.246,0,883.256,4524,8213,3.080,2.130,1.180,6,1,5.988,0,0,11,36,0,16,0
20-02 15:13:42,4.501,2.001,66.270,24.507,0,1470676,806952,177348,5469532,5529.632,582.172,0,5221.541,0,490.145,4121,7393,3.080,2.130,1.180,0,1,6.002,0,0,11,36,0,16,0
20-02 15:13:43,6.004,3.502,64.045,24.517,0.250,1470520,806700,177396,5469884,33383.620,540.382,0,8630.106,0,771.546,5609,9968,3.080,2.130,1.180,0,2,12.008,0,0,11,36,0,16,0
20-02 15:13:44,6.246,2.748,57.213,30.980,0,1470176,806700,177424,5470188,6933.478,539.648,0,11856.267,0,862.438,5106,9138,3.080,2.130,1.180,2,3,5.996,0,0,11,36,0,15,0
20-02 15:13:45,6.265,3.007,63.399,23.806,0,1469908,806448,177460,5470668,4672.964,541.270,0,11314.547,0,890.088,5363,9694,3.080,2.130,1.180,0,1,6.014,0,0,11,36,0,15,0
20-02 15:13:46,5.735,3.491,60.093,28.675,0,1470644,806448,177484,5469900,9590.020,526.628,0,14621.913,0,916.612,5161,9180,3.070,2.140,1.190,0,3,2.992,0,0,11,36,0,15,0
20-02 15:13:47,6.750,2.250,64.000,23.750,0,1470760,806448,177512,5469756,8573.027,540.002,0,6888.022,0,685.002,5620,10123,3.070,2.140,1.190,1,0,6.000,0,0,11,38,0,15,0
20-02 15:13:48,5.001,3.501,58.513,30.257,0,1470376,806448,177520,5470132,5244.161,540.120,0,15143.353,0,1048.232,5042,9451,3.070,2.140,1.190,0,1,3.001,0,0,11,38,0,8,0
20-02 15:13:49,6.251,2.250,60.009,28.004,0,1470412,806196,177528,5470340,9239.322,540.077,0,9461.353,0,757.108,5160,9005,3.070,2.140,1.190,1,0,7.001,0,0,11,38,0,8,0
20-02 15:13:50,5.754,3.002,59.794,29.521,0,1470108,805944,177540,5470880,5804.226,540.393,0,11060.052,0,835.608,5075,9261,3.070,2.140,1.190,0,1,6.004,0,0,11,38,0,8,0
20-02 15:13:51,6.745,2.998,58.209,28.480,0,1469780,805944,177548,5471188,6824.238,539.623,0,10152.916,0,774.460,5333,9379,2.980,2.140,1.190,1,0,8.994,0,0,11,38,0,8,0
20-02 15:13:52,6.249,3.000,63.493,25.247,0,1469428,805944,177560,5471512,7224.198,539.940,0,8383.069,0,644.928,4298,7786,2.980,2.140,1.190,0,1,8.999,0,0,11,38,0,8,0
20-02 15:13:53,9.504,2.501,58.522,26.760,0,1469020,805944,177580,5471896,3864.434,486.180,0,15265.663,0,983.365,5082,9198,2.980,2.140,1.190,2,0,6.002,0,0,11,38,0,8,0
20-02 15:13:54,7.998,2.249,64.236,22.995,0,1468708,805692,177600,5472424,6970.430,539.878,0,5682.720,0,579.869,5367,9514,2.980,2.140,1.190,1,1,11.997,0,0,11,38,0,8,0
20-02 15:13:55,8.018,3.007,63.395,23.303,0,1468464,805440,177688,5472820,8040.453,541.242,0,11742.951,0,899.063,5688,10015,2.980,2.140,1.190,1,2,9.021,0,0,11,38,0,8,0
20-02 15:13:56,6.733,2.743,61.598,25.188,0,1468828,804688,177720,5473164,3777.671,538.670,0,11268.173,0,848.904,5408,9872,2.830,2.120,1.190,1,1,8.978,0,0,11,38,0,8,0
20-02 15:13:57,5.751,3.000,60.508,29.004,0,1468924,804184,177740,5473528,7106.890,582.073,0,12289.538,0,828.104,4707,8499,2.830,2.120,1.190,0,1,9.001,0,0,11,38,0,8,0
20-02 15:13:58,5.004,3.503,62.045,27.270,0,1468556,804184,177752,5473884,8077.910,540.395,0,9010.593,0,725.531,4895,8547,2.830,2.120,1.190,2,1,9.007,0,0,11,38,0,8,0
20-02 15:13:59,4.493,3.245,62.155,27.208,0,1468284,803932,177780,5474368,6937.381,539.175,0,10643.708,0,824.738,5633,10199,2.830,2.120,1.190,0,2,12.980,0,0,11,38,0,8,0
20-02 15:14:00,6.253,2.501,60.531,27.514,0,1468128,803680,177808,5474732,7389.790,540.277,0,12590.458,0,863.443,5017,9106,2.830,2.120,1.190,0,1,3.002,0,0,11,38,0,7,0
20-02 15:14:01,4.502,3.002,67.534,23.262,0,1467696,803680,177836,5475128,3992.030,486.247,0,7403.765,0,608.309,4509,8152,2.840,2.130,1.200,0,1,6.003,0,0,11,38,0,7,0
20-02 15:14:02,5.496,2.498,59.710,29.230,0,1467480,803428,177840,5475584,10488.956,633.575,0,9625.536,0,734.507,4524,8151,2.840,2.130,1.200,0,1,2.998,0,0,11,38,0,7,0
20-02 15:14:03,4.512,2.758,63.927,26.824,0,1466952,803428,177848,5476072,6393.705,541.499,0,10172.168,0,753.085,4468,8024,2.840,2.130,1.200,0,2,6.017,0,0,11,38,0,7,0
20-02 15:14:04,5.237,2.992,57.356,31.920,0,1466500,803516,177856,5476416,7377.495,538.649,0,8223.373,0,636.404,4440,7960,2.840,2.130,1.200,0,2,11.970,0,0,11,38,0,6,0
20-02 15:14:05,5.000,3.250,59.252,30.251,0,1466256,803012,177864,5477136,6399.197,540.017,0,15304.472,0,967.030,4996,8957,2.840,2.130,1.200,0,1,9.000,0,0,11,38,0,6,0
20-02 15:14:06,4.250,1.750,65.748,24.999,0,1466740,802256,177880,5477380,9845.775,539.988,0,7391.831,0,627.986,4446,8102,3.010,2.180,1.220,0,1,9.000,0,0,11,38,0,6,0
20-02 15:14:07,4.758,3.506,63.600,26.542,0,1466268,802256,177884,5477844,8505.428,540.854,0,8845.965,0,669.056,4587,8172,3.010,2.180,1.220,0,2,6.009,0,0,11,38,0,6,0
20-02 15:14:08,5.248,2.749,61.974,27.988,0,1466088,802004,177904,5478248,5186.789,485.793,0,8696.293,0,660.718,4408,7958,3.010,2.180,1.220,1,1,5.997,0,0,11,38,0,6,0
20-02 15:14:09,3.996,3.746,56.191,32.965,0,1466400,801248,177916,5478660,4082.726,539.435,0,16502.723,0,1055.895,5345,9758,3.010,2.180,1.220,1,0,9.990,0,0,11,38,0,6,0
20-02 15:14:10,5.499,3.000,64.242,24.247,0,1466176,800996,177916,5479132,7581.051,539.932,0,9254.841,0,843.894,5694,10148,3.010,2.180,1.220,3,0,8.999,0,0,11,38,0,6,0
20-02 15:14:11,4.251,2.751,58.763,30.757,0,1466332,800744,177920,5479208,6924.583,540.123,0,11250.572,0,787.180,4694,8602,3.090,2.210,1.240,0,2,9.002,0,0,11,38,0,6,0
20-02 15:14:12,4.249,2.749,65.230,25.242,0,1474244,792176,177928,5479848,7310.807,581.825,0,6350.095,0,563.831,4187,7469,3.090,2.210,1.240,0,1,5.998,0,0,11,38,0,4,0
20-02 15:14:13,5.752,2.751,60.526,28.762,0,1474172,791672,177948,5480388,8372.546,540.229,0,13857.870,0,963.408,5314,9739,3.090,2.210,1.240,0,3,21.009,0,0,11,38,0,4,0
20-02 15:14:14,5.498,3.749,58.484,29.992,0,1474144,791168,177952,5480904,7639.852,539.848,0,10621.014,0,760.786,4888,8509,3.090,2.210,1.240,1,2,20.994,0,0,11,38,0,4,0
20-02 15:14:15,6.002,2.751,63.521,25.008,0,1474320,790412,177968,5481436,8917.936,486.160,0,9271.053,0,766.252,5322,9688,3.090,2.210,1.240,4,0,12.004,0,0,11,38,0,4,0
20-02 15:14:16,6.246,1.999,60.215,28.234,0,1474128,790160,177972,5481864,5271.974,539.690,0,8643.039,0,719.587,4826,8657,3.080,2.220,1.250,1,2,14.991,0,0,11,38,0,4,0
20-02 15:14:17,5.501,3.251,58.262,30.756,0,1473784,790160,178000,5482176,10082.050,540.110,0,13282.701,0,901.183,5597,10200,3.080,2.220,1.250,0,1,9.002,0,0,11,38,0,2,0
20-02 15:14:18,6.000,2.500,63.002,25.501,0,1473516,789908,178016,5482644,7026.202,540.016,0,8616.247,0,664.019,4681,8291,3.080,2.220,1.250,1,1,12.000,0,0,11,38,0,2,0
20-02 15:14:19,3.500,2.750,60.251,30.000,0,1473892,789152,178036,5482988,5668.087,540.008,0,10320.158,0,787.012,4648,8425,3.080,2.220,1.250,1,2,10.000,0,0,11,38,0,2,0
20-02 15:14:20,6.003,3.002,62.784,26.514,0,1473736,788900,178052,5483372,7703.146,540.291,0,9196.950,0,700.377,4809,8451,3.080,2.220,1.250,4,1,15.008,0,0,11,38,0,2,0
20-02 15:14:21,4.498,2.749,62.467,27.236,0,1473520,788648,178080,5483796,4727.510,539.716,0,9910.780,0,845.555,5086,9467,3,2.220,1.250,1,1,0,0,0,11,38,0,1,0
20-02 15:14:22,6.751,2.750,60.257,28.003,0,1475172,786884,178080,5483908,8294.918,540.060,0,13665.512,0,820.091,4533,8161,3,2.220,1.250,2,1,9.001,0,0,11,38,0,1,0
20-02 15:14:23,5.753,2.501,63.031,26.013,0,1475256,786380,178096,5484300,6908.345,540.262,0,6495.145,0,609.295,4423,7977,3,2.220,1.250,0,2,3.001,0,0,11,38,0,1,0
20-02 15:14:24,6.241,2.996,58.912,28.957,0,1475824,785372,178104,5484728,3611.575,485.271,0,12081.852,0,873.688,5439,9981,3,2.220,1.250,0,1,5.991,0,0,11,38,0,1,0
20-02 15:14:25,4.504,2.502,60.555,29.277,0,1476392,784868,178108,5484652,7163.521,540.492,0,10161.249,0,759.692,5017,9331,3,2.220,1.250,0,1,6.005,0,0,11,38,0,1,0
20-02 15:14:26,5.751,3.751,56.511,31.506,0,1477620,784868,178128,5483400,5423.038,540.103,0,17259.304,0,1141.218,6276,11427,3.080,2.250,1.270,3,1,0,0,0,11,38,0,1,0
20-02 15:14:27,6.500,3.250,65.747,22.499,0,1479660,784364,178132,5481840,2811.857,539.972,0,5111.740,0,598.969,5524,9902,3.080,2.250,1.270,0,1,6.000,0,0,11,38,0,1,0
20-02 15:14:28,5.000,3.250,57.998,30.249,0,1479572,785848,178132,5480452,7740.785,539.985,0,14051.609,0,1005.972,6637,12470,3.080,2.250,1.270,0,2,0,0,0,11,38,0,1,0
20-02 15:14:29,3.999,2.999,62.981,28.491,0,1480416,785848,178136,5479604,6162.145,539.837,0,9705.078,0,651.804,4711,8849,3.080,2.250,1.270,0,1,1.000,0,0,11,38,0,1,0
20-02 15:14:30,6.253,2.251,65.529,22.760,0,1480380,786100,178136,5479400,8162.561,540.236,0,6350.771,0,643.281,5303,9503,3.080,2.250,1.270,1,0,6.003,0,0,11,38,0,1,0
20-02 15:14:31,8.243,4.996,57.450,25.977,0.250,1481660,784864,178144,5479344,5092.538,485.575,0,11573.860,0,785.312,5576,17099,2.990,2.250,1.270,0,2,38.966,0,0,11,38,0,2,0
20-02 15:14:32,5.498,2.999,58.729,30.739,0,1481328,784864,178152,5479668,3874.636,539.810,0,11463.964,0,750.736,4505,7934,2.990,2.250,1.270,0,1,11.996,0,0,11,38,0,2,0
20-02 15:14:33,6.257,3.003,62.568,24.777,0,1481340,784612,178152,5479908,9359.161,540.587,0,9602.425,0,786.854,5294,9444,2.990,2.250,1.270,1,1,9.010,0,0,11,38,0,1,0
20-02 15:14:34,5.499,3.000,63.493,25.247,0,1480616,785452,178156,5479788,5327.375,539.937,0,9622.871,0,793.907,4925,8862,2.990,2.250,1.270,1,1,8.999,0,0,11,38,0,1,0
20-02 15:14:35,14.036,13.535,58.402,13.535,0,1350564,915408,178160,5479880,7598.741,541.407,0,7728.077,0,447.162,5511,5927,2.990,2.250,1.270,2,1,341.888,0,0,11,32,0,2,0
20-02 15:14:36,16.253,23.004,47.759,11.002,0,1370768,894872,178176,5480196,7779.393,540.097,0,6877.231,0,389.070,7206,7179,3.070,2.280,1.290,3,0,601.108,0,0,11,32,0,8,0
20-02 15:14:37,66.624,8.733,21.958,1.996,0,1587104,677672,178196,5481040,8660.563,538.977,0,2183.855,0,106.797,4259,2335,3.070,2.280,1.290,3,0,3.992,0,0,11,32,0,8,0
20-02 15:14:38,65.735,5.999,23.495,3.749,0,1776560,484272,178348,5484484,6924.419,485.889,0,4007.085,0,114.974,3922,1716,3.070,2.280,1.290,3,0,0,0,0,11,32,0,8,0
20-02 15:14:39,27.514,4.502,42.272,24.763,0,1791852,465520,178420,5487488,3800.968,540.280,0,10497.435,0,621.322,5341,7550,3.070,2.280,1.290,2,1,22.011,0,0,11,38,0,8,0
20-02 15:14:40,10.738,3.246,56.438,26.971,0,1791632,464260,178424,5488924,3393.292,539.411,0,8890.284,0,669.269,5862,10278,3.070,2.280,1.290,0,1,38.957,0,0,11,38,0,8,0
20-02 15:14:41,10.746,3.749,49.983,32.989,0,1791976,462496,178428,5490304,9617.770,581.805,0,14399.165,0,940.684,6206,10959,2.910,2.250,1.280,0,1,29.990,0,0,11,38,0,8,0
20-02 15:14:42,8.252,2.751,53.760,32.256,0,1791128,461488,178436,5492104,9744.787,540.099,0,8449.549,0,628.115,5086,8730,2.910,2.250,1.280,3,2,18.003,0,0,11,38,0,8,0
20-02 15:14:43,7.754,3.502,45.525,40.773,0,1790496,460732,178452,5493428,8100.479,540.299,0,15112.355,0,996.551,5559,9907,2.910,2.250,1.280,1,1,19.011,0,0,11,38,0,8,0
20-02 15:14:44,8.000,3.500,50.500,34.750,0,1790704,459220,178480,5494664,7461.048,540.003,0,14712.094,0,966.006,6504,11506,2.910,2.250,1.280,1,2,27.000,0,0,11,38,0,8,0
20-02 15:14:45,7.496,3.748,55.970,30.983,0,1790792,458464,178500,5495284,7435.034,539.712,0,13580.755,0,899.520,5552,9818,2.910,2.250,1.280,1,0,26.986,0,0,11,38,0,8,0
20-02 15:14:46,7.252,3.251,49.263,36.760,0,1791688,455972,178508,5496800,8418.249,486.130,0,13511.609,0,886.237,5677,9885,2.830,2.250,1.290,0,4,21.006,0,0,11,38,0,8,0
20-02 15:14:47,8.751,3.751,52.007,33.004,0,1792592,453452,178512,5498360,4495.610,540.073,0,14774.004,0,984.133,6057,10956,2.830,2.250,1.290,7,0,27.004,0,0,11,38,0,8,0
20-02 15:14:48,8.246,2.749,55.975,30.236,0.250,1792416,452192,178532,5499732,3324.513,539.759,0,10283.400,0,721.677,6331,11446,2.830,2.250,1.290,0,1,29.987,0,0,11,38,0,8,0
20-02 15:14:49,7.258,3.504,52.807,34.037,0,1792808,450428,178544,5501052,9448.177,540.582,0,11324.198,0,855.922,5404,9235,2.830,2.250,1.290,0,1,25.027,0,0,11,38,0,8,0
20-02 15:14:50,6.493,3.746,54.692,31.966,0,1793080,449116,178560,5502048,6871.768,539.432,0,15579.604,0,977.971,5781,10599,2.830,2.250,1.290,1,1,20.978,0,0,11,38,0,8,0
20-02 15:14:51,7.251,2.750,55.504,31.752,0,1792148,449116,178572,5502944,8898.665,540.040,0,12148.908,0,762.057,6182,11120,2.930,2.280,1.300,0,2,27.002,0,0,11,38,0,8,0
20-02 15:14:52,8.258,3.253,55.052,30.779,0,1792128,448108,178580,5503932,6812.431,540.510,0,13732.963,0,936.884,5646,10068,2.930,2.280,1.300,1,3,24.023,0,0,11,38,0,8,0
20-02 15:14:53,8.261,3.004,51.568,35.046,0,1792164,446596,178588,5505368,7402.816,486.645,0,10586.036,0,758.005,5374,9273,2.930,2.280,1.300,4,0,36.048,0,0,11,38,0,8,0
20-02 15:14:54,6.734,2.993,54.623,31.926,0,1791892,445588,178596,5506608,5126.124,538.752,0,9972.896,0,719.334,5373,9494,2.930,2.280,1.300,0,3,23.945,0,0,11,38,0,8,0
20-02 15:14:55,6.245,2.997,50.207,37.718,0,1792068,444328,178600,5507620,3615.908,539.539,0,15230.975,0,968.172,5372,9677,2.930,2.280,1.300,1,3,11.990,0,0,11,38,0,8,0
20-02 15:14:56,6.003,3.502,52.778,35.018,0,1792440,443320,178608,5508232,10867.706,540.284,0,15139.949,0,949.499,6590,12316,3.010,2.310,1.320,3,1,12.006,0,0,11,38,0,8,0
20-02 15:14:57,6.755,4.003,56.793,29.773,0,1792520,441808,178608,5509604,5749.403,540.414,0,14038.750,0,980.751,5822,10351,3.010,2.310,1.320,0,2,21.016,0,0,11,38,0,8,0
20-02 15:14:58,6.246,4.247,52.214,34.726,0,1791884,441556,178608,5510456,7772.663,539.629,0,14378.127,0,941.354,5362,9695,3.010,2.310,1.320,4,2,11.992,0,0,11,38,0,8,0
20-02 15:14:59,5.497,3.998,52.720,35.230,0,1791972,441052,178616,5510816,27625.524,539.698,0,13232.587,0,874.510,6095,10296,3.010,2.310,1.320,3,4,15.991,0,0,11,38,0,8,0
20-02 15:15:00,8.007,3.253,55.051,31.029,0,1791780,439792,178624,5512224,6698.207,486.451,0,11935.059,0,914.848,6299,11103,3.010,2.310,1.320,0,1,24.022,0,0,11,38,0,8,0
20-02 15:15:01,5.001,3.001,57.762,30.757,0,1792876,438280,178628,5512624,7979.709,540.116,0,13906.978,0,915.196,5202,9417,3.090,2.340,1.330,1,2,24.005,0,0,11,38,0,8,0
20-02 15:15:02,24.552,6.013,34.072,33.821,0,1674200,555592,178640,5513928,8235.390,635.342,0,11464.208,0,800.691,6861,10628,3.090,2.340,1.330,1,2,93.197,0,0,11,36,0,8,0
20-02 15:15:03,30.432,4.739,30.930,31.180,0,1739460,488984,178648,5515236,5528.569,538.789,0,12368.189,0,920.929,8007,13176,3.090,2.340,1.330,1,1,33.924,0,0,11,36,0,8,0
20-02 15:15:04,26.512,4.252,35.016,32.265,0,1772336,454992,178660,5516312,6638.999,540.244,0,14978.766,0,920.416,6916,11416,3.090,2.340,1.330,2,2,26.012,0,0,11,38,0,8,0
20-02 15:15:05,7.995,5.497,47.971,36.228,0,1723808,502400,178664,5517400,5276.834,539.676,0,10989.407,0,794.523,6304,10426,3.090,2.340,1.330,0,1,89.946,0,0,11,36,0,8,0
20-02 15:15:06,6.251,2.250,57.760,31.506,0.250,1714844,510212,178676,5518492,5319.938,540.095,0,7901.393,0,608.107,4519,7965,3.080,2.350,1.340,0,2,21.004,0,0,11,36,0,8,0
20-02 15:15:07,7.251,4.000,53.004,32.003,0,1705776,518276,178688,5519456,7387.623,540.046,0,16357.379,0,1109.094,6542,11867,3.080,2.350,1.340,0,2,27.002,0,0,11,36,0,8,0
20-02 15:15:08,5.997,3.248,52.970,34.730,0,1697064,525904,178700,5520468,5668.743,485.721,0,15335.188,0,969.443,5315,9475,3.080,2.350,1.340,1,4,8.995,0,0,11,36,0,8,0
20-02 15:15:09,5.502,2.751,56.518,33.260,0,1690348,530068,178704,5522952,6843.143,540.169,0,7770.433,0,528.165,4436,7673,3.080,2.350,1.340,0,1,10.003,0,0,11,36,0,8,0
20-02 15:15:10,4.501,3.501,51.509,37.757,0,1683668,535812,178712,5523856,5261.926,540.095,0,16886.971,0,903.159,5249,9712,3.080,2.350,1.340,0,1,9.002,0,0,11,36,0,8,0
20-02 15:15:11,7.746,2.499,52.724,33.983,0,1678596,539716,178728,5524948,3450.305,539.735,0,8783.684,0,689.661,5195,8962,3.080,2.360,1.350,0,1,29.985,0,0,11,36,0,8,0
20-02 15:15:12,6.251,3.250,49.758,38.256,0,1674424,543056,178732,5525752,8417.274,540.082,0,14286.163,0,911.138,5262,9395,3.080,2.360,1.350,0,1,15.002,0,0,11,36,0,8,0
20-02 15:15:13,13.042,3.511,49.662,31.352,0,1676976,539840,178744,5526372,5703.559,541.763,0,15855.594,0,1067.474,6713,11319,3.080,2.360,1.350,1,1,9.029,0,0,11,36,0,8,0
20-02 15:15:14,5.723,2.737,53.747,35.085,0,1673704,541652,178748,5527784,8723.927,537.470,0,9033.470,0,628.043,5216,9687,3.080,2.360,1.350,5,2,0,0,0,11,36,0,8,0
20-02 15:15:15,5.760,3.506,49.083,38.565,0,1667700,546016,178748,5529360,7010.797,540.910,0,13727.098,0,870.465,5490,9887,3.080,2.360,1.350,2,2,0,0,0,11,36,0,8,0
20-02 15:15:16,3.999,2.500,48.992,41.743,0,1665408,547112,178752,5530476,8502.608,485.920,0,9570.433,0,609.900,4760,8631,3.150,2.390,1.370,0,3,0,0,0,11,36,0,8,0
20-02 15:15:17,6.257,3.504,51.305,36.289,0,1663280,548088,178752,5531592,8486.072,540.578,0,16313.441,0,960.026,5551,10177,3.150,2.390,1.370,0,1,0,0,0,11,36,0,8,0
20-02 15:15:18,4.495,2.497,52.691,36.709,0,1661540,547908,178756,5533460,5206.149,539.394,0,7815.217,0,567.362,4559,8104,3.150,2.390,1.370,1,1,0,0,0,11,36,0,8,0
20-02 15:15:19,4.749,2.999,54.736,35.241,0,1660216,548076,178760,5534560,3423.109,539.859,0,10853.175,0,695.819,4391,7946,3.150,2.390,1.370,0,1,1.000,0,0,11,36,0,8,0
20-02 15:15:20,5.751,3.501,48.258,39.256,0,1659512,547248,178768,5535984,9843.561,540.086,0,14858.356,0,912.145,5811,10553,3.150,2.390,1.370,4,2,0,0,0,11,36,0,8,0
20-02 15:15:21,4.749,2.750,56.490,33.994,0.250,1658640,546716,178772,5537348,7133.767,539.907,0,9998.272,0,671.884,4398,8031,3.060,2.380,1.370,0,2,0,0,0,11,36,0,8,0
20-02 15:15:22,4.752,3.251,52.020,37.014,0,1657144,546968,178776,5538560,7282.772,540.206,0,14281.435,0,856.326,4974,9183,3.060,2.380,1.370,0,2,0,0,0,11,36,0,8,0
20-02 15:15:23,5.251,3.001,52.511,35.507,0,1657316,544952,178780,5540344,5216.091,486.102,0,11774.462,0,752.157,5312,9675,3.060,2.380,1.370,3,1,3.001,0,0,11,36,0,8,0
20-02 15:15:24,7.006,3.753,54.049,33.030,0,1657576,542684,178784,5542284,6854.184,540.488,0,11826.670,0,807.729,5645,10023,3.060,2.380,1.370,0,1,9.008,0,0,11,36,0,8,0
20-02 15:15:25,5.495,2.997,52.703,35.468,0,1657964,541928,178788,5542636,9275.744,539.520,0,17220.673,0,1162.965,5912,10608,3.060,2.380,1.370,0,1,7.993,0,0,11,36,0,8,0
20-02 15:15:26,4.499,2.749,60.981,29.241,0,1657688,541676,178788,5543152,3562.914,539.836,0,8533.400,0,706.785,4944,8866,2.970,2.370,1.370,0,1,14.995,0,0,11,36,0,8,0
20-02 15:15:27,5.499,4.499,58.739,29.744,0,1658624,540668,178788,5543176,3543.325,539.897,0,14521.233,0,950.819,5392,9648,2.970,2.370,1.370,5,0,17.997,0,0,11,36,0,8,0
20-02 15:15:28,5.254,2.752,54.541,34.526,0,1658244,540668,178788,5543548,7646.805,540.410,0,14370.909,0,922.700,5234,9309,2.970,2.370,1.370,1,2,12.009,0,0,11,36,0,8,0
20-02 15:15:29,6.246,2.998,57.960,29.980,0,1658544,539660,178788,5544244,7478.899,539.632,0,9209.718,0,709.516,5163,9107,2.970,2.370,1.370,0,1,12.991,0,0,11,36,0,8,0
20-02 15:15:30,8.500,3.000,53.749,32.249,0,1660476,537140,178796,5544824,9691.749,539.986,0,14043.636,0,901.977,4937,8802,2.970,2.370,1.370,0,1,6.000,0,0,11,36,0,8,0
20-02 15:15:31,11.501,4.751,48.756,31.754,0,1667624,529328,178796,5545448,5002.588,486.057,0,9489.116,0,711.084,6260,14357,3.140,2.420,1.390,0,2,51.006,0,0,11,36,0,9,0
20-02 15:15:32,5.756,3.254,53.809,34.037,0,1667388,529328,178800,5545676,7213.934,540.595,0,14584.040,0,929.022,5276,9466,3.140,2.420,1.390,0,2,12.013,0,0,11,36,0,9,0
20-02 15:15:33,6.992,3.246,52.937,34.209,0,1666800,529328,178800,5546256,7422.119,539.355,0,15433.533,0,1014.786,5796,10435,3.140,2.420,1.390,0,1,17.978,0,0,11,36,0,9,0
20-02 15:15:34,15.015,4.505,53.554,25.025,0,1512212,683544,178804,5546608,5605.685,540.548,0,7932.044,0,643.653,5631,8708,3.140,2.420,1.390,0,1,49.050,0,0,11,34,0,8,0
20-02 15:15:35,15.784,12.276,59.377,11.024,0,1374100,821644,178804,5546636,10041.472,541.157,0,6654.229,0,408.874,4799,4686,3.140,2.420,1.390,1,0,212.454,0,0,11,32,0,8,0
20-02 15:15:36,21.940,3.241,73.299,0.748,0,1439872,755872,178804,5546636,6674.734,538.526,0,1077.053,0,53.853,1919,1473,2.970,2.390,1.390,1,0,0.997,0,0,11,32,0,8,0
20-02 15:15:37,23.236,2.499,68.709,4.247,0,1503364,692372,178804,5546644,5832.557,539.681,0,2202.700,0,126.925,2431,2327,2.970,2.390,1.390,1,0,1.999,0,0,11,38,0,8,0
20-02 15:15:38,21.510,4.752,73.285,0,0,1487652,708084,178804,5546644,8661.122,540.257,0,200.095,0,34.016,2188,1397,2.970,2.390,1.390,2,0,28.013,0,0,11,32,0,1,0
20-02 15:15:39,22.497,3.000,73.742,0,0,1551912,643824,178804,5546644,4926.444,485.945,0,27.997,0,4.000,1751,1206,2.970,2.390,1.390,1,0,3.000,0,0,11,32,0,1,0
20-02 15:15:40,18.557,17.303,62.944,0.502,0,1499232,696488,178804,5546656,10469.249,541.669,0,637.965,0,51.158,4982,4714,2.970,2.390,1.390,3,0,525.619,0,0,11,32,0,1,0
20-02 15:15:41,11.492,30.979,57.211,0,0,1484224,711424,178804,5546728,5768.018,581.598,0,159.890,0,17.988,7564,6909,2.810,2.370,1.390,1,0,984.320,0,0,11,32,0,1,0
20-02 15:15:42,8.242,19.981,67.934,2.498,0,1471296,724256,178804,5546808,4411.715,539.476,0,347.662,0,17.983,6108,4875,2.810,2.370,1.390,1,0,468.545,0,0,11,32,0,1,0
20-02 15:15:43,9.754,20.008,69.279,0,0,1438000,757508,178804,5546844,7274.999,540.223,0,88.036,0,14.006,5975,4653,2.810,2.370,1.390,1,0,417.172,0,0,11,32,0,1,0
20-02 15:15:44,17.501,15.251,66.252,0.250,0,1429852,765572,178804,5546868,5547.204,540.020,0,1008.037,0,151.006,6821,8657,2.810,2.370,1.390,1,0,267.010,0,0,11,32,0,1,0
20-02 15:15:45,45.140,9.726,43.893,0,0,1514576,680820,178812,5547348,7528.590,538.683,0,0,0,0,3719,2353,2.810,2.370,1.390,2,0,122.700,0,0,11,33,0,1,0
20-02 15:15:46,45.539,5.505,48.292,0,0,1602128,592956,178828,5547636,5757.981,540.468,104.090,396.343,1.001,18.016,3492,2856,2.740,2.360,1.390,5,0,17.015,0,0,11,49,0,1,0
20-02 15:15:47,44.869,7.520,45.621,0.752,0,1660940,529892,178888,5551452,7620.162,487.289,0,1487.937,0,137.363,5642,9416,2.740,2.360,1.390,2,0,79.210,0,0,11,48,0,1,0
20-02 15:15:48,14.005,18.006,65.273,1.250,0,1658756,531852,178892,5551960,7080.441,540.186,0,188.065,0,13.004,7305,9229,2.740,2.360,1.390,1,0,392.135,0,0,11,48,0,1,0
20-02 15:15:49,5.981,3.738,77.748,11.214,0,1651092,539488,178892,5551632,3134.823,538.253,0,6785.969,0,289.062,2172,3221,2.740,2.360,1.390,0,1,28.906,0,0,11,48,0,1,0
20-02 15:15:50,1.000,0.750,93.251,4.250,0,1651088,539488,178892,5551632,5332.080,540.008,0,2732.041,0,145.002,1143,1869,2.740,2.360,1.390,0,0,3.000,0,0,11,48,0,1,0
20-02 15:15:51,0.250,0.500,97.220,0.250,0,1651084,539488,178892,5551636,9441.075,539.833,0,579.820,0,69.978,853,1004,2.520,2.320,1.380,0,0,2.999,0,0,11,48,0,1,0
20-02 15:15:52,0.500,0.500,98.498,0.500,0,1651084,539488,178892,5551636,6539.881,539.990,0,39.999,0,5.000,692,955,2.520,2.320,1.380,0,0,1.000,0,0,11,48,0,1,0
20-02 15:15:53,6.263,8.268,84.932,0,0,1648188,542376,178892,5551976,6958.893,541.158,0,0,0,0,3995,5016,2.520,2.320,1.380,4,0,179.384,0,0,11,48,0,1,0
20-02 15:15:54,15.976,11.733,68.898,1.747,0,1673244,517324,178892,5551624,6496.426,485.285,0,3818.373,0,243.641,4387,5781,2.520,2.320,1.380,1,0,190.719,0,0,11,48,0,1,0
20-02 15:15:55,14.491,19.988,64.211,0,0,1709428,480944,178892,5552180,7882.154,777.522,0,3.998,0,0.999,7069,7589,2.520,2.320,1.380,1,0,436.731,0,0,12,48,0,1,0
20-02 15:15:56,16.504,13.003,65.266,4.751,0,1679632,510756,178892,5551828,7128.796,540.136,0,580.146,0,46.012,5380,6644,2.640,2.350,1.400,0,0,260.066,0,0,12,64,0,1,0
20-02 15:15:57,6.521,9.782,83.020,0,0,1672416,517944,178892,5552200,3755.202,541.760,0,0,0,0,4312,5136,2.640,2.350,1.400,10,0,203.662,0,0,14,66,0,1,0
20-02 15:15:58,15.740,13.491,69.456,0,0,1658748,531500,178892,5551920,4563.109,539.658,0,55.965,0,8.994,5577,6713,2.640,2.350,1.400,2,0,258.836,0,0,14,66,0,2,0
20-02 15:15:59,9.002,19.255,69.519,0,0,1645044,545156,178892,5551956,7805.104,540.146,0,1352.364,0,124.033,6053,4705,2.640,2.350,1.400,2,0,421.113,0,0,14,66,0,2,0
20-02 15:16:00,18.002,15.252,66.008,0.250,0,1650364,539784,178892,5551980,5912.720,624.076,0,660.080,0,42.005,6682,8358,2.640,2.350,1.400,0,0,262.032,0,0,14,66,0,2,0
20-02 15:16:01,29.480,24.234,45.219,0,0,1738688,451404,178900,5552032,7400.007,539.636,0,451.695,0,12.991,7191,6143,2.590,2.350,1.400,3,0,673.546,0,0,14,66,0,2,0
20-02 15:16:02,29.025,25.522,44.038,0,0,1878992,309368,178980,5553540,7113.123,580.500,20.017,44.038,2.002,8.007,7526,9076,2.590,2.350,1.400,2,0,665.573,0,0,14,70,0,4,0
20-02 15:16:03,37.874,19.436,42.609,0,0,1958000,230328,178980,5553904,9295.172,538.215,0,23.921,0,5.980,6566,7996,2.590,2.350,1.400,2,0,342.863,0,0,14,70,0,4,0
20-02 15:16:04,63.597,24.788,11.267,0.250,0,2078360,182216,173964,5488128,9047.801,540.825,0,88.134,0,14.021,5603,5263,2.590,2.350,1.400,3,0,546.834,0,0,14,70,0,4,0
20-02 15:16:05,63.997,20.249,14.999,0.250,0,2173580,159888,172336,5418716,3411.822,629.967,63.997,199.990,9.000,7.000,5987,8529,2.590,2.350,1.400,4,0,345.982,0,0,14,70,0,4,0
20-02 15:16:06,73.385,22.792,2.505,1.503,0,2327524,162028,172480,5265232,7068.008,540.996,553.018,2921.376,79.146,93.171,5975,7334,2.620,2.360,1.410,6,0,485.894,0,0,14,74,0,4,0
20-02 15:16:07,68.682,20.979,4.496,4.496,0,2508296,136184,171828,5114452,4997.056,539.466,7.992,4659.390,1.998,226.776,8115,11050,2.620,2.360,1.410,6,1,413.591,0,0,14,76,0,4,0
20-02 15:16:08,54.803,20.520,11.511,12.512,0,2609172,167408,171416,4986376,3398.305,540.526,8.008,13793.416,2.002,436.424,9361,14737,2.620,2.360,1.410,4,1,388.378,0,0,14,76,0,4,0
20-02 15:16:09,60.728,12.495,13.495,13.245,0,2734320,182824,171420,4848804,7702.179,539.802,83.969,10068.312,3.999,328.880,8558,11378,2.620,2.360,1.410,6,0,139.949,0,0,14,79,0,4,0
20-02 15:16:10,65.057,14.208,17.697,2.493,0,2815092,168316,171520,4783540,6854.648,484.561,119.645,2464.682,12.962,137.591,9917,14955,2.620,2.360,1.410,5,0,235.301,0,0,14,82,0,7,0
20-02 15:16:11,41.451,23.223,32.462,1.748,0,2908944,140912,171520,4718464,10400.764,539.365,7.991,1598.120,1.998,93.890,10110,12986,2.570,2.350,1.410,2,0,581.316,0,0,14,95,0,13,0
20-02 15:16:12,31.356,16.054,47.660,4.014,0,2935968,179728,171528,4654256,5333.960,541.824,92.311,1605.406,3.010,55.186,7411,10509,2.570,2.350,1.410,2,1,274.926,0,0,14,93,0,14,0
20-02 15:16:13,46.749,5.000,46.249,1.000,0,3059476,123084,171548,4588920,3388.895,539.983,71.998,1331.959,2.000,75.998,3077,2234,2.570,2.350,1.410,2,1,3.000,0,0,14,98,0,14,0
20-02 15:16:14,7.258,19.022,59.569,12.264,0,3070944,177904,171548,4524056,7020.075,540.622,0,7997.199,0,532.613,6319,5511,2.570,2.350,1.410,1,1,361.416,0,0,14,97,0,15,0
20-02 15:16:15,8.746,18.991,68.969,1.999,0,3080936,167612,171548,4524356,8997.894,629.713,7.996,2238.978,1.999,125.943,6289,5131,2.570,2.350,1.410,1,0,392.821,0,0,14,97,0,15,0
20-02 15:16:16,13.715,13.965,71.569,0.249,0,3117092,131436,171548,4524376,5096.093,538.636,0,47.879,0,3.990,4281,3219,2.450,2.330,1.410,1,0,233.409,0,0,14,97,0,15,0
20-02 15:16:17,18.724,2.996,77.393,0.250,0,3149352,165224,171548,4460152,18017.195,6310.312,31.956,3.995,1.997,0.999,2017,1646,2.450,2.330,1.410,2,0,0,0,0,14,98,0,15,0
20-02 15:16:18,18.767,6.256,73.318,0.500,0,3100728,213812,171548,4460188,24627.692,17392.025,8.007,400.369,2.002,28.026,3182,2999,2.450,2.330,1.410,1,0,63.058,0,0,14,99,0,16,0
20-02 15:16:19,19.284,2.504,74.130,3.757,0,3136728,177788,171552,4460208,13488.614,6202.859,4.007,801.403,1.002,106.186,2252,2004,2.450,2.330,1.410,2,2,1.002,0,0,14,100,0,16,0
20-02 15:16:20,21.965,4.742,63.148,8.486,0,3138260,175800,171564,4460656,10790.566,1359.803,15.974,8861.682,0.998,242.608,4059,5797,2.450,2.330,1.410,1,0,1.997,0,0,14,106,0,16,0
20-02 15:16:21,22.563,4.763,62.925,8.774,0,3143832,169540,171568,4461340,4137.505,541.506,240.669,2370.592,15.042,238.664,5555,8495,2.490,2.340,1.420,1,0,4.011,0,0,14,111,0,16,0
20-02 15:16:22,20.935,7.477,65.547,4.486,0,3151776,161532,171568,4461420,8635.322,1677.817,0,3178.181,0,354.904,4027,3599,2.490,2.340,1.420,1,0,110.658,0,0,14,110,0,18,0
20-02 15:16:23,19.750,2.000,76.251,0.750,0,3181056,132236,171568,4461436,12684.239,6935.131,4.000,692.013,1.000,41.001,2197,2100,2.490,2.340,1.420,1,0,0,0,0,14,111,0,18,0
20-02 15:16:24,20.565,4.263,68.967,4.765,0,3180356,132300,171568,4462072,9569.095,2598.171,24.076,991.117,2.006,92.290,4409,6927,2.490,2.340,1.420,1,0,1.003,0,0,14,113,0,18,0
20-02 15:16:25,32.674,9.977,47.140,8.979,0,3182732,129880,171576,4462108,8374.420,1729.955,0,4984.346,0,257.398,5350,6375,2.490,2.340,1.420,3,0,96.774,0,0,14,114,0,19,0
20-02 15:16:26,40.497,6.500,51.746,0.250,0,3252024,126560,171576,4398120,12498.148,6288.572,7.999,699.952,2.000,42.997,3088,2274,2.370,2.320,1.420,2,0,5.000,0,0,14,115,0,19,0
20-02 15:16:27,19.735,6.745,71.945,0.250,0,3222012,156556,171576,4398136,23827.856,17350.788,0,531.595,0,26.979,2711,2021,2.370,2.320,1.420,1,0,60.954,0,0,14,114,0,20,0
20-02 15:16:28,19.499,2.500,77.495,0.500,0,3260616,179876,171576,4337220,10647.279,6252.576,0,427.971,0,19.999,1716,1268,2.370,2.320,1.420,1,0,0,0,0,14,115,0,20,0
20-02 15:16:29,19.764,5.254,72.801,1.001,0,3246480,194008,171576,4337224,20269.117,17376.102,0,388.270,0,23.016,2533,2088,2.370,2.320,1.420,1,0,52.036,0,0,14,114,0,21,0
20-02 15:16:30,15.742,2.249,80.212,0.750,0,3265068,175372,171580,4337252,14136.216,7008.637,11.994,871.582,2.999,24.988,1955,1850,2.370,2.320,1.420,1,0,0,0,0,14,115,0,21,0
20-02 15:16:31,22.054,8.772,64.409,3.007,0,3299428,140924,171580,4340124,8385.687,1692.175,60.148,1026.532,5.012,101.250,4647,9419,2.260,2.290,1.410,4,0,119.294,0,0,14,116,0,22,0
20-02 15:16:32,20.201,2.743,76.064,0.249,0,3315860,124460,171580,4337372,14453.667,6237.751,0,566.615,0,37.907,2303,4780,2.260,2.290,1.410,1,0,0,0,0,14,117,0,22,0
20-02 15:16:33,18.499,6.250,73.746,0.250,0,3286652,153652,171580,4337388,23010.815,17363.106,0,459.976,0,26.999,2478,2053,2.260,2.290,1.410,1,0,54.997,0,0,14,116,0,23,0
20-02 15:16:34,16.245,1.999,81.475,0,0,3301300,138992,171580,4337400,13994.647,7135.780,15.995,175.945,1.000,9.997,1706,1503,2.260,2.290,1.410,2,0,0,0,0,14,117,0,23,0
20-02 15:16:35,22.003,4.751,60.509,10.251,0,3303836,136100,171580,4337756,7925.149,1822.264,68.010,3092.448,5.001,344.050,7384,11723,2.260,2.290,1.410,1,0,1.000,0,0,14,117,0,25,0
20-02 15:16:36,20.007,6.752,70.525,2.251,0,3294504,145368,171640,4337760,5826.044,540.189,56.020,932.327,4.001,54.019,2526,2092,2.160,2.270,1.410,1,0,53.019,0,0,14,117,0,25,0
20-02 15:16:37,16.792,1.504,79.950,1.003,0,3299244,140612,171640,4337776,14120.396,10598.568,0,769.930,0,48.121,1916,1769,2.160,2.270,1.410,1,0,0,0,0,14,118,0,25,0
20-02 15:16:38,24.455,6.239,63.633,4.242,0,3302144,137668,171640,4337820,8388.537,539.006,23.956,1796.688,1.996,188.652,6105,8714,2.160,2.270,1.410,2,0,0,0,0,14,118,0,25,0
20-02 15:16:39,26.722,6.743,61.436,4.246,0,3269292,170440,171640,4337900,4791.997,1404.533,0,978.978,0,91.904,4391,5069,2.160,2.270,1.410,1,0,69.927,0,0,14,117,0,26,0
20-02 15:16:40,19.504,2.751,73.014,4.001,0,3305160,134560,171640,4337912,13918.645,7004.331,0,1016.193,0,118.022,2329,2158,2.160,2.270,1.410,1,1,1.000,0,0,14,118,0,26,0
20-02 15:16:41,16.298,8.274,64.941,8.776,0,3301484,138192,171640,4337956,9887.055,3842.291,0,7887.178,0,548.612,5265,6709,2.150,2.270,1.410,1,0,148.436,0,0,14,117,0,27,0
20-02 15:16:42,18.434,3.487,77.471,0.249,0,3287648,215812,171640,4275760,15410.496,6216.610,0,709.445,0,27.900,1800,1373,2.150,2.270,1.410,1,0,0,0,0,14,118,0,27,0
20-02 15:16:43,18.762,2.752,75.048,2.502,0,3290708,212596,171644,4275912,11889.637,6321.060,32.021,1821.170,4.003,111.071,3774,4854,2.150,2.270,1.410,0,1,0,0,0,14,118,0,27,0
20-02 15:16:44,31.560,6.763,57.860,3.006,0,3300500,202612,171644,4276088,6780.892,2134.057,32.061,1374.613,2.004,144.274,7803,11739,2.150,2.270,1.410,3,1,4.008,0,0,14,119,0,28,0
20-02 15:16:45,31.540,12.266,51.316,2.754,0,3287840,215152,171648,4276156,7699.870,1045.340,0,1517.946,0,138.177,8920,12698,2.150,2.270,1.410,1,0,286.367,0,0,14,119,0,28,0
20-02 15:16:46,19.436,2.243,75.998,1.495,0,3317060,185920,171648,4276168,13477.393,7857.992,0,833.242,0,84.720,2136,1835,2.060,2.250,1.410,1,0,0,0,0,14,119,0,28,1
20-02 15:16:47,10.285,17.560,69.235,1.505,0,3259252,243676,171648,4276204,3590.197,698.373,4.014,517.759,1.003,27.092,5426,4244,2.060,2.250,1.410,2,0,347.179,0,0,14,119,0,29,0
20-02 15:16:48,13.663,17.637,66.327,0.248,0,3263168,239604,171648,4276360,7314.333,536.577,0,588.247,0,32.791,6084,6128,2.060,2.250,1.410,1,0,353.743,0,0,14,119,0,29,0
20-02 15:16:49,27.164,20.122,51.814,1.006,0,3304448,198284,171648,4276408,8245.899,543.288,0,1078.527,0,60.365,6683,7669,2.060,2.250,1.410,2,0,424.569,0,0,14,119,0,29,0
20-02 15:16:50,34.143,20.436,43.365,1.246,0,3362744,139572,171664,4277124,8638.038,554.270,59.813,1455.457,3.988,39.876,7450,8332,2.060,2.250,1.410,4,0,467.541,0,0,14,125,0,30,0
20-02 15:16:51,39.283,19.016,40.534,0.500,0,3445448,119464,171668,4215896,6685.674,540.459,0,2662.259,0,259.220,7056,7996,2.210,2.280,1.430,3,0,454.386,0,0,16,125,0,30,0
20-02 15:16:52,58.896,26.453,13.975,0.250,0,3604120,140712,171672,4041044,4906.301,539.044,15.972,814.556,3.993,47.915,8017,13705,2.210,2.280,1.430,3,0,521.076,0,0,16,131,0,30,0
20-02 15:16:53,49.223,19.086,30.890,0,0,3670508,162136,171436,3953916,7492.913,542.455,36.164,956.328,4.018,84.382,9300,13154,2.210,2.280,1.430,3,0,416.887,0,0,16,147,0,30,0
20-02 15:16:54,36.994,22.496,38.994,1.250,0,3730152,148060,171440,3908712,5181.138,539.910,3.999,599.900,1.000,12.998,7551,6033,2.210,2.280,1.430,2,1,601.900,0,0,17,149,0,30,0
20-02 15:16:55,17.677,15.685,64.733,0.747,0,3733932,144192,171440,3909240,4465.564,627.410,7.967,609.484,1.992,52.782,6797,9425,2.210,2.280,1.430,1,0,283.828,0,0,17,149,0,30,0
20-02 15:16:56,28.612,22.840,46.934,0.502,0,3797096,135600,171440,3854836,6629.985,542.125,4.016,445.747,1.004,35.138,6838,6301,2.190,2.270,1.430,2,0,520.038,0,0,17,149,0,30,0
20-02 15:16:57,40.600,18.432,38.856,1.245,0,3875500,152768,171336,3760800,7158.469,538.006,11.956,398.523,2.989,28.893,6760,9155,2.190,2.270,1.430,10,0,283.948,0,0,17,157,0,30,0
20-02 15:16:58,33.608,25.833,38.373,1.003,0,3968116,166632,171336,3657060,7597.328,557.786,160.514,814.608,6.019,46.148,8499,10526,2.190,2.270,1.430,3,0,687.201,0,0,17,161,0,30,0
20-02 15:16:59,29.510,24.759,43.515,1.250,0,4049212,143064,171336,3600820,4940.734,540.190,20.007,552.194,5.002,37.013,8713,11232,2.190,2.270,1.430,1,0,633.222,0,0,17,167,0,31,0
20-02 15:17:00,16.723,17.722,63.649,0.998,0,4069872,122312,171336,3601368,3403.597,539.144,3.994,415.341,0.998,24.960,7812,10047,2.190,2.270,1.430,1,0,372.409,0,0,17,169,0,30,0
20-02 15:17:01,37.437,10.732,50.665,0.499,0,4156176,160528,171340,3479212,7689.112,539.096,7.987,467.217,1.997,24.958,4381,3579,2.180,2.270,1.430,4,0,122.794,0,0,17,173,0,30,0
20-02 15:17:02,44.171,7.237,45.418,1.497,0,4275092,205884,171340,3318404,8088.468,632.863,99.821,411.261,7.986,31.943,3420,2304,2.180,2.270,1.430,2,1,4.991,0,0,17,173,0,30,0
20-02 15:17:03,33.922,14.322,48.747,1.759,0,4246456,233760,171344,3319224,10786.570,542.746,96.488,779.946,5.025,62.315,5627,5707,2.180,2.270,1.430,3,0,327.658,0,0,17,193,0,30,0
20-02 15:17:04,31.000,22.750,43.750,2.500,0,4283148,195272,171348,3320984,14118.085,6253.037,468.003,352.002,6.000,26.000,8406,11125,2.180,2.270,1.430,2,0,547.003,0,0,17,194,0,28,0
20-02 15:17:05,46.901,21.954,29.438,0.249,0,4345180,131804,171356,3322776,10729.296,3540.508,790.328,455.037,14.968,34.926,7330,9382,2.180,2.270,1.430,6,0,379.198,0,0,17,199,0,29,0
20-02 15:17:06,63.840,12.768,17.024,5.508,0,4495364,122772,171372,3185168,13440.959,6261.833,785.107,845.192,19.027,14.020,4759,4174,2.160,2.260,1.440,4,0,47.066,0,0,17,201,0,29,0
20-02 15:17:07,53.740,8.748,17.747,18.997,0,4470256,194556,171392,3138780,10659.078,5726.967,4691.154,6678.796,238.957,568.897,6095,6103,2.160,2.260,1.440,3,0,27.995,0,0,17,216,0,30,0
20-02 15:17:08,50.773,17.008,26.012,5.503,0,4541900,138424,171460,3123936,7322.356,2507.149,2473.134,1504.690,127.058,119.055,7156,8891,2.160,2.260,1.440,1,0,269.123,0,0,17,216,0,34,0
20-02 15:17:09,29.864,20.904,43.551,3.484,0,4474144,245960,171460,3085984,16801.238,9467.743,155.291,1122.870,10.950,78.641,8496,10659,2.160,2.260,1.440,2,0,444.967,0,0,17,217,0,35,0
20-02 15:17:10,53.274,24.376,18.596,2.513,0,4574124,143568,171468,3088256,9599.426,1158.967,4.021,12745.625,1.005,188.973,7229,9887,2.160,2.260,1.440,3,0,477.458,0,0,17,218,0,35,0
20-02 15:17:11,49.707,21.731,24.729,3.247,0,4656008,173356,171484,2979360,17967.458,10746.704,1015.122,4468.135,45.960,68.940,7739,11485,2.470,2.320,1.460,3,0,428.629,0,0,17,217,0,36,0
20-02 15:17:12,59.844,19.948,7.481,11.969,0,4705352,120888,171488,2982020,5710.149,538.599,371.035,11450.221,14.961,584.480,7006,10767,2.470,2.320,1.460,4,1,362.058,0,0,17,221,0,38,0
20-02 15:17:13,47.801,21.273,24.777,4.755,0,4760960,144508,171500,2905076,18747.109,11393.221,536.576,1882.019,34.037,164.176,9681,15962,2.470,2.320,1.460,6,0,396.425,0,0,17,233,0,32,0
20-02 15:17:14,58.097,19.449,18.451,2.493,0,4825512,134740,171500,2851164,5400.747,538.579,15.958,761.989,2.992,42.887,6264,7372,2.470,2.320,1.460,5,0,266.297,0,0,17,235,0,32,0
20-02 15:17:15,62.760,11.252,23.504,2.250,0,4908056,124064,171504,2780652,21774.379,17310.687,816.127,972.151,12.002,44.007,7509,16694,2.470,2.320,1.460,6,0,18.003,0,0,17,238,0,34,0
20-02 15:17:16,56.442,10.489,25.973,6.743,0,4973696,121828,171216,2719408,11341.359,2969.952,1782.171,803.176,96.901,65.932,6244,8193,2.510,2.330,1.470,3,0,18.981,0,0,17,244,0,38,0
20-02 15:17:17,48.014,21.619,28.406,1.006,0,4884924,241444,171392,2688736,20264.446,12199.090,1375.565,869.783,31.171,46.254,7122,7043,2.510,2.330,1.470,3,0,461.538,0,0,17,245,0,39,0
20-02 15:17:18,48.441,24.220,24.220,2.996,0,4951972,170664,171504,2692636,15222.399,6179.449,3879.260,1839.752,52.935,79.902,7773,10408,2.510,2.330,1.470,5,0,475.419,0,0,17,246,0,39,0
20-02 15:17:19,68.805,16.952,11.717,1.745,0,4976428,175872,171520,2663420,15777.208,5768.623,1260.422,1304.297,47.864,67.807,7653,9598,2.510,2.330,1.470,4,0,198.437,0,0,18,248,0,40,0
20-02 15:17:20,70.880,12.523,6.011,10.770,0,5102980,151128,171520,2563960,11207.614,2930.390,3093.690,577.061,148.273,28.052,5078,3604,2.510,2.330,1.470,4,0,13.024,0,0,18,249,0,40,0
20-02 15:17:21,76.759,10.467,9.969,1.495,0,5092516,221332,171552,2505956,17826.916,8970.778,1148.387,1706.631,47.849,104.671,6945,8155,2.710,2.380,1.490,6,0,49.843,0,0,18,253,0,41,0
20-02 15:17:22,46.556,13.767,34.792,3.755,0,5188368,157420,171560,2474832,9986.974,3547.253,1401.681,1297.556,45.054,130.156,6439,7306,2.710,2.380,1.490,1,0,189.227,0,0,18,259,0,42,0
20-02 15:17:23,36.148,8.535,50.206,3.765,0,5156696,188964,171568,2474952,20857.398,11532.217,827.388,1984.124,11.045,217.892,5270,5866,2.710,2.380,1.490,2,2,15.062,0,0,18,266,0,43,0
20-02 15:17:24,46.510,15.003,32.507,5.751,0,5197316,161048,171568,2463040,16558397.414,147551.372,3068.632,1320.272,35.007,101.021,11400,7169,2.710,2.380,1.490,3,0,266.055,0,0,18,265,0,43,0
20-02 15:17:25,42.250,8.000,48.250,0.500,0,5239476,151156,171568,2431652,15072.040,9938.026,260.001,744.002,3.000,70.000,4160,3784,2.710,2.380,1.490,2,0,7.000,0,0,18,265,0,42,0
20-02 15:17:26,36.595,4.232,55.764,1.992,0,5268192,154480,171568,2401028,15231.516,14365.184,47.798,764.762,2.987,63.730,4791,5835,2.580,2.360,1.490,3,0,2.987,0,0,18,275,0,43,0
20-02 15:17:27,19.248,5.499,67.992,5.249,0,5219972,202244,171572,2401464,422098.065,16396047.173,403.953,995.885,21.997,94.989,5425,4981,2.580,2.360,1.490,0,0,44.995,0,0,18,274,0,46,0
20-02 15:17:28,2.749,1.000,93.956,1.249,0,5219900,202312,171572,2401468,5043.665,539.750,0,563.739,0,38.982,1591,2299,2.580,2.360,1.490,0,0,0,0,0,18,274,0,46,0
20-02 15:17:29,1.250,0.750,96.006,0.250,0,5208084,214112,171572,2401484,7723.490,486.031,0,388.025,0,26.002,1229,1848,2.580,2.360,1.490,0,0,1.000,0,0,18,274,0,43,0
20-02 15:17:30,19.336,3.767,72.069,3.767,0,5151324,254588,171584,2417724,16590307.072,116866.932,64.285,1832.120,3.013,125.556,10963,10846,2.580,2.360,1.490,0,0,1.004,0,0,18,276,2,44,0
20-02 15:17:31,11.953,16.186,61.757,7.720,0,5113224,292524,171588,2417884,6051.172,2867.708,31.874,13972.978,2.988,173.318,6229,6201,2.770,2.400,1.500,1,0,463.176,0,0,18,276,0,46,0
20-02 15:17:32,28.324,7.018,63.918,1.003,0,5175240,230336,171588,2418056,7654.090,541.421,168.442,405.063,9.024,30.079,3364,11921,2.770,2.400,1.500,1,0,40.105,0,0,18,276,0,47,0
20-02 15:17:33,8.012,18.277,66.849,5.007,0,5177052,228468,171588,2418112,7451.042,540.801,4.006,5275.819,1.001,813.205,6604,4994,2.770,2.400,1.500,2,0,368.546,0,0,18,276,0,44,0
20-02 15:17:34,6.472,13.691,75.922,1.245,0,5170756,234720,171588,2418156,8783.046,537.677,3.983,16448.920,0.996,52.772,5019,4665,2.770,2.400,1.500,0,0,295.722,0,0,18,276,0,44,0
20-02 15:17:35,8.756,3.503,84.812,2.252,0,5187040,218340,171588,2418252,10069.335,540.394,96.070,312.227,6.004,32.023,1980,2287,2.770,2.400,1.500,2,0,11.008,0,0,18,280,0,44,0
20-02 15:17:36,19.241,2.749,75.714,0.500,0,5223896,181476,171588,2418260,11251.630,6250.017,0,999.523,0,14.993,2121,1810,2.630,2.380,1.500,1,0,0,0,0,18,281,0,44,0
20-02 15:17:37,16.319,10.042,71.049,1.757,0,5182644,222460,171592,2418508,12295.668,3722.643,76.321,164.692,7.030,14.059,4671,4204,2.630,2.380,1.500,1,0,154.650,0,0,18,284,0,43,0
20-02 15:17:38,11.500,17.000,70.751,0,0,5176132,228688,171592,2418780,7560.151,540.011,4.000,0,1.000,0,5594,4387,2.630,2.380,1.500,1,0,231.005,0,0,18,284,0,43,0
20-02 15:17:39,15.184,13.442,63.974,5.974,0,5189528,215064,171592,2418992,3180.280,537.680,3.983,13704.877,0.996,547.637,5349,4228,2.630,2.380,1.500,1,0,216.068,0,0,18,284,0,43,0
20-02 15:17:40,23.504,3.501,70.012,2.000,0,5258712,145884,171592,2418992,8998.563,540.094,32.006,440.076,1.000,44.008,2554,2572,2.630,2.380,1.500,3,0,3.001,0,0,18,286,0,43,0
20-02 15:17:41,22.485,2.748,68.704,5.247,0,5276188,152416,171592,2395912,6532.655,539.641,415.723,819.455,15.989,59.960,2874,3212,2.500,2.350,1.500,1,0,5.996,0,0,18,292,0,41,0
20-02 15:17:42,22.275,4.005,71.832,0.751,0,5226456,202104,171592,2395956,7580.676,540.619,24.028,316.362,4.005,15.017,2417,2126,2.500,2.350,1.500,1,0,5.006,0,0,18,288,0,41,0
20-02 15:17:43,22.986,3.998,72.206,0.250,0,5259408,169148,171592,2395960,5753.464,1144.297,0,251.845,0,17.989,2420,2180,2.500,2.350,1.500,0,0,2.998,0,0,18,291,0,41,0
20-02 15:17:44,19.740,3.998,74.463,0.500,0,5173800,254752,171592,2395964,13554.257,7081.477,0,5449.289,0,33.983,2824,2665,2.500,2.350,1.500,1,0,15.992,0,0,18,288,0,42,0
20-02 15:17:45,24.236,2.748,71.709,0,0,5222268,206284,171592,2395964,6891.079,485.724,0,6968.035,0,25.985,2192,1800,2.500,2.350,1.500,2,0,0,0,0,18,288,0,41,0
20-02 15:17:46,13.771,14.522,69.606,1.502,0,5209708,218676,171596,2396128,3736.686,540.823,392.597,504.768,5.008,22.034,5049,4470,2.380,2.330,1.500,1,0,282.430,0,0,18,288,0,41,0
20-02 15:17:47,14.485,13.985,69.925,0.499,0,5231736,196500,171596,2396276,5757.852,539.424,39.957,275.706,3.996,23.974,5019,4291,2.380,2.330,1.500,2,0,300.679,0,0,18,288,0,41,0
20-02 15:17:48,18.511,3.252,76.044,1.001,0,5258160,169900,171760,2396288,13902.069,2693.563,136.079,152.088,5.003,3.002,2221,1887,2.380,2.330,1.500,1,0,33.019,0,0,18,289,0,41,0
20-02 15:17:49,22.760,3.251,72.532,1.000,0,5224084,197540,172268,2402112,5117.231,714.311,0,608.265,0,8.003,2223,1949,2.380,2.330,1.500,2,0,4.002,0,0,18,288,0,41,0
20-02 15:17:50,19.730,2.747,74.175,2.747,0,5248184,167748,172768,2407152,15439.407,3613.351,0,1362.624,0,35.964,2396,2381,2.380,2.330,1.500,1,0,16.983,0,0,18,288,0,40,0
20-02 15:17:51,19.995,5.499,71.982,0.250,0,5260300,155088,172800,2407664,9460.579,1919.509,3.999,635.837,1.000,24.994,10942,20063,2.270,2.310,1.490,0,0,12.997,0,0,18,289,0,40,0
20-02 15:17:52,21.600,5.526,70.577,1.507,0,5244832,170012,172888,2408120,9680.861,2165.033,196.912,522.421,8.037,11.051,10270,18917,2.270,2.310,1.490,1,0,13.061,0,0,18,289,0,40,0
20-02 15:17:53,18.978,5.494,72.165,1.748,0,5182900,241820,172984,2398236,7157.601,713.163,7.991,739.133,1.998,23.972,2750,2386,2.270,2.310,1.490,2,0,46.945,0,0,18,288,0,40,0
20-02 15:17:54,16.269,12.515,69.583,0.501,0,5228748,195964,172984,2398256,3426.106,540.648,0,608.730,0,26.031,4329,4025,2.270,2.310,1.490,1,0,229.275,0,0,18,288,0,39,0
20-02 15:17:55,21.165,2.241,74.450,0.747,0,5256584,167932,172984,2398452,12883.007,6227.866,0,394.408,0,29.879,2377,2342,2.270,2.310,1.490,1,0,0.996,0,0,18,289,0,39,0
20-02 15:17:56,17.257,7.753,72.280,2.001,0,5221860,202524,172984,2398584,11230.693,5096.129,116.048,320.134,8.003,24.010,3610,3447,2.170,2.290,1.490,2,0,117.049,0,0,18,288,0,42,0
20-02 15:17:57,19.746,2.250,76.485,0,0,5257564,166816,172984,2398588,9802.132,6251.809,0,39.992,0,3.999,2213,2083,2.170,2.290,1.490,2,0,0,0,0,18,289,0,42,0
20-02 15:17:58,20.997,6.499,70.991,0.750,0,5212316,212008,172984,2398644,11022.675,3450.585,7.999,0,2.000,0,3025,2715,2.170,2.290,1.490,1,0,69.992,0,0,18,288,0,43,0
20-02 15:17:59,18.988,2.249,77.701,0,0,5238260,186052,172984,2398656,13765.245,8454.623,0,35.977,0,1.999,2282,2139,2.170,2.290,1.490,1,0,0.999,0,0,18,290,0,43,0
20-02 15:18:00,20.747,6.249,71.489,0.750,0,5249232,175012,172984,2398724,12829.026,5591.140,63.990,143.978,3.000,14.998,3056,2786,2.170,2.290,1.490,1,0,55.991,0,0,18,288,0,44,0
20-02 15:18:01,18.053,2.257,78.481,0.251,0,5268700,155512,172984,2398756,17625.960,10792.817,16.047,184.544,1.003,12.035,2405,2313,2.070,2.270,1.490,1,0,0,0,0,18,288,0,47,0
20-02 15:18:02,22.682,5.234,70.788,0.748,0,5264132,160076,172984,2398760,5218.343,632.103,0,195.414,0,10.967,2543,2197,2.070,2.270,1.490,2,0,33.898,0,0,18,288,0,46,0
20-02 15:18:03,17.085,3.518,76.884,1.256,0,5268772,155228,172984,2398952,18724.596,10697.472,32.161,305.527,2.010,26.131,4389,6294,2.070,2.270,1.490,1,1,1.005,0,0,18,291,0,46,0
20-02 15:18:04,24.481,6.245,68.198,0.999,0,5242992,180952,172984,2399008,6584.022,1373.961,47.964,475.640,2.998,45.965,3606,3558,2.070,2.270,1.490,1,0,46.964,0,0,18,290,0,47,0
20-02 15:18:05,18.982,2.747,69.435,6.744,0,5169524,254264,172984,2399164,13995.853,10750.901,0,2453.695,0,346.674,3274,3113,2.070,2.270,1.490,3,0,7.992,0,0,18,290,0,50,0
20-02 15:18:06,22.914,4.981,71.732,0.498,0,5214212,209568,172984,2399172,7974.228,537.991,0,251.063,0,17.933,2489,2109,1.990,2.240,1.480,1,0,23.911,0,0,18,290,0,49,0
20-02 15:18:07,15.823,2.009,79.115,1.758,0,5181040,242732,172984,2399180,16717.051,11491.968,0,357.648,0,35.162,2664,2978,1.990,2.240,1.480,1,0,7.032,0,0,18,290,0,50,0
20-02 15:18:08,5.477,7.718,81.408,4.232,0,5186580,235956,173524,2399876,11635.078,2869.933,1131.243,454.091,252.936,16.929,3426,3630,1.990,2.240,1.480,0,0,172.276,0,0,18,292,0,50,0
20-02 15:18:09,4.003,7.255,86.315,0.250,0,5171652,250828,173532,2399924,18297.716,3090.316,0,412.309,0,22.017,2979,2894,1.990,2.240,1.480,1,0,126.095,0,0,18,292,0,51,0
20-02 15:18:10,6.270,8.025,83.511,1.254,0,5133232,289168,173532,2400008,11409.624,2820.807,16.050,1721.375,1.003,138.432,3581,3688,1.990,2.240,1.480,1,0,150.470,0,0,18,290,0,46,0
20-02 15:18:11,13.458,4.486,70.780,9.221,0,5165668,254060,173616,2402596,6564.619,538.329,1674.800,1064.694,186.421,167.480,3145,3265,1.910,2.220,1.480,1,0,64.799,0,0,18,290,0,46,0
20-02 15:18:12,22.499,3.500,71.746,1.750,0,5197252,209656,173872,2415032,7638.609,539.972,2999.847,11.999,159.992,3.000,2611,2443,1.910,2.220,1.480,1,0,16.999,0,0,18,290,0,46,0
20-02 15:18:13,14.251,2.000,79.007,4.000,0,5196672,205860,173872,2419376,18163.508,5095.423,868.072,1496.124,10.001,36.003,2096,2140,1.910,2.220,1.480,1,0,2.000,0,0,18,290,0,46,0
20-02 15:18:14,10.800,9.795,70.578,7.033,0,5164500,235248,173872,2422144,6679.011,542.519,968.497,3407.823,16.075,120.560,4946,5119,1.910,2.220,1.480,2,0,197.919,0,0,18,290,0,39,0
20-02 15:18:15,20.399,6.965,71.395,0.249,0,5213092,186640,173872,2422160,5554.404,483.597,0,433.844,0,19.901,3048,2753,1.910,2.220,1.480,1,0,103.486,0,0,18,290,0,39,0
20-02 15:18:16,18.752,4.501,75.509,0,0,5210940,188776,173872,2422176,33633.945,23145.715,0,0,0,0,2877,2667,1.830,2.200,1.480,2,0,47.006,0,0,18,290,0,41,0
20-02 15:18:17,20.246,3.249,75.734,0,0,5262468,137232,173872,2422192,11110.585,2924.364,0,171.963,0,23.995,2248,2056,1.830,2.200,1.480,3,0,0,0,0,18,291,0,41,0
20-02 15:18:18,17.775,4.006,74.103,2.503,0,5172868,226488,173872,2422536,11332.699,7018.723,336.466,0,21.029,0,2634,2418,1.830,2.200,1.480,1,0,14.019,0,0,18,290,0,35,0
20-02 15:18:19,20.515,2.252,75.806,0,0,5213396,185956,173872,2422540,14851.002,6257.636,0,4.003,0,1.001,2180,1946,1.830,2.200,1.480,1,0,1.001,0,0,18,291,0,35,0
20-02 15:18:20,16.938,3.487,68.002,10.711,0,5213488,183716,173876,2424680,10246.586,1371.990,2088.375,2048.520,84.691,163.403,4268,6021,1.830,2.200,1.480,1,1,0.996,0,0,18,291,0,35,0
20-02 15:18:21,23.385,5.029,68.648,2.515,0.251,5193632,203388,173876,2424864,11294.428,1790.371,144.839,2329.495,9.052,169.985,3430,4302,1.770,2.180,1.480,1,0,5.029,0,0,18,290,0,36,0
20-02 15:18:22,16.681,2.490,79.171,0.249,0,5208620,188260,173876,2425004,15921.905,9766.457,0,386.396,0,25.893,2340,2326,1.770,2.180,1.480,0,0,0,0,0,18,291,0,33,0
20-02 15:18:23,17.586,8.291,67.581,4.271,0,5167096,229628,173876,2425160,9961.797,2096.268,104.512,1431.010,5.025,144.709,6076,7871,1.770,2.180,1.480,1,0,153.753,0,0,18,290,0,34,0
20-02 15:18:24,8.241,23.473,65.176,1.748,0,5159956,236732,173876,2425196,5131.173,539.388,0,747.152,0,51.941,7500,7169,1.770,2.180,1.480,1,0,717.186,0,0,18,290,0,34,0
20-02 15:18:25,8.509,21.773,61.815,7.508,0,5161888,234768,173876,2425228,4561.831,540.572,0,5097.398,0,200.212,7613,7899,1.770,2.180,1.480,1,0,712.755,0,0,18,290,0,34,0
20-02 15:18:26,7.991,21.227,64.681,4.495,0,5168820,227796,173876,2425268,4691.978,539.423,0,2221.622,0,330.646,7242,6865,1.710,2.160,1.470,1,0,630.325,0,0,18,290,0,30,0
20-02 15:18:27,9.001,22.002,67.007,0.250,0,5171728,224856,173876,2425304,7792.782,540.054,0,232.023,0,22.002,7401,6857,1.710,2.160,1.470,3,0,699.070,0,0,18,290,0,30,0
20-02 15:18:28,9.011,21.776,67.831,0.250,0,5185664,210880,173876,2425344,8012.516,540.642,0,252.300,0,24.029,7491,7090,1.710,2.160,1.470,1,0,686.816,0,0,18,290,0,30,0
20-02 15:18:29,13.688,13.191,68.940,2.240,0,5200860,306608,173876,2326052,7453.501,537.584,3.982,1361.879,0.996,20.906,4668,4361,1.710,2.160,1.470,2,0,244.899,0,0,18,290,0,30,0
20-02 15:18:30,22.495,2.999,70.484,2.999,0,5222244,275176,174112,2335848,6214.603,539.879,0,2495.439,0,18.996,2378,2171,1.710,2.160,1.470,3,0,2.999,0,0,18,290,0,26,0
20-02 15:18:31,16.004,2.501,78.267,2.751,0,5232400,263520,174196,2337256,18922.198,6504.443,544.121,1056.234,28.006,24.005,2219,2050,1.650,2.140,1.470,1,0,16.004,0,0,18,291,0,26,0
20-02 15:18:32,15.499,3.250,74.243,5.250,0,5232164,263320,174232,2337788,17753.394,6777.387,307.972,839.924,33.997,29.997,2840,7068,1.650,2.140,1.470,1,0,35.997,0,0,18,291,0,27,0
20-02 15:18:33,13.249,1.500,79.247,4.250,0,5239572,254432,174268,2339084,26207.960,12811.491,1043.959,1895.925,59.998,75.997,2244,2478,1.650,2.140,1.470,1,0,0,0,0,18,291,0,27,0
20-02 15:18:34,17.747,1.250,77.239,3.250,0,5254424,238556,174312,2340100,16553.541,9230.629,663.901,1239.816,52.992,59.991,2232,2308,1.650,2.140,1.470,4,0,0,0,0,18,291,0,27,0
20-02 15:18:35,15.999,1.250,78.494,2.500,0,5257312,234524,174360,2341196,27367.991,10572.224,867.936,1459.893,51.996,52.996,2118,2071,1.650,2.140,1.470,0,1,0,0,0,18,291,0,24,0
20-02 15:18:36,13.255,2.251,75.527,8.503,0,5261388,199088,174360,2372552,18342.482,6028.130,14913.270,832.294,185.065,39.014,2116,2131,1.600,2.120,1.470,1,0,0,0,0,18,291,0,24,0
20-02 15:18:37,21.256,3.001,72.019,3.001,0,5262468,183416,175504,2385984,8807.309,540.142,0,1656.434,0,61.016,2434,2394,1.600,2.120,1.470,1,0,1.000,0,0,18,291,0,24,0
20-02 15:18:38,35.581,5.763,55.877,1.503,0,5295120,134444,175920,2401508,6277.256,487.106,513.165,1282.914,4.009,30.068,3217,2264,1.600,2.120,1.470,2,0,7.016,0,0,18,291,0,24,0
20-02 15:18:39,33.143,5.233,56.069,4.735,0,5267572,142500,176340,2420360,11630.522,538.266,510.355,1574.925,3.987,60.804,3280,2521,1.600,2.120,1.470,0,1,5.981,0,0,18,291,0,23,0
20-02 15:18:40,17.762,2.502,70.796,8.005,0,5273728,126448,176996,2429512,9237.067,540.355,0,2425.593,0,112.074,2709,2873,1.600,2.120,1.470,0,1,1.001,0,0,18,291,0,23,0
20-02 15:18:41,16.505,3.001,65.020,14.505,0,5241188,166960,177632,2422112,4084.280,540.169,0,9867.092,0,300.094,2684,2741,1.550,2.100,1.460,2,0,1.000,0,0,18,291,0,23,0
20-02 15:18:42,18.747,1.750,72.240,5.249,0,5233608,163256,178340,2432016,11536.431,539.927,0,1599.782,0,53.993,2341,2293,1.550,2.100,1.460,1,0,0,0,0,18,291,0,23,0
20-02 15:18:43,23.340,3.514,68.515,4.267,0,5173864,237348,178552,2416968,10636.176,716.775,32.124,1521.892,1.004,55.214,2908,2712,1.550,2.100,1.460,1,0,19.074,0,0,18,290,0,23,0
20-02 15:18:44,19.927,2.491,74.476,2.242,0,5202080,204436,178552,2421380,9750.109,2809.657,0,1299.218,0,25.905,2331,2209,1.550,2.100,1.460,1,0,16.938,0,0,18,290,0,23,0
20-02 15:18:45,19.493,3.499,73.725,2.499,0,5201360,203748,178552,2422680,18573.772,2638.115,0,635.787,0,16.994,2488,2279,1.550,2.100,1.460,2,0,17.994,0,0,18,291,0,23,0
20-02 15:18:46,21.990,4.248,69.469,1.000,0,5217348,181436,178552,2428044,11693.709,1559.295,0,4437.992,0,38.982,10476,19278,1.500,2.090,1.460,1,0,13.994,0,0,18,290,0,23,0
20-02 15:18:47,23.767,5.754,68.548,0,0,5222872,175640,178552,2428296,7420.172,540.377,0,10571.368,0,112.078,10626,19391,1.500,2.090,1.460,2,0,13.009,0,0,18,290,0,22,0
20-02 15:18:48,20.005,5.251,72.517,1.750,0,5188704,222072,178568,2417068,11120.668,540.130,0,2028.487,0,13.003,2445,1984,1.500,2.090,1.460,1,0,12.003,0,0,18,290,0,22,0
20-02 15:18:49,23.477,4.995,69.183,0,0,5165612,245148,178572,2417080,7503.718,581.436,0,7.992,0,1.998,10285,18582,1.500,2.090,1.460,1,0,53.948,0,0,18,290,0,22,0
20-02 15:18:50,19.511,3.252,76.043,0.750,0,5202136,208608,178572,2417096,14172.986,2647.492,0,852.480,0,10.006,2301,2041,1.500,2.090,1.460,1,0,33.019,0,0,18,291,0,22,0
20-02 15:18:51,21.989,3.248,71.715,1.999,0,5220268,184724,178572,2422688,5343.382,713.650,0,663.675,0,12.994,2245,2014,1.460,2.070,1.460,1,0,2.999,0,0,18,290,0,22,0
20-02 15:18:52,16.988,2.748,76.696,1.749,0,5226720,172260,178572,2427820,11628.739,3644.411,0,1243.117,0,17.987,2194,2111,1.460,2.070,1.460,1,0,17.987,0,0,18,290,0,22,0
20-02 15:18:53,24.764,7.254,64.536,2.001,0,5232220,165988,178572,2428496,7044.902,486.269,160.089,1020.565,8.004,39.022,19538,37319,1.460,2.070,1.460,2,0,18.010,0,0,18,290,0,22,0
20-02 15:18:54,19.264,5.504,69.800,3.503,0,5174872,235616,178584,2417264,5704.090,540.388,0,1196.858,0,32.023,2583,2393,1.460,2.070,1.460,2,0,15.011,0,0,18,290,0,22,0
20-02 15:18:55,24.477,3.497,70.932,0.250,0,5201992,208460,178584,2417300,6822.469,539.484,0,539.484,0,34.967,2835,2815,1.460,2.070,1.460,1,0,21.979,0,0,18,290,0,22,0
20-02 15:18:56,22.279,5.507,71.342,0.501,0,5202372,200232,179104,2424580,5093.550,582.749,0,392.505,0,25.032,3412,3361,1.510,2.070,1.460,2,0,98.126,0,0,18,290,0,22,0
20-02 15:18:57,21.976,2.248,71.673,2.248,0,5206380,192148,179316,2427896,7881.567,1810.063,3.996,2225.619,0.999,208.777,2602,2454,1.510,2.070,1.460,0,0,15.983,0,0,18,291,0,22,0
20-02 15:18:58,14.009,1.001,80.054,3.502,0,5215520,182780,179316,2428068,22829.438,10794.300,0,1436.972,0,47.032,2006,2000,1.510,2.070,1.460,1,0,0,0,0,18,291,0,22,0
20-02 15:18:59,10.239,1.249,84.160,2.997,0,5211408,186280,179320,2428576,90979.514,14249.731,0,1718.159,0,62.933,1846,2086,1.510,2.070,1.460,1,0,0.999,0,0,18,292,0,18,0
20-02 15:19:00,16.253,2.000,77.765,2.751,0,5223608,173764,179320,2428820,90134.873,9130.811,0,1276.253,0,49.010,2123,2021,1.510,2.070,1.460,3,0,0,0,0,18,292,0,18,0
20-02 15:19:01,14.755,1.250,79.528,3.501,0,5222056,174996,179320,2429052,22337.830,11587.062,0,1460.512,0,44.015,1954,2001,1.470,2.050,1.460,1,0,0,0,0,18,292,0,18,0
20-02 15:19:02,13.516,1.251,77.341,6.758,0,5237376,159216,179320,2429476,290873.982,10204.998,0,6587.745,0,101.119,2207,2151,1.470,2.050,1.460,0,1,2.002,0,0,18,292,0,18,0
20-02 15:19:03,8.493,1.998,72.440,15.487,0,5235624,160608,179328,2429684,69777.139,12266.828,27.977,10163.572,3.997,288.761,2740,3650,1.470,2.050,1.460,2,0,0,0,0,18,292,0,14,0
20-02 15:19:04,11.251,1.750,78.004,7.750,0,5233268,162544,179328,2430008,64486.572,11507.637,104.006,1824.101,6.000,89.005,2125,2470,1.470,2.050,1.460,0,1,0,0,0,18,292,0,14,0
20-02 15:19:05,12.778,1.754,77.920,6.514,0.251,5240692,142712,179328,2442300,2086492.170,19507.673,0,2806.138,0,53.116,2468,2293,1.470,2.050,1.460,2,0,2.004,0,0,18,292,0,14,0
20-02 15:19:06,9.228,3.492,66.841,18.207,0,5234024,140980,179380,2451208,15059733.432,103583.805,151.640,16137.644,2.993,68.836,7826,7025,1.430,2.030,1.450,1,0,3.991,0,0,18,292,0,14,0
20-02 15:19:07,17.973,2.496,71.893,5.991,0,5231264,165084,179632,2430596,610126.374,6204.739,27.958,2919.642,1.997,203.696,3121,2890,1.430,2.030,1.450,0,1,0.999,0,0,18,292,0,11,0
20-02 15:19:08,11.517,3.255,69.104,14.522,0,5229388,155944,182500,2436896,9579.416,486.732,0,12787.243,0,131.197,2701,2910,1.430,2.030,1.450,1,0,0,0,0,18,292,0,11,0
20-02 15:19:09,8.997,2.999,68.730,18.745,0,5238596,138656,182980,2443676,8163.626,539.843,0,19914.210,0,161.953,2132,2405,1.430,2.030,1.450,2,0,1.999,0,0,18,292,0,11,0
20-02 15:19:10,14.504,3.001,57.517,23.007,0,5222924,180104,183208,2417976,7732.314,540.162,0,25243.555,0,211.063,2798,3068,1.430,2.030,1.450,0,1,1.000,0,0,18,292,0,11,0
20-02 15:19:11,14.258,2.501,64.785,17.009,0,5235368,155492,183480,2429296,4276.320,540.293,0,9509.158,0,127.069,2545,2938,1.390,2.010,1.450,1,0,1.001,0,0,18,292,0,9,0
20-02 15:19:12,20.495,2.499,71.733,4.249,0,5259464,143116,183800,2417628,3922.069,539.872,0,1027.756,0,35.991,2252,2163,1.390,2.010,1.450,1,1,0,0,0,18,292,0,9,0
20-02 15:19:13,18.322,2.259,68.018,9.538,0,5262028,125388,184488,2430944,5824.969,542.138,8.032,2839.195,2.008,135.534,2859,3212,1.390,2.010,1.450,1,0,0,0,0,18,292,0,9,0
20-02 15:19:14,18.172,3.236,70.946,6.721,0,5267900,144772,185124,2405188,12642.845,537.697,0,1589.193,0,58.748,2419,2478,1.390,2.010,1.450,1,0,0,0,0,18,292,0,9,0
20-02 15:19:15,19.505,2.751,71.018,5.501,0,5262616,123112,186576,2428816,6951.756,486.123,0,1516.383,0,68.017,2415,2460,1.390,2.010,1.450,1,2,0,0,0,18,292,0,9,0
20-02 15:19:16,15.250,1.500,70.001,11.500,0,5265500,114680,186800,2433572,11652.170,540.008,0,8096.118,0,285.004,2348,2174,1.520,2.030,1.460,0,1,0,0,0,18,292,0,9,0
20-02 15:19:17,10.498,2.499,63.235,21.995,0.250,5260324,146788,186956,2407136,9052.923,539.876,0,20607.272,0,281.935,2277,2444,1.520,2.030,1.460,0,1,0,0,0,18,292,0,9,0
20-02 15:19:18,11.253,2.501,69.267,15.754,0,5264768,122412,187520,2426208,8962.189,540.132,0,20448.994,0,141.034,2176,2169,1.520,2.030,1.460,1,0,0,0,0,18,292,0,9,0
20-02 15:19:19,18.748,2.750,74.240,3.500,0,5257084,147164,188328,2408572,10275.675,1811.766,0,1771.772,0,62.992,2311,2263,1.520,2.030,1.460,0,0,1.000,0,0,18,293,0,9,0
20-02 15:19:20,21.253,3.501,70.512,3.251,0,5191632,247728,188348,2373488,5542.911,1859.305,0,772.127,0,14.002,2346,1995,1.520,2.030,1.460,1,0,19.003,0,0,18,290,0,5,0
20-02 15:19:21,17.755,2.751,76.520,2.501,0,5214284,220040,188784,2377900,14097.710,2886.760,0,1064.280,0,15.004,2103,1939,1.560,2.030,1.460,1,0,17.004,0,0,18,290,0,5,0
20-02 15:19:22,21.497,3.250,74.489,0,0,5221192,211620,188872,2379204,14732.796,1811.729,0,0,0,0,2405,2027,1.560,2.030,1.460,0,0,17.997,0,0,18,291,0,5,0
20-02 15:19:23,20.250,3.750,70.750,4.000,0,5223420,202896,189376,2384288,5931.030,2321.012,16.000,1800.009,1.000,73.000,9967,18316,1.560,2.030,1.460,1,0,6.000,0,0,18,290,0,5,0
20-02 15:19:24,21.006,6.002,67.768,3.751,0,5222612,203096,189424,2384748,7230.900,540.142,0,2620.689,0,33.009,3367,3874,1.560,2.030,1.460,1,0,10.003,0,0,18,290,0,3,0
20-02 15:19:25,22.496,6.999,67.488,0.750,0,5223084,202352,189468,2384924,5823.991,539.906,0,455.921,0,35.994,10107,18419,1.560,2.030,1.460,1,0,18.997,0,0,18,290,0,3,0
20-02 15:19:26,21.227,5.244,70.673,2.248,0,5169308,268520,189476,2373620,7282.114,539.416,0,954.966,0,31.965,2538,2333,1.520,2.010,1.460,2,0,6.992,0,0,18,290,0,3,0
20-02 15:19:27,22.107,4.271,69.839,3.266,0,5194368,240324,189620,2376612,6088.537,542.632,538.613,1418.883,13.063,9.044,2505,2262,1.520,2.010,1.460,1,0,6.029,0,0,18,291,0,3,0
20-02 15:19:28,12.448,3.983,60.498,21.411,0.249,5190620,243740,189620,2376944,3170.812,537.763,95.602,10619.830,4.979,309.712,4986,7058,1.520,2.010,1.460,0,2,0,0,0,18,291,0,7,0
20-02 15:19:29,16.752,3.000,56.758,21.503,0,5190452,243236,189620,2377616,7039.972,540.075,640.088,5228.722,38.005,244.034,5510,8296,1.520,2.010,1.460,0,1,2.000,0,0,18,293,0,8,0
20-02 15:19:30,13.041,15.048,63.200,8.276,0,5137688,295556,189620,2378060,5317.863,487.546,288.916,3511.134,11.035,248.789,6794,7788,1.520,2.010,1.460,1,0,396.256,0,0,18,292,0,8,0
20-02 15:19:31,11.466,5.484,70.042,11.715,0,5150812,275356,189696,2385052,7131.783,538.398,7023.107,378.873,844.488,18.944,3549,4093,1.470,1.990,1.460,1,0,52.843,0,0,18,292,0,10,0
20-02 15:19:32,13.747,6.499,62.236,15.746,0,5144296,244708,189700,2422136,7563.288,1554.648,37091.603,3895.118,2774.372,127.971,6220,17478,1.470,1.990,1.460,0,0,41.990,0,0,18,293,0,10,0
20-02 15:19:33,1.999,0.500,95.474,0.750,0,5144352,244708,189700,2422140,11797.826,2046.449,0,191.948,0,13.996,1297,1939,1.470,1.990,1.460,0,0,0,0,0,18,293,0,10,0
20-02 15:19:34,2.750,1.000,94.239,0.750,0,5144164,244708,189700,2422328,41683.229,2571.706,187.978,155.982,5.999,24.997,1461,2108,1.470,1.990,1.460,0,0,0,0,0,18,293,0,10,0
20-02 15:19:35,6.252,2.501,87.782,2.251,0,5132848,254224,189964,2423656,253786.864,127760.750,388.142,1056.387,15.005,18.007,2062,2167,1.470,1.990,1.460,0,0,12.004,0,0,18,292,0,10,1
20-02 15:19:36,1.999,0.250,95.956,0.500,0,5131460,255612,189964,2423656,3694.301,107.950,0,403.814,0,4.998,991,1539,1.360,1.960,1.450,1,0,0,0,0,18,292,0,10,0
20-02 15:19:37,6.524,1.506,90.587,0,0,5129592,257472,189972,2423656,282889.938,7265.041,0,4.015,0,1.004,2118,2261,1.360,1.960,1.450,1,0,7.026,0,0,18,292,0,10,0
20-02 15:19:38,24.031,7.009,66.337,1.752,0,5157512,229392,190000,2423780,291039.151,13607.821,380.498,1381.810,8.010,244.320,3952,2710,1.360,1.960,1.450,3,0,38.050,0,0,18,292,0,10,0
20-02 15:19:39,27.937,10.227,57.371,3.742,0,5141756,240744,190008,2428172,151264.091,5816.967,782.247,6022.507,6.984,87.803,4028,3111,1.360,1.960,1.450,1,0,41.906,0,0,18,292,0,10,0
