"pcp-dstat 6.2.0 CSV Output"
"Author:","PCP team <pcp@groups.io> and Dag Wieers <dag@wieers.com>",,,,"URL:","https://pcp.io/ and http://dag.wieers.com/home-made/dstat/"
"Host:","ubuntu",,,,"User:","ubuntu"
"Cmdline:","dstat -tcmndrylpg --tcp --output /tmp/devstack_logs/dstat-csv.log",,,,"Date:","25 Feb 2026 12:25:50 UTC"
"system","total usage",,,,,"memory usage",,,,"net/total",,"dsk/total",,"io/total",,"system",,"load avg",,,"procs",,,"paging",,"tcp sockets",,,,
"time","total usage:usr","total usage:sys","total usage:idl","total usage:wai","total usage:stl","used","free","buf","cach","net/total:recv","net/total:send","dsk/total:read","dsk/total:writ","read","writ","int","csw","1m","5m","15m","run","blk","new","in","out","lis","act","syn","tim","clo"
25-02 12:25:50,,1049952,1439980,163236,5163984,,,,,,,1.690,1.220,0.730,3,2,,,,10,5,0,18,1
25-02 12:25:51,18.243,20.493,53.231,7.497,0,1059840,1429624,163288,5164356,42944.582,11058.030,0,3190.854,0,104.962,6709,5908,1.630,1.210,0.730,2,0,537.807,0,0,10,5,0,17,1
25-02 12:25:52,22.747,18.248,51.994,5.249,0,1049872,1422660,163344,5180636,183811.457,12899.488,0,2211.741,0,60.993,6578,7085,1.630,1.210,0.730,2,0,400.953,0,0,10,4,0,17,2
25-02 12:25:53,35.663,13.467,47.134,3.242,0,1182576,1275412,163492,5317536,5190.277,538.680,0,1935.256,0,140.655,6366,7903,1.630,1.210,0.730,1,0,192.528,0,0,11,4,0,17,2
25-02 12:25:54,30.584,7.521,56.906,4.262,0,1193660,1246844,163764,5332884,15118.423,487.335,0,1572.308,0,34.093,3387,2425,1.630,1.210,0.730,3,0,96.264,0,0,11,6,0,17,2
25-02 12:25:55,34.149,10.718,47.360,7.478,0,1233820,1185228,164060,5352056,7561.692,538.412,191.435,2955.281,7.976,113.665,4658,3759,1.630,1.210,0.730,0,2,189.441,0,0,11,6,0,19,2
25-02 12:25:56,31.998,5.000,48.496,13.999,0,1272380,1135008,164516,5361296,3257.755,539.959,255.981,7607.427,7.999,107.992,2703,1930,1.660,1.230,0.740,2,0,0,0,0,11,6,0,19,2
25-02 12:25:57,34.247,3.750,46.996,13.999,0,1307612,1074404,165212,5383800,2868.758,539.954,127.989,3867.673,5.999,126.989,2996,2560,1.660,1.230,0.740,2,3,1.000,0,0,11,8,0,19,2
25-02 12:25:58,18.258,3.501,45.019,30.763,0,1317648,1053584,165972,5392532,9377.875,540.223,0,9115.766,0,497.205,5163,7777,1.660,1.230,0.740,1,1,9.004,0,0,11,8,0,19,2
25-02 12:25:59,16.257,3.502,47.522,30.514,0,1264168,1120156,166416,5378832,13039.949,3334.521,0,7827.571,0,574.262,4573,7061,1.660,1.230,0.740,1,3,1.000,0,0,11,6,0,19,0
25-02 12:26:00,20.232,3.996,47.707,25.727,0,1285208,1097940,166668,5379752,12671.540,2581.665,0,7101.577,0,517.532,4757,7147,1.660,1.230,0.740,0,1,36.967,0,0,11,7,0,19,0
25-02 12:26:01,21.028,4.256,35.547,37.800,0,1283580,1092484,166948,5385924,6187.261,781.043,0,15372.526,0,900.202,5528,8475,2.010,1.310,0.770,2,1,17.023,0,0,11,6,0,19,0
25-02 12:26:02,21.220,3.495,47.932,25.464,0,1280052,1093540,167116,5388060,13874.193,3422.115,0,6950.078,0,610.129,5249,7979,2.010,1.310,0.770,1,2,30.956,0,0,11,7,0,19,0
25-02 12:26:03,13.517,4.756,40.050,39.049,0,1245964,1121464,167628,5392540,7001.806,714.899,0,12251.408,0,864.087,7852,14507,2.010,1.310,0.770,3,2,8.010,0,0,11,6,0,19,0
25-02 12:26:04,21.288,6.762,40.572,28.050,0,1264796,1100828,167816,5393964,6497.482,540.956,0,10418.411,0,639.129,12230,21977,2.010,1.310,0.770,2,1,22.039,0,0,11,6,0,19,0
25-02 12:26:05,22.688,6.482,40.140,27.924,0,1255124,1109236,167948,5394992,7975.220,538.529,0,9430.246,0,712.055,12830,23435,2.010,1.310,0.770,1,1,17.951,0,0,11,6,0,19,0
25-02 12:26:06,20.014,6.004,35.274,37.026,0,1216864,1159468,168036,5384360,6959.813,540.374,0,13109.066,0,754.522,4706,7103,2.250,1.370,0.790,1,1,26.018,0,0,11,6,0,19,0
25-02 12:26:07,10.994,4.747,40.227,42.725,0,1216216,1159972,168052,5384520,6644.183,581.666,0,14903.438,0,226.870,3028,3616,2.250,1.370,0.790,1,0,49.971,0,0,11,6,0,19,0
25-02 12:26:08,5.498,2.749,57.484,31.491,0,1216284,1159216,168228,5385032,7704.879,539.851,0,9257.452,0,783.784,4604,8062,2.250,1.370,0.790,0,1,14.996,0,0,11,6,0,19,0
25-02 12:26:09,3.500,2.250,63.746,27.748,0,1213388,1161780,168336,5385256,6302.591,485.968,0,8291.462,0,661.957,3944,7057,2.250,1.370,0.790,4,1,11.999,0,0,11,6,0,19,0
25-02 12:26:10,15.549,6.270,67.966,8.778,0,1124528,1250504,168356,5385372,9128.043,541.724,0,3250.342,0,254.811,3720,4165,2.250,1.370,0.790,1,0,75.239,0,0,11,4,0,19,0
25-02 12:26:11,21.945,3.741,72.319,1.496,0,1188484,1186532,168364,5385380,6809.999,538.655,0,598.506,0,28.928,1812,1386,2.150,1.360,0.790,1,0,0,0,0,11,4,0,19,0
25-02 12:26:12,22.992,2.999,55.479,16.744,0,1103356,1271588,168420,5385396,5052.133,539.800,0,7981.050,0,531.803,2824,2961,2.150,1.360,0.790,1,0,10.996,0,0,11,4,0,15,0
25-02 12:26:13,23.746,3.749,62.740,9.498,0,1162064,1212872,168428,5385396,6828.908,539.914,0,16865.303,0,371.941,2436,1890,2.150,1.360,0.790,1,0,0,0,0,11,4,0,15,0
25-02 12:26:14,15.025,10.768,71.369,1.753,0,1148704,1226248,168428,5385424,7815.991,540.899,0,492.819,0,9.015,3798,2705,2.150,1.360,0.790,1,0,196.326,0,0,11,4,0,15,0
25-02 12:26:15,9.509,20.770,68.566,0,0,1089196,1285728,168428,5385452,4362.188,540.519,0,36.035,0,9.009,5883,4661,2.150,1.360,0.790,1,0,429.412,0,0,11,4,0,15,0
25-02 12:26:16,17.458,13.468,66.341,1.746,0,1091224,1281248,168428,5387920,7022.181,538.710,2146.858,881.888,18.955,107.742,5811,7936,2.060,1.350,0.790,1,1,225.460,0,0,11,4,0,13,0
25-02 12:26:17,36.492,8.998,49.740,4.499,0,1156832,1210400,168428,5393468,6928.573,485.900,5294.910,0,55.988,0,3237,2257,2.060,1.350,0.790,2,0,122.975,0,0,11,5,0,13,0
25-02 12:26:18,45.745,2.750,49.494,1.000,0,1205472,1160756,168436,5394572,7767.119,539.939,511.942,403.954,7.999,36.996,2694,1173,2.060,1.350,0.790,4,0,0,0,0,11,5,0,13,0
25-02 12:26:19,36.002,7.750,38.502,17.501,0,1232360,1132312,168440,5396212,5648.358,540.034,0,19133.213,0,238.015,3776,5461,2.060,1.350,0.790,2,0,0,0,0,11,5,0,13,0
25-02 12:26:20,20.803,9.274,68.927,0,0,1296040,1067944,168440,5396892,4977.781,541.390,0,4439.399,0,112.288,3680,3709,2.060,1.350,0.790,2,0,140.360,0,0,11,4,0,13,0
25-02 12:26:21,22.447,3.492,73.078,0.748,0,1344424,1019560,168440,5396892,9296.100,538.731,0,1013.612,0,3.991,1784,1249,1.970,1.350,0.790,1,0,0,0,0,11,4,0,13,0
25-02 12:26:22,22.061,2.507,70.194,3.510,0,1367904,995772,168520,5397116,6587.215,541.497,0,1660.592,0,198.549,3684,5106,1.970,1.350,0.790,2,0,2.006,0,0,11,10,0,13,0
25-02 12:26:23,20.196,5.735,65.824,7.979,0,1317152,1045828,168828,5397464,7495.919,538.557,610.365,2589.064,17.952,152.591,2566,2221,1.970,1.350,0.790,1,0,41.888,0,0,11,4,0,15,0
25-02 12:26:24,23.256,3.751,69.517,2.000,0,1368348,994416,168828,5397660,10172.507,4663.149,4.001,976.241,1.000,16.004,3216,15016,1.970,1.350,0.790,2,1,37.009,0,0,11,17,0,14,0
25-02 12:26:25,17.512,2.752,66.295,12.508,0,1358512,1003776,168872,5398032,12161.205,4930.326,268.181,13789.303,66.045,123.083,2436,2346,1.970,1.350,0.790,2,0,4.003,0,0,11,28,0,15,0
25-02 12:26:26,20.724,5.743,64.170,7.990,0.250,1402780,959496,168872,5398044,6040.494,1151.569,0,29507.335,0,336.582,2927,2416,1.970,1.360,0.800,0,0,40.949,0,0,11,29,0,15,0
25-02 12:26:27,14.747,7.248,77.482,0,0,1364304,997952,168872,5398064,9716.707,6778.400,0,32820.253,0,318.925,3491,3461,1.970,1.360,0.800,0,0,75.982,0,0,11,28,0,16,0
25-02 12:26:28,40.630,8.778,49.910,0,0,1467424,894824,168872,5398068,4575.625,2138.836,0,8045.716,0,77.247,3338,2095,1.970,1.360,0.800,2,0,80.257,0,0,11,29,0,16,0
25-02 12:26:29,29.733,3.998,61.466,3.998,0,1471408,890608,168876,5398284,23504.824,16070.991,0,1623.090,0,13.992,6162,8202,1.970,1.360,0.800,3,1,0,0,0,11,30,0,16,0
25-02 12:26:30,59.288,22.514,16.761,0.750,0,1504580,857424,168876,5398292,8319.271,1892.199,0,1500.951,0,154.098,5978,5540,1.970,1.360,0.800,6,0,580.368,0,0,11,28,0,17,0
25-02 12:26:31,87.746,11.250,0.750,0,0,1726948,635008,168876,5398336,23060.984,15245.328,0,199.991,0,14.999,5712,4101,2.460,1.470,0.840,7,0,0,0,0,11,32,0,17,0
25-02 12:26:32,70.041,11.715,17.199,0.249,0,1684784,676932,168892,5398556,34678.711,29278.794,0,1001.018,0,51.846,10475,13986,2.460,1.470,0.840,1,0,200.403,0,0,11,30,0,21,0
25-02 12:26:33,23.747,7.999,48.245,19.248,0,1576992,784624,168940,5398604,12313.661,2540.724,0,9882.925,0,226.975,4393,4748,2.460,1.470,0.840,1,0,109.988,0,0,11,28,0,23,0
25-02 12:26:34,19.495,2.499,76.980,1.000,0,1567660,793948,168944,5398608,11682.927,5077.665,0,243.936,0,13.996,2099,1882,2.460,1.470,0.840,1,0,0,0,0,11,29,0,23,0
25-02 12:26:35,16.511,5.754,72.049,4.003,0,1509676,851892,168960,5398632,7746.235,2942.989,0,1420.960,0,80.054,3374,3637,2.460,1.470,0.840,1,0,68.046,0,0,11,28,0,24,0
25-02 12:26:36,19.493,2.499,76.971,0.250,0,1519256,842308,168960,5398636,8418.851,4448.336,0,199.925,0,4.998,1917,1596,2.340,1.460,0.840,1,0,0,0,0,11,29,0,24,0
25-02 12:26:37,12.282,11.781,74.697,0.251,0,1482412,879128,168964,5398656,11439.092,3604.482,0,140.369,0,17.045,5195,5398,2.340,1.460,0.840,2,0,389.023,0,0,11,28,0,25,0
25-02 12:26:38,55.273,26.511,17.758,0.250,0,1512964,848568,168964,5398664,8430.573,540.229,0,284.120,0,22.009,5965,4909,2.340,1.460,0.840,5,0,650.276,0,0,11,28,0,25,0
25-02 12:26:39,80.805,8.230,10.724,0,0,1681280,680044,168964,5398868,32909.494,25073.425,0,303.267,0,11.971,6173,5900,2.340,1.460,0.840,6,0,0,0,0,11,33,0,25,0
25-02 12:26:40,75.344,13.016,10.012,0.501,0,1662092,698992,169004,5399064,32040.853,25241.396,0,2663.313,0,189.235,9046,14421,2.340,1.460,0.840,7,0,225.280,0,0,11,28,0,26,0
25-02 12:26:41,86.243,13.999,0,0,0,1699100,661804,169008,5399240,13641.926,6361.499,0,391.969,0,14.999,5251,3374,2.630,1.540,0.870,6,0,84.993,0,0,11,30,0,21,0
25-02 12:26:42,82.660,8.741,7.492,0,0,1771156,589632,169012,5399344,47764.263,40621.999,0,179.805,0,10.988,9050,13159,2.630,1.540,0.870,8,0,0.999,0,0,11,33,0,22,0
25-02 12:26:43,52.873,14.033,32.826,0.501,0,1564208,796376,169020,5399540,23082.701,17275.190,0,416.970,0,39.091,6934,10175,2.630,1.540,0.870,3,0,298.695,0,0,11,28,0,26,0
25-02 12:26:44,36.893,4.487,50.604,5.983,0,1564820,795748,169028,5399548,16540.213,8335.916,0,5452.248,0,415.799,3579,2424,2.630,1.540,0.870,3,0,0,0,0,11,30,0,26,0
25-02 12:26:45,39.359,15.292,44.122,0.251,0,1497880,862568,169032,5399724,17759.051,11043.502,0,292.809,0,28.078,6482,7785,2.630,1.540,0.870,3,0,379.047,0,0,11,28,0,28,0
25-02 12:26:46,57.337,7.229,35.150,0.249,0,1562696,797724,169036,5399748,13709.080,10614.864,0,219.377,0,9.972,3718,2453,2.660,1.560,0.880,3,0,0,0,0,11,31,0,28,0
25-02 12:26:47,53.043,13.511,32.026,0.250,0,1491892,868460,169044,5399808,25523.518,18593.947,0,456.367,0,45.036,8072,10896,2.660,1.560,0.880,5,0,258.208,0,0,11,28,0,29,0
25-02 12:26:48,75.468,9.996,14.494,0,0,1611724,748596,169044,5399836,18014.426,10973.387,0,207.913,0,9.996,4609,2297,2.660,1.560,0.880,3,0,0,0,0,11,32,0,29,0
25-02 12:26:49,63.838,8.512,27.037,0,0,1581092,779128,169048,5399928,40825.021,30433.762,0,352.484,0,33.045,9601,14586,2.660,1.560,0.880,6,0,125.172,0,0,11,28,0,29,0
25-02 12:26:50,65.304,13.761,20.767,0.250,0,1582184,778020,169048,5399948,5828.784,540.444,0,292.240,0,23.019,4102,2645,2.660,1.560,0.880,3,0,199.163,0,0,11,28,0,29,0
25-02 12:26:51,43.483,4.748,50.231,0.750,0,1560036,799764,169064,5400336,33378.158,29301.726,0,759.708,0,31.988,7596,10456,2.690,1.590,0.890,3,0,5.998,0,0,11,28,1,30,1
25-02 12:26:52,62.799,16.513,20.766,0,0,1542572,817196,169076,5400356,7193.598,672.523,0,316.246,0,21.016,4498,2963,2.690,1.590,0.890,3,0,294.229,0,0,11,28,0,31,0
25-02 12:26:53,44.742,4.999,48.491,0.750,0,1573440,786064,169084,5400552,32532.234,26307.337,0,275.951,0,23.996,7003,8986,2.690,1.590,0.890,4,0,5.999,0,0,11,30,0,32,0
25-02 12:26:54,61.823,15.954,21.439,0,0,1533664,825828,169100,5400548,6056.653,2587.589,0,1503.693,0,67.806,4824,4187,2.690,1.590,0.890,3,0,286.180,0,0,11,28,0,34,0
25-02 12:26:55,48.034,4.253,46.783,0.751,0,1568804,790424,169104,5400820,30223.426,23366.565,0,852.604,0,61.043,6132,7644,2.690,1.590,0.890,3,1,0,0,0,11,30,0,35,0
25-02 12:26:56,61.884,11.776,23.551,1.754,0,1561116,798052,169116,5400868,7730.801,3312.198,0,2637.733,0,120.261,5011,4028,2.710,1.610,0.900,3,0,112.244,0,0,11,28,0,36,0
25-02 12:26:57,46.674,4.742,47.922,0,0,1595552,763412,169120,5401064,30407.371,23281.002,0,259.576,0,13.977,6603,8104,2.710,1.610,0.900,5,0,0,0,0,11,30,0,34,1
25-02 12:26:58,66.870,24.795,8.014,0.751,0,1541876,817080,169140,5401052,10276.469,3305.941,0,837.505,0,66.119,6078,6473,2.710,1.610,0.900,8,0,599.077,0,0,11,28,0,36,0
25-02 12:26:59,82.750,17.000,0.500,0,0,1725964,632904,169140,5401136,18840.971,15575.976,0,76.000,0,4.000,5748,5506,2.710,1.610,0.900,6,0,438.999,0,0,11,32,0,36,0
25-02 12:27:00,77.999,18.250,3.000,0,0,1785648,572968,169156,5401372,48890.250,41085.370,0,687.989,0,46.999,9235,12148,2.710,1.610,0.900,7,0,466.993,0,0,11,30,0,37,0
25-02 12:27:01,80.501,18.750,0.250,0.250,0,1621100,737412,169168,5401456,19105.305,12435.199,0,2004.032,0,170.003,6721,6317,2.900,1.670,0.930,5,0,350.006,0,0,11,29,0,37,0
25-02 12:27:02,78.248,8.000,13.750,0,0.250,1701268,657016,169168,5401680,30738.290,25110.420,0,143.997,0,8.000,5639,7033,2.900,1.670,0.930,2,0,17.000,0,0,11,32,0,38,0
25-02 12:27:03,48.971,16.740,33.230,0,0,1600460,757584,169172,5401908,37511.493,28511.893,0,163.902,0,11.993,10732,15063,2.900,1.670,0.930,3,0,472.716,0,0,11,28,0,42,0
25-02 12:27:04,28.267,31.019,40.024,0,0,1508800,849220,169176,5401924,8616.164,540.324,0,220.132,0,21.013,6713,6269,2.900,1.670,0.930,7,0,940.564,0,0,11,28,0,42,0
25-02 12:27:05,73.697,12.241,13.490,0,0,1606140,751824,169176,5401980,17157.592,11191.906,0,87.936,0,4.996,4920,3526,2.900,1.670,0.930,6,0,172.875,0,0,11,31,0,42,0
25-02 12:27:06,60.778,12.506,25.512,1.501,0,1541072,816804,169200,5402040,25989.803,22452.196,0,2020.918,0,201.091,8178,11893,2.910,1.690,0.940,3,0,195.089,0,0,11,29,0,45,0
25-02 12:27:07,78.261,11.002,10.251,0,0,1601348,756360,169204,5402204,12118.698,10393.456,0,200.028,0,11.002,5053,3253,2.910,1.690,0.940,2,0,73.010,0,0,11,31,0,46,0
25-02 12:27:08,58.959,5.496,35.226,0,0,1615660,741784,169208,5402460,47264.199,38188.498,0,179.875,0,8.994,12063,18429,2.910,1.690,0.940,2,0,0,0,0,11,32,0,46,0
25-02 12:27:09,62.542,10.757,24.767,0.500,0,1566668,790528,169232,5402680,36421.537,26720.001,0,568.383,0,60.040,11294,16606,2.910,1.690,0.940,4,0,90.061,0,0,11,28,0,46,0
25-02 12:27:10,75.930,9.991,14.237,0,0,1602632,754544,169236,5402696,17893.518,11327.566,0,187.827,0,11.989,4745,3101,2.910,1.690,0.940,5,0,29.972,0,0,11,31,0,46,0
25-02 12:27:11,55.010,6.251,37.507,0,0,1614676,742212,169236,5402972,47755.932,41907.839,0,152.028,0,9.002,12070,20209,2.990,1.730,0.950,3,0,0,0,0,11,32,0,46,0
25-02 12:27:12,64.806,14.513,20.268,0,0,1508060,848632,169236,5403164,34256.735,24846.567,0,148.129,0,9.008,9625,13025,2.990,1.730,0.950,5,0,258.224,0,0,11,28,0,50,0
25-02 12:27:13,74.019,9.470,16.199,0,0,1607040,749588,169240,5403220,21318.400,14498.705,0,115.639,0,7.975,4871,3456,2.990,1.730,0.950,4,0,2.991,0,0,11,32,0,50,0
25-02 12:27:14,61.061,8.008,30.280,0.250,0,1582352,774036,169248,5403448,42020.250,35263.456,0,208.209,0,17.017,10316,17006,2.990,1.730,0.950,4,0,68.068,0,0,11,29,0,52,0
25-02 12:27:15,78.419,12.487,8.991,0,0,1591168,765160,169256,5403492,13290.357,7825.966,0,415.573,0,59.938,5367,4536,2.990,1.730,0.950,2,0,61.936,0,0,11,30,0,52,0
25-02 12:27:16,64.007,10.460,24.158,0.747,0,1618624,737560,169268,5403640,29869.592,20325.828,0,338.714,0,37.856,6152,7369,2.910,1.730,0.960,4,0,119.546,0,0,11,30,0,54,0
25-02 12:27:17,67.697,8.808,23.908,0,0,1725480,630608,169268,5403728,37661.828,30024.368,0,157.038,0,8.053,6178,11678,2.910,1.730,0.960,3,0,26.173,0,0,11,31,0,55,0
25-02 12:27:18,75.017,13.003,11.253,0,0,1570548,785356,169268,5403912,27981.486,18338.251,0,148.034,0,10.002,6613,9151,2.910,1.730,0.960,4,0,201.047,0,0,11,28,0,58,0
25-02 12:27:19,72.253,10.000,17.501,0,0,1585540,770308,169268,5403968,22440.982,17597.770,0,152.007,0,9.000,5456,4940,2.910,1.730,0.960,5,0,34.001,0,0,11,31,0,59,0
25-02 12:27:20,68.826,8.977,20.698,0.499,0,1601136,754632,169268,5404040,29924.460,22348.584,0,442.882,0,25.935,6768,9838,2.910,1.730,0.960,4,0,33.914,0,0,11,30,0,61,0
25-02 12:27:21,56.107,12.023,31.811,0.250,0.250,1576180,779564,169280,5404052,16417.381,10969.969,0,384.735,0,34.065,5085,4805,2.760,1.720,0.960,2,0,198.379,0,0,11,29,0,63,0
25-02 12:27:22,52.123,8.230,38.406,0.249,0,1601912,753564,169288,5404312,17041.482,12698.064,0,299.271,0,26.934,4712,5719,2.760,1.720,0.960,5,0,60.852,0,0,11,29,0,64,0
25-02 12:27:23,54.892,10.026,33.838,0,0,1620312,734988,169288,5404484,26496.743,17192.605,0,192.499,0,9.023,5434,6659,2.760,1.720,0.960,3,0,139.362,0,0,11,29,0,65,0
25-02 12:27:24,59.230,10.247,30.740,0,0,1551580,803492,169292,5404700,20347.177,12622.767,0,307.897,0,27.991,6356,14370,2.760,1.720,0.960,6,0,79.973,0,0,11,32,0,67,0
25-02 12:27:25,39.413,6.735,52.883,0.249,0,1551248,803776,169296,5404744,24166.382,17960.152,0,363.194,0,18.958,5807,6966,2.760,1.720,0.960,3,0,86.807,0,0,11,34,0,68,0
25-02 12:27:26,36.238,9.497,52.483,0.250,0,1519628,835360,169308,5404768,16270.576,6519.826,0,355.881,0,35.988,5150,5602,2.700,1.720,0.970,2,0,134.955,0,0,11,32,0,66,0
25-02 12:27:27,36.748,3.750,58.498,0.250,0,1531384,823596,169308,5404776,20336.136,11979.491,0,179.992,0,14.999,3114,2883,2.700,1.720,0.970,2,0,0,0,0,11,34,0,66,0
25-02 12:27:28,35.369,10.034,52.427,2.258,0,1406180,948572,169328,5404980,15332.791,6641.433,0,3600.161,0,131.444,5037,6171,2.700,1.720,0.970,3,0,138.468,0,0,11,32,0,68,0
25-02 12:27:29,34.136,3.488,60.549,0.249,0,1493176,861568,169328,5404988,16578.845,8487.763,0,115.615,0,5.980,2593,1916,2.700,1.720,0.970,2,0,0,0,0,11,34,0,68,0
25-02 12:27:30,38.579,7.265,53.860,0.501,0,1480304,874384,169348,5405024,15216.215,9576.646,0,493.011,0,40.082,5275,6093,2.700,1.720,0.970,3,0,64.132,0,0,11,32,0,68,0
25-02 12:27:31,37.898,4.488,55.351,0.748,0,1534176,820492,169348,5405040,17441.101,8733.516,0,4184.747,0,189.490,3721,3249,2.560,1.710,0.970,1,0,0.997,0,0,11,34,0,68,0
25-02 12:27:32,32.621,6.273,59.722,0.753,0,1469700,884784,169352,5405216,23536.342,14460.663,0,285.058,0,26.097,4740,6224,2.560,1.710,0.970,2,0,44.164,0,0,11,32,0,70,0
25-02 12:27:33,41.388,5.984,51.860,0.499,0,1486756,867720,169352,5405224,9753.660,5442.303,0,135.634,0,7.978,3117,2016,2.560,1.710,0.970,2,0,4.987,0,0,11,33,0,70,0
25-02 12:27:34,31.328,5.263,61.653,0.501,0,1415648,938788,169356,5405260,23810.073,16723.491,0,240.597,0,22.055,5596,7392,2.560,1.710,0.970,1,0,94.234,0,0,11,33,0,65,0
25-02 12:27:35,21.247,8.749,68.991,0.500,0,1441732,912624,169360,5405332,6979.088,1817.762,0,419.945,0,23.997,3672,3465,2.560,1.710,0.970,1,0,187.975,0,0,11,32,0,66,0
25-02 12:27:36,17.211,2.245,77.823,1.247,0,1455332,899008,169364,5405340,15018.898,7368.270,0,878.006,0,128.708,2503,2303,2.440,1.700,0.970,1,0,0,0,0,11,33,0,66,0
25-02 12:27:37,13.020,11.267,74.866,0.501,0,1444300,910004,169380,5405360,10592.362,4398.795,0,941.454,0,71.110,4490,4507,2.440,1.700,0.970,2,0,242.374,0,0,11,32,0,67,0
25-02 12:27:38,21.456,3.742,73.850,0,0,1442964,911328,169388,5405364,3833.201,1096.768,0,159.675,0,9.980,1962,1520,2.440,1.700,0.970,0,0,41.915,0,0,11,33,0,65,0
25-02 12:27:39,15.251,2.500,81.003,0.250,0,1431904,922348,169396,5405392,18752.719,10705.410,0,108.004,0,6.000,3378,4185,2.440,1.700,0.970,1,0,0,0,0,11,32,0,66,0
25-02 12:27:40,20.750,5.250,73.000,0,0,1409056,945196,169396,5405392,5482.006,540.001,0,140.000,0,14.000,2308,1714,2.440,1.700,0.970,1,0,46.000,0,0,11,32,0,66,0
25-02 12:27:41,16.006,2.251,80.279,0.250,0,1417964,936144,169396,5405536,16953.191,8837.227,0,72.026,0,6.002,2764,3291,2.320,1.690,0.970,1,0,0,0,0,11,33,0,66,0
25-02 12:27:42,15.288,9.273,74.185,0.251,0,1380300,973660,169400,5405676,13701.134,6399.944,0,930.318,0,151.377,5143,5661,2.320,1.690,0.970,1,0,195.487,0,0,11,32,0,65,0
25-02 12:27:43,21.998,18.248,55.495,3.500,0,1407176,946672,169424,5405764,7733.267,539.949,35.997,447.958,1.000,28.997,5662,4903,2.320,1.690,0.970,2,0,431.959,0,0,11,32,0,67,0
25-02 12:27:44,41.635,5.984,48.367,2.992,0,1507216,844204,169476,5407804,7586.131,538.519,434.804,1711.292,16.953,24.931,3085,2012,2.320,1.690,0.970,1,1,4.986,0,0,11,36,0,67,0
25-02 12:27:45,26.807,5.762,43.593,22.548,0,1507268,841964,169704,5409488,4649.958,541.159,0,6353.607,0,607.301,5938,9488,2.320,1.690,0.970,2,1,31.067,0,0,11,36,0,67,0
25-02 12:27:46,25.954,4.492,37.933,29.698,0,1585756,762724,169844,5410076,3134.493,539.053,0,9411.464,0,804.586,5418,8000,2.540,1.740,0.990,1,1,22.960,0,0,11,36,0,60,0
25-02 12:27:47,26.468,4.994,43.197,23.721,0,1583512,763632,170032,5411196,7368.990,485.407,0,9572.296,0,730.107,5573,8920,2.540,1.740,0.990,3,0,12.984,0,0,11,36,0,60,0
25-02 12:27:48,26.927,3.740,38.646,29.421,0,1612732,733492,170256,5411868,7620.412,538.545,0,9558.177,0,717.063,4989,8224,2.540,1.740,0.990,3,1,22.938,0,0,11,36,0,60,0
25-02 12:27:49,26.107,4.770,48.448,19.831,0,1591104,754120,170420,5412648,7278.797,542.220,0,8623.301,0,643.635,4789,8281,2.540,1.740,0.990,1,2,19.078,0,0,11,36,0,60,0
25-02 12:27:50,26.991,4.748,45.984,21.742,0,1571556,772644,170592,5413472,5226.190,539.813,0,7465.414,0,615.787,4846,8018,2.540,1.740,0.990,2,2,23.992,0,0,11,36,0,56,0
25-02 12:27:51,26.542,5.008,32.051,34.054,0,1599360,744512,170704,5413676,9142.596,540.863,0,13533.606,0,959.532,6195,9746,2.570,1.760,1,2,1,11.018,0,0,11,36,0,56,0
25-02 12:27:52,26.696,5.738,35.179,30.688,0,1575992,767304,170820,5414120,5545.777,538.909,0,12319.070,0,808.364,5586,8467,2.570,1.760,1,3,1,7.984,0,0,11,36,0,56,0
25-02 12:27:53,26.755,5.251,42.008,24.505,0,1575652,767192,170908,5414448,4903.951,540.105,0,5265.022,0,510.099,5170,7776,2.570,1.760,1,3,0,20.004,0,0,11,36,0,56,0
25-02 12:27:54,27.058,4.510,42.592,22.799,0.251,1540836,801412,171064,5414872,4226.135,487.053,0,9584.718,0,771.668,5980,9494,2.570,1.760,1,3,0,11.024,0,0,11,38,0,51,0
25-02 12:27:55,26.834,5.218,42.736,23.107,0,1587424,754448,171096,5415200,8152.708,536.689,0,8153.701,0,631.107,5449,8225,2.570,1.760,1,3,0,7.951,0,0,11,38,0,51,0
25-02 12:27:56,31.465,5.538,37.506,24.165,0,1535996,806476,171156,5414544,7010.862,543.712,0,8655.087,0,676.619,6226,9466,2.690,1.800,1.020,2,0,1.007,0,0,11,34,0,51,0
25-02 12:27:57,44.654,5.987,37.919,10.228,0,1531840,810568,171192,5414568,6822.350,538.843,0,6082.938,0,397.147,3467,2975,2.690,1.800,1.020,2,0,5.987,0,0,11,32,0,51,0
25-02 12:27:58,30.475,4.496,46.212,16.986,0,1490576,851528,171308,5414756,6487.649,539.555,0,5199.711,0,758.374,6346,10543,2.690,1.800,1.020,1,1,3.997,0,0,11,34,0,47,0
25-02 12:27:59,29.520,5.253,43.529,20.013,0,1556972,784776,171484,5414936,8495.641,540.359,0,8857.881,0,1192.792,6944,14142,2.690,1.800,1.020,5,1,0,0,0,11,34,0,47,0
25-02 12:28:00,31.271,6.754,45.780,15.510,0,1504160,837268,171616,5415116,7414.892,540.357,0,6384.212,0,757.500,5958,9606,2.690,1.800,1.020,3,0,9.006,0,0,11,32,0,47,0
25-02 12:28:01,20.769,8.257,61.055,8.257,0,1502968,838348,171632,5415208,5274.730,540.485,0,1953.752,0,95.085,3357,2722,2.630,1.810,1.020,1,0,160.144,0,0,11,32,0,47,0
25-02 12:28:02,8.254,20.261,62.533,7.754,0,1487784,853432,171656,5415276,7723.073,486.256,0,2377.254,0,83.044,6340,5460,2.630,1.810,1.020,1,0,519.274,0,0,11,32,0,47,0
25-02 12:28:03,8.250,21.250,59.999,9.250,0,1463248,877864,171704,5415328,5996.895,539.991,0,7807.863,0,394.993,6835,6384,2.630,1.810,1.020,1,0,485.991,0,0,11,32,0,45,0
25-02 12:28:04,12.234,15.480,71.907,0,0,1484516,856572,171704,5415348,5109.377,539.301,0,71.907,0,3.995,4522,3539,2.630,1.810,1.020,1,0,296.616,0,0,11,32,0,45,0
25-02 12:28:05,21.722,3.246,73.654,0,0,1514076,827024,171704,5415336,8702.639,539.296,0,0,0,0,1756,1171,2.630,1.810,1.020,1,0,1.997,0,0,11,32,0,45,0
25-02 12:28:06,23.250,2.750,73.751,0,0,1472432,868648,171704,5415352,6608.102,540.008,0,148.002,0,2.000,1761,1232,2.500,1.790,1.020,1,0,1.000,0,0,11,32,0,45,0
25-02 12:28:07,22.755,2.751,73.516,0,0,1536940,804160,171704,5415332,7954.753,582.128,0,20.004,0,1.000,1793,1140,2.500,1.790,1.020,1,0,2.000,0,0,11,32,0,37,0
25-02 12:28:08,21.753,3.500,73.760,0.250,0,1566972,774108,171704,5415352,6563.916,540.075,0,440.061,0,85.012,1836,1314,2.500,1.790,1.020,1,0,1.000,0,0,11,32,0,37,0
25-02 12:28:09,22.748,3.250,73.243,0.250,0,1547788,793280,171704,5415364,4996.510,539.947,0,183.982,0,11.999,1913,1540,2.500,1.790,1.020,1,0,3.000,0,0,11,32,0,37,0
25-02 12:28:10,21.751,4.000,73.502,0.250,0,1552572,788508,171712,5415344,7657.195,486.012,0,404.010,0,31.001,1857,1376,2.500,1.790,1.020,1,0,2.000,0,0,11,32,0,37,0
25-02 12:28:11,22.750,3.500,73.751,0,0,1522440,818620,171712,5415364,5264.056,540.006,0,36.000,0,4.000,1766,1217,2.380,1.780,1.020,2,0,1.000,0,0,11,32,0,37,0
25-02 12:28:12,22.000,3.000,73.749,0,0,1543256,797816,171712,5415352,4092.933,539.991,0,12.000,0,1.000,1785,1220,2.380,1.780,1.020,1,0,3.000,0,0,11,32,0,37,0
25-02 12:28:13,22.999,3.500,73.498,0,0,1509528,831532,171712,5415364,7880.746,539.983,0,119.996,0,26.999,1793,1224,2.380,1.780,1.020,2,0,1.000,0,0,11,32,0,37,0
25-02 12:28:14,22.245,2.999,73.734,0,0,1426060,914996,171712,5415368,5121.859,539.880,0,35.992,0,3.999,1743,1139,2.380,1.780,1.020,2,0,2.999,0,0,11,32,0,37,0
25-02 12:28:15,22.002,3.500,73.757,0,0,1457296,883848,171712,5415280,8572.758,540.048,0,0,0,0,1853,1261,2.380,1.780,1.020,2,0,2.000,0,0,11,32,0,31,0
25-02 12:28:16,22.755,3.501,73.767,0,0,1462676,878380,171712,5415368,5878.328,540.122,0,1808.408,0,19.004,1778,1205,2.270,1.770,1.020,2,0,1.000,0,0,11,32,0,31,0
25-02 12:28:17,21.497,3.999,73.490,0,0,1497040,844016,171712,5415368,3794.501,485.936,0,891.883,0,81.989,1830,1327,2.270,1.770,1.020,2,0,1.000,0,0,11,32,0,31,0
25-02 12:28:18,21.998,3.750,73.742,0,0,1519980,821096,171712,5415348,8460.081,539.941,0,0,0,0,1755,1178,2.270,1.770,1.020,1,0,2.000,0,0,11,32,0,31,0
25-02 12:28:19,23.003,3.000,72.760,0.500,0,1485892,855148,171716,5415376,5832.767,540.071,0,260.034,0,11.001,2012,1745,2.270,1.770,1.020,2,0,1.000,0,0,11,32,0,25,0
25-02 12:28:20,22.253,3.750,73.509,0.250,0,1479992,861044,171720,5415376,7365.913,540.067,0,348.043,0,25.003,1824,1355,2.270,1.770,1.020,1,0,1.000,0,0,11,32,0,25,0
25-02 12:28:21,21.743,3.749,73.725,0,0,1500884,840164,171720,5415364,7981.324,539.819,0,11.996,0,1.000,1792,1257,2.170,1.750,1.020,1,0,1.999,0,0,11,32,0,25,0
25-02 12:28:22,12.010,17.514,69.557,0,0,1466144,874848,171720,5415416,7701.341,540.445,0,200.165,0,10.008,5457,4424,2.170,1.750,1.020,1,0,461.380,0,0,11,32,0,25,0
25-02 12:28:23,22.241,3.748,73.720,0,0,1482704,858288,171720,5415416,7689.880,539.781,0,0,0,0,1807,1300,2.170,1.750,1.020,1,0,0,0,0,11,32,0,18,0
25-02 12:28:24,26.995,5.249,66.737,0,0,1439360,901352,171720,5415676,5039.045,539.898,0,147.972,0,33.994,2866,13650,2.170,1.750,1.020,1,0,44.991,0,0,11,32,0,19,0
25-02 12:28:25,22.521,3.503,72.318,1.001,0,1467104,873600,171720,5415684,4125.884,580.546,0,160.151,0,3.003,1893,1356,2.170,1.750,1.020,2,0,15.014,0,0,11,32,0,19,0
25-02 12:28:26,8.515,23.040,63.860,3.506,0,1468468,872024,171744,5415836,8010.826,540.934,40.069,3365.809,2.003,157.271,6921,6133,2.080,1.740,1.020,2,0,598.032,0,0,11,32,0,19,0
25-02 12:28:27,8.503,21.756,68.520,0,0,1451972,888476,171744,5415868,5306.574,540.160,0,272.081,0,5.001,6589,5501,2.080,1.740,1.020,1,0,589.175,0,0,11,32,0,13,0
25-02 12:28:28,9.250,21.750,68.250,0,0,1438308,902096,171744,5415900,8707.022,540.001,0,1196.003,0,13.000,6578,5411,2.080,1.740,1.020,1,0,585.001,0,0,11,32,0,13,0
25-02 12:28:29,8.000,22.251,68.754,0.250,0,1436204,904164,171744,5415932,4132.256,540.033,0,1512.094,0,25.002,6658,5670,2.080,1.740,1.020,1,0,566.035,0,0,11,32,0,13,0
25-02 12:28:30,8.997,20.493,69.225,0.250,0,1419312,921028,171744,5415960,7034.449,539.804,0,1131.590,0,39.985,6271,5038,2.080,1.740,1.020,1,0,490.822,0,0,11,32,0,13,0
25-02 12:28:31,8.501,21.002,69.257,0,0,1416220,924084,171744,5415996,7673.722,540.051,0,288.027,0,10.001,6182,4908,1.910,1.710,1.020,1,0,493.046,0,0,11,32,0,9,0
25-02 12:28:32,8.253,22.008,68.776,0,0,1402996,937268,171744,5416036,5582.092,540.202,0,420.157,0,19.007,6458,5381,1.910,1.710,1.020,1,0,587.220,0,0,11,32,0,9,0
25-02 12:28:33,11.502,21.503,65.509,0.500,0,1348060,992144,171748,5416080,5000.672,540.073,0,344.046,0,18.002,6437,5437,1.910,1.710,1.020,4,0,546.073,0,0,11,32,0,11,0
25-02 12:28:34,49.718,21.486,26.233,1.749,0,1485928,854232,171776,5416096,7769.986,485.687,0,843.456,0,53.965,6121,5587,1.910,1.710,1.020,3,0,567.634,0,0,11,32,0,15,0
25-02 12:28:35,54.604,8.228,23.687,12.467,0,1639500,696480,171952,5419548,6601.332,538.559,442.815,3861.664,9.973,233.375,4174,3242,1.910,1.710,1.020,8,0,6.981,0,0,11,34,0,11,0
25-02 12:28:36,18.278,3.756,45.569,30.546,0,1644440,687224,172140,5423084,9720.664,540.816,0,10023.121,0,710.071,6405,10444,2.240,1.780,1.040,0,2,33.050,0,0,11,38,0,12,0
25-02 12:28:37,5.743,3.246,52.681,34.954,0,1643480,686720,172228,5424424,5603.682,539.296,0,10222.649,0,665.131,5100,9076,2.240,1.780,1.040,0,4,14.980,0,0,11,38,0,12,0
25-02 12:28:38,7.749,2.750,53.745,32.747,0,1643244,685964,172336,5425280,8578.158,539.947,0,12434.780,0,851.916,5469,9960,2.240,1.780,1.040,1,2,20.998,0,0,11,38,0,12,0
25-02 12:28:39,6.749,2.999,47.240,41.491,0,1642084,685908,172508,5426288,6315.638,539.884,0,9453.962,0,636.863,4715,8472,2.240,1.780,1.040,0,3,8.998,0,0,11,38,0,11,0
25-02 12:28:40,6.249,3.000,53.495,34.997,0,1640144,686408,172624,5427548,4409.596,539.951,0,13206.791,0,840.923,5242,9669,2.240,1.780,1.040,0,3,8.999,0,0,11,38,0,11,0
25-02 12:28:41,8.750,3.750,45.999,37.249,0,1638180,687020,172712,5428760,9220.741,485.986,0,15875.553,0,1019.971,6329,11253,2.380,1.820,1.060,2,2,17.999,0,0,11,38,0,11,0
25-02 12:28:42,7.002,2.251,55.017,33.010,0,1637000,686824,172804,5429996,5600.742,540.168,0,6806.117,0,548.171,4909,8623,2.380,1.820,1.060,1,2,13.004,0,0,11,38,0,11,0
25-02 12:28:43,12.024,5.010,46.093,34.069,0,1587736,734852,172912,5431088,7959.121,541.096,0,13314.969,0,888.800,6251,10660,2.380,1.820,1.060,1,2,60.122,0,0,11,36,0,11,0
25-02 12:28:44,25.234,4.997,36.477,30.981,0,1660164,661520,172984,5431892,13006.881,2504.437,0,12024.495,0,796.503,6108,9575,2.380,1.820,1.060,0,2,11.993,0,0,11,37,0,8,0
25-02 12:28:45,18.773,3.755,38.797,36.544,0,1658072,662384,173064,5433008,15497.622,7015.430,0,14481.401,0,932.120,6981,11665,2.380,1.820,1.060,0,2,15.018,0,0,11,37,0,8,0
25-02 12:28:46,23.999,7.000,34.999,32.249,0,1672284,647128,173100,5433968,8160.677,1372.946,0,13415.468,0,821.967,6238,9495,2.830,1.920,1.100,1,2,78.997,0,0,11,38,0,9,0
25-02 12:28:47,21.985,3.498,45.968,26.481,0,1689792,628332,173136,5435160,12549.167,7373.810,0,6767.237,0,497.650,5374,8321,2.830,1.920,1.100,2,2,8.994,0,0,11,39,0,9,0
25-02 12:28:48,18.475,3.995,43.442,32.706,0,1681396,635784,173176,5436032,13640.775,9836.857,0,11508.623,0,742.009,7583,12773,2.830,1.920,1.100,1,1,2.996,0,0,11,39,0,9,0
25-02 12:28:49,25.052,6.012,38.079,29.561,0,1609324,705956,173208,5437848,10787.378,3886.061,0,7299.142,0,572.187,7019,10776,2.830,1.920,1.100,1,2,48.100,0,0,11,38,0,9,0
25-02 12:28:50,16.709,4.489,44.391,31.423,0,1637044,677216,173232,5438796,10597.869,5546.325,0,12377.481,0,844.917,5356,8460,2.830,1.920,1.100,3,2,5.985,0,0,11,39,0,9,0
25-02 12:28:51,18.495,3.749,42.489,32.242,0,1633552,679512,173264,5439872,10927.243,7550.095,0,13960.478,0,925.766,6986,11773,2.840,1.940,1.110,1,1,5.998,0,0,11,39,0,9,0
25-02 12:28:52,21.052,4.511,37.593,36.089,0,1613668,698320,173288,5440904,15608.454,8706.450,0,11103.355,0,914.252,8090,12609,2.840,1.940,1.110,1,2,44.109,0,0,11,38,0,10,0
25-02 12:28:53,26.941,6.985,31.930,31.431,0,1674524,636328,173304,5441964,4810.442,538.817,0,10808.277,0,796.252,6277,9376,2.840,1.940,1.110,1,1,48.893,0,0,11,38,0,10,0
25-02 12:28:54,19.051,4.011,40.609,34.092,0,1676284,633660,173328,5442820,15298.104,7392.864,0,13323.800,0,881.368,6877,11429,2.840,1.940,1.110,1,1,3.008,0,0,11,39,0,10,0
25-02 12:28:55,18.997,3.999,48.991,26.495,0,1669184,640044,173380,5443472,16577.122,9910.279,0,12453.838,0,747.870,7793,12406,2.840,1.940,1.110,4,2,0,0,0,11,39,0,10,0
25-02 12:28:56,27.479,6.245,37.721,26.979,0,1606864,700640,173452,5445080,6762.837,3833.074,0,6427.093,0,532.593,6921,10976,2.860,1.960,1.120,2,2,47.963,0,0,11,38,0,10,0
25-02 12:28:57,22.208,4.741,37.180,33.687,0,1646416,660180,173500,5445912,12330.884,5561.574,0,13774.178,0,881.348,5886,9537,2.860,1.960,1.120,1,2,5.989,0,0,11,39,0,10,0
25-02 12:28:58,30.827,8.020,30.576,28.822,0,1601172,703416,173648,5447724,17956.582,11555.690,0,12190.266,0,750.864,9087,14332,2.860,1.960,1.120,1,1,140.348,0,0,11,37,0,10,0
25-02 12:28:59,36.018,18.509,25.763,18.259,0,1548948,754064,173804,5448980,12369.123,4648.301,372.184,11085.488,6.003,764.378,10626,17547,2.860,1.960,1.120,3,1,311.154,0,0,11,36,0,11,0
25-02 12:29:00,28.655,12.708,27.658,28.157,0,1590924,711076,173844,5449936,11980.221,5553.560,1794.043,13205.154,34.884,774.429,7226,10779,2.860,1.960,1.120,1,2,184.388,0,0,11,37,0,11,0
25-02 12:29:01,23.507,6.002,44.513,24.507,0,1549660,751400,173900,5450800,11735.559,4287.300,0,6694.030,0,537.163,6234,9206,2.710,1.940,1.120,1,1,34.010,0,0,11,36,0,12,0
25-02 12:29:02,21.999,4.250,43.747,27.498,0,1583948,715816,173976,5451984,11908.296,6107.639,0,8983.469,0,699.959,5830,9162,2.710,1.940,1.120,1,1,7.000,0,0,11,37,0,12,0
25-02 12:29:03,17.502,7.001,46.505,26.753,0,1576780,722336,174036,5452556,5655.557,1682.166,0,10100.995,0,628.062,5548,8743,2.710,1.940,1.120,2,1,60.006,0,0,11,36,0,13,0
25-02 12:29:04,21.750,5.000,46.749,24.750,0,1610108,687708,174140,5453716,10178.852,5674.918,0,12891.813,0,844.988,5455,9288,2.710,1.940,1.120,1,1,0,0,0,11,37,0,13,0
25-02 12:29:05,23.219,6.242,46.687,21.721,0,1577288,718704,174196,5455452,13709.507,6001.904,0,7406.010,0,598.193,7190,11130,2.710,1.940,1.120,4,1,45.938,0,0,11,36,0,14,0
25-02 12:29:06,21.783,4.256,40.311,31.548,0,1588664,706604,174228,5456076,11886.048,5629.548,0,11669.720,0,919.396,5644,8412,2.810,1.980,1.130,1,1,3.005,0,0,11,37,0,14,0
25-02 12:29:07,19.279,5.258,45.819,26.790,0,1563176,730636,174316,5457420,13184.719,6292.411,0,8524.749,0,667.999,7094,11144,2.810,1.980,1.130,1,3,32.048,0,0,11,36,0,15,0
25-02 12:29:08,3.493,3.743,61.631,28.695,0,1557200,735964,174360,5457996,5535.299,538.958,0,13469.960,0,631.779,4154,7349,2.810,1.980,1.130,0,1,40.921,0,0,11,36,0,15,0
25-02 12:29:09,4.251,2.500,57.010,33.256,0,1544964,747348,174412,5458780,9164.535,540.090,0,14134.368,0,900.151,5068,9350,2.810,1.980,1.130,0,2,0,0,0,11,36,0,15,0
25-02 12:29:10,3.749,1.750,64.991,26.246,0,1533828,757312,174468,5459848,5285.238,539.922,0,5279.238,0,435.937,3871,7211,2.810,1.980,1.130,0,3,0,0,0,11,36,0,15,0
25-02 12:29:11,3.501,2.501,61.771,29.760,0,1522112,767024,174504,5461772,5870.006,540.185,0,7054.410,0,496.170,4476,8241,2.670,1.960,1.130,1,0,0,0,0,11,36,0,15,0
25-02 12:29:12,3.255,3.004,60.089,31.046,0,1512820,774548,174544,5463452,3364.986,540.801,0,10323.296,0,641.951,4780,8836,2.670,1.960,1.130,3,1,7.010,0,0,11,36,0,15,0
25-02 12:29:13,4.495,2.747,59.690,30.220,0,1506844,779576,174592,5464296,8729.197,485.510,0,7208.730,0,595.400,4279,7772,2.670,1.960,1.130,0,2,8.991,0,0,11,36,0,15,0
25-02 12:29:14,3.498,2.998,57.965,32.730,0,1501016,785132,174616,5464528,8396.962,539.676,0,12136.718,0,829.502,4794,8734,2.670,1.960,1.130,0,2,8.995,0,0,11,36,0,15,0
25-02 12:29:15,3.999,2.249,65.733,25.244,0,1493436,791896,174640,5465268,8177.904,539.862,0,8597.796,0,608.844,4146,7544,2.670,1.960,1.130,2,2,2.999,0,0,11,36,0,15,0
25-02 12:29:16,6.000,3.000,58.751,29.251,0,1488800,796124,174652,5465660,6192.111,540.010,0,11880.213,0,884.016,5367,9474,2.690,1.980,1.140,0,1,9.000,0,0,11,36,0,15,0
25-02 12:29:17,6.252,2.501,62.265,26.507,0,1486428,798220,174676,5465904,8001.967,540.133,0,7501.844,0,594.146,4054,7215,2.690,1.980,1.140,1,0,6.001,0,0,11,36,0,15,0
25-02 12:29:18,3.750,3.250,60.496,29.748,0,1483180,801296,174676,5466064,6967.559,539.966,0,11059.301,0,802.949,4656,8482,2.690,1.980,1.140,1,0,8.999,0,0,11,36,0,15,0
25-02 12:29:19,3.499,2.250,57.492,34.245,0,1480848,803380,174684,5466304,5082.267,539.922,0,10082.546,0,680.902,3989,7197,2.690,1.980,1.140,1,1,5.999,0,0,11,36,0,15,0
25-02 12:29:20,4.751,2.501,61.269,28.759,0,1478776,805232,174712,5466488,9071.853,486.153,0,8198.578,0,641.202,4143,7387,2.690,1.980,1.140,2,1,9.003,0,0,11,36,0,15,0
25-02 12:29:21,4.249,2.500,64.988,24.495,0,1477124,806444,174760,5466872,7190.674,539.900,0,9050.331,0,707.869,4661,8491,2.800,2.010,1.160,2,1,5.999,0,0,11,36,0,15,0
25-02 12:29:22,4.250,2.500,56.494,33.746,0,1475148,807624,174804,5467604,3846.572,539.940,0,9454.949,0,703.922,4606,8488,2.800,2.010,1.160,0,1,9.999,0,0,11,36,0,15,0
25-02 12:29:23,4.502,2.751,62.522,28.010,0,1473724,808344,174864,5468232,8077.791,540.187,0,6790.346,0,574.198,4253,7668,2.800,2.010,1.160,0,2,6.002,0,0,11,36,0,15,0
25-02 12:29:24,8.522,5.013,54.389,30.077,0,1497496,784152,174924,5472172,7252.592,541.388,0,11978.708,0,787.018,5815,13361,2.800,2.010,1.160,5,0,42.108,0,0,12,37,0,14,0
25-02 12:29:25,6.233,2.244,60.331,26.925,0.249,1466156,814496,175000,5469428,11637.497,632.234,0,9621.128,0,770.847,5382,9392,2.800,2.010,1.160,0,1,11.967,0,0,11,36,0,15,0
25-02 12:29:26,4.749,2.500,60.742,29.246,0,1465932,814496,175048,5469596,8623.878,539.930,0,8670.872,0,625.919,4150,7447,2.810,2.030,1.170,4,1,5.999,0,0,11,36,0,15,0
25-02 12:29:27,7.013,3.256,60.111,26.800,0,1466528,814496,175084,5468960,4072.535,541.001,0,13480.944,0,1173.171,6410,11488,2.810,2.030,1.170,0,1,3.006,0,0,11,36,0,15,0
25-02 12:29:28,4.243,2.246,64.391,26.954,0,1466696,814244,175100,5469028,6887.317,485.177,0,8417.721,0,643.908,4180,7611,2.810,2.030,1.170,1,2,2.995,0,0,11,36,0,15,0
25-02 12:29:29,4.251,3.251,57.511,32.506,0,1467700,814244,175152,5467968,5957.132,540.103,0,9957.893,0,679.129,4949,9031,2.810,2.030,1.170,0,2,0,0,0,11,36,0,15,0
25-02 12:29:30,6.500,3.250,60.499,27.500,0,1467276,814244,175208,5468336,3748.969,539.995,0,9579.920,0,717.994,4695,8443,2.810,2.030,1.170,1,1,3.000,0,0,11,36,0,15,0
25-02 12:29:31,6.996,2.998,59.715,28.233,0,1467744,813488,175224,5468608,10506.813,539.682,0,11141.440,0,764.550,4865,8591,2.830,2.040,1.180,1,3,5.996,0,0,11,36,0,15,0
25-02 12:29:32,6.502,2.501,59.772,27.760,0,1467520,813236,175260,5469044,8379.095,540.200,0,9351.454,0,687.254,4548,8078,2.830,2.040,1.180,0,1,7.003,0,0,11,36,0,15,0
25-02 12:29:33,4.749,2.500,63.992,25.997,0,1467368,813236,175292,5469164,11984.455,539.930,0,5639.273,0,498.936,4252,7416,2.830,2.040,1.180,0,2,8.999,0,0,11,36,0,15,0
25-02 12:29:34,3.251,2.751,59.761,31.006,0,1466996,813236,175340,5469484,5391.998,540.100,0,11162.065,0,779.144,4343,8088,2.830,2.040,1.180,0,2,3.001,0,0,11,36,0,15,0
25-02 12:29:35,4.991,3.244,62.883,25.702,0,1466952,812984,175360,5469748,2971.489,485.100,0,8280.642,0,685.728,4753,8532,2.830,2.040,1.180,3,1,8.983,0,0,11,36,0,15,0
25-02 12:29:36,6.259,3.005,62.344,25.789,0,1466908,812480,175368,5470280,8041.132,540.816,0,7214.885,0,628.949,4781,8476,2.920,2.080,1.190,2,4,9.014,0,0,11,38,0,15,0
25-02 12:29:37,5.002,2.751,55.277,33.517,0,1467032,812480,175376,5470140,9102.526,540.269,0,13542.734,0,898.447,5309,9806,2.920,2.080,1.190,0,2,3.001,0,0,11,38,0,8,0
25-02 12:29:38,6.994,3.747,60.199,26.977,0,1467988,812228,175392,5469424,7987.299,539.547,0,10511.182,0,868.272,6070,10693,2.920,2.080,1.190,0,1,5.995,0,0,11,38,0,8,0
25-02 12:29:39,4.253,2.502,58.548,31.025,0,1467580,812228,175416,5469808,8518.979,540.443,0,9864.081,0,768.630,4747,8606,2.920,2.080,1.190,0,2,3.002,0,0,11,38,0,8,0
25-02 12:29:40,5.748,2.999,57.483,31.990,0,1467584,811976,175436,5470032,9349.196,539.838,0,10288.914,0,761.772,5035,9016,2.920,2.080,1.190,1,2,2.999,0,0,11,38,0,8,0
25-02 12:29:41,5.752,2.751,60.267,27.258,0,1467168,811976,175448,5470436,8996.519,540.151,0,12171.408,0,877.246,5206,9238,2.930,2.090,1.200,0,1,6.002,0,0,11,38,0,8,0
25-02 12:29:42,6.499,2.750,62.495,26.498,0,1466736,811976,175456,5470844,3727.684,485.959,0,7311.381,0,618.948,4803,8588,2.930,2.090,1.200,1,1,9.999,0,0,11,38,0,8,0
25-02 12:29:43,5.250,3.250,59.250,30.000,0,1466468,811976,175460,5471108,5696.038,540.004,0,11352.076,0,777.005,5696,10478,2.930,2.090,1.200,1,2,6.000,0,0,11,38,0,8,0
25-02 12:29:44,12.501,2.250,64.507,17.252,0,1465732,811724,175472,5472064,9017.001,540.060,0,5120.569,0,572.064,5365,9035,2.930,2.090,1.200,2,0,12.001,0,0,11,38,0,8,0
25-02 12:29:45,4.749,2.750,60.493,30.247,0,1465512,811724,175476,5472272,7571.132,539.938,0,10398.808,0,752.914,4266,7965,2.930,2.090,1.200,1,1,8.999,0,0,11,38,0,8,0
25-02 12:29:46,8.013,2.504,57.846,28.547,0,1465264,811472,175488,5472744,8662.337,540.895,0,11158.468,0,755.250,5002,8835,3.020,2.120,1.220,1,0,6.010,0,0,11,38,0,8,0
25-02 12:29:47,7.242,2.248,61.184,26.472,0,1465768,810464,175512,5473212,4974.673,539.422,0,7108.388,0,584.374,4437,7842,3.020,2.120,1.220,3,1,8.990,0,0,11,38,0,8,0
25-02 12:29:48,4.497,2.998,60.212,29.232,0,1465484,810464,175544,5473460,7498.325,539.664,0,10613.383,0,723.549,5032,9104,3.020,2.120,1.220,0,1,5.996,0,0,11,38,0,8,0
25-02 12:29:49,6.501,2.751,63.265,24.506,0,1464964,810464,175604,5473904,7544.730,540.124,0,8113.860,0,711.163,5574,9872,3.020,2.120,1.220,0,2,12.003,0,0,11,38,0,7,0
25-02 12:29:50,4.498,3.248,56.469,32.482,0,1464672,810464,175636,5474148,4179.724,581.683,0,13116.856,0,920.499,5864,10889,3.020,2.120,1.220,0,2,5.997,0,0,11,38,0,7,0
25-02 12:29:51,4.500,2.500,63.504,27.252,0,1464412,810212,175664,5474608,5204.350,486.033,0,9460.636,0,652.044,4431,8094,3.010,2.140,1.230,0,1,12.001,0,0,11,38,0,7,0
25-02 12:29:52,7.009,3.004,64.833,23.030,0,1464136,809960,175684,5475108,6718.626,540.694,0,7201.246,0,664.854,4957,8878,3.010,2.140,1.230,0,2,10.013,0,0,11,38,0,7,0
25-02 12:29:53,4.496,3.746,55.197,34.217,0.250,1464020,809708,175688,5475444,7160.148,539.484,0,11676.826,0,810.225,5093,8965,3.010,2.140,1.230,0,2,5.994,0,0,11,38,0,6,0
25-02 12:29:54,4.500,2.000,64.996,23.999,0,1463400,809456,175704,5476272,7324.597,539.970,0,6499.643,0,570.969,4483,8083,3.010,2.140,1.230,0,2,6.000,0,0,11,38,0,6,0
25-02 12:29:55,4.750,3.500,57.749,32.000,0,1463444,809204,175756,5476424,5143.942,539.994,0,13643.847,0,951.989,5103,9196,3.010,2.140,1.230,0,2,9.000,0,0,11,38,0,6,0
25-02 12:29:56,6.749,2.999,57.740,29.495,0.250,1463420,808448,175776,5477164,7501.671,539.904,0,10454.149,0,814.856,5230,9199,3.090,2.170,1.240,0,1,14.997,0,0,11,38,0,6,0
25-02 12:29:57,3.502,3.002,61.032,29.766,0,1463472,807972,175788,5477568,6295.315,540.284,0,10493.525,0,773.407,4699,8510,3.090,2.170,1.240,0,3,6.003,0,0,11,38,0,6,0
25-02 12:29:58,5.993,2.747,59.926,26.967,0,1463200,807720,175796,5478064,4065.969,485.399,0,9628.086,0,839.961,5222,9133,3.090,2.170,1.240,0,1,8.989,0,0,11,38,0,6,0
25-02 12:29:59,5.754,3.002,63.299,27.021,0,1463144,807216,175816,5478588,7807.055,540.419,0,10135.861,0,736.571,4590,8174,3.090,2.170,1.240,1,4,6.005,0,0,11,38,0,6,0
25-02 12:30:00,4.000,3.000,56.002,34.001,0,1462984,806964,175824,5478980,8620.343,540.022,0,13492.538,0,878.035,4733,8492,3.090,2.170,1.240,0,1,3.000,0,0,11,38,0,6,0
25-02 12:30:01,4.500,3.250,62.006,28.003,0,1463848,805704,175828,5479360,3412.322,540.051,0,6996.660,0,638.060,4753,8405,2.930,2.150,1.240,0,2,14.001,0,0,11,38,0,4,0
25-02 12:30:02,4.259,2.756,55.872,33.573,0,1464156,805200,175840,5479536,7896.229,541.181,0,12062.319,0,866.891,4892,8842,2.930,2.150,1.240,1,0,4.009,0,0,11,38,0,4,0
25-02 12:30:03,4.241,1.996,65.608,25.196,0,1463880,805200,175840,5479804,5312.514,538.835,0,6166.667,0,546.818,4307,7567,2.930,2.150,1.240,2,2,8.981,0,0,11,38,0,4,0
25-02 12:30:04,3.757,2.755,56.852,32.809,0,1463580,805200,175844,5480092,7129.741,540.967,0,12734.757,0,859.536,4824,8839,2.930,2.150,1.240,0,2,3.005,0,0,11,38,0,4,0
25-02 12:30:05,5.988,2.246,65.120,23.453,0,1463364,804696,175848,5480792,7415.213,538.925,0,4351.323,0,485.033,4688,8034,2.930,2.150,1.240,0,2,32.934,0,0,11,38,0,2,0
25-02 12:30:06,4.501,3.000,56.258,33.505,0,1463388,804192,175848,5481260,3908.587,486.073,0,10669.602,0,747.112,5415,10057,2.930,2.160,1.250,1,1,12.002,0,0,11,38,0,2,0
25-02 12:30:07,6.500,3.250,62.502,25.001,0.250,1463288,803688,175852,5481848,8240.240,540.016,0,6816.198,0,650.019,4926,8720,2.930,2.160,1.250,0,2,15.000,0,0,11,38,0,2,0
25-02 12:30:08,5.001,3.001,60.767,28.758,0,1462996,803688,175856,5482124,7630.077,540.147,0,12019.272,0,894.243,4806,8651,2.930,2.160,1.250,0,1,9.002,0,0,11,38,0,2,0
25-02 12:30:09,5.997,2.999,55.726,31.736,0,1462644,803688,175860,5482444,3824.359,539.768,0,11227.182,0,829.644,5365,9516,2.930,2.160,1.250,0,1,14.994,0,0,11,38,0,2,0
25-02 12:30:10,5.000,2.500,63.499,25.999,0,1462168,803436,175864,5483152,10158.796,539.989,0,7631.847,0,636.987,4787,8300,2.930,2.160,1.250,0,1,12.000,0,0,11,38,0,1,0
25-02 12:30:11,3.501,2.250,57.260,34.006,0,1462320,803184,175864,5483248,8681.473,540.092,0,11589.966,0,774.131,4184,7701,2.940,2.180,1.260,1,2,6.001,0,0,11,38,0,1,0
25-02 12:30:12,4.750,2.750,57.001,32.501,0,1462468,802932,175872,5483324,8352.160,540.010,0,12448.239,0,826.016,4837,8668,2.940,2.180,1.260,1,0,4.000,0,0,11,38,0,1,0
25-02 12:30:13,3.748,2.748,66.213,24.736,0,1462252,802680,175884,5483764,6725.260,485.730,0,5848.747,0,595.669,4422,8083,2.940,2.180,1.260,5,0,11.993,0,0,11,38,0,1,0
25-02 12:30:14,5.002,3.252,54.776,34.266,0,1462228,802428,175908,5484012,5867.798,540.258,0,10897.196,0,800.382,4714,8520,2.940,2.180,1.260,0,3,3.001,0,0,11,38,0,1,0
25-02 12:30:15,8.000,2.250,63.501,23.000,0,1463372,800664,175944,5484592,10229.125,582.007,0,6092.074,0,626.008,5134,8916,2.940,2.180,1.260,4,0,9.000,0,0,11,38,0,1,0
25-02 12:30:16,6.750,3.000,56.751,30.250,0,1464080,799656,175952,5484876,9384.118,540.007,0,14600.184,0,987.012,5242,9300,2.860,2.180,1.260,0,1,6.000,0,0,11,38,0,1,0
25-02 12:30:17,5.751,3.251,58.765,29.507,0,1464860,798900,175968,5484828,7306.846,540.136,0,12267.099,0,893.226,5489,9870,2.860,2.180,1.260,0,1,6.002,0,0,11,38,0,1,0
25-02 12:30:18,4.748,2.249,62.478,28.240,0,1466024,798900,175972,5483664,6818.576,539.808,0,6809.579,0,585.792,4784,8640,2.860,2.180,1.260,0,1,0,0,0,11,38,0,1,0
25-02 12:30:19,4.751,3.501,53.267,35.261,0,1466932,798900,175980,5482744,8001.500,540.169,0,11263.519,0,851.266,5511,10103,2.860,2.180,1.260,1,1,0,0,0,11,38,0,1,0
25-02 12:30:20,5.249,3.499,58.734,29.992,0,1468148,798900,175996,5481516,5970.399,539.855,0,9861.355,0,730.804,5818,10579,2.860,2.180,1.260,1,1,0,0,0,11,38,0,1,0
25-02 12:30:21,4.251,2.000,69.760,21.503,0,1469696,798900,176008,5479976,4884.691,486.069,0,4292.607,0,537.076,4422,8152,2.870,2.190,1.270,1,1,0,0,0,11,38,0,1,0
25-02 12:30:22,3.999,3.249,56.490,32.494,0,1470492,798900,176008,5479176,3397.409,539.906,0,12933.750,0,858.851,5786,11024,2.870,2.190,1.270,0,2,1.000,0,0,11,38,0,1,0
25-02 12:30:23,5.500,3.000,60.750,27.750,0,1470152,798900,176008,5479524,6645.991,539.999,0,8859.988,0,672.999,4981,8662,2.870,2.190,1.270,2,1,6.000,0,0,11,38,0,1,0
25-02 12:30:24,6.002,3.001,61.022,27.010,0,1470012,798900,176032,5479636,6473.317,540.193,0,11552.134,0,866.310,5219,9236,2.870,2.190,1.270,1,0,12.004,0,0,11,38,0,1,0
25-02 12:30:25,9.748,5.499,56.240,26.745,0,1482656,786048,176040,5479832,7139.754,633.889,0,11458.001,0,839.853,6137,16768,2.870,2.190,1.270,0,2,38.993,0,0,11,38,0,2,0
25-02 12:30:26,5.750,3.250,56.247,31.498,0,1482352,786048,176056,5480120,9705.424,539.968,0,13179.217,0,950.944,5568,9944,2.800,2.190,1.280,4,0,11.999,0,0,11,38,0,1,0
25-02 12:30:27,13.289,5.015,65.443,14.794,0,1344704,923860,176056,5479956,9026.656,541.599,0,3851.373,0,362.069,4280,5822,2.800,2.190,1.280,5,0,71.210,0,0,11,32,0,2,0
25-02 12:30:28,8.750,22.000,57.999,9.250,0,1344660,923716,176056,5480144,7371.927,539.995,0,5787.943,0,322.997,7064,6545,2.800,2.190,1.280,2,0,591.994,0,0,11,32,0,2,0
25-02 12:30:29,53.516,16.005,25.007,5.502,0,1489700,778476,176060,5480340,3424.994,486.141,0,4465.296,0,281.082,5511,4858,2.800,2.190,1.280,4,1,289.084,0,0,11,32,0,8,0
25-02 12:30:30,64.494,7.249,23.248,4.750,0,1675936,589084,176104,5483220,3713.664,539.951,0,2595.765,0,54.995,3710,1596,2.800,2.190,1.280,3,1,0,0,0,11,32,0,8,0
25-02 12:30:31,51.584,5.233,29.654,12.211,0,1786244,475236,176152,5486368,8312.221,538.266,0,5290.955,0,200.355,4063,3005,2.820,2.200,1.290,2,1,5.981,0,0,11,38,0,8,0
25-02 12:30:32,12.528,3.257,54.372,27.311,0,1785360,473500,176184,5488828,6367.311,541.216,0,8631.400,0,655.473,6358,10616,2.820,2.200,1.290,1,2,49.110,0,0,11,38,0,8,0
25-02 12:30:33,9.728,2.744,48.641,35.920,0,1785020,472492,176184,5490112,9991.633,538.794,0,10983.413,0,709.412,6232,10921,2.820,2.200,1.290,0,3,23.946,0,0,11,38,0,8,0
25-02 12:30:34,8.502,3.251,50.760,35.007,0,1784792,471484,176188,5491292,6109.240,540.110,0,12282.494,0,791.161,5165,9373,2.820,2.200,1.290,2,1,15.003,0,0,11,38,0,8,0
25-02 12:30:35,5.740,2.995,50.409,38.181,0,1784076,471232,176192,5492232,7214.040,539.032,0,12581.398,0,819.528,5450,10007,2.820,2.200,1.290,0,4,17.968,0,0,11,38,0,8,0
25-02 12:30:36,6.762,3.005,50.588,36.814,0,1783532,470476,176200,5493492,6219.819,486.847,0,9272.128,0,694.208,4746,8321,2.830,2.210,1.300,0,1,12.021,0,0,11,38,0,8,0
25-02 12:30:37,4.998,3.249,50.727,37.983,0,1783792,469468,176216,5494208,4712.884,539.758,0,10599.241,0,761.658,5849,10981,2.830,2.210,1.300,1,1,17.992,0,0,11,38,0,8,0
25-02 12:30:38,7.519,3.760,45.367,40.604,0,1784296,467956,176232,5495172,7700.793,541.392,0,12881.108,0,853.193,5712,10174,2.830,2.210,1.300,2,1,24.062,0,0,11,38,0,8,0
25-02 12:30:39,9.232,2.745,45.909,39.173,0,1783948,466948,176244,5496456,10926.436,538.936,0,15066.266,0,998.030,6113,10650,2.830,2.210,1.300,0,2,32.935,0,0,11,38,0,8,0
25-02 12:30:40,8.259,3.254,48.555,37.042,0,1784768,464176,176268,5498312,4513.156,540.618,0,15561.777,0,1094.250,7142,12860,2.830,2.210,1.300,0,1,33.038,0,0,11,38,0,8,0
25-02 12:30:41,6.742,3.995,52.687,33.210,0,1784168,463672,176292,5499364,8258.061,539.351,0,13379.897,0,937.871,5672,10010,2.770,2.210,1.300,0,2,26.968,0,0,11,38,0,8,0
25-02 12:30:42,7.244,3.247,49.710,37.220,0,1784460,461908,176312,5500780,10643.475,539.568,0,13089.516,0,830.335,5625,10202,2.770,2.210,1.300,6,2,15.987,0,0,11,38,0,8,0
25-02 12:30:43,6.504,3.252,52.535,34.523,0,1784432,460900,176320,5501784,8351.620,540.364,0,13677.203,0,877.591,5212,9346,2.770,2.210,1.300,0,2,15.010,0,0,11,38,0,8,0
25-02 12:30:44,8.249,3.000,48.242,37.244,0,1784088,460144,176328,5502812,6204.981,485.920,0,14029.696,0,954.843,5691,10032,2.770,2.210,1.300,0,2,29.995,0,0,11,38,0,8,0
25-02 12:30:45,8.519,3.508,53.617,31.569,0,1784340,458884,176328,5503792,4834.523,541.178,0,14699.996,0,1035.253,5944,10601,2.770,2.210,1.300,5,1,36.079,0,0,11,38,0,8,0
25-02 12:30:46,8.998,3.999,52.239,32.243,0.250,1784372,457372,176344,5505224,7629.348,539.883,0,11657.476,0,871.811,6515,11608,2.870,2.240,1.310,2,2,32.993,0,0,11,38,0,8,0
25-02 12:30:47,7.987,3.744,47.675,37.691,0,1784172,456364,176352,5506392,6654.540,539.153,0,14021.960,0,1020.396,7364,13421,2.870,2.240,1.310,0,3,26.958,0,0,11,38,0,8,0
25-02 12:30:48,5.501,3.001,45.260,43.760,0,1784088,455608,176372,5507188,3702.841,540.123,0,12990.949,0,942.214,4896,8807,2.870,2.240,1.310,0,2,9.002,0,0,11,38,0,8,0
25-02 12:30:49,6.492,3.246,45.446,40.203,0,1783976,454600,176388,5508260,7141.576,539.364,0,16692.311,0,1167.623,6237,11295,2.870,2.240,1.310,2,0,17.979,0,0,11,38,0,8,0
25-02 12:30:50,6.508,3.504,53.813,33.289,0,1784128,453352,176388,5509316,7524.861,582.686,0,13467.860,0,900.060,5432,9974,2.870,2.240,1.310,0,3,15.018,0,0,11,38,0,8,0
25-02 12:30:51,8.246,3.748,53.725,32.485,0,1784404,451840,176392,5510516,7286.580,539.747,0,11162.761,0,845.603,6688,11630,2.800,2.230,1.320,0,2,23.989,0,0,11,38,0,8,0
25-02 12:30:52,4.999,2.000,51.742,37.494,0,1784256,451336,176400,5511136,5101.174,485.921,0,10242.342,0,689.888,4583,8215,2.800,2.230,1.320,3,1,12.998,0,0,11,38,0,8,0
25-02 12:30:53,6.259,4.256,53.326,34.799,0,1785676,449324,176404,5511664,3508.983,540.768,0,11444.253,0,753.069,4736,8263,2.800,2.230,1.320,0,2,18.026,0,0,11,38,0,8,0
25-02 12:30:54,6.989,2.496,50.670,37.191,0,1785184,449072,176408,5512380,8020.316,539.147,0,13618.463,0,854.648,5733,10286,2.800,2.230,1.320,0,3,17.972,0,0,11,38,0,8,0
25-02 12:30:55,14.261,2.752,42.282,37.528,0,1784328,449072,176412,5513184,8163.121,540.405,0,13321.990,0,907.681,6299,10777,2.800,2.230,1.320,4,1,21.016,0,0,11,38,0,8,0
25-02 12:30:56,24.297,7.264,34.065,33.063,0,1692516,539964,176420,5514072,6958.351,541.038,0,8179.694,0,633.215,5985,8619,2.810,2.250,1.330,1,3,88.169,0,0,11,36,0,8,0
25-02 12:30:57,28.109,4.975,31.094,32.835,0,1755808,475452,176428,5515252,16715.963,537.299,0,14427.468,0,972.113,8494,14123,2.810,2.250,1.330,2,1,34.825,0,0,11,36,0,8,0
25-02 12:30:58,18.298,5.514,42.361,32.335,0,1699344,530896,176432,5516240,6827.916,541.421,0,11730.782,0,757.989,6327,9787,2.810,2.250,1.330,0,1,93.245,0,0,11,36,0,8,0
25-02 12:30:59,5.500,3.500,49.750,38.750,0,1693060,536264,176440,5517124,5421.034,540.003,0,12616.079,0,859.005,6436,11741,2.810,2.250,1.330,0,3,18.000,0,0,11,36,0,8,0
25-02 12:31:00,7.747,2.749,55.980,30.739,0,1684016,543572,176456,5518748,3427.755,485.824,0,8260.999,0,714.740,5685,9834,2.810,2.250,1.330,1,2,29.989,0,0,11,36,0,8,0
25-02 12:31:01,3.502,2.501,53.275,37.767,0,1674648,551384,176464,5520252,3661.692,540.250,0,11989.539,0,584.270,3732,6697,2.830,2.260,1.340,0,1,12.006,0,0,11,36,0,8,0
25-02 12:31:02,6.250,3.250,50.998,35.999,0,1668500,556448,176476,5521304,7404.715,539.979,0,14527.440,0,960.963,5860,10666,2.830,2.260,1.340,0,3,15.999,0,0,11,36,0,8,0
25-02 12:31:03,3.000,1.750,54.248,39.249,0,1662004,562148,176484,5522068,5696.832,539.984,0,8351.754,0,539.984,3312,6127,2.830,2.260,1.340,2,1,3.000,0,0,11,36,0,8,0
25-02 12:31:04,5.999,3.499,50.738,36.991,0,1656404,566292,176500,5523440,8937.889,539.872,0,10381.548,0,738.826,6250,11210,2.830,2.260,1.340,0,1,14.996,0,0,11,36,0,8,0
25-02 12:31:05,5.252,3.251,54.766,33.760,0,1651852,569724,176512,5524492,7983.316,540.157,0,11667.384,0,791.229,5649,10437,2.830,2.260,1.340,1,2,15.004,0,0,11,36,0,8,0
25-02 12:31:06,6.250,2.750,52.248,35.749,0,1647876,572772,176528,5525376,7705.771,539.984,0,12487.629,0,847.975,6016,11055,2.920,2.290,1.350,0,1,20.999,0,0,11,36,0,8,0
25-02 12:31:07,9.497,3.499,52.485,31.241,0,1647708,572044,176532,5526252,5150.534,485.862,0,12560.424,0,885.748,7153,12683,2.920,2.290,1.350,1,0,14.996,0,0,11,36,0,8,0
25-02 12:31:08,7.002,2.751,55.016,32.260,0,1646116,572776,176540,5527072,6810.025,540.161,0,12955.853,0,848.252,5079,9045,2.920,2.290,1.350,0,2,0,0,0,11,36,0,8,0
25-02 12:31:09,6.752,3.251,43.760,43.010,0,1645132,572456,176540,5528348,8442.967,540.126,0,14023.267,0,821.191,4844,8352,2.920,2.290,1.350,1,3,0,0,0,11,36,0,8,0
25-02 12:31:10,5.000,3.000,52.248,36.748,0,1643392,572556,176548,5529908,6430.700,539.975,0,9971.535,0,659.969,4734,8600,2.920,2.290,1.350,0,3,0,0,0,11,36,0,8,0
25-02 12:31:11,4.999,2.749,52.235,37.240,0,1640768,573764,176548,5531288,6436.193,539.848,0,11188.859,0,716.799,5703,10670,2.850,2.290,1.360,0,3,0,0,0,11,36,0,8,0
25-02 12:31:12,5.000,3.000,51.749,38.000,0,1639152,574008,176556,5532612,8951.885,539.993,0,11159.856,0,730.991,4939,9097,2.850,2.290,1.360,0,1,1.000,0,0,11,36,0,8,0
25-02 12:31:13,4.754,3.002,56.293,33.275,0,1637228,574760,176560,5533720,8820.704,540.411,0,12749.691,0,806.613,4625,8322,2.850,2.290,1.360,0,2,0,0,0,11,36,0,8,0
25-02 12:31:14,5.496,3.498,46.720,41.474,0,1636312,573864,176564,5535464,7050.496,539.655,0,14826.529,0,880.438,5180,9406,2.850,2.290,1.360,0,1,0,0,0,11,36,0,8,0
25-02 12:31:15,5.005,2.502,57.051,32.279,0,1635856,572824,176568,5536888,8661.814,528.477,0,8868.000,0,631.570,4627,8358,2.850,2.290,1.360,1,1,0,0,0,11,36,0,8,0
25-02 12:31:16,4.998,2.749,47.484,41.736,0,1634908,572500,176572,5538092,4218.599,539.821,0,14059.330,0,843.720,5136,9625,2.940,2.310,1.370,2,3,0,0,0,11,36,0,8,0
25-02 12:31:17,3.746,2.497,53.441,37.958,0,1635024,571240,176576,5539176,7662.567,539.406,0,6648.683,0,443.512,4619,8538,2.940,2.310,1.370,0,1,0,0,0,11,36,0,8,0
25-02 12:31:18,5.253,3.002,55.029,33.517,0,1635308,569728,176576,5540364,5963.094,540.280,0,8840.587,0,639.332,4769,8487,2.940,2.310,1.370,0,1,6.003,0,0,11,36,0,8,0
25-02 12:31:19,5.000,2.500,52.750,37.000,0,1635304,568972,176580,5541096,4210.038,540.005,0,12412.112,0,839.008,4773,8863,2.940,2.310,1.370,0,4,6.000,0,0,11,36,0,8,0
25-02 12:31:20,5.254,3.753,51.038,37.778,0,1634832,568972,176580,5541568,8504.344,540.403,0,14522.834,0,1017.759,5408,9587,2.940,2.310,1.370,1,3,12.009,0,0,11,36,0,8,0
25-02 12:31:21,5.495,3.247,59.446,28.724,0,1634948,568468,176580,5541908,5607.914,539.511,0,11077.954,0,831.246,5232,9319,2.860,2.310,1.370,0,1,11.989,0,0,11,36,0,8,0
25-02 12:31:22,4.250,3.500,55.248,34.499,0,1634768,568468,176580,5542076,8968.618,485.979,0,11995.490,0,880.963,5190,9306,2.860,2.310,1.370,2,3,10.000,0,0,11,36,0,8,0
25-02 12:31:23,4.752,3.251,56.518,31.010,0,1634760,568216,176580,5542328,11161.534,540.171,0,14620.629,0,989.313,5877,10536,2.860,2.310,1.370,0,2,9.003,0,0,11,36,0,8,0
25-02 12:31:24,5.249,2.749,54.738,35.492,0,1636824,565696,176580,5542788,6091.673,539.882,0,11317.534,0,717.844,4833,8912,2.860,2.310,1.370,0,2,5.999,0,0,11,36,0,8,0
25-02 12:31:25,12.752,5.001,55.509,24.504,0,1637644,564436,176580,5543192,7376.242,634.107,0,7005.180,0,618.104,6118,19262,2.860,2.310,1.370,1,0,54.009,0,0,11,36,0,9,0
25-02 12:31:26,7.001,2.750,53.009,33.755,0,1638376,562924,176580,5543956,6942.123,540.087,0,13534.189,0,915.148,5770,10411,2.720,2.290,1.370,0,2,6.001,0,0,11,36,0,9,0
25-02 12:31:27,7.997,3.499,48.233,37.737,0,1637804,562924,176580,5544504,4221.542,539.814,0,13483.344,0,935.677,5221,9335,2.720,2.290,1.370,0,2,11.996,0,0,11,36,0,7,0
25-02 12:31:28,5.251,2.750,55.006,34.004,0,1637496,562672,176580,5545056,8947.956,540.058,0,13773.471,0,953.102,5284,9538,2.720,2.290,1.370,0,1,18.002,0,0,11,36,0,7,0
25-02 12:31:29,14.505,4.251,45.265,32.261,0,1500600,699508,176584,5545100,7201.395,540.180,0,14908.958,0,938.312,6281,10848,2.720,2.290,1.370,0,1,46.015,0,0,11,34,0,7,0
25-02 12:31:30,13.280,3.759,65.148,16.788,0,1348848,851004,176588,5545344,9373.288,487.106,0,5063.500,0,457.038,4175,6284,2.720,2.290,1.370,1,1,51.116,0,0,11,32,0,7,0
25-02 12:31:31,18.460,8.482,66.356,5.738,0,1400824,799000,176588,5545372,6294.300,538.827,0,3544.285,0,228.503,3444,3124,2.580,2.270,1.370,1,0,172.624,0,0,11,32,0,1,0
25-02 12:31:32,23.504,3.000,68.261,5.251,0,1473396,726424,176588,5545376,5536.914,540.089,0,2536.419,0,144.024,2164,2055,2.580,2.270,1.370,1,1,3.000,0,0,11,32,0,1,0
25-02 12:31:33,22.044,4.008,71.143,1.503,0,1374564,825252,176588,5545380,10237.624,541.090,0,1266.552,0,85.172,2751,2410,2.580,2.270,1.370,1,0,27.055,0,0,11,32,0,1,0
25-02 12:31:34,22.748,3.250,73.994,0,0,1434036,765780,176588,5545380,6554.483,539.957,0,31.997,0,4.000,1853,1345,2.580,2.270,1.370,1,0,1.000,0,0,11,32,0,1,0
25-02 12:31:35,23.244,2.000,72.732,0.500,0,1448732,751080,176588,5545384,7460.154,539.866,0,531.868,0,42.989,2254,1900,2.580,2.270,1.370,1,0,9.998,0,0,11,32,0,1,0
25-02 12:31:36,14.764,36.033,49.295,0,0,1437224,762524,176588,5545448,7988.325,540.496,0,300.275,0,68.062,8509,8217,2.450,2.240,1.370,1,0,1243.140,0,0,11,32,0,1,0
25-02 12:31:37,7.496,22.239,67.716,0.250,0,1437808,761860,176588,5545528,6872.530,539.727,0,351.822,0,23.988,6362,5053,2.450,2.240,1.370,1,0,548.723,0,0,11,32,0,1,0
25-02 12:31:38,8.993,19.735,70.448,0,0,1420732,778900,176588,5545556,11400.539,485.640,0,87.935,0,7.994,5812,4314,2.450,2.240,1.370,1,0,370.725,0,0,11,32,0,1,0
25-02 12:31:39,11.005,21.260,66.030,0,0.250,1403924,795652,176588,5545940,4423.037,540.249,0,108.050,0,12.006,6845,6525,2.450,2.240,1.370,1,0,421.194,0,0,11,32,0,1,0
25-02 12:31:40,30.971,13.238,55.448,0,0,1467660,731760,176596,5546076,4105.157,539.495,0,0,0,0,4722,5430,2.450,2.240,1.370,2,0,192.819,0,0,11,33,0,1,0
25-02 12:31:41,43.687,6.740,49.179,0,0.250,1579428,619896,176596,5546284,8117.262,539.220,0,7.988,0,0.999,2564,1397,2.410,2.240,1.370,4,0,0,0,0,11,33,0,1,0
25-02 12:31:42,44.254,4.000,45.254,5.251,0,1624884,574084,176620,5546564,7432.733,540.053,104.010,776.077,1.000,47.005,3597,2954,2.410,2.240,1.370,4,0,20.002,0,0,11,49,0,1,0
25-02 12:31:43,36.578,9.270,53.614,0,0,1643264,551440,176672,5550380,7348.641,541.152,0,978.082,0,117.250,5032,7277,2.410,2.240,1.370,2,0,129.275,0,0,11,48,0,1,0
25-02 12:31:44,15.468,16.466,65.614,0.499,0,1639572,555036,176676,5550828,7348.715,538.879,0,371.228,0,13.971,6854,8779,2.410,2.240,1.370,1,0,337.298,0,0,11,48,0,1,0
25-02 12:31:45,3.999,2.499,93.473,0.500,0,1644696,549912,176676,5550408,8230.642,539.845,0,471.865,0,36.989,1653,2155,2.410,2.240,1.370,0,0,27.992,0,0,11,48,0,1,0
25-02 12:31:46,0.250,0.500,98.007,0,0,1644700,549912,176676,5550408,4852.363,486.036,0,0,0,0,709,977,2.220,2.200,1.360,0,0,3.000,0,0,11,48,0,1,0
25-02 12:31:47,0.500,0.750,98.267,0,0,1644700,549912,176676,5550408,4546.806,540.096,0,36.006,0,4.001,753,1047,2.220,2.200,1.360,0,0,3.001,0,0,11,48,0,1,0
25-02 12:31:48,0.500,0.500,98.469,0,0,1644700,549912,176676,5550408,3650.846,539.829,0,0,0,0,644,939,2.220,2.200,1.360,0,0,1.000,0,0,11,48,0,1,0
25-02 12:31:49,10.530,8.273,80.225,0,0,1623564,570924,176676,5550880,8283.249,541.520,0,0,0,0,4066,4954,2.220,2.200,1.360,2,0,202.569,0,0,11,48,0,1,0
25-02 12:31:50,14.221,12.973,71.104,0,0,1632544,561940,176676,5550552,7511.615,580.810,0,7.984,0,1.996,5187,6062,2.220,2.200,1.360,2,0,247.493,0,0,11,48,0,1,0
25-02 12:31:51,16.292,19.049,63.412,0,0,1665396,528992,176676,5551040,6901.601,779.989,0,0,0,0,8085,9837,2.040,2.160,1.350,2,0,396.010,0,0,12,48,0,1,0
25-02 12:31:52,12.709,10.965,68.030,7.476,0,1653560,540732,176676,5550732,4595.161,538.262,0,6491.039,0,401.703,4006,4208,2.040,2.160,1.350,1,0,219.292,0,0,12,64,0,1,0
25-02 12:31:53,11.200,10.951,76.161,0,0,1661924,532248,176676,5550776,7289.520,483.844,0,15.929,0,3.982,4379,5199,2.040,2.160,1.350,3,0,209.068,0,0,14,66,0,1,0
25-02 12:31:54,13.079,16.097,70.424,0,0,1652096,542048,176676,5550800,13002.225,543.268,0,44.266,0,6.036,6189,6714,2.040,2.160,1.350,1,0,339.040,0,0,14,66,0,2,0
25-02 12:31:55,8.756,20.015,68.050,1.501,0,1638800,555308,176676,5550836,3546.599,540.396,0,592.434,0,38.028,6051,5098,2.040,2.160,1.350,1,0,408.299,0,0,14,66,0,2,0
25-02 12:31:56,21.209,15.720,62.879,0,0,1670560,523488,176676,5550888,7056.436,622.803,0,135.739,0,12.975,6487,8847,2.040,2.160,1.360,3,0,267.486,0,0,14,66,0,2,0
25-02 12:31:57,29.335,24.822,45.130,0,0,1752004,442000,176684,5550920,4880.098,541.565,0,385.113,0,8.023,7085,6165,2.040,2.160,1.360,2,0,687.988,0,0,14,66,0,2,0
25-02 12:31:58,29.491,25.492,44.236,0,0,1884144,308160,176764,5552428,3406.908,539.827,7.997,503.838,1.000,73.976,7454,9371,2.040,2.160,1.360,3,0,612.804,0,0,14,70,0,4,0
25-02 12:31:59,38.241,18.745,41.990,0,0,1957624,234576,176764,5552452,7101.242,539.866,0,31.992,0,7.998,6300,8475,2.040,2.160,1.360,2,0,311.923,0,0,14,70,0,4,0
25-02 12:32:00,65.690,24.478,9.741,0,0,2082612,180436,170792,5489368,6503.057,539.507,19.982,31.971,1.998,7.993,5814,6266,2.040,2.160,1.360,4,0,617.436,0,0,14,70,0,4,0
25-02 12:32:01,66.015,17.936,13.950,1.246,0,2185544,140916,168204,5429868,8770.813,573.959,3093.002,916.740,139.504,19.929,6128,8501,2.120,2.180,1.370,7,0,341.785,0,0,14,70,0,4,0
25-02 12:32:02,59.957,23.080,4.265,12.292,0,2304856,186996,169112,5268084,6614.844,541.871,3355.588,2303.957,171.593,107.371,6534,8496,2.120,2.180,1.370,6,0,443.532,0,0,14,70,0,4,0
25-02 12:32:03,76.064,19.016,2.002,2.252,0,2485784,161136,168776,5116508,3681.096,540.455,1064.896,3374.839,58.049,105.088,6955,6787,2.120,2.180,1.370,4,1,370.311,0,0,14,76,0,4,0
25-02 12:32:04,51.233,20.993,13.496,14.495,0,2603060,118376,168472,5044460,6770.794,539.824,3.999,6705.815,1.000,487.841,10076,14952,2.120,2.180,1.370,2,1,392.872,0,0,14,76,0,4,0
25-02 12:32:05,50.783,13.259,13.509,22.265,0,2706912,142336,168352,4919360,6007.945,540.355,1877.233,16294.700,63.041,357.235,6931,8766,2.120,2.180,1.370,4,1,139.091,0,0,14,79,0,4,0
25-02 12:32:06,43.366,5.483,30.904,19.191,0,2767496,149276,168448,4853552,5825.987,538.336,27.914,9462.742,1.994,399.764,6351,9813,2.190,2.190,1.380,5,0,1.994,0,0,14,79,0,4,0
25-02 12:32:07,75.008,17.560,6.021,0.753,0,2904312,149048,168468,4719760,8760.165,541.866,76.263,1846.358,10.035,89.308,8693,17765,2.190,2.190,1.380,2,0,342.178,0,0,14,95,0,13,0
25-02 12:32:08,18.207,17.708,41.901,21.200,0,2918184,133316,168476,4721652,7071.315,538.729,3.991,13164.937,0.998,594.597,7208,9297,2.190,2.190,1.380,1,0,339.200,0,0,14,97,0,16,0
25-02 12:32:09,16.790,16.790,65.155,0.752,0,2918360,198760,168476,4657480,7309.382,487.158,0,1094.603,0,60.143,6845,8330,2.190,2.190,1.380,1,0,303.722,0,0,14,97,0,16,0
25-02 12:32:10,41.704,9.989,38.957,8.241,0,3047352,131836,168480,4596804,6433.864,539.402,2601.115,1981.802,72.919,91.898,4226,3228,2.190,2.190,1.380,2,1,126.859,0,0,14,98,0,16,0
25-02 12:32:11,26.516,13.008,52.031,7.004,0,3093344,151416,168496,4532532,5357.240,630.381,0,4794.899,0,269.163,5371,5284,2.010,2.150,1.370,1,0,192.116,0,0,14,101,0,17,0
25-02 12:32:12,8.492,19.730,70.180,0.500,0,3108100,136680,168496,4532556,11034.029,539.464,3.996,367.634,0.999,25.974,5906,4479,2.010,2.150,1.370,1,0,360.641,0,0,14,101,0,17,0
25-02 12:32:13,8.009,19.272,70.580,1.001,0,3106108,138644,168496,4532584,7674.653,540.610,0,1117.260,0,136.154,5844,4197,2.010,2.150,1.370,1,0,364.411,0,0,14,101,0,17,0
25-02 12:32:14,20.684,5.981,72.518,0.249,0,3175156,134876,168496,4468872,7231.910,538.281,530.307,3.987,25.917,0.997,2542,1925,2.010,2.150,1.370,1,0,74.761,0,0,14,101,0,17,0
25-02 12:32:15,18.251,2.250,78.255,0.250,0,3179936,130088,168500,4468876,29692.085,23144.625,20.001,308.022,2.000,23.002,2556,2775,2.010,2.150,1.370,2,0,0,0,0,14,103,0,18,0
25-02 12:32:16,20.501,6.250,72.753,0,0,3157200,218992,168500,4404916,7863.378,540.026,0,0,0,0,2341,1695,1.930,2.130,1.370,2,0,63.003,0,0,14,103,0,18,0
25-02 12:32:17,18.226,3.495,76.901,0.749,0,3183588,192600,168500,4404924,13443.624,6951.016,7.990,411.468,1.997,37.951,2708,2908,1.930,2.130,1.370,3,0,4.994,0,0,14,114,0,18,2
25-02 12:32:18,28.536,6.258,56.823,7.259,0,3265200,172992,168516,4344100,4740.048,540.690,456.583,1946.484,23.029,209.267,5293,7417,1.930,2.130,1.370,1,0,6.008,0,0,14,119,0,18,2
25-02 12:32:19,20.025,7.509,66.584,4.005,0,3265640,172444,168516,4344192,5417.810,1685.118,64.081,1569.973,4.005,129.162,5132,6455,1.930,2.130,1.370,1,0,112.141,0,0,14,120,0,20,2
25-02 12:32:20,20.712,3.494,74.365,0.499,0,3325804,175160,168516,4282704,9024.608,2501.457,3.993,722.687,0.998,41.924,2017,1722,1.930,2.130,1.370,0,0,0,0,0,14,121,0,20,2
25-02 12:32:21,19.005,3.001,74.271,2.751,0,3325352,175568,168516,4282748,13365.709,6888.911,36.010,672.187,3.001,49.014,2312,2271,1.940,2.130,1.370,0,0,2.001,0,0,14,125,0,20,2
25-02 12:32:22,28.847,7.525,57.946,4.264,0,3278168,222688,168528,4282800,10065.007,1938.550,8.027,1601.411,2.007,174.590,5870,7741,1.940,2.130,1.370,2,0,71.241,0,0,14,126,0,21,2
25-02 12:32:23,41.865,7.974,47.348,1.994,0,3405680,157604,168528,4221748,8160.731,2125.159,0,4158.613,0,41.865,3117,1904,1.940,2.130,1.370,2,0,31.897,0,0,14,127,0,21,2
25-02 12:32:24,21.999,6.000,71.247,0.250,0,3376908,186620,168528,4221652,29001.741,21430.070,0,595.974,0,33.999,2704,2040,1.940,2.130,1.370,2,0,54.998,0,0,14,126,0,22,2
25-02 12:32:25,23.749,5.000,68.997,1.500,0,3405444,158036,168528,4221700,13680.337,6346.693,23.999,483.977,2.000,24.999,2751,8225,1.940,2.130,1.370,2,0,35.998,0,0,14,127,0,23,2
25-02 12:32:26,20.572,4.516,74.261,0,0,3440716,122620,168528,4221828,23466.543,17425.293,0,268.946,0,16.056,2372,1808,1.860,2.110,1.370,1,0,51.180,0,0,14,126,0,24,2
25-02 12:32:27,16.940,2.491,78.720,0.747,0,3470484,155076,168528,4161164,13973.251,6921.358,11.957,135.518,2.989,15.943,1905,1590,1.860,2.110,1.370,0,0,0.996,0,0,14,129,0,24,2
25-02 12:32:28,25.260,9.003,62.524,2.001,0,3459688,165776,168532,4161256,7961.089,1754.681,40.016,952.370,4.002,94.036,7369,12063,1.860,2.110,1.370,1,0,112.043,0,0,14,136,0,28,2
25-02 12:32:29,18.743,2.249,76.220,2.249,0,3497876,127540,168532,4161304,9197.419,6250.566,0,527.795,0,36.986,1902,1805,1.860,2.110,1.370,1,0,0,0,0,14,137,0,27,2
25-02 12:32:30,19.249,5.500,73.995,0,0,3481436,143956,168532,4161328,24137.381,17362.835,0,379.975,0,20.999,2616,2037,1.860,2.110,1.370,1,0,54.996,0,0,14,136,0,28,2
25-02 12:32:31,15.499,2.000,81.747,0.250,0,3498052,127336,168532,4161332,11356.538,7125.710,0,339.986,0,17.999,1588,1351,1.710,2.080,1.360,0,0,0,0,0,14,137,0,28,2
25-02 12:32:32,20.569,5.518,58.696,13.545,0,3488016,136964,168532,4161724,9340.212,553.851,144.483,4266.257,10.034,363.214,7450,12026,1.710,2.080,1.360,2,1,2.007,0,0,14,140,0,29,2
25-02 12:32:33,20.681,6.229,68.022,4.485,0,3492424,132520,168532,4161756,9923.790,1839.843,0,3141.487,0,191.360,3463,3858,1.710,2.080,1.360,1,0,52.823,0,0,14,139,0,30,2
25-02 12:32:34,17.751,2.250,63.505,15.001,0,3497800,127132,168532,4161768,11650.841,8740.631,0,6160.445,0,630.045,2416,1802,1.710,2.080,1.360,3,0,0,0,0,14,140,0,30,2
25-02 12:32:35,19.246,4.999,70.735,3.749,0,3484096,140812,168532,4161808,8452.232,2437.490,15.997,1747.634,1.000,158.967,5042,7371,1.710,2.080,1.360,1,0,0,0,0,14,140,0,30,2
25-02 12:32:36,31.334,6.518,60.162,1.504,0,3419360,205456,168536,4161896,10051.004,1409.788,0,1692.547,0,107.288,5828,7783,1.820,2.090,1.370,1,0,69.186,0,0,14,139,0,31,2
25-02 12:32:37,19.948,2.992,74.556,1.745,0,3458904,165888,168536,4161920,9579.019,6236.736,0,594.450,0,41.891,2258,2190,1.820,2.090,1.370,1,0,1.995,0,0,14,140,0,31,2
25-02 12:32:38,15.248,7.499,71.992,4.250,0,3378320,246308,168540,4162080,11868.633,4448.488,0,1255.855,0,118.986,4333,5185,1.820,2.090,1.370,2,0,146.983,0,0,14,141,0,32,2
25-02 12:32:39,19.259,2.751,76.034,1.000,0,3432940,191664,168540,4162104,15374.911,6253.811,0,608.273,0,36.016,1857,1444,1.820,2.090,1.370,1,0,0,0,0,14,142,0,32,2
25-02 12:32:40,18.496,3.249,70.984,5.999,0,3436460,188136,168544,4162108,15610.475,6261.586,0,3467.217,0,372.916,3959,4617,1.820,2.090,1.370,2,0,0,0,0,14,142,0,32,2
25-02 12:32:41,30.572,7.518,59.140,2.255,0,3444176,180376,168544,4162152,6217.738,541.283,32.076,2257.351,2.005,123.292,8620,12960,1.830,2.090,1.370,3,0,3.007,0,0,14,144,0,32,2
25-02 12:32:42,35.502,13.501,43.002,6.250,0,3416472,207872,168548,4162324,5994.283,2590.122,0,3780.178,0,281.013,11780,18408,1.830,2.090,1.370,1,1,287.014,0,0,14,143,0,33,2
25-02 12:32:43,18.953,2.743,70.325,6.484,0,3455584,168560,168548,4162492,13672.913,6323.236,0,2789.047,0,154.615,2184,1976,1.830,2.090,1.370,1,0,0,0,0,14,144,0,33,2
25-02 12:32:44,13.524,14.276,70.627,0,0,3440880,183224,168548,4162532,6875.318,2331.177,0,777.393,0,23.041,5034,4254,1.830,2.090,1.370,2,0,302.542,0,0,14,143,0,34,2
25-02 12:32:45,12.747,19.246,67.235,0.250,0,3401644,222424,168548,4162924,4772.943,539.880,0,311.931,0,25.994,6761,6780,1.830,2.090,1.370,1,0,398.912,0,0,14,143,0,34,2
25-02 12:32:46,25.942,17.211,55.376,0,0,3436720,187312,168548,4162608,8675.525,538.790,0,111.749,0,6.984,6395,6646,1.840,2.090,1.380,2,0,375.158,0,0,14,143,0,34,2
25-02 12:32:47,33.794,21.278,43.557,0.501,0,3491004,132648,168560,4163320,6197.124,582.764,60.079,284.373,7.009,27.035,7426,7828,1.840,2.090,1.380,3,0,510.669,0,0,14,145,0,35,2
25-02 12:32:48,37.357,17.049,45.129,0.501,0,3570320,174204,168560,4045192,6846.543,557.592,0,252.721,0,11.031,6327,7228,1.840,2.090,1.380,3,0,380.085,0,0,16,149,0,35,2
25-02 12:32:49,57.749,27.749,13.750,0.250,0,3723480,156796,168568,3911508,8408.838,539.990,16.000,695.987,3.000,45.999,10357,16877,1.840,2.090,1.380,3,0,596.988,0,0,16,155,0,35,2
25-02 12:32:50,53.745,16.748,27.497,0.750,0,3799332,175392,168568,3818004,3908.643,539.951,55.995,599.945,6.999,38.996,8142,12637,1.840,2.090,1.380,5,0,347.968,0,0,16,171,0,35,2
25-02 12:32:51,37.458,22.975,39.207,0,0,3878408,146208,168568,3768820,7594.584,539.402,3.996,1006.884,0.999,22.975,7473,6259,1.940,2.100,1.380,2,0,608.326,0,0,16,173,0,35,0
25-02 12:32:52,20.193,16.454,61.328,0.748,0,3901156,123212,168572,3769500,4884.279,628.235,3.989,550.454,0.997,39.888,7381,9962,1.940,2.100,1.380,2,0,344.034,0,0,17,173,0,35,0
25-02 12:32:53,29.363,21.834,47.684,0.502,0,3950856,180288,168572,3664952,7111.392,542.088,4.015,453.748,1.004,27.104,6461,5801,1.940,2.100,1.380,2,0,527.030,0,0,17,173,0,35,0
25-02 12:32:54,43.494,19.747,35.495,0.750,0,4066584,134736,168584,3596332,5302.214,539.920,31.995,615.909,6.999,39.994,8080,12523,1.940,2.100,1.380,7,0,325.952,0,0,17,185,0,35,0
25-02 12:32:55,29.475,24.479,41.715,2.498,0,4136056,129440,168584,3533636,7769.436,539.544,143.878,2537.856,1.998,318.731,7671,7998,1.940,2.100,1.380,5,1,711.399,0,0,17,185,0,35,0
25-02 12:32:56,25.022,22.269,45.289,6.506,0,4207752,131268,168584,3462020,6523.658,556.483,16.014,3318.878,4.003,150.130,8077,9610,2.100,2.140,1.400,1,0,569.494,0,0,17,191,0,35,0
25-02 12:32:57,15.486,19.232,63.941,0.250,0,4222740,149164,168584,3430508,5088.308,539.503,7.993,171.842,1.998,18.982,7881,9194,2.100,2.140,1.400,2,0,361.667,0,0,17,193,0,34,0
25-02 12:32:58,35.005,11.252,52.008,1.250,0,4307248,146284,168584,3350224,3209.493,540.083,404.062,428.066,8.001,18.003,4280,3463,2.100,2.140,1.400,3,0,122.019,0,0,17,197,0,34,0
25-02 12:32:59,42.157,5.987,45.151,5.737,0,4421480,120420,168584,3263576,9335.508,538.817,594.695,363.203,14.967,28.936,3252,2216,2.100,2.140,1.400,1,0,0.998,0,0,17,197,0,34,0
25-02 12:33:00,33.101,11.284,53.914,1.755,0,4364580,272300,168588,3171276,5680.291,541.649,92.281,601.832,9.027,59.180,4522,4540,2.100,2.140,1.400,4,0,176.537,0,0,17,216,0,34,0
25-02 12:33:01,32.737,21.742,33.737,10.496,0,4434376,200584,168596,3173188,7804.012,1292.505,919.648,11651.539,9.996,857.672,9713,10734,2.330,2.180,1.420,2,0,469.820,0,0,17,222,0,34,0
25-02 12:33:02,36.672,22.951,36.422,2.495,0,4432508,200984,168608,3175124,13330.540,8543.759,658.594,582.756,13.970,40.913,8123,11190,2.330,2.180,1.420,2,0,501.928,0,0,17,227,0,33,0
25-02 12:33:03,63.388,14.782,20.795,1.002,0.251,4590156,125160,168620,3096372,9199.037,2931.385,36.079,857.869,5.011,12.026,5597,5747,2.330,2.180,1.420,4,0,155.338,0,0,17,229,0,33,0
25-02 12:33:04,52.635,9.729,22.700,13.471,0,4564412,224420,168636,3023940,14001.359,8982.343,1516.681,1504.707,48.893,85.812,5378,5585,2.330,2.180,1.420,1,2,30.932,0,0,17,244,0,34,0
25-02 12:33:05,50.070,10.264,18.025,21.530,0,4683688,139128,168716,2991312,5305.381,2509.491,6052.420,1574.190,446.621,214.298,5674,6115,2.330,2.180,1.420,4,0,24.033,0,0,17,245,0,34,0
25-02 12:33:06,40.297,18.021,38.295,2.002,0,4649552,211912,168728,2953596,16751.627,9678.340,256.300,1918.248,18.021,84.099,7754,10471,2.230,2.160,1.420,3,0,411.482,0,0,17,245,0,39,0
25-02 12:33:07,42.007,20.503,35.756,1.250,0,4719256,140212,168728,2955984,9270.560,2506.422,0,10057.693,0,60.010,7212,10501,2.230,2.160,1.420,1,0,380.064,0,0,17,246,0,39,0
25-02 12:33:08,47.480,23.990,27.738,0.500,0,4702516,243568,168732,2871236,15938.308,9465.026,15.993,839.647,3.998,54.977,7633,8585,2.230,2.160,1.420,6,0,540.773,0,0,17,245,0,41,0
25-02 12:33:09,59.423,20.723,15.480,2.996,0,4790060,152656,168748,2874596,8110.435,1997.398,1110.553,4062.708,50.934,37.951,7877,10555,2.230,2.160,1.420,3,0,294.616,0,0,17,248,0,43,0
25-02 12:33:10,51.337,25.543,21.537,1.503,0,4889516,165744,168752,2763556,17973.588,9992.005,72.123,1987.382,8.014,91.155,8720,11464,2.230,2.160,1.420,3,0,590.004,0,0,17,255,0,32,0
25-02 12:33:11,57.065,20.185,19.935,1.246,0,4933428,150124,168756,2736288,9869.029,538.256,566.166,853.236,32.893,52.829,9400,15523,2.610,2.240,1.450,4,0,302.022,0,0,17,263,0,33,0
25-02 12:33:12,60.906,14.287,23.560,0.752,0,5050636,131064,168764,2640456,15649.086,11402.207,497.274,573.469,9.023,38.098,9919,18379,2.610,2.240,1.450,3,0,114.293,0,0,17,264,0,33,0
25-02 12:33:13,56.899,8.485,27.451,6.738,0,5106124,129504,168764,2587996,10110.043,7222.172,1213.844,982.255,74.867,48.913,5458,6125,2.610,2.240,1.450,4,1,14.973,0,0,17,268,0,39,0
25-02 12:33:14,53.613,11.274,32.318,2.004,0,5020988,261180,168792,2542656,20603.238,13846.058,1306.742,789.657,36.076,68.143,5974,7097,2.610,2.240,1.450,5,0,118.248,0,0,17,273,0,40,0
25-02 12:33:15,45.232,26.989,24.240,3.249,0,5104128,174224,169060,2546164,8050.716,2546.961,4390.209,1690.310,63.974,72.970,8383,9712,2.610,2.240,1.450,5,0,626.744,0,0,17,274,0,40,0
25-02 12:33:16,52.655,19.215,26.452,0.250,0,5110820,166940,169064,2547048,13232.016,9514.754,830.495,2962.630,11.978,197.642,8282,12047,2.560,2.240,1.450,5,0,271.508,0,0,18,273,0,41,0
25-02 12:33:17,80.281,14.256,1.000,4.252,0,5224396,144912,169064,2458928,10254.977,540.210,2096.813,1044.405,86.033,33.013,5688,4018,2.560,2.240,1.450,3,2,127.049,0,0,18,276,0,41,0
25-02 12:33:18,72.913,9.738,10.238,6.742,0,5313540,132864,169080,2384940,19667.550,11424.379,2856.594,1454.266,131.843,79.905,6253,6002,2.560,2.240,1.450,5,0,11.986,0,0,18,280,0,41,0
25-02 12:33:19,62.183,15.483,18.230,3.246,0,5338516,132428,169104,2361044,8058.266,1090.818,1314.575,1490.385,40.956,134.854,7147,10980,2.560,2.240,1.450,3,0,227.753,0,0,18,284,0,42,0
25-02 12:33:20,33.323,7.767,56.875,1.002,0,5344484,151256,169112,2337048,27653.961,13613.009,777.714,741.635,8.018,62.137,4314,4744,2.560,2.240,1.450,6,0,11.024,0,0,18,291,0,43,0
25-02 12:33:21,43.589,9.770,40.332,5.261,0,5332728,146992,169116,2353032,16579654.733,121022.091,817.663,721.467,9.018,51.104,8701,5795,2.520,2.240,1.450,4,0,27.055,0,0,18,295,0,43,1
25-02 12:33:22,35.545,12.428,35.545,14.417,0,5373480,125876,169116,2333980,17995.035,9899.804,2787.893,5695.097,30.822,683.054,6048,5863,2.520,2.240,1.450,4,0,250.552,0,0,18,295,0,41,0
25-02 12:33:23,32.435,4.777,56.069,5.531,0,5369868,159500,169116,2304812,19830.890,10767.295,0,9236.581,0,62.355,3423,3104,2.520,2.240,1.450,2,0,6.034,0,0,18,302,0,43,0
25-02 12:33:24,30.592,3.979,57.951,5.969,0,5404396,124208,169116,2305576,110277.359,4094276.005,509.373,1349.044,27.856,85.559,5222,6266,2.520,2.240,1.450,0,0,2.985,0,0,18,305,0,45,0
25-02 12:33:25,14.255,6.002,75.776,2.501,0,5328968,199452,169116,2305888,323860.707,12288893.670,176.061,3493.216,9.003,68.024,4644,9843,2.520,2.240,1.450,0,0,73.025,0,0,18,304,0,47,0
25-02 12:33:26,1.500,0.750,95.993,0,0,5329196,199216,169116,2305768,5068.622,581.957,0,371.972,0,21.998,1296,1967,2.310,2.200,1.450,0,0,0,0,0,18,304,0,43,0
25-02 12:33:27,8.514,1.252,87.398,1.252,0,5332660,195604,169116,2305916,7845115.964,26050.187,0,1089.849,0,61.104,4710,4820,2.310,2.200,1.450,1,0,0,0,0,18,308,0,43,0
25-02 12:33:28,18.053,4.262,64.689,12.035,0,5252232,259736,169124,2322172,8706372.706,36327.907,224.655,12817.366,11.032,721.102,7280,6774,2.310,2.200,1.450,1,0,35.102,0,0,18,306,0,46,0
25-02 12:33:29,13.196,15.436,69.464,0.747,0,5295596,216268,169124,2322244,3995.537,537.784,11.951,135.442,0.996,11.951,5493,5247,2.310,2.200,1.450,1,0,429.231,0,0,18,306,0,46,0
25-02 12:33:30,18.798,8.522,71.431,0.752,0,5327192,184652,169124,2322264,9094.046,541.372,0,637.616,0,37.094,3551,2939,2.310,2.200,1.450,1,0,105.267,0,0,18,306,0,41,0
25-02 12:33:31,9.769,19.287,69.633,0.250,0,5320996,190808,169124,2322304,5982.401,541.031,0,392.748,0,37.071,6396,5627,2.210,2.180,1.440,2,0,396.756,0,0,18,308,0,41,0
25-02 12:33:32,4.481,6.970,85.379,0.996,0,5319488,192188,169124,2322432,8445.283,537.662,95.584,16476.366,5.974,66.710,3361,3584,2.210,2.180,1.440,0,0,171.255,0,0,18,312,0,41,0
25-02 12:33:33,16.050,3.511,80.248,0,0,5322204,189472,169124,2322432,9161.317,541.674,0,120.372,0,15.047,2082,2012,2.210,2.180,1.440,2,0,9.028,0,0,18,312,0,41,0
25-02 12:33:34,17.444,1.744,77.752,0.748,0,5341268,170320,169124,2322520,16605.130,9443.931,63.797,0,3.987,0,2398,2378,2.210,2.180,1.440,2,0,2.990,0,0,18,316,0,40,0
25-02 12:33:35,12.541,15.551,70.482,1.003,0,5318636,192820,169128,2322600,5178.034,487.604,12.040,120.396,3.010,12.040,5210,4197,2.210,2.180,1.440,1,0,231.762,0,0,18,316,0,40,0
25-02 12:33:36,11.500,17.000,68.750,1.500,0,5305736,205388,169128,2322916,4088.002,540.000,0,6028.003,0,188.000,5722,4508,2.110,2.160,1.440,2,0,233.000,0,0,18,316,0,40,0
25-02 12:33:37,19.194,9.223,67.554,2.243,0,5355568,155416,169128,2323040,5226.839,538.438,3.988,382.889,0.997,35.896,4359,4267,2.110,2.160,1.440,2,0,136.604,0,0,18,316,0,40,0
25-02 12:33:38,24.480,3.747,68.945,1.749,0,5372316,169080,169128,2293520,9338.503,539.567,167.865,415.666,3.997,43.965,2712,2653,2.110,2.160,1.440,1,0,1.998,0,0,18,320,0,38,0
25-02 12:33:39,22.264,3.002,71.295,2.001,0,5313152,228056,169128,2293708,8454.355,540.342,284.180,408.259,11.007,43.027,2792,2739,2.110,2.160,1.440,2,0,9.006,0,0,18,320,0,38,0
25-02 12:33:40,22.743,2.749,72.476,1.250,0,5377252,163824,169128,2293840,8132.350,539.824,23.992,259.915,3.999,11.996,2242,1991,2.110,2.160,1.440,1,0,0,0,0,18,320,0,38,0
25-02 12:33:41,20.054,4.261,73.447,2.005,0,5409332,131720,169128,2293864,8475.748,6190.615,0,12329.089,0,59.159,2772,2852,2.020,2.140,1.440,0,0,3.008,0,0,18,325,0,38,0
25-02 12:33:42,22.686,4.487,71.548,0,0,5297060,243964,169128,2293876,11948.300,2050.217,0,63.820,0,5.983,2614,2270,2.020,2.140,1.440,1,0,17.949,0,0,18,322,0,39,0
25-02 12:33:43,25.248,2.000,71.993,0.250,0,5332592,208432,169128,2293876,5761.466,485.955,0,135.987,0,12.999,2251,1920,2.020,2.140,1.440,2,0,0,0,0,18,322,0,38,0
25-02 12:33:44,10.031,17.555,69.718,1.755,0,5319272,221360,169132,2294280,4458.924,541.692,417.303,573.792,9.028,32.100,6245,5777,2.020,2.140,1.440,2,0,473.479,0,0,18,322,0,38,0
25-02 12:33:45,19.522,7.008,71.582,0.250,0,5367168,173276,169300,2294300,12026.723,540.617,144.164,0,7.008,0,3442,2864,2.020,2.140,1.440,1,0,128.146,0,0,18,322,0,38,0
25-02 12:33:46,18.421,2.489,76.672,1.494,0,5359348,176036,169860,2298704,14543.763,2877.685,127.455,712.949,3.983,8.962,2104,1876,1.940,2.120,1.440,1,0,16.928,0,0,18,322,0,38,0
25-02 12:33:47,20.750,3.250,74.001,1.000,0,5365408,168560,169936,2300012,7858.065,1990.017,0,504.004,0,13.000,2405,2177,1.940,2.120,1.440,0,0,18.000,0,0,18,323,0,37,0
25-02 12:33:48,22.004,4.001,70.261,1.750,0,5364824,163352,170464,2305144,12027.946,2317.375,64.010,1336.216,3.000,43.007,10867,20000,1.940,2.120,1.440,2,0,7.001,0,0,18,322,0,37,0
25-02 12:33:49,18.586,4.270,75.851,1.256,0,5370116,157292,170532,2305828,15058.621,3497.169,28.130,703.251,3.014,17.079,2327,2141,1.940,2.120,1.440,1,0,11.051,0,0,18,323,0,37,0
25-02 12:33:50,22.999,5.500,69.497,0.250,0,5350404,176880,170576,2305908,9739.570,539.976,0,459.980,0,9.000,10445,18968,1.940,2.120,1.440,1,0,15.999,0,0,18,323,0,37,0
25-02 12:33:51,15.180,13.438,68.685,1.742,0,5302108,234948,170672,2296040,5248.907,656.984,7.963,1321.932,1.991,55.744,5093,4699,1.940,2.120,1.440,2,0,267.771,0,0,18,322,0,36,0
25-02 12:33:52,24.747,3.250,70.741,0.500,0,5348540,188344,170672,2296212,3440.542,539.928,0,347.954,0,35.995,2595,2641,1.940,2.120,1.440,2,0,3.000,0,0,18,322,0,36,0
25-02 12:33:53,17.803,5.015,71.962,4.012,0,5327552,209288,170672,2296256,17758.371,10838.965,20.059,2415.122,2.006,136.402,3292,3279,1.940,2.120,1.440,3,0,58.172,0,0,18,322,0,39,0
25-02 12:33:54,21.692,4.987,70.061,1.995,0,5384932,151896,170672,2296268,6113.532,779.899,0,3055.769,0,438.818,2991,2495,1.940,2.120,1.440,1,0,63.828,0,0,18,322,1,39,0
25-02 12:33:55,16.315,5.271,77.059,0,0,5376244,160440,170672,2296412,12293.288,8957.916,0,337.353,0,17.068,2876,2701,1.940,2.120,1.440,1,0,70.282,0,0,18,322,0,40,0
25-02 12:33:56,19.671,2.988,75.197,0.747,0,5390656,145980,170672,2296460,9683.928,2913.246,7.968,211.148,1.992,7.968,2270,2165,1.870,2.100,1.440,2,0,0,0,0,18,323,0,40,0
25-02 12:33:57,19.734,4.996,73.440,0.749,0,5347016,189588,170672,2296492,15618.337,11171.942,15.987,75.938,0.999,2.998,3006,2649,1.870,2.100,1.440,1,0,55.955,0,0,18,322,0,41,0
25-02 12:33:58,20.507,3.001,74.025,2.001,0,5377200,159312,170672,2296584,13067.336,6255.075,80.027,228.076,5.002,20.007,2468,2408,1.870,2.100,1.440,7,0,2.001,0,0,18,323,0,41,0
25-02 12:33:59,20.602,4.522,73.111,0,0,5387116,149368,170672,2296612,12850.371,5018.750,12.059,0,1.005,0,2744,2519,1.870,2.100,1.440,2,0,32.159,0,0,18,322,0,44,0
25-02 12:34:00,20.739,3.498,74.462,0,0,5389692,146744,170672,2296660,9379.239,6698.600,15.992,0,0.999,0,3559,5370,1.870,2.100,1.440,2,0,0,0,0,18,323,0,44,0
25-02 12:34:01,16.748,4.999,74.490,2.750,0,5330564,205716,170672,2296816,15349.846,5340.251,31.996,531.925,2.000,49.993,3911,4415,1.800,2.080,1.430,1,0,47.993,0,0,18,322,0,45,0
25-02 12:34:02,22.891,2.986,71.409,1.244,0,5346644,189616,170672,2296836,12446.511,6223.255,0,354.307,0,30.853,3151,2994,1.800,2.080,1.430,1,0,0.995,0,0,18,323,0,45,0
25-02 12:34:03,21.751,5.000,72.505,0,0,5319416,216836,170672,2296844,13487.928,5048.347,0,156.011,0,8.001,2886,2513,1.800,2.080,1.430,1,0,32.002,0,0,18,322,0,47,0
25-02 12:34:04,17.759,2.251,78.541,0,0,5349108,187140,170672,2296848,16252.555,8343.392,0,168.088,0,11.006,2250,2089,1.800,2.080,1.430,0,0,0,0,0,18,323,0,47,0
25-02 12:34:05,11.001,7.751,77.008,2.500,0,5327644,208360,170808,2296956,12565.262,4520.454,136.014,408.041,4.000,40.004,4154,4238,1.800,2.080,1.430,0,0,180.018,0,0,18,323,1,48,0
25-02 12:34:06,2.499,1.500,91.975,3.249,0,5331692,203316,171212,2297548,11880.725,3072.153,987.728,271.925,246.932,11.997,1573,2248,1.650,2.050,1.430,0,0,0,0,0,18,324,0,48,0
25-02 12:34:07,6.250,8.249,79.995,3.750,0,5333996,200960,171212,2297600,19409.711,4012.734,0,2075.862,0,144.990,3777,3960,1.650,2.050,1.430,0,0,127.992,0,0,18,326,0,43,0
25-02 12:34:08,8.502,11.753,76.018,2.251,0,5312968,221644,171216,2297924,4954.196,1014.245,248.060,460.111,18.004,23.006,4298,4036,1.650,2.050,1.430,0,1,208.050,0,0,18,324,0,44,0
25-02 12:34:09,18.013,3.002,71.550,6.004,0,5319052,207120,171352,2306228,8912.252,540.379,536.376,796.559,57.040,13.009,2252,2064,1.650,2.050,1.430,1,0,6.004,0,0,18,324,0,44,0
25-02 12:34:10,18.491,2.249,72.713,5.747,0.250,5330428,188436,171536,2313256,14155.869,3215.380,3.998,2814.582,0.999,327.835,2486,2160,1.650,2.050,1.430,1,0,15.992,0,0,18,326,0,44,0
25-02 12:34:11,13.757,5.503,73.537,5.503,0,5319188,199212,171544,2313708,12834.518,2469.254,212.108,2169.102,6.003,89.045,3432,3620,1.600,2.030,1.420,0,1,49.025,0,0,18,324,0,38,0
25-02 12:34:12,15.246,11.247,69.734,2.000,0,5303820,213036,171544,2315252,9657.757,539.875,751.825,1619.624,9.998,53.987,4875,4551,1.600,2.030,1.420,1,0,256.940,0,0,18,324,0,38,0
25-02 12:34:13,20.199,2.992,75.558,0.249,0,5342992,173736,171544,2315380,12760.616,6237.171,0,135.656,0,15.959,2362,2157,1.600,2.030,1.420,1,0,0,0,0,18,325,0,38,0
25-02 12:34:14,21.046,5.011,72.659,0,0,5384292,132412,171544,2315404,22360.001,17402.136,0,4.009,0,1.002,2883,2678,1.600,2.030,1.420,2,0,47.103,0,0,18,324,0,40,0
25-02 12:34:15,19.250,2.500,75.751,2.000,0,5336112,210172,171544,2286684,12178.217,8106.144,160.003,224.004,10.000,27.000,2485,2411,1.600,2.030,1.420,1,0,0,0,0,18,325,0,33,0
25-02 12:34:16,21.256,3.751,72.270,1.250,0,5311508,234600,171544,2286860,5483.480,1816.490,208.056,0,12.003,0,2384,2106,1.550,2.010,1.420,1,0,14.004,0,0,18,324,0,34,0
25-02 12:34:17,15.743,2.249,78.463,2.249,0,5331152,214792,171544,2287024,15292.738,7086.635,127.939,407.806,6.997,32.984,2483,2792,1.550,2.010,1.420,0,1,0,0,0,18,327,0,34,0
25-02 12:34:18,21.754,4.251,63.511,9.502,0,5322648,221552,171544,2288768,7398.317,1780.317,1840.328,1324.236,71.013,144.026,5254,7409,1.550,2.010,1.420,1,0,6.001,0,0,18,328,0,35,0
25-02 12:34:19,20.002,2.500,75.756,0.500,0,5377028,167016,171544,2288924,13504.148,6253.532,0,364.031,0,23.002,2384,2325,1.550,2.010,1.420,2,0,0,0,0,18,329,0,32,0
25-02 12:34:20,19.249,4.500,68.248,7.000,0,5376992,167016,171544,2288960,12778.549,5651.801,63.998,3803.866,3.000,275.990,5284,7467,1.550,2.010,1.420,2,0,0,0,0,18,329,0,32,0
25-02 12:34:21,11.552,20.091,66.803,0.502,0,5347396,196500,171544,2289072,8260.444,675.060,0,815.697,0,66.301,7184,7219,1.510,1.990,1.420,3,0,682.092,0,0,18,328,0,33,0
25-02 12:34:22,8.248,22.495,66.237,1.000,0,5336348,207508,171544,2289112,7179.554,485.902,0,2163.564,0,62.987,7746,8062,1.510,1.990,1.420,1,0,758.847,0,0,18,328,0,33,0
25-02 12:34:23,8.252,22.005,66.014,2.501,0,5333424,210400,171544,2289144,4707.033,540.118,0,328.072,0,29.006,7062,6639,1.510,1.990,1.420,2,0,673.148,0,0,18,328,0,30,0
25-02 12:34:24,9.243,22.233,67.949,0,0,5331976,211808,171544,2289184,8766.448,539.597,0,239.821,0,22.983,7306,6684,1.510,1.990,1.420,3,0,669.500,0,0,18,328,0,30,0
25-02 12:34:25,12.246,23.492,62.478,0.250,0,5302680,241072,171544,2289232,5940.923,633.778,0,239.916,0,21.992,7887,18429,1.510,1.990,1.420,2,0,737.742,0,0,18,328,0,31,0
25-02 12:34:26,13.458,14.205,69.033,1.246,0,5309680,266256,171556,2258884,3555.842,538.311,15.950,514.386,3.987,29.906,5521,5225,1.390,1.960,1.410,1,0,353.889,0,0,18,328,0,31,0
25-02 12:34:27,21.240,5.247,70.966,1.999,0,5342120,297616,171956,2203228,7333.447,539.738,3.998,2754.665,1.000,16.992,2494,2382,1.390,1.960,1.410,4,0,3.998,0,0,18,328,0,31,0
25-02 12:34:28,16.319,2.008,78.831,2.008,0,5343732,294596,171956,2204704,18492.710,5861.632,172.726,1140.794,22.093,23.097,2177,2094,1.390,1.960,1.410,2,0,16.068,0,0,18,329,0,27,0
25-02 12:34:29,12.700,1.245,79.687,5.229,0,5354516,282896,171956,2205616,21520.404,10743.766,697.259,1115.615,41.836,38.847,1998,2118,1.390,1.960,1.410,0,0,0.996,0,0,18,329,0,27,0
25-02 12:34:30,15.504,1.750,78.019,3.751,0,5383644,252536,171956,2206848,20359.841,9922.359,912.217,1588.378,43.010,70.017,2303,2556,1.390,1.960,1.410,1,0,0,0,0,18,329,0,27,0
25-02 12:34:31,13.496,0.750,79.474,4.499,0,5381512,253728,171956,2207784,21388.993,11557.214,731.760,1503.507,51.983,68.977,2235,2539,1.360,1.940,1.410,1,0,0,0,0,18,329,0,27,0
25-02 12:34:32,16.249,2.000,73.994,6.499,0,5397016,237132,171956,2208872,23033.003,10628.078,667.942,3015.739,33.997,151.987,2418,2741,1.360,1.940,1.410,1,0,1.000,0,0,18,329,0,24,0
25-02 12:34:33,15.747,2.999,68.988,11.498,0,5407208,197188,171956,2238624,10657.078,3026.454,11761.879,1959.647,125.977,84.985,2301,2336,1.360,1.940,1.410,2,0,2.999,0,0,18,329,0,24,0
25-02 12:34:34,38.263,7.503,46.766,6.502,0,5461848,131172,171956,2249896,8745.933,540.181,768.258,1552.521,6.002,43.014,3625,2623,1.360,1.940,1.410,2,0,9.003,0,0,18,329,0,24,0
25-02 12:34:35,27.097,3.513,66.738,2.258,0,5450632,126424,171964,2265556,4022.353,541.934,256.917,1228.383,2.007,36.129,2707,2403,1.360,1.940,1.410,1,0,1.004,0,0,18,329,0,24,0
25-02 12:34:36,19.926,2.491,71.237,4.733,0,5424984,161176,171964,2257140,7402.642,538.012,0,2626.294,0,126.532,2696,2784,1.410,1.950,1.410,0,1,0,0,0,18,329,0,23,0
25-02 12:34:37,17.510,2.501,64.788,14.258,0,5413588,160460,171964,2268996,5238.048,540.314,0,5195.023,0,323.188,2894,3055,1.410,1.950,1.410,1,1,2.001,0,0,18,329,0,23,0
25-02 12:34:38,16.742,1.999,70.715,8.995,0,5418564,136532,172040,2287804,4095.949,485.757,0,5517.237,0,234.882,2689,2882,1.410,1.950,1.410,1,0,0,0,0,18,329,0,23,0
25-02 12:34:39,21.752,3.000,71.505,2.250,0,5372484,194748,172360,2275220,4428.319,714.051,0,1532.110,0,44.003,2436,2234,1.410,1.950,1.410,2,0,2.000,0,0,18,328,0,23,0
25-02 12:34:40,18.500,3.500,73.749,3.750,0,5423636,139096,172416,2279644,13444.760,2781.950,0,1651.970,0,39.999,2557,2577,1.410,1.950,1.410,1,0,32.999,0,0,18,328,0,23,1
25-02 12:34:41,21.747,3.500,70.742,2.750,0,5418968,142416,172436,2280944,11436.684,1985.772,0,1823.790,0,277.968,2999,2745,1.380,1.930,1.410,0,1,18.998,0,0,18,329,0,23,0
25-02 12:34:42,21.511,5.002,70.785,1.501,0,5411532,143920,172856,2286316,10614.202,2318.136,0,2149.053,0,155.076,10609,19126,1.380,1.930,1.410,1,0,15.007,0,0,18,328,0,23,0
25-02 12:34:43,22.253,6.751,64.759,3.250,0,5400912,154220,172904,2286564,5631.740,540.071,0,16134.120,0,163.021,10423,18883,1.380,1.930,1.410,1,0,13.002,0,0,18,328,0,23,0
25-02 12:34:44,20.734,4.746,71.194,3.247,0,5306192,260248,172936,2275344,9902.153,539.572,0,899.287,0,17.986,2527,2245,1.380,1.930,1.410,3,0,16.987,0,0,18,328,0,22,0
25-02 12:34:45,23.510,5.002,69.528,0,0,5344132,222292,172936,2275360,9021.680,528.215,0,0,0,0,11880,20870,1.380,1.930,1.410,1,0,48.020,0,0,18,328,0,22,0
25-02 12:34:46,18.745,3.499,76.481,0.750,0,5385780,175232,172936,2280764,12034.047,2715.334,0,919.774,0,5.999,2261,1991,1.270,1.900,1.400,1,0,32.992,0,0,18,329,0,22,0
25-02 12:34:47,21.743,2.749,72.475,1.499,0.250,5375472,185228,172936,2281076,7861.310,2051.298,0,387.867,0,8.997,2433,2171,1.270,1.900,1.400,0,0,18.994,0,0,18,329,0,22,0
25-02 12:34:48,20.013,4.253,72.297,1.501,0,5374772,180596,172936,2286316,9761.319,2384.544,0,1228.795,0,24.016,10773,19990,1.270,1.900,1.400,1,0,11.007,0,0,18,328,0,22,0
25-02 12:34:49,22.065,6.519,69.705,0,0,5369348,185644,172980,2286648,8694.630,541.596,0,168.497,0,2.006,10640,19345,1.270,1.900,1.400,2,0,20.059,0,0,18,328,0,22,0
25-02 12:34:50,21.512,4.503,71.290,2.251,0,5338088,228188,173004,2275404,7859.401,540.303,32.018,1428.800,1.001,43.024,2623,2644,1.270,1.900,1.400,1,0,9.005,0,0,18,328,0,22,0
25-02 12:34:51,22.665,4.483,70.733,0.996,0,5332440,233816,173004,2275424,5298.025,537.972,0,326.768,0,20.921,3676,3668,1.240,1.880,1.400,2,0,109.587,0,0,18,328,0,22,0
25-02 12:34:52,23.510,4.002,69.279,2.501,0,5346620,209412,173004,2285604,7410.089,540.225,0,1812.756,0,34.014,2957,3037,1.240,1.880,1.400,1,0,6.003,0,0,18,328,0,22,0
25-02 12:34:53,17.747,2.749,77.985,0.750,0,5362516,192780,173004,2286308,18043.628,7198.655,0,951.822,0,29.994,2322,2148,1.240,1.880,1.400,1,0,21.996,0,0,18,329,0,22,0
25-02 12:34:54,11.995,0.750,81.718,2.999,0,5362852,192024,173008,2286724,54200.853,15348.012,0,1755.315,0,73.971,2099,2528,1.240,1.880,1.400,1,0,0,0,0,18,330,0,22,0
25-02 12:34:55,14.504,1.751,80.774,2.001,0,5392220,162304,173028,2287036,133516.944,12868.754,0,1696.495,0,71.021,2112,2166,1.240,1.880,1.400,1,0,0,0,0,18,330,0,22,0
25-02 12:34:56,16.751,1.500,79.005,2.250,0,5389752,164320,173164,2287324,27573.742,12978.820,0,1652.104,0,63.004,2133,2158,1.140,1.850,1.390,1,0,0,0,0,18,330,0,18,0
25-02 12:34:57,11.734,1.498,80.142,4.744,0,5402400,150880,173392,2287876,330330.053,17963.803,0,2113.154,0,83.887,2049,2249,1.140,1.850,1.390,0,0,0,0,0,18,330,0,18,0
25-02 12:34:58,9.510,1.752,81.588,6.257,0,5401788,150764,173644,2288320,87366.747,15797.952,132.142,2230.393,10.011,91.098,2029,2323,1.140,1.850,1.390,0,0,2.002,0,0,18,330,0,18,0
25-02 12:34:59,10.522,2.505,78.166,7.015,0,5397500,137312,173732,2305964,4882142.343,42809.125,0,13520.781,0,125.267,3512,2685,1.140,1.850,1.390,0,0,2.004,0,0,18,330,0,18,0
25-02 12:35:00,7.234,3.492,69.100,18.709,0,5389804,147156,173844,2305224,12406393.065,93162.310,195.577,16951.302,4.989,122.734,6406,4694,1.140,1.850,1.390,0,0,2.994,0,0,18,330,0,14,0
25-02 12:35:01,17.006,2.751,73.527,6.252,0,5391964,138532,174176,2311444,506834.372,4997.808,0,2584.935,0,99.036,2792,2805,1.130,1.840,1.390,1,0,4.001,0,0,18,330,0,14,0
25-02 12:35:02,18.747,2.500,66.490,10.748,0,5381728,133860,177256,2322956,6793.960,539.917,0,5035.229,0,219.966,2553,2510,1.130,1.840,1.390,2,0,1.000,0,0,18,330,0,14,0
25-02 12:35:03,25.756,4.501,67.016,2.251,0,5405880,124768,177648,2308104,7208.697,540.127,4.001,1524.359,1.000,42.010,4308,5972,1.130,1.840,1.390,2,0,1.000,0,0,18,330,0,14,0
25-02 12:35:04,20.995,2.749,69.234,5.499,0,5412824,119768,178100,2305356,7309.350,539.878,0,1911.568,0,76.983,3012,3019,1.130,1.840,1.390,1,1,0,0,0,18,330,0,12,0
25-02 12:35:05,10.507,3.753,55.538,29.270,0,5428516,117352,178412,2292028,7151.862,540.367,8.005,30232.554,2.001,288.196,3000,3423,1.130,1.840,1.390,1,0,0,0,0,18,330,0,12,0
25-02 12:35:06,17.248,3.250,71.992,5.499,0,5428104,119632,179116,2289832,7528.150,539.939,0,2267.744,0,77.991,2400,2379,1.120,1.820,1.390,1,0,0,0,0,18,330,0,12,0
25-02 12:35:07,20.751,2.500,67.755,7.751,0,5429436,122640,179672,2284784,9492.672,540.038,0,2192.155,0,95.007,3079,3452,1.120,1.820,1.390,2,0,2.000,0,0,18,330,0,12,0
25-02 12:35:08,21.250,2.250,70.750,5.000,0,5429156,114936,180952,2290980,7574.967,539.998,0,12399.946,0,73.000,2558,2543,1.120,1.820,1.390,1,0,0,0,0,18,330,0,12,0
25-02 12:35:09,12.489,3.497,65.194,16.985,0,5431768,156320,181520,2246512,3751.753,485.580,3.997,17117.184,0.999,179.844,2425,2650,1.120,1.820,1.390,0,1,0,0,0,18,330,0,9,0
25-02 12:35:10,12.759,2.502,57.289,26.018,0,5418596,158956,181780,2256636,3600.453,540.368,32.022,18864.855,1.001,272.185,2612,2983,1.120,1.820,1.390,1,1,0,0,0,18,330,0,9,0
25-02 12:35:11,7.745,2.249,57.214,31.230,0,5416516,158492,181964,2258940,7433.287,539.658,0,19039.928,0,179.886,2504,3009,1.190,1.830,1.390,1,4,0,0,0,18,330,0,9,0
25-02 12:35:12,6.773,2.508,59.699,30.351,0,5417392,155036,182244,2261220,7307.373,541.807,8.027,40298.411,2.007,182.609,1907,2287,1.190,1.830,1.390,2,1,1.003,0,0,18,330,0,9,0
25-02 12:35:13,11.713,3.489,66.039,17.195,0,5412008,194364,182252,2227180,12902.732,3190.794,3.987,21686.637,0.997,339.913,2470,2497,1.190,1.830,1.390,1,0,0,0,0,18,328,0,9,0
25-02 12:35:14,20.001,5.500,70.753,2.500,0,5352716,253768,182280,2227056,12083.589,1878.092,0,32621.590,0,323.016,3244,3202,1.190,1.830,1.390,1,0,35.002,0,0,18,329,0,9,0
25-02 12:35:15,7.248,2.749,57.237,31.743,0,5361136,239684,182504,2232496,10207.618,1377.679,0,23790.448,0,289.932,1950,2291,1.190,1.830,1.390,0,1,0,0,0,18,329,0,9,0
25-02 12:35:16,22.005,4.751,71.015,0.250,0,5355704,244756,182596,2232764,6311.321,1736.363,0,26645.575,0,358.075,3295,3096,1.260,1.830,1.390,0,0,19.004,0,0,18,329,0,9,0
25-02 12:35:17,3.251,1.500,53.508,41.256,0,5356672,243760,182596,2232792,11483.774,2471.382,0,21999.399,0,578.089,1744,1975,1.260,1.830,1.390,0,1,0,0,0,18,329,0,5,0
25-02 12:35:18,21.038,4.258,69.377,2.755,0,5352380,241604,183128,2238148,6118.166,757.382,0,9922.109,0,33.060,10799,19802,1.260,1.830,1.390,1,0,14.026,0,0,18,328,0,5,0
25-02 12:35:19,22.707,4.991,69.369,0.749,0,5355852,237852,183184,2238308,8222.489,538.983,0,83.842,0,0.998,11439,20599,1.260,1.830,1.390,1,0,5.989,0,0,18,328,0,5,0
25-02 12:35:20,20.500,6.500,68.501,4.250,0,5356368,237096,183228,2238472,5604.120,540.012,32.001,92.002,1.000,3.000,2454,2093,1.260,1.830,1.390,0,4,14.000,0,0,18,328,0,5,0
25-02 12:35:21,20.002,3.750,61.255,13.001,0,5324588,280164,183228,2227600,7918.681,540.046,248.021,5940.511,4.000,154.013,3044,3403,1.240,1.810,1.390,1,0,6.001,0,0,18,328,0,3,0
25-02 12:35:22,19.007,3.251,65.274,11.504,0,5346608,255588,183232,2230152,5289.982,540.202,300.112,2272.851,8.003,55.021,2773,3333,1.240,1.810,1.390,2,0,3.001,0,0,18,329,0,3,0
25-02 12:35:23,18.741,3.748,66.218,9.995,0,5345396,256212,183232,2230740,7854.156,539.736,383.812,1807.116,20.990,249.878,6292,9051,1.240,1.810,1.390,0,1,0,0,0,18,331,0,8,0
25-02 12:35:24,16.827,9.293,62.788,9.795,0,5287988,312904,183232,2231456,9768.817,488.240,466.139,3343.338,22.101,350.608,6691,8823,1.240,1.810,1.390,1,0,165.760,0,0,18,330,0,8,0
25-02 12:35:25,12.248,14.498,65.491,6.249,0,5307664,292256,183232,2233596,4093.439,633.913,939.871,495.932,12.998,32.995,5289,6599,1.240,1.810,1.390,4,0,308.958,0,0,18,330,0,10,0
25-02 12:35:26,8.000,4.250,68.750,18.000,0,5274184,313420,183308,2244668,10188.070,540.004,12336.085,744.005,1235.009,14.000,3766,11634,1.220,1.800,1.390,1,0,12.000,0,0,18,330,0,11,0
25-02 12:35:27,8.467,3.985,67.987,17.184,0,5285008,272856,183308,2274408,6700.116,1088.794,29601.641,3490.515,2217.434,133.484,4534,6962,1.220,1.800,1.390,1,0,5.977,0,0,18,331,0,11,0
25-02 12:35:28,2.248,0.749,94.914,1.249,0,5285008,272856,183308,2274408,8502.253,1674.474,0,131.880,0,13.987,1268,1949,1.220,1.800,1.390,0,0,0,0,0,18,331,0,11,0
25-02 12:35:29,3.250,0.750,95.014,0,0,5285260,272604,183308,2274408,47697.067,5025.745,0,232.034,0,37.005,1508,1998,1.220,1.800,1.390,0,0,0,0,0,18,331,0,10,0
25-02 12:35:30,3.752,2.251,92.541,0,0,5266524,290976,183336,2274744,153113.519,126639.845,116.051,604.266,2.001,2.001,1737,1989,1.220,1.800,1.390,0,0,12.005,0,0,18,330,0,10,1
25-02 12:35:31,2.249,0.750,94.702,1.749,0,5258412,299080,183336,2274752,7913.021,173.913,0,519.739,0,22.988,1352,2000,1.120,1.770,1.380,0,0,0,0,0,18,330,0,10,0
25-02 12:35:32,7.002,2.000,89.272,0.250,0,5258684,298804,183340,2274752,280544.989,7131.779,0,160.040,0,13.003,2164,2310,1.120,1.770,1.380,2,0,8.002,0,0,18,330,0,10,0
25-02 12:35:33,14.250,5.000,79.499,0.250,0,5282652,274696,183360,2274872,289796.162,13481.868,123.999,207.998,6.000,13.000,3100,2670,1.120,1.770,1.380,2,0,34.000,0,0,18,330,0,10,0
25-02 12:35:34,33.870,10.286,54.443,1.505,0,5287336,265560,183360,2279324,152310.395,5664.059,786.786,822.914,7.025,61.217,4322,3717,1.120,1.770,1.380,3,0,43.153,0,0,18,330,0,10,0
