"pcp-dstat 6.2.0 CSV Output"
"Author:","PCP team <pcp@groups.io> and Dag Wieers <dag@wieers.com>",,,,"URL:","https://pcp.io/ and http://dag.wieers.com/home-made/dstat/"
"Host:","ubuntu",,,,"User:","ubuntu"
"Cmdline:","dstat -tcmndrylpg --tcp --output /tmp/devstack_logs/dstat-csv.log",,,,"Date:","24 Feb 2026 21:58:48 UTC"
"system","total usage",,,,,"memory usage",,,,"net/total",,"dsk/total",,"io/total",,"system",,"load avg",,,"procs",,,"paging",,"tcp sockets",,,,
"time","total usage:usr","total usage:sys","total usage:idl","total usage:wai","total usage:stl","used","free","buf","cach","net/total:recv","net/total:send","dsk/total:read","dsk/total:writ","read","writ","int","csw","1m","5m","15m","run","blk","new","in","out","lis","act","syn","tim","clo"
24-02 21:58:48,,1026060,1463600,163108,5164748,,,,,,,1.320,1.050,0.650,4,0,,,,10,5,0,18,1
24-02 21:58:49,16.503,20.503,57.259,4.501,0,1026872,1462388,163148,5165020,40520.260,10277.588,0,2568.397,0,98.015,6448,5519,1.320,1.050,0.650,3,2,529.082,0,0,10,5,0,17,1
24-02 21:58:50,24.256,19.004,51.762,4.251,0,1037464,1451196,163180,5165504,22434.292,11639.746,0,1996.471,0,66.016,6681,6984,1.320,1.050,0.650,3,0,422.100,0,0,10,4,0,17,2
24-02 21:58:51,29.644,11.957,52.811,4.733,0,1164708,1303476,163268,5309624,170983.940,6953.110,0,2000.838,0,57.793,6043,8051,1.320,1.050,0.650,1,1,169.394,0,0,11,4,0,17,2
24-02 21:58:52,28.092,7.776,59.445,3.762,0,1190584,1259808,163936,5324472,6908.685,541.779,0,5477.987,0,91.300,3404,2665,1.320,1.050,0.650,3,0,96.316,0,0,11,6,0,17,2
24-02 21:58:53,36.285,10.438,48.214,4.722,0,1184568,1248876,164316,5339168,5235.986,536.820,83.505,1503.097,6.959,50.700,4411,3259,1.380,1.070,0.660,4,0,188.881,0,0,11,6,0,19,2
24-02 21:58:54,36.313,4.758,47.583,10.518,0,1258468,1153772,165124,5357240,3174.548,540.945,364.637,4275.472,9.016,101.177,2885,1952,1.380,1.070,0.660,2,2,0,0,0,11,6,0,19,2
24-02 21:58:55,34.711,3.995,48.445,11.737,0,1272616,1126960,165840,5367184,10515.081,539.389,127.855,3240.327,5.993,128.854,3290,2882,1.380,1.070,0.660,4,1,0.999,0,0,11,8,0,19,2
24-02 21:58:56,15.003,4.001,43.757,35.006,0.250,1275096,1100640,166720,5388324,6132.035,540.091,0,11185.888,0,688.116,5437,8863,1.380,1.070,0.660,1,2,9.002,0,0,11,8,0,19,2
24-02 21:58:57,14.017,3.504,36.044,43.803,0,1276940,1090124,167420,5395340,6985.474,486.590,0,13352.197,0,671.815,5010,8077,1.380,1.070,0.660,2,1,0,0,0,11,8,0,19,2
24-02 21:58:58,18.773,3.755,46.808,28.535,0,1240004,1140076,167828,5381748,11514.259,3337.133,0,9267.476,0,605.750,5368,8388,1.430,1.080,0.670,1,2,4.005,0,0,11,6,0,19,0
24-02 21:58:59,20.706,4.989,43.907,28.689,0,1293016,1086072,167964,5382600,10897.845,2644.381,0,8813.274,0,603.717,4999,7786,1.430,1.080,0.670,4,0,48.896,0,0,11,7,0,19,0
24-02 21:59:00,21.502,4.750,39.003,32.503,0,1324492,1046852,168228,5389300,8618.687,780.062,0,13993.116,0,873.070,5647,8907,1.430,1.080,0.670,2,2,14.001,0,0,11,6,0,19,0
24-02 21:59:01,19.772,4.755,45.551,28.031,0,1309916,1052864,168752,5396116,14023.665,3484.893,0,11681.048,0,810.906,5353,8584,1.430,1.080,0.670,1,1,30.034,0,0,11,7,0,19,0
24-02 21:59:02,19.063,6.020,39.380,32.106,0,1306080,1056304,168868,5396236,5057.679,716.362,0,8624.441,0,562.856,12300,23653,1.430,1.080,0.670,1,2,17.056,0,0,11,6,0,19,0
24-02 21:59:03,21.415,6.474,37.103,31.624,0,1294556,1066296,169080,5397492,8262.158,579.696,0,12797.132,0,889.464,14479,26774,1.710,1.150,0.690,2,2,12.949,0,0,11,6,0,19,0
24-02 21:59:04,17.752,5.751,41.256,34.005,0,1228952,1137504,169300,5392248,9135.236,486.066,0,8669.173,0,725.098,5231,8155,1.710,1.150,0.690,1,4,22.003,0,0,11,6,0,19,0
24-02 21:59:05,17.255,4.751,39.262,36.011,0.250,1231956,1140364,169376,5387076,9821.090,540.170,0,12740.008,0,897.282,5221,7792,1.710,1.150,0.690,3,2,22.007,0,0,11,6,0,19,0
24-02 21:59:06,23.223,8.490,50.442,16.481,0,1134384,1237804,169448,5387180,7328.616,539.383,0,6296.796,0,440.496,5353,6446,1.710,1.150,0.690,2,0,140.839,0,0,11,4,0,19,0
24-02 21:59:07,22.259,3.501,73.531,0.250,0,1187800,1184380,169456,5387180,5933.482,540.226,0,648.271,0,48.020,1823,1453,1.710,1.150,0.690,2,0,0,0,0,11,4,0,19,0
24-02 21:59:08,21.494,2.749,55.735,19.495,0,1184840,1187328,169460,5387188,8758.638,539.854,0,9413.462,0,246.933,2034,1630,1.660,1.150,0.690,2,1,9.997,0,0,11,4,0,19,0
24-02 21:59:09,22.765,4.003,50.534,21.765,0,1254292,1117828,169496,5387200,7737.234,540.366,0,18116.256,0,412.279,2246,2496,1.660,1.150,0.690,2,0,0,0,0,11,4,0,19,0
24-02 21:59:10,19.290,7.766,69.894,1.754,0,1227396,1144700,169504,5387216,9047.631,541.114,0,6325.024,0,63.130,3162,2415,1.660,1.150,0.690,2,2,121.250,0,0,11,4,0,17,0
24-02 21:59:11,9.522,20.047,65.653,3.508,0,1171136,1200928,169504,5387252,4876.346,541.259,0,958.230,0,107.250,6050,4662,1.660,1.150,0.690,3,0,423.986,0,0,11,4,0,17,0
24-02 21:59:12,16.682,15.935,64.736,1.245,0,1168424,1203632,169508,5387684,8488.329,484.023,0,633.413,0,66.727,7565,9213,1.660,1.150,0.690,2,0,298.780,0,0,11,4,0,17,0
24-02 21:59:13,32.450,8.986,52.669,5.492,0,1232068,1132492,169508,5395212,7526.473,633.031,7436.611,27.957,74.885,1.997,3463,2578,1.600,1.140,0.700,4,0,134.794,0,0,11,5,0,17,0
24-02 21:59:14,50.331,5.759,43.570,0.501,0,1293664,1069744,169520,5396356,4859.849,540.874,512.828,312.505,10.016,20.032,3453,12919,1.600,1.140,0.700,3,1,32.052,0,0,11,5,0,13,0
24-02 21:59:15,36.237,7.497,46.734,7.497,0.250,1306600,1055364,169524,5397788,4092.586,539.813,0,5985.932,0,110.962,3081,3792,1.600,1.140,0.700,1,5,0,0,0,11,5,0,13,0
24-02 21:59:16,12.986,7.242,69.675,8.990,0,1299192,1061860,169524,5398676,8333.045,539.420,0,19095.479,0,430.537,3470,3646,1.600,1.140,0.700,1,0,117.873,0,0,11,4,0,13,0
24-02 21:59:17,18.260,4.502,74.290,2.251,0,1363964,997096,169524,5398676,6948.742,540.291,0,3353.806,0,80.043,2015,1675,1.600,1.140,0.700,2,0,24.013,0,0,11,4,0,13,0
24-02 21:59:18,24.016,2.252,66.795,6.755,0,1391700,969484,169524,5398676,6966.710,540.365,0,2361.597,0,65.044,1843,1206,1.560,1.140,0.700,2,0,2.001,0,0,11,4,0,13,0
24-02 21:59:19,17.981,2.497,69.428,7.992,0,1400784,960096,169596,5398912,4143.704,539.441,0,2449.460,0,230.761,3577,5279,1.560,1.140,0.700,2,1,0.999,0,0,11,10,0,13,0
24-02 21:59:20,20.273,5.256,69.830,3.504,0,1339780,1020408,169904,5399264,7598.737,486.559,612.704,1866.146,18.021,110.127,2477,2101,1.560,1.140,0.700,2,0,42.048,0,0,11,4,0,15,0
24-02 21:59:21,18.761,2.001,74.792,4.002,0,1356760,1003184,169920,5399460,12393.956,4622.594,4.002,1372.770,1.001,36.020,2354,2440,1.560,1.140,0.700,2,1,1.001,0,0,11,17,0,15,0
24-02 21:59:22,17.757,4.002,73.030,3.001,0,1358180,1001256,169964,5399836,8664.539,5021.051,268.110,12032.915,66.027,109.045,2847,2527,1.560,1.140,0.700,3,2,33.013,0,0,11,28,0,14,0
24-02 21:59:23,20.469,3.744,73.388,1.997,0,1437564,921864,169972,5399836,8779.554,2502.168,0,1629.504,0,5.991,1935,1357,1.510,1.140,0.700,1,0,12.980,0,0,11,29,0,14,0
24-02 21:59:24,17.050,8.274,74.470,0,0,1428144,931252,169972,5399868,12522.988,5443.077,0,16.047,0,4.012,3330,2823,1.510,1.140,0.700,2,0,156.462,0,0,11,28,0,15,0
24-02 21:59:25,38.641,5.484,55.094,0,0,1508724,850668,169972,5399868,7461.900,4819.373,0,43.876,0,0.997,2646,1434,1.510,1.140,0.700,1,0,0,0,0,11,30,0,15,0
24-02 21:59:26,36.742,4.249,58.237,0,0,1475364,883812,169972,5400084,22584.106,14792.795,0,447.903,0,33.993,6638,8705,1.510,1.140,0.700,3,0,1.000,0,0,11,28,0,16,0
24-02 21:59:27,68.582,24.368,6.280,0,0,1547020,812152,169972,5400088,5288.607,488.365,0,6310.555,0,45.219,5836,5079,1.510,1.140,0.700,7,0,579.807,0,0,11,28,0,16,0
24-02 21:59:28,84.447,10.993,4.497,0,0,1735352,623764,169972,5400132,24931.377,18876.171,0,28857.916,0,331.792,6142,5132,1.950,1.240,0.730,5,0,0,0,0,11,33,0,16,0
24-02 21:59:29,60.124,7.484,21.954,9.231,0,1670092,688756,169992,5400372,32020.089,22298.404,0,16992.491,0,211.558,8544,12319,1.950,1.240,0.730,5,0,50.894,0,0,11,31,0,19,0
24-02 21:59:30,27.530,12.764,47.551,10.511,0,1511708,847100,170008,5400396,10589.360,5740.158,0,25383.231,0,167.179,5421,6062,1.950,1.240,0.730,2,0,259.278,0,0,11,28,0,22,0
24-02 21:59:31,19.188,2.990,77.249,0.249,0,1501764,857032,170008,5400408,12927.048,4369.819,0,147.521,0,9.968,1953,1778,1.950,1.240,0.730,2,0,0,0,0,11,29,0,22,0
24-02 21:59:32,16.713,4.989,74.333,2.245,0,1459308,899464,170016,5400424,10402.672,3627.865,0,1875.794,0,93.790,3402,3437,1.950,1.240,0.730,2,1,68.846,0,0,11,28,0,23,0
24-02 21:59:33,19.568,2.258,77.017,0.502,0,1473408,885352,170020,5400432,7019.312,2901.048,0,184.640,0,15.052,1853,1546,1.870,1.230,0.730,2,0,0,0,0,11,29,0,23,0
24-02 21:59:34,15.053,7.778,74.514,1.254,0,1438996,919732,170036,5400448,11496.696,5172.309,0,939.325,0,53.188,4054,4313,1.870,1.230,0.730,3,2,139.494,0,0,11,28,0,24,0
24-02 21:59:35,25.001,29.002,37.252,8.250,0,1419612,939060,170068,5400472,5436.288,486.026,0,3972.211,0,204.011,7163,7009,1.870,1.230,0.730,8,0,887.047,0,0,11,28,0,24,0
24-02 21:59:36,86.026,11.003,3.251,0,0,1649136,709508,170068,5400500,17675.376,10263.122,0,308.094,0,10.003,5127,3013,1.870,1.230,0.730,4,0,12.004,0,0,11,31,0,24,0
24-02 21:59:37,72.962,10.245,15.992,0,0,1673396,684900,170068,5400844,43489.646,36874.046,0,451.768,0,46.976,8768,14436,1.870,1.230,0.730,4,0,54.972,0,0,11,30,0,24,0
24-02 21:59:38,81.528,17.006,1.000,0.500,0,1616928,741324,170076,5400880,8143.815,3666.267,0,408.141,0,39.013,5826,5771,2.120,1.300,0.760,7,1,255.088,0,0,11,28,0,25,0
24-02 21:59:39,85.239,9.471,5.234,0,0,1745344,612640,170080,5401080,35173.395,27465.974,0,207.366,0,14.954,6156,6266,2.120,1.300,0.760,5,0,5.982,0,0,11,34,0,20,0
24-02 21:59:40,71.619,11.018,15.025,0.501,0,1609576,748132,170100,5401336,45102.802,36353.291,0,456.758,0,33.055,10668,17153,2.120,1.300,0.760,7,0,204.339,0,0,11,28,0,25,0
24-02 21:59:41,41.456,8.491,49.197,0,0,1578168,779504,170104,5401368,9619.712,2887.911,0,319.658,0,14.984,3490,2395,2.120,1.300,0.760,3,0,93.900,0,0,11,29,0,25,0
24-02 21:59:42,31.486,9.246,58.224,0,0,1493476,864024,170104,5401540,20920.718,13771.890,0,2183.031,0,125.944,5378,6566,2.120,1.300,0.760,5,0,214.905,0,0,11,29,0,26,0
24-02 21:59:43,65.886,13.674,19.890,0,0,1585448,772032,170108,5401556,12459.157,5181.370,0,230.725,0,11.934,4608,3105,2.270,1.340,0.780,3,0,163.099,0,0,11,29,0,27,0
24-02 21:59:44,46.518,4.777,48.278,0.251,0,1590900,766492,170120,5401632,33602.234,26416.914,0,366.105,0,33.191,7027,9663,2.270,1.340,0.780,4,0,0,0,0,11,29,0,28,0
24-02 21:59:45,76.966,17.800,4.513,0,0,1571380,785996,170132,5401636,4457.518,1007.830,0,316.890,0,25.070,5511,3693,2.270,1.340,0.780,5,0,258.727,0,0,11,28,0,28,0
24-02 21:59:46,56.790,6.227,36.117,0,0,1610724,746568,170132,5401720,37886.961,32424.153,0,151.440,0,8.967,8672,10901,2.270,1.340,0.780,3,0,0,0,0,11,32,0,28,0
24-02 21:59:47,62.029,17.438,20.178,0.249,0,1523628,833584,170160,5401772,17046.244,8782.697,0,542.068,0,48.826,6607,7840,2.270,1.340,0.780,4,0,322.849,0,0,11,28,0,28,0
24-02 21:59:48,52.359,5.034,42.038,0.252,0,1589532,767572,170164,5401876,24132.306,17223.984,0,181.242,0,12.083,4924,4882,2.330,1.370,0.790,2,0,0,0,0,11,31,0,28,0
24-02 21:59:49,50.565,15.443,30.389,2.989,0,1517848,839052,170184,5402060,23016.758,12873.881,0,1980.750,0,50.814,7347,8990,2.330,1.370,0.790,4,0,297.910,0,0,11,28,0,30,0
24-02 21:59:50,54.470,6.496,38.979,0,0,1585988,770760,170188,5402208,18794.681,12305.244,0,171.906,0,6.996,4095,2909,2.330,1.370,0.790,4,0,0,0,0,11,31,0,30,0
24-02 21:59:51,52.255,14.251,30.253,2.250,0,1544792,811768,170192,5402392,24827.435,16770.645,0,4864.477,0,393.039,7943,9965,2.330,1.370,0.790,5,0,287.028,0,0,11,28,0,33,0
24-02 21:59:52,56.984,5.998,36.490,0,0,1584624,771912,170196,5402480,18800.875,12212.671,0,175.952,0,10.997,4281,2923,2.330,1.370,0.790,4,0,1.000,0,0,11,31,0,33,0
24-02 21:59:53,53.506,10.299,35.922,0.251,0,1518712,837636,170208,5402660,18396.134,14412.047,0,434.080,0,39.188,6927,8678,2.230,1.360,0.790,4,0,112.539,0,0,11,28,0,35,0
24-02 21:59:54,55.476,5.970,37.564,0,0,1564348,791844,170216,5402808,15771.042,12275.321,0,175.134,0,9.951,3889,2572,2.230,1.360,0.790,4,0,0,0,0,11,31,0,35,0
24-02 21:59:55,57.030,18.843,23.114,0.502,0,1495056,861072,170224,5402864,21769.026,14407.835,0,558.747,0,57.282,8096,10290,2.230,1.360,0.790,7,0,445.189,0,0,11,28,0,35,0
24-02 21:59:56,82.751,17.000,0.500,0,0,1660684,695384,170224,5402924,11381.187,4472.073,0,240.004,0,14.000,5692,4715,2.230,1.360,0.790,6,0,444.007,0,0,11,30,0,35,0
24-02 21:59:57,75.930,17.676,5.726,0.498,0,1757932,597904,170232,5403148,51003.155,42429.271,0,334.591,0,14.937,8895,10959,2.230,1.360,0.790,5,4,471.016,0,0,11,32,1,36,0
24-02 21:59:58,77.063,20.835,2.008,0.251,0,1627748,727928,170264,5403272,25275.692,18063.389,0,1562.348,0,107.436,7952,9147,2.530,1.440,0.820,8,0,496.015,0,0,11,28,0,36,0
24-02 21:59:59,84.893,9.987,5.243,0,0,1713532,641984,170268,5403424,21640.721,14155.157,0,107.864,0,5.992,5412,3807,2.530,1.440,0.820,5,0,0,0,0,11,31,0,36,0
24-02 22:00:00,62.059,9.759,27.026,0,0,1553820,801420,170268,5403692,45904.665,39595.664,0,168.160,0,12.011,9738,15848,2.530,1.440,0.820,4,0,140.133,0,0,11,30,0,39,0
24-02 22:00:01,24.747,29.246,44.744,0,0,1512048,843160,170272,5403716,8579.829,4430.395,0,1315.820,0,23.997,7839,8229,2.530,1.440,0.820,4,0,955.869,0,0,11,28,0,41,0
24-02 22:00:02,70.645,22.217,6.990,0,0,1573972,781184,170276,5403764,12062.117,5105.431,0,107.840,0,10.984,5384,4294,2.530,1.440,0.820,5,0,506.249,0,0,11,30,0,41,0
24-02 22:00:03,59.622,8.267,31.314,0.251,0,1613500,741588,170280,5403828,35280.266,25706.656,0,372.764,0,34.070,6571,8763,2.570,1.470,0.830,4,0,67.138,0,0,11,30,0,43,0
24-02 22:00:04,75.621,15.920,7.214,0.249,0,1592932,762116,170288,5403860,11217.834,5921.352,0,409.947,0,35.821,5849,4978,2.570,1.470,0.830,4,0,199.999,0,0,11,29,0,45,0
24-02 22:00:05,62.039,6.782,30.643,0,0,1629196,725632,170292,5404072,38665.053,29668.157,0,140.655,0,9.042,6296,9574,2.570,1.470,0.830,4,0,0,0,0,11,32,0,45,0
24-02 22:00:06,52.255,7.251,39.004,1.000,0,1600828,753704,170308,5404344,48702.879,39351.942,0,356.036,0,35.004,14411,22662,2.570,1.470,0.830,4,0,30.003,0,0,11,30,0,45,0
24-02 22:00:07,79.271,12.503,6.752,1.000,0,1604652,749720,170316,5404492,17297.625,6827.826,0,532.142,0,34.009,5739,4765,2.570,1.470,0.830,5,0,90.024,0,0,11,29,0,45,0
24-02 22:00:08,61.325,6.481,31.161,0,0,1616524,737740,170324,5404588,39406.434,33350.732,0,3458.122,0,134.615,8211,11657,2.600,1.490,0.840,4,0,0,0,0,11,32,0,45,0
24-02 22:00:09,54.864,8.768,35.073,0,0,1528100,825736,170328,5405000,48999.189,40536.540,0,148.309,0,8.017,13952,22025,2.600,1.490,0.840,5,0,142.297,0,0,11,29,0,48,0
24-02 22:00:10,78.775,14.004,7.252,0.250,0,1591516,762312,170332,5405004,14097.395,6044.885,0,124.039,0,8.002,4864,2990,2.600,1.490,0.840,3,0,118.037,0,0,11,30,0,49,0
24-02 22:00:11,62.701,6.245,31.226,0.250,0,1607896,745680,170332,5405248,42924.781,35497.529,0,159.876,0,8.993,9062,13722,2.600,1.490,0.840,3,0,0,0,0,11,30,0,50,1
24-02 22:00:12,75.839,13.266,9.761,0.751,0,1569536,783984,170348,5405288,17964.102,13427.773,0,336.395,0,33.039,6592,8320,2.600,1.490,0.840,5,0,129.152,0,0,11,28,0,51,0
24-02 22:00:13,63.984,7.967,27.137,0.249,0,1614340,739108,170352,5405296,26143.140,18229.094,0,2617.102,0,175.270,5936,5839,2.550,1.500,0.850,4,0,63.735,0,0,11,30,0,53,0
24-02 22:00:14,75.259,12.292,12.292,0,0,1680976,672268,170352,5405480,27795.514,19276.239,0,148.510,0,8.028,7146,17870,2.550,1.500,0.850,5,0,96.331,0,0,11,30,0,54,0
24-02 22:00:15,61.313,10.717,27.167,0,0,1612720,740304,170352,5405716,42726.715,32467.000,0,151.538,0,9.970,8786,12568,2.550,1.500,0.850,6,0,140.571,0,0,11,30,0,55,0
24-02 22:00:16,73.685,10.990,14.487,0.500,0,1584056,768944,170356,5405732,19944.515,9661.530,0,87.923,0,3.996,5056,3570,2.550,1.500,0.850,4,1,85.925,0,0,11,30,0,57,0
24-02 22:00:17,68.725,9.782,21.822,0,0,1599984,752948,170360,5405796,26053.394,20958.695,0,959.144,0,6.020,6555,7755,2.550,1.500,0.850,7,0,68.224,0,0,11,30,0,59,0
24-02 22:00:18,64.538,11.257,23.764,0.250,0,1578780,774088,170368,5405848,27082.123,18821.205,0,436.260,0,39.023,5937,7490,2.670,1.540,0.860,2,0,138.082,0,0,11,30,0,61,0
24-02 22:00:19,52.173,9.985,37.195,0,0,1495704,857120,170388,5405868,16929.952,10468.512,0,363.462,0,36.945,5215,4973,2.670,1.540,0.860,4,0,119.823,0,0,11,29,0,63,0
24-02 22:00:20,52.094,9.222,37.637,0.249,0,1505736,846812,170396,5406132,21890.484,13623.227,0,251.248,0,16.949,5321,5425,2.670,1.540,0.860,5,0,95.714,0,0,11,30,0,62,0
24-02 22:00:21,57.158,9.526,32.590,0.251,0,1538368,813996,170400,5406308,23751.848,16200.914,0,156.434,0,9.025,5165,6528,2.670,1.540,0.860,3,0,86.239,0,0,11,29,0,64,0
24-02 22:00:22,56.871,7.516,35.575,0.501,0,1593904,758388,170408,5406384,22490.677,14454.642,0,653.385,0,79.168,5147,5653,2.670,1.540,0.860,3,0,34.072,0,0,11,34,0,65,0
24-02 22:00:23,29.477,7.494,59.953,1.249,0,1557292,794776,170432,5406576,21929.804,16274.239,0,415.674,0,34.973,6924,9116,2.620,1.550,0.870,2,0,121.904,0,0,11,33,0,66,0
24-02 22:00:24,39.889,8.227,50.610,0.748,0,1544040,808028,170432,5406576,6339.419,2696.522,0,159.558,0,9.972,3239,2043,2.620,1.550,0.870,4,0,67.812,0,0,11,33,0,66,0
24-02 22:00:25,32.580,5.513,60.147,0.251,0,1529520,822484,170432,5406640,17975.996,13937.111,0,232.569,0,18.044,4747,5338,2.620,1.550,0.870,5,0,34.083,0,0,11,33,0,67,0
24-02 22:00:26,36.799,9.262,52.570,0.751,0,1503852,848112,170444,5406664,11338.030,4648.162,0,596.791,0,32.042,4095,3739,2.620,1.550,0.870,2,1,104.138,0,0,11,33,0,68,0
24-02 22:00:27,35.682,6.238,55.395,1.747,0.250,1513964,837960,170468,5406680,16615.498,10507.079,0,1672.828,0,105.799,4077,4030,2.620,1.550,0.870,4,0,59.886,0,0,11,33,0,69,0
24-02 22:00:28,36.298,4.756,57.325,0.250,0,1496456,855312,170472,5406832,14376.829,7995.471,0,320.420,0,28.037,4487,4916,2.570,1.560,0.880,3,0,5.007,0,0,11,33,0,68,0
24-02 22:00:29,37.060,3.731,55.714,2.239,0,1478920,872816,170472,5406860,20844.011,14408.046,0,3080.190,0,169.132,4005,4454,2.570,1.560,0.880,3,0,0.995,0,0,11,33,0,69,0
24-02 22:00:30,38.212,6.788,54.051,0.503,0,1450204,901496,170476,5406892,14184.876,6300.032,0,265.476,0,23.129,4334,4397,2.570,1.560,0.880,3,0,47.263,0,0,11,32,0,70,0
24-02 22:00:31,36.327,4.976,58.223,0,0,1506644,844900,170476,5407048,18265.227,12911.660,0,143.319,0,8.957,3702,4190,2.570,1.560,0.880,1,0,0,0,0,11,34,0,70,0
24-02 22:00:32,22.253,11.501,64.507,0.500,0,1483200,868248,170480,5407136,14152.595,10469.180,0,448.050,0,33.004,5836,6972,2.570,1.560,0.880,2,0,278.031,0,0,11,32,0,66,0
24-02 22:00:33,22.738,3.248,72.962,0,0,1484092,867356,170480,5407136,3767.063,527.729,0,171.912,0,12.993,1862,1482,2.440,1.550,0.880,3,0,4.997,0,0,11,32,0,66,0
24-02 22:00:34,15.514,1.752,82.327,0.250,0,1478232,873196,170480,5407156,18671.403,10331.630,0,480.448,0,30.028,2978,3632,2.440,1.550,0.880,2,0,0,0,0,11,33,0,66,0
24-02 22:00:35,16.464,11.974,70.596,0,0,1452212,899196,170484,5407172,11034.996,1451.842,0,283.384,0,26.941,4529,3962,2.440,1.550,0.880,3,0,283.384,0,0,11,32,0,67,0
24-02 22:00:36,18.278,2.504,77.367,0.751,0,1459440,891956,170488,5407180,14033.310,5646.574,0,112.170,0,7.011,1957,1622,2.440,1.550,0.880,2,0,0,0,0,11,33,0,65,0
24-02 22:00:37,17.994,4.749,75.976,0,0,1419348,932020,170492,5407200,14303.497,6218.042,0,123.961,0,6.998,3729,4056,2.440,1.550,0.880,2,0,45.986,0,0,11,32,0,66,0
24-02 22:00:38,18.501,2.500,78.006,0.250,0,1463680,887548,170500,5407332,14374.014,2933.207,0,116.008,0,13.001,1830,1543,2.330,1.540,0.880,2,0,0,0,0,11,33,0,66,0
24-02 22:00:39,19.079,2.510,77.321,0,0,1457928,893260,170500,5407360,18142.297,11662.403,0,0,0,0,4019,5193,2.330,1.540,0.880,1,0,6.025,0,0,11,33,0,66,0
24-02 22:00:40,11.503,17.755,69.521,0.500,0,1419096,931880,170512,5407556,6080.815,1157.345,0,412.123,0,32.010,5948,5548,2.330,1.540,0.880,3,0,458.137,0,0,11,32,0,64,0
24-02 22:00:41,39.565,10.949,47.528,1.244,0,1482244,868544,170516,5407740,7253.174,537.493,35.833,776.379,0.995,23.889,4014,2998,2.330,1.540,0.880,3,0,167.220,0,0,11,32,0,66,0
24-02 22:00:42,33.733,4.748,44.228,15.492,0,1557556,789972,170616,5410464,9533.184,539.727,435.780,3806.077,16.991,214.891,4263,4811,2.330,1.540,0.880,4,1,17.991,0,0,11,36,0,66,0
24-02 22:00:43,25.807,5.262,44.599,22.550,0,1560608,785496,170804,5411524,4274.465,541.198,0,4834.705,0,509.127,5171,7714,2.460,1.580,0.900,2,3,22.049,0,0,11,36,0,66,0
24-02 22:00:44,26.991,4.998,42.236,24.492,0,1562440,782660,171028,5412284,7372.599,539.824,0,10832.473,0,859.720,5723,8715,2.460,1.580,0.900,2,2,26.991,0,0,11,36,0,60,0
24-02 22:00:45,26.338,5.268,42.642,23.328,0,1578408,765336,171212,5413404,6523.782,541.809,0,10097.714,0,828.767,5896,9565,2.460,1.580,0.900,3,2,17.057,0,0,11,36,0,60,0
24-02 22:00:46,26.964,4.993,34.703,31.458,0,1554596,788188,171332,5414200,7677.680,539.275,0,16018.468,0,1068.564,6446,10419,2.460,1.580,0.900,2,2,24.966,0,0,11,36,0,60,0
24-02 22:00:47,28.444,5.489,42.915,20.958,0,1589764,751616,171552,5415348,6728.666,538.932,0,5313.471,0,603.803,6766,10334,2.460,1.580,0.900,2,1,28.943,0,0,11,36,0,60,0
24-02 22:00:48,26.856,5.271,37.146,29.366,0,1597076,744028,171672,5415488,2295.040,487.922,0,14063.394,0,907.575,5832,9683,2.580,1.620,0.910,3,2,10.040,0,0,11,36,0,56,0
24-02 22:00:49,26.606,4.724,42.022,23.870,0,1631092,709108,171760,5416288,8736.579,537.085,0,7642.518,0,713.129,6065,10305,2.580,1.620,0.910,2,3,16.908,0,0,11,36,0,56,0
24-02 22:00:50,26.478,5.495,34.721,31.723,0,1580672,759240,171908,5416408,6589.406,539.542,0,15978.434,0,1097.069,6056,10338,2.580,1.620,0.910,3,1,12.989,0,0,11,36,0,56,0
24-02 22:00:51,28.052,4.759,43.079,23.042,0,1575752,763212,171972,5417272,3115.727,540.994,0,7445.686,0,628.155,5026,7992,2.580,1.620,0.910,3,1,10.018,0,0,11,36,0,56,0
24-02 22:00:52,29.487,5.497,46.479,16.992,0,1629208,710572,172088,5416344,6883.864,539.754,0,8987.906,0,717.673,5654,9313,2.580,1.620,0.910,3,0,2.999,0,0,11,32,0,51,0
24-02 22:00:53,44.097,4.761,46.102,4.761,0,1536324,803452,172092,5416344,8089.851,541.194,0,3078.793,0,278.615,2925,1553,2.620,1.640,0.920,3,0,6.013,0,0,11,32,0,51,0
24-02 22:00:54,31.717,5.744,42.955,17.232,0,1519756,819580,172248,5416624,6591.040,539.430,0,5290.413,0,797.158,7336,11642,2.620,1.640,0.920,2,2,1.998,0,0,11,34,0,51,0
24-02 22:00:55,28.444,6.238,36.178,27.196,0,1582640,756492,172364,5416708,6773.592,538.933,0,13149.970,0,1027.965,7244,11522,2.620,1.640,0.920,2,2,1.996,0,0,11,34,0,51,0
24-02 22:00:56,29.677,5.533,43.258,19.617,0,1571856,766744,172620,5416976,5109.525,488.921,0,8949.466,0,1291.717,7996,14904,2.620,1.640,0.920,3,0,1.006,0,0,11,34,0,47,0
24-02 22:00:57,27.158,6.727,60.297,4.983,0,1462892,875640,172652,5417004,6832.961,538.185,0,2619.169,0,136.540,3133,2736,2.620,1.640,0.920,3,0,98.667,0,0,11,32,0,47,0
24-02 22:00:58,21.949,4.240,69.838,3.492,0,1519904,818596,172684,5417004,4546.436,538.748,0,1213.181,0,74.826,1979,1699,2.570,1.650,0.930,2,0,1.995,0,0,11,32,0,47,0
24-02 22:00:59,15.782,12.275,57.368,13.027,0,1487876,850416,172736,5417152,8443.383,541.114,0,5944.238,0,288.594,4650,4360,2.570,1.650,0.930,3,0,259.534,0,0,11,32,0,47,0
24-02 22:01:00,8.755,19.761,70.038,1.001,0,1455536,882688,172736,5417200,6672.668,540.297,0,792.436,0,16.009,5941,4690,2.570,1.650,0.930,3,0,468.257,0,0,11,32,0,47,0
24-02 22:01:01,8.507,20.517,69.307,0,0,1435956,902232,172736,5417232,9237.643,540.447,0,272.225,0,3.002,6234,4941,2.570,1.650,0.930,2,0,489.405,0,0,11,32,0,43,0
24-02 22:01:02,17.699,9.971,72.293,0,0,1462956,875212,172736,5417248,8531.555,538.457,0,0,0,0,3170,2509,2.570,1.650,0.930,2,0,153.560,0,0,11,32,0,43,0
24-02 22:01:03,22.460,2.995,73.618,0,0,1513560,824624,172736,5417232,4725.548,539.036,0,15.971,0,0.998,1737,1132,2.440,1.640,0.930,2,0,1.996,0,0,11,32,0,43,0
24-02 22:01:04,22.290,4.007,74.134,0,0,1535912,802256,172736,5417248,4608.302,486.877,0,148.267,0,3.005,1815,1343,2.440,1.640,0.930,2,0,1.002,0,0,11,32,0,43,0
24-02 22:01:05,22.008,3.251,72.525,0.500,0,1528168,810000,172744,5417236,7162.485,540.187,0,224.078,0,12.004,1949,1500,2.440,1.640,0.930,2,0,3.001,0,0,11,32,0,37,0
24-02 22:01:06,21.984,3.497,73.198,0.250,0.250,1532404,805748,172752,5417244,5104.351,539.614,0,375.731,0,25.981,1889,1370,2.440,1.640,0.930,2,0,1.999,0,0,11,32,0,37,0
24-02 22:01:07,22.756,3.251,73.268,0.500,0,1495396,842744,172752,5417256,6691.674,540.135,0,56.014,0,5.001,1807,1247,2.440,1.640,0.930,2,0,1.000,0,0,11,32,0,37,0
24-02 22:01:08,21.999,3.000,73.748,0,0,1547020,791140,172752,5417236,5883.857,539.987,0,20.000,0,1.000,1732,1154,2.330,1.630,0.930,2,0,2.000,0,0,11,32,0,37,0
24-02 22:01:09,21.990,3.748,73.715,0,0,1501708,836432,172752,5417256,7557.421,539.744,0,3.998,0,1.000,1796,1235,2.330,1.630,0.930,2,0,1.000,0,0,11,32,0,37,0
24-02 22:01:10,22.784,3.005,73.611,0,0,1491748,846404,172752,5417244,5054.634,540.817,0,12.018,0,1.002,1793,1186,2.330,1.630,0.930,2,0,3.005,0,0,11,32,0,37,0
24-02 22:01:11,21.728,3.746,73.677,0,0,1487444,850720,172752,5417232,3962.066,539.464,0,39.960,0,0.999,1758,1287,2.330,1.630,0.930,3,0,1.998,0,0,11,32,0,37,0
24-02 22:01:12,22.756,3.001,73.518,0,0,1472944,865216,172752,5417236,4362.091,486.122,0,88.022,0,5.001,1773,1255,2.330,1.630,0.930,2,0,2.001,0,0,11,32,0,37,0
24-02 22:01:13,22.497,3.250,73.489,0,0,1486352,851872,172752,5417172,9245.593,633.904,0,7.999,0,1.000,1788,1209,2.220,1.620,0.930,2,0,2.000,0,0,11,32,0,31,0
24-02 22:01:14,27.984,5.247,66.213,0,0,1441820,896400,172752,5417172,7476.834,539.699,0,2154.800,0,16.991,2751,7780,2.220,1.620,0.930,2,0,36.979,0,0,11,32,0,32,0
24-02 22:01:15,22.020,3.503,70.816,2.753,0,1454792,883324,172760,5417268,8575.950,540.501,0,860.798,0,121.112,2045,1674,2.220,1.620,0.930,2,0,1.001,0,0,11,32,0,32,0
24-02 22:01:16,23.741,2.249,70.973,2.749,0,1504184,833948,172764,5417248,7076.282,539.793,0,343.868,0,27.989,1983,1623,2.220,1.620,0.930,2,0,1.999,0,0,11,32,0,32,0
24-02 22:01:17,21.746,3.999,73.986,0,0,1486780,851328,172764,5417272,7676.521,539.896,0,0,0,0,1827,1369,2.220,1.620,0.930,2,0,1.000,0,0,11,32,0,24,0
24-02 22:01:18,22.749,3.000,73.498,0,0,1467376,870732,172764,5417272,5068.860,539.985,0,35.999,0,3.000,1789,1266,2.120,1.610,0.930,2,0,1.000,0,0,11,32,0,24,0
24-02 22:01:19,22.086,4.267,73.284,0,0,1477456,860664,172764,5417260,4145.066,487.891,0,12.047,0,1.004,1992,1345,2.120,1.610,0.930,2,0,35.136,0,0,11,32,0,24,0
24-02 22:01:20,12.708,15.449,70.269,0,0,1456872,881184,172764,5417316,8268.821,538.231,0,199.345,0,9.967,4909,4280,2.120,1.610,0.930,3,0,425.601,0,0,11,32,0,24,0
24-02 22:01:21,23.751,2.250,73.004,0.250,0,1465828,872024,172764,5417520,7420.396,540.029,0,108.006,0,2.000,1708,1099,2.120,1.610,0.930,3,0,0,0,0,11,32,0,17,0
24-02 22:01:22,22.004,4.001,73.264,0,0,1472432,865364,172764,5417576,4500.888,540.107,0,0,0,0,1936,1366,2.120,1.610,0.930,2,0,10.002,0,0,11,32,0,17,0
24-02 22:01:23,18.563,10.536,70.741,0,0,1473980,863688,172764,5417704,7291.840,541.846,40.137,24.082,2.007,1.003,3636,2812,2.030,1.600,0.930,2,0,243.831,0,0,11,32,0,17,0
24-02 22:01:24,7.503,22.258,69.524,0,0,1451068,886560,172764,5417740,6512.237,540.186,0,612.210,0,77.026,6426,5236,2.030,1.600,0.930,3,0,535.184,0,0,11,32,0,17,0
24-02 22:01:25,8.250,21.749,67.496,1.250,0,1437828,899748,172764,5417776,7055.611,539.970,0,307.983,0,6.000,6560,5531,2.030,1.600,0.930,1,2,574.968,0,0,11,32,0,13,0
24-02 22:01:26,8.750,21.749,67.996,0.500,0,1417632,919920,172768,5417804,4888.731,539.970,0,2147.882,0,54.997,6616,5593,2.030,1.600,0.930,3,0,553.970,0,0,11,32,0,13,0
24-02 22:01:27,7.999,22.496,67.988,0,0,1401344,936156,172768,5417828,3256.415,485.913,0,1287.769,0,13.997,6410,5140,2.030,1.600,0.930,3,0,559.899,0,0,11,32,0,13,0
24-02 22:01:28,8.250,20.751,70.004,0,0,1389168,948296,172768,5417864,8957.462,540.028,0,396.020,0,8.000,6074,4675,1.950,1.590,0.930,2,0,451.023,0,0,11,32,0,13,0
24-02 22:01:29,9.244,20.487,69.706,0,0,1381696,955740,172768,5417892,7193.436,539.658,0,575.635,0,10.993,6097,4709,1.950,1.590,0.930,2,0,458.709,0,0,11,32,0,9,0
24-02 22:01:30,7.505,22.766,68.799,0,0,1368924,968472,172768,5417932,7624.449,540.386,0,64.046,0,16.011,6515,5388,1.950,1.590,0.930,2,0,588.421,0,0,11,32,0,9,0
24-02 22:01:31,13.264,22.774,62.566,0.501,0,1336852,1000504,172772,5417968,7219.604,540.569,0,488.515,0,23.024,6626,5665,1.950,1.590,0.930,3,0,584.616,0,0,11,32,0,11,0
24-02 22:01:32,52.746,20.749,25.498,0.250,0,1493192,844108,172780,5418016,8275.405,539.961,0,779.944,0,49.996,5829,4837,1.950,1.590,0.930,4,0,487.965,0,0,11,32,0,15,0
24-02 22:01:33,55.490,7.216,22.893,13.437,0,1644420,688912,172988,5421228,7062.953,537.485,441.932,3284.632,9.953,157.264,4298,3532,2.030,1.610,0.940,4,1,9.953,0,0,11,34,0,11,0
24-02 22:01:34,19.481,3.497,36.964,37.963,0,1655572,673344,173304,5424668,3183.923,539.479,0,9071.233,0,563.455,5435,8463,2.030,1.610,0.940,1,1,24.976,0,0,11,38,0,12,0
24-02 22:01:35,6.256,3.253,50.295,37.033,0,1654084,673344,173464,5425956,3587.194,486.433,0,11334.091,0,786.700,5464,9966,2.030,1.610,0.940,3,2,18.016,0,0,11,38,0,12,0
24-02 22:01:36,6.247,2.499,51.729,35.985,0,1653340,673092,173564,5426824,7586.856,539.776,0,11291.321,0,740.693,4649,8424,2.030,1.610,0.940,1,2,14.994,0,0,11,38,0,12,0
24-02 22:01:37,8.259,2.503,51.809,34.289,0,1652396,672336,173672,5428352,7913.986,540.614,0,8609.776,0,635.722,5699,10276,2.030,1.610,0.940,4,2,21.024,0,0,11,38,0,10,0
24-02 22:01:38,6.994,2.997,52.454,34.220,0,1651796,671580,173784,5429564,7659.294,539.528,0,11158.230,0,798.301,5300,9584,2.190,1.650,0.960,2,1,11.990,0,0,11,38,0,10,0
24-02 22:01:39,7.502,4.751,52.765,32.759,0,1651392,670824,173972,5430480,5255.506,540.155,0,14152.055,0,964.276,6986,12923,2.190,1.650,0.960,1,2,18.005,0,0,11,38,0,10,0
24-02 22:01:40,5.999,3.499,50.239,37.242,0,1651448,669816,174072,5431300,8039.267,539.884,0,13477.094,0,901.806,5923,10846,2.190,1.650,0.960,1,1,11.997,0,0,11,38,0,10,0
24-02 22:01:41,7.752,2.751,50.012,36.259,0.250,1650912,669088,174164,5432440,8131.933,540.128,0,13519.213,0,927.220,4999,9054,2.190,1.650,0.960,1,2,3.001,0,0,11,38,0,8,0
24-02 22:01:42,21.757,6.752,31.760,38.012,0,1625204,693312,174224,5433796,3552.131,486.155,0,11147.551,0,811.258,6036,9431,2.190,1.650,0.960,3,1,64.020,0,0,11,36,0,8,0
24-02 22:01:43,23.073,4.514,36.867,32.854,0.251,1656128,660816,174292,5435260,9011.635,5655.972,0,9221.301,0,759.413,6277,10029,2.260,1.670,0.970,2,2,24.077,0,0,11,37,0,8,0
24-02 22:01:44,17.196,3.738,41.868,33.893,0,1654884,660892,174380,5436308,12249.409,4759.007,0,14745.545,0,948.013,7346,12528,2.260,1.670,0.970,2,1,8.972,0,0,11,38,0,9,0
24-02 22:01:45,24.310,7.268,31.327,34.835,0,1635636,678876,174436,5437484,5716.020,607.490,0,13035.975,0,855.097,6337,9525,2.260,1.670,0.970,2,3,76.187,0,0,11,38,0,9,0
24-02 22:01:46,21.192,4.737,38.395,33.907,0,1641120,672052,174484,5438740,16339.165,8838.746,0,14811.357,0,952.387,7982,13261,2.260,1.670,0.970,4,1,5.984,0,0,11,39,0,9,0
24-02 22:01:47,20.198,3.242,43.887,29.674,0,1638464,673416,174496,5439968,16693.031,11210.145,0,7173.535,0,555.570,8304,13472,2.260,1.670,0.970,4,5,14.961,0,0,11,39,0,9,0
24-02 22:01:48,25.039,6.510,34.804,31.800,0,1683180,627640,174548,5440900,7773.134,1180.843,0,12078.856,0,778.215,5929,8949,2.240,1.680,0.980,3,2,36.056,0,0,11,38,0,9,0
24-02 22:01:49,21.531,3.505,39.307,32.046,0,1688796,620368,174608,5442444,15125.867,9929.355,0,7627.026,0,632.915,6674,10745,2.240,1.680,0.980,2,2,18.026,0,0,11,39,0,9,0
24-02 22:01:50,22.566,3.510,41.121,30.590,0,1682232,625720,174652,5443580,15000.091,11200.924,0,11578.032,0,936.753,8486,13729,2.240,1.680,0.980,1,2,3.009,0,0,11,38,0,10,0
24-02 22:01:51,23.685,7.230,33.658,34.157,0,1623532,683404,174684,5444540,6869.225,580.414,0,12302.375,0,922.479,6645,9937,2.240,1.680,0.980,2,3,70.806,0,0,11,38,0,10,0
24-02 22:01:52,21.079,4.517,35.383,36.888,0,1643036,663032,174724,5445344,21871.931,7334.475,0,12185.647,0,859.219,6833,11143,2.240,1.680,0.980,2,2,4.015,0,0,11,39,0,10,0
24-02 22:01:53,20.755,4.501,39.760,31.758,0,1642608,662556,174768,5446112,13602.581,10912.873,0,14515.821,0,986.260,8948,14998,2.140,1.670,0.980,1,1,3.001,0,0,11,39,0,10,0
24-02 22:01:54,25.175,6.481,40.130,26.172,0,1603964,700108,174812,5447120,9298.190,2763.734,0,12287.251,0,767.704,7861,12963,2.140,1.670,0.980,3,2,44.866,0,0,11,38,0,10,0
24-02 22:01:55,25.025,4.004,38.288,30.530,0,1635268,667640,174924,5448132,12044.892,6203.124,0,10005.879,0,714.706,5764,9035,2.140,1.670,0.980,6,1,3.003,0,0,11,39,0,10,0
24-02 22:01:56,29.557,6.262,35.319,27.303,0,1573096,728652,175068,5449120,18833.595,10977.330,0,13890.991,0,952.851,9154,14853,2.140,1.670,0.980,4,1,69.134,0,0,11,37,0,10,0
24-02 22:01:57,34.002,18.751,26.501,19.251,0,1566028,734268,175172,5450684,10117.567,4580.257,372.021,6176.346,6.000,449.025,9696,14385,2.140,1.670,0.980,3,2,379.021,0,0,11,36,0,11,0
24-02 22:01:58,30.065,12.921,25.841,28.574,0,1574968,723256,175244,5452272,10714.165,5484.301,1765.154,13919.469,29.817,816.980,7857,11911,2.370,1.720,1,2,1,186.852,0,0,11,37,0,11,0
24-02 22:01:59,22.020,5.505,37.283,32.029,0,1594776,702440,175316,5453180,11189.980,4289.826,0,11674.412,0,751.670,6588,10371,2.370,1.720,1,4,1,35.031,0,0,11,36,0,12,0
24-02 22:02:00,21.989,4.498,40.229,32.233,0,1623644,672468,175392,5454180,13447.029,5569.113,0,6768.491,0,549.715,4958,7308,2.370,1.720,1,4,1,5.997,0,0,11,37,0,12,0
24-02 22:02:01,17.512,6.254,45.032,28.520,0,1595300,699972,175460,5454932,5368.774,2219.560,0,9390.602,0,637.448,5576,8572,2.370,1.720,1,3,1,60.042,0,0,11,36,0,13,0
24-02 22:02:02,21.733,3.747,44.465,28.728,0,1600056,694028,175508,5456036,12779.058,5670.588,0,9476.627,0,800.377,5190,7968,2.370,1.720,1,2,1,0.999,0,0,11,37,0,13,0
24-02 22:02:03,22.277,6.258,40.048,29.285,0,1582664,709920,175600,5457412,13003.693,5885.102,0,12515.103,0,861.039,7644,12575,2.580,1.780,1.020,2,2,46.056,0,0,11,36,0,14,0
24-02 22:02:04,22.227,3.996,39.459,31.467,0,1628916,662816,175652,5458192,10829.731,2822.064,0,11563.967,0,792.176,5593,8982,2.580,1.780,1.020,2,1,5.994,0,0,11,37,0,14,0
24-02 22:02:05,19.500,4.500,49.001,24.750,0,1614804,675532,175716,5459492,15439.266,9067.156,0,12328.213,0,637.011,6289,10135,2.580,1.780,1.020,2,2,0,0,0,11,36,0,15,0
24-02 22:02:06,7.007,5.505,55.555,29.279,0,1520244,769128,175732,5460400,3824.792,486.482,0,8672.597,0,603.598,4966,7892,2.580,1.780,1.020,1,1,69.068,0,0,11,36,0,15,0
24-02 22:02:07,4.500,2.750,60.005,30.002,0.250,1514160,774116,175744,5461416,7191.595,540.045,0,10164.840,0,717.059,4605,8460,2.580,1.780,1.020,3,0,1.000,0,0,11,36,0,15,0
24-02 22:02:08,4.994,2.996,60.429,28.716,0,1504492,782440,175796,5462644,4390.812,539.363,0,9229.096,0,721.148,4819,8838,2.690,1.810,1.040,1,1,0,0,0,11,36,0,15,0
24-02 22:02:09,3.249,2.749,56.487,33.992,0,1497992,788324,175840,5463172,7320.311,539.875,0,11537.339,0,764.824,4446,8254,2.690,1.810,1.040,1,2,5.999,0,0,11,36,0,15,0
24-02 22:02:10,4.754,3.253,58.302,31.278,0,1490656,793612,175856,5465128,7182.408,540.482,0,10373.255,0,700.625,4788,8544,2.690,1.810,1.040,1,2,6.005,0,0,11,36,0,15,0
24-02 22:02:11,4.500,3.000,60.251,29.000,0,1486664,797304,175868,5465412,7194.094,540.007,0,10768.141,0,837.011,5283,9315,2.690,1.810,1.040,5,0,12.000,0,0,11,36,0,15,0
24-02 22:02:12,5.249,3.749,63.489,24.496,0,1481636,801336,175880,5466376,5715.975,539.903,0,12341.787,0,887.841,5159,9581,2.690,1.810,1.040,1,1,6.999,0,0,11,36,0,15,0
24-02 22:02:13,6.501,3.000,56.759,30.255,0,1479132,803616,175920,5466552,4297.679,580.092,0,15234.407,0,1022.162,5128,9404,2.640,1.820,1.040,1,1,6.001,0,0,11,36,0,15,0
24-02 22:02:14,11.003,4.251,55.766,27.008,0,1468968,813300,175956,5466984,5353.504,540.152,0,8726.451,0,645.181,5944,13640,2.640,1.820,1.040,1,1,45.013,0,0,11,36,0,15,0
24-02 22:02:15,6.001,3.501,58.508,28.754,0,1467264,814764,175984,5467188,8916.278,540.077,0,10057.441,0,843.121,5462,9490,2.640,1.820,1.040,1,2,12.002,0,0,11,36,0,15,0
24-02 22:02:16,4.253,2.752,56.786,33.021,0,1460672,821104,175996,5467420,5874.693,540.340,0,9546.000,0,704.443,4438,7917,2.640,1.820,1.040,1,1,9.006,0,0,11,36,0,15,0
24-02 22:02:17,5.249,2.749,58.985,29.743,0,1459536,820436,176024,5469156,11457.111,581.853,0,12568.831,0,865.782,5076,9238,2.640,1.820,1.040,2,1,8.998,0,0,11,36,0,15,0
24-02 22:02:18,4.251,3.001,58.264,32.258,0,1459364,820156,176044,5469580,9935.354,540.128,0,11490.723,0,921.218,4618,8215,2.660,1.840,1.050,2,1,6.001,0,0,11,36,0,15,0
24-02 22:02:19,4.994,2.247,58.924,30.461,0,1458588,820092,176120,5470320,12253.151,539.302,0,10522.390,0,755.023,4691,8278,2.660,1.840,1.050,2,1,5.992,0,0,11,36,0,15,0
24-02 22:02:20,4.763,3.509,63.169,24.816,0,1458256,819812,176256,5470780,7341.661,541.450,0,11290.235,0,924.476,5951,10808,2.660,1.840,1.050,7,1,12.032,0,0,11,36,0,15,0
24-02 22:02:21,5.238,2.993,56.625,32.179,0,1459824,817544,176344,5471372,4375.338,484.929,0,11159.358,0,811.209,5117,9357,2.660,1.840,1.050,1,1,8.980,0,0,11,36,0,15,0
24-02 22:02:22,6.000,3.000,56.002,31.501,0,1459892,817360,176376,5471448,4576.130,540.015,0,14708.417,0,979.028,5116,9265,2.660,1.840,1.050,1,3,7.000,0,0,11,36,0,15,0
24-02 22:02:23,4.755,3.254,56.812,31.284,0,1460164,817588,176448,5470876,7712.380,540.587,0,9942.804,0,849.923,5765,10536,2.610,1.840,1.060,1,1,0,0,0,11,36,0,15,0
24-02 22:02:24,5.501,2.750,65.257,22.502,0,1461004,817588,176496,5469976,6360.681,540.058,0,11229.201,0,933.100,5809,10630,2.610,1.840,1.060,1,1,3.000,0,0,11,36,0,15,0
24-02 22:02:25,6.489,2.995,58.654,28.703,0.250,1460692,817756,176528,5470088,7540.619,539.115,0,12587.332,0,895.530,5201,9427,2.610,1.840,1.060,7,0,2.995,0,0,11,36,0,15,0
24-02 22:02:26,7.754,3.502,51.529,35.020,0,1460592,817504,176584,5470388,8301.650,540.303,0,15144.483,0,924.518,5043,9000,2.610,1.840,1.060,1,2,6.003,0,0,11,36,0,15,0
24-02 22:02:27,7.247,2.249,63.224,24.240,0,1459832,817612,176612,5471012,7508.942,539.780,0,8212.655,0,683.722,4706,8287,2.610,1.840,1.060,1,1,5.998,0,0,11,36,0,15,0
24-02 22:02:28,5.251,3.001,60.761,28.255,0,1459604,817612,176640,5471208,7551.356,486.087,0,10421.871,0,805.145,4874,8789,2.800,1.890,1.080,4,0,9.002,0,0,11,36,0,15,0
24-02 22:02:29,6.000,3.000,62.998,24.499,0,1459520,817108,176660,5471760,4024.854,539.980,0,9955.640,0,846.969,5190,9511,2.800,1.890,1.080,2,2,9.000,0,0,11,36,0,15,0
24-02 22:02:30,6.235,3.990,58.856,27.682,0,1459104,817108,176684,5472144,9715.157,538.678,0,17114.000,0,1173.121,5935,10740,2.800,1.890,1.080,6,2,5.985,0,0,11,36,0,15,0
24-02 22:02:31,6.787,2.514,62.086,25.639,0,1459256,817364,176708,5471700,5637.480,542.935,0,9382.729,0,905.898,5622,10194,2.800,1.890,1.080,1,1,9.049,0,0,11,36,0,15,0
24-02 22:02:32,4.237,2.492,59.319,29.909,0,1459652,817112,176716,5471548,3576.095,538.358,0,10232.796,0,721.799,4470,8213,2.800,1.890,1.080,1,1,6.979,0,0,11,36,0,15,0
24-02 22:02:33,6.494,2.997,55.702,31.723,0,1459228,817112,176728,5471960,7254.766,539.536,0,10562.923,0,924.206,5525,10155,2.900,1.930,1.100,1,2,2.997,0,0,11,36,0,15,0
24-02 22:02:34,5.526,3.014,59.779,28.885,0,1459016,817112,176752,5472148,2982.923,542.532,0,14262.570,0,980.577,4983,9048,2.900,1.930,1.100,2,1,6.028,0,0,11,38,0,15,0
24-02 22:02:35,5.477,2.489,55.763,33.358,0,1459260,816356,176764,5472644,7475.191,537.712,0,15151.526,0,993.771,5160,9305,2.900,1.930,1.100,2,0,2.987,0,0,11,38,0,8,0
24-02 22:02:36,7.770,2.757,65.168,21.806,0,1459048,816056,176788,5473112,5093.108,487.254,0,8205.117,0,755.946,5663,10241,2.900,1.930,1.100,2,1,12.031,0,0,11,38,0,8,0
24-02 22:02:37,9.483,3.244,56.399,27.701,0,1458604,815804,176800,5473784,4719.573,539.038,0,10085.991,0,826.524,5377,9527,2.900,1.930,1.100,1,1,11.979,0,0,11,38,0,8,0
24-02 22:02:38,7.998,2.749,60.489,25.995,0,1458204,815804,176804,5474172,7760.539,539.898,0,14749.224,0,979.816,4913,8817,2.910,1.950,1.110,1,2,5.999,0,0,11,38,0,8,0
24-02 22:02:39,9.034,3.262,64.994,19.824,0,1458676,814544,176836,5474860,6731.240,542.032,0,5376.159,0,653.450,5368,9136,2.910,1.950,1.110,1,1,21.079,0,0,11,38,0,8,0
24-02 22:02:40,6.490,2.496,59.662,28.458,0,1458820,814040,176880,5475168,4366.588,539.208,0,11986.398,0,830.780,4804,8864,2.910,1.950,1.110,1,1,2.996,0,0,11,38,0,8,0
24-02 22:02:41,7.483,3.492,63.357,22.948,0,1458516,813536,176904,5475924,8948.805,538.784,0,9937.573,0,854.073,5668,10189,2.910,1.950,1.110,3,1,14.966,0,0,11,38,0,8,0
24-02 22:02:42,5.252,3.001,56.775,31.514,0.250,1458444,813284,176952,5476188,4631.025,540.236,0,12385.415,0,895.391,5011,9251,2.910,1.950,1.110,1,1,7.003,0,0,11,38,0,8,0
24-02 22:02:43,4.499,2.749,61.733,28.242,0,1458520,812780,176984,5476576,7819.806,485.864,0,9225.411,0,757.787,4670,8527,2.910,1.960,1.120,1,1,11.997,0,0,11,38,0,8,0
24-02 22:02:44,5.497,2.249,62.218,26.736,0.250,1458392,812528,176988,5476940,9048.333,539.722,0,10654.504,0,798.588,4710,8655,2.910,1.960,1.120,1,1,8.995,0,0,11,38,0,8,0
24-02 22:02:45,6.008,3.504,53.568,34.794,0,1457776,812528,177000,5477532,5248.629,540.683,0,14446.247,0,1000.263,5859,10720,2.910,1.960,1.120,1,1,6.008,0,0,11,38,0,8,0
24-02 22:02:46,5.247,2.999,64.718,23.488,0,1457780,811772,177028,5478232,7526.239,539.730,0,7252.376,0,667.666,4850,8821,2.910,1.960,1.120,2,1,2.999,0,0,11,38,0,8,0
24-02 22:02:47,4.746,2.997,57.450,31.723,0,1457724,811520,177040,5478520,7084.893,539.535,0,14527.477,0,976.159,5158,9440,2.910,1.960,1.120,1,2,5.995,0,0,11,38,0,7,0
24-02 22:02:48,7.013,3.507,57.610,30.057,0,1458000,810764,177056,5478972,7176.666,541.030,0,13197.130,0,933.778,5233,9448,2.920,1.980,1.130,2,1,12.023,0,0,11,38,0,7,0
24-02 22:02:49,3.997,1.749,62.461,27.982,0,1457140,810864,177060,5479716,10145.649,539.662,0,7139.531,0,614.615,5887,10887,2.920,1.980,1.130,3,2,12.992,0,0,11,38,0,7,0
24-02 22:02:50,4.993,2.996,61.917,27.963,0,1456744,810864,177076,5480084,9734.980,485.351,0,11169.062,0,831.887,4856,8890,2.920,1.980,1.130,1,1,5.992,0,0,11,38,0,7,0
24-02 22:02:51,6.255,2.502,61.047,27.021,0,1456780,810108,177092,5480768,6671.143,540.417,0,9091.009,0,799.616,5824,10603,2.920,1.980,1.130,2,1,12.009,0,0,11,38,0,6,0
24-02 22:02:52,5.002,4.001,60.271,27.510,0,1456880,809604,177104,5481152,3328.175,540.191,0,13980.935,0,1017.359,5470,10202,2.920,1.980,1.130,2,1,7.002,0,0,11,38,0,6,0
24-02 22:02:53,4.747,2.998,61.214,27.734,0,1456820,809352,177112,5481448,3331.065,539.686,0,17042.099,0,1084.370,5310,9897,2.930,2,1.140,2,1,8.995,0,0,11,38,0,6,0
24-02 22:02:54,5.522,2.510,62.248,26.857,0.251,1456720,809100,177116,5481784,7593.293,584.331,0,8321.197,0,764.048,5030,9292,2.930,2,1.140,1,1,6.024,0,0,11,38,0,6,0
24-02 22:02:55,4.486,3.240,60.306,29.405,0,1456516,808848,177124,5482220,4928.126,538.266,0,10191.173,0,741.611,4636,8428,2.930,2,1.140,2,0,8.971,0,0,11,38,0,6,0
24-02 22:02:56,6.744,3.247,56.700,29.724,0,1456456,808344,177136,5482760,8394.544,539.521,0,14754.896,0,1101.022,6338,11478,2.930,2,1.140,1,2,20.981,0,0,11,38,0,6,0
24-02 22:02:57,5.993,3.746,58.435,28.219,0,1457680,806436,177156,5483404,7460.748,539.403,0,13632.921,0,984.911,6333,11228,2.930,2,1.140,2,0,23.973,0,0,11,38,0,6,0
24-02 22:02:58,8.260,3.003,64.825,21.775,0,1458128,805176,177156,5484184,6683.743,486.564,0,8890.300,0,878.017,6069,11127,3.010,2.030,1.150,2,0,21.024,0,0,11,38,0,6,0
24-02 22:02:59,5.744,2.747,59.690,27.972,0,1457176,805688,177164,5484604,7369.632,539.461,0,12383.620,0,926.074,5164,9500,3.010,2.030,1.150,1,2,14.985,0,0,11,38,0,4,0
24-02 22:03:00,5.005,2.502,56.801,32.780,0,1457100,805436,177172,5484912,4945.460,540.487,0,12607.370,0,846.764,4645,8525,3.010,2.030,1.150,1,3,6.005,0,0,11,38,0,4,0
24-02 22:03:01,4.251,2.751,64.021,25.759,0,1457136,804932,177192,5485344,7535.503,540.179,0,8474.815,0,764.254,5285,9666,3.010,2.030,1.150,4,1,15.005,0,0,11,38,0,4,0
24-02 22:03:02,6.497,3.248,59.469,27.985,0,1457536,804176,177220,5485660,8648.465,539.717,0,12785.296,0,999.476,6067,11015,3.010,2.030,1.150,1,1,12.993,0,0,11,38,0,4,0
24-02 22:03:03,4.002,3.501,56.773,32.263,0,1457356,804008,177244,5485980,5414.189,540.218,0,14926.035,0,1054.426,5412,10014,2.930,2.030,1.160,2,1,3.001,0,0,11,38,0,2,0
24-02 22:03:04,8.245,2.748,64.460,21.986,0,1459220,801740,177256,5486340,8366.843,539.667,0,6507.989,0,670.587,5173,9024,2.930,2.030,1.160,1,2,8.994,0,0,11,38,0,2,0
24-02 22:03:05,4.503,3.502,58.541,29.271,0,1458968,801740,177272,5486572,6247.414,486.344,0,15238.766,0,1058.748,5476,10047,2.930,2.030,1.160,1,2,6.004,0,0,11,38,0,2,0
24-02 22:03:06,7.512,2.254,60.345,27.794,0,1461452,798716,177276,5487100,6510.231,540.850,0,7019.030,0,589.927,4587,8007,2.930,2.030,1.160,1,1,6.009,0,0,11,38,0,2,0
24-02 22:03:07,4.241,2.495,61.864,26.691,0.249,1462152,798716,177280,5486388,5740.399,538.817,0,13250.913,0,915.989,5692,10686,2.930,2.030,1.160,3,0,2.993,0,0,11,38,0,1,0
24-02 22:03:08,5.501,3.251,60.765,28.257,0,1463164,798968,177300,5485104,4294.049,540.132,0,10890.661,0,839.205,6394,12019,3.020,2.060,1.170,3,0,0,0,0,11,38,0,1,0
24-02 22:03:09,6.250,3.250,62.002,24.501,0,1464912,799244,177324,5483064,7244.229,540.017,0,11484.363,0,981.031,6370,11737,3.020,2.060,1.170,1,1,0,0,0,11,38,0,1,0
24-02 22:03:10,5.497,3.498,56.464,31.480,0,1466360,799244,177340,5481604,7009.539,539.657,0,13055.691,0,975.379,5878,10905,3.020,2.060,1.170,2,1,0,0,0,11,38,0,1,0
24-02 22:03:11,6.005,3.003,63.055,24.772,0,1466452,799244,177344,5481504,3411.987,540.473,0,9212.064,0,758.664,5438,9939,3.020,2.060,1.170,1,2,6.005,0,0,11,38,0,1,0
24-02 22:03:12,5.004,3.253,57.046,31.776,0,1466120,799552,177348,5481528,8342.728,540.436,0,14655.820,0,902.728,5025,8971,3.020,2.060,1.170,1,2,7.006,0,0,11,38,0,1,0
24-02 22:03:13,7.002,2.501,65.016,22.505,0,1466288,798796,177360,5482100,5760.405,580.141,0,7005.709,0,722.176,5318,9537,3.020,2.080,1.180,1,2,12.003,0,0,11,38,0,1,0
24-02 22:03:14,8.994,5.996,54.714,27.981,0,1462164,802744,177372,5482260,7780.823,539.641,0,13998.686,0,927.383,6110,15924,3.020,2.080,1.180,1,2,41.972,0,0,11,38,0,2,0
24-02 22:03:15,8.247,2.999,61.478,24.241,0,1462356,802744,177376,5482064,6347.705,539.805,0,11279.922,0,797.712,4867,8590,3.020,2.080,1.180,2,0,8.997,0,0,11,36,0,3,0
24-02 22:03:16,11.805,17.331,64.802,5.526,0,1335684,929304,177376,5482200,4181.460,542.525,0,2660.381,0,156.729,5775,5220,3.020,2.080,1.180,3,0,474.207,0,0,11,32,0,2,0
24-02 22:03:17,39.006,18.003,40.256,2.250,0,1431396,833320,177396,5482452,9307.339,540.078,0,2152.310,0,134.019,6508,5708,3.020,2.080,1.180,4,0,471.068,0,0,11,32,0,8,0
24-02 22:03:18,67.252,8.250,21.251,2.500,0,1666932,595432,177472,5484552,9209.247,540.015,0,1828.049,0,108.003,4077,1938,3.180,2.130,1.210,3,1,3.000,0,0,11,32,0,8,0
24-02 22:03:19,58.048,5.481,26.408,9.218,0,1762508,496424,177600,5487460,5622.462,538.130,0,7230.872,0,210.269,3836,1991,3.180,2.130,1.210,6,0,5.979,0,0,11,32,0,8,0
24-02 22:03:20,19.525,3.505,46.310,28.037,0,1773904,481808,177648,5490456,8334.872,540.705,0,9512.408,0,677.884,5867,9177,3.180,2.130,1.210,3,2,33.043,0,0,11,38,0,8,0
24-02 22:03:21,9.728,3.243,53.129,31.927,0,1775932,478532,177664,5491656,5950.416,484.893,0,11493.761,0,816.137,5759,10343,3.180,2.130,1.210,2,2,29.932,0,0,11,38,0,8,0
24-02 22:03:22,9.253,3.001,47.267,36.763,0,1775196,477776,177668,5493100,7860.762,540.190,0,12480.385,0,800.281,7615,13993,3.180,2.130,1.210,2,3,25.009,0,0,11,38,0,8,0
24-02 22:03:23,6.495,3.497,52.212,35.225,0,1773892,477696,177672,5494448,9047.489,539.612,0,14337.683,0,933.328,5313,9817,3.160,2.140,1.220,2,1,11.991,0,0,11,38,0,8,0
24-02 22:03:24,7.252,3.001,53.016,32.010,0,1773484,476768,177684,5495736,3585.115,540.168,0,15748.897,0,1033.321,6061,11293,3.160,2.140,1.220,2,1,21.007,0,0,11,38,0,8,0
24-02 22:03:25,6.761,3.255,45.326,41.570,0,1772504,476516,177704,5496916,7579.785,540.912,0,13711.127,0,917.548,5459,9696,3.160,2.140,1.220,1,3,24.041,0,0,11,38,0,8,0
24-02 22:03:26,8.739,3.995,50.189,34.708,0,1773168,474752,177716,5497940,7153.250,539.340,0,15145.473,0,1010.764,6562,11801,3.160,2.140,1.220,1,3,29.963,0,0,11,38,0,8,0
24-02 22:03:27,6.993,2.498,54.696,33.467,0.250,1773724,472736,177724,5499352,7303.743,539.464,0,7092.952,0,543.460,5464,9614,3.160,2.140,1.220,1,3,20.979,0,0,11,38,0,8,0
24-02 22:03:28,8.751,4.001,48.508,35.255,0,1772856,472232,177740,5500644,7284.134,486.076,0,16650.591,0,1124.175,7463,13420,3.230,2.170,1.230,1,1,36.006,0,0,11,38,0,8,0
24-02 22:03:29,7.744,3.497,48.461,36.970,0,1772768,470972,177752,5501932,9928.945,539.562,0,13628.943,0,950.229,6523,11807,3.230,2.170,1.230,1,1,23.981,0,0,11,38,0,8,0
24-02 22:03:30,8.502,3.251,49.013,36.509,0,1772296,469712,177764,5503592,6139.587,540.140,0,14679.794,0,1019.263,6119,10825,3.230,2.170,1.230,2,3,21.005,0,0,11,38,0,8,0
24-02 22:03:31,7.995,3.498,55.718,29.483,0,1772552,468452,177780,5504544,5054.107,539.691,0,13832.081,0,949.456,5983,10841,3.230,2.170,1.230,2,2,26.985,0,0,11,38,0,8,0
24-02 22:03:32,8.755,3.002,50.528,35.270,0,1773248,466688,177784,5505548,2860.612,540.305,0,12326.948,0,838.473,5446,9750,3.230,2.170,1.230,7,1,31.017,0,0,11,38,0,8,0
24-02 22:03:33,5.998,2.749,50.234,37.988,0,1772884,466184,177788,5506400,7088.745,539.828,0,12456.038,0,872.722,4940,8895,3.290,2.200,1.250,1,1,20.993,0,0,11,38,0,8,0
24-02 22:03:34,8.025,3.260,48.905,37.117,0,1773356,464420,177804,5507636,5726.109,541.713,0,13615.057,0,879.782,5889,10311,3.290,2.200,1.250,3,2,33.105,0,0,11,38,0,8,0
24-02 22:03:35,6.481,3.739,49.856,36.644,0,1772868,463664,177812,5508840,8663.035,538.448,0,14498.219,0,958.239,6106,11054,3.290,2.200,1.250,2,5,20.940,0,0,11,38,0,8,0
24-02 22:03:36,5.003,3.252,47.279,41.276,0,1772504,462936,177820,5509864,8977.550,486.301,0,12547.758,0,839.519,5351,9528,3.290,2.200,1.250,1,1,15.009,0,0,11,38,0,8,0
24-02 22:03:37,6.995,2.498,56.958,31.727,0,1772572,461928,177820,5510780,7750.338,539.606,0,7482.534,0,572.582,4586,7987,3.290,2.200,1.250,2,0,14.989,0,0,11,38,0,8,0
24-02 22:03:38,6.255,3.503,53.039,34.025,0,1772476,461172,177820,5511580,7508.521,540.397,0,16480.117,0,1070.787,5697,10460,3.430,2.250,1.270,1,1,15.011,0,0,11,38,0,8,0
24-02 22:03:39,6.249,4.249,51.243,35.745,0,1773580,459156,177820,5512428,3345.540,539.926,0,14813.965,0,961.868,5558,10023,3.430,2.250,1.270,2,2,14.998,0,0,11,38,0,8,0
24-02 22:03:40,5.748,2.749,50.735,36.739,0,1773144,458904,177832,5513084,3867.893,539.845,0,11504.707,0,826.763,5785,10465,3.430,2.250,1.270,1,1,17.995,0,0,11,38,0,8,0
24-02 22:03:41,7.252,2.501,52.765,34.010,0.250,1772924,458148,177844,5514016,8052.251,540.151,0,10466.927,0,766.214,5817,10343,3.430,2.250,1.270,2,0,18.005,0,0,11,38,0,8,0
24-02 22:03:42,5.253,3.252,51.024,37.268,0,1772540,457896,177844,5514636,6792.253,540.259,0,13634.531,0,892.427,5306,9723,3.430,2.250,1.270,1,1,16.008,0,0,11,38,0,8,0
24-02 22:03:43,17.574,5.523,41.173,33.641,0,1628408,601128,177856,5515496,7117.855,488.047,0,14858.322,0,989.149,6740,10787,3.470,2.280,1.280,2,2,81.341,0,0,11,36,0,8,0
24-02 22:03:44,29.996,5.499,30.246,32.746,0,1701476,526788,177864,5516716,2839.636,539.931,0,14870.095,0,996.872,7135,11504,3.470,2.280,1.280,3,1,42.994,0,0,11,36,0,8,0
24-02 22:03:45,30.657,4.237,33.648,29.162,0,1759764,467064,177872,5518088,7985.838,538.371,0,9834.245,0,747.738,6265,10020,3.470,2.280,1.280,3,2,31.903,0,0,11,38,0,8,0
24-02 22:03:46,13.983,6.492,44.445,32.460,0,1702600,523260,177880,5519012,4932.922,539.335,0,12920.081,0,870.927,7160,11925,3.470,2.280,1.280,4,1,89.889,0,0,11,36,0,8,0
24-02 22:03:47,5.997,2.998,53.719,33.980,0,1694856,529912,177888,5520076,3510.983,539.690,0,13192.421,0,874.498,5276,9404,3.470,2.280,1.280,1,1,17.990,0,0,11,36,0,8,0
24-02 22:03:48,6.770,3.009,51.902,35.855,0,1685876,537976,177912,5520944,7178.062,541.589,0,14490.519,0,875.569,5554,9861,3.520,2.310,1.300,1,5,27.079,0,0,11,36,0,8,0
24-02 22:03:49,5.237,2.993,52.369,35.661,0,1677492,545408,177920,5521864,6537.705,538.657,0,11247.964,0,773.073,6026,11028,3.520,2.310,1.300,1,1,17.955,0,0,11,36,0,8,0
24-02 22:03:50,5.767,3.009,56.418,32.096,0,1670256,551456,177932,5523008,3087.213,487.455,0,10407.057,0,754.251,5390,10092,3.520,2.310,1.300,3,2,9.027,0,0,11,36,0,8,0
24-02 22:03:51,5.472,3.234,48.755,39.551,0.249,1658400,561828,177936,5524452,6728.136,537.296,0,11092.172,0,759.179,4921,8689,3.520,2.310,1.300,1,3,5.970,0,0,11,36,0,8,0
24-02 22:03:52,5.998,2.499,50.233,37.987,0,1652856,565244,177948,5526496,6214.871,539.815,0,10760.314,0,684.765,4782,8485,3.520,2.310,1.300,1,3,21.992,0,0,11,36,0,8,0
24-02 22:03:53,5.751,3.001,55.513,32.758,0,1649024,568344,177956,5527164,7016.683,540.130,0,14503.478,0,821.197,4849,8475,3.640,2.350,1.320,1,1,18.004,0,0,11,36,0,8,0
24-02 22:03:54,6.286,3.268,53.050,35.199,0,1645152,571420,177960,5527940,4375.746,585.310,0,12402.136,0,839.749,5145,9219,3.640,2.350,1.320,1,3,18.102,0,0,11,36,0,8,0
24-02 22:03:55,12.747,3.249,51.738,29.993,0,1642632,573096,177976,5528736,4806.931,539.880,0,9229.948,0,713.841,6131,10476,3.640,2.350,1.320,2,2,2.999,0,0,11,36,0,8,0
24-02 22:03:56,3.988,2.991,52.339,36.388,0,1641860,572620,177984,5529956,7451.089,538.345,0,12860.455,0,791.566,5011,9409,3.640,2.350,1.320,1,3,0,0,0,11,36,0,8,0
24-02 22:03:57,6.985,3.742,53.135,34.425,0,1639888,573208,177992,5531292,5695.626,538.829,0,14484.532,0,904.036,5660,10353,3.640,2.350,1.320,3,4,0,0,0,11,36,0,8,0
24-02 22:03:58,5.005,3.253,51.052,37.288,0,1638076,573528,177996,5532696,6788.951,486.498,0,13289.607,0,783.803,5396,9695,3.660,2.380,1.330,2,1,0,0,0,11,36,0,8,0
24-02 22:03:59,4.258,2.254,54.353,35.818,0,1636616,573692,177996,5533960,5172.833,541.028,0,9830.686,0,653.242,4870,9079,3.660,2.380,1.330,3,0,0,0,0,11,36,0,8,0
24-02 22:04:00,4.995,3.246,43.453,45.950,0,1635224,573448,178000,5535528,7682.672,539.415,0,11223.833,0,723.216,4701,8477,3.660,2.380,1.330,1,3,0,0,0,11,36,0,8,0
24-02 22:04:01,5.001,3.501,54.262,34.507,0,1633856,573532,178004,5536748,5903.265,540.116,0,11242.409,0,733.157,4797,8692,3.660,2.380,1.330,3,2,0,0,0,11,36,0,8,0
24-02 22:04:02,5.502,3.251,48.771,40.017,0,1634120,571884,178004,5538044,3938.681,540.231,0,13365.704,0,843.360,4733,8497,3.660,2.380,1.330,5,1,1.000,0,0,11,36,0,8,0
24-02 22:04:03,4.506,3.255,47.817,40.807,0,1633444,571380,178008,5539144,3410.799,540.761,0,13430.896,0,833.172,5250,9653,3.770,2.430,1.350,4,3,0,0,0,11,36,0,8,0
24-02 22:04:04,5.241,2.995,53.408,35.938,0,1633148,569868,178016,5540896,7371.259,539.068,0,8908.602,0,611.942,4479,7975,3.770,2.430,1.350,4,0,0,0,0,11,36,0,8,0
24-02 22:04:05,4.999,2.999,53.741,34.494,0,1633388,568104,178020,5542376,5127.134,485.918,0,11941.983,0,758.872,5617,10491,3.770,2.430,1.350,2,1,0,0,0,11,36,0,8,0
24-02 22:04:06,5.250,2.500,51.746,35.997,0.250,1633476,567096,178020,5543272,8287.385,539.960,0,12883.044,0,883.934,5816,10662,3.770,2.430,1.350,2,0,11.999,0,0,11,36,0,8,0
24-02 22:04:07,6.751,3.501,57.010,30.255,0,1635032,565332,178020,5543468,8335.428,540.093,0,11393.952,0,875.150,5411,9685,3.770,2.430,1.350,1,4,6.001,0,0,11,36,0,8,0
24-02 22:04:08,3.500,3.500,57.492,31.496,0,1634868,565080,178020,5543868,7232.977,539.924,0,15613.791,0,999.859,5234,9539,3.790,2.450,1.370,1,1,8.999,0,0,11,36,0,8,0
24-02 22:04:09,4.250,3.000,57.750,33.500,0,1634740,564828,178028,5544240,5393.046,540.005,0,9372.080,0,707.006,5602,10358,3.790,2.450,1.370,1,1,9.000,0,0,11,36,0,8,0
24-02 22:04:10,4.748,2.499,61.720,27.487,0,1635228,564324,178032,5544240,3886.099,539.736,0,8160.008,0,663.675,4708,8318,3.790,2.450,1.370,1,1,11.994,0,0,11,36,0,8,0
24-02 22:04:11,7.007,3.253,56.055,30.280,0,1634988,564324,178036,5544472,4832.765,540.533,0,13381.194,0,984.971,5936,10819,3.790,2.450,1.370,1,1,18.018,0,0,11,36,0,8,0
24-02 22:04:12,6.498,3.749,52.485,34.740,0,1634944,563316,178044,5545492,9076.321,485.857,0,14091.840,0,947.720,5419,9634,3.790,2.450,1.370,1,1,6.998,0,0,11,36,0,8,0
24-02 22:04:13,10.481,3.244,51.907,31.194,0,1635440,562308,178048,5545980,6789.772,632.860,0,13383.896,0,856.458,6720,12029,3.810,2.480,1.380,1,1,11.978,0,0,11,36,0,8,0
24-02 22:04:14,7.251,3.750,49.505,36.754,0,1643624,553488,178048,5547100,8663.952,540.059,0,9517.046,0,713.078,5252,8964,3.810,2.480,1.380,2,2,29.003,0,0,11,36,0,8,0
24-02 22:04:15,10.027,4.011,55.148,28.075,0,1642084,554748,178052,5546840,7775.818,541.450,0,9629.782,0,732.962,5728,13746,3.810,2.480,1.380,4,4,37.099,0,0,11,36,0,9,0
24-02 22:04:16,8.524,2.758,49.888,35.599,0,1641696,554496,178060,5547452,7568.958,541.499,0,12350.197,0,931.579,5421,9584,3.810,2.480,1.380,3,1,15.042,0,0,11,36,0,9,0
24-02 22:04:17,27.626,10.702,49.031,10.951,0,1389884,806336,178064,5547432,7211.721,537.594,0,6538.733,0,437.044,5225,5654,3.810,2.480,1.380,3,1,250.877,0,0,11,32,0,2,0
24-02 22:04:18,22.516,5.004,57.291,14.510,0,1449312,746908,178064,5547432,4921.517,540.386,0,9390.711,0,576.412,3061,3663,3.740,2.490,1.390,2,0,3.002,0,0,11,32,0,2,0
24-02 22:04:19,23.246,2.500,66.989,5.999,0,1496980,699232,178064,5547440,8451.645,539.913,0,2123.660,0,108.983,2321,2258,3.740,2.490,1.390,2,0,2.000,0,0,11,38,0,2,0
24-02 22:04:20,20.759,4.502,73.281,0,0,1484600,711612,178064,5547440,7344.119,486.206,0,80.034,0,6.003,2162,1467,3.740,2.490,1.390,3,0,28.012,0,0,11,32,0,2,0
24-02 22:04:21,22.743,3.499,73.477,0,0,1552068,644144,178064,5547440,3288.961,539.829,0,27.991,0,3.999,1766,1306,3.740,2.490,1.390,2,0,1.999,0,0,11,32,0,1,0
24-02 22:04:22,17.076,18.331,60.518,3.264,0,1490140,706052,178064,5547460,7600.690,542.404,0,819.633,0,58.258,5159,4852,3.740,2.490,1.390,3,0,540.395,0,0,11,32,0,1,0
24-02 22:04:23,10.986,31.210,56.178,0.250,0,1480544,715592,178064,5547516,4817.840,539.310,0,315.597,0,28.963,7651,7184,3.520,2.460,1.390,2,0,991.732,0,0,11,32,0,1,0
24-02 22:04:24,8.728,20.947,69.325,0.249,0,1477964,718076,178064,5547604,7662.634,538.639,0,351.113,0,63.839,6239,4853,3.520,2.460,1.390,2,0,486.770,0,0,11,32,0,1,0
24-02 22:04:25,9.522,20.799,68.912,0,0,1464504,731476,178064,5547640,5830.714,541.273,0,36.085,0,9.021,5926,4563,3.520,2.460,1.390,2,0,418.985,0,0,11,32,0,1,0
24-02 22:04:26,18.923,14.442,66.232,0,0,1429264,766660,178064,5547828,3761.784,537.825,0,107.565,0,5.976,6723,8768,3.520,2.460,1.390,2,0,223.098,0,0,11,32,0,1,0
24-02 22:04:27,45.488,9.997,43.738,0,0,1552984,642916,178068,5548136,7030.094,539.854,0,39.989,0,1.000,3547,2245,3.520,2.460,1.390,3,0,122.967,0,0,11,33,0,1,0
24-02 22:04:28,41.640,5.735,48.621,3.241,0,1640784,554804,178072,5548444,5440.610,484.718,103.726,367.029,0.997,22.939,3227,2705,3.400,2.450,1.390,3,0,16.955,0,0,11,49,0,1,0
24-02 22:04:29,44.507,6.286,47.273,0.754,0,1677076,514104,178116,5552396,5185.917,543.133,0,1593.191,0,153.888,5476,7310,3.400,2.450,1.390,3,0,50.290,0,0,11,48,0,1,0
24-02 22:04:30,13.286,18.049,67.432,0.251,0,1671328,519756,178116,5552428,11450.950,541.463,0,216.585,0,15.041,6315,6741,3.400,2.450,1.390,2,0,362.981,0,0,11,48,0,1,0
24-02 22:04:31,8.706,5.224,85.069,0,0,1675620,515444,178116,5552432,5206.650,537.281,0,43.778,0,3.980,3329,4725,3.400,2.450,1.390,2,0,84.572,0,0,11,48,0,1,0
24-02 22:04:32,0.250,1.000,97.020,0.250,0.250,1674996,516068,178116,5552432,7830.581,540.109,0,456.092,0,32.006,1058,1572,3.400,2.450,1.390,1,0,4.001,0,0,11,48,0,1,0
24-02 22:04:33,0.750,0.500,97.984,0,0,1671264,519796,178116,5552436,5113.149,539.910,0,35.994,0,3.999,773,1033,3.130,2.410,1.380,1,0,3.000,0,0,11,48,0,1,0
24-02 22:04:34,0.250,0.250,98.486,0.250,0,1667828,523232,178116,5552436,3386.507,539.921,0,547.920,0,68.990,704,932,3.130,2.410,1.380,1,0,1.000,0,0,11,48,0,1,0
24-02 22:04:35,7.537,8.291,79.389,4.020,0,1656404,534652,178116,5552776,7603.231,488.392,0,3822.719,0,241.181,3998,5103,3.130,2.410,1.380,2,0,201.989,0,0,11,48,0,1,0
24-02 22:04:36,16.925,10.952,71.435,0,0,1681224,509816,178116,5552428,6646.697,537.630,0,7.965,0,1.991,4085,4935,3.130,2.410,1.380,2,0,162.285,0,0,11,48,0,1,0
24-02 22:04:37,13.498,20.497,63.990,0,0,1695588,495260,178116,5552972,9802.407,777.874,0,3.999,0,1.000,6765,7613,3.130,2.410,1.380,1,0,442.928,0,0,12,48,0,1,0
24-02 22:04:38,19.577,13.553,65.506,0.502,0,1689320,501388,178128,5552716,6435.196,762.987,0,815.192,0,55.216,6145,8260,2.960,2.390,1.380,2,0,274.073,0,0,12,64,1,1,0
24-02 22:04:39,4.003,9.256,85.053,0,0,1693684,496892,178128,5553152,7464.695,614.386,0,16.010,0,4.003,3110,2703,2.960,2.390,1.380,6,0,154.097,0,0,14,66,1,1,0
24-02 22:04:40,18.234,12.489,67.440,0.749,0,1687064,503436,178128,5552852,8257.664,613.455,0,1518.651,0,125.888,6481,8657,2.960,2.390,1.380,2,0,245.782,0,0,14,66,1,2,0
24-02 22:04:41,9.253,19.256,69.772,0,0,1670168,520300,178128,5552888,3146.985,614.192,0,20.006,0,5.002,5935,4670,2.960,2.390,1.380,2,0,434.136,0,0,14,66,1,2,0
24-02 22:04:42,15.724,17.471,64.644,1.248,0,1682416,508012,178128,5553356,3814.729,696.854,0,746.772,0,48.920,6931,8927,2.960,2.390,1.380,3,0,312.486,0,0,14,66,1,2,0
24-02 22:04:43,28.486,21.240,49.476,0,0,1750492,439888,178136,5552952,8396.983,559.732,0,1283.386,0,13.993,6262,5733,2.880,2.380,1.380,3,0,541.741,0,0,14,66,1,2,0
24-02 22:04:44,30.251,25.001,44.001,0,0,1853396,335532,178180,5554308,5152.139,540.015,8.000,32.001,1.000,5.000,7587,8403,2.880,2.380,1.380,4,0,661.018,0,0,14,66,1,2,0
24-02 22:04:45,35.017,21.510,42.771,0,0,1947568,241108,178184,5554920,7164.494,614.300,0,40.020,0,10.005,6881,7158,2.880,2.380,1.380,4,0,439.214,0,0,14,70,1,4,0
24-02 22:04:46,60.965,19.739,18.989,0,0,2035312,153140,178184,5555112,8051.390,539.691,0,23.986,0,5.997,5258,5866,2.880,2.380,1.380,5,0,432.752,0,0,14,70,1,4,0
24-02 22:04:47,62.620,19.210,17.214,0,0,2134932,177764,171392,5440476,7172.108,628.695,11.975,43.909,2.994,8.981,6080,10080,2.880,2.380,1.380,3,0,341.291,0,0,14,70,1,4,0
24-02 22:04:48,70.232,24.581,3.762,1.505,0,2287240,193864,170644,5276720,7912.087,541.786,76.251,3339.009,12.040,129.427,5505,6224,3.050,2.430,1.400,5,2,584.929,0,0,14,70,1,4,0
24-02 22:04:49,71.914,19.227,3.746,4.994,0,2479700,156476,170468,5125376,4527.564,613.264,527.367,1793.846,72.912,7.990,7169,8500,3.050,2.430,1.400,6,1,292.649,0,0,14,74,1,4,0
24-02 22:04:50,58.398,22.808,6.517,12.281,0,2575252,200044,170004,4990072,3690.354,487.235,4.010,8128.603,1.003,611.550,9547,13990,3.050,2.430,1.400,6,0,515.306,0,0,14,76,1,4,0
24-02 22:04:51,50.032,15.433,19.167,13.690,0,2670116,168488,170008,4928236,11182.352,537.661,79.653,14126.543,2.987,350.475,9314,12404,3.050,2.430,1.400,3,1,208.095,0,0,14,79,1,4,0
24-02 22:04:52,48.002,6.500,24.751,19.501,0,2765896,140432,170024,4862252,6678.239,540.019,28.001,8112.290,2.000,350.013,7214,8696,3.050,2.430,1.400,3,0,4.000,0,0,14,79,1,4,0
24-02 22:04:53,78.832,16.068,5.021,0.251,0,2878544,163436,170076,4729216,7088.876,542.285,48.203,1964.279,6.025,90.381,9204,19823,3.290,2.490,1.430,4,0,286.206,0,0,14,92,1,12,0
24-02 22:04:54,27.453,23.210,45.672,2.496,0,2942804,163236,170080,4666440,8259.875,539.078,7.986,1341.706,1.997,66.886,8520,13225,3.290,2.490,1.430,5,0,560.042,0,0,14,97,1,16,0
24-02 22:04:55,28.725,14.238,54.203,1.499,0,2983860,188472,170084,4601664,7860.226,539.535,163.859,995.142,4.996,50.956,6536,9189,3.290,2.490,1.430,3,0,267.769,0,0,14,98,1,16,0
24-02 22:04:56,46.368,7.018,38.348,8.522,0,3099952,138528,170092,4537112,5331.556,541.377,0,9688.634,0,457.162,3686,2933,3.290,2.490,1.430,3,0,0,0,0,14,98,1,16,0
24-02 22:04:57,9.746,18.742,68.220,1.499,0,3115512,188624,170092,4473112,3792.338,629.724,0,1275.441,0,76.966,6312,5621,3.290,2.490,1.430,2,0,411.819,0,0,14,101,1,16,0
24-02 22:04:58,8.255,19.261,71.289,0,0,3125176,178936,170092,4473136,4880.699,560.310,4.002,492.272,1.001,18.010,6500,5447,3.100,2.460,1.420,2,0,516.286,0,0,14,101,1,16,0
24-02 22:04:59,20.385,5.469,73.087,0.497,0,3186540,184020,170092,4408912,8137.040,777.608,3.978,3384.881,0.994,9.944,2373,1760,3.100,2.460,1.420,1,0,62.646,0,0,14,101,2,16,0
24-02 22:05:00,17.755,2.501,78.771,0.500,0.250,3125152,245356,170092,4408964,28517.430,22906.968,40.010,340.089,4.001,26.007,2639,2812,3.100,2.460,1.420,3,0,1.000,0,0,14,103,1,17,0
24-02 22:05:01,21.018,5.505,69.058,4.003,0,3200192,170300,170092,4408980,7287.149,540.456,0,7021.925,0,362.306,2605,1776,3.100,2.460,1.420,2,0,62.052,0,0,14,103,1,17,0
24-02 22:05:02,14.735,2.997,80.419,0,0,3203148,167320,170096,4409000,14084.860,7072.900,0,303.695,0,22.977,2412,2513,3.100,2.460,1.420,2,0,3.996,0,0,14,106,1,17,0
24-02 22:05:03,21.999,4.500,64.247,7.750,0,3205188,164348,170104,4409896,8838.564,539.973,447.978,2007.901,26.999,214.989,4791,7305,2.930,2.440,1.420,4,0,4.000,0,0,14,111,1,17,0
24-02 22:05:04,28.011,9.003,55.021,7.003,0,3210572,158872,170104,4409988,7939.994,1683.635,8.003,4417.666,1.000,290.109,5423,6879,2.930,2.440,1.420,3,0,116.044,0,0,14,116,1,19,0
24-02 22:05:05,22.524,3.504,71.825,0.250,0,3286312,146016,170104,4348136,9332.794,6257.566,36.038,640.672,3.003,34.036,2410,2197,2.930,2.440,1.420,3,0,0,0,0,14,117,1,19,0
24-02 22:05:06,19.252,2.750,74.256,3.000,0,3292832,139648,170104,4348128,12757.105,3196.277,8.001,688.060,2.000,59.005,2341,2377,2.930,2.440,1.420,4,0,0,0,0,14,117,1,19,0
24-02 22:05:07,30.693,8.484,57.393,3.493,0,3291004,204360,170108,4286616,9716.804,1730.759,31.940,1209.735,1.996,124.766,5427,6595,2.930,2.440,1.420,3,0,95.821,0,0,14,120,1,20,0
24-02 22:05:08,41.790,7.257,48.547,1.501,0,3384704,173696,170108,4225124,6840.598,2598.506,16.015,776.749,4.004,57.055,3389,2636,2.860,2.430,1.430,2,0,7.007,0,0,14,121,1,20,0
24-02 22:05:09,22.218,5.991,71.148,0.499,0,3350308,208176,170108,4225096,30502.226,21080.747,0,487.301,0,22.967,2839,2136,2.860,2.430,1.430,2,0,54.921,0,0,14,120,1,21,0
24-02 22:05:10,19.014,2.502,75.557,1.751,0,3397728,160616,170108,4225236,12275.291,6257.737,0,2710.051,0,315.239,2142,1502,2.860,2.430,1.430,2,0,0,0,0,14,121,1,21,0
24-02 22:05:11,20.266,5.004,73.557,0,0,3401784,156588,170108,4225248,25915.173,17377.527,0,0,0,0,2433,1831,2.860,2.430,1.430,3,0,51.040,0,0,14,120,1,22,0
24-02 22:05:12,16.757,2.251,80.283,0.750,0.250,3402232,156124,170108,4225264,14506.890,7080.875,4.002,140.057,1.000,14.006,1901,1702,2.860,2.430,1.430,2,0,1.000,0,0,14,121,1,22,0
24-02 22:05:13,19.729,6.993,68.179,3.496,0,3401328,156980,170108,4225312,6757.975,1726.206,0,1066.891,0,101.894,3567,3873,2.710,2.410,1.420,2,0,82.914,0,0,14,122,1,23,0
24-02 22:05:14,22.762,4.002,70.286,1.751,0,3407476,150776,170108,4225368,27232.887,22964.711,32.016,792.404,2.001,59.030,5991,10078,2.710,2.410,1.420,1,0,30.015,0,0,14,131,1,26,0
24-02 22:05:15,24.977,6.993,66.188,0.500,0,3395236,225140,170108,4164768,13160.733,737.313,23.978,451.579,1.998,27.974,3284,13821,2.710,2.410,1.420,2,0,90.915,0,0,14,130,1,28,0
24-02 22:05:16,16.484,2.747,78.175,2.248,0,3412096,208256,170112,4164788,14769.876,7185.129,7.992,863.175,1.998,96.907,2758,3326,2.710,2.410,1.420,5,0,0,0,0,14,131,1,28,0
24-02 22:05:17,24.045,6.512,62.116,5.761,0,3396724,223328,170112,4165088,6918.925,1783.331,16.030,2592.843,1.002,283.530,7478,11615,2.710,2.410,1.420,2,0,54.101,0,0,14,133,1,30,0
24-02 22:05:18,19.238,2.998,74.455,1.999,0,3461144,158904,170112,4165092,8929.548,2504.471,0,811.504,0,46.971,1877,1506,2.570,2.380,1.420,1,0,0,0,0,14,134,1,30,0
24-02 22:05:19,17.053,1.756,79.248,0.752,0,3457504,162536,170112,4165100,14532.547,8633.057,32.101,714.239,2.006,41.129,2275,2153,2.570,2.380,1.420,5,0,0,0,0,14,134,1,29,0
24-02 22:05:20,24.030,6.008,64.582,4.255,0,3456708,163252,170112,4165180,3947.996,540.684,0,2455.107,0,190.241,6408,9735,2.570,2.380,1.420,5,0,0,0,0,14,134,1,29,0
24-02 22:05:21,31.351,7.216,52.999,6.967,0,3448216,171520,170112,4165404,4249.844,1345.618,0,5147.586,0,318.489,7531,11613,2.570,2.380,1.420,2,0,68.674,0,0,14,133,1,30,0
24-02 22:05:22,17.992,1.999,78.964,0,0,3462896,156832,170112,4165412,14205.448,6933.802,0,335.845,0,1.999,1878,1545,2.570,2.380,1.420,2,0,1.000,0,0,14,134,1,30,0
24-02 22:05:23,17.766,7.507,71.063,2.752,0,3433700,185988,170112,4165452,9906.742,3768.325,0,1661.466,0,143.126,4536,5515,2.450,2.360,1.420,2,0,149.132,0,0,14,133,1,31,0
24-02 22:05:24,19.957,2.495,73.841,2.994,0,3483068,136608,170112,4165464,13329.233,6237.538,0,662.570,0,38.916,2000,1715,2.450,2.360,1.420,2,0,0,0,0,14,136,1,31,0
24-02 22:05:25,16.957,4.239,75.806,1.746,0,3482320,137340,170116,4165476,9564.535,6300.883,0,1045.326,0,87.775,3817,5051,2.450,2.360,1.420,3,0,0,0,0,14,136,1,31,0
24-02 22:05:26,34.011,8.062,54.670,2.015,0,3484820,134628,170116,4165656,8095.203,2144.478,48.372,1721.226,3.023,166.278,10111,16035,2.450,2.360,1.420,4,1,3.023,0,0,14,137,1,32,0
24-02 22:05:27,38.477,12.742,43.474,3.998,0,3426532,192720,170120,4165832,6929.860,933.442,0,5368.792,0,503.699,10209,14710,2.450,2.360,1.420,2,0,285.829,0,0,14,137,1,32,0
24-02 22:05:28,19.203,2.244,75.813,2.244,0,3461608,157568,170120,4165876,11711.117,7178.296,0,1141.186,0,33.916,1958,1742,2.330,2.340,1.420,2,0,0,0,0,14,138,1,32,1
24-02 22:05:29,11.786,16.049,69.964,0.251,0,3458900,160248,170120,4165904,5228.972,1509.611,0,581.777,0,26.080,5297,4312,2.330,2.340,1.420,2,0,339.036,0,0,14,137,1,33,0
24-02 22:05:30,12.711,19.191,66.796,0,0,3419928,199196,170120,4166400,10740.154,538.354,0,614.122,0,40.875,5905,6343,2.330,2.340,1.420,2,0,363.887,0,0,14,137,1,33,0
24-02 22:05:31,25.859,17.574,55.233,0.502,0,3441852,177240,170124,4165976,5442.931,542.285,0,642.708,0,36.152,6356,7499,2.330,2.340,1.420,2,0,377.591,0,0,14,137,1,33,0
24-02 22:05:32,32.198,21.715,42.681,1.997,0,3489200,190484,170132,4107168,7022.634,622.992,31.948,1321.861,3.994,74.879,7484,7713,2.330,2.340,1.420,2,1,512.171,0,0,14,140,1,33,0
24-02 22:05:33,38.843,17.542,42.101,1.002,0,3568232,171116,170132,4049004,10100.252,611.468,100.241,332.799,5.012,23.055,6383,8422,2.220,2.310,1.410,4,0,402.968,0,0,16,143,1,33,0
24-02 22:05:34,57.133,26.446,15.219,0.249,0,3730560,146112,169896,3913700,8607.317,538.893,15.967,886.179,3.992,61.873,9392,15391,2.220,2.310,1.410,4,0,577.813,0,0,16,149,1,33,0
24-02 22:05:35,51.357,17.787,29.311,1.002,0,3805692,168652,169896,3816992,7876.345,541.123,12.025,569.181,3.006,40.083,7346,12053,2.220,2.310,1.410,5,0,336.699,0,0,16,165,1,33,0
24-02 22:05:36,35.969,22.574,39.442,0.496,0,3861604,163344,169772,3767264,7458.752,535.816,3.969,654.886,0.992,17.861,7235,5970,2.220,2.310,1.410,3,0,569.552,0,0,16,165,1,33,0
24-02 22:05:37,19.650,19.146,59.957,0.252,0,3898800,179604,169780,3715492,39860.698,580.422,8.061,370.825,2.015,32.246,6691,7172,2.220,2.310,1.410,4,0,350.672,0,0,17,167,1,33,2
24-02 22:05:38,27.471,19.729,50.696,0.999,0,3953296,125064,169780,3715192,9935.445,539.427,7.992,771.181,1.998,43.953,7592,8620,2.450,2.360,1.430,3,0,436.536,0,0,17,167,0,33,2
24-02 22:05:39,36.988,21.743,39.488,1.000,0,4009100,149380,169780,3637420,4441.616,539.832,7.998,475.852,1.999,39.988,7254,9577,2.450,2.360,1.430,2,0,409.872,0,0,17,167,0,33,2
24-02 22:05:40,37.768,22.511,38.018,1.000,0,4102464,183600,169780,3512228,8903.201,540.255,140.066,740.349,4.002,46.022,8125,9810,2.450,2.360,1.430,3,0,543.256,0,0,17,179,0,33,2
24-02 22:05:41,31.936,25.200,40.420,1.248,0,4197788,126944,169780,3474648,5369.322,538.928,35.929,1065.880,5.988,113.774,8867,10574,2.450,2.360,1.430,6,0,685.637,0,0,17,185,0,33,2
24-02 22:05:42,13.976,19.217,65.387,0.250,0,4214036,145828,169780,3440812,7563.876,608.943,0,447.224,0,29.948,7263,8232,2.450,2.360,1.430,3,0,395.314,0,0,17,185,0,33,2
24-02 22:05:43,30.864,13.441,49.282,5.725,0,4270848,125428,169780,3404920,5215.962,537.625,258.857,5224.922,6.969,150.336,5939,6845,2.410,2.350,1.440,4,1,194.142,0,0,17,191,0,32,2
24-02 22:05:44,41.883,5.768,45.645,5.768,0,4391076,126932,169780,3285512,3908.407,541.720,597.898,373.185,11.035,32.102,3136,2252,2.410,2.350,1.440,3,0,1.003,0,0,17,191,0,32,2
24-02 22:05:45,42.549,7.805,40.786,7.553,0,4374412,252756,169788,3179072,7027.303,489.434,136.961,3299.147,12.085,198.392,4530,4592,2.410,2.350,1.440,3,1,44.311,0,0,17,210,0,32,2
24-02 22:05:46,30.731,24.235,41.974,2.998,0,4446264,180036,169788,3179924,7518.414,539.671,919.439,519.683,9.994,30.981,6996,6587,2.410,2.350,1.440,3,1,596.636,0,0,17,211,0,32,2
24-02 22:05:47,37.803,19.647,38.797,2.984,0,4463424,161548,169796,3181704,11925.723,9266.609,47.751,724.218,3.979,41.782,8842,13861,2.410,2.350,1.440,4,0,459.600,0,0,17,217,0,33,2
24-02 22:05:48,63.896,18.793,9.772,6.765,0,4537380,139056,169812,3130920,7431.937,541.233,1002.284,8286.885,19.043,654.492,6597,5696,2.700,2.410,1.460,4,1,185.423,0,0,17,220,0,33,2
24-02 22:05:49,56.756,11.949,20.661,9.708,0,4674460,138220,169840,2998620,15323.137,10602.428,1987.457,3688.147,73.683,307.678,5738,5475,2.700,2.410,1.460,3,2,29.872,0,0,17,231,0,33,2
24-02 22:05:50,49.993,10.300,17.585,21.856,0,4691208,148588,169904,2971836,8342.481,1339.500,5731.813,2053.967,430.087,142.692,6085,6321,2.700,2.410,1.460,6,1,33.161,0,0,17,236,0,34,2
24-02 22:05:51,39.346,19.046,38.844,2.005,0,4723796,154064,169916,2934832,13952.910,10418.320,360.877,4462.846,21.051,59.144,7897,10136,2.700,2.410,1.460,4,0,408.994,0,0,17,238,0,38,2
24-02 22:05:52,42.759,20.254,34.007,1.750,0,4723372,152452,169920,2937184,5319.120,1528.322,52.011,9798.064,4.001,59.012,7747,10617,2.700,2.410,1.460,3,0,384.081,0,0,17,237,0,39,2
24-02 22:05:53,44.995,22.497,30.246,1.750,0,4746520,168704,169924,2898424,17290.956,10574.750,11.999,1039.877,3.000,62.993,7574,8558,2.720,2.420,1.470,3,1,507.940,0,0,17,238,0,39,2
24-02 22:05:54,58.607,20.364,16.390,3.228,0,4773184,174016,169948,2867256,8704.675,1324.128,1108.572,786.729,51.654,42.714,6862,9564,2.720,2.420,1.470,4,0,313.897,0,0,17,239,0,42,2
24-02 22:05:55,50.523,25.136,21.868,2.262,0,4881388,123316,169956,2810932,16744.345,10491.608,72.391,957.164,8.043,65.353,9643,13021,2.720,2.420,1.470,5,0,550.973,0,0,17,246,0,30,2
24-02 22:05:56,55.538,19.513,21.765,1.501,0,4851784,165876,169964,2798460,7829.335,1583.079,636.434,1761.200,36.025,77.053,8931,15261,2.720,2.420,1.470,4,0,282.192,0,0,17,253,0,32,2
24-02 22:05:57,60.995,14.938,22.655,0.747,0,5034268,161428,169712,2623028,16107.619,8754.379,15.933,561.651,2.988,28.879,5621,5567,2.720,2.420,1.470,7,0,190.204,0,0,17,254,0,32,2
24-02 22:05:58,58.372,11.724,24.945,3.991,0,5062144,163352,169712,2594100,14368.500,9915.263,1612.465,1261.235,80.823,60.867,11512,18511,2.740,2.430,1.480,3,1,20.954,0,0,17,259,0,35,2
24-02 22:05:59,56.349,9.517,28.801,3.757,0,5139056,155440,169740,2526856,16768.567,13775.289,1382.438,741.307,40.071,67.118,6280,7955,2.740,2.430,1.480,4,0,14.025,0,0,17,263,0,40,2
24-02 22:06:00,47.448,27.364,22.092,2.762,0,5081208,209500,170008,2530296,6361.593,488.040,4362.235,1770.401,65.273,80.336,7978,8424,2.740,2.430,1.480,3,0,602.519,0,0,17,263,0,40,2
24-02 22:06:01,47.040,21.268,31.277,0.250,0,5114216,176048,170008,2531140,20460.598,10648.159,1060.912,556.479,11.009,34.029,8898,12469,2.740,2.430,1.480,6,0,360.310,0,0,17,264,0,40,2
24-02 22:06:02,75.351,15.863,4.957,2.727,0,5165264,149972,170012,2506692,8150.763,1321.611,1070.773,1280.962,54.530,60.479,6170,5007,2.740,2.430,1.480,8,0,171.522,0,0,18,266,0,41,2
24-02 22:06:03,62.938,10.782,12.537,13.540,0,5280304,131064,170012,2413400,17261.464,10427.088,3253.701,754.249,163.487,40.120,5214,4127,2.770,2.440,1.490,2,2,14.042,0,0,18,267,0,41,2
24-02 22:06:04,79.219,12.071,3.521,4.778,0,5310004,130152,170044,2385460,7712.645,1657.811,1625.621,1859.002,59.351,119.708,8203,10452,2.770,2.440,1.490,4,0,69.411,0,0,18,273,0,42,2
24-02 22:06:05,40.404,11.898,43.130,4.214,0,5323736,142660,170056,2360040,17232.319,11337.835,1098.585,1221.531,27.762,119.972,5603,6450,2.770,2.440,1.490,4,0,167.564,0,0,18,277,0,42,2
24-02 22:06:06,41.868,9.527,44.877,2.758,0,5331248,135016,170064,2360164,33284.897,6114.248,826.331,794.241,11.031,62.175,5224,5380,2.770,2.440,1.490,2,0,15.042,0,0,18,286,0,43,1
24-02 22:06:07,33.090,13.286,48.130,3.510,0,5346204,160152,170064,2322520,16604624.431,162006.084,2803.599,758.055,32.087,54.147,12028,8204,2.770,2.440,1.490,2,0,253.688,0,0,18,285,0,43,0
24-02 22:06:08,43.077,7.719,46.065,2.241,0,5378296,158876,170064,2293004,12528.814,3052.772,19.920,673.303,1.992,60.757,4201,3679,2.700,2.430,1.490,5,0,17.928,0,0,18,285,0,41,0
24-02 22:06:09,26.250,3.000,59.250,10.500,0,5396316,140984,170068,2292920,20341.895,16138.917,32.000,7163.963,2.000,810.996,4369,4917,2.700,2.430,1.490,1,1,3.000,0,0,18,297,0,43,0
24-02 22:06:10,16.001,4.250,71.254,6.500,0,5331716,205044,170068,2293444,206251.347,8630572.979,596.030,1568.079,32.002,113.006,5012,5926,2.700,2.430,1.490,1,0,38.002,0,0,18,294,0,45,0
24-02 22:06:11,2.993,1.247,93.046,0.249,0.249,5330396,206240,170072,2293564,212297.944,7745672.485,0,2183.217,0,224.508,2417,2548,2.700,2.430,1.490,1,0,0,0,0,18,294,0,45,0
24-02 22:06:12,2.255,0.501,96.214,0.251,0,5329396,207256,170072,2293564,5109.374,541.205,0,332.741,0,16.036,1257,1801,2.700,2.430,1.490,2,0,1.002,0,0,18,294,0,43,0
24-02 22:06:13,11.017,2.003,82.881,2.754,0,5333876,202744,170080,2293588,7744879.719,26237.444,64.101,9699.321,3.005,82.130,5065,5319,2.490,2.390,1.480,2,0,1.002,0,0,18,300,0,43,0
24-02 22:06:14,18.266,10.259,68.560,1.501,0,5258780,261464,170080,2309932,8822838.876,91664.423,96.084,624.548,5.004,43.038,10223,9658,2.490,2.390,1.480,2,0,219.192,0,0,18,296,0,46,0
24-02 22:06:15,22.459,12.477,50.158,13.974,0,5323996,196028,170080,2310136,5168.473,539.007,183.661,11175.401,8.983,598.896,5613,11277,2.490,2.390,1.480,2,0,281.481,0,0,18,296,0,47,0
24-02 22:06:16,14.796,12.539,70.217,0.752,0,5330536,189460,170080,2310164,7420.969,541.677,0,457.416,0,30.093,4582,3766,2.490,2.390,1.480,2,0,212.658,0,0,18,296,0,41,0
24-02 22:06:17,8.503,20.257,69.025,0.750,0,5320804,199140,170080,2310216,5662.052,486.176,0,5301.921,0,43.016,6413,5671,2.490,2.390,1.480,2,0,435.158,0,0,18,300,0,41,0
24-02 22:06:18,1.740,1.243,93.954,0.994,0,5320300,199636,170080,2310224,5316.132,536.883,3.977,15223.604,0.994,51.700,1518,2136,2.290,2.350,1.470,1,0,23.861,0,0,18,300,0,41,0
24-02 22:06:19,22.287,4.257,73.120,0.250,0,5343356,176572,170080,2310232,11742.349,1295.134,0,148.244,0,16.026,2406,2064,2.290,2.350,1.470,2,0,9.015,0,0,18,301,0,41,0
24-02 22:06:20,15.106,6.042,76.032,1.259,0,5319208,200632,170080,2310320,13486.366,8915.382,64.451,80.564,4.028,12.085,3460,3277,2.290,2.350,1.470,2,0,75.528,0,0,18,304,0,40,0
24-02 22:06:21,11.223,17.209,69.832,0,0,5310732,208748,170084,2310644,7574.815,538.707,11.971,0,2.993,0,5774,4812,2.290,2.350,1.470,3,0,269.353,0,0,18,304,0,40,0
24-02 22:06:22,12.250,16.500,69.000,1.250,0,5317580,201784,170084,2310744,8163.021,540.001,0,4712.012,0,46.000,5659,4482,2.290,2.350,1.470,2,0,250.001,0,0,18,304,0,40,0
24-02 22:06:23,24.148,3.734,70.701,0.747,0,5391572,127648,170084,2310888,4329.694,537.727,131.444,458.063,7.966,43.815,2740,2920,2.180,2.330,1.470,2,0,9.958,0,0,18,304,0,40,0
24-02 22:06:24,22.991,3.499,69.224,3.749,0,5398980,149308,170084,2282860,8489.822,527.802,403.849,767.713,11.996,46.982,2885,2864,2.180,2.330,1.470,2,0,5.998,0,0,18,312,0,38,0
24-02 22:06:25,23.740,2.499,71.219,0.750,0,5320044,228172,170084,2282932,7704.625,539.764,23.989,363.841,3.998,29.987,2645,2414,2.180,2.330,1.470,2,0,4.998,0,0,18,308,0,38,0
24-02 22:06:26,24.785,4.006,70.601,0,0,5382788,165424,170084,2282936,7052.083,540.773,0,352.504,0,27.039,2673,2494,2.180,2.330,1.470,4,1,4.006,0,0,18,314,0,38,0
24-02 22:06:27,20.122,2.767,73.193,3.018,0.252,5274504,273704,170084,2282940,13082.247,7736.867,0,12479.596,0,59.360,2992,2906,2.180,2.330,1.470,2,0,18.110,0,0,18,314,0,39,0
24-02 22:06:28,22.832,3.971,72.219,0,0,5344552,203648,170084,2282948,7653.766,536.061,0,131.037,0,12.905,2233,1914,2.090,2.310,1.470,2,0,0,0,0,18,314,0,38,0
24-02 22:06:29,16.582,10.552,71.352,0.251,0,5328088,219900,170092,2283152,5642.805,542.674,397.961,285.406,6.030,7.035,4009,3327,2.090,2.310,1.470,2,0,177.876,0,0,18,314,0,38,0
24-02 22:06:30,13.445,14.690,69.965,0.249,0,5352232,195592,170092,2283316,6359.052,607.521,27.886,239.025,2.988,17.927,5472,5054,2.090,2.310,1.470,2,0,404.350,0,0,18,314,0,38,0
24-02 22:06:31,19.717,2.745,75.873,0.998,0,5386728,160060,170268,2284176,10263.781,2711.451,135.772,147.752,4.992,2.995,2306,1983,2.090,2.310,1.470,3,0,32.945,0,0,18,315,0,38,0
24-02 22:06:32,23.045,3.006,72.390,0.250,0,5376964,164404,170764,2289020,7497.540,703.364,0,597.158,0,7.014,2345,2048,2.090,2.310,1.470,3,0,4.008,0,0,18,314,0,37,0
24-02 22:06:33,18.925,3.237,74.455,1.992,0,5369876,165696,171260,2294144,11745.436,3640.567,79.684,1430.329,4.980,37.850,2337,2172,1.920,2.270,1.460,3,0,17.929,0,0,18,314,0,37,0
24-02 22:06:34,19.795,4.510,72.414,1.253,0,5368076,166816,171292,2294788,11788.636,2651.992,124.281,725.640,5.011,25.057,10521,19587,1.920,2.270,1.460,3,0,12.027,0,0,18,315,0,37,0
24-02 22:06:35,22.295,6.764,69.640,0,0,5384616,149824,171384,2295132,6610.287,1377.769,0,192.387,0,4.008,11467,20136,1.920,2.270,1.460,2,0,20.040,0,0,18,315,0,37,0
24-02 22:06:36,17.829,7.282,71.064,3.264,0,5337524,206864,171468,2285156,7719.161,717.174,0,899.983,0,28.124,3309,2882,1.920,2.270,1.460,2,2,91.405,0,0,18,314,0,37,0
24-02 22:06:37,18.438,9.219,69.269,1.246,0,5399420,144952,171468,2285172,6425.546,538.203,0,725.577,0,27.907,3909,3680,1.920,2.270,1.460,5,0,177.408,0,0,18,314,0,37,0
24-02 22:06:38,21.202,2.245,75.080,0.249,0,5414732,129444,171468,2285368,11219.655,6540.225,0,383.134,0,34.921,2510,2595,1.850,2.250,1.450,1,0,1.995,0,0,18,315,0,37,0
24-02 22:06:39,18.619,8.051,72.211,0.755,0,5403720,140420,171468,2285404,9421.095,4768.417,20.128,213.361,2.013,11.071,3415,3132,1.850,2.250,1.450,2,0,122.783,0,0,18,314,0,40,0
24-02 22:06:40,19.828,2.478,75.097,0.991,0,5409332,134620,171468,2285592,14017.100,6849.434,7.931,43.621,1.983,3.966,2419,2198,1.850,2.250,1.450,2,0,0,0,0,18,315,0,40,0
24-02 22:06:41,20.789,6.512,71.634,0,0,5402292,141660,171468,2285592,10320.245,2800.222,0,0,0,0,3050,2631,1.850,2.250,1.450,2,0,70.131,0,0,18,314,0,41,0
24-02 22:06:42,18.731,1.998,78.422,0,0,5409524,134416,171468,2285604,19997.011,13552.453,0,3.996,0,0.999,2405,2210,1.850,2.250,1.450,2,0,0.999,0,0,18,314,0,42,0
24-02 22:06:43,22.052,6.014,71.169,0,0,5412204,161168,171468,2256944,5738.655,541.288,0,0,0,0,2772,2300,1.780,2.230,1.450,2,1,56.134,0,0,18,314,0,42,0
24-02 22:06:44,17.856,3.521,76.706,0.503,0.251,5358196,215120,171468,2257000,17529.207,10825.354,32.191,285.698,2.012,21.126,2990,2937,1.780,2.230,1.450,2,0,32.191,0,0,18,314,0,45,0
24-02 22:06:45,21.102,2.979,74.477,0,0,5403048,170256,171468,2257012,6897.593,2839.076,0,230.383,0,12.909,2361,2162,1.780,2.230,1.450,1,0,1.986,0,0,18,315,0,45,0
24-02 22:06:46,17.586,3.266,72.353,5.527,0,5372452,200712,171468,2257152,13556.173,9162.727,0,3854.817,0,507.477,5058,6862,1.780,2.230,1.450,2,1,5.025,0,0,18,314,0,46,0
24-02 22:06:47,23.390,4.977,69.920,1.244,0,5398360,174796,171468,2257160,7601.159,1298.876,0,246.836,0,15.925,3180,2922,1.780,2.230,1.450,3,0,42.798,0,0,18,315,0,46,0
24-02 22:06:48,19.224,4.244,73.650,0.499,0,5361064,212060,171468,2257192,14710.927,10102.216,0,551.248,0,36.950,3305,3229,1.720,2.210,1.450,2,0,31.956,0,0,18,314,0,49,0
24-02 22:06:49,19.762,3.252,76.045,0.250,0,5378348,194776,171468,2257192,8828.191,6256.679,0,132.078,0,14.008,2376,2344,1.720,2.210,1.450,2,0,0,0,0,18,315,0,46,0
24-02 22:06:50,14.838,5.281,78.466,0.754,0,5355120,217988,171468,2257208,14115.886,5760.231,0,571.396,0,46.275,3456,3583,1.720,2.210,1.450,3,0,91.544,0,0,18,314,0,47,0
24-02 22:06:51,4.468,4.468,84.895,3.972,0,5359948,211944,172008,2257884,9955.102,3361.063,1116.052,15.887,249.225,3.972,2661,3037,1.720,2.210,1.450,1,0,88.371,0,0,18,316,0,47,0
24-02 22:06:52,5.001,7.002,86.271,0.250,0,5347696,224152,172008,2257928,22117.277,3912.934,0,556.133,0,17.004,3038,2881,1.720,2.210,1.450,1,0,126.030,0,0,18,316,0,48,0
24-02 22:06:53,7.534,10.297,78.609,2.009,0,5343972,227732,172012,2258068,10232.713,1546.058,100.459,634.898,7.032,43.197,4375,4520,1.580,2.170,1.440,1,1,211.968,0,0,18,316,0,43,0
24-02 22:06:54,15.558,4.266,67.752,11.292,0,5376884,186808,172016,2266064,3162.758,487.813,1100.090,3798.120,121.452,162.604,2743,3302,1.580,2.170,1.440,2,0,6.022,0,0,18,316,0,43,0
24-02 22:06:55,19.369,2.235,74.495,2.235,0,5369944,189680,172016,2270036,12684.084,2598.400,3.973,917.783,0.993,16.886,2394,2314,1.580,2.170,1.440,1,1,15.892,0,0,18,317,0,43,0
24-02 22:06:56,16.987,2.498,75.694,3.747,0,5372780,182544,172020,2274316,12625.682,3024.768,867.360,767.434,9.993,22.983,2409,2327,1.580,2.170,1.440,1,1,6.995,0,0,18,316,0,43,0
24-02 22:06:57,12.002,13.752,66.759,6.751,0,5311480,241220,172020,2276888,4872.690,540.077,964.137,4664.661,16.002,250.035,5968,5820,1.580,2.170,1.440,2,1,296.042,0,0,18,316,0,38,0
24-02 22:06:58,19.519,3.003,76.075,0,0,5366904,185820,172020,2276892,12922.670,6259.137,0,480.471,0,10.010,2153,1861,1.530,2.150,1.440,3,0,0,0,0,18,317,0,38,0
24-02 22:06:59,20.951,5.238,72.329,0,0.249,5337876,214828,172020,2276912,23888.640,17323.130,0,0,0,0,2814,2451,1.530,2.150,1.440,2,0,46.889,0,0,18,316,0,40,0
24-02 22:07:00,20.005,3.001,75.270,1.000,0,5367700,184996,172020,2276920,14359.748,6768.767,0,188.049,0,25.007,2331,2094,1.530,2.150,1.440,1,0,0,0,0,18,317,0,40,0
24-02 22:07:01,20.749,4.250,73.497,0.750,0,5340772,211696,172020,2277148,8830.675,3166.884,159.994,59.998,10.000,3.000,2731,2478,1.530,2.150,1.440,2,0,13.999,0,0,18,316,0,34,0
24-02 22:07:02,17.753,2.000,78.263,0.500,0,5362844,189584,172020,2277188,10875.761,7037.139,16.003,132.021,1.000,12.002,2282,2347,1.530,2.150,1.440,2,0,1.000,0,0,18,317,0,34,0
24-02 22:07:03,19.671,4.792,64.814,9.079,0,5338156,212052,172024,2279404,9340.243,1795.619,2033.689,1597.899,78.684,172.500,6075,9310,1.730,2.180,1.450,2,0,6.053,0,0,18,318,0,35,0
24-02 22:07:04,20.310,2.725,74.305,0.991,0,5392056,158144,172024,2279412,12785.492,6195.094,0,404.222,0,25.759,2289,2183,1.730,2.180,1.450,2,0,0,0,0,18,319,0,35,0
24-02 22:07:05,18.760,3.752,69.788,6.504,0,5385088,164912,172024,2279612,11138.120,4428.433,48.026,3537.944,2.001,240.132,4656,6313,1.730,2.180,1.450,2,0,0,0,0,18,319,0,32,0
24-02 22:07:06,13.100,18.391,66.006,2.015,0,5359440,190504,172028,2279664,7809.862,1779.641,0,854.550,0,69.533,6820,7115,1.730,2.180,1.450,3,1,549.210,0,0,18,318,0,33,0
24-02 22:07:07,9.003,22.759,67.526,0,0,5348360,201544,172028,2279704,10072.814,540.205,0,352.133,0,30.011,7510,7097,1.730,2.180,1.450,3,0,708.268,0,0,18,318,0,33,0
24-02 22:07:08,9.761,22.275,66.074,1.001,0,5341200,208668,172028,2279740,8323.340,540.607,0,2490.795,0,79.089,7905,7943,1.750,2.180,1.460,2,0,758.852,0,0,18,318,0,33,0
24-02 22:07:09,9.500,22.250,67.749,0.250,0,5342536,207288,172028,2279784,4822.903,485.990,0,275.994,0,25.999,7376,6974,1.750,2.180,1.460,2,0,719.986,0,0,18,318,0,30,0
24-02 22:07:10,8.992,21.981,67.691,0,0,5344752,205032,172028,2279824,3095.308,539.531,0,267.767,0,22.980,7200,6719,1.750,2.180,1.460,2,0,667.420,0,0,18,318,0,30,0
24-02 22:07:11,13.659,15.397,68.541,1.242,0,5343188,206556,172028,2279864,7189.889,536.411,0,520.517,0,31.787,6002,5443,1.750,2.180,1.460,3,0,435.089,0,0,18,318,0,30,0
24-02 22:07:12,16.273,7.761,66.092,9.013,0,5313388,334160,172280,2192104,6890.626,540.755,24.034,4806.715,6.008,386.540,2709,2452,1.750,2.180,1.460,2,0,5.007,0,0,18,318,0,30,0
24-02 22:07:13,19.742,1.999,72.971,3.998,0,5331416,313440,172280,2194792,16080.654,3508.615,43.983,971.617,5.998,16.993,2300,2047,1.690,2.160,1.450,5,0,15.994,0,0,18,321,0,27,0
24-02 22:07:14,13.250,1.750,77.498,6.250,0,5340860,302972,172284,2195804,25983.225,11788.648,815.976,1443.957,56.998,44.999,2103,2111,1.690,2.160,1.450,2,0,0,0,0,18,321,0,27,0
24-02 22:07:15,17.219,3.993,69.624,7.486,0,5354260,288212,172284,2197100,24732.171,11569.030,1014.162,1760.808,53.902,75.862,3269,12678,1.690,2.160,1.450,2,0,35.935,0,0,18,321,0,28,0
24-02 22:07:16,13.753,1.250,81.267,3.001,0,5361928,279672,172284,2198024,20414.233,9885.050,600.124,1128.234,48.010,45.009,2061,2182,1.690,2.160,1.450,1,1,0,0,0,18,321,0,28,0
24-02 22:07:17,14.752,1.250,78.513,3.501,0,5376532,263796,172284,2199288,22015.545,10845.746,952.153,1428.230,54.009,66.011,2332,2503,1.690,2.160,1.450,1,1,0,0,0,18,321,0,24,0
24-02 22:07:18,14.006,2.501,72.529,10.004,0,5378268,231792,172284,2229552,12308.899,4545.809,14261.677,940.374,167.066,45.018,2155,2232,1.640,2.140,1.450,2,0,0,0,0,18,321,0,24,0
24-02 22:07:19,23.028,3.004,71.838,1.252,0,5388396,207684,172284,2243512,9432.604,540.665,0,2254.774,0,73.090,2720,2629,1.640,2.140,1.450,2,0,1.001,0,0,18,321,0,24,0
24-02 22:07:20,23.490,1.999,71.720,1.749,0,5387756,192708,172284,2258836,6778.157,539.774,0,931.609,0,29.987,2458,2308,1.640,2.140,1.450,2,0,0,0,0,18,321,0,24,0
24-02 22:07:21,18.461,2.495,71.598,6.237,0,5401976,158708,172284,2278412,10815.085,538.858,0,2191.357,0,92.803,2556,2620,1.640,2.140,1.450,1,1,0,0,0,18,321,0,23,0
24-02 22:07:22,21.272,2.753,71.825,3.003,0,5391200,143492,172292,2304076,7928.241,540.562,0,2454.551,0,93.097,2588,2554,1.640,2.140,1.450,2,0,1.001,0,0,18,321,0,23,0
24-02 22:07:23,20.489,2.499,67.215,8.745,0,5389856,134444,172332,2314164,7702.008,539.720,0,2534.686,0,96.950,2980,3375,1.580,2.120,1.450,3,0,1.999,0,0,18,321,0,23,0
24-02 22:07:24,20.794,4.760,69.395,4.509,0,5331840,208144,172408,2298336,6496.596,661.384,0,1214.542,0,27.057,2499,2155,1.580,2.120,1.450,4,0,19.040,0,0,18,320,0,23,0
24-02 22:07:25,18.962,2.495,74.851,2.745,0.250,5349320,185468,172476,2303464,11251.560,2884.248,31.936,1401.205,0.998,29.940,2347,2404,1.580,2.120,1.450,2,0,16.966,0,0,18,320,0,23,0
24-02 22:07:26,18.489,2.748,75.954,1.749,0,5349376,184752,172488,2304096,13779.723,3544.871,0,603.637,0,15.990,2426,2191,1.580,2.120,1.450,3,1,17.989,0,0,18,321,0,23,0
24-02 22:07:27,22.275,5.506,68.075,2.002,0,5347744,180468,172904,2309452,5268.821,714.790,0,1689.867,0,44.049,11044,20085,1.580,2.120,1.450,3,0,14.015,0,0,18,320,0,23,0
24-02 22:07:28,22.354,5.777,69.322,0.251,0,5346848,180972,172988,2309760,6556.435,542.518,0,896.160,0,152.709,10597,19147,1.540,2.100,1.450,3,0,17.079,0,0,18,320,0,23,0
24-02 22:07:29,14.285,4.511,68.921,11.027,0,5306456,232708,172996,2298460,8471.986,541.341,0,22940.826,0,455.127,2732,2539,1.540,2.100,1.450,2,0,4.010,0,0,18,320,0,23,0
24-02 22:07:30,24.666,4.983,66.523,2.242,0,5318016,221120,172996,2298488,9070.098,580.024,0,713.569,0,5.980,10219,18248,1.540,2.100,1.450,2,0,54.813,0,0,18,320,0,22,0
24-02 22:07:31,18.206,3.492,76.317,0.998,0,5353836,185340,172996,2298504,14480.310,2709.509,0,171.589,0,3.990,2330,2051,1.540,2.100,1.450,2,0,34.916,0,0,18,321,0,22,0
24-02 22:07:32,22.229,3.247,72.181,1.249,0,5353048,180556,172996,2304104,6978.320,659.369,0,635.392,0,5.994,2295,2023,1.540,2.100,1.450,3,0,3.996,0,0,18,320,0,22,0
24-02 22:07:33,17.264,3.003,76.064,3.003,0,5353100,175308,172996,2309236,11444.571,3724.115,0,1389.162,0,30.025,2140,2070,1.410,2.060,1.440,2,0,18.015,0,0,18,320,0,22,0
24-02 22:07:34,23.472,6.992,66.422,0,0,5349276,178624,172996,2309728,6757.026,609.281,0,83.901,0,0.999,20116,38473,1.410,2.060,1.440,3,0,17.979,0,0,18,320,0,22,0
24-02 22:07:35,24.681,7.807,63.716,3.778,0,5342960,195980,173004,2298680,3439.159,543.980,32.236,1281.374,1.007,49.361,3050,2824,1.410,2.060,1.440,3,0,18.133,0,0,18,320,0,22,0
24-02 22:07:36,41.811,9.208,45.544,2.240,0,5369592,169540,173004,2298568,8051.625,537.571,764.546,2906.867,5.973,129.415,4221,3269,1.410,2.060,1.440,3,1,47.784,0,0,18,320,0,22,0
24-02 22:07:37,23.183,5.484,67.554,2.243,0,5362068,169356,173004,2306276,5750.316,538.438,255.259,937.281,1.994,22.933,3409,3343,1.410,2.060,1.440,2,0,78.771,0,0,18,320,0,22,0
24-02 22:07:38,21.276,1.752,74.340,1.752,0,5367720,160548,173004,2309384,12442.133,2616.182,4.005,1285.564,1.001,38.046,2671,2875,1.380,2.050,1.440,2,0,18.022,0,0,18,321,0,22,0
24-02 22:07:39,13.980,2.247,79.139,2.996,0,5367620,160376,173004,2309640,27382.586,12799.045,0,2576.386,0,231.675,2409,2602,1.380,2.050,1.440,2,1,5.992,0,0,18,321,0,22,0
24-02 22:07:40,9.501,1.500,84.261,2.750,0,5366304,161180,173032,2310108,171592.071,17057.293,0,1968.265,0,72.010,2093,2341,1.380,2.050,1.440,2,0,0,0,0,18,322,0,22,0
24-02 22:07:41,17.021,1.252,76.344,4.506,0,5395104,132112,173112,2310296,16501.329,8546.529,0,1686.077,0,74.091,2080,2151,1.380,2.050,1.440,2,0,0,0,0,18,322,0,22,0
24-02 22:07:42,15.503,1.000,79.764,1.750,0,5390360,136444,173224,2310596,23699.029,11501.955,0,1404.239,0,44.007,1945,1956,1.380,2.050,1.440,3,0,1.000,0,0,18,322,0,18,0
24-02 22:07:43,9.233,1.497,83.094,5.490,0,5392832,133280,173460,2311052,333877.224,18972.441,19.963,2159.952,1.996,86.837,2180,2368,1.350,2.030,1.430,3,0,0,0,0,18,322,0,18,0
24-02 22:07:44,9.752,1.500,81.020,6.001,0,5391376,134092,173688,2311468,87090.736,14929.726,112.028,2664.665,8.002,91.023,2079,2382,1.350,2.030,1.430,1,3,0,0,0,18,322,0,18,0
24-02 22:07:45,10.001,2.500,74.510,10.501,0,5370364,170000,173780,2297208,1463990.095,23428.234,32.004,11837.634,1.000,150.021,3260,3468,1.350,2.030,1.430,1,1,3.000,0,0,18,322,0,18,0
24-02 22:07:46,6.754,3.252,80.047,7.755,0,5385100,151284,173844,2301556,14558379.871,111859.131,0,16485.746,0,63.037,6502,4069,1.350,2.030,1.430,2,1,3.002,0,0,18,322,0,14,0
24-02 22:07:47,15.759,2.251,76.046,5.753,0.250,5373328,150168,174128,2314224,1801415.854,15448.303,164.099,3686.220,4.002,100.060,2881,2761,1.350,2.030,1.430,3,0,2.001,0,0,18,322,0,14,0
24-02 22:07:48,17.470,3.743,68.880,8.735,0,5369612,137984,177168,2325716,4536.093,539.060,0,4659.877,0,91.840,2607,2656,1.400,2.030,1.440,2,0,0,0,0,18,322,0,14,0
24-02 22:07:49,25.278,3.754,65.572,3.254,0,5375228,141608,177652,2315664,2694.948,540.591,0,1862.037,0,60.066,4270,6059,1.400,2.030,1.440,3,0,1.001,0,0,18,322,0,14,0
24-02 22:07:50,19.981,3.247,65.937,9.741,0,5382648,142836,178004,2306716,7021.279,539.484,3.996,13067.491,0.999,287.725,3335,3557,1.400,2.030,1.440,2,3,0,0,0,18,322,0,12,0
24-02 22:07:51,7.747,2.999,66.227,21.992,0,5404128,149376,178132,2279508,6321.779,539.810,0,18665.441,0,162.943,2186,2526,1.400,2.030,1.440,1,1,0,0,0,18,322,0,12,0
24-02 22:07:52,11.003,3.001,62.516,22.506,0,5396024,151648,178480,2284668,16973.388,540.140,0,23878.173,0,174.045,2225,2432,1.400,2.030,1.440,2,3,1.000,0,0,18,322,0,12,0
24-02 22:07:53,4.755,3.003,62.060,28.527,0.250,5394108,151424,178576,2286556,4492.328,540.521,0,25880.932,0,179.173,2443,3256,1.450,2.030,1.440,1,2,2.002,0,0,18,322,0,12,0
24-02 22:07:54,14.018,3.504,64.832,16.270,0,5393652,143652,179080,2294020,6632.345,486.612,0,12459.677,0,125.157,2397,2640,1.450,2.030,1.440,2,0,0,0,0,18,322,0,9,0
24-02 22:07:55,21.203,2.494,70.093,5.737,0,5394928,156936,179660,2278328,6750.915,538.796,47.893,2223.032,1.996,97.781,2894,3093,1.450,2.030,1.440,2,0,0,0,0,18,322,0,9,0
24-02 22:07:56,23.247,2.250,69.490,3.499,0,5399468,129072,180976,2299080,3552.481,539.921,0,2031.703,0,38.994,2467,2423,1.450,2.030,1.440,2,1,0,0,0,18,322,0,9,0
24-02 22:07:57,20.521,2.503,69.070,6.757,0,5406488,157496,181840,2263328,8261.407,540.550,0,2502.547,0,93.095,2770,2917,1.450,2.030,1.440,2,0,0,0,0,18,322,0,9,0
24-02 22:07:58,15.005,1.751,76.273,5.252,0,5402308,150072,182476,2274060,12216.760,2613.804,0,1888.581,0,66.020,2165,2244,1.500,2.030,1.440,3,0,0,0,0,18,323,0,9,0
24-02 22:07:59,24.150,3.773,67.420,4.277,0,5336316,250712,182476,2239476,4109.583,1135.066,0,4665.041,0,192.196,2709,2101,1.500,2.030,1.440,2,1,19.119,0,0,18,320,0,9,0
24-02 22:08:00,14.892,2.730,63.786,17.125,0,5325460,256608,182520,2244524,14281.083,2869.123,3.971,10432.090,0.993,499.366,2598,2165,1.500,2.030,1.440,2,0,16.877,0,0,18,320,0,9,0
24-02 22:08:01,18.268,2.753,77.077,0.500,0,5342260,239008,182532,2245200,12423.358,3496.478,0,500.498,0,6.006,2203,2005,1.500,2.030,1.440,3,0,18.018,0,0,18,321,0,9,0
24-02 22:08:02,22.257,4.752,69.273,2.501,0,5341764,232824,182940,2250544,8013.690,714.240,0,792.266,0,12.004,10796,19370,1.500,2.030,1.440,2,0,15.005,0,0,18,320,0,5,0
24-02 22:08:03,22.855,4.521,67.561,3.516,0,5345312,229044,182996,2250720,8174.587,542.494,0,2242.310,0,9.042,10391,19123,1.450,2.010,1.440,2,0,10.046,0,0,18,320,0,5,0
24-02 22:08:04,21.644,6.468,70.902,0.498,0,5345360,228804,183004,2250888,3967.507,537.360,0,314.455,0,7.961,2389,2012,1.450,2.010,1.440,2,0,9.951,0,0,18,320,0,5,0
24-02 22:08:05,21.235,3.498,70.951,2.748,0,5336340,249164,183012,2240580,7244.962,539.625,387.730,1399.027,9.993,46.967,2682,2583,1.450,2.010,1.440,2,1,5.996,0,0,18,320,0,5,0
24-02 22:08:06,20.998,3.750,67.745,6.250,0.250,5355104,227880,183016,2243096,6788.482,539.959,611.953,2319.823,43.997,78.994,3737,4599,1.450,2.010,1.440,7,0,0,0,0,18,321,0,4,0
24-02 22:08:07,21.797,4.510,61.133,10.773,0,5348716,233208,183016,2244156,5137.165,541.176,785.708,2128.626,44.096,269.586,7365,11020,1.450,2.010,1.440,2,0,1.002,0,0,18,323,0,9,0
24-02 22:08:08,13.275,16.531,61.867,7.013,0,5303660,278044,183016,2244376,7983.062,541.021,128.242,3650.888,1.002,245.463,7149,7805,1.580,2.030,1.450,2,1,407.769,0,0,18,322,0,9,0
24-02 22:08:09,10.946,5.473,70.655,11.444,0,5285976,289988,183092,2250040,6173.813,483.635,5735.954,477.664,663.755,23.883,3283,3747,1.580,2.030,1.450,1,1,43.786,0,0,18,322,0,11,0
24-02 22:08:10,5.258,2.504,67.600,22.533,0,5254200,291272,183092,2280520,6995.356,540.801,30489.138,9373.878,1397.068,80.119,3441,4880,1.580,2.030,1.450,1,1,0,0,0,18,322,0,11,0
24-02 22:08:11,7.738,3.744,68.145,18.471,0,5256740,281956,183092,2287296,6997.194,1552.602,6733.601,7939.739,1411.820,460.289,4313,6385,1.580,2.030,1.450,1,0,5.991,0,0,18,323,0,11,0
24-02 22:08:12,1.754,1.002,96.455,0.251,0,5249172,289544,183096,2287264,8173.403,2111.496,0,168.358,0,12.026,1218,1771,1.580,2.030,1.450,1,0,1.002,0,0,18,323,0,11,0
24-02 22:08:13,2.249,0.500,95.439,0.250,0,5249108,289544,183096,2287328,42842.478,2664.288,63.959,75.951,0.999,6.996,1197,1669,1.530,2.010,1.450,1,0,0,0,0,18,323,0,11,0
24-02 22:08:14,4.491,2.495,90.062,1.247,0,5227048,310304,183352,2288204,182409.208,126974.931,459.042,1065.775,18.960,13.971,1988,2258,1.530,2.010,1.450,2,0,11.975,0,0,18,322,0,11,0
24-02 22:08:15,6.534,3.267,89.717,0,0,5248416,288940,183352,2291612,7809.658,0,0,56.293,0,7.037,2222,7166,1.530,2.010,1.450,7,0,36.188,0,0,19,323,0,11,0
24-02 22:08:16,11.969,3.491,83.037,0,0,5248232,289096,183380,2288208,417314.276,13202.064,0,0,0,0,2849,2993,1.530,2.010,1.450,3,0,24.936,0,0,18,322,0,12,0
24-02 22:08:17,12.012,4.254,81.082,1.752,0,5250316,286968,183384,2288248,298692.980,12859.044,124.126,736.747,6.006,53.054,3250,3395,1.530,2.010,1.450,3,0,22.022,0,0,18,322,0,12,0
