"pcp-dstat 6.2.0 CSV Output"
"Author:","PCP team <pcp@groups.io> and Dag Wieers <dag@wieers.com>",,,,"URL:","https://pcp.io/ and http://dag.wieers.com/home-made/dstat/"
"Host:","ubuntu",,,,"User:","ubuntu"
"Cmdline:","dstat -tcmndrylpg --tcp --output /tmp/devstack_logs/dstat-csv.log",,,,"Date:","23 Feb 2026 12:29:50 UTC"
"system","total usage",,,,,"memory usage",,,,"net/total",,"dsk/total",,"io/total",,"system",,"load avg",,,"procs",,,"paging",,"tcp sockets",,,,
"time","total usage:usr","total usage:sys","total usage:idl","total usage:wai","total usage:stl","used","free","buf","cach","net/total:recv","net/total:send","dsk/total:read","dsk/total:writ","read","writ","int","csw","1m","5m","15m","run","blk","new","in","out","lis","act","syn","tim","clo"
23-02 12:29:50,,974392,1527584,163316,5153172,,,,,,,2.150,1.180,0.710,2,0,,,,10,5,1,17,1
23-02 12:29:51,20.011,20.762,53.280,5.253,0,1009668,1491600,163424,5153700,27490.669,11208.389,0,2729.556,0,108.062,6983,6404,2.150,1.180,0.710,2,0,582.332,0,0,10,5,1,17,1
23-02 12:29:52,20.240,18.491,54.474,6.497,0,995748,1504904,163488,5154076,37217.309,10399.057,0,1719.183,0,58.972,6167,6657,2.150,1.180,0.710,4,0,368.825,0,0,10,4,1,17,2
23-02 12:29:53,27.923,10.720,54.350,4.737,0,1129928,1369964,163528,5279444,23798.360,11612.969,0,1475.929,0,43.879,6450,8049,2.150,1.180,0.710,2,0,177.510,0,0,11,4,1,17,2
23-02 12:29:54,19.552,6.267,69.434,4.763,0,1134732,1344812,163748,5298484,174232.586,7335.391,0,1909.047,0,58.154,2635,2175,2.130,1.200,0.710,3,0,81.215,0,0,11,6,1,17,2
23-02 12:29:55,32.165,10.722,51.115,5.236,0,1168020,1298840,164476,5308412,7164.120,558.528,0,4651.741,0,76.798,4032,2904,2.130,1.200,0.710,0,1,171.548,0,0,11,8,1,17,2
23-02 12:29:56,38.514,5.752,47.768,7.253,0,1213832,1235280,164948,5323816,10245.787,540.200,316.117,2524.933,14.005,57.021,3347,2293,2.130,1.200,0.710,2,0,35.013,0,0,11,6,1,19,2
23-02 12:29:57,34.253,5.000,47.255,12.501,0,1268460,1159556,165616,5342228,4757.457,614.059,244.023,5804.557,7.001,261.025,3089,2074,2.130,1.200,0.710,2,0,6.001,0,0,11,6,1,19,2
23-02 12:29:58,20.293,3.507,41.839,32.319,0,1279956,1138236,166268,5349992,7175.262,541.151,16.034,7880.762,1.002,423.902,4391,6134,2.130,1.200,0.710,2,2,4.009,0,0,11,8,1,19,2
23-02 12:29:59,17.955,3.242,45.636,31.172,0,1273828,1129528,166864,5362792,6910.750,538.655,0,8861.879,0,475.812,4802,7415,2.120,1.210,0.720,0,2,5.985,0,0,11,8,1,19,2
23-02 12:30:00,16.263,4.254,44.537,32.777,0,1282696,1100168,167792,5380556,8233.805,540.447,0,9980.248,0,541.447,4930,7620,2.120,1.210,0.720,1,1,3.002,0,0,11,8,1,19,2
23-02 12:30:01,17.490,3.498,42.976,33.731,0,1285516,1087916,168552,5387892,6581.331,1032.424,0,11529.572,0,649.638,5120,7988,2.120,1.210,0.720,1,1,5.997,0,0,11,9,1,19,2
23-02 12:30:02,21.787,4.508,44.576,27.296,0,1232016,1157752,168740,5371744,14881.305,2918.964,0,11703.902,0,768.306,5843,9120,2.120,1.210,0.720,3,2,31.053,0,0,11,6,1,19,0
23-02 12:30:03,20.464,4.492,42.675,29.947,0,1245912,1137956,168988,5376912,13277.712,2765.150,0,11675.522,0,757.671,5755,9016,2.120,1.210,0.720,1,3,28.949,0,0,11,6,1,19,0
23-02 12:30:04,21.754,4.501,43.758,28.255,0,1275916,1105616,169108,5378916,3912.702,1616.290,0,6869.233,0,555.100,4784,7113,2.190,1.240,0.730,0,1,30.005,0,0,11,7,1,19,0
23-02 12:30:05,16.246,3.499,44.239,33.492,0,1242744,1131352,169596,5384648,10235.452,2578.358,0,11005.261,0,575.857,4459,7055,2.190,1.240,0.730,2,1,4.999,0,0,11,6,1,19,0
23-02 12:30:06,14.496,5.499,27.742,50.236,0,1244440,1128756,169632,5385368,7552.941,539.853,0,17403.257,0,345.906,11204,21115,2.190,1.240,0.730,3,3,11.997,0,0,11,6,1,19,0
23-02 12:30:07,20.754,5.751,37.006,34.006,0,1245056,1127020,169764,5386316,5971.010,582.098,0,8917.509,0,649.110,13088,24427,2.190,1.240,0.730,1,1,13.002,0,0,11,6,1,19,0
23-02 12:30:08,15.261,6.505,37.277,39.028,0,1213860,1165500,169904,5379736,6863.996,540.393,0,8073.876,0,629.458,4648,6894,2.190,1.240,0.730,0,3,16.012,0,0,11,6,1,19,0
23-02 12:30:09,19.536,5.510,35.064,38.320,0,1207264,1176328,170092,5375776,5695.425,540.990,0,13220.199,0,982.799,5068,7823,2.340,1.290,0.750,1,2,22.040,0,0,11,6,1,19,0
23-02 12:30:10,21.505,7.252,50.512,18.754,0,1115768,1267552,170196,5376012,8901.065,560.130,0,3576.830,0,451.105,4852,5708,2.340,1.290,0.750,1,1,137.032,0,0,11,4,1,17,0
23-02 12:30:11,22.201,3.991,69.097,3.991,0,1196684,1186596,170220,5376028,7209.010,538.805,0,2015.529,0,130.710,2182,1915,2.340,1.290,0.750,1,1,10.976,0,0,11,4,1,17,0
23-02 12:30:12,23.508,3.001,69.022,4.501,0,1191220,1192032,170232,5376044,4114.323,540.174,0,11075.561,0,146.047,2078,1695,2.340,1.290,0.750,1,1,10.003,0,0,11,4,1,17,0
23-02 12:30:13,22.735,3.248,57.961,14.240,0,1196708,1186456,170320,5376044,2785.110,539.634,0,7023.233,0,452.693,2690,3294,2.340,1.290,0.750,1,0,0,0,0,11,4,1,17,0
23-02 12:30:14,19.781,7.261,71.611,1.502,0,1173064,1210084,170320,5376060,10079.669,540.841,0,104.162,0,13.020,2824,1939,2.230,1.280,0.750,3,0,100.156,0,0,11,4,1,13,0
23-02 12:30:15,9.262,19.775,69.338,0,0,1117600,1265504,170320,5376096,14576.441,540.684,0,28.035,0,7.009,6062,4755,2.230,1.280,0.750,1,0,434.550,0,0,11,4,1,13,0
23-02 12:30:16,15.448,17.939,65.529,0,0,1118396,1264492,170320,5376692,7547.504,538.182,0,19.933,0,4.983,7298,9023,2.230,1.280,0.750,1,0,309.953,0,0,11,4,1,13,0
23-02 12:30:17,39.009,12.503,47.260,0.250,0,1170616,1204808,170320,5384176,8486.864,540.119,7449.636,10634.335,76.017,143.031,4095,3225,2.230,1.280,0.750,2,0,131.029,0,0,11,5,1,13,0
23-02 12:30:18,46.506,4.501,44.006,4.001,0,1224724,1149648,170332,5385216,8086.037,486.062,512.066,15738.019,9.001,397.051,3185,1632,2.230,1.280,0.750,2,0,0,0,0,11,5,1,13,0
23-02 12:30:19,43.491,8.498,44.241,2.499,0,1256508,1115832,170376,5387356,6810.572,539.887,0,5030.945,0,120.975,3326,4083,2.210,1.290,0.760,5,1,0,0,0,11,5,1,13,0
23-02 12:30:20,4.501,5.001,89.021,0.750,0,1261064,1111064,170388,5387536,3301.788,540.129,0,312.075,0,26.006,2168,2254,2.210,1.290,0.760,1,0,119.028,0,0,11,4,1,13,0
23-02 12:30:21,17.502,3.750,78.257,0,0,1314720,1057468,170392,5387540,8797.804,634.058,0,0,0,0,1876,1584,2.210,1.290,0.760,1,0,23.002,0,0,11,4,1,13,0
23-02 12:30:22,23.749,2.000,73.748,0,0,1349796,1022392,170392,5387540,8333.763,539.985,0,0,0,0,1693,1198,2.210,1.290,0.760,1,0,0,0,0,11,4,1,11,0
23-02 12:30:23,19.253,2.750,70.011,7.001,0,1365376,1006516,170448,5387780,4422.663,540.081,0,1796.269,0,201.030,3635,5211,2.210,1.290,0.760,2,2,1.000,0,0,11,10,1,11,0
23-02 12:30:24,19.245,5.499,69.232,5.499,0,1314980,1056232,170736,5388132,8186.910,539.862,611.844,2243.427,17.995,134.966,2374,2119,2.120,1.290,0.760,1,0,41.989,0,0,11,4,1,13,0
23-02 12:30:25,19.015,2.002,76.311,1.751,0,1336616,1034364,170744,5388324,13009.394,2927.339,4.003,1773.417,1.001,77.062,2352,2297,2.120,1.290,0.760,1,0,1.001,0,0,11,17,1,13,0
23-02 12:30:26,18.506,2.501,75.526,2.501,0,1358748,1011684,170796,5388700,16697.768,6604.281,268.093,1228.424,66.023,12.004,2472,2204,2.120,1.290,0.760,1,0,16.006,0,0,11,28,1,14,0
23-02 12:30:27,20.477,4.745,74.166,0,0,1352404,1018016,170796,5388708,7332.654,1291.530,0,43.950,0,3.995,2016,1517,2.120,1.290,0.760,2,0,28.967,0,0,11,29,1,14,0
23-02 12:30:28,13.747,5.499,80.231,0,0,1328684,1041712,170796,5388732,9708.735,6638.451,0,2123.505,0,42.990,2691,2247,2.120,1.290,0.760,0,0,75.982,0,0,11,28,1,15,0
23-02 12:30:29,39.017,10.755,49.021,0.250,0,1422384,948008,170796,5388736,8022.434,1153.494,0,20760.888,0,275.118,3541,2873,2.190,1.320,0.770,1,0,80.034,0,0,11,29,1,15,0
23-02 12:30:30,27.061,4.260,60.386,6.515,0,1430636,939720,170800,5388768,20104.286,14705.124,0,22811.384,0,279.630,5513,7123,2.190,1.320,0.770,2,1,1.002,0,0,11,30,1,15,0
23-02 12:30:31,46.027,20.262,25.265,7.755,0,1486288,883832,170808,5388964,7628.554,4478.674,0,31939.066,0,311.186,6634,7339,2.190,1.320,0.770,5,1,435.260,0,0,11,28,1,16,0
23-02 12:30:32,82.499,17.000,0,0,0,1662680,707408,170808,5389092,13750.886,6522.946,0,13507.888,0,108.999,6108,9523,2.190,1.320,0.770,4,0,178.999,0,0,11,31,1,17,0
23-02 12:30:33,75.249,8.500,16.000,0.250,0,1741156,628852,170824,5389084,39258.527,32541.608,0,835.990,0,38.000,8105,11135,2.190,1.320,0.770,3,1,49.999,0,0,11,32,1,19,0
23-02 12:30:34,38.626,12.211,45.354,2.741,0,1563072,806672,170892,5389276,18249.186,7954.364,0,3432.936,0,191.383,6340,7873,2.090,1.310,0.770,1,0,259.165,0,0,11,28,1,22,0
23-02 12:30:35,19.254,2.751,77.767,0.250,0,1550684,819048,170896,5389284,11715.564,2891.633,0,368.081,0,17.004,1900,1592,2.090,1.310,0.770,1,0,0,0,0,11,29,1,22,0
23-02 12:30:36,16.257,5.252,77.033,0.250,0,1508268,861444,170904,5389296,11442.884,5131.190,0,388.166,0,25.011,3329,3336,2.090,1.310,0.770,1,0,68.029,0,0,11,28,1,23,0
23-02 12:30:37,18.730,3.746,76.419,0.749,0,1515608,854100,170908,5389296,11471.847,2748.089,0,267.716,0,13.985,1780,1301,2.090,1.310,0.770,0,1,0,0,0,11,29,1,23,0
23-02 12:30:38,16.305,5.519,76.006,1.254,0.251,1471700,897976,170924,5389312,13910.779,5444.308,0,955.212,0,59.199,3757,4077,2.090,1.310,0.770,1,2,87.294,0,0,11,28,1,24,0
23-02 12:30:39,21.740,30.236,45.228,1.749,0,1449388,920252,170948,5389324,7350.476,539.741,0,1715.178,0,98.953,6901,6675,2.320,1.370,0.800,5,0,913.562,0,0,11,28,1,23,0
23-02 12:30:40,84.415,11.988,3.996,0,0,1662372,707220,170952,5389368,11902.992,5478.473,0,47.952,0,3.996,4886,2453,2.320,1.370,0.800,4,0,37.962,0,0,11,30,2,23,0
23-02 12:30:41,66.998,7.223,23.412,0.996,0,1688192,681024,170960,5389736,47816.177,39741.544,0,932.493,0,51.805,9122,14373,2.320,1.370,0.800,6,0,0,0,0,11,31,1,23,0
23-02 12:30:42,76.420,20.613,1.760,1.006,0,1593324,775712,170980,5389896,13874.318,5527.405,0,534.943,0,54.299,6392,7377,2.320,1.370,0.800,6,0,311.715,0,0,11,28,1,24,0
23-02 12:30:43,83.375,8.737,7.738,0,0,1762564,606444,170984,5389920,16167.832,14007.062,0,279.582,0,11.982,5337,3410,2.320,1.370,0.800,5,0,0,0,0,11,33,1,20,0
23-02 12:30:44,74.334,8.760,14.266,2.002,0,1750592,618148,170984,5390184,53675.012,47532.030,0,2622.982,0,127.145,10270,18397,2.460,1.420,0.810,4,0,50.057,0,0,11,31,1,23,0
23-02 12:30:45,50.868,12.218,36.406,0,0,1580996,787720,170992,5390200,9502.356,3067.046,0,390.986,0,28.925,4679,4219,2.460,1.420,0.810,2,0,247.358,0,0,11,28,1,25,0
23-02 12:30:46,31.988,3.249,63.226,0.250,0,1568136,800416,170996,5390360,23074.282,14924.361,0,143.946,0,7.997,4582,4948,2.460,1.420,0.810,0,0,0,0,0,11,30,1,25,0
23-02 12:30:47,41.015,18.757,39.764,0.250,0,1486084,882428,171000,5390396,11108.037,4444.615,0,348.127,0,31.011,6073,6040,2.460,1.420,0.810,3,0,378.137,0,0,11,28,1,24,0
23-02 12:30:48,55.368,6.514,37.329,0.251,0,1565404,803088,171000,5390416,19721.997,14026.869,0,172.367,0,10.021,4138,3320,2.460,1.420,0.810,2,0,0,0,0,11,31,1,24,0
23-02 12:30:49,54.296,16.264,28.775,0,0,1466368,902040,171016,5390484,22220.017,15240.043,0,1805.545,0,169.145,7834,10302,2.580,1.460,0.830,4,0,258.221,0,0,11,28,1,25,0
23-02 12:30:50,72.500,8.750,18.250,0,0,1608160,760216,171016,5390516,25464.859,16133.911,0,147.999,0,7.000,5211,3551,2.580,1.460,0.830,4,0,1.000,0,0,11,32,1,25,0
23-02 12:30:51,60.356,13.967,24.442,0.249,0,1556964,811320,171040,5390584,29530.592,25323.623,0,905.840,0,48.883,9135,13586,2.580,1.460,0.830,3,0,323.229,0,0,11,28,1,28,0
23-02 12:30:52,58.656,8.736,31.699,0,0,1589516,778712,171044,5390632,10334.359,6501.531,0,207.666,0,12.979,3535,1764,2.580,1.460,0.830,0,0,0,0,0,11,31,1,28,0
23-02 12:30:53,48.141,7.271,40.118,3.761,0,1566404,801492,171056,5391016,30053.155,23822.880,0,5636.534,0,415.218,8900,11551,2.580,1.460,0.830,5,0,89.262,0,0,11,28,1,30,0
23-02 12:30:54,61.546,15.762,22.767,0,0,1560988,806848,171056,5391064,6505.893,614.462,0,8.006,0,2.002,4058,2325,2.620,1.490,0.840,3,1,210.158,0,0,11,28,1,30,0
23-02 12:30:55,44.739,4.749,48.488,1.750,0,1557452,810180,171072,5391252,35349.408,26445.572,0,887.784,0,50.988,7520,9822,2.620,1.490,0.840,5,0,0,0,0,11,30,1,31,0
23-02 12:30:56,60.693,17.983,20.231,0.500,0,1534608,832996,171084,5391268,12007.668,2592.553,0,743.299,0,45.957,4837,3768,2.620,1.490,0.840,3,0,286.729,0,0,11,28,1,33,0
23-02 12:30:57,44.760,5.751,49.761,0,0,1571276,796056,171084,5391508,29707.819,22519.169,0,0,0,0,6530,7738,2.620,1.490,0.840,3,0,6.001,0,0,11,31,1,33,0
23-02 12:30:58,59.073,12.515,27.033,1.001,0.250,1538332,828816,171096,5391680,11524.159,4190.148,0,416.512,0,39.048,5493,4845,2.620,1.490,0.840,3,0,112.138,0,0,11,28,1,35,0
23-02 12:30:59,48.245,4.500,45.995,0,0,1575024,792088,171100,5391712,21811.736,18823.046,0,347.964,0,11.999,5572,5854,2.410,1.460,0.840,3,0,0,0,0,11,31,1,33,0
23-02 12:31:00,64.163,22.719,12.233,0.499,0,1498468,868572,171124,5391760,15255.255,7771.432,0,475.354,0,50.931,6878,8130,2.410,1.460,0.840,7,1,563.234,0,0,11,28,1,35,0
23-02 12:31:01,81.108,18.525,0.250,0,0,1705436,661544,171128,5391812,16696.232,10509.995,0,284.379,0,13.017,5855,5496,2.410,1.460,0.840,6,0,429.572,0,0,11,31,1,35,0
23-02 12:31:02,78.008,17.502,3.750,0.500,0,1740780,625964,171140,5392036,46258.596,40835.057,0,640.064,0,49.005,9124,11605,2.410,1.460,0.840,7,0,514.051,0,0,11,30,1,36,0
23-02 12:31:03,78.503,20.001,1.500,0,0,1579968,786508,171152,5392284,21020.769,13934.510,0,444.016,0,38.001,6621,6452,2.410,1.460,0.840,5,0,348.013,0,0,11,28,1,36,0
23-02 12:31:04,78.413,8.740,12.736,0,0,1681228,685184,171152,5392344,29504.108,23453.853,0,459.488,0,12.986,6340,6376,2.530,1.500,0.860,2,0,0,0,0,11,33,1,36,0
23-02 12:31:05,55.474,16.243,27.237,0.500,0,1574676,791520,171156,5392548,43164.110,33922.368,0,2722.745,0,118.945,10658,16134,2.530,1.500,0.860,3,0,398.816,0,0,11,28,1,40,1
23-02 12:31:06,24.789,32.051,42.317,0,0,1468140,898004,171156,5392600,8892.121,552.878,0,849.349,0,21.033,6794,6364,2.530,1.500,0.860,6,0,937.489,0,0,11,28,1,41,0
23-02 12:31:07,73.770,15.701,9.720,0,0,1606764,759328,171156,5392652,9564.151,7251.369,0,151.527,0,7.975,4863,3307,2.530,1.500,0.860,2,0,266.169,0,0,11,31,1,41,0
23-02 12:31:08,59.434,10.282,29.842,0.502,0,1584732,781268,171172,5392724,33499.451,25634.162,0,529.636,0,51.158,7377,11100,2.530,1.500,0.860,4,0,111.344,0,0,11,29,1,44,0
23-02 12:31:09,75.750,15.000,8.250,0.250,0,1577080,788760,171180,5392872,10991.060,5557.030,0,292.002,0,22.000,5391,3969,2.570,1.530,0.870,4,0,157.001,0,0,11,29,1,45,0
23-02 12:31:10,61.455,5.746,32.976,0,0,1599992,765756,171180,5392964,41561.897,34168.253,0,175.873,0,7.994,8770,12630,2.570,1.530,0.870,1,0,0.999,0,0,11,32,1,45,0
23-02 12:31:11,58.291,7.505,31.772,1.001,0,1588472,776996,171188,5393228,43425.622,34342.217,0,484.342,0,46.032,13280,20614,2.570,1.530,0.870,5,0,60.042,0,0,11,29,1,45,0
23-02 12:31:12,78.498,12.500,9.250,0.250,0,1580940,784376,171196,5393372,11517.653,8794.735,0,267.992,0,22.999,5151,3675,2.570,1.530,0.870,3,0,59.998,0,0,11,30,1,45,0
23-02 12:31:13,60.218,5.997,33.482,0,0,1617372,747692,171196,5393584,45824.949,37319.413,0,155.918,0,8.995,8862,15538,2.570,1.530,0.870,2,0,1.999,0,0,11,32,1,45,0
23-02 12:31:14,56.915,12.731,28.457,0,0,1542856,821964,171196,5393820,43135.514,32666.165,0,183.725,0,10.984,11800,18213,2.690,1.570,0.880,4,0,204.694,0,0,11,29,1,48,0
23-02 12:31:15,77.651,11.236,11.236,0,0,1596964,767816,171196,5393860,12279.328,9940.313,0,115.852,0,7.990,4661,2852,2.690,1.570,0.880,3,0,54.930,0,0,11,31,1,49,0
23-02 12:31:16,59.173,6.519,32.846,0.752,0,1578488,786040,171204,5394096,43150.878,34465.541,0,120.351,0,6.018,10213,15779,2.690,1.570,0.880,3,0,34.099,0,0,11,31,1,50,0
23-02 12:31:17,74.261,15.002,10.002,0.750,0,1554092,810384,171212,5394136,19594.011,12695.951,0,340.052,0,34.005,6829,7676,2.690,1.570,0.880,3,0,94.014,0,0,11,29,1,51,0
23-02 12:31:18,66.502,9.250,23.751,0.500,0,1609364,755064,171224,5394172,25355.849,16245.544,0,384.013,0,38.001,5444,4857,2.690,1.570,0.880,4,0,60.002,0,0,11,30,1,53,0
23-02 12:31:19,70.592,10.227,17.461,0,0,1667644,696568,171224,5394384,34164.586,24939.220,0,167.625,0,10.975,7371,10954,2.630,1.580,0.890,4,0,59.866,0,0,11,31,1,53,0
23-02 12:31:20,64.154,12.530,23.306,0,0,1648088,715924,171228,5394580,33899.523,24727.466,0,156.376,0,10.024,7718,10882,2.630,1.580,0.890,5,0,142.342,0,0,11,29,1,56,0
23-02 12:31:21,73.500,12.250,13.250,0,0,1598804,765176,171228,5394608,18821.897,12394.932,0,3103.983,0,134.999,5353,4766,2.630,1.580,0.890,3,0,86.000,0,0,11,30,1,57,0
23-02 12:31:22,69.654,10.486,19.723,0,0,1606020,757888,171228,5394676,24341.594,21122.013,0,0,0,0,6271,7441,2.630,1.580,0.890,4,0,67.907,0,0,11,30,1,59,0
23-02 12:31:23,59.890,11.479,27.200,0.998,0,1589868,773972,171240,5394728,21012.460,17963.053,0,1002.162,0,73.865,6039,7816,2.630,1.580,0.890,1,1,137.747,0,0,11,30,1,61,0
23-02 12:31:24,52.002,9.750,35.501,1.750,0,1554704,809116,171256,5394748,19580.627,10213.327,0,1868.060,0,142.005,5286,5104,2.740,1.620,0.910,4,0,120.004,0,0,11,29,1,61,0
23-02 12:31:25,51.863,9.771,37.832,0,0,1555296,808240,171272,5395012,19138.641,12350.872,0,388.846,0,29.063,5346,5977,2.740,1.620,0.910,3,0,97.212,0,0,11,32,1,62,0
23-02 12:31:26,55.884,8.732,34.928,0.249,0,1599892,763476,171276,5395172,27094.976,17467.882,0,203.579,0,15.967,6942,7986,2.740,1.620,0.910,3,0,43.909,0,0,11,33,1,64,0
23-02 12:31:27,52.882,8.020,38.847,0,0,1636560,726720,171276,5395256,20035.990,11990.918,0,192.480,0,14.035,4976,5373,2.740,1.620,0.910,3,0,43.108,0,0,11,33,1,65,0
23-02 12:31:28,33.908,5.984,57.842,0.997,0,1560188,802916,171276,5395432,23640.521,16622.662,0,275.249,0,19.946,6451,7981,2.740,1.620,0.910,2,0,85.766,0,0,11,33,1,65,0
23-02 12:31:29,35.994,10.498,52.492,0.250,0,1505392,857696,171284,5395440,7627.834,2951.549,0,239.963,0,20.997,4329,3910,2.680,1.620,0.910,2,0,134.979,0,0,11,32,1,66,0
23-02 12:31:30,33.999,4.000,60.748,0,0,1515320,847744,171284,5395464,19387.515,13831.654,0,111.997,0,8.000,3878,3991,2.680,1.620,0.910,2,0,1.000,0,0,11,33,1,67,0
23-02 12:31:31,35.825,11.274,52.861,0.501,0,1524428,838432,171288,5395656,7976.796,4722.945,0,220.464,0,15.032,5053,5113,2.680,1.620,0.910,2,0,138.291,0,0,11,32,1,68,0
23-02 12:31:32,38.772,5.503,54.281,0.500,0,1513632,849216,171288,5395668,15699.042,9279.344,0,160.092,0,17.010,3570,17554,2.680,1.620,0.910,2,1,36.021,0,0,11,33,1,67,1
23-02 12:31:33,36.691,7.238,54.413,0.499,0,1502376,860440,171300,5395684,13447.550,8773.006,0,383.388,0,37.939,4766,5501,2.680,1.620,0.910,2,0,59.904,0,0,11,32,1,69,0
23-02 12:31:34,36.725,5.996,55.711,0.500,0,1504156,858628,171304,5395712,16270.752,9054.740,0,187.870,0,11.992,3423,3159,2.630,1.630,0.920,1,0,4.997,0,0,11,34,1,69,0
23-02 12:31:35,33.598,6.519,59.925,0.251,0,1459288,903312,171308,5395892,20497.919,13879.572,0,204.598,0,16.047,4474,5909,2.630,1.630,0.920,2,1,43.126,0,0,11,33,1,70,0
23-02 12:31:36,38.628,5.732,54.328,0.249,0,1482880,879708,171312,5395900,13995.799,6157.553,0,187.408,0,15.950,3044,2145,2.630,1.630,0.920,3,0,4.984,0,0,11,33,1,64,0
23-02 12:31:37,28.752,6.500,62.755,1.500,0,1478340,884200,171316,5395940,23964.759,16293.196,0,1624.119,0,18.001,5480,7288,2.630,1.630,0.920,5,1,94.007,0,0,11,33,1,65,0
23-02 12:31:38,21.303,9.524,67.669,0.251,0,1444792,917680,171320,5396004,6532.350,1834.592,0,457.144,0,32.080,3664,3535,2.630,1.630,0.920,1,0,188.472,0,0,11,32,1,66,0
23-02 12:31:39,18.251,1.750,79.756,0,0,1441452,921008,171320,5396016,14859.177,7385.585,0,140.011,0,8.001,2387,2531,2.500,1.620,0.920,1,0,0,0,0,11,33,1,66,0
23-02 12:31:40,13.216,9.974,74.809,0.249,0,1374500,987920,171328,5396040,11243.256,4512.463,0,578.521,0,32.916,4741,4880,2.500,1.620,0.920,1,0,284.273,0,0,11,32,1,65,0
23-02 12:31:41,18.740,3.748,76.961,0.250,0,1413020,949400,171328,5396040,6277.786,2504.718,0,139.928,0,7.996,1708,1243,2.500,1.620,0.920,0,0,0,0,0,11,33,1,65,0
23-02 12:31:42,18.555,3.510,76.477,0.251,0,1385964,976428,171332,5396064,16269.258,9313.626,0,437.297,0,26.077,3653,4247,2.500,1.620,0.920,2,0,24.071,0,0,11,32,1,66,0
23-02 12:31:43,21.442,3.989,74.051,0.249,0,1449776,912604,171340,5396068,5289.802,1223.716,0,147.604,0,13.963,1988,1517,2.500,1.620,0.920,0,0,21.941,0,0,11,33,1,66,0
23-02 12:31:44,16.254,2.000,80.268,0,0,1440216,922012,171340,5396220,18524.229,10689.440,0,12.003,0,2.000,3354,4207,2.380,1.610,0.920,1,0,0,0,0,11,33,1,64,0
23-02 12:31:45,13.289,14.292,70.957,1.003,0,1411988,950076,171340,5396380,9496.651,3746.910,0,276.806,0,21.061,5390,5413,2.380,1.610,0.920,1,0,354.031,0,0,11,32,1,64,0
23-02 12:31:46,34.145,13.209,47.853,3.739,0,1483200,878720,171396,5396464,3600.940,484.512,35.890,3720.573,0.997,212.348,4827,3915,2.380,1.610,0.920,2,0,272.164,0,0,11,32,1,66,0
23-02 12:31:47,36.756,4.501,48.258,9.752,0,1567472,790704,171720,5399312,8235.317,540.086,436.070,3496.559,17.003,177.028,3957,4116,2.380,1.610,0.920,1,1,14.002,0,0,11,36,1,66,0
23-02 12:31:48,27.743,4.749,44.238,21.494,0,1537772,818928,171916,5400556,7174.075,539.855,0,5682.475,0,615.835,6120,9460,2.380,1.610,0.920,1,1,30.992,0,0,11,36,1,60,0
23-02 12:31:49,27.006,5.251,38.258,28.006,0,1538812,816812,172112,5401412,13808.888,540.113,0,11814.471,0,840.176,6122,10294,2.670,1.680,0.950,1,1,21.004,0,0,11,36,1,60,0
23-02 12:31:50,25.763,6.253,38.019,28.514,0,1530684,824044,172352,5402044,10523.219,614.305,0,11157.534,0,815.404,5864,9421,2.670,1.680,0.950,1,1,15.007,0,0,11,36,1,60,0
23-02 12:31:51,27.227,4.996,36.969,28.976,0,1506940,846664,172612,5402880,7088.064,613.486,0,8257.085,0,634.469,5647,8607,2.670,1.680,0.950,2,2,21.982,0,0,11,36,1,60,0
23-02 12:31:52,26.552,4.759,42.583,24.798,0,1534412,818428,172712,5403524,7192.989,615.196,0,5811.302,0,516.004,5043,7633,2.670,1.680,0.950,1,3,20.039,0,0,11,36,1,56,0
23-02 12:31:53,27.235,5.997,40.727,23.737,0,1522892,829068,172856,5404236,6811.216,613.659,0,9890.506,0,799.556,5974,9511,2.670,1.680,0.950,3,3,18.989,0,0,11,36,1,56,0
23-02 12:31:54,27.954,4.742,38.686,25.708,0,1573612,777768,172996,5404636,4014.375,559.077,0,11756.596,0,914.491,6527,10377,2.850,1.740,0.970,2,1,13.977,0,0,11,36,1,56,0
23-02 12:31:55,25.843,5.018,36.631,31.864,0,1531888,819144,173152,5404832,7562.133,616.211,0,16651.747,0,1180.235,6019,9617,2.850,1.740,0.970,3,1,10.036,0,0,11,36,1,56,0
23-02 12:31:56,26.662,4.734,42.858,22.924,0,1568072,782276,173240,5405404,9137.826,538.223,0,5920.450,0,646.864,6182,9661,2.850,1.740,0.970,1,1,13.954,0,0,11,36,1,51,0
23-02 12:31:57,27.849,5.269,41.648,23.835,0,1562000,788000,173316,5405616,7788.768,616.197,0,11284.230,0,832.970,5505,8952,2.850,1.740,0.970,1,2,13.047,0,0,11,36,1,51,0
23-02 12:31:58,32.912,5.236,41.639,17.952,0,1508616,841916,173404,5405016,7231.681,538.561,0,6957.414,0,562.497,5686,8710,2.850,1.740,0.970,2,1,6.981,0,0,11,32,1,51,0
23-02 12:31:59,45.315,6.009,33.298,14.771,0,1532524,817848,173456,5405128,7984.448,540.775,0,9097.043,0,538.772,4159,4175,2.950,1.780,0.990,1,2,3.004,0,0,11,34,1,51,0
23-02 12:32:00,27.944,6.238,41.667,22.705,0,1600680,749472,173564,5405240,6863.310,538.925,0,4538.946,0,655.692,6524,10542,2.950,1.780,0.990,1,3,2.994,0,0,11,34,1,47,0
23-02 12:32:01,29.574,5.764,43.107,19.799,0,1603612,746048,173828,5405468,4377.916,487.215,0,8689.668,0,1200.995,7891,14326,2.950,1.780,0.990,1,1,1.002,0,0,11,34,1,47,0
23-02 12:32:02,31.762,7.253,45.267,13.755,0,1552304,797024,173948,5405676,7023.608,614.228,0,5858.175,0,744.276,6441,10016,2.950,1.780,0.990,3,1,50.019,0,0,11,32,1,47,0
23-02 12:32:03,22.421,5.232,64.275,7.474,0,1552760,796548,173960,5405680,9174.817,538.112,0,2228.184,0,115.595,2392,2257,2.950,1.780,0.990,3,2,50.822,0,0,11,32,1,47,0
23-02 12:32:04,16.801,9.028,69.963,3.009,0,1515428,833728,173972,5405820,6835.852,541.652,0,1135.464,0,61.187,3461,2727,2.710,1.750,0.980,1,1,152.465,0,0,11,32,1,47,0
23-02 12:32:05,8.755,21.512,52.530,16.009,0,1485092,863864,174056,5405852,7218.144,540.310,0,8484.871,0,381.219,7321,7115,2.710,1.750,0.980,2,0,582.334,0,0,11,32,1,46,0
23-02 12:32:06,8.002,21.504,69.514,0.250,0,1480432,868460,174060,5405908,6729.309,540.105,0,384.075,0,8.002,6529,5357,2.710,1.750,0.980,1,0,557.108,0,0,11,32,1,46,0
23-02 12:32:07,20.686,5.483,71.777,1.246,0,1498652,850116,174060,5406028,6752.997,538.326,0,582.189,0,109.659,2543,1922,2.710,1.750,0.980,1,0,77.758,0,0,11,32,1,46,0
23-02 12:32:08,21.998,3.250,73.742,0,0,1491120,857632,174060,5406044,8095.133,539.942,0,119.987,0,3.000,1787,1157,2.710,1.750,0.980,1,0,3.000,0,0,11,32,1,46,0
23-02 12:32:09,22.007,4.001,74.275,0,0,1546660,802112,174060,5406024,3471.155,486.162,0,0,0,0,1742,1212,2.570,1.730,0.980,1,0,2.001,0,0,11,32,1,37,0
23-02 12:32:10,21.993,3.249,73.727,0,0,1538832,809920,174060,5406044,5660.227,613.808,0,19.994,0,1.000,1695,1208,2.570,1.730,0.980,1,0,1.999,0,0,11,32,1,37,0
23-02 12:32:11,22.252,4.250,71.508,1.750,0,1555496,793264,174064,5406032,10545.166,540.060,0,260.029,0,15.002,2041,1621,2.570,1.730,0.980,2,1,2.000,0,0,11,32,1,37,0
23-02 12:32:12,22.253,2.500,73.008,0.500,0.250,1501144,847604,174064,5406044,8903.002,582.066,0,304.034,0,22.002,1859,1355,2.570,1.730,0.980,1,0,1.000,0,0,11,32,1,37,0
23-02 12:32:13,22.998,3.250,73.744,0,0,1534280,814484,174068,5406024,7245.366,539.953,0,67.994,0,5.000,1819,1232,2.570,1.730,0.980,1,0,2.000,0,0,11,32,1,37,0
23-02 12:32:14,21.999,3.750,73.497,0,0,1503352,845400,174068,5406036,18631.261,539.979,0,8.000,0,2.000,1826,1324,2.450,1.720,0.980,1,0,1.000,0,0,11,32,1,37,0
23-02 12:32:15,22.498,3.250,73.745,0,0,1481612,867140,174068,5406036,9228.365,539.963,0,11.999,0,1.000,1869,1287,2.450,1.720,0.980,1,0,3.000,0,0,11,32,1,37,0
23-02 12:32:16,22.000,3.250,73.749,0,0,1513804,834960,174068,5406024,7233.902,485.993,0,299.996,0,4.000,1858,1253,2.450,1.720,0.980,1,0,2.000,0,0,11,32,1,37,0
23-02 12:32:17,22.514,3.252,73.547,0,0,1507140,841600,174068,5406048,3361.141,540.344,0,24.015,0,1.001,1766,1203,2.450,1.720,0.980,1,0,1.001,0,0,11,32,1,31,0
23-02 12:32:18,22.488,2.998,73.459,0,0,1510268,838560,174068,5405960,7257.977,539.701,0,79.956,0,2.998,1807,1236,2.450,1.720,0.980,1,0,1.999,0,0,11,32,1,31,0
23-02 12:32:19,22.761,3.252,74.035,0,0,1488408,860324,174068,5406052,7554.528,540.252,0,88.041,0,1.000,1792,1291,2.330,1.710,0.980,1,0,1.000,0,0,11,32,1,31,0
23-02 12:32:20,22.236,3.248,73.203,0,0,1432564,916188,174068,5406032,3896.501,539.654,0,15.990,0,1.999,1794,1324,2.330,1.710,0.980,1,0,1.999,0,0,11,32,1,31,0
23-02 12:32:21,22.786,4.006,72.365,1.002,0,1460328,888396,174068,5406060,7912.615,635.012,0,2616.171,0,52.083,2155,1729,2.330,1.710,0.980,1,0,3.005,0,0,11,32,1,25,0
23-02 12:32:22,22.476,3.496,73.421,0.250,0,1514476,834268,174068,5406040,7070.383,539.419,0,43.953,0,4.995,1788,1354,2.330,1.710,0.980,1,0,0,0,0,11,32,1,25,0
23-02 12:32:23,22.492,2.749,73.722,0,0,1506340,842396,174068,5406048,8713.727,539.797,0,0,0,0,1833,1328,2.330,1.710,0.980,1,0,1.000,0,0,11,32,1,25,0
23-02 12:32:24,20.046,6.264,73.168,0,0,1497324,851392,174068,5406068,5226.970,487.116,0,32.073,0,2.005,2321,1613,2.220,1.700,0.980,2,0,72.165,0,0,11,32,1,25,0
23-02 12:32:25,14.246,14.496,70.981,0,0,1511064,837612,174068,5406108,6008.374,539.854,0,179.951,0,8.998,4740,4103,2.220,1.700,0.980,1,0,389.895,0,0,11,32,1,19,0
23-02 12:32:26,22.956,2.246,73.860,0,0,1549740,798752,174072,5406288,9045.858,612.839,0,479.092,0,76.854,1745,1080,2.220,1.700,0.980,1,0,0,0,0,11,32,1,19,0
23-02 12:32:27,21.749,4.000,73.497,0,0,1544320,804096,174072,5406360,7941.628,539.975,0,143.993,0,2.000,1896,1354,2.220,1.700,0.980,1,0,9.000,0,0,11,32,1,19,0
23-02 12:32:28,17.055,12.540,70.728,0,0,1514752,833528,174072,5406496,7096.878,541.746,40.129,72.233,2.006,3.010,4046,3229,2.220,1.700,0.980,2,0,324.045,0,0,11,32,1,19,0
23-02 12:32:29,8.744,21.486,68.457,0,0,1488712,859532,174072,5406532,7624.179,539.659,0,303.808,0,6.996,6961,6198,2.200,1.700,0.990,2,0,688.565,0,0,11,32,1,13,0
23-02 12:32:30,8.503,22.257,68.521,0,0,1479284,868900,174072,5406580,8762.672,540.165,0,1016.310,0,12.004,7040,6310,2.200,1.700,0.990,1,0,721.220,0,0,11,32,1,13,0
23-02 12:32:31,8.229,22.193,66.827,0.997,0,1470112,878012,174084,5406612,5083.852,538.607,0,2473.603,0,52.863,7130,6584,2.200,1.700,0.990,2,1,703.181,0,0,11,32,1,13,0
23-02 12:32:32,12.273,22.042,64.373,0.250,0,1435160,912916,174084,5406552,3363.415,486.929,0,516.986,0,19.036,6863,13085,2.200,1.700,0.990,2,0,554.057,0,0,11,32,1,14,0
23-02 12:32:33,8.752,21.004,69.762,0,0,1434088,913956,174084,5406688,2960.527,540.096,0,332.059,0,9.002,6071,4629,2.200,1.700,0.990,2,0,458.081,0,0,11,32,1,10,0
23-02 12:32:34,7.504,22.763,68.288,0,0,1425136,922860,174084,5406732,7620.246,540.301,0,64.036,0,16.009,6659,5543,2.110,1.690,0.990,2,0,626.349,0,0,11,32,1,10,0
23-02 12:32:35,16.005,22.508,59.270,1.000,0,1366728,981072,174104,5406900,5420.852,540.185,0,764.261,0,32.011,6808,6086,2.110,1.690,0.990,2,0,632.216,0,0,11,32,1,12,0
23-02 12:32:36,59.570,16.949,22.183,0.997,0,1521704,825812,174188,5407100,7088.554,538.371,0,861.394,0,45.861,5032,4116,2.110,1.690,0.990,3,1,364.896,0,0,11,32,1,16,0
23-02 12:32:37,46.261,7.502,26.506,19.005,0,1643936,697808,174536,5411800,7403.812,540.132,448.110,7325.793,11.003,392.096,5332,6487,2.110,1.690,0.990,1,2,22.005,0,0,11,38,1,12,0
23-02 12:32:38,11.493,3.498,50.970,30.732,0,1644576,694220,174788,5414124,9276.557,539.683,0,8203.187,0,594.651,5344,8545,2.110,1.690,0.990,1,2,18.989,0,0,11,38,1,13,0
23-02 12:32:39,5.499,3.250,51.744,36.746,0,1642020,695768,174872,5415028,6200.282,539.937,0,11338.687,0,771.911,5123,9480,2.100,1.700,1,0,1,14.998,0,0,11,38,1,13,0
23-02 12:32:40,6.999,2.750,46.243,40.494,0,1639180,697360,174952,5416168,3790.457,485.930,0,11714.322,0,786.887,5920,10753,2.100,1.700,1,2,1,21.997,0,0,11,38,1,13,0
23-02 12:32:41,8.005,3.252,51.281,35.021,0,1636356,698448,175060,5417748,6380.823,540.324,0,10858.506,0,730.438,5420,9611,2.100,1.700,1,2,1,15.009,0,0,11,38,1,11,0
23-02 12:32:42,8.726,3.241,46.121,38.642,0,1635216,698296,175220,5418852,10378.936,538.492,0,13613.878,0,936.378,5720,10100,2.100,1.700,1,5,1,14.958,0,0,11,38,1,11,0
23-02 12:32:43,6.015,3.509,50.124,38.596,0.251,1633440,699132,175304,5419676,7983.802,541.343,0,12254.394,0,791.964,4988,8959,2.100,1.700,1,0,1,9.022,0,0,11,38,1,11,0
23-02 12:32:44,7.257,3.253,51.046,35.282,0,1632160,698828,175420,5421008,9496.594,540.489,0,11102.047,0,775.702,5529,9926,2.170,1.720,1.010,0,3,9.008,0,0,11,38,1,11,0
23-02 12:32:45,12.524,5.009,43.081,37.070,0,1583072,746816,175568,5421924,9338.609,541.020,0,13132.764,0,854.611,5855,9487,2.170,1.720,1.010,1,3,57.108,0,0,11,36,1,11,0
23-02 12:32:46,26.436,6.235,32.173,33.918,0,1633264,695512,175688,5422856,8446.653,1666.985,0,13104.434,0,881.876,6030,9592,2.170,1.720,1.010,2,2,11.971,0,0,11,37,1,10,0
23-02 12:32:47,18.019,4.004,44.547,30.532,0,1632160,695260,175756,5424100,13462.157,8450.887,0,11011.580,0,779.820,6875,11269,2.170,1.720,1.010,1,1,21.022,0,0,11,37,1,10,0
23-02 12:32:48,23.735,7.495,34.729,31.481,0,1603284,722856,175792,5425308,4338.317,1414.125,0,14467.053,0,882.454,6977,10746,2.170,1.720,1.010,3,1,75.953,0,0,11,38,1,11,0
23-02 12:32:49,22.006,4.001,44.763,27.258,0,1622224,702512,175824,5426632,12886.760,6200.809,0,5661.652,0,537.157,5253,7848,2.560,1.810,1.040,1,1,9.003,0,0,11,39,1,11,0
23-02 12:32:50,17.721,3.494,44.426,30.949,0,1621604,701756,175892,5427904,16971.880,9620.061,0,15210.798,0,979.377,8944,15348,2.560,1.810,1.040,2,1,9.983,0,0,11,39,1,9,0
23-02 12:32:51,19.012,7.004,36.273,36.023,0,1618584,704148,175908,5428504,10764.861,5423.457,0,10362.605,0,658.420,6989,11029,2.560,1.810,1.040,1,1,36.023,0,0,11,38,1,9,0
23-02 12:32:52,23.996,4.999,33.994,35.244,0,1671220,649880,175944,5430056,14649.328,5686.963,0,12305.756,0,810.852,6414,9995,2.560,1.810,1.040,3,3,11.998,0,0,11,39,1,9,0
23-02 12:32:53,21.253,4.251,41.506,30.255,0,1665700,654000,175992,5431320,15601.346,9080.366,0,10053.512,0,787.118,8268,13418,2.560,1.810,1.040,0,1,18.003,0,0,11,39,1,9,0
23-02 12:32:54,20.063,6.019,33.355,38.621,0,1634116,684392,176048,5432412,14486.495,7262.809,0,13542.531,0,1073.371,8031,12751,2.750,1.860,1.060,1,3,49.154,0,0,11,38,1,10,0
23-02 12:32:55,26.870,6.220,28.114,37.320,0,1701580,615824,176108,5433432,5797.052,557.313,0,13164.532,0,926.533,5974,9705,2.750,1.860,1.060,4,1,24.880,0,0,11,38,1,10,0
23-02 12:32:56,19.333,3.766,42.935,32.138,0,1689952,625392,176172,5435368,14753.549,10014.135,0,13960.132,0,939.045,7331,12397,2.750,1.860,1.060,4,1,3.013,0,0,11,39,1,10,0
23-02 12:32:57,21.449,4.240,44.893,27.684,0,1678640,635348,176212,5436616,17060.515,10321.507,0,9277.983,0,695.350,8654,13924,2.750,1.860,1.060,2,1,11.972,0,0,11,39,1,10,0
23-02 12:32:58,26.749,6.750,37.749,28.249,0,1708588,603980,176272,5437928,6890.802,745.979,0,10531.698,0,726.979,6170,10174,2.750,1.860,1.060,3,0,41.999,0,0,11,38,1,10,0
23-02 12:32:59,24.556,4.510,39.840,28.815,0,1714840,597100,176384,5438420,12015.232,8806.960,0,14300.411,0,959.174,6560,10927,3.010,1.930,1.090,4,3,6.014,0,0,11,39,1,10,0
23-02 12:33:00,30.971,13.737,29.722,24.477,0,1604572,705796,176532,5440124,20033.429,11209.609,371.655,12272.623,5.994,870.193,12199,19180,3.010,1.930,1.090,3,2,329.694,0,0,11,37,1,10,0
23-02 12:33:01,34.763,15.506,22.258,25.760,0,1569464,740044,176636,5440448,6334.373,1726.647,1116.418,11525.318,20.007,670.251,8609,13144,3.010,1.930,1.090,2,1,211.079,0,0,11,36,1,11,0
23-02 12:33:02,24.211,6.989,46.674,20.217,0,1587088,720824,176696,5441924,15670.465,8782.688,666.913,6421.536,11.980,510.169,6796,10460,3.010,1.930,1.090,1,1,97.841,0,0,11,37,1,11,0
23-02 12:33:03,23.734,6.745,40.222,27.981,0,1606260,700548,176752,5442948,6570.465,1188.180,0,10400.822,0,716.506,5971,9408,3.010,1.930,1.090,2,2,39.972,0,0,11,36,1,12,0
23-02 12:33:04,17.798,3.259,47.376,29.328,0,1613792,692064,176808,5443820,8820.545,6439.189,0,9497.352,0,657.756,5044,8432,3.090,1.960,1.100,1,3,0,0,0,11,37,1,12,0
23-02 12:33:05,20.705,7.234,42.657,27.440,0,1582560,722020,176848,5445020,9510.229,1365.019,0,8230.025,0,605.677,5938,9439,3.090,1.960,1.100,4,1,59.869,0,0,11,36,1,13,0
23-02 12:33:06,21.033,4.006,41.564,31.799,0,1595732,707884,176916,5445900,10813.769,6358.861,0,11289.506,0,754.169,6640,11309,3.090,1.960,1.100,1,2,3.005,0,0,11,37,1,13,0
23-02 12:33:07,19.751,6.500,43.003,29.252,0,1537396,765640,176932,5446412,11132.693,5246.327,0,12296.766,0,537.033,6107,9089,3.090,1.960,1.100,1,1,43.003,0,0,11,36,1,14,0
23-02 12:33:08,23.971,3.496,44.447,26.468,0,1574520,727328,176992,5447508,11227.606,5668.238,0,7950.515,0,626.253,5667,8933,3.090,1.960,1.100,2,0,5.993,0,0,11,37,1,14,0
23-02 12:33:09,16.244,5.498,49.980,26.490,0,1566356,734288,177060,5448616,14651.230,6214.553,0,9492.262,0,663.739,6894,10931,3.170,2,1.120,1,1,65.974,0,0,11,36,1,15,0
23-02 12:33:10,4.000,2.250,58.749,32.750,0,1557736,742132,177124,5449276,7315.894,559.992,0,12803.814,0,985.986,4211,7529,3.170,2,1.120,0,2,4.000,0,0,11,36,1,15,0
23-02 12:33:11,4.249,2.999,59.234,30.492,0,1545092,753496,177172,5450432,4035.912,539.854,0,11316.950,0,788.787,4792,8783,3.170,2,1.120,0,2,0,0,0,11,36,1,15,0
23-02 12:33:12,4.251,1.750,64.512,27.005,0,1533704,763904,177188,5451372,3825.736,540.104,0,5757.107,0,463.089,3731,6823,3.170,2,1.120,0,1,0,0,0,11,36,1,15,0
23-02 12:33:13,3.250,2.500,64.251,26.500,0,1524304,772452,177224,5452164,7140.086,540.007,0,10160.123,0,665.008,4459,8328,3.170,2,1.120,0,2,6.000,0,0,11,36,1,15,0
23-02 12:33:14,5.000,3.250,59.754,30.002,0,1515036,780708,177260,5453112,9371.610,540.035,0,9824.639,0,752.049,4742,8662,3.150,2.010,1.130,1,1,6.000,0,0,11,36,1,15,0
23-02 12:33:15,4.500,3.500,62.495,26.248,0,1505804,789540,177324,5453420,6894.483,539.960,0,9511.287,0,789.941,5534,9957,3.150,2.010,1.130,0,2,14.999,0,0,11,36,1,15,0
23-02 12:33:16,3.500,2.750,57.747,33.498,0,1499164,795568,177328,5454008,7599.565,539.969,0,11551.339,0,747.957,4249,7734,3.150,2.010,1.130,0,3,0,0,0,11,36,1,15,0
23-02 12:33:17,4.750,1.750,64.750,26.250,0,1494068,799232,177348,5455384,7404.952,539.996,0,5767.963,0,414.997,3601,6264,3.150,2.010,1.130,1,0,6.000,0,0,11,36,1,15,0
23-02 12:33:18,5.000,3.500,61.499,28.249,0,1490264,802508,177388,5455864,6970.850,485.990,0,10983.763,0,800.983,4834,8724,3.150,2.010,1.130,4,1,9.000,0,0,11,36,1,15,0
23-02 12:33:19,6.500,2.500,60.498,27.499,0,1487088,805536,177408,5455984,3616.910,539.986,0,12359.691,0,901.977,5107,9294,3.220,2.050,1.150,0,1,9.000,0,0,11,36,1,15,0
23-02 12:33:20,5.751,2.000,62.010,27.005,0,1484152,808040,177432,5456384,5978.001,540.090,0,7305.223,0,673.113,4893,8774,3.220,2.050,1.150,1,2,13.002,0,0,11,36,1,15,0
23-02 12:33:21,3.499,3.249,58.489,32.244,0,1481752,810160,177476,5456592,7766.595,633.885,0,11301.956,0,795.856,4676,8523,3.220,2.050,1.150,1,0,5.999,0,0,11,36,1,15,0
23-02 12:33:22,4.500,2.500,58.255,32.003,0,1479248,812056,177504,5457164,8284.682,540.044,0,11072.912,0,758.062,5213,9455,3.220,2.050,1.150,1,1,9.001,0,0,11,36,1,15,0
23-02 12:33:23,4.500,2.750,63.248,27.999,0,1477792,812632,177524,5458004,7811.702,539.979,0,8267.685,0,611.977,5134,9450,3.220,2.050,1.150,1,1,3.000,0,0,11,36,1,15,0
23-02 12:33:24,5.751,3.001,58.760,29.755,0,1476024,813916,177592,5458408,4941.826,540.090,0,12198.039,0,876.146,6023,11002,3.040,2.030,1.140,0,1,12.002,0,0,11,36,1,15,0
23-02 12:33:25,5.251,3.000,61.009,28.004,0,1474188,815124,177676,5458932,9427.388,540.080,0,8985.323,0,747.110,5502,9886,3.040,2.030,1.140,0,1,9.001,0,0,11,36,1,15,0
23-02 12:33:26,4.746,2.748,51.207,37.719,0,1473972,814872,177760,5459308,5965.038,559.535,0,13368.880,0,907.245,5096,9377,3.040,2.030,1.140,0,1,5.995,0,0,11,36,1,15,0
23-02 12:33:27,5.752,2.001,62.275,27.511,0,1473624,815280,177796,5459200,3804.539,540.219,0,4998.022,0,465.188,4126,7211,3.040,2.030,1.140,1,2,6.002,0,0,11,36,1,15,0
23-02 12:33:28,5.251,3.251,60.262,30.006,0,1474640,814776,177848,5458640,7115.466,540.111,0,10054.071,0,744.153,5156,9359,3.040,2.030,1.140,0,2,0,0,0,11,36,1,15,0
23-02 12:33:29,4.510,2.756,67.656,22.552,0,1474516,814776,177884,5458728,6924.000,541.251,0,6146.202,0,603.394,4825,8760,3.040,2.050,1.150,1,2,3.007,0,0,11,36,1,15,0
23-02 12:33:30,6.233,2.992,58.592,28.922,0,1475528,814776,177924,5457676,2983.952,538.547,0,14680.406,0,999.305,5894,10926,3.040,2.050,1.150,0,1,0.997,0,0,11,36,1,15,0
23-02 12:33:31,7.500,3.250,62.501,24.000,0,1474956,814776,177944,5458228,6665.091,540.007,0,8512.116,0,657.009,5018,8741,3.040,2.050,1.150,0,2,9.000,0,0,11,36,1,15,0
23-02 12:33:32,12.003,5.001,52.515,28.258,0,1476120,813200,177972,5458596,4980.426,540.155,0,12555.596,0,883.253,6170,16467,3.040,2.050,1.150,5,2,42.012,0,0,11,36,1,16,0
23-02 12:33:33,4.751,3.000,57.257,32.504,0,1475960,813200,178024,5458704,8856.037,540.063,0,10957.283,0,714.084,4413,7745,3.040,2.050,1.150,0,1,3.000,0,0,11,36,1,16,0
23-02 12:33:34,4.745,2.497,65.680,24.474,0,1475476,813200,178064,5459144,10513.770,485.481,0,6209.368,0,608.350,4761,8528,3.200,2.100,1.180,0,1,8.990,0,0,11,36,1,16,0
23-02 12:33:35,5.255,2.753,52.800,36.034,0,1475124,813200,178104,5459448,7001.672,540.515,0,12099.530,0,886.845,4947,9047,3.200,2.100,1.180,3,1,6.006,0,0,11,36,1,15,0
23-02 12:33:36,6.759,3.004,61.330,27.286,0,1474868,813200,178132,5459668,12743.697,540.708,0,6768.869,0,612.803,4705,8148,3.200,2.100,1.180,0,2,9.012,0,0,11,36,1,15,0
23-02 12:33:37,5.244,2.497,55.931,33.459,0,1474616,813200,178152,5459900,6143.408,539.334,0,15836.431,0,1035.720,5641,10230,3.200,2.100,1.180,0,2,5.993,0,0,11,36,1,15,0
23-02 12:33:38,7.250,2.750,65.251,21.500,0,1475412,813200,178168,5459092,4981.048,540.005,0,6196.060,0,675.006,5344,9378,3.200,2.100,1.180,0,1,6.000,0,0,11,38,1,15,0
23-02 12:33:39,4.499,3.499,58.237,31.493,0,1475212,813200,178204,5459256,7434.287,539.876,0,12997.005,0,900.792,5537,10195,3.100,2.090,1.180,0,1,2.999,0,0,11,38,1,8,0
23-02 12:33:40,7.500,3.000,62.752,25.501,0,1474820,813200,178216,5459632,5421.209,540.021,0,6004.232,0,576.022,4700,8236,3.100,2.090,1.180,0,2,4.000,0,0,11,38,1,8,0
23-02 12:33:41,3.753,2.502,61.043,29.271,0,1474624,813200,178232,5459808,7079.976,486.342,0,12945.099,0,868.611,4557,8333,3.100,2.090,1.180,2,0,3.002,0,0,11,38,1,8,0
23-02 12:33:42,5.748,2.749,54.735,33.491,0,1474280,813200,178252,5460124,6728.202,539.856,0,11996.795,0,848.773,5290,9358,3.100,2.090,1.180,1,0,8.998,0,0,11,38,1,8,0
23-02 12:33:43,6.747,2.749,62.721,25.238,0,1473912,813200,178260,5460480,3965.191,539.754,0,8532.107,0,773.647,5044,9179,3.100,2.090,1.180,3,1,8.996,0,0,11,38,1,8,0
23-02 12:33:44,6.767,3.509,55.890,31.830,0.251,1473652,813200,178264,5460728,8945.343,541.352,0,12182.428,0,842.103,4541,8249,3.170,2.120,1.200,3,1,6.015,0,0,11,38,1,8,0
23-02 12:33:45,10.981,2.496,59.645,23.708,0,1473048,813200,178276,5461308,5471.328,539.047,0,10058.219,0,750.673,5278,9200,3.170,2.120,1.200,1,0,11.979,0,0,11,38,1,8,0
23-02 12:33:46,7.250,3.000,62.498,24.999,0,1472800,812948,178296,5461772,7422.714,539.979,0,6787.738,0,631.976,5128,9158,3.170,2.120,1.200,0,2,9.000,0,0,11,38,1,8,0
23-02 12:33:47,7.742,2.997,60.685,25.473,0,1472696,812696,178312,5462104,6501.027,539.421,0,12458.637,0,912.022,6245,11389,3.170,2.120,1.200,0,1,8.990,0,0,11,38,1,8,0
23-02 12:33:48,5.501,3.251,60.766,27.757,0,1472392,812696,178336,5462376,3540.926,486.127,0,10642.784,0,783.205,5950,10895,3.170,2.120,1.200,1,0,9.002,0,0,11,38,1,8,0
23-02 12:33:49,5.001,2.000,65.261,24.254,0,1472464,812192,178372,5462756,6907.149,582.097,0,7649.272,0,622.103,4559,8168,3.240,2.160,1.210,0,2,9.001,0,0,11,38,1,8,0
23-02 12:33:50,4.501,2.251,55.763,34.258,0.250,1472184,812192,178392,5463012,6659.502,614.139,0,11402.572,0,818.185,5204,9618,3.240,2.160,1.210,0,1,7.002,0,0,11,38,1,8,0
23-02 12:33:51,5.513,2.506,64.155,25.061,0,1471768,811940,178460,5463596,5976.470,615.490,0,8139.708,0,707.714,4878,8813,3.240,2.160,1.210,0,1,15.036,0,0,11,38,1,7,0
23-02 12:33:52,6.484,2.993,55.863,32.171,0,1471656,811688,178476,5463940,9132.664,612.502,0,14093.532,0,905.785,6511,12051,3.240,2.160,1.210,0,2,0,0,0,11,38,1,7,0
23-02 12:33:53,5.250,2.500,65.750,23.750,0,1471268,811436,178496,5464540,6916.953,613.996,0,6247.958,0,609.996,5008,9185,3.240,2.160,1.210,0,2,6.000,0,0,11,38,1,7,0
23-02 12:33:54,5.250,3.000,57.746,31.748,0,1470964,811184,178520,5465052,36232.697,613.961,0,12015.236,0,811.948,4992,8262,3.220,2.170,1.220,3,1,6.000,0,0,11,38,1,7,0
23-02 12:33:55,6.501,2.751,64.014,24.255,0,1470836,810680,178544,5465644,5229.124,614.132,0,5845.257,0,591.127,4914,8568,3.220,2.170,1.220,0,3,12.003,0,0,11,38,1,6,0
23-02 12:33:56,3.250,2.500,56.243,35.246,0.250,1470780,810428,178568,5465920,8128.028,485.942,0,9814.826,0,667.920,4089,7314,3.220,2.170,1.220,0,2,8.999,0,0,11,38,1,6,0
23-02 12:33:57,4.000,3.500,54.998,35.248,0,1470812,809924,178580,5466352,6831.705,613.973,0,10935.527,0,669.971,4129,7345,3.220,2.170,1.220,0,2,9.000,0,0,11,38,1,6,0
23-02 12:33:58,4.749,2.500,64.241,25.996,0,1470868,809424,178596,5466764,7920.896,539.925,0,6179.139,0,591.917,4680,8204,3.220,2.170,1.220,2,1,8.999,0,0,11,38,1,6,0
23-02 12:33:59,4.001,2.750,59.509,30.254,0,1470516,809424,178612,5467100,5440.788,540.078,0,10989.592,0,797.115,4730,8568,3.120,2.170,1.230,0,3,6.001,0,0,11,38,1,6,0
23-02 12:34:00,6.499,3.000,62.990,25.496,0,1470204,809172,178624,5467640,7705.773,539.914,0,6718.930,0,625.900,5018,8607,3.120,2.170,1.230,2,1,9.998,0,0,11,38,1,6,0
23-02 12:34:01,3.001,3.501,56.260,33.256,0,1469948,809172,178640,5467852,7048.279,540.098,0,15122.745,0,980.178,5203,9731,3.120,2.170,1.230,2,2,6.001,0,0,11,38,1,6,0
23-02 12:34:02,3.999,2.499,65.482,26.493,0,1470032,808668,178644,5468260,7058.012,613.827,0,7229.964,0,569.840,4018,7219,3.120,2.170,1.230,1,1,5.998,0,0,11,38,1,6,0
23-02 12:34:03,4.499,2.000,62.736,27.494,0,1469816,808668,178660,5468452,5118.858,485.892,0,9209.945,0,708.842,4653,8419,3.120,2.170,1.230,1,0,5.999,0,0,11,38,1,4,0
23-02 12:34:04,3.501,3.001,58.519,32.260,0,1469532,808668,178664,5468720,9044.887,540.172,0,9539.045,0,712.227,4219,7701,3.030,2.160,1.230,0,1,6.002,0,0,11,38,1,4,0
23-02 12:34:05,4.001,3.001,54.261,35.507,0,1469180,808668,178684,5469044,7515.573,540.113,0,11906.492,0,816.171,4833,8853,3.030,2.160,1.230,1,0,6.001,0,0,11,38,1,4,0
23-02 12:34:06,6.749,2.750,61.990,25.996,0,1468416,808668,178708,5469772,3634.441,539.917,0,5919.090,0,587.910,5110,8771,3.030,2.160,1.230,1,1,35.994,0,0,11,38,1,4,0
23-02 12:34:07,5.750,2.750,59.498,29.749,0,1467820,808668,178716,5470336,4870.840,539.982,0,10251.663,0,772.975,4961,9030,3.030,2.160,1.230,1,1,9.000,0,0,11,38,1,2,0
23-02 12:34:08,7.000,3.250,57.746,28.498,0,1467720,808164,178736,5470908,5590.634,539.965,0,12239.200,0,964.937,6127,11139,3.030,2.160,1.230,0,1,17.999,0,0,11,38,1,2,0
23-02 12:34:09,8.001,3.250,63.259,22.753,0,1467796,807156,178744,5471808,7431.058,540.077,0,7661.091,0,746.106,5919,10450,2.950,2.160,1.230,0,1,21.003,0,0,11,38,1,2,0
23-02 12:34:10,3.500,2.500,52.249,38.499,0,1467352,807156,178752,5472232,9943.810,613.988,0,11059.789,0,776.985,4470,8092,2.950,2.160,1.230,1,1,7.000,0,0,11,38,1,2,0
23-02 12:34:11,4.252,3.251,55.021,34.763,0,1467400,806904,178760,5472424,5550.071,486.181,0,15093.632,0,953.356,5218,9465,2.950,2.160,1.230,0,1,12.004,0,0,11,38,1,2,0
23-02 12:34:12,5.753,2.251,65.034,23.762,0,1467316,806652,178760,5472748,8231.264,540.280,0,6803.525,0,632.328,4751,8491,2.950,2.160,1.230,1,0,12.006,0,0,11,38,1,1,0
23-02 12:34:13,2.498,2.748,58.712,33.229,0,1467092,806652,178768,5472964,6161.048,539.654,0,11380.699,0,744.522,4069,7542,2.950,2.160,1.230,0,2,0,0,0,11,38,1,1,0
23-02 12:34:14,6.516,2.256,58.143,31.327,0,1468784,804636,178776,5473268,3797.315,541.328,0,7193.646,0,598.468,4404,7751,2.950,2.180,1.240,1,0,9.022,0,0,11,38,1,1,0
23-02 12:34:15,6.487,2.744,54.887,31.934,0,1469072,802872,178820,5474668,7367.841,538.891,0,14338.498,0,1001.939,5868,10625,2.950,2.180,1.240,0,2,2.994,0,0,11,38,1,1,0
23-02 12:34:16,6.997,2.499,62.224,26.489,0,1468804,802620,178840,5475160,10241.703,581.756,0,6981.071,0,596.750,4649,7962,2.950,2.180,1.240,1,1,5.997,0,0,11,38,1,1,0
23-02 12:34:17,4.250,3.250,60.750,29.250,0,1469268,802368,178868,5474912,4489.970,539.996,0,11779.921,0,832.994,4905,9021,2.950,2.180,1.240,0,1,6.000,0,0,11,38,1,1,0
23-02 12:34:18,5.502,3.251,51.269,37.264,0,1470520,802368,178888,5473628,7116.707,486.185,0,14133.375,0,974.371,6153,11277,2.950,2.180,1.240,0,1,0,0,0,11,38,1,1,0
23-02 12:34:19,4.499,2.499,61.483,27.992,0,1471680,802368,178892,5472468,5363.515,539.851,0,7573.904,0,650.820,5288,10098,3.040,2.210,1.260,0,2,0,0,0,11,38,1,1,0
23-02 12:34:20,4.998,3.249,60.474,28.238,0,1472968,802368,178892,5471184,8251.445,539.767,0,11994.832,0,859.630,5833,10506,3.040,2.210,1.260,0,1,1.000,0,0,11,38,1,1,0
23-02 12:34:21,5.764,3.258,65.662,22.556,0,1474728,802368,178900,5469420,7363.141,635.566,0,6824.814,0,724.786,5653,10180,3.040,2.210,1.260,2,1,0,0,0,11,38,1,1,0
23-02 12:34:22,4.990,2.744,55.633,34.178,0,1474676,802368,178912,5469464,3599.437,538.868,0,13280.097,0,857.199,5020,9308,3.040,2.210,1.260,1,2,2.994,0,0,11,38,1,1,0
23-02 12:34:23,7.264,3.507,63.622,23.044,0,1474384,802368,178916,5469752,7390.157,541.036,0,8664.598,0,798.530,5932,10332,3.040,2.210,1.260,0,1,17.033,0,0,11,38,1,1,0
23-02 12:34:24,4.741,3.244,59.382,30.190,0,1474084,802368,178924,5470040,6111.839,538.928,0,11369.378,0,767.473,4407,7885,3.030,2.220,1.270,1,0,2.994,0,0,11,38,1,1,0
23-02 12:34:25,4.999,2.500,55.244,34.246,0,1473936,802368,178940,5470164,7957.160,539.943,0,14222.499,0,940.901,5060,9170,3.030,2.220,1.270,0,1,8.999,0,0,11,38,1,1,0
23-02 12:34:26,4.750,3.500,61.004,28.502,0,1473872,802368,178948,5470220,9221.550,560.033,0,8700.519,0,712.042,4860,8466,3.030,2.220,1.270,2,0,9.001,0,0,11,38,1,1,0
23-02 12:34:27,14.291,12.536,64.935,6.769,0,1350404,925896,178952,5470164,3435.796,541.544,0,4083.643,0,254.726,4871,4731,3.030,2.220,1.270,1,0,284.812,0,0,11,32,1,2,0
23-02 12:34:28,19.989,23.487,51.722,4.498,0,1369596,906388,178972,5470460,7442.943,539.706,0,2458.660,0,147.919,7291,6809,3.030,2.220,1.270,5,0,658.641,0,0,11,32,1,8,0
23-02 12:34:29,65.396,10.234,19.220,4.243,0,1587496,687608,178992,5471320,6659.445,539.145,0,4904.227,0,307.513,4443,2853,3.030,2.230,1.280,3,0,2.995,0,0,11,32,1,8,0
23-02 12:34:30,60.823,5.235,26.174,6.980,0,1707812,564380,179108,5473796,3850.789,538.432,0,3509.781,0,124.637,3789,1833,3.030,2.230,1.280,4,0,0.997,0,0,11,32,1,8,0
23-02 12:34:31,36.163,5.023,36.916,20.844,0,1787008,480996,179212,5477500,8244.081,542.440,0,7915.604,0,396.785,4775,5411,3.030,2.230,1.280,0,2,15.068,0,0,11,38,1,8,0
23-02 12:34:32,9.488,3.745,52.186,31.961,0,1795576,471168,179236,5479056,4378.633,539.339,0,7151.235,0,542.335,5141,8538,3.030,2.230,1.280,1,4,46.942,0,0,11,38,1,8,0
23-02 12:34:33,12.771,4.257,47.328,33.305,0.250,1817148,448264,179240,5479988,6314.448,540.895,0,12023.896,0,764.265,7898,18638,3.030,2.230,1.280,0,1,46.076,0,0,11,38,1,9,0
23-02 12:34:34,9.736,3.495,50.176,34.449,0,1815884,448264,179240,5481228,7869.408,485.285,0,12513.566,0,769.866,5564,9633,3.270,2.300,1.300,0,2,17.974,0,0,11,38,1,9,0
23-02 12:34:35,6.990,2.996,53.176,34.702,0,1815020,448040,179240,5482248,8592.093,539.253,0,13077.877,0,839.836,6089,11028,3.270,2.300,1.300,4,1,20.971,0,0,11,38,1,9,0
23-02 12:34:36,6.509,3.505,45.565,41.309,0,1814064,447284,179252,5483912,7315.434,540.771,0,9954.198,0,684.977,5517,9843,3.270,2.300,1.300,0,2,15.021,0,0,11,38,1,8,0
23-02 12:34:37,5.506,2.002,57.316,32.788,0,1813532,447032,179260,5484620,4616.291,540.620,0,11441.113,0,792.909,4828,8719,3.270,2.300,1.300,0,1,21.024,0,0,11,38,1,8,0
23-02 12:34:38,6.980,2.493,57.833,29.665,0,1813704,446024,179276,5485416,3817.010,538.450,0,10932.522,0,722.919,4624,8336,3.270,2.300,1.300,0,1,17.948,0,0,11,38,1,8,0
23-02 12:34:39,6.755,3.002,58.540,29.520,0,1812972,446024,179280,5486128,7811.273,540.365,0,10799.290,0,736.497,4807,8451,3.330,2.320,1.320,1,1,27.018,0,0,11,38,1,8,0
23-02 12:34:40,7.518,4.260,46.108,39.843,0,1809248,448404,179288,5487408,9758.839,541.267,0,13828.363,0,846.982,5974,10700,3.330,2.320,1.320,0,1,22.052,0,0,11,38,1,8,0
23-02 12:34:41,6.990,2.746,52.677,35.201,0,1805424,450820,179308,5488764,7115.095,485.324,0,11112.530,0,750.955,5522,9822,3.330,2.320,1.320,3,1,26.962,0,0,11,38,1,8,0
23-02 12:34:42,6.492,3.246,50.439,37.704,0,1800272,454888,179316,5489812,7711.669,539.347,0,11773.754,0,755.086,5141,9221,3.330,2.320,1.320,0,4,14.982,0,0,11,38,1,8,0
23-02 12:34:43,7.999,3.250,47.993,37.744,0,1797824,455752,179328,5491308,7773.864,539.921,0,12014.244,0,841.877,6320,11342,3.330,2.320,1.320,0,2,23.996,0,0,11,38,1,8,0
23-02 12:34:44,7.750,3.250,51.250,35.000,0,1796064,456156,179348,5492612,6720.992,539.999,0,11683.987,0,810.999,5260,9310,3.140,2.300,1.320,0,2,27.000,0,0,11,38,1,8,0
23-02 12:34:45,9.248,3.749,51.490,32.994,0,1794660,456612,179356,5493524,4093.219,539.897,0,14337.264,0,971.815,6468,11791,3.140,2.300,1.320,1,1,32.994,0,0,11,38,1,8,0
23-02 12:34:46,7.998,3.249,49.737,36.240,0,1793060,457032,179368,5494668,7367.042,539.857,0,12392.706,0,779.793,6529,11651,3.140,2.300,1.320,0,1,23.994,0,0,11,38,1,8,0
23-02 12:34:47,8.004,3.502,49.773,35.767,0,1790484,458420,179384,5495776,5704.645,540.251,0,14934.926,0,1021.474,6576,11942,3.140,2.300,1.320,0,1,27.013,0,0,11,38,1,8,0
23-02 12:34:48,6.760,2.754,50.577,37.307,0,1790068,458020,179392,5496564,3513.356,582.889,0,12947.738,0,1013.545,4981,8795,3.140,2.300,1.320,0,3,27.041,0,0,11,38,1,8,0
23-02 12:34:49,5.241,3.494,46.419,41.927,0,1790172,457012,179400,5497416,8121.888,485.157,0,11983.178,0,729.732,5338,9642,3.290,2.350,1.340,0,1,2.995,0,0,11,38,1,8,0
23-02 12:34:50,7.762,4.256,50.576,35.303,0,1790252,455752,179408,5498532,5461.197,540.812,0,15070.621,0,1025.539,6330,11169,3.290,2.350,1.340,1,1,24.036,0,0,11,38,0,8,0
23-02 12:34:51,5.244,2.248,55.191,34.463,0,1789944,455500,179412,5499072,8019.408,539.422,0,9389.940,0,650.303,4358,7912,3.290,2.350,1.340,0,4,11.987,0,0,11,38,0,8,0
23-02 12:34:52,4.749,2.999,50.237,38.740,0,1789188,455248,179416,5500052,7481.089,539.862,0,10129.413,0,704.820,6152,11312,3.290,2.350,1.340,1,1,11.997,0,0,11,38,0,8,0
23-02 12:34:53,6.004,3.002,52.285,36.524,0,1788288,455248,179420,5500904,4508.003,540.360,0,8841.889,0,636.424,4898,8693,3.290,2.350,1.340,0,2,12.008,0,0,11,38,0,8,0
23-02 12:34:54,6.996,2.749,55.971,31.983,0,1788316,454996,179428,5501108,7454.111,539.718,0,14404.485,0,997.480,5524,9882,3.430,2.390,1.360,0,4,17.991,0,0,11,38,0,8,0
23-02 12:34:55,6.001,3.000,48.505,39.004,0,1787888,454240,179440,5502256,5516.547,540.054,0,14889.477,0,954.095,6026,10796,3.430,2.390,1.360,0,1,12.001,0,0,11,38,0,8,0
23-02 12:34:56,17.051,3.761,47.643,29.087,0,1644876,595396,179444,5504060,5100.286,487.461,0,9484.425,0,720.158,5951,9586,3.430,2.390,1.360,5,0,38.114,0,0,11,36,0,8,0
23-02 12:34:57,27.208,7.239,31.951,31.701,0,1710840,528364,179456,5505068,7550.349,539.168,0,14313.912,0,925.572,7431,11731,3.430,2.390,1.360,1,1,82.872,0,0,11,36,0,8,0
23-02 12:34:58,28.453,5.241,32.446,31.697,0,1774684,463600,179468,5505952,7788.036,539.103,0,13844.953,0,888.521,7005,11860,3.430,2.390,1.360,0,1,28.952,0,0,11,38,0,8,0
23-02 12:34:59,15.251,4.500,42.753,35.253,0,1711064,526280,179472,5506864,7583.595,540.042,0,12396.973,0,833.065,5655,9096,3.470,2.420,1.370,0,3,96.008,0,0,11,36,0,8,0
23-02 12:35:00,6.249,2.750,57.993,31.246,0,1704400,531852,179472,5507924,7312.144,539.937,0,7951.070,0,542.936,4372,7197,3.470,2.420,1.370,0,2,21.997,0,0,11,36,0,8,0
23-02 12:35:01,5.754,3.002,47.780,40.025,0,1687544,547656,179476,5508952,7244.593,540.343,0,11787.474,0,828.525,5051,8992,3.470,2.420,1.370,0,1,18.011,0,0,11,36,0,8,0
23-02 12:35:02,7.498,3.249,51.487,35.241,0,1680416,553552,179500,5510116,7704.989,539.859,0,8741.719,0,686.821,5680,9845,3.470,2.420,1.370,0,2,32.991,0,0,11,36,0,8,0
23-02 12:35:03,5.747,2.749,56.472,33.234,0,1668792,564364,179516,5510892,5440.338,485.762,0,12190.035,0,804.606,4800,8650,3.470,2.420,1.370,1,1,14.993,0,0,11,36,0,8,0
23-02 12:35:04,5.501,3.001,51.760,37.007,0,1663580,568212,179524,5512148,8240.543,540.101,0,15734.947,0,956.179,5113,9407,3.680,2.480,1.400,0,2,6.001,0,0,11,36,0,8,0
23-02 12:35:05,5.250,2.750,49.503,39.002,0,1659204,571184,179532,5513504,9468.480,540.027,0,10060.510,0,691.035,4881,8714,3.680,2.480,1.400,7,0,9.000,0,0,11,36,0,8,0
23-02 12:35:06,6.500,3.000,57.004,31.252,0,1655696,573624,179544,5514536,9822.639,540.035,0,9900.645,0,707.046,4912,8588,3.680,2.480,1.400,1,1,21.001,0,0,11,36,0,8,0
23-02 12:35:07,5.999,2.500,53.740,34.994,0,1652240,576408,179556,5515180,6368.822,539.900,0,11097.948,0,766.858,4988,9156,3.680,2.480,1.400,0,3,17.997,0,0,11,36,0,8,0
23-02 12:35:08,7.000,3.750,52.751,33.751,0,1649944,577880,179556,5515968,5154.087,540.009,0,14904.251,0,985.017,5807,10508,3.680,2.480,1.400,2,2,18.000,0,0,11,36,0,8,0
23-02 12:35:09,9.503,3.001,47.516,37.013,0,1649520,577872,179568,5516368,4049.401,540.187,0,12432.303,0,801.277,5113,8605,3.540,2.470,1.400,0,1,0,0,0,11,36,0,8,0
23-02 12:35:10,5.249,2.500,54.739,35.993,0,1648300,577616,179572,5517796,8982.234,539.894,0,7426.540,0,575.887,4232,7457,3.540,2.470,1.400,0,2,1.000,0,0,11,36,0,8,0
23-02 12:35:11,4.499,2.749,48.240,40.741,0,1647552,577036,179580,5519084,6565.615,485.898,0,12225.421,0,751.841,5732,10725,3.540,2.470,1.400,1,4,0,0,0,11,36,0,8,0
23-02 12:35:12,6.250,3.000,53.997,34.748,0,1646636,576460,179580,5520516,7692.627,539.974,0,10327.499,0,703.966,4971,8960,3.540,2.470,1.400,1,2,0,0,0,11,36,0,8,0
23-02 12:35:13,4.251,2.501,44.260,45.510,0,1645472,576464,179584,5521612,5994.363,540.123,0,13046.967,0,771.175,4892,9126,3.540,2.470,1.400,2,1,0,0,0,11,36,0,8,0
23-02 12:35:14,4.500,2.750,45.498,44.498,0,1644548,576168,179592,5522796,8136.681,539.979,0,12827.497,0,779.969,4618,8309,3.660,2.510,1.420,0,2,0,0,0,11,36,0,8,0
23-02 12:35:15,5.751,2.500,57.255,31.753,0,1644176,574404,179596,5524808,9179.821,540.048,0,6724.602,0,507.045,4509,8003,3.660,2.510,1.420,0,3,0,0,0,11,36,0,8,0
23-02 12:35:16,3.747,3.247,53.958,37.471,0,1644792,573144,179596,5525432,3613.169,581.544,0,8769.129,0,538.578,4443,8216,3.660,2.510,1.420,4,2,0,0,0,11,36,0,8,0
23-02 12:35:17,4.745,2.248,46.702,42.956,0,1644420,572388,179600,5526532,3429.481,539.446,0,12467.207,0,749.231,4280,7972,3.660,2.510,1.420,1,1,0,0,0,11,36,0,8,0
23-02 12:35:18,5.259,2.504,60.106,30.053,0,1644224,570888,179604,5528164,8639.203,486.857,0,9047.922,0,615.082,4430,8159,3.660,2.510,1.420,0,1,0,0,0,11,36,0,8,0
23-02 12:35:19,4.508,3.006,47.588,41.577,0,1644344,569628,179604,5529264,5492.185,541.003,0,14550.985,0,867.609,4769,8710,3.690,2.540,1.430,0,2,0,0,0,11,36,0,8,0
23-02 12:35:20,4.242,2.994,49.906,39.925,0,1644076,568620,179608,5530492,7816.322,538.988,0,11953.553,0,755.581,4703,8281,3.690,2.540,1.430,0,1,3.993,0,0,11,36,0,8,0
23-02 12:35:21,6.750,3.000,59.998,28.749,0,1645368,566604,179608,5531176,5586.794,633.977,0,6223.770,0,552.980,5014,8705,3.690,2.540,1.430,0,1,9.000,0,0,11,36,0,8,0
23-02 12:35:22,4.240,3.741,58.360,30.427,0,1646120,565596,179612,5531392,6663.963,538.704,0,11137.198,0,793.091,7692,14528,3.690,2.540,1.430,1,2,8.978,0,0,11,36,0,8,0
23-02 12:35:23,4.762,3.259,55.646,34.089,0,1645568,565596,179620,5531936,6999.359,541.420,0,16346.877,0,1100.888,5824,10699,3.690,2.540,1.430,1,1,9.024,0,0,11,36,0,8,0
23-02 12:35:24,4.252,3.002,63.783,27.264,0,1645796,565092,179620,5532204,5374.743,540.276,0,7583.870,0,644.329,4528,8050,3.710,2.560,1.450,2,1,12.006,0,0,11,36,0,8,0
23-02 12:35:25,4.747,3.498,56.962,32.229,0.250,1645904,564840,179620,5532340,8882.140,539.644,0,15122.024,0,1003.338,5293,9585,3.710,2.560,1.450,0,3,11.992,0,0,11,36,0,8,0
23-02 12:35:26,7.752,3.001,53.763,32.008,0,1646940,563328,179620,5532796,10403.547,486.119,0,11010.696,0,855.209,5733,10039,3.710,2.560,1.450,1,1,12.003,0,0,11,36,0,8,0
23-02 12:35:27,7.749,3.250,52.744,33.996,0.250,1647212,562320,179620,5533512,3669.593,539.940,0,11114.768,0,830.908,5212,9278,3.710,2.560,1.450,0,2,11.999,0,0,11,36,0,8,0
23-02 12:35:28,5.999,2.749,56.486,31.742,0,1647240,561816,179620,5533976,8194.035,539.871,0,12832.923,0,836.799,6219,11530,3.710,2.560,1.450,1,1,11.997,0,0,11,36,0,8,0
23-02 12:35:29,7.501,3.000,58.755,28.253,0,1646696,561564,179624,5534756,5984.535,540.048,0,7180.642,0,598.053,4980,8505,3.570,2.550,1.450,0,1,15.001,0,0,11,36,0,1,0
23-02 12:35:30,6.506,2.753,52.302,35.285,0,1646212,561564,179628,5535224,8633.594,540.538,0,13217.157,0,888.885,7144,13159,3.570,2.550,1.450,0,1,16.016,0,0,11,36,0,1,0
23-02 12:35:31,16.784,3.507,45.341,32.315,0,1646700,560808,179644,5535456,6792.581,541.082,0,15422.835,0,1056.112,6088,10249,3.570,2.550,1.450,2,1,13.026,0,0,11,40,0,1,0
23-02 12:35:32,22.941,10.473,63.088,1.995,0,1393412,814044,179644,5535500,4861.536,538.619,0,2936.472,0,168.568,4110,3525,3.570,2.550,1.450,1,0,248.363,0,0,11,32,0,1,0
23-02 12:35:33,27.000,5.750,63.999,2.500,0,1451988,755464,179644,5535504,6975.929,539.995,0,1031.990,0,65.999,2951,15184,3.570,2.550,1.450,1,0,37.000,0,0,11,32,0,1,0
23-02 12:35:34,23.534,3.004,69.349,4.256,0,1432576,774868,179644,5535508,9548.639,486.695,0,2251.216,0,138.197,2641,2457,3.290,2.510,1.440,1,0,14.020,0,0,11,32,0,1,0
23-02 12:35:35,21.712,3.744,73.124,0,0,1502028,705412,179644,5535512,5143.116,539.069,0,0,0,0,1998,1409,3.290,2.510,1.440,1,0,15.972,0,0,11,32,0,1,0
23-02 12:35:36,23.253,3.250,72.508,1.250,0,1548892,658540,179644,5535520,9991.165,540.063,0,176.021,0,23.003,2087,1673,3.290,2.510,1.440,1,0,2.000,0,0,11,34,0,1,0
23-02 12:35:37,16.293,26.571,52.640,3.259,0,1491536,715860,179648,5535552,10276.324,541.440,0,774.058,0,44.117,6660,6317,3.290,2.510,1.440,2,0,867.306,0,0,11,32,0,1,0
23-02 12:35:38,8.991,25.726,63.690,0,0,1486468,720812,179648,5535652,7784.610,539.488,0,327.689,0,28.972,6996,6038,3.290,2.510,1.440,1,0,772.267,0,0,11,32,0,1,0
23-02 12:35:39,8.510,20.774,70.332,0.250,0,1479884,727360,179648,5535688,6486.585,540.632,0,100.117,0,6.007,5957,4615,3.260,2.520,1.450,1,0,437.512,0,0,11,32,0,1,0
23-02 12:35:40,9.498,19.996,69.485,0,0,1469496,737704,179648,5535720,3688.195,539.882,0,39.991,0,9.998,5788,4440,3.260,2.520,1.450,1,0,396.913,0,0,11,32,0,1,0
23-02 12:35:41,21.741,15.244,62.224,0,0,1451640,755384,179652,5536212,7608.808,539.774,0,7.997,0,1.999,6220,7861,3.260,2.520,1.450,3,0,234.901,0,0,11,32,0,1,0
23-02 12:35:42,44.652,8.731,45.650,0,0,1578568,628352,179660,5536416,6599.513,484.936,0,39.912,0,0.998,3301,2018,3.260,2.520,1.450,2,0,76.831,0,0,11,33,0,1,0
23-02 12:35:43,43.751,4.500,48.751,2.500,0.250,1648516,558124,179672,5536632,7668.212,540.015,104.003,400.011,1.000,17.000,3502,2818,3.260,2.520,1.450,2,0,16.000,0,0,11,49,0,1,0
23-02 12:35:44,39.862,9.025,48.386,2.256,0,1688520,513808,179732,5540496,7168.216,541.527,0,1484.186,0,131.370,4668,6641,3.080,2.490,1.450,3,0,104.294,0,0,11,48,0,1,0
23-02 12:35:45,14.709,17.950,64.820,1.745,0,1686816,515428,179736,5540868,8355.772,538.503,0,199.446,0,12.964,6640,8617,3.080,2.490,1.450,2,0,363.988,0,0,11,48,0,1,0
23-02 12:35:46,4.498,2.998,90.453,0.999,0,1685696,516540,179736,5540520,3578.156,539.722,0,107.944,0,11.994,1444,1690,3.080,2.490,1.450,0,0,28.985,0,0,11,48,0,1,0
23-02 12:35:47,0.750,0.250,97.234,0.750,0,1682304,519932,179736,5540520,5258.145,539.912,0,295.952,0,18.997,809,1153,3.080,2.490,1.450,0,0,3.000,0,0,11,48,0,1,0
23-02 12:35:48,0.750,0.500,98.009,0,0,1679740,522496,179736,5540520,6404.617,540.052,0,24.002,0,4.000,751,982,3.080,2.490,1.450,0,0,3.000,0,0,11,48,0,1,0
23-02 12:35:49,0.500,0.500,98.741,0,0,1674740,527496,179736,5540520,6589.403,485.956,0,0,0,0,654,910,2.920,2.470,1.450,0,0,1.000,0,0,11,48,0,1,0
23-02 12:35:50,8.755,8.004,81.793,0,0,1655808,546460,179736,5540956,6996.652,540.282,0,4.002,0,1.001,4248,5555,2.920,2.470,1.450,1,0,202.105,0,0,11,48,0,1,0
23-02 12:35:51,15.760,11.758,71.296,0,0,1643160,559104,179736,5540532,6766.374,540.349,0,12.008,0,3.002,5260,6424,2.920,2.470,1.450,1,0,215.139,0,0,11,48,0,1,0
23-02 12:35:52,14.493,18.990,65.467,0,0,1661976,540156,179736,5540580,9494.175,777.605,0,0,0,0,6094,6957,2.920,2.470,1.450,3,0,383.805,0,0,12,48,0,1,0
23-02 12:35:53,14.496,12.747,70.482,1.250,0,1648816,553208,179736,5540712,6996.198,539.861,0,559.856,0,43.989,4706,6295,2.920,2.470,1.450,1,0,258.933,0,0,12,64,0,1,0
23-02 12:35:54,8.249,11.248,79.487,0,0,1653508,548404,179736,5541136,7852.703,539.911,0,3.999,0,1.000,4197,5129,2.760,2.440,1.440,1,0,204.966,0,0,14,66,0,1,0
23-02 12:35:55,15.044,14.543,69.705,0,0,1647148,554712,179736,5540808,3418.054,541.593,0,44.130,0,6.018,5742,6049,2.760,2.440,1.440,1,0,299.882,0,0,14,66,0,2,0
23-02 12:35:56,9.494,19.988,69.209,0.500,0,1629808,571996,179736,5540860,5944.450,539.678,0,235.859,0,18.989,6010,4799,2.760,2.440,1.440,1,1,412.754,0,0,14,66,0,2,0
23-02 12:35:57,20.253,15.002,62.509,0.500,0,1647556,554168,179736,5540872,8923.258,570.080,0,468.066,0,33.005,6590,8624,2.760,2.440,1.440,2,0,264.037,0,0,14,66,0,2,0
23-02 12:35:58,30.754,24.003,42.756,2.750,0,1735216,466432,179744,5540944,5273.718,540.074,0,4436.604,0,252.034,7183,6066,2.760,2.440,1.440,2,0,651.089,0,0,14,66,0,2,0
23-02 12:35:59,28.767,25.515,44.277,0,0,1876160,323844,179824,5542420,7849.761,540.328,20.012,44.027,2.001,8.005,7471,9334,2.620,2.420,1.440,2,0,654.397,0,0,14,70,0,4,0
23-02 12:36:00,37.630,19.189,42.364,0,0,1947568,252364,179824,5542896,7890.753,538.278,0,27.911,0,6.978,6768,8344,2.620,2.420,1.440,2,0,340.909,0,0,14,70,0,4,0
23-02 12:36:01,61.632,23.551,14.030,0.251,0,2051536,166248,176900,5528380,8126.436,541.161,0,929.995,0,101.217,5560,5494,2.620,2.420,1.440,2,10,546.172,0,0,14,70,0,4,0
23-02 12:36:02,61.766,18.505,17.755,1.500,0,2155000,182068,172168,5415892,5989.538,630.162,1252.322,3832.984,44.011,128.033,6567,9331,2.620,2.420,1.440,4,1,289.074,0,0,14,70,0,4,0
23-02 12:36:03,67.255,24.411,4.235,3.985,0,2298004,167356,173380,5290368,3962.555,538.039,4894.159,2283.675,255.070,85.688,6678,7803,2.620,2.420,1.440,4,0,543.020,0,0,14,74,0,4,0
23-02 12:36:04,70.790,20.011,3.502,5.253,0,2451536,172440,172756,5135420,7558.262,540.305,1212.684,5254.963,49.028,301.170,7949,11461,3.050,2.510,1.480,3,2,367.207,0,0,14,74,0,4,0
23-02 12:36:05,54.915,20.060,10.030,14.293,0,2581224,116680,172504,5064176,5123.382,487.463,4.012,8525.596,1.003,389.168,9640,14191,3.050,2.510,1.480,2,1,408.226,0,0,14,76,0,4,0
23-02 12:36:06,57.736,12.997,14.746,12.997,0,2673716,153000,171840,4938576,3128.249,539.870,1615.612,12413.021,54.987,233.944,7700,10587,3.050,2.510,1.480,2,2,163.961,0,0,14,79,0,4,0
23-02 12:36:07,53.661,7.737,22.712,15.724,0,2821812,148524,171888,4798068,6996.424,539.108,63.894,9751.864,4.992,552.087,5675,7436,3.050,2.510,1.480,7,0,1.997,0,0,14,79,0,4,0
23-02 12:36:08,64.091,17.525,15.272,2.504,0,2897352,138772,171904,4733724,5758.178,540.768,96.137,1850.628,13.018,94.134,10533,20025,3.050,2.510,1.480,2,0,388.552,0,0,14,95,0,13,0
23-02 12:36:09,19.016,20.267,49.792,9.008,0,2885280,147660,171904,4737272,7020.943,582.493,936.793,4639.927,42.036,225.191,7540,10341,2.970,2.500,1.480,4,0,459.389,0,0,14,93,0,14,0
23-02 12:36:10,29.910,13.958,47.607,7.228,0,2954036,144136,171912,4673248,9192.411,538.384,793.618,5200.392,27.916,277.168,6882,9398,2.970,2.500,1.480,2,0,256.231,0,0,14,94,0,14,0
23-02 12:36:11,46.047,5.506,45.797,2.503,0,3061612,171632,171928,4540848,5420.559,540.554,48.049,2494.558,6.006,127.130,3036,2223,2.970,2.500,1.480,4,0,3.003,0,0,14,98,0,14,0
23-02 12:36:12,8.251,19.253,67.762,3.251,0,3071868,161360,171928,4540920,7737.377,630.112,4.001,1264.225,1.000,83.015,6173,5261,2.970,2.500,1.480,1,0,372.066,0,0,14,97,0,14,0
23-02 12:36:13,8.009,19.271,71.328,0,0,3080396,152792,171928,4540960,5630.174,486.534,4.004,156.171,1.001,17.019,5785,4439,2.970,2.500,1.480,2,0,366.402,0,0,14,97,0,14,0
23-02 12:36:14,12.977,14.724,71.374,0.250,0,3115376,181260,171928,4478888,3685.481,539.046,439.223,35.936,18.966,3.993,4384,3341,2.810,2.480,1.480,2,0,249.559,0,0,14,97,0,14,0
23-02 12:36:15,19.038,2.254,78.154,0,0,3157648,141820,171928,4476660,13632.873,6265.350,8.016,0,1.002,0,1933,1592,2.810,2.480,1.480,1,0,0,0,0,14,98,0,14,0
23-02 12:36:16,18.705,5.986,73.824,0.249,0,3113652,185776,171932,4476696,26043.020,17388.617,11.972,311.259,2.993,22.945,3252,3025,2.810,2.480,1.480,1,0,62.850,0,0,14,99,0,15,0
23-02 12:36:17,18.746,2.749,76.233,1.500,0,3156976,142444,171932,4476704,13046.074,6190.612,7.998,4594.970,2.000,28.993,2191,2071,2.810,2.480,1.480,1,0,0,0,0,14,100,0,15,0
23-02 12:36:18,22.241,4.748,70.221,1.499,0,3164476,134448,171944,4477188,6307.385,1361.436,19.992,699.710,1.999,54.977,4106,6020,2.810,2.480,1.480,3,0,3.998,0,0,14,110,0,15,0
23-02 12:36:19,22.985,4.997,63.709,7.245,0,3166488,130176,171944,4479400,4826.903,539.654,1778.859,2258.551,71.954,253.837,5619,8382,2.660,2.450,1.470,1,0,2.998,0,0,14,113,0,15,0
23-02 12:36:20,21.020,8.758,66.815,2.502,0,3129864,166752,171944,4479448,7916.681,1630.582,0,1061.029,0,87.084,4433,4925,2.660,2.450,1.470,1,0,113.110,0,0,14,114,0,17,0
23-02 12:36:21,18.251,2.750,76.505,1.500,0,3168416,128196,171944,4479452,12098.754,6345.395,0,680.042,0,37.002,1966,1744,2.660,2.450,1.470,1,0,0,0,0,14,115,0,17,0
23-02 12:36:22,21.501,4.500,69.753,2.250,0,3168756,127368,171944,4479940,10871.459,3208.135,0,1000.042,0,96.004,5126,7620,2.660,2.450,1.470,1,0,2.000,0,0,14,119,0,17,0
23-02 12:36:23,32.605,8.527,52.418,5.267,0,3205928,156596,171952,4415344,7887.312,1896.085,12.039,1304.185,3.010,119.383,5213,6292,2.660,2.450,1.470,4,0,98.316,0,0,14,120,0,18,0
23-02 12:36:24,41.422,7.735,50.155,0.749,0,3284640,142024,171952,4352648,6975.799,2501.266,11.977,666.738,0.998,34.934,2869,1662,2.530,2.430,1.470,1,0,3.992,0,0,14,121,0,18,0
23-02 12:36:25,18.775,6.509,72.849,1.001,0,3260604,166040,171952,4352668,29517.047,21139.681,0,941.277,0,52.071,2823,2227,2.530,2.430,1.470,1,0,55.075,0,0,14,120,0,19,0
23-02 12:36:26,17.941,2.990,77.495,0.498,0,3313440,176580,171956,4290476,10186.519,2915.418,11.961,123.594,2.990,12.957,1790,1491,2.530,2.430,1.470,0,0,0,0,0,14,121,0,19,0
23-02 12:36:27,19.508,5.252,74.282,0,0,3266000,224004,171956,4290492,25566.071,20700.964,0,0,0,0,2448,1853,2.530,2.430,1.470,1,0,51.022,0,0,14,120,0,20,0
23-02 12:36:28,19.752,3.000,73.758,3.500,0,3305340,184660,171956,4290496,14257.543,6138.664,0,4660.504,0,263.028,2164,1563,2.530,2.430,1.470,1,0,0,0,0,14,121,0,20,0
23-02 12:36:29,15.256,6.502,73.527,3.001,0,3282624,207336,171956,4290536,9293.381,2508.913,12.004,1812.660,3.001,151.055,3771,4402,2.410,2.400,1.470,1,0,82.030,0,0,14,120,0,21,0
23-02 12:36:30,19.494,2.999,76.228,0.750,0,3338924,151008,171956,4290564,13167.185,6251.189,0,379.890,0,29.991,2037,1891,2.410,2.400,1.470,1,0,1.000,0,0,14,121,0,21,0
23-02 12:36:31,19.316,6.272,74.004,0,0,3344132,145784,171956,4290580,24413.766,17490.010,0,4.014,0,1.003,2492,1846,2.410,2.400,1.470,2,0,55.189,0,0,14,120,0,22,0
23-02 12:36:32,18.935,1.744,77.734,0.249,0,3337788,152116,171956,4290592,13201.900,6790.801,3.986,271.074,0.997,13.952,1856,1506,2.410,2.400,1.470,1,0,0,0,0,14,121,0,22,0
23-02 12:36:33,21.497,5.499,58.243,13.248,0,3324676,164872,171960,4290944,8038.053,917.892,95.989,6335.254,7.999,378.955,6765,15875,2.410,2.400,1.470,0,2,36.996,0,0,14,122,0,23,0
23-02 12:36:34,19.058,7.272,59.681,13.541,0,3301172,188328,171960,4290988,4479.584,1785.414,16.049,8365.367,1.003,649.971,4924,6438,2.300,2.380,1.470,1,0,53.161,0,0,14,121,0,25,0
23-02 12:36:35,18.939,1.994,77.751,0,0,3309732,179760,171960,4290996,11145.351,6772.338,0,406.699,0,20.933,1691,1316,2.300,2.380,1.470,0,0,0,0,0,14,122,0,24,0
23-02 12:36:36,19.757,3.251,73.524,1.751,0,3310328,179120,171960,4291040,13893.610,4319.433,0,1060.352,0,103.034,4929,7132,2.300,2.380,1.470,1,0,0,0,0,14,122,0,24,0
23-02 12:36:37,32.538,5.256,58.318,2.753,0,3314896,174512,171960,4291080,8677.048,1395.616,0,2018.337,0,249.289,8997,14126,2.300,2.380,1.470,1,1,2.002,0,0,14,125,0,25,0
23-02 12:36:38,21.787,6.761,68.616,2.755,0,3331864,157520,171960,4291136,7581.808,540.914,0,2199.716,0,217.367,3176,2853,2.300,2.380,1.470,1,0,71.120,0,0,14,125,0,25,0
23-02 12:36:39,14.456,2.492,79.759,1.994,0,3331668,157544,171960,4291308,15680.608,10065.578,0,965.083,0,95.711,2809,3596,2.190,2.360,1.460,1,0,0,0,0,14,125,0,25,1
23-02 12:36:40,20.007,7.503,70.024,1.501,0,3308728,180472,171960,4291320,7852.682,606.207,0,596.204,0,35.012,3215,2620,2.190,2.360,1.460,1,0,148.051,0,0,14,125,0,26,0
23-02 12:36:41,17.244,2.249,79.472,0.250,0,3325464,163724,171960,4291332,17451.866,11041.119,0,555.805,0,33.988,2194,2024,2.190,2.360,1.460,1,0,0,0,0,14,126,0,26,0
23-02 12:36:42,23.001,4.750,67.503,2.500,0,3322420,166712,171964,4291384,5022.217,1523.066,0,1388.060,0,142.006,5540,8083,2.190,2.360,1.460,4,0,0,0,0,14,126,0,26,0
23-02 12:36:43,33.112,9.532,54.684,1.756,0,3258708,230328,171964,4291480,5564.747,2135.193,36.122,1625.476,3.010,125.423,11782,18762,2.190,2.360,1.460,3,0,119.402,0,0,14,125,0,27,0
23-02 12:36:44,26.659,8.720,59.547,3.737,0,3312960,175912,171964,4291596,7769.577,896.950,0,1554.713,0,106.637,5261,6766,2.100,2.330,1.460,1,0,169.424,0,0,14,125,0,27,0
23-02 12:36:45,16.015,3.754,77.573,1.501,0,3309432,179308,171964,4291728,15782.917,8136.690,0,624.590,0,31.029,2350,2076,2.100,2.330,1.460,1,0,41.039,0,0,14,125,0,28,0
23-02 12:36:46,10.016,19.281,69.360,0.250,0,3295688,192992,171964,4291772,7635.154,582.928,0,580.925,0,37.059,6084,4864,2.100,2.330,1.460,1,0,417.665,0,0,14,125,0,28,0
23-02 12:36:47,17.509,16.508,65.033,0.500,0,3277952,210712,171964,4292148,9771.965,540.274,0,612.311,0,39.020,6595,8303,2.100,2.330,1.460,1,0,312.159,0,0,14,125,0,28,0
23-02 12:36:48,30.245,18.747,47.742,2.250,0,3323292,165320,171964,4291844,7732.778,539.915,0,2539.599,0,85.986,6503,5792,2.100,2.330,1.460,2,0,481.924,0,0,14,125,0,28,0
23-02 12:36:49,32.522,19.513,46.031,1.001,0,3353480,197712,171980,4230968,5293.525,610.407,44.029,584.389,3.002,44.029,8148,10797,2.010,2.310,1.460,1,0,409.273,0,0,14,131,0,28,0
23-02 12:36:50,45.791,19.660,31.108,2.738,0,3456284,155408,171984,4172224,5468.039,537.546,103.527,4682.624,6.968,244.882,7374,9252,2.010,2.310,1.460,7,0,478.814,0,0,16,131,0,28,0
23-02 12:36:51,57.446,23.728,17.234,0.500,0,3608836,124312,171984,4054172,7266.178,539.493,31.970,743.302,4.995,45.957,7318,10165,2.010,2.310,1.460,2,0,463.565,0,0,16,137,0,28,0
23-02 12:36:52,47.090,21.040,30.057,1.252,0,3705700,123472,171760,3959352,4884.287,541.029,32.061,500.952,3.006,29.055,9380,11675,2.010,2.310,1.460,6,0,444.846,0,0,16,153,0,28,0
23-02 12:36:53,28.331,22.815,47.637,1.003,0,3742048,180680,171768,3866428,4955.205,487.397,12.034,1002.875,3.009,51.147,7042,7044,2.010,2.310,1.460,1,0,608.745,0,0,17,153,0,28,0
23-02 12:36:54,19.744,15.495,62.230,1.749,0,3755352,167328,171768,3866480,9614.940,629.800,3.999,2675.149,1.000,383.878,7330,9158,2.010,2.310,1.460,4,1,260.917,0,0,17,153,0,28,0
23-02 12:36:55,31.279,23.271,43.290,1.752,0,3834480,139100,171768,3816744,7430.863,540.499,12.011,2530.337,3.003,329.304,7429,6786,2.010,2.310,1.460,3,0,631.583,0,0,17,153,0,27,0
23-02 12:36:56,43.969,19.237,34.476,1.249,0,3940664,131424,171652,3719788,8264.207,539.622,147.896,567.602,5.996,39.972,7250,12258,2.010,2.310,1.460,3,0,338.763,0,0,17,165,0,27,0
23-02 12:36:57,29.752,26.252,42.253,1.000,0,4001968,162748,171652,3629516,5183.373,610.044,16.001,504.036,1.000,29.002,7430,6960,2.010,2.310,1.460,2,0,758.054,0,0,17,165,0,27,0
23-02 12:36:58,20.486,21.985,55.712,0.250,0,4060256,140792,171652,3593924,3808.396,539.631,7.995,675.538,1.999,42.971,8771,10473,2.010,2.310,1.460,1,0,542.629,0,0,17,171,0,27,0
23-02 12:36:59,24.210,13.977,60.150,0.499,0,4092704,137704,171652,3565256,7837.918,539.100,3.993,139.767,0.998,9.983,6901,9365,2.010,2.300,1.460,3,0,287.520,0,0,17,177,0,27,0
23-02 12:37:00,45.793,8.008,41.039,5.005,0,4227212,167392,171652,3405212,9098.571,486.458,0,8808.298,0,496.468,3607,1942,2.010,2.300,1.460,2,0,2.002,0,0,17,177,0,25,0
23-02 12:37:01,41.674,6.488,49.659,1.497,0,4322972,124844,171656,3353048,8115.173,539.015,99.818,602.898,9.982,45.916,3660,3175,2.010,2.300,1.460,1,0,5.989,0,0,17,182,0,25,0
23-02 12:37:02,29.788,22.278,44.556,2.753,0,4263648,183404,171656,3353792,5810.325,540.682,308.389,568.717,5.006,48.061,7029,7743,2.010,2.300,1.460,5,0,579.731,0,0,17,197,0,25,0
23-02 12:37:03,33.574,20.044,43.095,1.503,0,4297348,148220,171668,3355708,16050.408,8478.704,52.115,857.893,5.011,68.150,9000,12731,2.010,2.300,1.460,9,0,479.057,0,0,17,204,0,25,0
23-02 12:37:04,58.295,20.927,15.197,5.232,0,4364116,143284,171684,3294784,8225.135,1455.891,1351.258,3340.278,21.923,16.941,6439,6435,2.090,2.310,1.470,1,2,220.227,0,0,17,204,0,26,0
23-02 12:37:05,63.689,12.036,18.806,5.266,0,4542096,155404,171728,3108204,12191.119,6647.695,1512.481,946.805,34.101,18.053,4703,4059,2.090,2.310,1.470,2,2,29.086,0,0,17,209,0,26,0
23-02 12:37:06,45.456,8.741,18.981,24.726,0,4494232,228372,171772,3085276,8902.317,5413.719,5446.687,3204.874,385.624,270.736,6042,6568,2.090,2.310,1.470,3,0,26.974,0,0,17,220,0,27,2
23-02 12:37:07,43.524,20.261,34.019,2.251,0,4550584,168632,171788,3088600,10216.579,2507.369,856.468,416.227,15.008,16.009,7329,8246,2.090,2.310,1.470,1,0,407.222,0,0,17,220,0,31,2
23-02 12:37:08,33.900,17.947,41.378,4.736,0,4562704,154800,171788,3090744,15893.245,9387.384,171.495,2775.834,9.971,261.232,9595,13202,2.090,2.310,1.470,2,0,378.885,0,0,17,221,0,31,2
23-02 12:37:09,55.467,27.106,17.318,0.753,0,4603228,151976,171792,3053316,7369.830,542.121,36.141,9473.058,2.008,39.153,6488,7077,2.240,2.340,1.490,4,0,551.156,0,0,17,221,0,31,2
23-02 12:37:10,52.105,18.947,25.429,1.994,0.249,4688980,138956,171808,2982140,19722.277,11403.359,1041.111,941.388,47.867,57.840,8384,11157,2.240,2.340,1.490,6,1,307.148,0,0,17,223,0,32,2
23-02 12:37:11,59.835,27.790,11.016,1.001,0,4734220,127944,171808,2948432,9233.161,540.771,344.491,997.422,14.020,66.094,7523,13331,2.240,2.340,1.490,4,0,588.839,0,0,17,229,0,34,2
23-02 12:37:12,50.276,17.759,25.013,6.003,0,4759316,182280,171824,2871356,15021.665,10468.342,596.304,876.447,38.019,49.025,9736,15692,2.240,2.340,1.490,3,0,303.155,0,0,17,236,0,26,2
23-02 12:37:13,66.829,14.962,17.206,0.499,0,4883840,125884,171828,2804760,7462.914,1577.964,239.388,1101.184,0.997,48.875,5779,5700,2.240,2.340,1.490,3,0,111.714,0,0,17,235,0,27,2
23-02 12:37:14,53.168,11.035,26.584,8.778,0,4948260,123972,171832,2743124,21534.928,15003.325,1548.886,967.050,88.278,34.108,10611,23095,2.240,2.340,1.490,3,0,10.032,0,0,17,244,0,32,0
23-02 12:37:15,53.766,9.503,33.510,2.501,0,4958904,143468,171860,2713404,17086.120,5994.796,1424.427,836.251,32.010,83.025,5488,5144,2.300,2.350,1.490,4,0,19.006,0,0,17,247,0,34,0
23-02 12:37:16,41.977,24.737,28.485,3.998,0,4958588,139972,172120,2716852,13833.580,6195.677,4337.673,1838.014,63.966,80.957,8048,8546,2.300,2.350,1.490,2,0,573.692,0,0,17,250,0,34,0
23-02 12:37:17,55.835,22.184,20.440,0.249,0,4950580,147672,172120,2717488,17709.695,5664.271,642.104,434.716,8.973,24.926,8588,11803,2.300,2.350,1.490,3,0,381.872,0,0,17,249,0,35,0
23-02 12:37:18,67.553,15.954,10.470,4.985,0,5067440,117012,171856,2632596,14561.626,8597.980,1459.752,1160.623,59.826,47.861,5607,4817,2.300,2.350,1.490,3,0,167.513,0,0,18,253,0,35,0
23-02 12:37:19,68.194,12.582,8.304,11.324,0,5110920,140592,171860,2567308,12782.245,3413.229,3575.284,833.428,178.160,52.341,5652,4457,2.300,2.350,1.490,3,0,20.131,0,0,18,252,0,37,0
23-02 12:37:20,74.133,11.482,6.739,6.739,0,5188444,126192,171896,2506024,10871.824,8259.951,1337.886,1553.546,54.913,106.831,7854,9627,2.440,2.380,1.510,2,0,79.874,0,0,18,260,0,35,0
23-02 12:37:21,39.004,12.751,39.505,6.501,0,5156556,187916,171900,2476852,9022.034,4770.547,1112.127,8100.928,27.003,676.077,6654,8624,2.440,2.380,1.510,2,0,158.018,0,0,18,264,0,36,0
23-02 12:37:22,38.109,8.967,51.310,1.744,0,5210844,166676,171908,2444824,32487.968,9572.632,836.908,498.159,11.956,31.882,3994,3752,2.440,2.380,1.510,2,0,9.963,0,0,18,271,0,36,1
23-02 12:37:23,32.118,12.797,47.424,5.520,0,5191928,167276,171908,2463108,16606334.728,138295.239,2814.343,1039.821,31.114,97.358,11137,8148,2.440,2.380,1.510,2,0,219.808,0,0,18,268,0,37,0
23-02 12:37:24,39.887,7.479,50.607,1.246,0,5240144,151672,171908,2431400,9871.100,6181.528,19.944,3549.966,1.994,36.896,3558,2904,2.440,2.380,1.510,2,0,50.856,0,0,18,273,0,36,0
23-02 12:37:25,30.090,4.514,62.438,2.508,0,5198208,193600,171908,2431412,25302.008,14827.542,0,1520.568,0,113.340,4250,4821,2.400,2.370,1.510,3,0,7.021,0,0,18,282,0,39,0
23-02 12:37:26,31.209,5.992,56.925,4.494,0,5259268,131824,171908,2432128,303364.131,12685476.096,511.326,611.194,29.961,52.930,5970,5626,2.400,2.370,1.510,4,0,0.999,0,0,18,281,0,40,0
23-02 12:37:27,11.524,2.004,74.657,10.522,0,5263120,127960,171908,2432140,127349.545,3703713.012,0,13768.927,0,915.924,3437,3068,2.400,2.370,1.510,1,0,0,0,0,18,280,0,40,1
23-02 12:37:28,5.725,1.991,88.860,1.245,0,5187596,203476,171908,2432148,4844.714,603.349,3.983,593.393,0.996,19.913,1781,2065,2.400,2.370,1.510,0,0,36.838,0,0,18,280,0,39,0
23-02 12:37:29,13.046,2.509,81.787,2.007,0,5187616,203408,171916,2432188,7286816.694,27795.505,64.225,10019.147,3.011,39.137,5060,5589,2.400,2.370,1.510,1,0,1.004,0,0,18,286,0,39,0
23-02 12:37:30,15.952,10.967,70.037,0.748,0,5123424,251452,171916,2448304,9225538.863,90056.399,59.818,578.243,3.988,43.867,8941,9576,2.290,2.350,1.510,2,0,254.228,0,0,18,282,0,42,0
23-02 12:37:31,19.501,8.500,71.004,0.250,0,5185080,189696,171916,2448388,7008.388,486.027,0,512.028,0,31.002,3686,3738,2.290,2.350,1.510,1,0,211.012,0,0,18,282,0,42,0
23-02 12:37:32,12.779,14.783,70.157,1.002,0,5198956,175792,171916,2448416,3067.883,541.214,0,1010.267,0,61.137,5055,4171,2.290,2.350,1.510,2,0,261.587,0,0,18,282,0,40,0
23-02 12:37:33,11.469,16.705,67.817,2.743,0,5185948,188560,171916,2448640,6698.902,538.545,171.537,634.286,9.973,63.828,6408,11461,2.290,2.350,1.510,0,0,444.798,0,0,18,286,0,41,0
23-02 12:37:34,5.501,2.500,91.017,0,0,5206052,168456,171916,2448640,7935.523,540.104,0,16.003,0,1.000,1398,1697,2.290,2.350,1.510,1,0,9.002,0,0,18,286,0,41,0
23-02 12:37:35,19.750,3.500,69.250,6.750,0,5249028,157948,171916,2417676,14365.025,6361.011,0,16044.028,0,33.000,2318,2081,2.190,2.330,1.500,1,0,0,0,0,18,287,0,41,0
23-02 12:37:36,16.316,9.538,73.296,0.251,0,5229348,177440,171920,2417844,9316.582,3776.233,12.049,0,3.012,0,4320,3778,2.190,2.330,1.500,1,0,165.668,0,0,18,290,0,39,0
23-02 12:37:37,12.461,16.947,69.532,0.249,0,5167960,238492,171924,2418144,4666.389,538.314,3.988,127.600,0.997,12.959,6107,5144,2.190,2.330,1.500,1,0,285.107,0,0,18,290,0,39,0
23-02 12:37:38,18.556,9.529,70.713,0.752,0,5154072,252164,171924,2418344,8712.262,541.633,8.024,461.391,2.006,41.124,4499,4411,2.190,2.330,1.500,1,0,153.463,0,0,18,290,0,39,0
23-02 12:37:39,21.914,3.237,71.470,1.992,0,5222728,183404,171924,2418448,7024.441,537.890,183.281,1358.670,5.977,166.347,2328,1966,2.190,2.330,1.500,1,0,0,0,0,18,290,0,39,0
23-02 12:37:40,23.003,2.750,68.760,4.501,0,5127336,278416,171924,2418828,7156.004,486.068,284.040,1144.161,10.001,79.011,3070,3224,2.330,2.360,1.520,1,0,12.002,0,0,18,294,0,37,0
23-02 12:37:41,23.753,3.000,72.259,0.500,0,5197636,208076,171924,2418868,6428.776,540.065,24.003,140.017,4.000,13.002,2314,2058,2.330,2.360,1.520,1,0,0,0,0,18,294,0,37,0
23-02 12:37:42,17.984,3.996,76.181,0.500,0,5228688,176936,171924,2418956,10526.497,6924.749,79.928,31.971,1.998,3.996,2438,2291,2.330,2.360,1.520,1,0,2.997,0,0,18,297,0,37,0
23-02 12:37:43,24.521,4.254,70.061,0.751,0,5203764,201804,171924,2419012,8295.220,1300.132,48.042,304.265,2.002,24.021,2822,2510,2.330,2.360,1.520,1,0,16.014,0,0,18,294,0,38,0
23-02 12:37:44,24.256,2.251,72.519,0,0,5203496,201944,171924,2419140,5072.296,610.156,0,24.006,0,1.000,2087,1633,2.330,2.360,1.520,1,0,0,0,0,18,294,0,38,0
23-02 12:37:45,9.767,18.532,69.620,1.503,0,5186764,218456,171924,2419392,2636.546,540.933,428.739,436.753,9.016,14.024,6246,5582,2.220,2.330,1.520,1,0,478.826,0,0,18,294,0,37,0
23-02 12:37:46,20.956,5.987,70.852,0.998,0,5232704,172296,172088,2419448,7046.255,538.872,143.699,147.691,6.985,17.962,3357,2959,2.220,2.330,1.520,1,0,121.745,0,0,18,294,0,37,0
23-02 12:37:47,18.997,2.750,76.489,0.750,0,5236936,162632,172684,2424172,12655.182,2823.594,127.982,715.897,3.999,8.999,2117,1863,2.220,2.330,1.520,1,0,16.998,0,0,18,294,0,37,0
23-02 12:37:48,18.750,2.750,76.751,0.250,0,5234400,164120,172732,2425164,15765.162,3295.034,0,608.006,0,18.000,2257,2052,2.220,2.330,1.520,1,0,18.000,0,0,18,295,0,37,0
23-02 12:37:49,24.002,4.750,69.255,0.750,0,5230916,161540,173272,2430528,14415.043,780.056,0,1140.082,0,16.001,10403,19115,2.220,2.330,1.520,1,1,14.001,0,0,18,294,0,36,0
23-02 12:37:50,18.829,3.766,72.805,3.515,0,5228896,162952,173312,2431092,13687.263,3495.624,212.891,1068.470,16.067,39.164,6488,11092,2.130,2.310,1.510,1,0,6.025,0,0,18,295,0,36,0
23-02 12:37:51,21.667,5.479,70.232,0,0,5226452,165072,173372,2431356,7450.530,537.944,3.985,382.538,0.996,5.977,7101,11613,2.130,2.310,1.510,1,0,15.939,0,0,18,295,0,36,0
23-02 12:37:52,13.738,13.988,69.941,1.499,0,5171896,229664,173448,2421320,3854.735,713.396,0,1023.133,0,23.980,4843,4189,2.130,2.310,1.510,2,0,267.773,0,0,18,294,0,36,0
23-02 12:37:53,24.266,3.753,65.044,6.004,0,5212996,188392,173448,2421492,5415.642,540.363,0,3390.280,0,455.306,3011,2938,2.130,2.310,1.510,1,0,2.001,0,0,18,294,0,36,0
23-02 12:37:54,16.049,4.514,76.987,0.752,0,5181844,219444,173448,2421592,17549.990,10840.349,28.086,16009.250,4.012,25.077,2975,2633,2.130,2.310,1.510,2,0,55.170,0,0,18,294,0,40,0
23-02 12:37:55,21.434,5.982,72.028,0,0,5195320,205960,173448,2421600,6607.628,484.506,0,295.090,0,6.978,2473,2337,2.040,2.290,1.510,1,0,60.813,0,0,18,294,0,40,0
23-02 12:37:56,16.739,4.247,77.948,0,0,5181180,220088,173448,2421612,16368.132,9157.920,0,0,0,0,2889,2681,2.040,2.290,1.510,1,0,69.954,0,0,18,294,0,41,0
23-02 12:37:57,20.003,4.251,75.011,0,0,5238740,162524,173448,2421616,6884.027,2785.416,0,0,0,0,2226,1922,2.040,2.290,1.510,0,0,6.001,0,0,18,295,0,41,0
23-02 12:37:58,19.760,5.002,73.535,0.750,0,5210164,191080,173448,2421636,18728.022,11368.477,0,128.062,0,30.014,3041,2740,2.040,2.290,1.510,1,0,56.027,0,0,18,294,0,42,0
23-02 12:37:59,20.497,2.500,76.487,0,0,5232696,168540,173448,2421644,15296.436,6251.952,0,55.991,0,3.999,2237,2008,2.040,2.290,1.510,1,0,2.000,0,0,18,295,0,42,0
23-02 12:38:00,20.829,5.772,72.023,0.753,0,5256552,144632,173448,2421696,10531.886,5067.190,44.167,602.281,3.011,34.129,2958,2920,1.950,2.270,1.510,2,0,33.125,0,0,18,294,0,45,0
23-02 12:38:01,19.175,2.241,77.199,0.249,0,5265012,167792,173448,2391296,16012.544,8306.601,47.814,119.534,1.992,12.949,2483,2295,1.950,2.270,1.510,1,0,0,0,0,18,297,0,45,0
23-02 12:38:02,19.010,7.004,66.785,5.753,0,5228620,204020,173456,2391452,11089.831,3639.914,0,2625.380,0,186.098,5864,8286,1.950,2.270,1.510,1,0,48.025,0,0,18,298,0,46,0
23-02 12:38:03,22.487,2.748,72.959,0.250,0,5240568,191940,173456,2391584,9946.360,6195.487,0,339.807,0,31.982,2893,2800,1.950,2.270,1.510,1,0,0,0,0,18,299,0,46,0
23-02 12:38:04,21.508,4.752,72.776,0.500,0,5211428,221032,173456,2391632,12248.383,5049.807,28.010,296.106,2.001,20.007,3111,2896,1.950,2.270,1.510,1,0,32.011,0,0,18,298,0,49,0
23-02 12:38:05,18.742,2.249,77.717,1.000,0,5228028,204424,173456,2391640,12118.889,8401.457,0,175.926,0,8.996,2242,2180,2.040,2.280,1.510,0,0,0,0,0,18,299,0,48,0
23-02 12:38:06,10.751,8.251,77.505,2.000,0,5162796,269336,173620,2391796,11635.781,4314.290,184.012,460.031,7.000,39.003,4039,4227,2.040,2.280,1.510,0,0,180.012,0,0,18,299,0,49,0
23-02 12:38:07,3.749,1.000,88.735,5.249,0,5158376,272672,174024,2392476,13276.825,3212.474,1083.822,307.950,252.959,16.997,1769,2461,2.040,2.280,1.510,0,0,0,0,0,18,300,0,49,0
23-02 12:38:08,6.001,6.751,83.258,3.000,0,5161592,269404,174024,2392528,17678.651,4001.374,0,1160.108,0,83.008,3494,4111,2.040,2.280,1.510,0,0,128.012,0,0,18,302,0,50,0
23-02 12:38:09,10.255,11.006,74.788,2.001,0,5162412,268224,174028,2392884,8545.291,948.476,296.149,296.149,28.014,9.005,4222,3651,2.040,2.280,1.510,1,0,210.106,0,0,18,300,0,45,0
23-02 12:38:10,18.989,3.248,68.210,8.495,0,5174868,246344,174028,2402308,6729.006,485.712,847.497,2310.628,101.939,140.916,2709,2738,2.030,2.270,1.520,2,0,4.997,0,0,18,300,0,45,0
23-02 12:38:11,17.503,2.000,78.011,1.750,0,5187796,226136,174068,2409416,13448.971,3888.570,872.128,980.144,11.002,24.004,2287,2287,2.030,2.270,1.520,1,0,16.002,0,0,18,302,0,45,0
23-02 12:38:12,13.997,4.749,73.484,6.499,0,5177660,234320,174076,2411344,12632.189,1622.639,907.798,2895.356,14.997,75.983,3350,3310,2.030,2.270,1.520,1,1,59.987,0,0,18,300,0,45,0
23-02 12:38:13,16.255,10.753,70.022,1.751,0,5178016,233872,174076,2411436,8981.816,540.169,72.023,908.285,2.001,66.021,4729,4699,2.030,2.270,1.520,1,0,244.077,0,0,18,300,0,40,0
23-02 12:38:14,18.498,2.250,75.242,2.500,0,5196072,215812,174076,2411440,13451.619,6914.290,0,1947.800,0,302.969,2434,2051,2.030,2.270,1.520,0,0,0,0,0,18,301,0,40,0
23-02 12:38:15,21.580,5.270,73.273,0,0,5229932,181932,174076,2411460,24245.296,16830.682,0,269.002,0,3.011,2743,2374,1.950,2.250,1.510,1,0,47.176,0,0,18,300,0,42,0
23-02 12:38:16,16.976,1.748,77.140,2.996,0,5242136,169664,174076,2411524,11743.318,8172.391,159.773,215.694,9.986,23.966,2369,2310,1.950,2.250,1.510,0,1,0,0,0,18,301,0,44,0
23-02 12:38:17,21.039,3.757,72.385,1.753,0,5280144,131216,174076,2411964,9169.067,1765.286,320.597,124.231,19.035,7.013,2436,2160,1.950,2.250,1.510,1,0,14.026,0,0,18,300,0,37,0
23-02 12:38:18,16.195,1.993,80.225,0.249,0,5275664,135616,174076,2412044,12007.902,7065.816,79.727,107.632,5.980,11.959,2215,2224,1.950,2.250,1.510,2,1,0.997,0,0,18,303,0,37,0
23-02 12:38:19,20.052,5.013,61.409,12.031,0,5207136,201980,174080,2414204,8357.676,1784.629,2085.409,1676.348,80.208,208.541,5512,7910,1.950,2.250,1.510,1,0,7.018,0,0,18,304,0,38,0
23-02 12:38:20,19.927,2.989,75.971,0.249,0,5248252,160860,174080,2414208,7137.757,2848.527,0,526.066,0,24.908,2336,2264,1.950,2.250,1.520,1,0,0.996,0,0,18,305,0,38,0
23-02 12:38:21,17.756,2.501,75.277,2.751,0,5237656,171392,174080,2414272,16640.074,7982.914,32.012,876.320,2.001,85.031,3949,5053,1.950,2.250,1.520,1,0,0,0,0,18,305,0,34,0
23-02 12:38:22,14.817,16.575,67.053,1.256,0,5150044,258836,174080,2414440,8437.167,1774.025,0,1052.762,0,90.409,7062,7757,1.950,2.250,1.520,1,0,515.331,0,0,18,304,0,35,0
23-02 12:38:23,8.749,22.496,65.989,1.250,0,5163848,244988,174080,2414484,6673.923,581.906,0,1019.835,0,76.988,7784,7875,1.950,2.250,1.520,3,0,720.884,0,0,18,304,0,35,0
23-02 12:38:24,9.748,22.245,65.736,1.500,0,5166652,242148,174080,2414520,5977.733,539.886,0,615.869,0,45.990,7282,6857,1.950,2.250,1.520,3,0,694.853,0,0,18,304,0,35,0
23-02 12:38:25,8.749,22.747,63.492,4.249,0,5163396,245368,174080,2414556,10233.726,485.940,0,4475.443,0,163.980,7366,7023,1.880,2.230,1.510,1,0,654.918,0,0,18,304,0,35,0
23-02 12:38:26,8.750,21.999,67.748,0,0,5166448,242284,174080,2414588,8854.796,539.988,0,263.994,0,25.999,7143,6579,1.880,2.230,1.510,1,0,621.986,0,0,18,304,0,31,0
23-02 12:38:27,8.240,21.475,68.671,0,0,5173872,234808,174080,2414640,8578.098,539.377,0,127.852,0,12.985,6855,6078,1.880,2.230,1.510,2,0,577.334,0,0,18,304,0,31,0
23-02 12:38:28,19.949,6.234,72.066,0.249,0,5190224,318272,174340,2325340,7271.407,538.623,19.949,7.980,1.995,1.995,2826,2518,1.880,2.230,1.510,1,0,56.855,0,0,18,304,0,31,0
23-02 12:38:29,21.995,2.249,69.983,4.499,0,5199560,305328,174576,2328708,11622.207,1811.565,15.996,4159.001,2.999,267.936,2618,2045,1.880,2.230,1.510,1,0,15.996,0,0,18,305,0,31,0
23-02 12:38:30,11.001,1.250,82.009,5.001,0,5207028,297008,174656,2329476,16728.778,8543.908,664.071,1208.128,42.004,30.003,1753,1895,1.810,2.210,1.510,0,0,1.000,0,0,18,305,0,29,0
23-02 12:38:31,11.500,1.000,79.249,6.750,0,5215708,287180,174792,2330480,21689.844,11789.915,543.996,1647.988,52.000,64.000,2045,2436,1.810,2.210,1.510,1,0,0,0,0,18,305,0,29,0
23-02 12:38:32,12.502,1.000,81.510,4.000,0,5237932,264188,174844,2331200,11634.450,5256.655,732.091,944.118,29.004,43.005,1698,1799,1.810,2.210,1.510,1,0,0,0,0,18,305,0,29,0
23-02 12:38:33,16.002,3.750,73.010,5.751,0,5233600,267452,174952,2332052,23395.064,9764.279,724.095,1568.205,53.007,85.011,3336,8286,1.810,2.210,1.510,1,0,36.005,0,0,18,305,0,30,0
23-02 12:38:34,14.747,1.250,79.234,3.749,0,5251784,247796,175072,2333500,20707.922,10829.867,963.810,1355.733,49.990,46.991,2017,2019,1.810,2.210,1.510,1,0,0,0,0,18,305,0,26,0
23-02 12:38:35,13.504,2.251,75.020,8.502,0,5252300,215804,175212,2364816,14943.911,4371.144,14123.697,940.246,163.043,35.009,2112,2157,1.900,2.220,1.520,1,0,1.000,0,0,18,305,0,26,0
23-02 12:38:36,21.496,1.750,72.487,3.749,0,5266420,187844,176056,2377484,10621.023,539.900,0,1715.681,0,47.991,2451,2280,1.900,2.220,1.520,0,1,0,0,0,18,305,0,26,0
23-02 12:38:37,23.495,2.000,71.985,1.250,0,5264840,173644,176460,2392592,9769.008,539.890,0,971.802,0,32.993,2379,2096,1.900,2.220,1.520,1,0,0,0,0,18,305,0,26,0
23-02 12:38:38,24.997,4.999,60.992,7.249,0.250,5280952,152388,177180,2397464,7700.000,539.930,367.952,3263.576,3.000,150.980,3535,3645,1.900,2.220,1.520,2,0,4.999,0,0,18,305,0,25,0
23-02 12:38:39,38.436,9.235,48.419,3.993,0,5283428,141768,178188,2404772,4437.557,539.096,766.714,2431.921,5.990,87.853,3767,2609,1.900,2.220,1.520,3,0,8.985,0,0,18,305,0,25,0
23-02 12:38:40,17.784,2.004,65.876,12.774,0,5285960,129292,178832,2413860,8007.347,541.037,0,4167.989,0,243.467,2478,2478,2.070,2.250,1.530,0,3,1.002,0,0,18,305,0,25,0
23-02 12:38:41,6.262,2.254,53.101,37.571,0,5285476,127380,178996,2416020,7911.028,486.925,144.274,19464.976,7.013,226.430,2123,2526,2.070,2.250,1.530,0,4,0,0,0,18,305,0,25,0
23-02 12:38:42,20.227,3.996,67.674,6.742,0,5215592,214628,179016,2398840,5567.734,713.197,3.996,5202.145,0.999,81.908,2766,2658,2.070,2.250,1.530,1,0,18.979,0,0,18,304,0,25,0
23-02 12:38:43,18.238,2.998,71.201,5.996,0,5200796,224000,179184,2404096,14906.808,2822.071,0,1375.060,0,26.982,2496,2471,2.070,2.250,1.530,1,0,16.988,0,0,18,304,0,25,0
23-02 12:38:44,17.997,2.750,74.488,4.249,0,5220864,203364,179220,2404592,11923.147,3414.469,3.999,715.889,1.000,20.997,2312,2137,2.070,2.250,1.530,1,0,17.997,0,0,18,305,0,25,0
23-02 12:38:45,22.000,5.000,69.500,2.000,0,5216180,201756,179500,2409948,11017.009,714.001,0,1736.001,0,207.000,10824,19188,2.150,2.260,1.540,2,0,14.000,0,0,18,304,0,25,0
23-02 12:38:46,23.008,5.502,69.523,0.250,0,5218360,199076,179600,2410276,8783.959,540.182,0,168.057,0,2.001,11505,20268,2.150,2.260,1.540,1,0,20.007,0,0,18,304,0,24,0
23-02 12:38:47,21.068,4.013,72.234,1.505,0,5188772,240496,179608,2398980,3536.447,583.890,0,1705.521,0,20.065,2598,2350,2.150,2.260,1.540,1,0,28.091,0,0,18,304,0,24,0
23-02 12:38:48,24.498,4.500,67.995,1.750,0,5217028,212220,179608,2399000,7372.443,539.959,0,771.942,0,11.999,9938,17914,2.150,2.260,1.540,1,0,46.996,0,0,18,304,0,24,0
23-02 12:38:49,18.432,2.989,75.968,1.245,0,5230756,193960,179728,2403412,12782.598,2759.766,0,729.296,0,9.963,2319,2041,2.150,2.260,1.540,1,0,16.937,0,0,18,304,0,24,0
23-02 12:38:50,20.252,2.750,76.509,0,0,5229788,193624,179728,2404716,9035.102,3485.425,0,312.038,0,3.000,2370,2144,2.130,2.260,1.540,0,0,19.002,0,0,18,305,0,24,0
23-02 12:38:51,22.751,5.500,69.252,1.000,0,5229420,188100,179732,2410076,10757.335,780.024,0,864.027,0,15.000,11120,19855,2.130,2.260,1.540,1,0,14.000,0,0,18,304,0,24,0
23-02 12:38:52,22.259,6.753,67.528,1.501,0,5229532,187596,179740,2410424,7061.914,540.223,32.013,908.375,1.000,28.012,10869,19648,2.130,2.260,1.540,1,0,20.008,0,0,18,304,0,24,0
23-02 12:38:53,22.333,4.768,70.012,2.258,0,5222716,206264,179740,2399036,7207.939,542.026,0,1357.072,0,52.195,2970,3017,2.130,2.260,1.540,2,0,24.090,0,0,18,304,0,24,0
23-02 12:38:54,21.897,5.225,71.165,0,0,5194340,234564,179744,2399092,8353.636,537.467,0,238.874,0,10.948,3333,3035,2.130,2.260,1.540,2,0,93.559,0,0,18,304,0,21,0
23-02 12:38:55,23.258,3.501,71.774,0.750,0,5204496,213648,179876,2409640,2964.981,540.179,0,768.254,0,11.004,2434,2088,2.120,2.250,1.550,1,0,19.006,0,0,18,304,0,21,0
23-02 12:38:56,13.753,1.750,77.770,5.751,0,5217712,199536,179896,2410500,19116.797,7267.824,532.134,2184.548,26.007,159.040,2258,2446,2.120,2.250,1.550,0,0,0,0,0,18,305,0,21,0
23-02 12:38:57,8.997,1.250,84.224,3.249,0,5217696,199060,179936,2410864,23352.704,10717.651,0,1343.580,0,49.984,1870,2144,2.120,2.250,1.550,1,0,5.998,0,0,18,305,0,21,0
23-02 12:38:58,6.250,1.250,89.754,2.250,0,5217080,199456,179956,2411028,45740.934,7027.297,0,648.027,0,24.001,1519,1820,2.120,2.250,1.550,0,0,0,0,0,18,306,0,18,0
23-02 12:38:59,9.750,1.250,85.748,2.000,0,5224956,191208,179968,2411304,122989.290,9552.790,0,1255.972,0,50.999,1906,2054,2.120,2.250,1.550,1,0,2.000,0,0,18,306,0,18,0
23-02 12:39:00,15.751,1.250,79.505,2.500,0,5245948,169876,180020,2411520,22745.346,10692.633,0,1188.070,0,39.002,1921,1889,2.110,2.250,1.550,0,0,1.000,0,0,18,306,0,18,0
23-02 12:39:01,16.758,1.000,77.788,3.502,0.250,5264220,151056,180052,2411984,294683.517,11217.501,0,1384.679,0,48.024,2359,2347,2.110,2.250,1.550,1,0,0,0,0,18,306,0,18,0
23-02 12:39:02,7.247,2.249,81.219,8.247,0,5262768,151904,180136,2412328,100927.688,15771.013,59.977,4958.118,4.998,140.946,2292,2984,2.110,2.250,1.550,0,1,0,0,0,18,306,0,14,0
23-02 12:39:03,5.751,1.750,69.012,21.504,0,5261632,152712,180260,2412464,30194.255,7629.328,0,10341.800,0,167.029,2235,3031,2.110,2.250,1.550,0,0,0,0,0,18,306,0,14,0
23-02 12:39:04,12.746,1.999,79.224,4.748,0,5257456,144996,180372,2424200,1537051.194,21452.885,103.966,2715.099,5.998,47.984,2556,2475,2.110,2.250,1.550,0,0,1.000,0,0,18,306,0,14,0
23-02 12:39:05,8.750,3.750,75.496,9.499,0,5229740,170144,180444,2427536,15655561.371,121446.401,0,14807.195,0,60.997,9278,7954,2.180,2.260,1.560,0,1,5.000,0,0,18,306,0,14,0
23-02 12:39:06,11.258,2.001,71.300,14.010,0,5227400,165392,180568,2434472,623710.623,7788.427,164.114,3850.683,4.003,214.149,2970,3025,2.180,2.260,1.560,1,0,0,0,0,18,306,0,12,0
23-02 12:39:07,18.249,2.750,71.248,6.750,0,5234880,145188,183304,2442876,8368.760,539.984,0,4259.878,0,93.997,2528,2544,2.180,2.260,1.560,1,0,1.000,0,0,18,306,0,12,0
23-02 12:39:08,21.746,2.250,67.987,6.499,0,5249536,138724,184072,2432924,10436.992,539.896,127.975,2203.576,1.000,73.986,2891,3101,2.180,2.260,1.560,1,0,2.000,0,0,18,306,0,12,0
23-02 12:39:09,17.743,3.998,62.725,15.244,0,5239832,137988,184316,2442336,5531.826,539.788,0,21427.580,0,171.932,2587,2587,2.180,2.260,1.560,0,1,0,0,0,18,306,0,12,0
23-02 12:39:10,8.501,2.750,69.509,17.502,0,5256612,133092,184516,2430664,4200.559,540.072,0,23983.192,0,186.025,2106,2371,2.250,2.270,1.570,0,1,1.000,0,0,18,306,0,12,0
23-02 12:39:11,3.499,2.250,68.988,24.246,0,5253628,134488,184572,2432336,3975.322,485.917,0,18220.892,0,144.975,1827,2310,2.250,2.270,1.570,0,1,0,0,0,18,306,0,10,0
23-02 12:39:12,5.501,2.500,61.262,29.006,0,5254756,131532,184696,2433976,7463.460,540.106,36.007,20071.925,2.000,168.033,2318,3004,2.250,2.270,1.570,0,1,0,0,0,18,306,0,10,0
23-02 12:39:13,9.541,2.762,51.972,35.402,0,5271860,141508,185016,2407260,7112.439,542.321,0,16663.314,0,361.547,2407,2676,2.250,2.270,1.570,1,0,0,0,0,18,306,0,10,0
23-02 12:39:14,19.676,3.238,71.732,3.985,0,5264480,139116,185720,2415420,7157.219,537.987,0,1649.827,0,53.799,2415,2274,2.250,2.270,1.570,0,1,0,0,0,18,306,0,10,0
23-02 12:39:15,19.493,2.249,70.726,7.248,0,5264296,154036,186280,2399756,6759.717,539.818,0,1647.444,0,64.978,2384,2411,2.310,2.290,1.570,1,0,0,0,0,18,306,0,8,0
23-02 12:39:16,19.239,1.499,71.960,5.997,0,5266500,131036,187528,2418088,10303.340,539.704,0,1910.950,0,38.979,2253,2129,2.310,2.290,1.570,0,1,0,0,0,18,306,0,8,0
23-02 12:39:17,17.511,3.002,70.796,8.005,0,5265924,140168,188236,2408892,5374.527,540.355,0,2229.463,0,190.125,2440,2270,2.310,2.290,1.570,0,1,0,0,0,18,306,0,8,0
23-02 12:39:18,19.744,2.499,70.977,5.498,0,5265756,155920,189096,2392436,3989.696,539.824,0,2175.289,0,84.972,2477,2552,2.310,2.290,1.570,1,0,0,0,0,18,306,0,8,0
23-02 12:39:19,19.258,3.001,76.281,0,0,5221988,234352,189116,2357740,14126.720,3082.248,0,176.071,0,9.004,2387,2032,2.310,2.290,1.570,1,0,19.008,0,0,18,304,0,5,0
23-02 12:39:20,18.500,3.250,76.001,2.000,0,5213976,237732,189168,2362148,11424.109,2824.027,0,1464.014,0,9.000,2346,2171,2.290,2.280,1.580,1,0,18.000,0,0,18,304,0,5,0
23-02 12:39:21,19.495,2.999,76.730,0,0,5215044,235236,189192,2363452,9405.544,2670.303,0,3.999,0,1.000,2297,1986,2.290,2.280,1.580,0,1,17.995,0,0,18,305,0,5,0
23-02 12:39:22,21.820,4.765,66.214,6.019,0,5216804,227172,189404,2368696,10505.900,1623.238,0,1476.765,0,44.142,11108,20196,2.290,2.280,1.580,1,0,11.036,0,0,18,304,0,5,0
23-02 12:39:23,22.526,5.506,62.322,8.009,0,5240220,203304,189456,2368996,8709.033,540.623,0,4016.627,0,159.183,9152,16143,2.290,2.280,1.580,2,0,12.014,0,0,18,304,0,3,0
23-02 12:39:24,20.181,6.976,70.011,1.993,0,5244008,199312,189496,2369160,9613.191,580.020,0,350.803,0,9.966,4378,5806,2.290,2.280,1.580,2,0,14.949,0,0,18,304,0,3,0
23-02 12:39:25,20.723,3.496,71.159,3.246,0,5209204,245548,189496,2358704,9515.829,539.310,519.336,463.407,15.980,20.973,2415,2116,2.260,2.280,1.580,2,0,5.992,0,0,18,304,0,3,0
23-02 12:39:26,19.000,3.750,68.502,7.500,0,5222168,228348,189548,2362888,6775.155,540.012,2060.047,2872.066,313.007,40.001,3017,3475,2.260,2.280,1.580,1,0,0,0,0,18,305,0,3,0
23-02 12:39:27,18.836,3.767,63.541,12.809,0,5219192,230752,189548,2363460,9333.701,488.234,385.765,3829.520,21.097,250.144,6172,9219,2.260,2.280,1.580,0,1,0,0,0,18,307,0,7,0
23-02 12:39:28,15.242,6.997,63.469,11.744,0,5145808,303480,189548,2364116,6641.723,539.734,495.755,2826.605,21.989,253.875,6159,8753,2.260,2.280,1.580,1,0,98.951,0,0,18,306,0,7,0
23-02 12:39:29,9.234,16.971,65.637,6.738,0,5151564,296788,189548,2365052,3144.589,539.072,870.502,11180.762,9.983,115.801,5553,4880,2.260,2.280,1.580,1,0,331.430,0,0,18,308,0,8,0
23-02 12:39:30,9.480,3.991,71.347,13.970,0,5150752,274380,189624,2388188,7061.869,538.845,23106.493,407.128,1543.693,11.974,3849,5203,2.160,2.260,1.580,0,1,19.957,0,0,18,306,0,9,0
23-02 12:39:31,7.498,2.749,72.984,14.747,0,5138732,266744,189628,2407820,7612.298,1554.652,19675.601,4083.087,1997.553,139.969,4204,6549,2.160,2.260,1.580,0,0,5.999,0,0,18,307,0,9,0
23-02 12:39:32,2.250,0.750,93.766,1.500,0,5138940,266520,189628,2407836,11664.008,2041.352,0,1796.309,0,298.051,1563,1966,2.160,2.260,1.580,0,0,0,0,0,18,307,0,9,0
23-02 12:39:33,5.774,2.762,88.624,2.260,0,5156136,249132,189632,2410380,61115.573,2661.216,184.779,253.067,5.021,33.140,2111,4521,2.160,2.260,1.580,1,0,35.148,0,0,18,307,0,9,0
23-02 12:39:34,7.222,3.735,85.666,1.992,0,5116084,287832,189720,2409120,207477.026,127000.201,402.429,689.309,16.934,11.953,2447,8927,2.160,2.260,1.580,0,0,12.949,0,0,18,306,0,10,0
23-02 12:39:35,1.750,0.500,96.246,0,0,5116324,287592,189720,2409120,6758.688,53.998,0,455.979,0,2.000,1147,1688,2.070,2.230,1.570,1,0,0,0,0,18,306,0,9,0
23-02 12:39:36,8.279,2.007,89.058,0,0,5117528,286376,189720,2409132,282201.866,7196.913,12.042,4.014,1.003,2.007,2104,2151,2.070,2.230,1.570,1,0,7.024,0,0,18,306,0,9,0
23-02 12:39:37,10.709,4.234,82.189,0.747,0,5123368,280500,189724,2409164,291217.072,13562.634,123.532,171.351,5.977,9.962,3081,2681,2.070,2.230,1.570,1,0,31.879,0,0,18,306,0,9,0
23-02 12:39:38,21.852,8.791,68.319,1.507,0,5151632,247868,189724,2413532,153936.933,5658.427,289.351,582.721,4.019,57.267,4234,4168,2.070,2.230,1.570,3,0,46.216,0,0,18,306,0,9,0
