"pcp-dstat 6.2.0 CSV Output"
"Author:","PCP team <pcp@groups.io> and Dag Wieers <dag@wieers.com>",,,,"URL:","https://pcp.io/ and http://dag.wieers.com/home-made/dstat/"
"Host:","ubuntu",,,,"User:","ubuntu"
"Cmdline:","dstat -tcmndrylpg --tcp --output /tmp/devstack_logs/dstat-csv.log",,,,"Date:","26 Feb 2026 17:09:08 UTC"
"system","total usage",,,,,"memory usage",,,,"net/total",,"dsk/total",,"io/total",,"system",,"load avg",,,"procs",,,"paging",,"tcp sockets",,,,
"time","total usage:usr","total usage:sys","total usage:idl","total usage:wai","total usage:stl","used","free","buf","cach","net/total:recv","net/total:send","dsk/total:read","dsk/total:writ","read","writ","int","csw","1m","5m","15m","run","blk","new","in","out","lis","act","syn","tim","clo"
26-02 17:09:08,,1022500,1471984,163840,5160344,,,,,,,1.280,1.100,0.670,1,0,,,,10,6,0,17,0
26-02 17:09:09,16.740,20.488,53.719,8.495,0,1038180,1456016,163920,5160644,42836.996,10873.653,0,12212.871,0,493.712,7150,6368,1.280,1.100,0.670,2,0,553.677,0,0,10,6,0,17,0
26-02 17:09:10,23.990,18.743,51.230,4.248,0,1034728,1451236,163992,5168440,144845.080,13507.599,0,1939.225,0,63.974,5998,6679,1.340,1.120,0.670,1,1,407.837,0,0,10,5,0,17,1
26-02 17:09:11,33.498,11.910,48.137,4.963,0,1163100,1300972,164828,5312060,44539.358,1863.954,0,1822.268,0,69.476,6619,8954,1.340,1.120,0.670,8,0,173.691,0,0,11,4,0,19,2
26-02 17:09:12,37.566,10.841,47.398,3.530,0,1184528,1261068,165340,5327976,3857.405,544.575,0,1411.861,0,39.330,4150,2655,1.340,1.120,0.670,2,0,141.186,0,0,11,6,0,17,2
26-02 17:09:13,33.249,9.000,48.249,9.500,0,1221540,1203996,165816,5345896,9066.802,539.988,315.993,2575.944,14.000,62.999,4104,3222,1.340,1.120,0.670,2,0,149.997,0,0,11,6,0,19,2
26-02 17:09:14,34.879,4.734,48.332,11.460,0,1270636,1141400,166704,5356312,8998.744,538.131,251.128,3998.113,8.969,112.609,2887,1939,1.340,1.120,0.670,3,0,0,0,0,11,6,0,19,2
26-02 17:09:15,27.276,3.754,48.797,18.268,0,1284180,1105236,167388,5376392,7313.089,540.524,16.016,8396.139,1.001,264.256,3847,4752,1.630,1.180,0.700,2,2,4.004,0,0,11,8,0,19,2
26-02 17:09:16,16.740,3.498,37.477,39.726,0,1293264,1083928,168232,5386204,8181.006,539.671,0,10553.558,0,553.662,4796,7362,1.630,1.180,0.700,1,1,5.996,0,0,11,8,0,19,2
26-02 17:09:17,17.004,4.001,46.760,30.007,0,1307140,1079196,168932,5375808,15055.295,3267.715,0,11850.594,0,782.171,6528,10466,1.630,1.180,0.700,1,1,1.000,0,0,11,6,0,19,0
26-02 17:09:18,23.733,5.496,44.218,24.482,0.500,1286608,1098588,169208,5376688,9454.163,1756.730,0,8042.184,0,613.556,5516,8488,1.630,1.180,0.700,2,1,52.962,0,0,11,7,0,19,0
26-02 17:09:19,16.479,3.995,40.947,35.954,0,1286792,1091388,169448,5382796,6678.392,1550.002,0,13586.488,0,665.143,4657,7611,1.630,1.180,0.700,3,0,0.999,0,0,11,6,0,19,0
26-02 17:09:20,19.033,4.508,47.582,27.046,0,1289892,1087132,169612,5383668,16336.077,3486.993,0,10882.704,0,702.207,5190,8103,1.900,1.250,0.720,2,1,30.052,0,0,11,7,0,19,0
26-02 17:09:21,23.283,5.508,43.062,25.286,0,1274792,1094228,170136,5389924,10276.705,715.023,0,7498.730,0,527.755,13110,24093,1.900,1.250,0.720,1,1,22.032,0,0,11,6,0,19,0
26-02 17:09:22,22.021,6.256,41.539,27.526,0,1276900,1090792,170240,5390984,4503.247,540.510,0,9933.369,0,540.510,12906,24184,1.900,1.250,0.720,3,1,18.017,0,0,11,6,0,19,0
26-02 17:09:23,19.961,6.737,40.171,30.939,0,1236976,1141908,170388,5380872,7032.142,538.938,0,12108.140,0,704.611,5327,8298,1.900,1.250,0.720,2,1,7.984,0,0,11,6,0,19,0
26-02 17:09:24,25.320,5.014,41.364,26.573,0,1268308,1110000,170504,5381492,5995.471,541.488,0,6947.085,0,601.653,5424,7989,1.900,1.250,0.720,3,1,43.118,0,0,11,6,0,19,0
26-02 17:09:25,10.717,4.486,51.589,29.907,0,1242016,1135972,170700,5381648,7707.954,484.489,0,11966.669,0,844.366,5583,9334,1.990,1.270,0.730,1,3,58.817,0,0,11,4,0,19,0
26-02 17:09:26,17.762,5.504,47.782,28.019,0,1179028,1198916,170740,5381656,6153.153,540.365,0,16483.126,0,271.183,2823,2766,1.990,1.270,0.730,1,1,75.051,0,0,11,4,0,19,0
26-02 17:09:27,21.250,2.500,64.749,10.750,0,1206048,1171856,170784,5381652,3130.957,539.993,0,3639.949,0,215.997,2071,2073,1.990,1.270,0.730,1,0,1.000,0,0,11,4,0,19,0
26-02 17:09:28,23.228,3.247,71.433,1.249,0,1223428,1154420,170784,5381704,6546.900,539.497,0,559.479,0,36.966,1931,1371,1.990,1.270,0.730,2,0,9.991,0,0,11,4,0,19,0
26-02 17:09:29,24.258,2.001,60.270,12.754,0,1240492,1137304,170828,5381712,5124.742,540.184,0,5713.943,0,379.129,2231,2262,1.990,1.270,0.730,1,0,0,0,0,11,4,0,19,0
26-02 17:09:30,8.526,21.065,69.463,0.251,0,1180756,1196972,170836,5381764,3219.880,541.662,0,164.505,0,20.062,6511,5757,1.910,1.270,0.730,2,0,551.693,0,0,11,4,0,19,0
26-02 17:09:31,16.951,15.206,65.809,0.249,0,1164748,1212724,170836,5381916,7929.018,538.439,0,95.723,0,8.974,6920,9250,1.910,1.270,0.730,3,0,294.147,0,0,11,4,0,19,0
26-02 17:09:32,40.656,10.975,46.144,1.746,0,1267180,1102828,170836,5389844,6579.853,538.760,7430.893,20436.952,74.828,153.646,4235,3298,1.910,1.270,0.730,2,0,130.699,0,0,11,5,0,13,0
26-02 17:09:33,45.603,4.761,49.111,0,0,1285620,1083328,170852,5390884,7189.223,487.099,513.158,1571.546,8.018,147.332,2856,1284,1.910,1.270,0.730,2,0,0,0,0,11,5,0,13,0
26-02 17:09:34,39.349,8.772,48.122,2.757,0,1288288,1078296,170860,5393200,10680.971,635.605,0,3023.635,0,138.349,3916,4573,1.910,1.270,0.730,1,2,103.261,0,0,11,4,0,13,0
26-02 17:09:35,13.220,4.490,76.075,5.487,0,1335132,1031504,170872,5393204,4106.549,538.760,0,977.750,0,139.679,2184,2382,1.760,1.250,0.730,1,0,36.915,0,0,11,4,0,13,0
26-02 17:09:36,23.498,2.500,73.744,0,0,1375096,991540,170872,5393204,9888.183,539.955,0,331.973,0,57.995,1883,1360,1.760,1.250,0.730,2,0,0,0,0,11,4,0,13,0
26-02 17:09:37,21.246,2.500,68.987,5.749,0,1399092,967252,170920,5393448,5061.082,539.902,0,4443.194,0,297.946,3659,4920,1.760,1.250,0.730,2,0,2.000,0,0,11,10,0,13,0
26-02 17:09:38,16.500,5.500,46.500,30.500,0,1365008,1001276,170928,5393492,7392.984,539.999,44.000,16055.965,3.000,250.999,2522,2249,1.760,1.250,0.730,0,2,42.000,0,0,11,4,0,15,0
26-02 17:09:39,16.480,1.998,59.927,20.225,0,1389956,975512,171212,5393980,11832.496,2502.932,567.305,7898.318,14.982,160.803,1811,1560,1.760,1.250,0.730,0,0,0,0,0,11,5,0,15,0
26-02 17:09:40,15.308,2.258,75.785,6.274,0,1389464,975664,171252,5394228,13436.516,3261.261,273.026,1156.347,67.253,75.283,2312,2575,1.780,1.260,0.740,1,0,1.004,0,0,11,27,0,14,0
26-02 17:09:41,15.957,4.488,71.807,6.233,0,1368736,996244,171252,5394372,11904.933,4226.615,0,1248.637,0,56.847,2428,2106,1.780,1.260,0.740,2,0,44.879,0,0,11,28,0,15,0
26-02 17:09:42,18.755,2.251,78.022,0.500,0,1374600,990368,171252,5394380,9275.617,4691.323,0,116.033,0,13.004,1768,1473,1.780,1.260,0.740,1,0,0,0,0,11,29,0,15,0
26-02 17:09:43,26.053,8.768,64.130,0,0,1411988,952956,171252,5394404,10135.624,3319.755,0,12.024,0,3.006,3382,2629,1.780,1.260,0.740,2,0,156.318,0,0,11,28,0,16,0
26-02 17:09:44,36.501,4.250,57.251,1.250,0,1486484,878452,171252,5394412,16899.261,8402.130,0,2676.041,0,347.005,3373,2314,1.780,1.260,0.740,2,0,0,0,0,11,30,0,15,0
26-02 17:09:45,31.022,7.005,48.284,12.759,0,1392016,972708,171256,5394620,16860.703,11168.752,0,23180.089,0,261.181,6882,9219,1.870,1.290,0.750,2,0,89.062,0,0,11,28,0,16,0
26-02 17:09:46,64.204,18.237,10.992,6.245,0,1516308,848316,171256,5394656,11871.418,2504.190,0,23015.362,0,234.830,5299,4119,1.870,1.290,0.750,6,0,382.723,0,0,11,29,0,16,0
26-02 17:09:47,82.253,15.251,2.500,0,0,1721720,642836,171260,5394688,24781.976,18437.726,0,30917.218,0,221.009,7505,8203,1.870,1.290,0.750,4,0,107.004,0,0,11,31,1,16,0
26-02 17:09:48,59.009,9.751,15.252,15.002,0,1759924,604420,171284,5394928,33023.877,23978.541,0,18402.717,0,238.035,8176,10746,1.870,1.290,0.750,2,1,150.022,0,0,11,30,0,20,0
26-02 17:09:49,26.439,8.730,60.609,2.744,0,1518032,846264,171308,5394952,7743.029,2505.186,0,3088.831,0,151.648,4077,4480,1.870,1.290,0.750,1,0,159.630,0,0,11,28,0,22,0
26-02 17:09:50,15.998,2.000,81.240,0.250,0,1502132,862152,171312,5394960,8701.939,6389.221,0,319.961,0,13.998,2050,2178,1.720,1.270,0.750,1,0,0,0,0,11,29,0,22,0
26-02 17:09:51,19.248,6.499,68.492,5.249,0,1465456,898812,171320,5394968,4958.425,1695.803,0,2107.756,0,116.986,3280,3205,1.720,1.270,0.750,3,0,67.992,0,0,11,28,0,23,0
26-02 17:09:52,17.504,1.500,80.019,0,0,1469528,894728,171324,5394976,13645.158,5080.176,0,28.006,0,4.001,2007,1753,1.720,1.270,0.750,1,0,0,0,0,11,29,0,23,0
26-02 17:09:53,11.513,13.515,72.583,1.502,0,1434292,929932,171340,5394992,9237.510,2969.378,0,864.984,0,54.062,5143,5103,1.720,1.270,0.750,1,0,326.371,0,0,11,28,0,24,0
26-02 17:09:54,33.556,28.798,34.307,3.005,0,1472284,891904,171340,5395028,9013.055,540.904,0,376.629,0,26.044,6204,5433,1.720,1.270,0.750,5,0,713.191,0,0,11,28,0,24,0
26-02 17:09:55,85.000,10.000,5.000,0,0,1664416,699740,171344,5395052,15360.990,10512.993,0,68.000,0,4.000,4944,2740,1.990,1.330,0.770,3,0,0,0,0,11,31,0,24,0
26-02 17:09:56,66.733,8.998,21.494,1.250,0,1670308,693592,171360,5395292,48504.406,36848.432,0,327.915,0,39.990,10543,15959,1.990,1.330,0.770,4,0,29.992,0,0,11,30,0,24,0
26-02 17:09:57,81.778,17.006,1.000,0,0,1601744,762048,171392,5395368,11370.948,3592.247,0,724.251,0,54.019,6374,6424,1.990,1.330,0.770,6,0,281.098,0,0,11,28,0,24,0
26-02 17:09:58,85.852,10.232,4.243,0,0,1750256,613392,171392,5395512,23903.804,20419.809,0,239.587,0,9.983,5826,5081,1.990,1.330,0.770,4,0,0,0,0,11,33,0,24,0
26-02 17:09:59,70.922,10.738,15.983,0.499,0,1762212,601044,171396,5395900,52411.649,41853.202,0,1833.993,0,137.849,10559,24114,1.990,1.330,0.770,4,0,137.849,0,0,11,30,0,29,0
26-02 17:10:00,45.752,12.251,40.752,1.000,0,1581444,781780,171408,5395920,11925.632,2029.108,0,448.024,0,34.002,4514,4176,1.990,1.340,0.770,3,0,198.010,0,0,11,28,0,30,0
26-02 17:10:01,32.550,4.006,62.846,0,0,1581988,781200,171412,5395948,19643.059,14878.768,0,176.270,0,9.014,3406,4326,1.990,1.340,0.770,0,0,0,0,0,11,30,0,25,0
26-02 17:10:02,38.196,15.977,43.688,0.499,0,1536888,826252,171420,5395988,12862.790,4576.521,0,387.451,0,31.955,6041,6075,1.990,1.340,0.770,3,0,377.466,0,0,11,28,0,27,0
26-02 17:10:03,56.233,6.248,35.989,0.750,0,1592852,770272,171420,5396004,18735.428,12266.352,0,219.935,0,10.997,4291,2920,1.990,1.340,0.770,3,0,0,0,0,11,31,0,27,0
26-02 17:10:04,55.664,15.797,26.829,0.752,0,1486208,876688,171436,5396216,27974.484,16949.978,0,1111.277,0,80.237,8534,11503,1.990,1.340,0.770,5,0,258.763,0,0,11,28,0,28,0
26-02 17:10:05,72.141,7.988,19.471,0,0,1614068,748808,171436,5396236,20794.586,16089.693,0,147.777,0,7.988,4961,3359,2.150,1.390,0.790,5,0,0,0,0,11,32,0,25,0
26-02 17:10:06,62.578,15.019,22.028,0.751,0,1457528,905104,171464,5396444,30926.699,25275.628,0,492.616,0,52.065,9577,14408,2.150,1.390,0.790,4,0,324.406,0,0,11,28,0,28,0
26-02 17:10:07,55.081,6.979,37.385,0,0,1590860,771744,171464,5396468,11744.962,7151.058,0,199.388,0,7.976,3339,1535,2.150,1.390,0.790,0,0,0.997,0,0,11,31,0,28,0
26-02 17:10:08,47.628,10.528,40.358,1.003,0,1572040,790476,171476,5396544,29693.502,22740.887,0,1508.038,0,40.107,7882,11567,2.150,1.390,0.790,3,0,220.591,0,0,11,29,0,30,0
26-02 17:10:09,64.695,9.991,23.980,0.500,0,1561228,801132,171484,5396692,7507.604,4600.081,0,455.612,0,12.989,4039,2242,2.150,1.390,0.790,1,0,79.932,0,0,11,30,0,30,0
26-02 17:10:10,46.570,7.762,44.817,0,0,1546488,815692,171488,5396868,29418.967,21145.602,0,116.174,0,17.025,6643,8946,2.140,1.400,0.800,3,0,123.184,0,0,11,29,0,32,0
26-02 17:10:11,68.475,13.245,18.243,0,0,1593992,768144,171488,5396900,11969.587,5259.061,0,223.917,0,10.996,4615,3467,2.140,1.400,0.800,1,0,163.940,0,0,11,30,0,33,0
26-02 17:10:12,42.226,4.747,50.971,1.249,0,1587892,773896,171500,5397168,33020.189,24832.853,0,427.756,0,38.978,6790,9228,2.140,1.400,0.800,3,0,5.997,0,0,11,28,0,35,0
26-02 17:10:13,63.894,11.231,23.711,0.499,0,1530444,831308,171508,5397176,7958.796,485.195,0,239.602,0,14.975,4152,2227,2.140,1.400,0.800,3,0,111.814,0,0,11,28,0,33,0
26-02 17:10:14,42.281,4.003,53.290,0.250,0,1547344,814236,171508,5397348,26554.748,22618.821,0,516.384,0,27.020,6342,8111,2.140,1.400,0.800,3,0,0,0,0,11,30,0,34,0
26-02 17:10:15,68.377,23.794,7.514,0,0,1529568,831936,171508,5397424,12706.569,4012.443,0,452.840,0,42.078,6045,6149,2.370,1.460,0.820,7,0,607.126,0,0,11,28,0,35,0
26-02 17:10:16,80.638,18.417,0.498,0,0,1735672,625792,171508,5397460,21207.881,13035.534,0,219.018,0,9.955,5913,5464,2.370,1.460,0.820,9,0,489.803,0,0,11,32,0,35,0
26-02 17:10:17,77.593,18.833,3.013,0.251,0,1752040,609120,171536,5397732,54905.523,44605.025,0,1506.655,0,96.426,9084,11973,2.370,1.460,0.820,7,0,477.107,0,0,11,30,0,36,0
26-02 17:10:18,81.968,17.191,0.498,0,0,1631328,729652,171544,5397912,15873.406,10001.601,0,386.670,0,29.897,6295,5408,2.370,1.460,0.820,6,0,281.033,0,0,11,29,0,36,0
26-02 17:10:19,78.997,8.777,13.041,0,0,1707648,653264,171548,5397972,39136.172,30395.887,0,1356.234,0,44.138,8138,9352,2.370,1.460,0.820,4,0,0,0,0,11,32,0,37,0
26-02 17:10:20,43.396,17.458,37.161,0,0,1508212,852532,171548,5398204,33596.435,24904.279,0,283.321,0,16.959,9598,13707,2.420,1.480,0.830,2,0,533.720,0,0,11,28,0,41,0
26-02 17:10:21,25.033,28.036,45.810,0.250,0,1425428,935284,171552,5398236,3460.503,486.633,0,176.229,0,18.023,6239,5865,2.420,1.480,0.830,5,0,830.080,0,0,11,28,0,41,0
26-02 17:10:22,73.304,14.761,12.509,0,0,1611212,749448,171560,5398276,13062.657,10267.590,0,148.109,0,14.010,5134,3975,2.420,1.480,0.830,3,0,241.178,0,0,11,31,0,41,0
26-02 17:10:23,59.206,9.493,29.228,0,0,1626016,734584,171576,5398332,30767.013,22917.878,0,375.719,0,44.966,6894,10734,2.420,1.480,0.830,4,0,133.900,0,0,11,29,0,44,0
26-02 17:10:24,76.612,14.020,10.015,0,0,1599960,760464,171580,5398504,12518.232,5941.653,0,284.414,0,22.032,4865,3010,2.420,1.480,0.830,3,0,134.195,0,0,11,30,0,45,0
26-02 17:10:25,59.171,6.991,33.455,0,0,1627820,732504,171580,5398604,43986.131,36482.174,0,191.743,0,7.989,9698,14666,2.540,1.520,0.850,3,0,0,0,0,11,32,0,45,0
26-02 17:10:26,56.566,9.261,32.789,0.250,0,1627460,732452,171596,5398988,44901.787,33451.325,0,500.588,0,55.065,12583,19828,2.540,1.520,0.850,4,0,60.071,0,0,11,28,0,45,0
26-02 17:10:27,77.012,11.502,11.252,0,0,1618208,741692,171596,5399000,13467.061,6736.031,0,180.028,0,11.002,4657,2693,2.540,1.520,0.850,4,0,61.009,0,0,11,30,0,45,0
26-02 17:10:28,56.231,5.998,35.238,0.500,0,1630508,729104,171600,5399276,46133.689,38386.260,0,155.948,0,7.997,10845,17124,2.540,1.520,0.850,2,0,0,0,0,11,32,0,45,0
26-02 17:10:29,59.492,12.248,27.497,0.250,0,1502776,856580,171604,5399524,38730.074,32684.843,0,2627.666,0,125.984,11431,17372,2.540,1.520,0.850,4,0,209.973,0,0,11,28,0,49,0
26-02 17:10:30,75.738,10.998,13.248,0,0,1625572,733760,171608,5399544,13441.790,10817.221,0,1619.734,0,15.997,4563,2562,2.660,1.570,0.870,2,0,49.992,0,0,11,32,0,49,0
26-02 17:10:31,58.278,7.254,34.017,0,0,1609400,749692,171608,5399776,41249.160,32869.065,0,112.055,0,8.004,10673,16073,2.660,1.570,0.870,4,0,34.017,0,0,11,30,0,51,0
26-02 17:10:32,77.512,14.456,7.228,0.249,0,1586152,772880,171612,5399828,18475.296,11931.380,0,303.070,0,32.899,6282,6724,2.660,1.570,0.870,5,0,95.706,0,0,11,29,0,51,0
26-02 17:10:33,60.378,7.015,30.565,1.503,0,1590280,768556,171632,5399964,26496.201,18700.666,0,312.663,0,33.070,5787,5775,2.660,1.570,0.870,7,0,30.064,0,0,11,30,0,53,0
26-02 17:10:34,70.728,11.746,16.995,0,0,1681904,676728,171632,5400164,32621.037,24963.376,0,159.951,0,9.997,7040,11584,2.660,1.570,0.870,5,0,89.973,0,0,11,30,0,53,0
26-02 17:10:35,64.321,10.762,24.277,0,0,1660272,698136,171632,5400384,34062.752,25577.348,0,180.200,0,11.012,7620,9570,2.690,1.590,0.880,3,0,141.156,0,0,11,30,0,55,0
26-02 17:10:36,75.455,10.993,13.242,0.250,0,1609952,748416,171632,5400424,22009.899,14710.244,0,155.907,0,9.994,5697,5808,2.690,1.590,0.880,4,0,85.949,0,0,11,30,0,57,0
26-02 17:10:37,68.969,11.495,18.492,0,0,1635416,722908,171640,5400456,19329.311,15607.984,0,111.950,0,6.997,5991,6063,2.690,1.590,0.880,4,0,68.969,0,0,11,30,0,59,0
26-02 17:10:38,53.540,9.007,36.527,0.250,0,1590796,767332,171656,5400636,30700.676,21411.815,0,456.337,0,50.037,7229,8927,2.690,1.590,0.880,2,0,138.102,0,0,11,30,0,61,0
26-02 17:10:39,57.097,11.220,24.933,6.483,0,1578332,779720,171704,5400656,14433.269,6471.634,0,3646.216,0,146.607,4772,4254,2.690,1.590,0.880,5,0,119.679,0,0,11,29,0,63,0
26-02 17:10:40,47.400,6.521,45.645,0.251,0,1564112,793824,171724,5400748,26757.901,19823.900,0,389.235,0,34.108,4952,7367,2.550,1.580,0.880,4,0,38.121,0,0,11,32,0,64,0
26-02 17:10:41,57.748,12.250,28.749,0,0,1537360,820528,171732,5400788,16463.424,8026.719,0,179.994,0,13.000,5284,5579,2.550,1.580,0.880,4,0,145.995,0,0,11,32,0,66,0
26-02 17:10:42,47.468,5.246,46.718,0,0,1562056,795412,171732,5401200,26432.160,20782.972,0,83.943,0,5.996,4658,5711,2.550,1.580,0.880,1,0,0,0,0,11,35,0,63,0
26-02 17:10:43,31.915,10.971,54.106,1.247,0,1457232,900176,171740,5401248,21736.215,12243.451,0,347.077,0,35.905,6707,8473,2.550,1.580,0.880,3,0,220.414,0,0,11,32,0,66,0
26-02 17:10:44,36.238,4.998,57.731,0.750,0,1565724,791680,171740,5401252,9704.788,5100.312,0,131.956,0,7.997,2772,1831,2.550,1.580,0.880,1,0,0,0,0,11,34,0,66,0
26-02 17:10:45,34.125,9.033,56.457,0,0,1449212,907976,171744,5401460,17727.909,13480.357,0,212.779,0,19.070,5704,6710,2.430,1.570,0.880,3,0,129.474,0,0,11,32,0,68,0
26-02 17:10:46,38.387,5.484,54.839,0,0,1513612,843568,171744,5401468,11116.322,4788.922,0,139.590,0,7.977,2953,1799,2.430,1.570,0.880,1,0,8.974,0,0,11,34,0,66,0
26-02 17:10:47,29.492,5.998,63.234,0.250,0,1483160,873984,171752,5401496,18438.252,12972.659,0,307.921,0,35.991,4299,5386,2.430,1.570,0.880,2,0,60.984,0,0,11,33,0,67,0
26-02 17:10:48,39.360,5.014,54.402,0.251,0,1499760,857372,171760,5401500,9187.749,5562.590,0,244.686,0,22.062,2995,2527,2.430,1.570,0.880,2,0,5.014,0,0,11,33,0,68,0
26-02 17:10:49,31.760,5.252,61.769,0.500,0,1474600,882484,171760,5401548,23932.343,16342.014,0,148.045,0,10.003,5641,7042,2.430,1.570,0.880,1,0,43.013,0,0,11,33,0,69,0
26-02 17:10:50,39.482,5.997,50.977,2.749,0,1475216,881840,171768,5401564,8553.194,3784.316,0,3866.280,0,229.898,3560,2740,2.470,1.590,0.890,1,0,4.998,0,0,11,33,0,64,0
26-02 17:10:51,30.658,2.742,65.055,0,0,1491020,865868,171776,5401724,22975.200,15994.105,0,143.570,0,7.976,4580,5500,2.470,1.590,0.890,2,0,0,0,0,11,34,0,64,0
26-02 17:10:52,26.250,12.250,60.000,0.750,0,1478876,877900,171800,5401804,12485.016,5367.007,0,384.001,0,36.000,5378,5844,2.470,1.590,0.890,2,0,282.000,0,0,11,32,0,66,0
26-02 17:10:53,18.247,2.500,77.989,0.250,0,1506640,850128,171804,5401808,8372.773,5517.192,0,171.975,0,8.999,1799,1560,2.470,1.590,0.890,1,0,0,0,0,11,33,0,66,0
26-02 17:10:54,13.273,7.262,76.631,1.753,0,1455460,901272,171812,5401836,14076.124,6215.653,0,777.332,0,52.089,4444,4977,2.470,1.590,0.890,1,0,154.264,0,0,11,32,0,65,0
26-02 17:10:55,19.218,7.238,70.384,2.246,0,1481012,875716,171816,5401844,5621.714,539.110,0,467.228,0,51.914,2598,2003,2.360,1.580,0.890,1,0,129.786,0,0,11,32,0,65,0
26-02 17:10:56,15.543,2.256,81.724,0,0,1478840,877856,171820,5401868,16256.463,10321.230,0,112.307,0,7.019,2766,3379,2.360,1.580,0.890,0,0,0,0,0,11,33,0,65,0
26-02 17:10:57,19.957,5.987,73.341,0,0,1451976,904716,171820,5401872,8138.408,1495.767,0,111.758,0,6.985,2514,2125,2.360,1.580,0.890,1,0,46.899,0,0,11,32,0,66,0
26-02 17:10:58,18.004,1.250,79.516,0.250,0,1458644,898028,171824,5401888,16693.336,8653.729,0,116.023,0,13.003,2775,3141,2.360,1.580,0.890,0,0,0,0,0,11,33,0,65,0
26-02 17:10:59,22.559,9.525,65.923,0.752,0,1337400,1019040,171828,5402112,13957.551,6474.956,0,148.389,0,11.029,5825,16434,2.360,1.580,0.890,1,0,193.507,0,0,11,32,0,66,0
26-02 17:11:00,23.179,19.192,56.079,0.748,0,1384812,971452,171848,5402260,4155.342,538.360,35.891,1072.732,0.997,40.875,5829,5369,2.170,1.560,0.890,2,0,467.576,0,0,11,32,0,68,0
26-02 17:11:01,41.730,5.997,47.977,3.498,0,1525204,828640,171892,5404296,4648.747,527.744,435.789,2166.950,16.992,52.974,3074,2256,2.170,1.560,0.890,2,0,4.998,0,0,11,36,0,68,0
26-02 17:11:02,29.069,4.260,41.849,23.556,0,1538288,813420,172104,5405980,8784.771,541.280,0,6395.120,0,638.510,5707,9039,2.170,1.560,0.890,1,1,31.073,0,0,11,36,0,60,0
26-02 17:11:03,26.676,5.485,39.390,25.679,0,1595872,754716,172288,5406856,5028.019,538.503,0,10550.662,0,814.735,6041,9808,2.170,1.560,0.890,1,2,25.928,0,0,11,36,0,60,0
26-02 17:11:04,25.595,5.521,42.157,25.093,0,1562880,786720,172460,5407648,8017.823,542.016,0,9523.423,0,695.587,5227,8215,2.170,1.560,0.890,1,1,10.037,0,0,11,36,0,60,0
26-02 17:11:05,27.100,3.729,37.790,28.840,0,1588952,759756,172604,5408372,6853.956,537.019,0,11006.904,0,769.728,5793,9331,2.310,1.600,0.910,3,0,22.873,0,0,11,36,0,60,0
26-02 17:11:06,27.092,6.271,39.384,25.838,0,1547744,799808,172744,5409344,7153.324,541.842,0,9098.939,0,775.637,6233,10332,2.310,1.600,0.910,2,1,25.085,0,0,11,36,0,56,0
26-02 17:11:07,26.951,5.241,39.678,25.204,0,1513956,832784,172936,5409916,6308.588,539.025,0,10309.350,0,859.445,6000,9957,2.310,1.600,0.910,4,0,24.955,0,0,11,36,0,56,0
26-02 17:11:08,25.285,5.007,40.306,27.288,0,1571116,775044,172988,5410440,2923.032,540.746,0,8263.399,0,646.892,5099,7957,2.310,1.600,0.910,2,0,8.011,0,0,11,36,0,56,0
26-02 17:11:09,26.994,5.499,40.991,25.494,0,1557840,787844,173188,5410700,8945.067,485.895,0,8682.124,0,694.850,5730,8821,2.310,1.600,0.910,1,1,12.997,0,0,11,36,0,56,0
26-02 17:11:10,25.499,5.750,38.498,28.249,0,1591688,753572,173316,5410992,5688.708,539.972,0,12071.381,0,789.959,5545,8394,2.610,1.670,0.930,1,1,8.000,0,0,11,36,0,53,0
26-02 17:11:11,28.505,4.751,43.758,22.254,0,1560444,784124,173368,5411572,4821.892,540.100,0,7705.425,0,676.125,5055,7516,2.610,1.670,0.930,2,2,7.001,0,0,11,36,0,53,0
26-02 17:11:12,33.843,6.267,38.856,20.306,0,1517876,827188,173484,5410912,7641.924,541.483,0,9357.622,0,865.369,6140,9650,2.610,1.670,0.930,2,1,19.052,0,0,11,32,0,53,0
26-02 17:11:13,45.150,5.737,40.410,7.733,0,1538304,806624,173520,5411012,6612.347,538.806,0,5168.546,0,282.374,3329,2745,2.610,1.670,0.930,3,0,1.996,0,0,11,34,0,53,0
26-02 17:11:14,28.488,4.998,42.232,20.491,0,1555240,789488,173608,5411124,9045.126,539.769,0,7504.786,0,780.666,6895,11041,2.610,1.670,0.930,1,1,1.000,0,0,11,34,0,49,0
26-02 17:11:15,28.722,5.245,37.213,25.725,0,1556720,787608,173832,5411292,7428.692,539.469,0,10901.276,0,1009.007,7833,12485,2.800,1.730,0.960,1,1,1.998,0,0,11,34,0,49,0
26-02 17:11:16,29.026,6.005,42.038,21.770,0,1561960,781956,174052,5411472,3532.196,540.489,0,6966.304,0,1034.937,7577,13414,2.800,1.730,0.960,0,2,1.001,0,0,11,34,0,49,0
26-02 17:11:17,30.095,7.524,49.656,11.285,0,1517808,825940,174120,5411568,7905.838,541.702,0,2977.354,0,300.945,4965,5849,2.800,1.730,0.960,1,0,100.315,0,0,11,32,0,49,0
26-02 17:11:18,21.742,3.749,71.225,2.749,0,1512080,831640,174128,5411584,6338.768,485.829,0,1419.500,0,84.970,2152,1794,2.800,1.730,0.960,1,0,11.996,0,0,11,32,0,49,0
26-02 17:11:19,8.998,19.996,60.489,10.248,0,1485984,857540,174160,5411736,5170.075,539.903,0,5231.064,0,220.960,6686,6257,2.800,1.730,0.960,1,1,580.896,0,0,11,32,0,46,0
26-02 17:11:20,8.252,20.756,65.769,3.751,0,1465476,877988,174176,5411792,7557.220,540.159,0,2796.822,0,130.038,6727,5842,2.660,1.720,0.960,3,0,542.159,0,0,11,32,0,46,0
26-02 17:11:21,15.504,11.753,72.268,0,0,1479636,863832,174176,5411788,4749.203,540.137,0,184.047,0,1.000,3914,3078,2.660,1.720,0.960,2,0,236.060,0,0,11,32,0,46,0
26-02 17:11:22,21.928,3.489,73.259,0,0,1526460,817008,174176,5411788,8931.645,538.231,0,15.948,0,0.997,1743,1157,2.660,1.720,0.960,1,0,1.993,0,0,11,32,0,46,0
26-02 17:11:23,22.505,3.251,73.516,0,0,1517324,826148,174176,5411784,8492.869,540.119,0,0,0,0,1771,1257,2.660,1.720,0.960,2,0,1.000,0,0,11,32,0,41,0
26-02 17:11:24,22.500,3.250,73.499,0,0,1509304,834148,174176,5411804,3614.964,539.995,0,20.000,0,1.000,1743,1126,2.660,1.720,0.960,1,0,3.000,0,0,11,32,0,41,0
26-02 17:11:25,22.250,3.500,73.000,0.750,0,1500948,842504,174180,5411800,8947.973,485.999,0,164.000,0,13.000,1873,1497,2.520,1.700,0.960,1,0,2.000,0,0,11,32,0,41,0
26-02 17:11:26,22.502,3.750,72.007,1.750,0,1487320,856152,174188,5411812,5831.581,540.054,0,2428.242,0,234.023,2096,1568,2.520,1.700,0.960,1,0,1.000,0,0,11,32,0,41,0
26-02 17:11:27,22.250,3.000,73.751,0,0,1524468,819020,174188,5411796,7505.112,540.008,0,540.008,0,98.001,1902,1280,2.520,1.700,0.960,1,0,3.000,0,0,11,32,0,37,0
26-02 17:11:28,22.750,3.000,73.749,0,0,1494308,849136,174188,5411836,4930.931,539.992,0,20.000,0,1.000,1788,1335,2.520,1.700,0.960,1,0,1.000,0,0,11,32,0,37,0
26-02 17:11:29,22.247,3.500,73.991,0,0,1503328,840112,174188,5411836,6892.201,539.937,0,47.994,0,2.000,1819,1286,2.520,1.700,0.960,2,0,2.000,0,0,11,32,0,37,0
26-02 17:11:30,22.251,3.500,73.753,0,0,1472996,870456,174188,5411824,5858.226,540.021,0,20.001,0,2.000,1790,1269,2.400,1.690,0.960,1,0,1.000,0,0,11,32,0,37,0
26-02 17:11:31,22.504,3.001,73.263,0,0,1474176,869252,174188,5411848,3408.586,540.093,0,240.041,0,5.001,1800,1217,2.400,1.690,0.960,2,0,3.001,0,0,11,32,0,33,0
26-02 17:11:32,21.996,3.499,73.737,0,0,1490936,852576,174188,5411764,4715.187,539.907,0,7.999,0,2.000,1802,1333,2.400,1.690,0.960,3,0,2.000,0,0,11,32,0,33,0
26-02 17:11:33,23.002,3.000,73.757,0,0,1470768,872656,174188,5411852,8830.810,486.045,0,184.017,0,3.000,1795,1267,2.400,1.690,0.960,1,0,1.000,0,0,11,32,0,33,0
26-02 17:11:34,22.000,3.750,73.499,0,0,1464580,878864,174188,5411832,10230.896,633.994,0,12.000,0,1.000,1850,1328,2.400,1.690,0.960,1,0,1.000,0,0,11,32,0,33,0
26-02 17:11:35,22.753,2.500,73.510,0,0,1496368,847068,174188,5411840,9968.424,540.077,0,92.013,0,6.001,1820,1284,2.290,1.680,0.960,1,0,2.000,0,0,11,32,0,27,0
26-02 17:11:36,22.748,3.750,72.493,0.750,0,1468696,874716,174192,5411860,8647.115,539.945,0,2379.757,0,36.996,2028,1704,2.290,1.680,0.960,1,0,2.000,0,0,11,32,0,27,0
26-02 17:11:37,22.250,3.000,73.000,0.250,0,1479536,863880,174200,5411848,11210.941,539.997,0,64.000,0,5.000,1866,1328,2.290,1.680,0.960,1,0,2.000,0,0,11,32,0,27,0
26-02 17:11:38,22.500,3.750,74.249,0,0,1515584,827832,174200,5411848,6021.927,539.993,0,163.998,0,34.000,1788,1184,2.290,1.680,0.960,1,0,2.000,0,0,11,32,0,27,0
26-02 17:11:39,11.027,19.046,67.914,0,0,1469320,873860,174200,5412088,4416.668,541.307,184.446,200.484,2.005,10.024,5705,4723,2.290,1.680,0.960,2,0,461.114,0,0,11,32,0,19,0
26-02 17:11:40,21.947,3.492,74.071,0,0,1478008,865160,174200,5412100,4777.467,484.830,0,0,0,0,1709,1232,2.190,1.670,0.960,1,0,2.993,0,0,11,32,0,19,0
26-02 17:11:41,22.503,3.250,73.509,0,0,1493804,849112,174200,5412344,9753.185,540.066,0,48.006,0,1.000,1892,1195,2.190,1.670,0.960,1,0,9.001,0,0,11,32,0,19,0
26-02 17:11:42,22.999,2.500,72.995,0.750,0,1523476,819432,174204,5412344,5779.643,539.967,0,187.988,0,2.000,1792,1307,2.190,1.670,0.960,1,0,0,0,0,11,32,0,19,0
26-02 17:11:43,8.526,23.069,67.453,0.251,0,1496872,845896,174204,5412500,11059.257,541.629,40.121,168.507,2.006,7.021,6575,5407,2.190,1.670,0.960,1,0,590.777,0,0,11,32,0,14,0
26-02 17:11:44,8.249,21.747,68.739,0,0,1471256,871492,174204,5412532,5459.166,539.917,0,215.967,0,4.999,6603,5469,2.190,1.670,0.960,1,0,591.910,0,0,11,32,0,14,0
26-02 17:11:45,7.480,22.938,67.816,0.748,0,1441668,901040,174204,5412572,8519.935,538.542,0,1128.944,0,14.960,6585,5406,2.090,1.660,0.960,1,2,569.458,0,0,11,32,0,14,0
26-02 17:11:46,8.515,22.290,67.119,1.002,0,1431876,910768,174208,5412600,5384.547,540.959,0,2143.801,0,52.092,6779,5786,2.090,1.660,0.960,2,0,593.052,0,0,11,32,0,14,0
26-02 17:11:47,8.502,20.506,69.770,0,0,1415520,927092,174208,5412632,3511.000,540.154,0,692.197,0,13.004,6252,5080,2.090,1.660,0.960,1,0,502.143,0,0,11,32,0,10,0
26-02 17:11:48,8.007,21.519,69.560,0,0,1403832,938748,174208,5412664,7064.142,486.423,0,284.247,0,9.008,6225,4848,2.090,1.660,0.960,1,0,493.429,0,0,11,32,0,10,0
26-02 17:11:49,8.240,21.723,68.914,0,0,1393148,949392,174208,5412704,5356.282,539.324,0,587.263,0,105.867,6567,5383,2.090,1.660,0.960,1,0,600.247,0,0,11,32,0,10,0
26-02 17:11:50,13.013,22.271,63.561,0,0,1359684,982788,174212,5412748,3510.375,540.520,0,504.485,0,23.022,6673,5829,1.920,1.630,0.950,2,0,617.594,0,0,11,32,0,12,0
26-02 17:11:51,54.372,19.454,25.440,0.499,0,1512504,829772,174256,5412900,7797.602,538.729,0,1073.467,0,53.873,5754,5010,1.920,1.630,0.950,3,0,478.870,0,0,11,32,0,13,0
26-02 17:11:52,55.339,7.262,25.541,11.518,0,1637628,699648,174452,5417012,5572.913,540.865,444.711,4775.638,10.016,199.319,4739,4571,1.920,1.630,0.950,1,2,14.022,0,0,11,36,0,13,0
26-02 17:11:53,13.471,3.991,41.910,37.420,0,1638292,695644,174692,5419660,7264.442,538.846,0,9890.818,0,644.619,5567,9247,1.920,1.630,0.950,0,1,23.949,0,0,11,38,0,14,0
26-02 17:11:54,6.498,2.999,52.984,34.990,0,1637192,695392,174784,5420896,7537.769,539.840,0,13048.138,0,821.757,5432,9998,1.920,1.630,0.950,0,1,11.996,0,0,11,38,0,14,0
26-02 17:11:55,8.002,3.501,51.763,34.759,0,1636500,694888,174872,5421956,4934.286,540.141,0,13119.420,0,894.233,6195,11444,2.250,1.700,0.980,2,0,24.006,0,0,11,38,0,11,0
26-02 17:11:56,6.500,2.500,54.254,32.752,0,1635456,694384,175028,5423260,7825.529,486.033,0,11604.785,0,879.059,5402,9699,2.250,1.700,0.980,0,1,18.001,0,0,11,38,0,11,0
26-02 17:11:57,8.750,2.750,52.247,34.498,0,1635564,692872,175128,5424548,6395.649,539.970,0,7479.590,0,552.970,4706,7966,2.250,1.700,0.980,2,2,12.999,0,0,11,38,0,11,0
26-02 17:11:58,5.501,2.750,49.006,39.505,0,1634948,692368,175188,5425572,4119.527,540.069,0,13085.673,0,844.108,5039,9242,2.250,1.700,0.980,1,1,12.002,0,0,11,38,0,11,0
26-02 17:11:59,8.997,5.498,44.234,38.486,0,1661072,665180,175320,5426480,7571.284,539.806,0,11028.045,0,801.712,5884,17049,2.250,1.700,0.980,2,2,41.985,0,0,11,38,0,12,0
26-02 17:12:00,8.262,3.004,53.079,33.299,0,1660776,664424,175416,5427392,8584.759,540.804,0,14365.350,0,908.350,5410,9809,2.390,1.740,1,0,3,9.013,0,0,11,38,0,10,0
26-02 17:12:01,20.475,6.991,40.201,30.463,0,1604160,719896,175480,5428444,9527.364,539.341,0,11278.225,0,774.055,6293,9436,2.390,1.740,1,1,1,65.919,0,0,11,36,0,10,0
26-02 17:12:02,24.012,4.502,39.520,29.014,0,1634432,687892,175584,5430020,12701.280,6204.068,0,9708.800,0,749.371,6470,10253,2.390,1.740,1,1,2,18.009,0,0,11,37,0,10,0
26-02 17:12:03,15.497,6.499,44.243,30.995,0,1602924,718236,175632,5431096,7422.797,4144.328,0,14533.644,0,882.857,6991,11328,2.390,1.740,1,0,2,67.989,0,0,11,38,0,11,0
26-02 17:12:04,25.487,5.747,34.733,32.234,0,1676900,643288,175680,5431968,7614.237,1098.457,0,12457.843,0,769.620,6394,10079,2.390,1.740,1,1,2,16.992,0,0,11,39,0,9,0
26-02 17:12:05,17.504,3.751,46.261,29.007,0,1669356,649336,175760,5433348,13896.442,8186.028,0,10594.625,0,737.183,6757,11222,2.680,1.810,1.030,2,2,9.002,0,0,11,39,0,9,0
26-02 17:12:06,19.046,4.761,43.855,29.822,0,1663352,654092,175800,5434492,19165.995,11223.936,0,11984.762,0,769.848,8570,14140,2.680,1.810,1.030,1,1,9.022,0,0,11,39,0,9,0
26-02 17:12:07,24.967,6.491,28.961,36.950,0,1612560,703612,175844,5435684,6427.388,1087.543,0,14616.416,0,955.719,6375,9949,2.680,1.810,1.030,5,1,42.942,0,0,11,38,0,9,0
26-02 17:12:08,21.228,4.246,39.708,32.466,0,1631720,683212,175892,5436812,15168.042,8721.824,0,13641.648,0,882.072,6874,11257,2.680,1.810,1.030,0,1,14.984,0,0,11,39,0,9,0
26-02 17:12:09,24.505,4.501,41.259,27.756,0,1631612,681756,175920,5438312,19465.225,12540.722,0,7865.707,0,553.120,8542,13685,2.680,1.810,1.030,1,4,3.001,0,0,11,38,0,10,0
26-02 17:12:10,24.738,7.746,33.984,31.235,0,1654344,657820,175968,5439408,5295.472,539.742,0,14621.019,0,1034.506,6499,9901,3.030,1.900,1.060,3,1,70.966,0,0,11,38,0,10,0
26-02 17:12:11,22.064,5.015,38.110,32.845,0,1669196,642288,176036,5439968,13216.282,8812.526,0,13663.577,0,908.632,6958,11432,3.030,1.900,1.060,1,3,3.009,0,0,11,39,0,10,0
26-02 17:12:12,22.001,5.750,43.751,27.251,0,1664496,645944,176072,5440900,17024.398,10325.242,0,11704.274,0,718.017,9330,15507,3.030,1.900,1.060,1,3,15.000,0,0,11,39,0,10,0
26-02 17:12:13,25.683,5.486,34.161,31.917,0,1659192,649040,176176,5442948,12237.996,1818.245,0,8581.558,0,565.521,5707,8425,3.030,1.900,1.060,2,3,38.898,0,0,11,38,0,10,0
26-02 17:12:14,21.748,4.250,41.247,31.248,0,1676084,631068,176336,5443840,12642.117,6196.567,0,11883.170,0,841.941,6184,9877,3.030,1.900,1.060,2,3,6.000,0,0,11,39,0,10,0
26-02 17:12:15,31.334,10.528,36.849,19.051,0,1570156,735652,176476,5444996,20471.879,13706.744,0,10207.363,0,750.011,9922,15979,3.180,1.950,1.080,0,1,220.591,0,0,11,37,0,10,0
26-02 17:12:16,40.935,18.471,24.711,14.727,0,1572352,732248,176624,5446004,12218.722,1863.061,962.481,15921.880,13.978,971.467,10752,17886,3.180,1.950,1.080,2,2,281.556,0,0,11,36,0,11,0
26-02 17:12:17,30.440,10.978,34.432,22.456,0,1584696,718648,176656,5447140,12120.018,6415.306,1632.769,9251.694,36.927,619.774,7293,10197,3.180,1.950,1.080,2,2,159.684,0,0,11,37,1,11,0
26-02 17:12:18,22.578,6.272,39.386,30.605,0,1581520,720544,176752,5448300,12063.504,3740.870,0,8051.702,0,614.113,6191,9445,3.180,1.950,1.080,1,2,40.138,0,0,11,36,1,12,0
26-02 17:12:19,22.190,3.241,45.876,25.680,0,1609696,691368,176836,5449188,15415.207,6165.285,0,10531.448,0,702.097,5323,8349,3.180,1.950,1.080,0,2,0,0,0,11,37,1,12,0
26-02 17:12:20,17.260,7.254,44.525,28.516,0,1576136,723996,176884,5450048,7949.500,1702.964,0,10429.904,0,700.396,5902,8749,3.330,2,1.100,2,3,60.034,0,0,11,36,1,13,0
26-02 17:12:21,19.290,3.758,44.092,30.313,0,1585788,713556,176916,5450784,10210.296,5761.016,0,7267.157,0,647.350,4725,7193,3.330,2,1.100,2,1,3.006,0,0,11,37,1,13,0
26-02 17:12:22,21.449,4.988,44.145,27.185,0,1557832,740260,176944,5451960,13423.079,5937.880,0,9026.535,0,491.830,8381,13650,3.330,2,1.100,1,2,42.898,0,0,11,36,1,14,0
26-02 17:12:23,21.991,4.748,37.735,32.987,0,1612088,685140,177040,5452708,9239.418,2749.934,0,13854.629,0,892.654,5719,9177,3.330,2,1.100,0,3,2.999,0,0,11,37,1,14,0
26-02 17:12:24,19.043,4.009,52.119,22.802,0,1601140,694672,177092,5454048,16238.012,9037.600,0,6142.000,0,520.186,6383,10519,3.330,2,1.100,1,1,4.009,0,0,11,37,1,14,0
26-02 17:12:25,8.480,5.487,54.869,28.681,0,1557244,737508,177152,5454972,10719.362,736.239,0,11241.114,0,749.208,5895,9652,3.460,2.050,1.120,1,0,68.835,0,0,11,36,1,15,0
26-02 17:12:26,4.000,3.000,62.004,27.752,0,1539112,754308,177200,5456224,3813.258,540.037,0,10088.683,0,714.048,4986,9286,3.460,2.050,1.120,0,1,0,0,0,11,36,1,15,0
26-02 17:12:27,3.751,3.001,60.265,30.258,0.250,1523708,769108,177236,5456776,9368.379,540.137,0,12643.210,0,802.204,4381,7900,3.460,2.050,1.120,1,2,1.000,0,0,11,36,1,15,0
26-02 17:12:28,4.999,2.999,65.986,23.495,0,1513000,777504,177284,5458928,7589.368,559.880,0,9841.884,0,637.863,4926,8731,3.460,2.050,1.120,2,1,5.999,0,0,11,36,1,15,0
26-02 17:12:29,3.250,1.750,63.497,28.499,0,1503704,785960,177308,5459724,4588.817,539.978,0,6867.726,0,530.979,3777,6923,3.460,2.050,1.120,0,2,3.000,0,0,11,36,1,15,0
26-02 17:12:30,4.250,2.500,61.003,29.502,0,1496476,792848,177344,5460016,8850.454,540.028,0,9576.491,0,726.037,4536,8051,3.350,2.050,1.130,1,0,12.001,0,0,11,36,1,15,0
26-02 17:12:31,3.248,2.748,59.461,30.980,0,1489432,799192,177348,5460684,5460.425,539.647,0,9417.834,0,712.534,4543,8211,3.350,2.050,1.130,1,0,5.996,0,0,11,36,1,15,0
26-02 17:12:32,5.504,3.002,55.791,33.274,0,1484568,803448,177392,5461228,7172.253,540.396,0,14474.600,0,922.676,4993,9092,3.350,2.050,1.130,0,1,3.002,0,0,11,36,1,15,0
26-02 17:12:33,7.001,3.500,62.257,25.003,0,1479360,807092,177420,5462732,5356.611,540.062,0,9881.128,0,749.085,5358,9595,3.350,2.050,1.130,0,1,12.001,0,0,11,36,1,15,0
26-02 17:12:34,3.999,2.750,58.992,31.496,0,1475868,810512,177432,5462784,4434.434,633.919,0,11730.503,0,793.899,4676,8334,3.350,2.050,1.130,0,2,8.999,0,0,11,36,1,15,0
26-02 17:12:35,5.500,2.000,64.004,25.502,0,1472704,813312,177460,5463112,9540.590,486.030,0,6252.387,0,538.033,4282,7536,3.320,2.060,1.140,0,1,12.001,0,0,11,36,1,15,0
26-02 17:12:36,4.254,3.003,63.304,26.773,0,1470964,814956,177512,5463152,6757.794,614.527,0,13415.503,0,992.851,4830,8715,3.320,2.060,1.140,0,2,6.005,0,0,11,36,1,15,0
26-02 17:12:37,4.996,3.497,59.451,28.976,0,1469100,815924,177556,5463956,7489.829,539.555,0,12569.643,0,894.263,5364,9702,3.320,2.060,1.140,1,0,6.994,0,0,11,36,1,15,0
26-02 17:12:38,4.000,3.000,62.000,28.250,0.250,1467420,816644,177628,5464820,5721.033,540.003,0,8228.047,0,629.004,4400,7965,3.320,2.060,1.140,2,0,9.000,0,0,11,36,1,15,0
26-02 17:12:39,4.498,2.249,57.729,32.239,0,1465924,817628,177720,5465224,8128.112,539.808,0,11883.778,0,853.697,5070,9125,3.320,2.060,1.140,0,1,11.996,0,0,11,36,1,15,0
26-02 17:12:40,6.499,2.250,60.993,27.247,0,1464400,818364,177800,5465916,6469.269,539.939,0,8175.076,0,658.926,4541,8142,3.210,2.060,1.140,0,1,5.999,0,0,11,36,1,15,0
26-02 17:12:41,4.751,4.501,58.015,31.758,0.250,1464128,818364,177836,5466144,4916.275,540.140,0,13411.479,0,923.239,5569,10163,3.210,2.060,1.140,0,2,9.002,0,0,11,36,1,15,0
26-02 17:12:42,5.764,2.757,54.887,33.584,0,1464312,818364,177880,5465908,4204.467,541.348,0,12098.117,0,827.059,4688,8463,3.210,2.060,1.140,0,1,3.007,0,0,11,36,1,15,0
26-02 17:12:43,4.989,2.494,67.348,22.200,0,1464468,818364,177952,5465680,10023.311,484.902,0,6621.013,0,653.521,4861,8762,3.210,2.060,1.140,1,1,0,0,0,11,36,1,15,0
26-02 17:12:44,4.506,3.004,59.326,30.539,0,1464828,818364,177988,5465280,7009.945,540.690,0,9812.522,0,710.907,4759,8681,3.210,2.060,1.140,0,2,3.004,0,0,11,36,1,15,0
26-02 17:12:45,4.993,3.245,57.916,30.456,0,1465460,818364,178024,5464604,9028.927,539.219,0,14055.648,0,951.622,5634,10508,3.040,2.050,1.140,1,1,0,0,0,11,36,1,15,0
26-02 17:12:46,6.502,3.001,52.763,35.509,0,1465216,818364,178032,5464840,5726.457,540.137,0,12551.193,0,821.209,4634,8321,3.040,2.050,1.140,0,1,6.002,0,0,11,36,1,15,0
26-02 17:12:47,7.507,2.252,60.805,27.275,0,1464784,818364,178056,5465248,6341.766,540.491,0,7406.735,0,587.534,4298,7522,3.040,2.050,1.140,0,2,7.006,0,0,11,36,1,15,0
26-02 17:12:48,4.742,2.496,63.649,27.207,0,1464480,818364,178084,5465524,6685.345,539.141,0,7264.422,0,578.079,4025,7186,3.040,2.050,1.140,0,2,2.995,0,0,11,36,1,15,0
26-02 17:12:49,6.514,2.756,62.384,25.305,0.251,1464144,818364,178108,5465836,3530.609,541.166,0,11047.810,0,851.836,5195,9317,3.040,2.050,1.140,1,1,12.026,0,0,11,36,1,15,0
26-02 17:12:50,5.242,2.746,58.906,29.203,0,1463676,818364,178148,5466252,3221.844,485.223,0,11305.907,0,912.540,5509,10203,2.870,2.030,1.140,0,1,8.986,0,0,11,36,1,15,0
26-02 17:12:51,5.256,3.003,62.066,26.528,0,1463532,818112,178176,5466612,7079.534,540.575,0,11199.918,0,796.848,4680,8441,2.870,2.030,1.140,0,1,6.006,0,0,11,36,1,15,0
26-02 17:12:52,5.994,2.497,66.428,21.976,0,1463908,818112,178200,5466200,8441.880,539.417,0,8646.658,0,804.131,5702,10367,2.870,2.030,1.140,0,2,5.994,0,0,11,36,1,15,0
26-02 17:12:53,5.259,3.506,57.345,31.302,0,1464012,818112,178216,5466084,7336.185,615.022,0,15377.542,0,1043.734,5576,10448,2.870,2.030,1.140,2,2,6.010,0,0,11,38,1,9,0
26-02 17:12:54,5.736,2.494,58.355,30.425,0,1463964,818112,178220,5466128,7076.444,538.664,0,10669.530,0,758.119,4830,8509,2.870,2.030,1.140,1,0,2.993,0,0,11,38,1,9,0
26-02 17:12:55,4.004,2.252,65.561,25.524,0,1463448,818112,178232,5466632,8122.517,540.500,0,5969.525,0,531.492,4065,7303,2.800,2.030,1.140,0,1,3.003,0,0,11,38,1,9,0
26-02 17:12:56,5.749,2.000,58.239,31.244,0,1463192,818112,178236,5466880,5850.870,539.896,0,12217.641,0,850.836,4734,8615,2.800,2.030,1.140,1,0,2.999,0,0,11,38,1,9,0
26-02 17:12:57,5.247,2.249,61.467,27.485,0,1462688,818112,178244,5467364,4619.550,539.714,0,5381.146,0,520.724,4289,7495,2.800,2.030,1.140,0,2,9.995,0,0,11,38,1,8,0
26-02 17:12:58,5.752,2.751,57.524,31.763,0,1462908,817860,178264,5467372,8126.399,486.203,0,12217.111,0,835.349,4597,8175,2.800,2.030,1.140,0,2,6.003,0,0,11,38,1,8,0
26-02 17:12:59,8.504,3.251,55.775,30.014,0,1462892,817356,178268,5467876,5723.602,750.341,0,12765.804,0,947.431,5788,10482,2.800,2.030,1.140,4,0,16.007,0,0,11,38,1,8,0
26-02 17:13:00,12.247,4.499,58.485,22.244,0,1479208,800472,178268,5468432,4964.742,875.778,0,7890.001,0,627.841,5616,14184,2.660,2.010,1.140,0,2,40.990,0,0,11,38,1,9,0
26-02 17:13:01,9.498,2.749,61.239,22.996,0,1477684,801424,178296,5468960,7373.637,623.885,0,8906.354,0,767.858,6925,12581,2.660,2.010,1.140,0,1,11.998,0,0,11,38,1,8,0
26-02 17:13:02,7.255,3.252,54.288,32.022,0,1475048,803620,178356,5469332,6772.725,540.377,0,16367.419,0,1098.767,6056,10956,2.660,2.010,1.140,0,1,9.006,0,0,11,38,1,8,0
26-02 17:13:03,7.246,2.249,63.712,24.235,0,1472476,805724,178384,5469760,11334.159,539.674,0,4669.182,0,536.676,4573,8135,2.660,2.010,1.140,0,3,8.995,0,0,11,38,1,8,0
26-02 17:13:04,3.749,3.249,62.729,28.490,0,1470784,807228,178412,5469912,7979.311,539.818,0,12095.924,0,809.727,4386,8069,2.660,2.010,1.140,0,2,5.998,0,0,11,38,1,8,0
26-02 17:13:05,4.752,2.751,61.530,28.514,0,1468852,808652,178444,5470372,4033.986,486.239,0,10485.161,0,801.394,5017,9128,2.600,2.010,1.150,1,0,6.003,0,0,11,38,1,7,0
26-02 17:13:06,4.999,2.500,61.241,27.746,0,1467464,809580,178468,5470792,7791.806,539.917,0,8678.670,0,688.894,4481,8093,2.600,2.010,1.150,3,1,14.998,0,0,11,38,1,7,0
26-02 17:13:07,7.004,3.252,57.784,29.767,0,1466080,810384,178488,5471348,8023.702,540.317,0,15617.151,0,1088.638,5952,10729,2.600,2.010,1.150,1,2,7.004,0,0,11,38,1,7,0
26-02 17:13:08,3.748,2.748,62.465,28.484,0,1465364,810924,178508,5471488,3636.963,539.698,0,9026.945,0,661.629,3969,7249,2.600,2.010,1.150,0,1,0,0,0,11,38,1,7,0
26-02 17:13:09,4.000,2.250,62.255,28.502,0,1464704,810924,178512,5472132,7659.639,540.045,0,7520.627,0,600.050,4217,7647,2.600,2.010,1.150,1,0,6.001,0,0,11,38,1,7,0
26-02 17:13:10,4.999,2.750,62.740,26.496,0,1464516,810672,178520,5472536,7103.854,539.913,0,10550.297,0,792.872,4845,8764,2.640,2.030,1.160,0,2,8.999,0,0,11,38,1,7,0
26-02 17:13:11,5.000,2.750,59.498,29.749,0,1464052,810672,178524,5472980,7820.749,539.983,0,9363.699,0,683.978,4897,8592,2.640,2.030,1.160,0,1,15.000,0,0,11,38,1,7,0
26-02 17:13:12,4.749,3.749,60.489,28.245,0,1463928,810168,178540,5473548,5531.029,539.905,0,10398.174,0,771.864,5536,9837,2.640,2.030,1.160,0,1,11.998,0,0,11,38,1,7,0
26-02 17:13:13,3.751,2.251,55.520,35.013,0,1463364,810420,178548,5473848,4184.505,486.175,0,11412.106,0,748.269,4155,7645,2.640,2.030,1.160,7,1,3.001,0,0,11,38,1,6,0
26-02 17:13:14,5.511,2.755,60.618,29.558,0,1463276,809916,178560,5474412,9452.449,583.138,0,6889.447,0,577.126,4386,7612,2.640,2.030,1.160,0,1,9.018,0,0,11,38,1,6,0
26-02 17:13:15,4.490,3.493,61.869,26.444,0,1462996,809664,178580,5474912,8040.940,580.768,0,11495.611,0,906.078,6184,11375,2.580,2.030,1.160,0,2,5.987,0,0,11,38,1,6,0
26-02 17:13:16,4.765,3.009,63.443,27.082,0,1462744,809412,178588,5475388,7334.334,541.649,0,10945.330,0,864.633,5275,9500,2.580,2.030,1.160,0,1,12.037,0,0,11,38,1,6,0
26-02 17:13:17,4.237,3.240,62.562,26.670,0,1462564,809412,178608,5475548,5399.736,612.156,0,9511.353,0,696.901,4764,8691,2.580,2.030,1.160,0,3,3.988,0,0,11,38,1,5,0
26-02 17:13:18,5.000,3.000,57.255,32.253,0,1462244,809412,178624,5475840,7261.689,614.058,0,14833.407,0,1019.097,5248,9509,2.580,2.030,1.160,1,2,9.001,0,0,11,38,1,5,0
26-02 17:13:19,4.000,2.250,65.256,26.502,0,1461672,809412,178628,5476396,6384.548,614.053,0,6244.536,0,550.047,4153,7513,2.580,2.030,1.160,2,2,6.001,0,0,11,38,1,5,0
26-02 17:13:20,5.999,2.250,64.241,24.996,0,1461132,809412,178644,5476908,4685.335,655.907,0,6911.020,0,627.911,5348,9687,2.620,2.040,1.170,1,1,29.996,0,0,11,38,1,5,0
26-02 17:13:21,6.259,3.004,54.326,32.295,0,1460732,809160,178652,5477536,5397.566,560.786,0,17496.526,0,1195.676,6058,11155,2.620,2.040,1.170,0,1,15.021,0,0,11,38,1,3,0
26-02 17:13:22,5.490,2.995,59.397,29.199,0,1460544,808908,178660,5477940,7079.683,612.934,0,13133.151,0,889.453,5424,9773,2.620,2.040,1.170,1,0,11.979,0,0,11,38,1,3,0
26-02 17:13:23,6.761,2.754,66.353,21.283,0,1459948,808908,178660,5478520,8199.751,540.841,0,4931.669,0,535.833,4815,8499,2.620,2.040,1.170,3,1,18.028,0,0,11,38,1,3,0
26-02 17:13:24,5.243,2.747,57.428,31.211,0,1459700,808908,178664,5478760,7353.826,613.235,0,11329.867,0,817.980,5745,10547,2.620,2.040,1.170,0,3,8.989,0,0,11,38,1,3,0
26-02 17:13:25,4.000,2.750,55.500,34.500,0,1459724,808404,178676,5479212,8242.030,540.002,0,12692.047,0,866.003,4658,8535,2.490,2.020,1.170,0,2,6.000,0,0,11,38,1,3,0
26-02 17:13:26,4.250,3.500,59.251,30.751,0,1459492,808404,178704,5479404,9417.196,540.011,0,13132.273,0,900.019,5581,10095,2.490,2.020,1.170,0,1,12.000,0,0,11,38,1,1,0
26-02 17:13:27,5.001,2.251,66.516,23.756,0,1459108,808404,178712,5479776,5449.292,540.128,0,4501.067,0,467.111,4222,7390,2.490,2.020,1.170,0,2,13.003,0,0,11,38,1,1,0
26-02 17:13:28,4.500,3.000,63.007,26.253,0,1459652,807648,178740,5479944,3945.407,614.063,0,11029.139,0,786.081,4544,8555,2.490,2.020,1.170,0,2,0,0,0,11,38,1,1,0
26-02 17:13:29,6.499,2.250,62.740,25.996,0,1460332,806388,178748,5480512,4120.346,485.923,0,6654.944,0,610.903,4644,8360,2.490,2.020,1.170,0,1,8.999,0,0,11,38,1,1,0
26-02 17:13:30,5.001,3.250,61.007,28.253,0,1460156,806388,178752,5480680,7145.874,540.066,0,15293.870,0,1028.126,5329,9839,2.530,2.040,1.180,1,1,0,0,0,11,38,1,1,0
26-02 17:13:31,7.999,2.000,61.243,25.247,0,1460648,805380,178760,5481172,8332.078,539.940,0,6591.271,0,584.935,4698,8230,2.530,2.040,1.180,0,1,8.999,0,0,11,38,1,1,0
26-02 17:13:32,4.501,3.251,57.761,31.506,0,1461404,804624,178768,5481160,6769.256,540.100,0,12386.298,0,882.164,5716,10628,2.530,2.040,1.180,2,0,6.001,0,0,11,38,1,1,0
26-02 17:13:33,4.246,2.498,63.938,26.724,0,1462632,804624,178784,5479916,7988.305,539.480,0,6905.348,0,604.418,4346,7925,2.530,2.040,1.180,3,1,0,0,0,11,38,1,1,0
26-02 17:13:34,5.256,2.503,61.065,27.279,0,1463640,804624,178784,5478912,8564.142,634.678,0,13770.700,0,948.012,6572,12350,2.530,2.040,1.180,0,1,0,0,0,11,38,1,1,0
26-02 17:13:35,4.496,2.498,65.699,24.981,0,1465068,804624,178784,5477480,6377.035,539.580,0,7106.467,0,639.502,4569,8220,2.570,2.060,1.190,0,1,0,0,0,11,38,1,1,0
26-02 17:13:36,5.004,3.253,59.802,28.025,0,1466336,804624,178784,5476216,6021.284,734.645,0,14144.412,0,1006.884,5770,10569,2.570,2.060,1.190,2,1,0,0,0,11,38,1,1,0
26-02 17:13:37,6.012,2.004,63.382,25.553,0,1466948,804624,178784,5475608,7944.492,607.261,0,7912.425,0,698.450,4940,9174,2.570,2.060,1.190,1,1,4.008,0,0,11,38,1,1,0
26-02 17:13:38,4.737,3.241,59.839,29.421,0,1466684,804624,178788,5475872,9159.366,538.552,0,12255.040,0,842.733,5068,9256,2.570,2.060,1.190,0,1,5.984,0,0,11,38,1,1,0
26-02 17:13:39,4.505,2.503,58.567,30.535,0,1466608,804624,178792,5475944,4931.658,660.758,0,11769.503,0,791.909,4534,8269,2.570,2.060,1.190,1,2,9.010,0,0,11,38,1,1,0
26-02 17:13:40,4.995,2.248,58.940,30.469,0,1466292,804624,178796,5476252,8527.386,539.455,0,12047.830,0,771.221,4722,8598,2.760,2.110,1.210,0,2,5.994,0,0,11,38,1,1,0
26-02 17:13:41,5.001,3.001,57.261,33.006,0,1466148,804624,178804,5476388,6224.151,624.115,0,7009.297,0,618.114,4602,8235,2.760,2.110,1.210,1,1,9.002,0,0,11,38,1,1,0
26-02 17:13:42,12.765,4.005,55.314,25.530,0,1342644,928276,178804,5476252,7178.302,540.625,0,8986.393,0,655.758,4585,7274,2.760,2.110,1.210,1,1,29.034,0,0,11,32,1,2,0
26-02 17:13:43,7.763,22.288,64.359,3.756,0,1334784,935952,178804,5476436,7985.470,540.912,0,2251.798,0,130.220,6403,5265,2.760,2.110,1.210,1,0,542.916,0,0,11,32,1,2,0
26-02 17:13:44,44.953,16.982,35.962,2.248,0,1448200,822312,178820,5476644,4952.780,485.488,0,1762.143,0,114.879,6110,5382,2.760,2.110,1.210,3,0,378.601,0,0,11,32,1,8,0
26-02 17:13:45,65.129,7.486,21.210,4.741,0,1668928,599040,178904,5478924,8999.213,538.995,0,2187.919,0,74.860,3729,1685,2.780,2.120,1.220,3,0,1.996,0,0,11,32,1,8,0
26-02 17:13:46,60.014,6.001,27.506,6.501,0,1766028,498044,179036,5482236,5243.185,540.122,0,7489.693,0,288.065,4213,2342,2.780,2.120,1.220,5,0,6.001,0,0,11,32,1,8,0
26-02 17:13:47,12.770,3.255,47.324,34.053,0,1776108,485948,179072,5484136,3486.432,540.843,0,10672.629,0,664.035,5185,8607,2.780,2.120,1.220,2,5,22.034,0,0,11,38,1,8,0
26-02 17:13:48,8.734,2.994,51.904,33.688,0,1774968,485948,179076,5485228,7623.918,539.004,0,10480.641,0,705.696,4792,8331,2.780,2.120,1.220,0,2,29.945,0,0,11,38,1,8,0
26-02 17:13:49,11.004,3.751,45.768,37.014,0,1773928,485444,179088,5486720,6622.547,540.208,0,15958.138,0,1013.390,6654,11830,2.780,2.120,1.220,0,1,27.010,0,0,11,38,1,8,0
26-02 17:13:50,7.747,2.999,52.733,33.989,0,1772960,484688,179088,5488368,7100.689,539.824,0,9520.901,0,657.786,4917,8603,2.800,2.140,1.230,0,2,17.994,0,0,11,38,1,8,0
26-02 17:13:51,6.249,3.250,49.744,37.245,0,1771884,484436,179100,5489660,5784.258,539.931,0,13290.294,0,871.888,5481,9934,2.800,2.140,1.230,0,4,14.998,0,0,11,38,1,8,0
26-02 17:13:52,4.501,3.251,48.760,41.258,0,1771284,483932,179120,5490712,3939.777,486.096,0,11782.323,0,774.153,4799,8847,2.800,2.140,1.230,0,2,18.004,0,0,11,38,1,8,0
26-02 17:13:53,9.523,2.757,51.873,32.828,0,1771220,482672,179160,5491960,7163.982,615.459,0,10869.767,0,811.925,5863,10033,2.800,2.140,1.230,0,1,36.086,0,0,11,38,1,8,0
26-02 17:13:54,7.730,3.242,51.867,33.414,0,1770816,481412,179176,5493548,5534.767,538.615,0,13585.066,0,879.738,5788,10321,2.800,2.140,1.230,2,2,26.931,0,0,11,38,1,8,0
26-02 17:13:55,6.750,3.000,54.247,34.248,0.250,1770544,480908,179180,5494304,6455.653,539.971,0,11683.373,0,771.959,4981,8894,3.060,2.200,1.260,0,2,20.999,0,0,11,38,1,8,0
26-02 17:13:56,6.735,3.492,48.888,38.412,0,1770764,479648,179188,5495268,6766.528,538.768,0,11785.053,0,737.314,5831,10232,3.060,2.200,1.260,2,2,20.952,0,0,11,38,1,8,0
26-02 17:13:57,8.031,3.514,45.425,40.406,0,1770964,478136,179196,5496540,6619.487,542.087,0,14142.452,0,958.691,5888,10457,3.060,2.200,1.260,2,2,25.097,0,0,11,38,1,8,0
26-02 17:13:58,6.003,2.751,45.020,43.520,0,1771112,476624,179208,5497856,8732.975,540.246,0,12693.778,0,808.368,5035,8872,3.060,2.200,1.260,0,4,18.008,0,0,11,38,1,8,0
26-02 17:13:59,6.482,3.740,49.861,36.897,0,1771412,475364,179212,5498792,6084.041,484.649,0,13673.884,0,855.615,5353,9572,3.060,2.200,1.260,0,3,20.942,0,0,11,38,1,8,0
26-02 17:14:00,12.256,5.503,48.522,32.515,0,1789052,456968,179224,5499508,5046.296,540.246,0,12297.595,0,855.389,6945,19138,3.130,2.230,1.270,0,2,66.030,0,0,11,38,1,9,0
26-02 17:14:01,5.253,2.001,56.029,33.267,0,1788244,456968,179232,5500292,10392.334,540.277,0,9276.762,0,605.311,5379,9864,3.130,2.230,1.270,0,2,18.009,0,0,11,38,1,9,0
26-02 17:14:02,6.749,2.750,56.743,30.996,0.250,1787260,456716,179248,5501448,8429.890,539.929,0,7922.956,0,580.923,4938,8522,3.130,2.230,1.270,0,1,23.997,0,0,11,38,1,8,0
26-02 17:14:03,7.249,3.500,52.995,33.497,0,1785984,457160,179264,5502244,6552.410,539.951,0,13022.828,0,859.923,6012,11034,3.130,2.230,1.270,1,2,20.998,0,0,11,38,1,8,0
26-02 17:14:04,6.750,4.000,48.749,37.249,0,1783440,458568,179272,5503328,5733.824,539.983,0,13195.594,0,823.975,5923,10512,3.130,2.230,1.270,1,2,20.999,0,0,11,38,1,8,0
26-02 17:14:05,6.504,3.502,53.284,34.272,0,1782232,458860,179276,5504212,7347.738,540.348,0,14489.343,0,963.621,5597,10018,3.120,2.240,1.280,9,1,15.010,0,0,11,38,1,8,0
26-02 17:14:06,4.998,3.248,56.722,32.234,0,1780304,459832,179284,5505104,5119.481,539.734,0,12825.689,0,797.608,4775,8670,3.120,2.240,1.280,1,2,11.994,0,0,11,38,1,8,0
26-02 17:14:07,6.500,3.750,55.250,31.750,0.250,1778912,460244,179284,5506048,2875.985,485.998,0,10111.949,0,744.996,6618,12160,3.120,2.240,1.280,1,1,16.000,0,0,11,38,1,8,0
26-02 17:14:08,5.746,2.998,56.714,31.480,0,1778560,459888,179284,5506736,3683.682,539.660,0,11196.954,0,755.525,4866,8767,3.120,2.240,1.280,1,1,11.992,0,0,11,38,1,8,0
26-02 17:14:09,6.010,3.005,54.087,34.555,0,1778160,459636,179288,5507364,8439.526,540.867,0,13325.356,0,842.350,5033,9032,3.120,2.240,1.280,0,1,18.029,0,0,11,38,1,8,0
26-02 17:14:10,6.244,2.747,48.705,38.215,0,1777572,459384,179292,5508176,9546.271,539.507,0,13643.524,0,900.177,6458,11612,3.190,2.270,1.300,0,4,14.986,0,0,11,38,1,8,0
26-02 17:14:11,6.998,3.249,52.488,33.992,0,1778220,457872,179300,5509004,7502.256,539.875,0,9901.698,0,741.828,6234,11282,3.190,2.270,1.300,0,1,20.995,0,0,11,38,1,8,0
26-02 17:14:12,17.550,6.769,40.615,33.094,0,1642200,593012,179308,5509816,5484.564,541.537,0,12904.621,0,865.456,7128,11803,3.190,2.270,1.300,2,3,93.265,0,0,11,36,1,8,0
26-02 17:14:13,28.472,4.995,33.218,30.970,0,1710240,523904,179316,5510820,8519.720,539.476,0,11856.477,0,760.261,6559,10343,3.190,2.270,1.300,2,0,21.979,0,0,11,36,1,8,0
26-02 17:14:14,25.957,4.493,35.191,32.196,0,1767496,465944,179324,5511496,6118.807,539.102,0,10466.564,0,672.879,6542,10451,3.190,2.270,1.300,1,3,25.957,0,0,11,38,1,8,0
26-02 17:14:15,15.500,5.750,46.250,30.250,0,1696016,536508,179344,5512372,3899.975,485.997,0,10103.936,0,600.996,5872,9155,3.500,2.350,1.330,0,1,89.999,0,0,11,36,1,8,0
26-02 17:14:16,7.256,3.253,54.548,32.779,0,1686408,544572,179348,5513860,7930.953,540.474,0,8583.525,0,661.580,5472,9420,3.500,2.350,1.330,1,1,24.021,0,0,11,36,1,8,0
26-02 17:14:17,5.998,3.499,53.729,33.487,0,1677892,552216,179368,5514688,4970.095,613.765,0,13922.664,0,973.627,5723,10302,3.500,2.350,1.330,0,2,21.992,0,0,11,36,1,8,0
26-02 17:14:18,7.011,3.505,51.830,34.553,0,1664256,565036,179388,5515460,3955.115,614.951,0,15796.422,0,1068.652,5996,10821,3.500,2.350,1.330,2,1,24.037,0,0,11,36,1,8,0
26-02 17:14:19,5.488,2.245,52.140,36.922,0,1657860,570104,179396,5516752,9016.892,612.702,0,10513.720,0,734.444,4856,8541,3.500,2.350,1.330,1,1,11.975,0,0,11,36,1,8,0
26-02 17:14:20,6.004,2.752,51.533,35.773,0,1652852,573768,179408,5518036,5851.782,614.397,0,13004.404,0,907.587,5562,10250,3.700,2.410,1.350,1,4,9.006,0,0,11,36,1,8,0
26-02 17:14:21,4.496,3.497,51.458,38.718,0,1644972,580496,179412,5519144,9182.523,613.500,0,10163.724,0,641.478,5228,9510,3.700,2.410,1.350,0,2,5.995,0,0,11,36,1,8,0
26-02 17:14:22,7.752,3.001,49.265,36.761,0,1642184,582272,179424,5520124,5287.623,614.189,0,14736.523,0,1009.310,6285,11258,3.700,2.410,1.350,5,1,27.008,0,0,11,36,1,8,0
26-02 17:14:23,5.499,3.499,51.738,36.991,0,1639120,584488,179436,5520936,3381.194,527.874,0,11317.304,0,751.821,5699,10243,3.700,2.410,1.350,0,2,17.996,0,0,11,36,1,8,0
26-02 17:14:24,13.500,2.500,52.499,28.499,0,1641480,580248,179444,5522756,8805.825,613.988,0,6859.864,0,554.989,6505,10722,3.700,2.410,1.350,0,3,12.000,0,0,11,36,1,8,0
26-02 17:14:25,4.249,2.999,49.488,40.240,0.250,1639532,580968,179444,5523960,8988.871,539.872,0,13464.811,0,835.802,5423,10112,3.960,2.490,1.380,0,3,0,0,0,11,36,1,8,0
26-02 17:14:26,6.502,3.501,48.517,39.514,0,1637760,581420,179452,5525204,3776.312,540.188,0,16217.637,0,980.341,5064,9407,3.960,2.490,1.380,3,1,0,0,0,11,36,1,8,0
26-02 17:14:27,5.754,3.252,54.285,32.771,0,1636376,581000,179456,5526896,6361.083,540.347,0,9946.384,0,684.439,4953,8837,3.960,2.490,1.380,3,1,1.001,0,0,11,36,1,8,0
26-02 17:14:28,6.253,3.002,47.775,40.521,0,1634376,581540,179460,5528280,6917.645,614.324,0,16708.805,0,960.506,5441,9971,3.960,2.490,1.380,1,1,0,0,0,11,36,1,8,0
26-02 17:14:29,4.495,3.246,49.442,40.203,0,1633088,581460,179464,5529604,8881.592,539.368,0,14263.286,0,854.998,4689,8540,3.960,2.490,1.380,0,4,0,0,0,11,36,1,8,0
26-02 17:14:30,5.500,2.250,55.502,34.251,0,1631704,581136,179468,5531232,5592.169,540.016,0,7748.234,0,561.017,4275,7750,3.880,2.500,1.390,0,3,0,0,0,11,36,1,8,0
26-02 17:14:31,5.249,3.000,49.994,38.995,0,1631328,580380,179472,5532296,3109.601,485.938,0,15038.070,0,936.880,4763,8696,3.880,2.500,1.390,0,1,0,0,0,11,36,1,8,0
26-02 17:14:32,4.752,3.501,52.519,36.513,0,1631056,578868,179476,5534028,7790.788,540.193,0,7526.693,0,546.195,4562,8069,3.880,2.500,1.390,1,2,0,0,0,11,36,1,8,0
26-02 17:14:33,4.499,3.249,53.484,34.739,0,1630680,578112,179476,5535128,6108.132,539.835,0,16474.960,0,1029.685,5623,10593,3.880,2.500,1.390,0,5,0,0,0,11,36,1,8,0
26-02 17:14:34,4.501,2.250,43.006,47.507,0,1631496,574836,179480,5537524,10591.539,634.092,0,9993.452,0,555.081,4151,7386,3.880,2.500,1.390,0,2,0,0,0,11,36,1,8,0
26-02 17:14:35,6.499,3.000,54.743,32.996,0,1630996,574332,179480,5538480,8451.873,539.928,0,12062.391,0,822.890,5556,9754,3.810,2.510,1.400,0,2,11.998,0,0,11,36,1,8,0
26-02 17:14:36,6.250,3.500,49.754,37.253,0,1631928,573072,179480,5538796,8629.630,614.045,0,14065.027,0,933.068,7400,13761,3.810,2.510,1.400,1,1,6.000,0,0,11,36,1,8,0
26-02 17:14:37,4.250,3.000,55.496,34.498,0,1631656,573072,179480,5539056,5045.654,539.963,0,8735.401,0,745.949,5138,9130,3.810,2.510,1.400,0,2,12.999,0,0,11,36,1,8,0
26-02 17:14:38,3.750,3.250,58.001,31.501,0,1631388,573072,179484,5539312,3505.084,486.012,0,13808.331,0,935.022,4835,9133,3.810,2.510,1.400,0,3,6.000,0,0,11,36,1,8,0
26-02 17:14:39,4.250,3.250,57.751,32.250,0,1631932,572316,179484,5539520,4455.039,540.005,0,11536.100,0,797.007,4895,8543,3.810,2.510,1.400,0,2,15.000,0,0,11,36,1,8,0
26-02 17:14:40,4.751,2.750,60.509,29.255,0,1631744,572316,179488,5539704,8146.258,540.083,0,6661.029,0,581.090,5025,9098,3.910,2.550,1.420,0,1,15.002,0,0,11,36,1,8,0
26-02 17:14:41,8.001,4.001,53.760,30.756,0,1631664,571308,179488,5540768,10159.873,540.100,0,17399.207,0,1150.212,5734,10448,3.910,2.550,1.420,1,0,6.001,0,0,11,36,1,8,0
26-02 17:14:42,11.259,2.502,58.797,24.520,0,1632656,569544,179488,5541520,9215.370,540.432,0,8682.944,0,711.569,5939,9949,3.910,2.550,1.420,6,2,21.017,0,0,11,36,1,8,0
26-02 17:14:43,6.992,2.997,56.188,31.216,0,1632724,569040,179500,5541924,6765.564,539.407,0,14683.862,0,950.955,6879,12691,3.910,2.550,1.420,0,2,11.987,0,0,11,36,1,7,0
26-02 17:14:44,6.501,3.500,54.506,33.254,0,1632992,568284,179500,5542404,9452.081,540.062,0,12209.396,0,758.087,5182,8985,3.910,2.550,1.420,0,1,12.001,0,0,11,36,1,7,0
26-02 17:14:45,9.003,2.751,49.014,36.010,0,1632500,568284,179508,5542872,7525.174,540.156,0,10086.914,0,753.218,4951,8544,3.920,2.570,1.440,1,1,12.003,0,0,11,36,1,7,0
26-02 17:14:46,21.004,11.002,55.760,11.502,0,1353280,847624,179508,5542748,7287.255,486.084,0,4668.804,0,292.050,5150,5443,3.920,2.570,1.440,1,0,252.043,0,0,11,32,1,7,0
26-02 17:14:47,22.489,3.248,69.467,3.498,0,1427620,773284,179508,5542748,8371.068,539.746,0,1783.162,0,103.951,2118,1846,3.920,2.570,1.440,2,0,1.999,0,0,11,32,1,1,0
26-02 17:14:48,23.748,2.750,67.994,5.500,0,1483272,717620,179508,5542756,4506.616,539.954,0,1467.875,0,96.992,2223,2089,3.920,2.570,1.440,1,0,2.000,0,0,11,38,1,1,0
26-02 17:14:49,21.509,4.752,67.778,5.002,0,1435640,765248,179508,5542760,3010.235,540.222,0,2829.160,0,170.070,2588,2248,3.920,2.570,1.440,1,0,28.011,0,0,11,32,1,1,0
26-02 17:14:50,22.999,2.750,73.748,0,0,1463864,737024,179508,5542760,8811.744,539.984,0,163.995,0,32.999,1771,1217,3.680,2.550,1.430,1,0,0,0,0,11,32,1,1,0
26-02 17:14:51,19.046,13.783,65.158,1.002,0,1432776,768096,179508,5542776,4841.734,541.312,0,208.505,0,30.073,4282,3965,3.680,2.550,1.430,2,0,379.921,0,0,11,32,1,1,0
26-02 17:14:52,11.502,32.255,44.506,10.501,0,1421572,779212,179508,5542848,6897.978,540.077,0,8169.158,0,379.054,8505,8603,3.680,2.550,1.430,1,0,1065.151,0,0,11,32,1,1,0
26-02 17:14:53,8.241,21.476,66.675,1.998,0,1423168,777536,179508,5542924,5185.141,613.307,0,1414.402,0,77.912,6381,5229,3.680,2.550,1.430,3,0,508.426,0,0,11,32,1,1,0
26-02 17:14:54,9.513,20.028,67.344,2.754,0,1393268,807372,179508,5542968,3779.266,486.678,0,212.296,0,17.024,5888,4581,3.680,2.550,1.430,1,0,410.572,0,0,11,32,1,1,0
26-02 17:14:55,17.207,15.960,65.836,0,0,1395352,805244,179508,5543436,8892.887,538.661,0,19.950,0,4.988,6938,8509,3.470,2.520,1.430,1,0,292.273,0,0,11,32,1,1,0
26-02 17:14:56,42.930,9.984,44.677,1.747,0,1470668,729804,179516,5543556,7185.300,539.122,0,1190.062,0,162.735,3945,2550,3.470,2.520,1.430,2,0,130.787,0,0,11,33,1,1,0
26-02 17:14:57,44.933,6.025,48.699,0,0,1574452,625980,179516,5543592,5045.601,542.214,0,4.016,0,1.004,3393,2487,3.470,2.520,1.430,1,1,18.074,0,0,11,49,1,1,0
26-02 17:14:58,44.362,3.988,48.101,2.243,0,1630412,568048,179580,5545120,7436.935,538.330,103.678,1886.150,0.997,179.443,3291,2037,3.470,2.520,1.430,2,0,1.994,0,0,11,49,1,1,0
26-02 17:14:59,18.055,18.055,61.437,2.006,0,1659168,536564,179584,5548132,8104.603,541.644,0,690.095,0,63.192,9721,11312,3.470,2.520,1.430,2,0,358.087,0,0,11,48,1,1,0
26-02 17:15:00,18.441,11.463,68.033,0,0,1681824,513828,179584,5547800,8538.707,538.279,0,111.643,0,9.968,5891,18945,3.430,2.530,1.440,0,0,179.426,0,0,11,48,1,2,0
26-02 17:15:01,1.000,0.750,97.240,0.250,0,1682572,513072,179584,5547808,7431.251,539.946,0,535.946,0,82.992,1026,1336,3.430,2.530,1.440,0,0,5.999,0,0,11,48,1,2,0
26-02 17:15:02,0.250,0.500,97.734,0.250,0,1682572,513072,179584,5547808,3005.511,485.921,0,923.850,0,97.984,751,1053,3.430,2.530,1.440,0,0,2.000,0,0,11,48,1,2,0
26-02 17:15:03,0.750,0.500,99.015,0,0,1682572,513072,179584,5547808,10094.576,540.084,0,0,0,0,719,963,3.430,2.530,1.440,0,0,2.000,0,0,11,48,1,2,0
26-02 17:15:04,1.500,2.000,95.766,0,0,1648280,547368,179584,5547800,5088.832,540.088,0,0,0,0,1156,1465,3.430,2.530,1.440,0,0,28.005,0,0,11,48,1,1,0
26-02 17:15:05,17.981,12.487,67.679,0,0,1677568,518080,179584,5547904,8038.620,539.438,0,815.150,0,2.997,5873,7665,3.310,2.520,1.440,3,0,256.732,0,0,11,48,1,1,0
26-02 17:15:06,11.040,15.808,72.516,0,0,1661232,534396,179584,5547844,6217.800,541.987,0,4.015,0,1.004,5443,5223,3.310,2.520,1.440,3,0,356.307,0,0,12,48,1,1,0
26-02 17:15:07,18.952,16.209,62.341,1.995,0,1673628,521920,179584,5547872,7276.481,776.025,0,279.289,0,25.934,7144,9646,3.310,2.520,1.440,1,0,293.254,0,0,12,62,1,1,0
26-02 17:15:08,5.011,6.515,87.200,0.251,0,1671104,524464,179584,5547872,9059.743,541.239,0,320.734,0,23.053,2496,2639,3.310,2.520,1.440,1,0,153.351,0,0,12,64,1,1,0
26-02 17:15:09,18.264,14.762,65.801,0,0,1668784,526576,179584,5548144,4788.745,486.380,0,16.013,0,3.002,6384,8167,3.310,2.520,1.440,4,0,251.196,0,0,14,66,1,1,0
26-02 17:15:10,8.246,18.242,71.718,0,0,1672004,523304,179584,5548084,4183.137,539.760,0,35.984,0,4.998,5800,4897,3.130,2.500,1.440,1,0,434.806,0,0,14,66,1,2,0
26-02 17:15:11,13.750,17.749,65.998,1.750,0,1663028,532224,179584,5548552,7431.744,581.980,0,255.991,0,21.999,6479,6637,3.130,2.500,1.440,1,0,364.987,0,0,14,66,1,2,0
26-02 17:15:12,25.755,20.504,49.009,4.001,0,1683996,511200,179596,5548164,5444.976,582.104,0,5721.025,0,390.070,7161,7252,3.130,2.500,1.440,2,0,448.080,0,0,14,66,1,2,0
26-02 17:15:13,30.194,22.958,45.167,0,0,1777124,417548,179652,5548592,8410.497,539.006,0,295.455,0,4.991,7267,6345,3.130,2.500,1.440,2,0,710.690,0,0,14,66,1,2,0
26-02 17:15:14,30.539,25.533,42.304,0,0,1947628,245820,179672,5550112,5273.785,540.696,8.010,56.072,1.001,14.018,7504,10137,3.130,2.500,1.440,2,0,532.685,0,0,14,70,1,4,0
26-02 17:15:15,53.994,17.998,28.747,0,0,2031096,162004,179688,5550448,9113.005,539.941,0,23.997,0,5.999,4798,5891,3.040,2.490,1.440,4,0,332.964,0,0,14,70,1,4,0
26-02 17:15:16,62.152,21.716,14.976,0,0,2108348,163100,168456,5485340,5940.643,539.151,15.975,59.906,3.994,9.984,6946,9659,3.040,2.490,1.440,10,0,444.300,0,0,14,70,1,4,0
26-02 17:15:17,68.621,22.540,7.263,0.751,0,2228324,127912,164776,5406068,5123.038,651.149,2464.348,2304.065,106.187,97.171,5836,5224,3.040,2.490,1.440,5,0,473.836,0,0,14,70,1,4,0
26-02 17:15:18,73.310,17.514,4.003,4.754,0,2376368,162012,166680,5225936,7281.939,614.501,1957.597,1397.140,127.104,38.031,7740,8722,3.040,2.490,1.440,7,0,284.232,0,0,14,74,1,4,0
26-02 17:15:19,56.748,23.999,6.750,12.749,0,2544192,186956,166500,5037944,8152.673,613.975,3683.852,6783.728,152.994,394.984,8761,11454,3.040,2.490,1.440,6,0,530.979,0,0,14,76,1,4,0
26-02 17:15:20,52.696,18.731,13.486,14.985,0,2614248,172440,166496,4983632,3860.046,613.372,11.988,13182.497,1.998,345.646,9373,14027,3.280,2.550,1.470,4,1,309.683,0,0,14,76,1,4,0
26-02 17:15:21,54.484,7.748,20.244,16.745,0,2757168,170720,166500,4845980,7519.814,613.822,579.831,10748.875,20.994,400.883,7140,9852,3.280,2.550,1.470,1,2,12.996,0,0,14,79,1,4,0
26-02 17:15:22,73.859,12.185,11.191,1.741,0,2854736,139352,166604,4780776,4912.985,610.766,119.368,7834.515,9.947,513.282,9731,14880,3.280,2.550,1.470,5,3,140.257,0,0,14,88,1,11,0
26-02 17:15:23,37.691,24.876,32.414,4.020,0,2919784,138964,166620,4717700,7487.892,584.960,28.142,8575.395,7.036,435.202,11796,18796,3.280,2.550,1.470,1,0,582.950,0,0,14,97,1,16,0
26-02 17:15:24,17.468,14.473,61.886,5.490,0,2930904,127536,166620,4718008,7275.601,612.871,0,1193.801,0,55.897,6475,8384,3.280,2.550,1.470,1,0,265.511,0,0,14,97,1,16,0
26-02 17:15:25,45.500,10.000,40.750,3.250,0,3042376,146648,166624,4590416,3696.987,539.998,1667.994,1003.997,38.000,51.000,4039,2904,3.250,2.550,1.480,3,0,127.000,0,0,14,98,1,16,0
26-02 17:15:26,22.532,11.266,50.322,15.272,0,3090896,163808,166644,4526128,7029.012,486.693,12.017,5163.355,3.004,252.359,4646,4915,3.250,2.550,1.480,2,0,156.223,0,0,14,101,1,16,0
26-02 17:15:27,7.258,19.771,69.575,1.251,0,3102920,151740,166644,4526156,5554.964,630.677,0,796.856,0,48.052,5894,4549,3.250,2.550,1.480,1,0,380.408,0,0,14,101,1,16,0
26-02 17:15:28,8.000,19.249,70.746,0.250,0,3105148,149440,166644,4526228,4467.754,613.966,4.000,143.992,1.000,9.000,5824,4550,3.250,2.550,1.480,1,0,381.979,0,0,14,101,1,16,0
26-02 17:15:29,20.444,6.482,72.802,0.249,0,3173324,146964,166648,4462244,6766.563,538.533,11.967,151.587,1.995,10.970,2373,1856,3.250,2.550,1.480,1,0,73.799,0,0,14,101,1,16,0
26-02 17:15:30,17.499,2.000,79.244,0.250,0,3183220,136884,166652,4462424,30136.755,23141.276,39.997,131.990,5.000,11.999,2628,2661,3.070,2.530,1.470,1,0,0,0,0,14,103,1,17,0
26-02 17:15:31,20.570,5.770,72.746,0,0,3194944,125144,166652,4462440,7557.571,541.833,0,565.915,0,17.058,2385,1776,3.070,2.530,1.470,1,0,63.214,0,0,14,103,1,17,0
26-02 17:15:32,15.945,2.990,78.978,1.246,0,3191136,128932,166652,4462464,11453.509,6989.899,3.986,3304.606,0.997,108.625,2639,2760,3.070,2.530,1.470,1,1,1.993,0,0,14,110,1,17,0
26-02 17:15:33,22.082,5.270,58.969,12.547,0,3201756,183788,166664,4398820,3432.765,542.015,582.165,4091.213,27.101,525.956,5148,6874,3.070,2.530,1.470,5,0,8.030,0,0,14,119,1,17,0
26-02 17:15:34,29.990,7.997,55.481,5.998,0,3195232,253196,166668,4337288,11210.189,1722.414,47.984,1371.534,5.998,122.958,5668,6703,3.070,2.530,1.470,1,0,77.973,0,0,14,120,1,19,0
26-02 17:15:35,21.430,4.236,72.014,0.997,0,3255928,192484,166668,4337304,11283.027,2125.037,0,976.799,0,60.801,2383,2000,2.910,2.500,1.470,1,0,33.889,0,0,14,121,1,19,0
26-02 17:15:36,17.750,3.750,74.498,3.250,0,3259580,188704,166668,4337432,15636.632,5482.871,51.999,2463.942,4.000,69.998,2466,2530,2.910,2.500,1.470,1,0,2.000,0,0,14,125,1,19,0
26-02 17:15:37,20.503,4.751,68.759,6.001,0,3280300,167800,166672,4337612,9806.262,2722.350,132.017,1392.179,9.001,144.019,4637,6651,2.910,2.500,1.470,1,1,6.001,0,0,14,127,1,19,0
26-02 17:15:38,40.502,10.000,45.252,2.250,0,3381664,130052,166672,4275428,10587.501,1734.082,0,3160.150,0,214.010,4334,3905,2.910,2.500,1.470,2,0,97.005,0,0,14,126,1,20,0
26-02 17:15:39,29.263,4.002,63.778,2.251,0,3332932,242004,166672,4213744,31578.682,23087.003,0,628.272,0,37.016,2562,1750,2.910,2.500,1.470,2,0,4.002,0,0,14,126,1,21,0
26-02 17:15:40,20.240,4.998,71.216,2.249,0,3404568,170356,166672,4213756,6540.847,1226.409,0,483.767,0,23.988,2262,1718,2.750,2.480,1.470,0,0,50.975,0,0,14,127,1,21,0
26-02 17:15:41,16.000,4.750,78.252,0.500,0,3396324,178576,166672,4213780,26682.606,22390.509,0,428.010,0,21.000,2447,1998,2.750,2.480,1.470,1,0,51.001,0,0,14,126,1,22,0
26-02 17:15:42,18.997,2.250,77.989,0.250,0,3435424,139468,166672,4213788,13750.013,6137.113,0,271.961,0,15.998,1823,1428,2.750,2.480,1.470,2,0,0,0,0,14,127,1,22,0
26-02 17:15:43,18.811,5.769,71.733,3.010,0,3373184,201564,166672,4213932,12304.974,2516.174,80.261,613.995,8.026,87.284,4445,6127,2.750,2.480,1.470,3,0,84.274,0,0,14,134,1,23,0
26-02 17:15:44,23.920,4.485,68.769,1.246,0,3442280,132368,166672,4214032,12548.798,2497.601,0,805.292,0,60.796,4984,7908,2.750,2.480,1.470,0,0,26.910,0,0,14,135,1,25,0
26-02 17:15:45,17.009,5.253,76.790,0.500,0,3441804,132696,166672,4214180,28315.809,21122.047,0,480.251,0,26.014,2559,2052,2.610,2.450,1.470,1,0,55.029,0,0,14,134,1,26,0
26-02 17:15:46,18.243,2.749,77.722,0.250,0,3425996,211036,166672,4153256,13433.187,6250.760,0,459.835,0,25.991,1890,1502,2.610,2.450,1.470,1,0,0,0,0,14,135,1,26,0
26-02 17:15:47,18.306,3.762,69.463,6.520,0,3427668,209040,166680,4153580,6331.446,1483.557,68.209,1889.804,8.025,225.693,5157,7882,2.610,2.450,1.470,1,0,2.006,0,0,14,136,1,26,0
26-02 17:15:48,22.424,6.478,61.540,9.219,0,3410204,226420,166680,4153664,4540.522,1773.953,47.837,4301.337,2.990,521.223,5362,6802,2.610,2.450,1.470,1,0,52.820,0,0,14,135,1,28,0
26-02 17:15:49,17.751,2.500,77.505,1.500,0,3447308,189308,166680,4153672,9485.627,6251.413,0,2540.168,0,53.004,1797,1518,2.610,2.450,1.470,1,0,0,0,0,14,136,1,28,0
26-02 17:15:50,17.308,3.261,73.996,3.261,0,3447988,188424,166680,4153876,12520.660,4823.048,144.481,1111.699,8.027,100.334,3783,5131,2.480,2.430,1.460,3,0,0,0,0,14,136,1,28,0
26-02 17:15:51,31.723,5.495,58.450,3.247,0,3448660,187540,166680,4154088,9556.862,1404.804,0,1594.642,0,163.860,9640,15828,2.480,2.430,1.460,3,0,0,0,0,14,139,1,29,0
26-02 17:15:52,22.997,6.249,67.491,2.500,0,3437200,198976,166680,4154112,7858.926,613.916,0,1231.832,0,70.990,3091,3216,2.480,2.430,1.460,1,0,69.990,0,0,14,139,1,29,0
26-02 17:15:53,13.980,1.748,77.639,4.993,0,3441364,194792,166680,4154132,13560.630,8948.218,0,1374.037,0,154.779,2572,3081,2.480,2.430,1.460,1,3,0.999,0,0,14,140,1,29,0
26-02 17:15:54,13.737,7.742,65.186,12.488,0,3424364,211756,166688,4154160,7974.213,1739.301,15.984,7284.886,0.999,515.497,4467,5397,2.480,2.430,1.460,1,0,147.856,0,0,14,141,1,30,0
26-02 17:15:55,17.501,2.500,78.755,0.250,0,3439916,196172,166688,4154176,10310.711,2784.192,0,436.030,0,23.002,1681,1299,2.360,2.400,1.460,0,0,0,0,0,14,142,1,30,0
26-02 17:15:56,18.720,2.246,76.625,1.498,0,3439796,196268,166688,4154200,15154.318,9768.091,0,770.745,0,60.901,3455,4561,2.360,2.400,1.460,1,0,0,0,0,14,142,1,30,0
26-02 17:15:57,22.043,5.260,66.379,4.258,0,3438860,197152,166688,4154252,8350.225,486.946,0,1242.414,0,121.236,6965,10518,2.360,2.400,1.460,1,0,1.002,0,0,14,142,1,30,0
26-02 17:15:58,38.294,13.015,45.302,2.253,0,3402932,232752,166688,4154548,7694.782,2526.884,32.037,1705.947,2.002,153.175,13169,21027,2.360,2.400,1.460,10,0,279.319,0,0,14,141,1,31,0
26-02 17:15:59,27.209,3.994,66.899,0.250,0,3475332,160328,166688,4154588,5354.937,2677.968,0,722.911,0,46.929,3367,3537,2.360,2.400,1.460,0,0,9.985,0,0,14,142,1,31,0
26-02 17:16:00,21.076,10.287,66.240,1.505,0,3432320,203296,166688,4154632,13498.905,6096.086,24.087,586.123,2.007,33.120,4434,16945,2.260,2.380,1.460,1,0,190.691,0,0,14,141,1,33,0
26-02 17:16:01,8.741,20.230,67.682,1.748,0,3382856,252700,166688,4154676,6884.122,539.461,0,775.226,0,37.962,5994,4747,2.260,2.380,1.460,1,0,411.589,0,0,14,141,1,32,0
26-02 17:16:02,19.263,14.760,64.795,0.500,0,3388504,247044,166688,4154684,8402.789,540.372,0,672.463,0,34.023,6827,8435,2.260,2.380,1.460,2,0,234.161,0,0,14,141,1,32,0
26-02 17:16:03,30.516,22.512,44.024,1.251,0,3447700,187792,166688,4154744,7424.010,582.315,4.002,1692.914,1.001,125.068,6939,6176,2.260,2.380,1.460,2,0,546.295,0,0,14,141,1,32,0
26-02 17:16:04,33.176,16.713,49.140,0.499,0,3484828,150168,166700,4155348,3682.774,650.547,55.875,351.216,2.993,23.947,7288,9336,2.260,2.380,1.460,5,0,320.285,0,0,14,147,1,32,0
26-02 17:16:05,53.821,24.532,19.275,1.752,0,3619608,134772,166712,4039292,7060.307,486.641,40.053,264.348,1.001,14.018,6749,9905,2.320,2.390,1.470,6,0,633.836,0,0,16,151,1,32,0
26-02 17:16:06,60.574,19.693,19.194,0.499,0,3752064,135152,166712,3907620,5485.068,538.436,47.861,769.764,6.980,54.841,7121,11410,2.320,2.390,1.470,1,1,357.960,0,0,16,169,1,32,0
26-02 17:16:07,43.135,22.571,32.853,0.502,0,3823748,158772,166712,3813612,3403.682,541.700,12.038,782.456,3.009,47.148,9506,11357,2.320,2.390,1.470,4,0,577.813,0,0,16,169,1,32,0
26-02 17:16:08,22.468,21.968,51.426,2.996,0,3853284,179752,166712,3764140,6832.176,539.225,7.989,2780.003,1.997,51.925,6830,6306,2.320,2.390,1.470,6,0,508.269,0,0,17,169,1,32,0
26-02 17:16:09,25.481,15.239,55.959,2.748,0,3897556,135436,166712,3763828,5955.615,629.536,7.994,415.694,1.999,21.984,7414,9595,2.320,2.390,1.470,4,0,321.763,0,0,17,169,1,32,0
26-02 17:16:10,33.979,21.737,41.974,1.749,0,3962064,124740,166712,3711876,7592.313,539.667,7.995,243.849,1.999,22.986,6952,7192,2.290,2.380,1.470,3,0,520.679,0,0,17,169,1,32,0
26-02 17:16:11,41.621,20.811,36.607,0.752,0,4070416,137460,166728,3593156,3603.504,611.783,140.409,493.438,4.012,38.111,8800,12008,2.290,2.380,1.470,3,0,451.316,0,0,17,181,1,32,0
26-02 17:16:12,29.487,25.489,43.481,0,0,4133696,139832,166728,3528948,3155.621,539.764,15.993,427.813,1.000,25.989,7532,7185,2.290,2.380,1.470,3,0,754.670,0,0,17,181,1,32,0
26-02 17:16:13,17.006,22.258,58.521,0.500,0,4179228,132100,166728,3492444,9678.517,486.177,12.004,668.243,3.001,44.016,9464,12180,2.290,2.380,1.470,11,0,489.178,0,0,17,187,1,31,0
26-02 17:16:14,27.403,13.203,56.051,1.993,0,4219416,128364,166728,3456552,5322.107,538.090,3.986,1131.982,0.996,92.671,5393,6694,2.290,2.380,1.470,3,1,207.264,0,0,17,193,1,31,0
26-02 17:16:15,42.834,6.763,43.836,6.513,0,4352892,138112,166728,3316416,7875.459,541.062,721.416,3747.356,12.024,297.584,3317,1925,2.270,2.380,1.470,2,1,1.002,0,0,17,193,1,31,0
26-02 17:16:16,42.532,8.006,44.534,3.252,0,4455560,141232,166732,3213776,5269.966,540.407,252.190,772.581,14.011,68.051,4309,3846,2.270,2.380,1.470,2,0,14.011,0,0,17,214,1,31,0
26-02 17:16:17,26.534,22.779,47.060,3.004,0,4398152,197472,166740,3214904,8793.273,614.788,925.186,488.626,11.014,40.051,6768,6338,2.270,2.380,1.470,3,0,574.737,0,0,17,213,1,31,0
26-02 17:16:18,36.720,18.985,41.966,0.999,0,4434512,160092,166748,3216356,12427.972,8527.119,31.974,379.694,2.998,31.974,9048,14256,2.270,2.380,1.470,6,0,479.613,0,0,17,220,1,29,0
26-02 17:16:19,62.742,19.747,15.248,1.500,0,4515916,163644,166760,3134136,7355.067,1468.814,723.908,811.897,16.998,17.998,6059,5849,2.270,2.380,1.470,3,0,218.972,0,0,17,220,1,30,0
26-02 17:16:20,50.686,10.237,21.972,16.729,0,4637536,156096,166796,3022228,14437.844,8786.950,1558.041,12240.607,44.943,716.099,5234,4195,2.330,2.390,1.480,4,0,28.964,0,0,17,225,1,30,0
26-02 17:16:21,48.661,9.982,19.714,20.463,0,4610308,174924,166840,3030568,11226.552,3336.922,5741.542,2000.357,398.275,134.755,6021,6250,2.330,2.390,1.480,3,0,25.953,0,0,17,236,1,31,0
26-02 17:16:22,45.402,18.311,31.104,4.766,0,4660824,163364,166860,2992724,13729.881,6798.719,421.408,1420.748,61.205,80.268,7491,10799,2.330,2.390,1.480,2,0,379.267,0,0,17,236,1,35,0
26-02 17:16:23,34.267,20.260,41.770,2.251,0,4632380,190316,166860,2994544,15022.291,5275.560,64.031,2841.379,2.001,87.042,8669,11666,2.330,2.390,1.480,2,0,416.202,0,0,17,237,1,36,0
26-02 17:16:24,51.008,22.004,23.754,2.750,0,4725612,160968,166868,2931700,13906.245,6328.021,56.009,11981.934,4.001,192.031,7534,8231,2.330,2.390,1.480,8,0,475.077,0,0,17,240,1,36,0
26-02 17:16:25,52.971,20.989,22.238,2.998,0,4753472,217528,166884,2849992,14093.308,5718.879,1099.400,475.740,49.973,39.978,7699,11287,2.460,2.410,1.490,4,0,348.810,0,0,17,241,1,39,0
26-02 17:16:26,55.936,23.723,19.977,0.999,0,4846976,121032,166892,2852476,9402.208,6183.902,115.867,1102.734,10.987,67.922,8697,11631,2.460,2.410,1.490,4,0,513.411,0,0,17,248,1,28,0
26-02 17:16:27,50.427,19.971,24.714,2.746,0,4819528,242752,166900,2759544,12030.655,5911.477,535.228,1018.532,30.955,54.921,9976,15841,2.460,2.410,1.490,3,0,322.535,0,0,17,255,1,31,0
26-02 17:16:28,66.444,15.545,17.301,0.752,0,5010972,155692,166904,2657604,8609.147,2867.376,20.059,625.828,4.012,36.105,5666,5339,2.460,2.410,1.490,2,0,185.542,0,0,17,256,1,31,0
26-02 17:16:29,52.906,8.734,31.195,6.488,0,5044292,203372,166916,2578744,21288.222,15820.924,1409.499,1213.846,90.839,52.906,5784,5732,2.460,2.410,1.490,5,0,29.947,0,0,17,259,1,37,0
26-02 17:16:30,57.898,12.728,22.959,4.492,0,5106672,159664,166944,2560560,8101.692,4063.823,1824.777,782.618,46.917,62.889,10895,19488,2.500,2.420,1.500,3,0,11.979,0,0,17,265,1,37,0
26-02 17:16:31,49.225,21.239,27.736,2.249,0,5073568,189008,167208,2563892,16945.520,10160.915,4053.971,1562.218,61.969,74.962,7605,8033,2.500,2.420,1.500,3,0,460.769,0,0,17,265,1,39,0
26-02 17:16:32,51.420,22.073,25.083,0.502,0,5102336,160080,167208,2564372,14374.606,6273.777,1095.628,694.299,13.043,44.146,7753,8530,2.500,2.420,1.500,6,0,443.469,0,0,17,266,1,39,0
26-02 17:16:33,66.782,18.689,12.958,0.748,0,5134212,151552,167212,2541900,13117.278,5700.434,924.987,1275.845,12.958,63.792,7092,10195,2.500,2.420,1.500,6,1,231.247,0,0,18,270,1,40,0
26-02 17:16:34,65.766,11.798,6.777,15.312,0,5239524,137232,167216,2454816,13307.786,6372.757,3212.986,2120.571,139.564,238.966,5387,3870,2.500,2.420,1.500,8,0,13.053,0,0,18,273,1,39,0
26-02 17:16:35,72.202,10.243,11.243,6.246,0,5250656,205608,167248,2377840,9493.714,5721.212,1435.050,1610.933,50.966,86.942,5513,4695,2.620,2.450,1.520,5,1,20.986,0,0,18,279,1,40,0
26-02 17:16:36,49.275,15.008,31.266,3.002,0,5325060,155260,167252,2354664,14825.490,4038.040,1140.576,1088.550,28.014,98.050,7745,10358,2.620,2.450,1.520,4,0,219.111,0,0,18,284,1,42,0
26-02 17:16:37,37.905,7.980,47.381,4.738,0,5292984,210036,167260,2332684,22442.850,11062.323,933.664,1137.155,16.958,109.725,6008,7796,2.620,2.450,1.520,2,0,14.963,0,0,18,290,1,43,0
26-02 17:16:38,37.675,11.228,47.656,3.244,0.250,5364556,120692,167264,2350404,16520906.268,151650.545,2187.666,758.497,21.956,63.873,10708,6609,2.620,2.450,1.520,0,1,95.810,0,0,18,289,1,40,0
26-02 17:16:39,29.608,10.538,55.953,2.509,0,5387372,128048,167264,2321188,17861.911,9292.770,618.247,3512.766,10.036,66.241,4946,4755,2.620,2.450,1.520,2,0,169.616,0,0,18,290,1,41,0
26-02 17:16:40,36.417,4.989,57.119,0.499,0,5395876,119536,167264,2321200,17308.323,10327.326,0,558.719,0,41.904,3440,2920,2.490,2.430,1.510,2,0,5.986,0,0,18,299,1,42,0
26-02 17:16:41,22.217,3.744,61.907,10.484,0,5399972,144760,167264,2292852,241721.791,9471710.727,527.206,1537.683,28.956,191.711,6252,7080,2.490,2.430,1.510,2,0,1.997,0,0,18,299,1,45,0
26-02 17:16:42,6.498,2.749,88.216,0.250,0,5333560,211184,167264,2292872,189221.814,6911925.170,0,671.744,0,48.981,2885,2927,2.490,2.430,1.510,0,0,36.986,0,0,18,298,1,44,0
26-02 17:16:43,2.500,1.500,89.753,5.750,0,5333544,211184,167264,2292888,4570.174,540.021,0,3380.128,0,202.008,1712,2617,2.490,2.430,1.510,0,0,1.000,0,0,18,300,1,44,0
26-02 17:16:44,11.510,2.252,83.326,1.251,0,5338088,206492,167276,2293024,7539901.180,28834.216,112.102,9064.241,4.004,55.050,5144,5593,2.490,2.430,1.510,1,0,2.002,0,0,18,308,1,44,0
26-02 17:16:45,17.793,10.024,68.667,2.506,0,5256968,271460,167276,2309144,9002598.119,36707.488,76.186,974.375,5.012,67.164,7772,7041,2.370,2.400,1.510,1,0,240.587,0,0,18,304,1,47,0
26-02 17:16:46,19.274,8.761,63.580,7.009,0,5312684,215692,167276,2309180,7687.672,540.680,0,12367.560,0,816.027,4513,3886,2.370,2.400,1.510,1,1,225.283,0,0,18,304,1,43,0
26-02 17:16:47,13.504,14.755,65.270,5.252,0,5324720,203608,167280,2309224,8729.694,540.167,4.001,3421.056,1.000,336.104,5408,4489,2.370,2.400,1.510,1,0,278.086,0,0,18,306,1,43,0
26-02 17:16:48,7.216,17.417,72.405,0.249,0,5320764,207488,167288,2309292,7572.940,537.441,19.905,16318.297,1.991,52.749,6051,5464,2.370,2.400,1.510,0,0,391.138,0,0,18,306,1,43,0
26-02 17:16:49,4.501,1.500,91.021,2.000,0,5309628,218620,167288,2309296,7901.821,540.124,4.001,1904.439,1.000,20.005,1466,1955,2.370,2.400,1.510,2,0,9.002,0,0,18,306,1,43,0
26-02 17:16:50,20.244,3.249,75.729,0.250,0,5362676,165568,167292,2309300,4941.650,2505.316,3.999,5238.569,1.000,101.972,2199,2038,2.260,2.380,1.510,1,0,0,0,0,18,307,1,41,0
26-02 17:16:51,16.264,7.256,74.066,1.001,0,5338312,189836,167292,2309396,11228.007,7514.697,64.057,136.121,4.004,12.011,3703,3496,2.260,2.380,1.510,1,0,108.096,0,0,18,310,1,42,0
26-02 17:16:52,12.019,16.275,70.360,0.250,0,5334504,193332,167296,2309672,7438.632,614.962,12.019,128.200,3.005,12.019,5682,4730,2.260,2.380,1.510,1,0,224.351,0,0,18,310,1,42,0
26-02 17:16:53,12.273,16.030,69.879,0.250,0,5322672,204848,167296,2309972,10031.568,486.901,0,296.549,0,23.043,5752,4819,2.260,2.380,1.510,1,0,227.421,0,0,18,310,1,42,0
26-02 17:16:54,21.648,5.225,71.163,0.746,0,5393060,134432,167296,2310000,7529.380,537.457,19.906,262.757,1.991,21.896,2553,2423,2.260,2.380,1.510,1,0,44.788,0,0,18,310,1,40,0
26-02 17:16:55,22.271,3.754,67.563,4.754,0,5418104,139244,167296,2280892,6054.647,694.648,292.273,12387.553,6.006,42.039,2682,2727,2.160,2.360,1.500,1,0,6.006,0,0,18,318,1,40,0
26-02 17:16:56,24.488,3.248,70.216,1.499,0,5407744,149412,167296,2281084,9770.223,539.736,215.894,455.777,15.992,43.978,2918,2837,2.160,2.360,1.500,1,0,4.998,0,0,18,314,1,40,0
26-02 17:16:57,23.502,4.000,71.255,0,0,5468764,119592,167296,2251404,8384.582,540.037,0,212.015,0,9.001,2475,2242,2.160,2.360,1.500,2,0,4.000,0,0,18,314,1,40,0
26-02 17:16:58,20.313,3.260,74.481,0.752,0,5361364,257848,167296,2222236,11856.850,7713.974,0,288.898,0,31.097,2970,2827,2.160,2.360,1.500,2,0,17.053,0,0,18,316,1,41,0
26-02 17:16:59,23.427,3.240,71.527,0.249,0,5407096,212116,167296,2222236,3770.247,538.322,0,307.043,0,18.941,2294,2128,2.160,2.360,1.500,1,0,0,0,0,18,316,1,40,0
26-02 17:17:00,21.578,11.793,64.735,1.505,0,5374072,244824,167296,2222552,8826.057,541.968,562.041,353.283,13.047,13.047,4797,13815,2.070,2.330,1.500,2,0,223.813,0,0,18,316,1,41,0
26-02 17:17:01,11.212,17.440,68.516,0.498,0,5377508,241188,167300,2222748,5801.162,484.344,75.741,318.909,4.983,24.915,5773,5152,2.070,2.330,1.500,2,0,397.640,0,0,18,316,1,41,0
26-02 17:17:02,19.994,3.749,75.229,0.250,0,5384704,233812,167472,2222756,11214.823,1877.468,143.959,147.958,6.998,6.998,2383,2069,2.070,2.330,1.500,1,0,32.991,0,0,18,317,1,41,0
26-02 17:17:03,22.253,2.750,72.510,1.250,0,5359084,252952,168108,2228472,6889.968,1552.218,292.041,748.105,6.001,16.002,2276,2019,2.070,2.330,1.500,1,0,2.000,0,0,18,316,1,39,0
26-02 17:17:04,19.506,3.001,75.771,0.750,0,5358220,250664,168240,2231428,18768.295,3481.982,68.019,424.120,4.001,7.002,2229,1937,2.070,2.330,1.500,1,2,18.005,0,0,18,317,1,39,0
26-02 17:17:05,22.004,5.751,68.263,2.500,0,5341496,264080,168644,2234236,6765.306,1207.233,24.005,1492.288,1.000,40.008,10967,19894,1.980,2.310,1.500,1,0,12.002,0,0,18,317,1,39,0
26-02 17:17:06,19.993,4.998,72.473,1.000,0,5342736,262476,168696,2234544,10217.238,2986.900,11.996,627.769,2.999,15.994,10372,19209,1.980,2.310,1.500,1,0,11.996,0,0,18,317,1,39,0
26-02 17:17:07,20.080,5.522,71.282,2.259,0,5320404,294400,168824,2224772,7606.136,716.840,4.016,923.660,1.004,38.151,2998,2922,1.980,2.310,1.500,1,0,30.119,0,0,18,316,1,39,0
26-02 17:17:08,16.933,10.708,68.729,1.245,0,5344160,270788,168824,2224664,6789.226,484.091,0,828.732,0,41.835,4603,4629,1.980,2.310,1.500,1,0,248.022,0,0,18,316,1,39,0
26-02 17:17:09,19.749,2.250,76.996,0.250,0,5371052,243580,168824,2224980,10162.412,6252.638,0,183.989,0,10.999,2042,1835,1.980,2.310,1.500,1,0,0,0,0,18,317,1,39,0
26-02 17:17:10,17.501,8.501,72.755,0.250,0,5347400,267200,168824,2225012,11700.837,5094.364,16.001,348.025,1.000,10.001,3461,2995,1.900,2.290,1.490,1,0,116.008,0,0,18,316,1,42,0
26-02 17:17:11,20.007,2.251,76.278,0.250,0,5365432,249156,168824,2225024,12429.528,6255.279,0,124.045,0,10.004,2257,2088,1.900,2.290,1.490,1,0,0,0,0,18,317,1,42,0
26-02 17:17:12,20.985,6.495,70.948,0,0,5332464,282132,168824,2225032,12362.990,3448.487,0,215.843,0,49.964,3210,2720,1.900,2.290,1.490,1,0,75.945,0,0,18,316,1,43,0
26-02 17:17:13,18.271,2.503,77.840,0.250,0,5359984,254604,168824,2225040,14685.895,8469.744,0,0,0,0,2394,2284,1.900,2.290,1.490,0,1,0,0,0,18,317,1,43,0
26-02 17:17:14,21.574,5.017,72.249,0.251,0,5324388,290156,168824,2225084,9252.947,5665.561,32.111,12.042,2.007,2.007,2740,2383,1.900,2.290,1.490,1,0,58.201,0,0,18,316,1,44,0
26-02 17:17:15,19.414,1.493,75.912,0.996,0,5338640,275804,168824,2225184,18981.541,10713.331,79.646,390.264,4.978,26.880,2742,2822,1.750,2.250,1.490,2,0,0,0,0,18,316,1,48,0
26-02 17:17:16,23.235,5.247,70.453,0.250,0,5338324,276096,168824,2225208,8432.404,485.678,11.992,287.809,0.999,17.988,2836,2480,1.750,2.250,1.490,1,0,31.979,0,0,18,318,1,48,0
26-02 17:17:17,14.012,3.753,77.565,3.253,0,5342332,271840,168900,2225376,17393.515,10718.945,108.090,708.591,9.008,107.089,4386,6459,1.750,2.250,1.490,0,2,4.003,0,0,18,319,0,48,0
26-02 17:17:18,22.298,5.762,63.387,8.268,0,5305324,308832,168900,2225392,6542.123,1269.741,0,3094.681,0,371.803,3705,3400,1.750,2.250,1.490,1,0,47.102,0,0,18,318,0,49,0
26-02 17:17:19,20.030,2.253,76.113,1.001,0,5329748,284388,168900,2225412,18106.777,10710.840,0,288.427,0,24.036,2670,2601,1.750,2.250,1.490,1,0,0,0,0,18,318,0,50,1
26-02 17:17:20,21.909,4.730,71.702,0.249,0,5357860,256284,168900,2225416,9985.558,603.495,0,219.091,0,17.926,2672,2435,1.690,2.230,1.480,3,0,31.868,0,0,18,318,0,51,0
26-02 17:17:21,14.007,2.001,82.544,0.250,0,5364064,249956,168900,2225556,15636.321,10402.536,0,1328.707,0,109.058,2330,2409,1.690,2.230,1.480,0,0,0,0,0,18,319,0,51,0
26-02 17:17:22,10.995,8.246,75.717,3.748,0,5340604,272204,169436,2226232,6122.323,2745.799,1107.516,455.801,245.892,42.981,4262,4765,1.690,2.230,1.480,1,0,180.921,0,0,18,320,0,52,0
26-02 17:17:23,3.260,3.762,90.028,1.003,0,5324500,288252,169440,2226284,22150.391,3260.066,16.050,481.487,5.015,34.105,2297,2729,1.690,2.230,1.480,4,0,49.152,0,0,18,320,0,47,0
26-02 17:17:24,4.989,6.485,86.057,0.998,0,5320804,291932,169440,2226300,13164.531,3926.211,0,235.473,0,9.978,2943,2867,1.690,2.230,1.480,1,0,128.712,0,0,18,320,0,48,0
26-02 17:17:25,13.989,9.743,70.946,4.497,0,5335260,275960,169444,2227812,8093.891,539.593,819.382,347.738,86.934,20.984,3911,3722,1.790,2.240,1.490,0,1,161.878,0,0,18,320,0,48,0
26-02 17:17:26,19.252,3.000,70.757,5.251,0,5327512,268160,169448,2243352,5858.589,540.054,5840.587,892.090,389.039,13.001,2705,2850,1.790,2.240,1.490,1,0,1.000,0,0,18,320,0,48,0
26-02 17:17:27,16.258,2.251,78.538,1.501,0,5306864,285052,169448,2247036,21324.196,5039.409,4.002,1316.630,1.000,37.018,2595,2589,1.790,2.240,1.490,1,0,19.009,0,0,18,320,0,42,0
26-02 17:17:28,12.525,9.268,68.636,8.517,0,5304720,284328,169460,2249844,5889.699,541.075,965.919,3498.950,16.032,121.241,4782,4761,1.790,2.240,1.490,1,0,146.291,0,0,18,320,0,42,0
26-02 17:17:29,19.456,8.232,70.343,0.998,0,5349372,239668,169460,2249852,3310.589,538.794,0,379.151,0,20.953,3345,3037,1.790,2.240,1.490,1,0,156.649,0,0,18,320,0,42,0
26-02 17:17:30,18.326,2.510,78.577,0,0,5339856,249160,169460,2249876,27492.581,23173.580,0,0,0,0,2258,2205,1.730,2.220,1.490,3,0,12.050,0,0,18,320,0,44,0
26-02 17:17:31,22.174,4.235,72.003,0,0,5409296,179716,169460,2249880,8248.716,1939.350,0,271.071,0,14.949,2625,2341,1.730,2.220,1.490,0,0,34.880,0,0,18,321,0,35,0
26-02 17:17:32,16.988,2.748,77.443,1.999,0,5394684,194056,169460,2250152,16592.871,7928.205,255.813,135.901,15.988,18.986,2636,2551,1.730,2.220,1.490,1,0,13.990,0,0,18,320,0,37,0
26-02 17:17:33,20.250,3.250,75.251,0,0,5448080,140656,169460,2250156,9465.130,2785.038,0,80.001,0,3.000,2170,2007,1.730,2.220,1.490,0,0,0,0,0,18,323,0,37,0
26-02 17:17:34,15.279,2.505,74.390,6.011,0,5436992,150184,169460,2251716,14245.731,4948.285,1522.858,561.053,50.094,75.141,3545,4822,1.730,2.220,1.490,1,0,2.004,0,0,18,325,0,37,0
26-02 17:17:35,20.711,4.242,66.873,5.739,0,5404460,182328,169460,2252104,11101.859,1776.617,335.361,3557.226,19.962,243.536,4185,5605,1.670,2.200,1.490,4,0,4.990,0,0,18,324,0,36,0
26-02 17:17:36,19.002,2.750,77.006,0.500,0,5429796,156988,169460,2252108,13615.120,6253.514,0,352.029,0,18.001,2188,1963,1.670,2.200,1.490,2,0,0,0,0,18,325,0,36,0
26-02 17:17:37,19.756,3.501,71.521,3.751,0,5420588,165760,169460,2252544,10958.153,5653.627,256.074,1136.327,7.002,136.039,5331,7488,1.670,2.200,1.490,3,0,2.001,0,0,18,324,0,37,0
26-02 17:17:38,9.290,22.598,66.035,1.004,0,5363592,222708,169460,2252592,9612.509,542.342,0,980.233,0,71.308,7846,7930,1.670,2.200,1.490,3,0,738.188,0,0,18,324,0,37,0
26-02 17:17:39,7.999,23.249,66.246,1.250,0,5351672,234596,169460,2252624,9777.370,539.965,0,735.953,0,56.996,7471,7169,1.670,2.200,1.490,2,0,719.954,0,0,18,324,0,33,0
26-02 17:17:40,9.501,21.752,66.755,0.750,0,5340320,245916,169460,2252656,4340.336,486.038,0,588.046,0,41.003,7172,6682,1.620,2.180,1.480,1,0,665.052,0,0,18,324,0,33,0
26-02 17:17:41,8.249,20.497,66.989,3.000,0,5328644,257556,169460,2252692,8875.531,539.911,0,4327.284,0,154.974,7164,7012,1.620,2.180,1.480,1,0,614.898,0,0,18,324,0,33,0
26-02 17:17:42,7.745,22.486,67.958,0,0,5331048,255112,169460,2252732,7100.573,539.664,0,247.845,0,21.986,7270,6735,1.620,2.180,1.480,1,0,655.591,0,0,18,324,0,33,0
26-02 17:17:43,12.736,16.233,69.926,0,0,5330220,255884,169460,2252788,9607.777,539.426,15.983,35.962,0.999,6.993,5896,5175,1.620,2.180,1.480,1,0,444.527,0,0,18,324,0,33,0
26-02 17:17:44,19.699,5.984,69.319,3.740,0,5323816,357272,169756,2168052,5956.456,538.594,3.990,2505.462,0.997,49.870,2332,2077,1.620,2.180,1.480,1,1,3.990,0,0,18,324,0,28,0
26-02 17:17:45,17.498,2.250,77.242,1.750,0,5328020,350968,169780,2170124,12603.747,5030.500,91.991,787.922,10.999,12.999,2151,2095,1.570,2.160,1.480,0,1,15.998,0,0,18,325,0,28,0
26-02 17:17:46,13.743,1.749,78.459,4.748,0,5336928,340904,169816,2171240,25057.844,12258.564,819.570,1671.123,52.972,48.974,2100,2167,1.570,2.160,1.480,1,0,0,0,0,18,325,0,28,0
26-02 17:17:47,16.507,1.751,77.032,4.502,0,5357564,318996,169864,2172456,21654.120,9923.180,948.399,1548.652,44.019,61.026,2333,2572,1.570,2.160,1.480,1,0,1.000,0,0,18,325,0,28,0
26-02 17:17:48,14.997,1.250,77.233,4.749,0,5354424,321100,169968,2173384,21339.363,12299.327,827.820,2003.565,53.988,99.978,2369,2657,1.570,2.160,1.480,1,0,0,0,0,18,325,0,25,0
26-02 17:17:49,14.998,1.500,72.741,9.499,0,5369244,305112,170076,2174436,23686.120,11569.593,523.936,3767.542,34.996,411.950,2277,2035,1.570,2.160,1.480,1,0,0,0,0,18,325,0,25,0
26-02 17:17:50,20.766,4.003,65.051,9.507,0,5405020,238420,170152,2205272,7521.846,690.537,11753.135,1048.815,121.094,52.040,2510,2280,1.520,2.140,1.480,1,1,4.003,0,0,18,325,0,25,0
26-02 17:17:51,37.986,8.247,49.982,2.749,0,5436416,191256,170244,2220708,9426.614,539.806,767.724,1587.430,5.998,42.985,3692,2510,1.520,2.140,1.480,3,0,7.997,0,0,18,325,0,25,0
26-02 17:17:52,23.993,2.749,65.231,6.748,0,5434328,181876,170316,2231904,4953.527,539.840,255.924,6286.131,1.999,326.903,3154,2736,1.520,2.140,1.480,1,0,1.999,0,0,18,325,0,24,0
26-02 17:17:53,18.253,2.250,71.260,6.501,0,5437336,159180,170468,2251280,3634.524,540.078,0,2748.396,0,131.019,2801,3173,1.520,2.140,1.480,1,0,1.000,0,0,18,325,0,24,0
26-02 17:17:54,18.488,1.999,72.202,6.496,0.250,5428556,154928,170600,2263908,8537.300,539.640,0,1870.751,0,69.953,2401,2377,1.520,2.140,1.480,0,1,0,0,0,18,325,0,24,0
26-02 17:17:55,20.256,1.751,72.771,4.751,0.250,5424252,138212,170732,2284564,5343.564,486.142,0,1864.546,0,70.020,2449,2468,1.480,2.120,1.470,2,0,0,0,0,18,325,0,24,0
26-02 17:17:56,22.508,3.501,70.276,2.501,0,5397516,179496,170840,2269792,7825.900,784.291,0,1224.454,0,34.013,2547,2235,1.480,2.120,1.470,1,0,19.007,0,0,18,324,0,24,0
26-02 17:17:57,15.494,3.999,67.726,11.496,0,5403188,169328,170896,2274216,10120.356,2822.984,0,15710.343,0,175.937,2845,3094,1.480,2.120,1.470,1,0,17.994,0,0,18,324,0,24,0
26-02 17:17:58,19.499,3.250,73.995,2.250,0,5404968,166196,170916,2275516,14168.076,2642.828,0,979.936,0,37.998,2515,2471,1.480,2.120,1.470,1,0,17.999,0,0,18,325,0,24,0
26-02 17:17:59,21.509,5.002,69.778,1.501,0,5387056,178400,171108,2280884,7138.832,1552.616,0,976.387,0,23.009,10763,19411,1.480,2.120,1.470,1,0,13.005,0,0,18,324,0,24,0
26-02 17:18:00,23.459,6.738,64.887,2.745,0,5379296,185908,171120,2281740,3525.887,539.065,0,1828.829,0,16.971,10490,20675,1.440,2.100,1.470,8,0,46.919,0,0,18,324,0,23,0
26-02 17:18:01,24.537,6.009,67.602,0.751,0,5309252,267264,171120,2269912,3715.596,540.814,0,320.483,0,12.018,3385,11726,1.440,2.100,1.470,1,0,18.027,0,0,18,324,0,24,0
26-02 17:18:02,24.804,4.760,68.398,0.752,0,5323108,253404,171120,2269920,7453.138,487.055,0,665.441,0,8.017,10814,19407,1.440,2.100,1.470,1,0,54.117,0,0,18,324,0,24,0
26-02 17:18:03,17.967,2.995,76.611,0.499,0,5343980,227984,171120,2274468,12654.997,2818.876,0,902.360,0,20.962,2177,2027,1.440,2.100,1.470,1,0,26.951,0,0,18,324,0,24,0
26-02 17:18:04,20.489,2.998,75.460,0,0,5343256,227520,171120,2275640,17153.838,2641.589,0,319.829,0,2.998,2324,2026,1.440,2.100,1.470,1,0,17.990,0,0,18,325,0,23,0
26-02 17:18:05,22.260,5.252,69.781,0.750,0,5342784,222496,171120,2281008,7886.456,1552.680,0,868.381,0,15.007,9969,18242,1.410,2.080,1.470,1,0,13.006,0,0,18,324,0,23,0
26-02 17:18:06,21.999,7.000,68.747,0,0,5345988,218968,171128,2281324,7242.682,539.976,0,167.993,0,2.000,11451,20326,1.410,2.080,1.470,1,0,18.999,0,0,18,324,0,23,0
26-02 17:18:07,21.760,5.002,70.533,1.751,0,5335100,241300,171128,2269976,5680.655,540.253,32.015,1128.528,1.000,35.016,3007,3149,1.410,2.080,1.470,1,0,24.011,0,0,18,324,0,23,0
26-02 17:18:08,23.505,5.251,69.265,1.000,0,5340800,235584,171128,2269992,5729.235,540.116,0,816.176,0,60.013,3725,3843,1.410,2.080,1.470,1,0,95.020,0,0,18,324,0,23,0
26-02 17:18:09,22.992,3.499,71.225,1.000,0,5344908,220824,171128,2280564,6691.648,539.810,0,799.719,0,9.996,2473,2006,1.410,2.080,1.470,1,0,18.993,0,0,18,324,0,23,0
26-02 17:18:10,15.491,1.499,73.957,7.995,0,5356360,209008,171128,2280912,24300.751,10097.080,3.998,2470.551,0.999,192.887,1966,1830,1.290,2.050,1.460,0,0,0,0,0,18,325,0,23,0
26-02 17:18:11,11.507,1.751,82.051,4.002,0,5355924,209008,171128,2281332,73472.790,14313.921,0,2133.330,0,89.056,2181,2593,1.290,2.050,1.460,2,0,0,0,0,18,326,0,23,0
26-02 17:18:12,15.250,2.000,77.502,3.500,0,5381312,183304,171128,2281620,113209.367,12795.268,0,1564.033,0,63.001,2302,2251,1.290,2.050,1.460,0,0,6.000,0,0,18,326,0,19,0
26-02 17:18:13,16.493,1.000,78.966,2.249,0,5385888,178360,171128,2281976,26564.608,13904.037,0,1683.278,0,50.978,1891,1920,1.290,2.050,1.460,1,0,0,0,0,18,326,0,19,0
26-02 17:18:14,11.249,1.250,79.994,5.750,0,5398496,165284,171128,2282416,334249.307,16510.830,0,2043.855,0,81.994,2214,2325,1.290,2.050,1.460,1,0,2.000,0,0,18,326,0,19,0
26-02 17:18:15,10.751,1.750,80.011,6.251,0,5396060,167244,171140,2282868,87739.693,17283.303,132.018,2340.312,10.001,93.012,2142,2452,1.190,2.020,1.450,0,0,0,0,0,18,326,0,19,0
26-02 17:18:16,11.504,2.251,78.279,5.752,0,5391040,153732,171204,2301316,5066674.503,48845.148,0,5986.224,0,59.022,4003,3355,1.190,2.020,1.450,0,0,2.001,0,0,18,326,0,14,0
26-02 17:18:17,7.997,2.749,75.222,11.995,0,5388200,125760,171356,2331872,12549646.060,96441.475,195.926,16493.753,4.998,244.907,6527,5009,1.190,2.020,1.450,0,1,3.998,0,0,18,326,0,14,0
26-02 17:18:18,17.673,2.987,68.950,8.961,0,5385276,142376,171588,2318588,190494.694,2183.506,0,13027.355,0,249.913,3058,3371,1.190,2.020,1.450,2,0,0.996,0,0,18,326,0,14,0
26-02 17:18:19,20.298,4.260,71.170,3.258,0,5398340,126524,174712,2317952,4767.368,541.291,0,3544.452,0,65.155,2567,2393,1.190,2.020,1.450,2,0,0,0,0,18,326,0,14,0
26-02 17:18:20,25.921,4.278,65.180,4.278,0,5394568,133312,175092,2314436,8085.286,543.582,0,2154.197,0,175.154,4667,5839,1.170,2,1.450,1,0,1.007,0,0,18,326,0,10,0
26-02 17:18:21,21.398,3.235,66.434,7.216,0,5410216,135716,175716,2295692,6953.970,537.447,0,2707.142,0,127.395,3296,3503,1.170,2,1.450,1,0,0,0,0,18,326,0,13,0
26-02 17:18:22,19.256,3.501,69.020,7.002,0,5403920,120584,176372,2315912,8033.319,540.156,0,8374.418,0,114.033,2858,2957,1.170,2,1.450,0,0,1.000,0,0,18,326,0,13,0
26-02 17:18:23,19.041,2.756,70.151,6.514,0,5396208,126528,176980,2316100,6472.905,541.162,0,12001.781,0,178.383,2924,3327,1.170,2,1.450,1,0,1.002,0,0,18,326,0,13,0
26-02 17:18:24,8.480,2.494,59.609,28.433,0,5397176,121024,177180,2320368,4035.428,484.850,0,37263.610,0,508.793,2479,2831,1.170,2,1.450,1,0,0,0,0,18,326,0,13,0
26-02 17:18:25,19.582,3.515,63.767,12.804,0,5400944,127364,178352,2308864,7725.356,542.271,0,29053.684,0,239.001,2884,2836,1.480,2.050,1.470,1,0,0,0,0,18,326,0,10,0
26-02 17:18:26,10.703,2.489,62.474,22.650,0,5397356,123892,178484,2315496,7575.475,537.621,0,27577.954,0,199.119,2302,2475,1.480,2.050,1.470,0,1,0,0,0,18,326,0,10,0
26-02 17:18:27,7.033,3.265,64.053,23.863,0,5399068,138008,178916,2299192,3144.880,542.567,32.152,30291.325,1.005,193.918,2399,3097,1.480,2.050,1.470,0,0,2.010,0,0,18,326,0,10,0
26-02 17:18:28,9.212,2.988,55.771,30.375,0,5398584,134084,179168,2303364,9992.033,537.795,0,19257.047,0,250.971,2573,3205,1.480,2.050,1.470,1,0,0,0,0,18,326,0,10,0
26-02 17:18:29,7.495,2.248,52.713,36.225,0,5400496,125264,179372,2309980,6556.451,539.626,0,24103.275,0,181.874,1902,2284,1.480,2.050,1.470,2,2,0,0,0,18,326,0,10,0
26-02 17:18:30,6.006,2.002,52.049,39.537,0,5398896,124788,179536,2311820,7584.071,540.504,0,15942.864,0,211.197,1969,2423,1.520,2.050,1.470,1,0,0,0,0,18,326,0,10,0
26-02 17:18:31,5.748,1.999,53.229,36.985,0,5398080,122896,179792,2313964,4266.284,539.783,0,15729.674,0,374.849,1845,2295,1.520,2.050,1.470,1,0,0,0,0,18,326,0,10,0
26-02 17:18:32,4.998,1.249,56.472,35.233,0,5398164,122140,179816,2314420,9679.285,2665.702,0,20697.919,0,347.831,1838,2105,1.520,2.050,1.470,0,2,0,0,0,18,327,0,10,0
26-02 17:18:33,20.270,4.004,70.320,5.005,0,5324040,230892,179820,2279896,8387.380,1063.062,4.004,11439.429,1.001,45.045,2407,2067,1.520,2.050,1.470,1,0,19.019,0,0,18,324,0,6,0
26-02 17:18:34,16.247,2.500,75.985,3.749,0,5346320,203960,179936,2284308,13082.448,2983.418,0,1247.757,0,8.998,2123,1932,1.520,2.050,1.470,1,0,16.997,0,0,18,324,0,6,0
26-02 17:18:35,20.233,2.998,75.937,0,0,5346008,202812,179972,2285604,13253.963,2574.856,0,0,0,0,2436,2185,1.480,2.030,1.470,0,0,17.985,0,0,18,325,0,6,0
26-02 17:18:36,20.805,4.011,70.185,3.760,0,5343216,199164,180284,2290836,9098.023,1622.284,0,1223.230,0,18.048,10520,19282,1.480,2.030,1.470,1,0,6.016,0,0,18,324,0,6,0
26-02 17:18:37,21.296,5.011,68.148,3.257,0,5366804,175156,180312,2291168,7508.264,541.172,32.069,2417.236,1.002,27.059,7830,12824,1.480,2.030,1.470,2,0,14.030,0,0,18,324,0,5,0
26-02 17:18:38,21.990,8.246,67.470,1.749,0,5369984,171744,180328,2291352,7083.841,539.759,0,1095.511,0,86.961,7376,11876,1.480,2.030,1.470,1,0,14.993,0,0,18,324,0,5,0
26-02 17:18:39,19.676,3.487,72.726,2.242,0,5330380,222980,180328,2280712,5816.117,537.976,462.261,446.321,14.944,19.925,2227,2069,1.480,2.030,1.470,1,1,5.978,0,0,18,324,0,5,0
26-02 17:18:40,18.826,3.263,71.540,6.024,0,5349892,199520,180356,2284632,5835.622,487.975,1678.796,983.983,202.821,8.033,2458,2616,1.440,2.010,1.470,1,0,0,0,0,18,325,0,5,0
26-02 17:18:41,17.982,3.996,64.685,12.238,0,5349036,199724,180356,2285284,10008.992,539.461,367.632,4167.833,19.980,375.624,6232,9102,1.440,2.010,1.470,0,1,0,0,0,18,327,0,9,0
26-02 17:18:42,16.765,8.007,63.808,9.759,0,5303632,244588,180356,2285828,5433.944,540.492,464.423,1413.286,22.020,182.166,6203,8275,1.440,2.010,1.470,1,0,126.115,0,0,18,326,0,11,0
26-02 17:18:43,10.496,14.494,66.973,6.497,0,5299952,247344,180356,2286752,9749.117,539.785,859.658,2926.834,8.996,166.934,5419,5102,1.440,2.010,1.470,1,0,313.875,0,0,18,326,0,13,0
26-02 17:18:44,9.215,3.487,71.731,14.197,0,5280624,237720,180432,2315628,7363.389,537.983,28863.768,183.313,1504.359,8.966,3620,4953,1.440,2.010,1.470,0,1,9.963,0,0,18,326,0,13,0
26-02 17:18:45,6.998,3.249,72.729,14.496,0,5277792,228144,180432,2328036,7321.849,1554.543,12380.362,4286.740,1788.474,158.953,4010,6302,1.410,2,1.460,0,0,5.998,0,0,18,327,0,13,0
26-02 17:18:46,1.750,0.500,96.000,0,0,5269060,236876,180432,2328036,10672.013,2107.003,0,340.000,0,11.000,1220,1758,1.410,2,1.460,0,0,0,0,0,18,327,0,13,0
26-02 17:18:47,2.500,1.250,95.007,0,0,5269096,236676,180436,2328196,92523.384,4226.292,92.006,16.001,1.000,3.000,1339,1850,1.410,2,1.460,0,0,3.000,0,0,18,327,0,13,0
26-02 17:18:48,4.750,2.250,91.244,0.750,0,5244668,260868,180444,2328392,81458.539,125961.556,75.995,879.941,8.999,24.998,1901,2345,1.410,2,1.460,0,0,9.999,0,0,18,328,0,13,0
26-02 17:18:49,1.750,1.000,94.989,0.750,0,5247840,257692,180448,2328392,139383.382,3055.658,4.000,219.975,1.000,15.998,1290,1823,1.410,2,1.460,3,0,3.000,0,0,18,328,0,13,0
26-02 17:18:50,17.834,4.521,76.610,0,0,5276620,228876,180452,2328392,287302.926,10095.399,257.208,8.038,2.009,2.009,2913,2636,1.370,1.980,1.460,2,0,25.118,0,0,18,328,0,13,0
26-02 17:18:51,30.262,8.753,60.024,0,0,5312564,192516,180456,2328804,297464.579,13079.170,652.258,192.076,11.004,10.004,4195,3087,1.370,1.980,1.460,2,0,36.014,0,0,18,328,0,13,0
