"pcp-dstat 6.2.0 CSV Output"
"Author:","PCP team <pcp@groups.io> and Dag Wieers <dag@wieers.com>",,,,"URL:","https://pcp.io/ and http://dag.wieers.com/home-made/dstat/"
"Host:","ubuntu",,,,"User:","ubuntu"
"Cmdline:","dstat -tcmndrylpg --tcp --output /tmp/devstack_logs/dstat-csv.log",,,,"Date:","26 Feb 2026 16:39:05 UTC"
"system","total usage",,,,,"memory usage",,,,"net/total",,"dsk/total",,"io/total",,"system",,"load avg",,,"procs",,,"paging",,"tcp sockets",,,,
"time","total usage:usr","total usage:sys","total usage:idl","total usage:wai","total usage:stl","used","free","buf","cach","net/total:recv","net/total:send","dsk/total:read","dsk/total:writ","read","writ","int","csw","1m","5m","15m","run","blk","new","in","out","lis","act","syn","tim","clo"
26-02 16:39:05,,1011796,1491956,160600,5154612,,,,,,,1.500,1.130,0.680,3,0,,,,10,5,0,17,1
26-02 16:39:06,21.748,20.748,52.246,4.500,0,1016112,1469080,160768,5172220,182835.454,12276.091,0,3259.758,0,116.991,7051,6606,1.500,1.130,0.680,3,0,587.956,0,0,10,4,0,17,2
26-02 16:39:07,33.496,17.998,44.244,3.250,0,1026764,1442412,161680,5184752,5687.289,539.933,0,5963.255,0,103.987,6434,6413,1.500,1.130,0.680,1,1,387.952,0,0,10,4,0,17,2
26-02 16:39:08,34.652,11.218,50.357,3.241,0,1173836,1277536,162092,5325000,6764.851,538.476,0,1076.952,0,34.901,6006,7025,1.500,1.130,0.680,1,0,150.574,0,0,11,4,0,17,2
26-02 16:39:09,32.504,9.501,51.756,5.001,0,1197428,1230556,162832,5345568,6098.732,540.065,0,2628.315,0,122.015,4076,3026,1.540,1.140,0.690,3,0,116.014,0,0,11,6,0,17,2
26-02 16:39:10,30.826,9.774,48.119,11.278,0,1216760,1194920,163712,5358768,7822.380,541.341,256.636,3195.918,11.027,94.233,4145,3402,1.540,1.140,0.690,1,2,170.422,0,0,11,6,0,19,2
26-02 16:39:11,34.400,4.487,48.609,12.464,0,1271008,1117456,164552,5378940,7176.149,484.592,303.119,3071.077,9.971,56.835,2651,1656,1.540,1.140,0.690,0,2,0,0,0,11,6,0,19,2
26-02 16:39:12,32.775,3.503,52.039,9.757,0,1292332,1107936,165044,5366236,12162.203,3269.474,16.012,3690.793,1.001,206.156,3764,4092,1.540,1.140,0.690,3,1,6.005,0,0,11,6,0,19,0
26-02 16:39:13,18.739,4.747,44.473,29.982,0,1305600,1093384,165352,5367204,12376.451,2648.385,0,8818.621,0,632.614,5004,7855,1.540,1.140,0.690,2,1,38.976,0,0,11,7,0,19,0
26-02 16:39:14,19.999,4.750,43.499,30.249,0,1302340,1088180,165536,5374692,7814.731,713.975,0,7515.741,0,358.988,4874,7282,1.660,1.170,0.700,2,1,3.000,0,0,11,6,0,19,0
26-02 16:39:15,16.799,3.761,52.903,24.320,0,1291600,1096248,165744,5377004,12286.602,3495.128,0,5929.181,0,489.418,4851,7482,1.660,1.170,0.700,2,0,23.067,0,0,11,7,0,19,0
26-02 16:39:16,21.682,6.978,36.635,32.149,0,1275388,1106124,165912,5381836,9497.058,711.756,0,14147.397,0,797.486,14311,26663,1.660,1.170,0.700,1,1,24.921,0,0,11,6,0,19,0
26-02 16:39:17,22.764,7.004,38.273,29.268,0,1296972,1083228,166108,5382908,5889.534,648.389,0,14188.514,0,810.486,14430,27456,1.660,1.170,0.700,1,1,24.014,0,0,11,6,0,19,0
26-02 16:39:18,19.746,6.249,44.241,28.494,0,1237740,1154344,166240,5372596,7458.548,539.895,0,8814.285,0,587.886,4487,6307,1.660,1.170,0.700,1,1,13.997,0,0,11,6,0,19,0
26-02 16:39:19,23.568,6.017,38.109,29.835,0,1230632,1160620,166320,5373360,7623.841,487.396,0,8568.548,0,681.954,5907,8611,1.850,1.220,0.720,3,1,77.221,0,0,11,6,0,19,0
26-02 16:39:20,4.989,2.744,61.868,28.439,0,1229536,1160620,166424,5374336,3881.693,538.847,0,10497.536,0,785.319,4846,9124,1.850,1.220,0.720,0,1,6.985,0,0,11,6,0,19,0
26-02 16:39:21,5.245,3.996,62.188,26.224,0,1225148,1163996,166536,5375220,7793.245,539.463,0,8275.765,0,734.269,4804,8655,1.850,1.220,0.720,1,1,14.985,0,0,11,6,0,19,0
26-02 16:39:22,4.251,2.750,63.761,26.755,0,1221700,1167016,166728,5375436,5834.002,540.093,0,10565.815,0,789.136,4392,8038,1.850,1.220,0.720,0,2,12.002,0,0,11,6,0,19,0
26-02 16:39:23,14.991,7.246,66.210,9.994,0,1121780,1266752,166812,5375536,4450.319,539.675,0,12608.405,0,476.713,4212,5319,1.850,1.220,0.720,1,0,74.955,0,0,11,4,0,19,0
26-02 16:39:24,22.768,4.504,70.557,2.002,0,1189288,1199232,166812,5375536,7602.164,540.438,0,18034.623,0,260.211,2364,2186,1.780,1.210,0.720,1,0,1.001,0,0,11,4,0,19,0
26-02 16:39:25,20.506,3.251,59.519,16.005,0,1182212,1206240,166872,5375544,8608.686,1317.411,0,6614.064,0,378.118,2548,2616,1.780,1.210,0.720,1,0,10.003,0,0,11,4,0,15,0
26-02 16:39:26,23.001,2.500,73.753,0.250,0,1247196,1141244,166876,5375552,7979.327,486.020,0,124.005,0,17.001,1977,1517,1.780,1.210,0.720,1,0,0,0,0,11,4,0,15,0
26-02 16:39:27,18.035,9.518,72.139,0.250,0,1204860,1183556,166876,5375576,8954.263,541.043,0,28.054,0,4.008,3451,2360,1.780,1.210,0.720,2,0,162.313,0,0,11,4,0,15,0
26-02 16:39:28,9.245,19.740,69.466,0,0,1146816,1241564,166876,5375612,7238.461,539.736,0,43.978,0,10.995,5809,4465,1.780,1.210,0.720,2,0,400.804,0,0,11,4,0,15,0
26-02 16:39:29,17.009,16.759,65.784,0,0,1123968,1264260,166876,5376184,9230.708,540.276,0,3437.753,0,40.020,6629,8231,1.720,1.210,0.720,1,0,280.143,0,0,11,4,0,13,0
26-02 16:39:30,41.159,11.475,45.649,0.499,0,1186920,1193828,166880,5383688,5541.692,538.803,7431.495,26213.780,74.834,264.413,4402,3605,1.720,1.210,0.720,2,0,130.710,0,0,11,5,0,13,0
26-02 16:39:31,44.999,2.750,48.999,3.000,0,1241116,1138516,166928,5384728,4722.890,539.987,511.988,379.991,11.000,31.999,2609,1171,1.720,1.210,0.720,4,0,0,0,0,11,5,0,13,0
26-02 16:39:32,44.126,8.775,41.368,5.014,0,1269296,1107712,167064,5387028,7647.827,607.734,0,3185.090,0,189.541,4359,5287,1.720,1.210,0.720,2,0,24.069,0,0,11,4,0,13,0
26-02 16:39:33,7.974,7.725,83.729,0,0,1266588,1110416,167072,5387040,5812.213,1181.182,0,2802.940,0,95.691,2709,2356,1.720,1.210,0.720,1,0,122.604,0,0,11,4,0,13,0
26-02 16:39:34,23.000,3.000,72.501,1.000,0,1338384,1038596,167076,5387044,9140.090,540.005,0,3108.031,0,25.000,1912,1410,1.660,1.210,0.730,1,0,1.000,0,0,11,4,0,13,0
26-02 16:39:35,22.992,1.999,72.475,1.999,0,1365100,1011660,167084,5387256,6051.948,485.835,0,1831.379,0,141.952,2104,1719,1.660,1.210,0.730,0,2,1.000,0,0,11,10,0,13,0
26-02 16:39:36,12.275,3.758,68.139,14.530,0,1293588,1083228,167136,5387296,4681.522,541.101,0,8677.650,0,394.803,3683,5347,1.660,1.210,0.730,1,0,21.043,0,0,11,4,0,15,0
26-02 16:39:37,20.768,3.253,73.565,1.752,0,1350008,1026156,167400,5387644,9279.176,540.476,612.540,284.250,18.016,15.013,1902,1425,1.660,1.210,0.730,1,0,21.019,0,0,11,4,0,13,0
26-02 16:39:38,16.957,2.494,78.302,1.995,0,1360792,1015120,167400,5387836,12244.013,4608.337,3.990,1200.961,0.997,17.955,2276,2275,1.660,1.210,0.730,1,0,0.997,0,0,11,17,0,13,0
26-02 16:39:39,17.003,4.751,73.513,3.751,0,1363608,1011924,167444,5388084,13441.334,4887.849,268.047,2128.370,66.011,81.014,2813,2500,1.690,1.220,0.730,1,0,45.008,0,0,11,28,0,14,0
26-02 16:39:40,17.743,2.749,78.469,0,0,1396712,978816,167444,5388088,10151.997,2857.873,0,3.998,0,1.000,1661,1231,1.690,1.220,0.730,0,0,0,0,0,11,29,0,14,0
26-02 16:39:41,18.252,10.001,63.756,7.251,0,1364300,1011192,167444,5388116,13670.323,5074.491,0,20790.013,0,170.016,3994,3527,1.690,1.220,0.730,2,0,156.015,0,0,11,28,0,15,0
26-02 16:39:42,38.254,6.501,55.255,0,0,1459104,916252,167444,5388248,14827.386,4803.449,0,22770.129,0,317.030,3152,2509,1.690,1.220,0.730,1,0,0,0,0,11,30,0,15,0
26-02 16:39:43,28.757,4.501,57.764,7.002,0,1459984,915280,167452,5388332,21378.218,14244.477,0,18908.615,0,237.058,6212,8657,1.690,1.220,0.730,1,1,0,0,0,11,30,0,15,0
26-02 16:39:44,53.402,20.809,17.049,8.775,0,1462520,912708,167456,5388360,4997.258,1140.253,0,19908.802,0,158.452,5536,4937,2.270,1.350,0.780,4,1,470.342,0,0,11,28,0,16,0
26-02 16:39:45,86.445,13.741,0,0,0,1706280,668912,167460,5388356,21857.051,13577.335,0,7519.201,0,165.894,6434,5109,2.270,1.350,0.780,5,0,111.929,0,0,11,32,0,16,0
26-02 16:39:46,78.800,10.006,10.507,0.250,0,1777968,596948,167464,5388656,39658.947,28922.193,0,388.244,0,36.023,8120,17366,2.270,1.350,0.780,3,0,137.086,0,0,11,30,0,21,0
26-02 16:39:47,23.496,9.998,64.989,0.750,0,1579176,795580,167468,5388756,12084.987,4608.232,0,471.921,0,38.994,4414,5133,2.270,1.350,0.780,2,0,208.965,0,0,11,28,0,23,0
26-02 16:39:48,18.691,2.243,75.511,2.991,0,1560680,814024,167512,5388764,10818.795,4501.767,0,3114.154,0,168.467,2213,2322,2.270,1.350,0.780,1,0,0,0,0,11,29,0,23,0
26-02 16:39:49,15.507,6.253,76.535,0.750,0,1518024,856648,167528,5388780,10996.010,3637.657,0,1560.711,0,72.033,3352,3519,2.170,1.340,0.780,1,0,68.031,0,0,11,28,0,23,0
26-02 16:39:50,18.493,2.499,78.221,0,0,1531140,843516,167536,5388788,11340.748,4394.352,0,247.907,0,9.996,1929,1668,2.170,1.340,0.780,1,0,0,0,0,11,29,0,23,0
26-02 16:39:51,14.289,8.273,76.211,0.251,0,1476888,897744,167540,5388808,8979.811,3604.960,0,228.632,0,23.064,3929,3899,2.170,1.340,0.780,1,0,152.421,0,0,11,28,0,24,0
26-02 16:39:52,29.763,28.513,41.518,0.250,0,1448996,925624,167540,5388820,6973.074,540.238,0,280.123,0,24.011,6637,6087,2.170,1.340,0.780,5,0,885.390,0,0,11,28,0,24,0
26-02 16:39:53,82.680,10.241,7.244,0,0,1662960,711612,167544,5388864,13421.609,9004.358,0,179.847,0,8.992,5031,2722,2.170,1.340,0.780,5,0,0.999,0,0,11,31,0,22,0
26-02 16:39:54,65.489,6.999,25.246,1.500,0,1680572,693596,167580,5389228,44570.580,38414.605,0,771.871,0,68.989,9842,15758,2.320,1.390,0.800,4,0,1.000,0,0,11,31,0,22,0
26-02 16:39:55,81.337,18.019,1.001,0,0,1555048,819084,167604,5389240,14145.095,3628.873,0,2546.718,0,135.144,6193,5963,2.320,1.390,0.800,7,0,310.331,0,0,11,28,0,23,0
26-02 16:39:56,87.500,9.250,2.250,0,0,1745740,628364,167604,5389264,25614.903,19016.928,0,299.999,0,13.000,5586,4112,2.320,1.390,0.800,6,0,0,0,0,11,33,0,23,0
26-02 16:39:57,74.243,9.749,15.249,0,0,1682416,691260,167628,5389668,54214.104,44488.982,0,847.923,0,59.995,11404,18972,2.320,1.390,0.800,6,1,139.987,0,0,11,29,0,25,0
26-02 16:39:58,42.254,11.001,46.005,0.500,0,1565132,808524,167628,5389688,9824.023,951.099,0,248.026,0,16.002,3897,2790,2.320,1.390,0.800,2,0,158.016,0,0,11,28,0,25,0
26-02 16:39:59,29.907,3.988,65.547,0,0,1569044,804568,167640,5389720,19658.119,15947.610,0,179.444,0,14.954,4839,5749,2.130,1.360,0.790,1,0,0,0,0,11,29,0,25,1
26-02 16:40:00,52.662,17.303,29.340,0,0,1461548,912040,167640,5389744,11388.063,3386.427,0,256.791,0,21.065,5403,4762,2.130,1.360,0.790,3,0,379.167,0,0,11,28,0,27,0
26-02 16:40:01,49.751,5.000,44.251,0,0,1537840,835568,167648,5389912,24124.706,17089.500,0,184.005,0,10.000,5061,4900,2.130,1.360,0.790,1,0,0,0,0,11,31,0,27,0
26-02 16:40:02,62.351,15.962,21.199,0.748,0,1512708,860628,167672,5389960,17782.469,12106.046,0,1005.595,0,76.816,7571,9094,2.130,1.360,0.790,4,0,257.384,0,0,11,28,0,25,0
26-02 16:40:03,70.079,8.009,21.524,0.250,0,1600108,773180,167672,5390000,24495.522,16758.830,0,136.153,0,13.015,5043,3423,2.130,1.360,0.790,3,0,0,0,0,11,32,0,25,0
26-02 16:40:04,58.423,15.230,25.716,0.250,0,1507536,865508,167704,5390212,31773.965,24585.475,0,810.927,0,69.908,10135,14751,2.360,1.430,0.820,4,0,324.571,0,0,11,28,0,28,0
26-02 16:40:05,54.357,5.511,38.826,0,0,1585156,787844,167708,5390252,16805.060,9198.095,0,324.639,0,11.022,4005,2722,2.360,1.430,0.820,3,0,0,0,0,11,31,0,28,0
26-02 16:40:06,50.412,13.726,35.189,0.250,0,1475900,896896,167728,5390440,27764.497,20808.648,0,391.316,0,36.935,8032,10921,2.360,1.430,0.820,3,0,298.479,0,0,11,28,0,30,0
26-02 16:40:07,56.938,7.991,33.963,0,0,1585216,787528,167728,5390460,11277.710,6920.459,0,211.769,0,10.988,3443,1601,2.360,1.430,0.820,0,0,0,0,0,11,31,0,30,0
26-02 16:40:08,50.669,10.284,39.632,0.251,0,1482776,889752,167736,5390668,31858.395,22161.009,0,116.389,0,15.050,7717,10546,2.360,1.430,0.820,5,0,201.674,0,0,11,28,0,33,0
26-02 16:40:09,61.064,11.465,26.170,0.249,0,1610924,761508,167744,5390756,11186.014,5653.822,0,183.443,0,8.973,3769,1870,2.410,1.450,0.830,0,0,85.740,0,0,11,31,0,33,0
26-02 16:40:10,41.874,4.012,48.894,5.266,0,1602316,769824,167748,5391080,30074.721,20937.767,0,3903.515,0,328.970,6220,8788,2.410,1.450,0.830,2,0,0,0,0,11,29,0,34,0
26-02 16:40:11,62.494,12.999,24.498,0,0,1563972,808152,167748,5391096,8927.189,737.933,0,2623.762,0,98.991,4392,2397,2.410,1.450,0.830,3,0,113.990,0,0,11,28,0,35,0
26-02 16:40:12,40.256,5.251,52.758,0.750,0,1580592,791464,167752,5391152,31060.892,24538.865,0,284.045,0,23.004,7105,9191,2.410,1.450,0.830,1,0,0,0,0,11,31,0,35,0
26-02 16:40:13,61.505,22.502,14.751,0.750,0,1512560,859476,167752,5391172,11538.985,2138.183,0,392.033,0,37.003,6338,5854,2.410,1.450,0.830,7,0,557.048,0,0,11,28,0,37,0
26-02 16:40:14,83.142,16.229,0.499,0,0,1716760,655188,167752,5391228,13466.480,10780.974,0,219.714,0,10.986,5713,5334,2.700,1.530,0.860,6,0,420.453,0,0,11,31,0,35,0
26-02 16:40:15,74.680,17.983,6.244,0.250,0,1765380,606320,167780,5391448,49124.058,41371.308,0,1354.733,0,91.914,8971,11711,2.700,1.530,0.860,7,0,546.489,0,0,11,30,0,36,0
26-02 16:40:16,79.428,19.794,1.253,0,0.251,1601572,769960,167792,5391584,21472.077,13383.967,0,813.822,0,69.155,6577,6056,2.700,1.530,0.860,5,0,330.741,0,0,11,28,0,36,0
26-02 16:40:17,75.472,7.997,16.244,0,0,1674456,696880,167792,5391776,33440.770,25896.529,0,135.950,0,5.998,5694,5764,2.700,1.530,0.860,5,0,0,0,0,11,33,0,36,0
26-02 16:40:18,59.271,15.505,23.758,0,0,1574932,796160,167796,5392012,42726.105,31655.191,0,124.044,0,11.004,9843,15824,2.700,1.530,0.860,2,0,437.155,0,0,11,28,0,41,0
26-02 16:40:19,24.993,29.741,44.487,0,0,1475336,895728,167796,5392036,7287.890,539.844,0,207.940,0,20.994,6779,6211,2.880,1.590,0.880,5,0,931.730,0,0,11,28,0,41,0
26-02 16:40:20,71.850,14.719,13.721,0,0,1602636,768360,167800,5392092,19642.979,10238.618,0,1189.516,0,12.973,5058,3718,2.880,1.590,0.880,3,0,232.514,0,0,11,31,0,41,0
26-02 16:40:21,56.879,10.023,32.323,0,0,1594252,776516,167816,5392300,28855.534,22846.888,0,356.810,0,42.096,6238,10263,2.880,1.590,0.880,3,0,134.305,0,0,11,29,0,44,0
26-02 16:40:22,76.409,14.233,9.738,0.250,0,1573688,797056,167828,5392312,10028.122,5821.105,0,287.659,0,20.975,4913,3282,2.880,1.590,0.880,4,0,133.841,0,0,11,30,0,45,0
26-02 16:40:23,58.807,6.506,33.783,0,0,1610372,760264,167828,5392412,38786.497,34611.461,0,144.139,0,8.008,9232,13102,2.880,1.590,0.880,3,0,0,0,0,11,32,0,45,0
26-02 16:40:24,57.769,8.503,32.261,0.750,0,1582208,788044,167840,5392780,44175.730,34054.355,0,412.137,0,45.015,13257,20777,2.970,1.630,0.900,5,0,61.020,0,0,11,29,0,45,0
26-02 16:40:25,78.154,10.487,11.236,0,0,1586236,783960,167848,5392820,14110.753,10307.402,0,227.722,0,22.972,5352,4317,2.970,1.630,0.900,3,0,59.927,0,0,11,30,0,45,0
26-02 16:40:26,59.061,6.256,34.285,0,0,1606636,763296,167856,5393064,45731.909,37126.081,0,228.234,0,13.013,10350,15904,2.970,1.630,0.900,2,0,0,0,0,11,32,0,45,0
26-02 16:40:27,61.009,12.002,25.754,0,0,1527980,841708,167856,5393304,38457.502,31655.529,0,160.023,0,9.001,10518,16315,2.970,1.630,0.900,7,0,205.029,0,0,11,29,0,48,0
26-02 16:40:28,77.499,11.500,10.750,0,0,1585920,783736,167856,5393304,18147.848,11996.900,0,131.999,0,8.000,4978,2999,2.970,1.630,0.900,3,0,57.000,0,0,11,31,0,49,0
26-02 16:40:29,60.735,7.248,30.742,0.250,0,1596056,773356,167856,5393540,40478.724,33045.611,0,115.971,0,7.998,10636,15856,2.980,1.650,0.910,5,0,32.992,0,0,11,31,0,50,0
26-02 16:40:30,78.759,13.252,7.251,0.750,0,1553844,815520,167868,5393572,14123.626,10062.158,0,320.037,0,34.004,6486,7371,2.980,1.650,0.910,5,0,95.011,0,0,11,28,0,51,0
26-02 16:40:31,64.252,8.500,27.251,0.250,0,1585960,783368,167868,5393608,25278.935,17548.649,0,232.009,0,25.001,4929,4502,2.980,1.650,0.910,4,0,60.002,0,0,11,31,0,52,0
26-02 16:40:32,67.753,10.213,21.173,0.249,0,1634744,734348,167876,5393820,32252.209,26943.597,0,263.039,0,20.924,8032,12411,2.980,1.650,0.910,2,0,65.760,0,0,11,31,0,53,0
26-02 16:40:33,68.922,12.281,18.045,0,0,1622832,746196,167880,5393876,28287.548,23300.110,0,312.780,0,36.090,6698,9599,2.980,1.650,0.910,5,0,141.353,0,0,11,29,0,56,0
26-02 16:40:34,72.403,11.235,16.228,0.499,0,1592148,776692,167884,5394060,22820.456,15375.421,0,127.829,0,8.988,5274,5419,2.980,1.670,0.920,4,0,86.884,0,0,11,30,0,57,0
26-02 16:40:35,71.178,11.028,18.045,0,0,1615744,753064,167888,5394088,27376.444,20116.293,0,120.301,0,7.018,6843,8082,2.980,1.670,0.920,3,0,68.170,0,0,11,30,0,59,0
26-02 16:40:36,61.468,9.995,26.486,0.750,0,1598500,770092,167892,5394292,27842.560,18266.526,0,431.776,0,40.979,6704,7861,2.980,1.670,0.920,3,1,124.935,0,0,11,30,0,61,0
26-02 16:40:37,53.362,11.470,34.161,0.249,0,1521588,846972,167896,5394316,14641.023,8203.721,0,351.089,0,35.907,4756,3868,2.980,1.670,0.920,2,0,133.653,0,0,11,29,0,63,0
26-02 16:40:38,51.114,9.772,38.836,0.752,0,1535124,833212,167904,5394528,22496.023,17304.479,0,372.829,0,30.067,5906,7393,2.980,1.670,0.920,3,0,97.216,0,0,11,32,0,62,0
26-02 16:40:39,56.150,9.483,33.440,0,0,1556976,811320,167904,5394568,23323.385,14787.615,0,159.715,0,8.984,5490,6381,2.900,1.680,0.930,3,0,85.847,0,0,11,31,0,64,0
26-02 16:40:40,48.120,7.769,43.609,0.501,0,1591948,776252,167912,5394652,25698.110,15749.290,0,272.680,0,27.068,5261,5909,2.900,1.680,0.930,3,0,87.218,0,0,11,34,0,65,0
26-02 16:40:41,31.906,8.226,58.577,0.249,0,1491672,876408,167924,5394756,17659.841,12511.048,0,530.433,0,67.800,6576,8254,2.900,1.680,0.930,2,0,134.602,0,0,11,32,0,67,0
26-02 16:40:42,39.260,5.251,49.513,6.252,0,1566236,801708,167932,5394892,14127.760,7286.939,0,6273.670,0,253.067,3211,2501,2.900,1.680,0.930,1,0,0,0,0,11,34,0,65,0
26-02 16:40:43,34.701,6.990,56.920,0.499,0,1513368,854372,167936,5395092,18098.548,11298.112,0,131.815,0,12.982,4915,6264,2.900,1.680,0.930,3,0,45.935,0,0,11,32,0,67,0
26-02 16:40:44,38.035,7.757,53.299,0,0,1516356,851372,167936,5395104,13384.186,5323.847,0,156.142,0,10.009,3526,2451,2.750,1.670,0.930,2,0,93.085,0,0,11,33,0,67,0
26-02 16:40:45,30.497,6.249,62.745,0.250,0,1471284,896416,167936,5395132,18194.500,11690.036,0,191.984,0,19.998,4196,4866,2.750,1.670,0.930,1,0,59.995,0,0,11,33,0,68,0
26-02 16:40:46,43.373,7.020,48.888,0.251,0,1482140,885532,167948,5395148,12384.006,7116.115,0,369.043,0,33.094,3936,17490,2.750,1.670,0.930,2,0,41.116,0,0,11,33,0,70,0
26-02 16:40:47,35.000,6.000,58.500,0.250,0,1473972,893516,167956,5395320,21371.001,14581.000,0,256.000,0,8.000,4937,6180,2.750,1.670,0.930,1,0,43.000,0,0,11,33,0,65,0
26-02 16:40:48,36.493,4.999,58.239,0,0,1486252,881228,167956,5395328,13358.443,7897.488,0,263.949,0,25.995,3609,3595,2.750,1.670,0.930,2,0,4.999,0,0,11,33,0,66,0
26-02 16:40:49,33.230,4.497,60.714,0.250,0,1492972,874460,167964,5395364,20481.856,12924.337,0,243.855,0,21.987,4727,5217,2.690,1.670,0.930,3,0,16.990,0,0,11,33,0,67,0
26-02 16:40:50,19.461,10.230,69.112,0.250,0,1402120,965224,167972,5395440,12074.829,5556.877,0,267.465,0,20.958,4779,5497,2.690,1.670,0.930,2,0,264.471,0,0,11,32,0,68,0
26-02 16:40:51,18.750,2.000,77.748,0,0,1422780,944556,167972,5395448,13725.654,5571.860,0,1571.960,0,14.000,1960,1640,2.690,1.670,0.930,1,0,0,0,0,11,33,0,65,0
26-02 16:40:52,16.045,5.516,77.469,0.251,0,1392968,974332,167984,5395472,14224.301,6288.818,0,437.239,0,23.065,4126,4770,2.690,1.670,0.930,1,0,100.284,0,0,11,32,0,66,0
26-02 16:40:53,18.198,8.974,71.545,0.499,0,1440840,926448,167988,5395480,3477.051,538.459,0,191.452,0,13.960,3055,2378,2.690,1.670,0.930,1,0,183.475,0,0,11,32,0,66,0
26-02 16:40:54,17.305,2.006,80.002,0.251,0,1446360,920912,167988,5395496,12586.725,8890.058,0,148.469,0,10.032,2921,3411,2.550,1.660,0.930,2,0,1.003,0,0,11,33,0,66,0
26-02 16:40:55,20.187,5.483,73.522,0,0,1419760,947368,167992,5395632,10273.095,2867.096,0,147.542,0,7.975,2733,2334,2.550,1.660,0.930,1,0,45.858,0,0,11,32,0,65,0
26-02 16:40:56,17.248,2.250,79.989,0,0,1418748,948372,167992,5395640,11407.369,7308.955,0,111.984,0,7.999,2380,2436,2.550,1.660,0.930,0,0,0,0,0,11,33,0,65,0
26-02 16:40:57,17.056,6.521,75.247,0.502,0,1379500,987504,168000,5395744,17973.904,7891.863,0,421.381,0,35.115,5390,6745,2.550,1.660,0.930,1,0,140.460,0,0,11,32,0,65,0
26-02 16:40:58,21.498,19.249,57.246,1.000,0,1421460,945364,168036,5395880,7330.461,539.960,35.997,511.962,1.000,37.997,6099,5308,2.550,1.660,0.930,2,0,485.964,0,0,11,32,0,67,0
26-02 16:40:59,42.646,4.738,49.130,2.494,0,1520624,843848,168204,5397764,7336.062,580.580,434.937,1787.629,16.959,43.893,3072,2095,2.510,1.670,0.940,3,0,4.988,0,0,11,36,0,62,0
26-02 16:41:00,27.311,5.763,45.100,21.047,0,1479716,882444,168564,5399492,3014.704,541.204,0,5780.856,0,520.157,5790,8645,2.510,1.670,0.940,2,0,25.056,0,0,11,36,0,62,0
26-02 16:41:01,25.969,5.743,43.199,22.473,0,1546660,814556,168752,5400224,4898.198,539.361,0,8098.407,0,719.148,6499,10322,2.510,1.670,0.940,2,0,31.962,0,0,11,36,0,62,0
26-02 16:41:02,26.933,4.988,41.647,25.188,0,1533092,826804,168980,5401256,3368.669,538.668,0,10649.663,0,784.061,5557,9152,2.510,1.670,0.940,1,2,9.975,0,0,11,36,0,62,0
26-02 16:41:03,27.362,4.770,40.415,25.856,0.251,1591068,768100,169120,5401824,8373.278,487.998,0,12615.645,0,831.404,5822,9757,2.510,1.670,0.940,3,2,17.070,0,0,11,36,0,59,0
26-02 16:41:04,27.001,5.250,42.751,23.251,0,1611360,746380,169332,5402956,8958.273,540.016,0,7180.219,0,676.021,5996,9567,2.470,1.670,0.940,1,1,32.001,0,0,11,36,0,59,0
26-02 16:41:05,27.601,4.725,40.283,24.617,0,1596168,760772,169552,5403508,10452.702,630.604,0,12305.722,0,934.964,6583,10656,2.470,1.670,0.940,2,1,20.888,0,0,11,36,0,59,0
26-02 16:41:06,26.311,5.763,39.091,26.812,0,1644372,711760,169684,5404168,7395.207,541.259,0,10295.956,0,880.048,6708,10895,2.470,1.670,0.940,2,0,14.033,0,0,11,36,0,59,0
26-02 16:41:07,26.768,4.753,38.276,28.519,0,1625676,730100,169840,5404356,9328.255,540.362,0,8954.004,0,737.495,5905,9261,2.470,1.670,0.940,3,2,13.009,0,0,11,36,0,54,0
26-02 16:41:08,27.555,5.511,36.824,28.808,0,1675644,679220,170040,5405052,8001.000,541.082,0,16212.421,0,1121.242,6722,10853,2.470,1.670,0.940,1,1,11.022,0,0,11,36,0,54,0
26-02 16:41:09,26.178,4.986,39.641,27.425,0,1626860,727952,170152,5404972,4579.407,538.519,0,8073.797,0,642.234,5369,8398,2.670,1.730,0.970,2,2,6.981,0,0,11,36,0,54,0
26-02 16:41:10,35.519,6.754,42.022,14.258,0,1582836,772412,170200,5404484,7159.821,486.259,0,6987.729,0,541.289,5005,6595,2.670,1.730,0.970,2,0,7.004,0,0,11,32,0,54,0
26-02 16:41:11,43.460,5.245,44.959,6.244,0,1570824,784300,170212,5404596,5297.143,539.505,0,1638.498,0,145.866,3825,3582,2.670,1.730,0.970,2,0,1.998,0,0,11,34,0,49,0
26-02 16:41:12,27.090,5.518,37.123,27.842,0,1562788,792132,170272,5404752,4288.176,541.791,0,8552.272,0,946.128,6027,10263,2.670,1.730,0.970,2,2,1.003,0,0,11,34,0,49,0
26-02 16:41:13,27.912,5.732,41.868,22.928,0,1599084,755664,170356,5404840,12444.766,538.303,0,11471.833,0,968.945,6152,10799,2.670,1.730,0.970,1,1,1.994,0,0,11,34,0,49,0
26-02 16:41:14,27.271,5.754,36.528,29.272,0,1574660,779792,170516,5404972,6415.883,540.411,0,7285.545,0,843.642,5958,10670,2.700,1.750,0.980,1,1,2.002,0,0,11,34,0,49,0
26-02 16:41:15,31.234,8.995,46.726,11.744,0,1477080,877008,170660,5405176,8011.881,539.723,0,3750.072,0,501.742,5570,7553,2.700,1.750,0.980,1,0,98.949,0,0,11,32,0,46,0
26-02 16:41:16,23.501,2.750,68.752,4.500,0,1509924,844144,170680,5405176,7811.231,540.016,0,1184.035,0,70.002,2065,1593,2.700,1.750,0.980,2,0,2.000,0,0,11,32,0,46,0
26-02 16:41:17,7.015,21.546,60.879,9.019,0,1478332,875524,170728,5405336,3717.889,541.148,0,6096.937,0,250.532,6706,6105,2.700,1.750,0.980,6,0,539.144,0,0,11,32,0,46,0
26-02 16:41:18,9.253,20.757,68.273,1.000,0,1454664,899100,170732,5405388,8168.779,486.165,0,916.312,0,30.010,6201,4885,2.700,1.750,0.980,2,0,479.163,0,0,11,32,0,46,0
26-02 16:41:19,13.474,14.472,71.362,0,0,1467136,886600,170732,5405408,8046.409,538.956,0,0,0,0,4832,3935,2.560,1.740,0.980,2,0,351.319,0,0,11,32,0,41,0
26-02 16:41:20,22.002,3.750,73.507,0,0,1531092,822660,170732,5405392,9275.885,540.052,0,0,0,0,1903,1247,2.560,1.740,0.980,1,0,2.000,0,0,11,32,0,41,0
26-02 16:41:21,22.492,3.249,74.224,0,0,1509416,844320,170732,5405408,7185.499,539.812,0,111.961,0,1.999,1785,1160,2.560,1.740,0.980,2,0,1.000,0,0,11,32,0,41,0
26-02 16:41:22,22.994,2.999,73.230,0,0,1555916,797840,170732,5405388,8426.675,539.851,0,35.990,0,3.999,1756,1106,2.560,1.740,0.980,1,0,1.999,0,0,11,32,0,41,0
26-02 16:41:23,23.000,3.750,73.749,0.250,0,1542144,811592,170744,5405396,10137.814,539.990,0,151.997,0,11.000,1981,1611,2.560,1.740,0.980,2,0,1.000,0,0,11,32,0,37,0
26-02 16:41:24,22.248,3.750,71.995,1.250,0,1516032,837700,170744,5405396,5434.604,539.961,0,331.976,0,23.998,1908,1377,2.440,1.720,0.980,2,0,4.000,0,0,11,32,0,37,0
26-02 16:41:25,22.252,3.750,73.506,0,0,1522840,830900,170744,5405388,5443.415,540.041,0,0,0,0,1783,1202,2.440,1.720,0.980,1,0,2.000,0,0,11,32,0,37,0
26-02 16:41:26,21.751,4.000,73.754,0,0,1481548,872172,170744,5405408,7339.379,486.025,0,20.001,0,1.000,1803,1239,2.440,1.720,0.980,2,0,1.000,0,0,11,32,0,37,0
26-02 16:41:27,22.504,3.501,73.762,0,0,1524884,828848,170744,5405396,5753.927,540.087,0,12.002,0,1.000,1752,1154,2.440,1.720,0.980,2,0,2.000,0,0,11,32,0,37,0
26-02 16:41:28,23.250,3.000,73.500,0,0,1498016,855700,170744,5405412,7224.963,539.997,0,115.999,0,3.000,1836,1286,2.440,1.720,0.980,2,0,1.000,0,0,11,32,0,33,0
26-02 16:41:29,22.999,3.000,71.246,2.500,0,1531240,822496,170744,5405392,7305.558,539.967,0,519.969,0,94.994,1853,1184,2.320,1.710,0.980,2,0,2.000,0,0,11,32,0,33,0
26-02 16:41:30,22.002,4.250,73.758,0,0,1504824,848976,170744,5405328,6456.719,540.060,0,52.006,0,2.000,1822,1258,2.320,1.710,0.980,2,0,1.000,0,0,11,32,0,33,0
26-02 16:41:31,22.499,2.750,73.748,0,0,1486592,867120,170744,5405416,6666.786,539.983,0,87.997,0,1.000,1785,1096,2.320,1.710,0.980,2,0,3.000,0,0,11,32,0,33,0
26-02 16:41:32,22.505,4.501,72.767,0,0,1469100,884592,170744,5405404,3323.761,606.139,0,20.005,0,2.000,1867,1390,2.320,1.710,0.980,2,0,7.002,0,0,11,32,0,30,0
26-02 16:41:33,22.497,4.249,73.240,0.250,0,1508620,845060,170752,5405404,4702.332,539.923,0,2247.681,0,23.997,1985,1611,2.320,1.710,0.980,2,0,2.000,0,0,11,32,0,30,0
26-02 16:41:34,22.753,3.000,72.261,1.000,0,1471364,882292,170756,5405424,10539.592,486.073,0,352.053,0,27.004,1904,1393,2.210,1.700,0.980,1,0,2.000,0,0,11,32,0,30,0
26-02 16:41:35,22.997,3.250,73.989,0,0,1457100,896556,170756,5405424,6900.964,539.919,0,19.997,0,1.000,1782,1296,2.210,1.700,0.980,2,0,1.000,0,0,11,32,0,30,0
26-02 16:41:36,22.503,3.501,73.761,0,0,1510720,842948,170756,5405412,10159.492,540.079,0,0,0,0,1762,1153,2.210,1.700,0.980,2,0,2.000,0,0,11,32,0,23,0
26-02 16:41:37,13.538,16.045,69.697,0,0,1453904,899712,170756,5405464,5164.629,541.534,0,192.545,0,10.028,4960,3946,2.210,1.700,0.980,1,0,404.145,0,0,11,32,0,23,0
26-02 16:41:38,20.938,4.985,73.531,0,0,1477028,876580,170756,5405472,8517.656,538.398,0,19.941,0,0.997,2305,1665,2.210,1.700,0.980,2,0,56.831,0,0,11,32,0,23,0
26-02 16:41:39,23.000,3.250,73.750,0,0,1464380,888964,170756,5405728,8521.030,1317.005,0,0,0,0,1831,1129,2.120,1.690,0.980,2,0,9.000,0,0,11,32,0,23,0
26-02 16:41:40,23.750,2.500,71.501,2.000,0,1480696,872644,170760,5405728,4186.085,540.011,0,312.006,0,36.001,1741,1168,2.120,1.690,0.980,1,0,0,0,0,11,32,0,16,0
26-02 16:41:41,9.769,20.790,68.131,0,0,1444868,908316,170760,5405880,7906.253,541.044,40.077,120.232,2.004,5.010,5959,4713,2.120,1.690,0.980,3,0,499.965,0,0,11,32,0,16,0
26-02 16:41:42,9.006,21.765,68.548,0,0,1429216,923928,170760,5405912,9868.857,540.375,0,256.178,0,5.003,6777,5675,2.120,1.690,0.980,1,0,614.427,0,0,11,32,0,16,0
26-02 16:41:43,8.491,21.728,67.682,0.749,0,1420864,932228,170764,5405952,8405.570,485.513,0,1510.485,0,72.927,6690,5725,2.120,1.690,0.980,2,0,578.420,0,0,11,32,0,16,0
26-02 16:41:44,9.013,21.782,68.099,0.250,0,1419060,933992,170776,5405972,9223.473,540.790,0,1898.774,0,38.056,6714,5605,2.190,1.710,0.990,1,0,603.882,0,0,11,32,0,11,0
26-02 16:41:45,7.745,21.485,69.451,0,0,1405952,947052,170776,5406020,5342.241,539.620,0,715.497,0,9.993,6278,4908,2.190,1.710,0.990,1,0,505.644,0,0,11,32,0,11,0
26-02 16:41:46,8.750,21.000,68.499,0,0.250,1401704,951268,170776,5406396,6960.878,539.991,0,291.995,0,34.999,6155,4792,2.190,1.710,0.990,2,0,481.992,0,0,11,32,0,11,0
26-02 16:41:47,12.759,22.766,64.294,0,0,1388404,964528,170776,5406092,7365.061,1251.860,0,260.179,0,16.011,7037,16177,2.190,1.710,0.990,2,0,623.428,0,0,11,32,0,12,0
26-02 16:41:48,11.487,21.225,65.923,0.499,0,1356632,996284,170784,5406120,4468.787,539.371,0,519.394,0,14.983,6471,5576,2.190,1.710,0.990,2,0,579.324,0,0,11,34,0,8,0
26-02 16:41:49,50.061,21.526,27.033,0.501,0,1508772,844088,170832,5406124,8340.152,540.658,0,1065.297,0,65.079,6260,5784,2.250,1.730,1,3,0,587.715,0,0,11,32,0,13,0
26-02 16:41:50,57.659,6.989,22.464,12.480,0,1645528,702296,171116,5410200,7236.554,539.147,443.299,4013.652,9.984,188.702,4628,4095,2.250,1.730,1,3,1,12.979,0,0,11,34,0,13,0
26-02 16:41:51,14.723,3.494,45.917,32.941,0,1645096,699076,171460,5412996,3536.617,485.124,0,10453.135,0,652.822,5503,9165,2.250,1.730,1,0,3,24.955,0,0,11,38,0,14,0
26-02 16:41:52,6.757,3.504,49.555,37.541,0,1643964,698824,171600,5414184,7204.950,540.596,0,14107.566,0,967.067,6521,11901,2.250,1.730,1,0,3,15.017,0,0,11,38,0,12,0
26-02 16:41:53,9.751,3.500,55.755,29.253,0,1642816,697816,171732,5416152,4730.416,540.048,0,7500.660,0,640.056,5606,9553,2.250,1.730,1,7,1,33.003,0,0,11,38,0,12,0
26-02 16:41:54,6.991,2.747,49.939,36.705,0,1641416,697652,171848,5417560,7140.278,539.341,0,13851.080,0,935.857,5915,10785,2.390,1.770,1.020,0,2,9.988,0,0,11,38,0,12,0
26-02 16:41:55,8.752,4.251,47.510,36.757,0,1639552,698212,171988,5418692,6097.226,540.109,0,15163.050,0,991.199,6808,12509,2.390,1.770,1.020,1,0,15.003,0,0,11,38,0,12,0
26-02 16:41:56,5.502,3.251,49.516,39.012,0,1638824,698036,172120,5419440,4487.426,540.172,0,13952.435,0,925.294,6047,11292,2.390,1.770,1.020,0,2,9.003,0,0,11,38,0,10,0
26-02 16:41:57,8.258,4.004,51.299,35.283,0,1637312,698496,172248,5420300,7581.180,540.512,0,14894.107,0,961.911,5613,10056,2.390,1.770,1.020,0,1,10.009,0,0,11,38,0,10,0
26-02 16:41:58,14.737,5.745,46.958,30.723,0,1588724,745596,172332,5421652,4957.588,485.568,0,7233.562,0,550.510,5409,8321,2.390,1.770,1.020,2,1,62.944,0,0,11,36,0,10,0
26-02 16:41:59,24.017,4.753,37.026,32.272,0,1645192,688136,172396,5422552,9853.837,2893.007,0,11479.965,0,783.544,5834,9275,2.520,1.810,1.030,0,2,12.008,0,0,11,37,0,10,0
26-02 16:42:00,20.943,3.989,46.622,25.680,0,1644592,687128,172484,5424016,15129.486,7434.600,0,10351.596,0,768.890,7983,13333,2.520,1.810,1.030,4,0,20.943,0,0,11,36,0,9,0
26-02 16:42:01,23.041,8.766,34.562,32.308,0,1627648,702864,172588,5425064,8657.491,540.968,0,11769.059,0,761.362,5804,8941,2.520,1.810,1.030,2,1,73.131,0,0,11,38,0,9,0
26-02 16:42:02,20.781,4.006,39.810,32.549,0,1646420,682716,172672,5426292,16037.100,8810.240,0,15403.148,0,949.427,6854,11422,2.520,1.810,1.030,3,2,6.009,0,0,11,39,0,9,0
26-02 16:42:03,21.005,5.251,40.761,31.508,0,1645940,681736,172728,5427660,15027.924,11331.959,0,13299.472,0,874.228,9020,14965,2.520,1.810,1.030,1,2,15.004,0,0,11,39,0,9,0
26-02 16:42:04,25.279,6.507,35.791,31.035,0,1622004,704192,172820,5429008,4126.709,1156.319,0,10359.821,0,803.917,6224,9499,2.640,1.840,1.050,2,1,40.046,0,0,11,38,0,9,0
26-02 16:42:05,20.721,3.994,41.442,31.705,0,1641460,683584,172856,5430092,14594.508,7322.718,0,12774.064,0,826.839,6305,10501,2.640,1.840,1.050,0,1,8.987,0,0,11,39,0,9,0
26-02 16:42:06,18.023,5.006,42.304,32.542,0,1641060,683080,172880,5430952,15049.271,7293.339,0,15235.510,0,1093.400,8397,13956,2.640,1.840,1.050,0,2,12.015,0,0,11,39,0,9,0
26-02 16:42:07,22.443,6.733,35.161,33.416,0,1625036,697516,172912,5432452,16692.939,7279.658,0,11570.845,0,941.627,7934,12361,2.640,1.840,1.050,4,0,70.822,0,0,11,38,0,10,0
26-02 16:42:08,24.488,5.747,29.985,38.231,0,1693248,628244,172940,5433452,7235.425,2504.762,0,13905.129,0,1094.459,6152,10288,2.640,1.840,1.050,0,1,2.999,0,0,11,39,0,10,0
26-02 16:42:09,21.560,3.510,39.862,32.341,0,1687560,633056,172992,5434244,18624.232,8027.513,0,12607.357,0,834.340,7718,12628,2.830,1.900,1.070,2,1,6.017,0,0,11,39,0,10,0
26-02 16:42:10,24.438,4.738,41.644,27.181,0,1677804,640996,173076,5435932,16775.253,10451.368,0,10549.119,0,784.002,8737,14391,2.830,1.900,1.070,1,3,14.962,0,0,11,38,0,10,0
26-02 16:42:11,33.544,6.759,29.288,28.287,0,1662712,655168,173200,5436672,3975.203,540.708,0,16369.424,0,1098.438,7048,11282,2.830,1.900,1.070,2,3,36.047,0,0,11,38,0,10,0
26-02 16:42:12,30.283,15.267,36.540,16.518,0,1565460,749688,173348,5439204,14744.257,11384.553,372.411,9382.345,6.007,619.683,10126,15462,2.830,1.900,1.070,5,1,330.364,0,0,11,37,0,10,0
26-02 16:42:13,33.260,16.255,26.758,22.507,0,1494400,819372,173412,5440336,19416.929,9956.040,1800.550,12720.884,35.011,787.240,11234,18678,2.830,1.900,1.070,2,1,240.073,0,0,11,36,0,11,0
26-02 16:42:14,25.971,6.742,41.953,24.473,0,1563628,748848,173484,5441524,9356.535,2075.678,0,7020.148,0,602.326,6648,10504,2.760,1.900,1.080,1,2,66.925,0,0,11,37,0,11,0
26-02 16:42:15,16.213,3.492,48.139,29.183,0,1560624,751120,173580,5442140,14795.863,7006.834,0,15145.057,0,1076.516,6512,10531,2.760,1.900,1.080,5,1,2.993,0,0,11,37,0,11,0
26-02 16:42:16,24.514,6.003,40.774,26.765,0,1561080,749264,173624,5443432,10234.910,1243.718,0,9553.517,0,716.414,5769,8788,2.760,1.900,1.080,1,1,34.020,0,0,11,36,0,12,0
26-02 16:42:17,17.253,4.251,44.008,32.506,0,1560356,748932,173692,5444396,15179.665,7185.261,0,11858.082,0,759.133,6144,9866,2.760,1.900,1.080,1,2,0,0,0,11,36,0,13,0
26-02 16:42:18,24.242,7.997,41.986,23.992,0,1575596,732060,173788,5445892,8083.351,671.780,0,8613.178,0,719.764,6333,9365,2.760,1.900,1.080,2,1,62.979,0,0,11,36,0,13,0
26-02 16:42:19,20.275,4.506,47.810,25.532,0,1588116,718360,173876,5446952,11753.633,7506.345,0,13737.102,0,945.177,6280,10793,2.860,1.930,1.090,1,3,6.007,0,0,11,37,0,13,0
26-02 16:42:20,18.785,6.262,45.085,26.800,0,1570164,735140,173916,5448036,12239.041,4129.775,0,12283.124,0,795.498,7182,11397,2.860,1.930,1.090,1,2,43.081,0,0,11,36,0,14,0
26-02 16:42:21,21.440,4.487,49.361,23.434,0,1611740,692392,173940,5449152,11186.570,5724.915,0,6733.082,0,510.565,4749,7635,2.860,1.930,1.090,2,0,2.992,0,0,11,37,0,14,0
26-02 16:42:22,19.298,5.514,45.614,27.068,0,1552968,750160,173984,5450088,11423.576,6178.455,0,9868.686,0,682.708,6920,11068,2.860,1.930,1.090,1,1,29.073,0,0,11,36,0,15,0
26-02 16:42:23,4.735,3.988,63.804,24.923,0,1543240,758648,174044,5451244,7311.543,538.347,0,8757.103,0,680.909,4836,8597,2.860,1.930,1.090,1,1,36.887,0,0,11,36,0,15,0
26-02 16:42:24,4.246,2.997,61.442,29.472,0,1530096,771188,174076,5451764,7200.182,539.489,0,12771.906,0,631.402,4058,7106,2.870,1.950,1.100,4,2,9.991,0,0,11,36,0,15,0
26-02 16:42:25,5.007,3.004,57.335,32.798,0,1517960,782440,174120,5452556,9925.641,540.798,0,12406.300,0,840.239,4966,9103,2.870,1.950,1.100,0,1,6.009,0,0,11,36,0,15,0
26-02 16:42:26,4.497,2.998,64.463,25.735,0.250,1507984,791896,174184,5452996,5360.923,539.690,0,8027.392,0,683.608,5011,8956,2.870,1.950,1.100,0,2,11.993,0,0,11,36,0,15,0
26-02 16:42:27,4.000,3.000,58.497,32.498,0,1500572,798612,174200,5453656,9794.503,539.973,0,10111.486,0,705.964,4440,7971,2.870,1.950,1.100,0,1,3.000,0,0,11,36,0,15,0
26-02 16:42:28,5.501,2.751,65.263,23.505,0,1493456,804244,174220,5455088,8149.593,540.106,0,8989.757,0,657.128,4633,8251,2.870,1.950,1.100,0,1,9.002,0,0,11,36,0,15,0
26-02 16:42:29,6.499,3.499,58.989,28.995,0,1486704,810768,174224,5455300,9429.292,539.902,0,12517.733,0,887.839,5002,8970,2.880,1.970,1.110,1,3,8.998,0,0,11,36,0,15,0
26-02 16:42:30,4.497,2.998,60.963,28.483,0,1480312,816964,174248,5455460,6536.047,485.706,0,13407.890,0,894.459,4964,8815,2.880,1.970,1.110,1,0,5.996,0,0,11,36,0,15,0
26-02 16:42:31,6.013,2.004,62.389,27.311,0,1475248,821784,174268,5455672,6318.122,541.210,0,8009.904,0,754.687,4465,7738,2.880,1.970,1.110,0,2,12.027,0,0,11,36,0,15,0
26-02 16:42:32,4.755,3.003,58.815,29.783,0,1471748,823664,174288,5457236,7006.786,540.601,0,12802.226,0,842.937,4985,8956,2.880,1.970,1.110,1,1,9.010,0,0,11,36,0,15,0
26-02 16:42:33,4.989,3.492,65.600,24.694,0,1467924,826648,174332,5457964,6545.041,538.769,0,6680.731,0,547.748,4229,7514,2.880,1.970,1.110,1,1,11.973,0,0,11,36,0,15,0
26-02 16:42:34,4.499,3.000,56.741,33.245,0,1464852,829052,174428,5458520,4246.319,539.913,0,16541.349,0,1089.825,5342,9884,2.810,1.970,1.120,1,1,5.999,0,0,11,36,0,15,0
26-02 16:42:35,4.753,3.002,66.536,24.013,0,1462004,831568,174476,5458800,5842.122,540.289,0,6571.512,0,558.298,4320,7565,2.810,1.970,1.120,0,1,10.005,0,0,11,36,0,15,0
26-02 16:42:36,5.997,2.499,64.971,23.989,0,1461696,831000,174536,5459588,9886.530,539.756,0,5949.310,0,523.763,4437,7584,2.810,1.970,1.120,1,2,8.996,0,0,11,36,0,15,0
26-02 16:42:37,5.250,2.750,58.746,29.998,0,1461472,831000,174600,5459744,7902.474,485.968,0,13947.072,0,949.937,5042,9111,2.810,1.970,1.120,2,1,6.000,0,0,11,36,0,15,0
26-02 16:42:38,5.505,3.003,67.316,21.521,0,1461304,831788,174652,5459060,7542.392,540.530,0,6117.996,0,588.577,4866,8661,2.810,1.970,1.120,0,1,3.003,0,0,11,36,0,15,0
26-02 16:42:39,4.495,3.496,61.183,28.719,0,1461112,831788,174700,5459188,8285.948,539.411,0,15055.553,0,970.939,5322,9814,2.670,1.950,1.120,0,1,0,0,0,11,36,0,15,0
26-02 16:42:40,5.751,3.001,67.015,21.005,0,1462044,832068,174744,5457928,8293.796,540.117,0,5405.170,0,677.147,5490,9715,2.670,1.950,1.120,0,1,3.001,0,0,11,36,0,15,0
26-02 16:42:41,6.250,4.000,58.250,30.500,0,1461144,832376,174784,5458480,8055.940,539.996,0,11631.913,0,840.994,4744,8303,2.670,1.950,1.120,0,3,3.000,0,0,11,36,0,15,0
26-02 16:42:42,8.248,2.999,56.239,29.994,0,1460928,832376,174824,5458656,7134.549,539.890,0,15052.938,0,912.814,4992,8842,2.670,1.950,1.120,0,1,5.999,0,0,11,36,0,15,0
26-02 16:42:43,7.252,2.501,57.767,30.509,0,1460544,832376,174836,5459020,7488.204,1039.306,0,7786.292,0,601.177,4394,7523,2.670,1.950,1.120,0,1,7.002,0,0,11,36,0,15,0
26-02 16:42:44,4.749,2.249,61.734,28.242,0,1460404,832124,174872,5459376,7780.927,539.856,0,6986.139,0,587.843,4251,7520,2.610,1.950,1.120,0,1,5.998,0,0,11,36,0,15,0
26-02 16:42:45,5.514,3.509,60.653,28.572,0,1460176,832124,174896,5459572,7948.110,487.233,0,12808.407,0,969.453,5228,9490,2.610,1.950,1.120,0,1,10.025,0,0,11,36,0,15,0
26-02 16:42:46,4.997,2.749,60.717,28.485,0,1459636,832124,174932,5460068,7295.056,539.708,0,8487.412,0,720.610,4862,8698,2.610,1.950,1.120,2,0,8.995,0,0,11,36,0,15,0
26-02 16:42:47,10.473,5.237,55.108,27.180,0,1448208,843232,174964,5460348,6863.355,538.615,0,10704.480,0,800.941,5617,16392,2.610,1.950,1.120,0,1,38.900,0,0,11,36,0,16,0
26-02 16:42:48,6.502,3.251,59.022,27.761,0,1448856,843232,174996,5459664,7641.910,540.206,0,14809.640,0,1102.420,6179,11162,2.610,1.950,1.120,0,1,6.002,0,0,11,36,0,16,0
26-02 16:42:49,5.257,2.754,62.079,26.534,0,1448856,843232,175008,5459652,5972.624,540.690,0,9620.280,0,752.961,5000,8990,2.640,1.970,1.130,0,3,6.008,0,0,11,36,0,9,0
26-02 16:42:50,5.745,2.998,61.701,27.228,0,1448440,843232,175032,5460044,3867.932,539.572,0,11103.193,0,861.317,5262,9637,2.640,1.970,1.130,0,1,2.998,0,0,11,36,0,9,0
26-02 16:42:51,6.499,3.000,59.492,28.246,0,1449608,841720,175036,5460376,8244.847,919.871,0,6583.079,0,597.916,5205,9182,2.640,1.970,1.130,0,1,8.999,0,0,11,40,0,9,0
26-02 16:42:52,5.252,3.751,57.271,31.261,0,1449356,841720,175056,5460604,10382.784,13822.037,0,14781.387,0,966.352,5378,9417,2.640,1.970,1.130,0,2,3.001,0,0,11,38,0,9,0
26-02 16:42:53,7.016,2.756,61.643,26.812,0,1448984,841720,175064,5460956,4463.352,1275.959,0,10063.341,0,805.869,4940,8537,2.640,1.970,1.130,2,1,9.021,0,0,11,38,0,9,0
26-02 16:42:54,6.235,3.242,64.841,22.944,0,1448720,841720,175064,5461216,8516.108,1897.345,0,11703.289,0,859.890,5137,9130,2.910,2.040,1.160,0,1,8.978,0,0,11,38,0,8,0
26-02 16:42:55,11.746,2.499,56.982,25.992,0,1448020,841720,175088,5461880,5920.137,809.745,0,12576.043,0,880.723,5359,9336,2.910,2.040,1.160,0,1,9.997,0,0,11,38,0,8,0
26-02 16:42:56,10.760,3.253,63.060,20.519,0,1447348,841720,175116,5462500,8965.490,756.717,0,8832.364,0,836.792,5988,10486,2.910,2.040,1.160,2,1,15.014,0,0,11,38,0,8,0
26-02 16:42:57,8.243,2.997,59.449,25.478,0,1446860,841720,175152,5462944,7761.296,809.301,0,14371.586,0,1063.082,6026,10958,2.910,2.040,1.160,5,1,11.990,0,0,11,38,0,8,0
26-02 16:42:58,6.999,3.750,56.243,30.746,0,1446648,841468,175200,5463340,4587.404,755.902,0,16405.867,0,1095.858,6259,11395,2.910,2.040,1.160,0,1,11.998,0,0,11,38,0,8,0
26-02 16:42:59,4.999,2.249,63.233,26.743,0,1446564,841216,175224,5463644,7699.961,809.786,0,8525.743,0,668.823,4556,8090,2.760,2.020,1.160,0,1,8.998,0,0,11,38,0,8,0
26-02 16:43:00,5.752,3.752,63.027,25.511,0,1446176,840964,175260,5464220,5819.480,702.299,0,10488.469,0,845.360,5506,9731,2.760,2.020,1.160,0,1,12.005,0,0,11,38,0,8,0
26-02 16:43:01,6.498,3.499,57.483,29.241,0,1446228,840460,175276,5464648,5981.252,755.779,0,14751.688,0,1062.689,5888,10841,2.760,2.020,1.160,0,1,5.998,0,0,11,38,0,8,0
26-02 16:43:02,5.001,2.501,62.016,27.757,0,1446416,839704,175292,5465184,8104.050,810.205,0,9434.387,0,725.183,5409,9983,2.760,2.020,1.160,0,4,3.001,0,0,11,38,0,7,0
26-02 16:43:03,4.501,2.750,60.757,29.753,0,1445892,839704,175308,5465684,5950.686,756.087,0,7264.838,0,587.068,4475,7807,2.760,2.020,1.160,0,1,6.001,0,0,11,38,0,7,0
26-02 16:43:04,5.750,2.750,58.498,30.249,0,1445628,839452,175336,5466156,8588.737,809.975,0,10219.687,0,789.976,4815,8495,2.700,2.020,1.160,0,1,9.000,0,0,11,38,0,7,0
26-02 16:43:05,5.749,3.000,65.241,23.747,0,1445644,838948,175348,5466616,6297.110,849.880,0,7586.927,0,624.912,4906,8876,2.700,2.020,1.160,0,1,15.998,0,0,11,38,0,7,0
26-02 16:43:06,4.006,3.004,57.079,33.296,0.250,1445388,838696,175392,5467072,3529.883,757.047,0,14219.669,0,889.230,5153,9508,2.700,2.020,1.160,1,1,6.008,0,0,11,38,0,7,0
26-02 16:43:07,6.492,2.996,66.164,22.471,0.250,1445076,838444,175416,5467600,7955.674,808.950,0,6891.056,0,666.135,4926,8774,2.700,2.020,1.160,0,1,8.988,0,0,11,38,0,7,0
26-02 16:43:08,5.750,3.250,60.747,27.499,0,1445012,837940,175448,5468116,5333.722,701.963,0,13175.312,0,929.951,5339,9793,2.700,2.020,1.160,0,1,6.000,0,0,11,38,0,7,0
26-02 16:43:09,3.999,3.249,54.740,35.244,0,1444780,837940,175460,5468336,8841.449,755.867,0,12973.725,0,873.847,4778,8744,2.800,2.050,1.180,0,2,2.999,0,0,11,38,0,7,0
26-02 16:43:10,5.752,3.251,59.519,28.509,0,1444900,837184,175484,5468928,7514.399,702.224,0,11379.633,0,905.289,5649,10096,2.800,2.050,1.180,0,1,12.004,0,0,11,38,0,6,0
26-02 16:43:11,5.249,3.500,61.744,26.997,0,1444660,837184,175500,5469148,8028.198,701.930,0,12630.738,0,933.907,5463,9721,2.800,2.050,1.180,0,1,8.999,0,0,11,38,0,6,0
26-02 16:43:12,4.250,2.750,62.754,27.752,0,1444476,836932,175508,5469556,5728.405,756.053,0,9016.637,0,724.051,4685,8294,2.800,2.050,1.180,4,1,6.000,0,0,11,38,0,6,0
26-02 16:43:13,6.001,3.000,62.010,25.004,0,1444580,836176,175516,5470184,7307.168,702.112,0,11553.847,0,899.144,6304,11595,2.800,2.050,1.180,1,1,27.004,0,0,11,38,0,6,0
26-02 16:43:14,6.250,3.250,58.747,29.749,0,1444136,835924,175540,5470844,3745.837,701.969,0,12947.436,0,909.960,5445,9501,2.740,2.050,1.180,0,1,20.999,0,0,11,38,0,5,0
26-02 16:43:15,7.498,2.749,65.733,20.995,0,1443916,835420,175544,5471544,8430.800,701.817,0,7474.050,0,664.827,5670,10030,2.740,2.050,1.180,0,1,12.997,0,0,11,38,0,5,0
26-02 16:43:16,6.248,3.749,59.485,27.243,0,1444244,834664,175552,5471948,7348.087,701.817,0,15815.881,0,1094.715,5692,10356,2.740,2.050,1.180,3,1,11.997,0,0,11,38,0,5,0
26-02 16:43:17,6.001,2.751,63.015,25.756,0,1444228,834412,175552,5472212,9724.333,702.168,0,8578.058,0,657.158,5693,10127,2.740,2.050,1.180,0,1,15.004,0,0,11,38,0,5,0
26-02 16:43:18,4.751,3.251,63.512,26.255,0,1444296,833656,175564,5472864,7350.426,756.147,0,7557.466,0,623.121,4503,7915,2.740,2.050,1.180,1,1,9.002,0,0,11,38,0,3,0
26-02 16:43:19,3.755,3.004,62.076,29.036,0,1444352,833404,175576,5473044,8059.893,702.863,0,11197.744,0,786.966,4855,8876,2.760,2.070,1.190,0,2,9.011,0,0,11,38,0,3,0
26-02 16:43:20,6.243,2.747,62.681,26.720,0,1443928,833404,175604,5473424,10714.164,701.225,0,7076.183,0,617.318,4441,7906,2.760,2.070,1.190,1,2,11.987,0,0,11,38,0,3,0
26-02 16:43:21,5.000,3.500,58.004,31.252,0,1443656,833404,175608,5473688,4703.316,756.051,0,16009.075,0,1004.067,5366,9471,2.760,2.070,1.190,2,0,0,0,0,11,38,0,3,0
26-02 16:43:22,6.250,2.250,65.996,22.749,0,1445936,830632,175620,5474160,6607.622,701.960,0,5303.696,0,532.969,4315,7661,2.760,2.070,1.190,1,1,8.999,0,0,11,38,0,2,0
26-02 16:43:23,5.750,3.250,58.497,29.248,0,1445576,830632,175648,5474480,8375.563,647.966,0,13415.301,0,980.949,5426,9684,2.760,2.070,1.190,3,1,6.000,0,0,11,38,0,2,0
26-02 16:43:24,7.001,3.000,62.256,25.503,0,1445772,829876,175688,5474988,7835.801,756.077,0,8032.821,0,664.068,4801,8442,2.860,2.100,1.210,0,2,6.001,0,0,11,38,0,2,0
26-02 16:43:25,4.500,3.750,58.746,30.498,0,1446840,829372,175692,5474416,8201.448,701.953,0,14383.032,0,962.935,5107,9145,2.860,2.100,1.210,0,3,4.000,0,0,11,38,0,2,0
26-02 16:43:26,7.013,2.755,64.874,23.294,0,1448480,829372,175700,5472772,9694.496,703.342,0,7554.413,0,751.434,5691,10341,2.860,2.100,1.210,3,0,0,0,0,11,38,0,1,0
26-02 16:43:27,5.738,3.742,58.378,29.438,0,1449816,829372,175704,5471440,8871.433,754.421,0,15910.700,0,1106.684,7074,13280,2.860,2.100,1.210,1,1,0,0,0,11,38,0,1,0
26-02 16:43:28,5.501,2.751,65.263,23.755,0,1451432,829372,175712,5469820,7332.514,702.145,0,6061.251,0,651.134,5147,9179,2.860,2.100,1.210,0,1,0,0,0,11,38,0,1,0
26-02 16:43:29,5.493,2.996,58.677,29.962,0.250,1452268,829372,175716,5468980,3557.546,701.122,0,11973.010,0,862.920,4950,9083,2.870,2.120,1.220,0,1,0,0,0,11,38,0,1,0
26-02 16:43:30,5.756,2.753,57.810,31.533,0,1451852,829372,175728,5469384,9094.467,744.775,0,11359.825,0,793.826,4982,8809,2.870,2.120,1.220,0,1,6.006,0,0,11,38,0,1,0
26-02 16:43:31,5.507,3.004,62.577,26.533,0,1451760,829372,175736,5469472,8533.463,1081.326,0,8846.848,0,718.881,4951,8489,2.870,2.120,1.220,0,3,12.015,0,0,11,38,0,1,0
26-02 16:43:32,5.242,2.995,63.652,25.461,0,1451256,829372,175744,5469968,5899.923,802.765,0,10312.135,0,763.825,4810,8631,2.870,2.120,1.220,1,1,5.991,0,0,11,38,0,1,0
26-02 16:43:33,7.002,3.501,58.015,28.758,0,1451032,829372,175756,5470152,7085.849,540.141,0,14159.695,0,1000.261,5965,10522,2.870,2.120,1.220,1,0,18.005,0,0,11,38,0,1,0
26-02 16:43:34,14.795,11.786,62.439,10.281,0,1335320,945216,175756,5470020,5475.563,541.638,0,6555.830,0,456.380,5632,6469,2.800,2.110,1.220,1,0,299.907,0,0,11,32,0,3,0
26-02 16:43:35,17.004,23.755,54.262,3.501,0,1345536,934692,175780,5470328,7901.780,648.146,0,2180.491,0,133.030,7079,6398,2.800,2.110,1.220,2,1,641.144,0,0,11,34,0,8,0
26-02 16:43:36,64.471,9.496,22.990,3.249,0,1557672,721676,175804,5471184,8705.140,659.707,0,1439.362,0,95.957,4242,2367,2.800,2.110,1.220,3,0,9.996,0,0,11,32,0,9,0
26-02 16:43:37,65.783,6.253,22.261,5.253,0,1712580,563504,175924,5473972,6034.055,660.334,0,4898.480,0,175.089,4022,1825,2.800,2.110,1.220,3,0,0,0,0,11,32,0,9,0
26-02 16:43:38,31.643,4.485,36.377,25.414,0,1770988,501524,176028,5477108,7692.884,484.356,0,10352.855,0,481.366,4478,5311,2.800,2.110,1.220,2,1,11.959,0,0,11,38,0,9,0
26-02 16:43:39,12.249,4.000,51.247,30.498,0,1771276,499508,176040,5478780,7388.566,875.949,0,9223.458,0,668.961,5624,9274,3.060,2.180,1.250,0,1,35.998,0,0,11,38,0,9,0
26-02 16:43:40,9.250,2.750,48.752,36.252,0,1771096,498248,176048,5480144,4382.184,852.036,0,12900.540,0,848.036,5611,9866,3.060,2.180,1.250,0,3,27.001,0,0,11,38,0,9,0
26-02 16:43:41,8.765,3.756,50.585,33.807,0,1771472,496232,176052,5481740,8811.732,799.336,0,15602.084,0,966.616,6191,10748,3.060,2.180,1.250,0,2,24.040,0,0,11,38,0,9,0
26-02 16:43:42,7.486,2.246,52.904,34.687,0,1770856,495224,176056,5483288,8236.124,796.561,0,6739.827,0,525.052,4965,8339,3.060,2.180,1.250,1,1,17.968,0,0,11,38,0,9,0
26-02 16:43:43,6.499,3.249,52.740,34.744,0,1772580,492452,176072,5484252,9925.156,1254.767,0,10734.005,0,701.870,5088,8980,3.060,2.180,1.250,1,1,15.997,0,0,11,38,1,9,0
26-02 16:43:44,7.262,3.756,53.587,32.803,0,1772360,491696,176084,5485192,6837.145,811.323,0,13758.428,0,936.527,5475,9701,3.210,2.230,1.270,0,2,21.034,0,0,11,38,0,9,0
26-02 16:43:45,6.991,2.746,60.419,26.964,0,1771976,491192,176092,5486044,5733.292,808.912,0,13242.197,0,842.867,5172,9322,3.210,2.230,1.270,0,2,24.966,0,0,11,38,0,9,0
26-02 16:43:46,7.750,3.750,46.752,39.252,0,1771608,490184,176112,5487368,8995.466,582.030,0,16500.855,0,1081.056,7182,12763,3.210,2.230,1.270,0,1,27.001,0,0,11,38,0,9,0
26-02 16:43:47,11.530,5.514,46.621,33.838,0,1799972,460196,176144,5488904,7182.669,583.517,0,13290.545,0,940.444,7408,15947,3.210,2.230,1.270,3,0,72.188,0,0,11,38,0,9,0
26-02 16:43:48,7.490,2.996,49.436,36.703,0,1798828,459944,176148,5490224,10242.779,539.304,0,15631.823,0,1008.698,6591,11957,3.210,2.230,1.270,6,0,20.973,0,0,11,38,0,9,0
26-02 16:43:49,8.486,3.245,53.911,30.699,0,1798484,458484,176172,5491964,6803.733,539.107,0,12239.730,0,825.633,5932,10177,3.360,2.270,1.290,0,4,26.955,0,0,11,38,0,9,0
26-02 16:43:50,6.768,3.259,48.881,38.604,0,1795076,461008,176192,5492800,6894.486,541.452,0,13460.091,0,897.406,5351,9531,3.360,2.270,1.290,2,4,27.073,0,0,11,38,0,9,0
26-02 16:43:51,8.727,3.740,51.866,32.167,0,1792176,462628,176192,5494052,7159.536,538.611,0,16565.280,0,1050.291,6329,11323,3.360,2.270,1.290,2,2,29.923,0,0,11,38,0,9,0
26-02 16:43:52,7.753,3.751,56.018,30.760,0,1789132,464480,176196,5495184,4966.625,540.177,0,10755.518,0,748.245,6208,11023,3.360,2.270,1.290,0,1,30.010,0,0,11,38,0,9,0
26-02 16:43:53,7.262,3.255,48.579,37.811,0,1786824,465732,176208,5496200,5634.131,540.877,0,13902.531,0,965.565,6551,12050,3.360,2.270,1.290,0,1,30.049,0,0,11,38,0,9,0
26-02 16:43:54,5.740,2.995,51.662,36.687,0,1785312,466272,176220,5497140,7566.049,485.169,0,14555.085,0,925.416,5079,9252,3.410,2.300,1.300,0,2,11.979,0,0,11,38,0,9,0
26-02 16:43:55,7.503,3.501,49.019,37.015,0,1783672,466840,176228,5498176,7240.841,540.212,0,15810.203,0,1011.397,6196,11045,3.410,2.300,1.300,0,2,16.006,0,0,11,38,0,9,0
26-02 16:43:56,6.748,2.999,57.731,30.240,0.250,1781608,468072,176228,5498936,7015.691,539.822,0,9532.863,0,702.769,4947,8817,3.410,2.300,1.300,0,1,14.995,0,0,11,38,0,9,0
26-02 16:43:57,7.017,4.010,47.116,38.595,0,1780008,468320,176228,5500248,5536.656,541.335,0,16809.461,0,1119.762,6409,11747,3.410,2.300,1.300,1,1,21.052,0,0,11,38,0,9,0
26-02 16:43:58,7.233,3.242,50.878,36.413,0,1779128,468228,176236,5501184,6817.674,538.710,0,9668.846,0,705.311,5483,9701,3.410,2.300,1.300,0,2,17.957,0,0,11,38,0,9,0
26-02 16:43:59,4.501,3.501,56.012,32.507,0,1778280,468520,176244,5501716,8373.752,540.113,0,13046.729,0,863.181,4853,8749,3.380,2.310,1.310,1,2,6.001,0,0,11,38,0,9,0
26-02 16:44:00,6.749,3.000,49.992,37.244,0,1778428,467764,176256,5502292,5705.093,539.914,0,15681.508,0,1015.839,5781,10199,3.380,2.310,1.310,0,2,26.996,0,0,11,38,0,9,0
26-02 16:44:01,20.509,6.253,43.270,27.763,0,1639184,605656,176260,5503612,3208.461,540.246,0,8920.061,0,707.322,6871,10763,3.380,2.310,1.310,2,3,93.042,0,0,11,36,0,9,0
26-02 16:44:02,29.803,5.510,30.554,32.057,0,1712300,531508,176268,5504608,7338.020,486.864,0,14938.505,0,1024.818,7840,13024,3.380,2.310,1.310,1,2,28.050,0,0,11,36,0,9,0
26-02 16:44:03,29.207,4.993,33.201,30.705,0,1752724,489676,176276,5505972,7359.160,539.206,0,15684.897,0,1008.514,7799,12768,3.380,2.310,1.310,1,3,28.957,0,0,11,38,0,9,0
26-02 16:44:04,10.990,5.995,43.962,37.218,0,1689316,552112,176284,5506896,7321.668,539.533,0,14359.582,0,965.165,6216,10041,3.430,2.340,1.330,0,2,95.917,0,0,11,36,0,9,0
26-02 16:44:05,6.249,3.000,53.493,34.246,0,1680080,560176,176300,5508020,7141.112,633.921,0,9226.853,0,703.913,5140,8979,3.430,2.340,1.330,2,1,27.997,0,0,11,36,0,9,0
26-02 16:44:06,6.500,3.750,58.999,28.499,0,1671148,567800,176312,5509288,7311.849,539.989,0,10031.793,0,732.985,5259,9162,3.430,2.340,1.330,0,1,21.000,0,0,11,36,0,9,0
26-02 16:44:07,6.999,4.000,52.995,33.747,0,1657232,579636,176332,5511276,6250.356,539.944,0,18278.116,0,1100.887,5658,10155,3.430,2.340,1.330,0,3,14.998,0,0,11,36,0,9,0
26-02 16:44:08,4.755,3.253,53.552,36.285,0,1652388,583456,176340,5512232,3597.469,540.521,0,15655.096,0,886.855,4837,8641,3.430,2.340,1.330,2,3,9.009,0,0,11,36,0,9,0
26-02 16:44:09,6.744,2.248,53.949,33.468,0,1642956,591148,176356,5513868,9169.329,539.490,0,7317.080,0,600.432,4844,8372,3.310,2.340,1.330,2,3,14.986,0,0,11,36,0,9,0
26-02 16:44:10,7.003,3.752,50.272,37.016,0,1635632,597504,176368,5514780,5010.169,486.211,0,14890.447,0,975.422,5550,9998,3.310,2.340,1.330,1,4,15.006,0,0,11,36,0,9,0
26-02 16:44:11,9.017,3.757,51.846,33.312,0,1633232,598956,176376,5515692,4486.294,541.000,0,10655.700,0,850.573,5948,10181,3.310,2.340,1.330,2,0,27.050,0,0,11,36,0,9,0
26-02 16:44:12,6.986,3.243,52.145,35.179,0,1631216,600040,176384,5516588,7494.927,538.916,0,12794.270,0,805.380,5572,9951,3.310,2.340,1.330,1,2,5.988,0,0,11,36,0,9,0
26-02 16:44:13,5.504,3.253,55.044,33.276,0,1629360,600916,176388,5517544,7660.089,540.430,0,15520.337,0,957.761,5119,9317,3.310,2.340,1.330,2,3,3.002,0,0,11,36,0,9,0
26-02 16:44:14,10.747,3.249,52.483,31.490,0,1630056,598196,176388,5519480,7578.593,539.829,0,9976.832,0,698.778,5644,9709,3.210,2.330,1.340,0,2,0,0,0,11,36,0,9,0
26-02 16:44:15,6.746,3.748,51.471,35.230,0,1629112,597588,176400,5520928,5701.811,539.698,0,16662.680,0,1046.415,5651,9985,3.210,2.330,1.340,1,2,0.999,0,0,11,36,0,9,0
26-02 16:44:16,5.001,2.751,55.013,35.258,0,1627704,597568,176404,5522316,4907.173,540.129,0,7349.757,0,504.120,4062,7306,3.210,2.330,1.340,0,1,0,0,0,11,36,0,9,0
26-02 16:44:17,6.252,4.501,48.762,37.759,0,1626924,596508,176412,5524092,7415.785,486.117,0,17348.177,0,1078.260,6043,10978,3.210,2.330,1.340,0,1,0,0,0,11,36,0,9,0
26-02 16:44:18,5.499,3.249,50.492,37.994,0,1625884,596260,176412,5525328,9070.508,539.911,0,15793.402,0,981.838,5587,10253,3.210,2.330,1.340,2,1,0,0,0,11,36,0,9,0
26-02 16:44:19,5.748,2.999,55.976,31.737,0,1625496,594244,176424,5527632,4244.196,539.771,0,10083.714,0,697.703,5115,9258,3.110,2.320,1.340,0,1,0,0,0,11,36,0,9,0
26-02 16:44:20,4.751,2.750,53.009,38.006,0,1625368,593488,176436,5528468,7738.273,540.089,0,10533.732,0,645.106,4024,7308,3.110,2.320,1.340,0,1,0,0,0,11,36,0,9,0
26-02 16:44:21,5.249,3.499,47.490,40.742,0,1624940,592732,176436,5529612,7012.563,539.889,0,16240.672,0,986.798,5392,9757,3.110,2.320,1.340,1,1,5.999,0,0,11,36,0,9,0
26-02 16:44:22,6.751,3.001,54.011,34.257,0,1625160,591220,176440,5530848,8085.684,540.112,0,8457.761,0,668.139,5541,9945,3.110,2.320,1.340,2,2,3.001,0,0,11,36,0,9,0
26-02 16:44:23,3.500,3.250,54.247,35.998,0,1624920,590968,176444,5531316,4821.765,539.974,0,11951.417,0,798.961,4652,8590,3.110,2.320,1.340,0,2,3.000,0,0,11,36,0,9,0
26-02 16:44:24,4.498,2.999,50.482,39.236,0,1625064,590464,176444,5531660,5352.075,539.806,0,12071.659,0,801.712,5755,10315,3.260,2.370,1.360,0,1,11.996,0,0,11,36,0,9,0
26-02 16:44:25,7.004,4.002,58.029,29.515,0,1626144,588952,176444,5532064,8792.456,486.246,0,10949.549,0,881.447,5855,10149,3.260,2.370,1.360,0,2,16.008,0,0,11,36,0,9,0
26-02 16:44:26,7.499,3.499,50.992,34.244,0,1625976,587692,176448,5533452,7100.823,539.910,0,17433.110,0,1118.815,6078,10819,3.260,2.370,1.360,0,2,8.999,0,0,11,36,0,9,0
26-02 16:44:27,5.751,3.501,57.761,29.506,0.250,1625492,587692,176452,5533920,7534.480,540.106,0,18611.655,0,1203.236,5924,10758,3.260,2.370,1.360,0,3,12.002,0,0,11,36,0,9,0
26-02 16:44:28,6.759,3.505,58.076,31.291,0,1625960,586684,176460,5534436,8703.445,540.711,0,9324.262,0,671.884,4929,8338,3.260,2.370,1.360,0,1,15.020,0,0,11,36,0,9,0
26-02 16:44:29,8.258,3.253,57.558,26.777,0,1627668,584416,176464,5534984,9365.361,540.540,0,14126.120,0,995.996,6616,11642,3.240,2.380,1.370,0,2,15.015,0,0,11,36,0,9,0
26-02 16:44:30,6.974,2.989,49.814,37.859,0,1627356,584164,176468,5535516,8568.073,537.995,0,13505.675,0,889.685,5173,9125,3.240,2.380,1.370,0,2,5.978,0,0,11,36,0,9,0
26-02 16:44:31,13.051,3.012,54.964,27.357,0,1627496,583408,176468,5536112,3830.919,542.111,0,7505.227,0,642.502,5028,8348,3.240,2.380,1.370,1,2,18.070,0,0,11,36,0,9,0
26-02 16:44:32,10.970,8.975,48.366,29.668,0,1488664,722020,176468,5536316,2992.735,538.513,0,15892.113,0,1047.108,6639,10332,3.240,2.380,1.370,0,1,163.548,0,0,11,34,0,9,0
26-02 16:44:33,13.785,4.010,62.911,17.796,0,1326872,883564,176468,5536520,8664.212,487.249,0,10875.882,0,744.910,5222,8380,3.240,2.380,1.370,1,0,23.059,0,0,11,32,0,9,0
26-02 16:44:34,20.466,6.739,70.632,2.246,0,1391372,819052,176468,5536532,5438.914,539.099,0,1561.392,0,96.838,2681,2341,3.060,2.360,1.370,1,0,86.855,0,0,11,32,0,9,0
26-02 16:44:35,23.488,3.498,66.715,5.997,0,1457648,752776,176468,5536532,7440.084,539.716,0,2954.445,0,177.906,2143,1921,3.060,2.360,1.370,1,0,2.998,0,0,11,34,0,9,0
26-02 16:44:36,22.250,3.750,71.500,1.500,0,1422468,787948,176468,5536540,7348.015,540.001,0,124.000,0,9.000,2408,1913,3.060,2.360,1.370,1,0,27.000,0,0,11,32,0,1,0
26-02 16:44:37,22.751,3.250,74.004,0,0,1493264,717152,176468,5536540,8280.500,540.033,0,156.009,0,30.002,1773,1200,3.060,2.360,1.370,1,0,1.000,0,0,11,32,0,1,0
26-02 16:44:38,20.295,6.264,69.653,2.756,0,1468060,742340,176472,5536548,7888.350,541.190,0,613.349,0,48.106,2876,2386,3.060,2.360,1.370,2,0,90.198,0,0,11,32,0,1,0
26-02 16:44:39,12.503,36.758,49.261,0,0,1464116,746212,176472,5536620,5019.157,540.125,0,76.018,0,19.004,8475,8347,2.820,2.320,1.360,3,0,1265.292,0,0,11,32,0,1,0
26-02 16:44:40,7.744,22.232,68.444,0.250,0,1456708,753540,176472,5536696,4990.940,485.605,0,335.727,0,21.982,6471,5305,2.820,2.320,1.360,1,0,551.551,0,0,11,32,0,1,0
26-02 16:44:41,8.761,20.024,69.585,0.250,0,1449280,760936,176472,5536728,8104.905,540.661,0,116.142,0,11.013,5962,4645,2.820,2.320,1.360,2,0,413.505,0,0,11,32,0,1,0
26-02 16:44:42,15.247,18.747,65.488,0,0,1428904,781264,176472,5537196,5550.006,581.896,0,23.996,0,5.999,7096,8470,2.820,2.320,1.360,1,0,333.940,0,0,11,32,0,1,0
26-02 16:44:43,40.148,10.473,48.876,0,0,1518884,691268,176480,5537228,10348.763,1036.373,0,1153.077,0,166.578,3987,2745,2.820,2.320,1.360,2,0,131.666,0,0,11,33,0,1,0
26-02 16:44:44,44.878,6.519,48.137,0,0,1615704,594308,176480,5537368,10110.737,541.539,0,0,0,0,3094,1930,2.750,2.310,1.360,3,0,9.026,0,0,11,45,0,1,0
26-02 16:44:45,39.869,4.236,42.859,12.210,0,1663160,545224,176556,5538760,10113.658,538.226,103.658,2376.166,0.997,264.129,3640,2766,2.750,2.310,1.360,2,0,12.957,0,0,11,49,0,1,0
26-02 16:44:46,25.035,14.770,56.828,3.505,0,1680160,525180,176556,5541536,10535.522,540.745,0,396.547,0,21.029,6165,8739,2.750,2.310,1.360,1,0,347.479,0,0,11,48,0,1,0
26-02 16:44:47,20.725,10.737,66.420,0.999,0,1697268,508004,176556,5541552,4214.912,539.349,0,135.836,0,6.992,5996,13354,2.750,2.310,1.360,0,0,184.777,0,0,11,48,0,2,0
26-02 16:44:48,0.750,1.000,97.230,0.250,0,1697264,508004,176556,5541552,10664.818,485.901,0,943.807,0,101.979,1089,1475,2.750,2.310,1.360,0,0,2.999,0,0,11,48,0,1,0
26-02 16:44:49,0.750,0.500,98.002,0,0,1696744,508524,176556,5541552,9792.189,540.010,0,40.001,0,5.000,774,997,2.530,2.270,1.360,0,0,2.000,0,0,11,48,0,1,0
26-02 16:44:50,0.750,0.750,98.757,0,0,1695428,509840,176556,5541552,3608.245,540.037,0,0,0,0,629,900,2.530,2.270,1.360,0,0,2.000,0,0,11,48,0,1,0
26-02 16:44:51,1.500,2.000,95.500,0,0,1670288,534980,176556,5541544,7054.988,539.999,0,0,0,0,1193,1413,2.530,2.270,1.360,0,0,27.000,0,0,11,48,0,1,0
26-02 16:44:52,19.786,14.526,64.617,0,0,1696712,508536,176556,5541552,7338.238,540.976,0,4.007,0,1.002,5864,7521,2.530,2.270,1.360,1,0,292.528,0,0,11,48,0,1,0
26-02 16:44:53,10.762,16.269,72.333,0,0,1661144,544076,176556,5541600,8045.177,778.888,0,12.014,0,3.003,5686,5267,2.530,2.270,1.360,1,0,408.466,0,0,12,48,0,1,0
26-02 16:44:54,17.990,12.743,67.963,0,0,1665752,539444,176556,5541588,5770.836,539.704,0,179.901,0,9.995,6895,9378,2.330,2.230,1.350,1,0,228.875,0,0,12,52,0,1,0
26-02 16:44:55,5.995,7.993,84.675,1.499,0,1669160,535884,176556,5541752,3911.547,539.524,0,375.668,0,33.970,3139,3396,2.330,2.230,1.350,3,0,196.826,0,0,12,64,0,1,0
26-02 16:44:56,17.474,13.230,68.399,0,0,1672296,532648,176556,5541788,6534.334,485.282,0,15.976,0,2.996,5347,7844,2.330,2.230,1.350,6,0,215.681,0,0,14,64,0,2,0
26-02 16:44:57,9.006,19.763,69.295,0,0,1676248,528652,176556,5541840,7546.899,540.351,0,44.029,0,7.005,6226,4990,2.330,2.230,1.350,1,0,468.304,0,0,14,66,0,2,0
26-02 16:44:58,13.745,16.244,63.477,5.748,0,1683252,521620,176556,5542208,8942.770,623.775,0,1987.282,0,153.944,6329,7462,2.330,2.230,1.350,5,0,307.889,0,0,14,66,0,2,0
26-02 16:44:59,26.542,21.283,51.831,0,0,1711140,493716,176564,5541892,5588.760,540.848,0,957.501,0,14.022,6128,5970,2.300,2.230,1.350,3,0,466.732,0,0,14,66,0,2,0
26-02 16:45:00,29.974,24.729,44.711,0,0,1805312,398516,176624,5542836,6795.140,539.535,7.993,295.745,0.999,4.996,7645,8735,2.300,2.230,1.350,3,0,686.408,0,0,14,66,0,2,0
26-02 16:45:01,31.736,24.239,42.731,0,0,1976884,226212,176632,5543776,6209.265,539.762,0,47.979,0,11.995,7318,7200,2.300,2.230,1.350,2,0,526.768,0,0,14,70,0,4,0
26-02 16:45:02,56.732,18.994,23.992,0,0,2048004,154672,176644,5544124,3959.737,539.828,0,15.995,0,3.999,4563,5966,2.300,2.230,1.350,5,0,376.880,0,0,14,70,0,4,0
26-02 16:45:03,57.395,22.306,16.041,4.511,0,2111660,161420,172232,5480128,4483.355,541.371,16.041,6504.474,4.010,469.188,7455,8258,2.300,2.230,1.350,3,0,411.041,0,0,14,70,0,4,0
26-02 16:45:04,68.387,22.463,6.739,2.496,0,2228152,253460,168668,5279980,7512.558,575.048,2823.324,1633.295,129.785,49.917,5604,5498,2.520,2.280,1.370,4,0,489.190,0,0,14,70,0,4,0
26-02 16:45:05,74.390,17.474,3.245,4.244,0,2377532,179812,170320,5204172,6168.882,633.064,3594.687,1357.993,181.731,29.956,7552,9046,2.520,2.280,1.370,5,0,283.581,0,0,14,74,0,4,0
26-02 16:45:06,58.659,24.316,10.027,6.267,0,2555388,156012,169680,5054416,6920.775,541.469,393.066,7720.946,10.027,447.213,9063,11445,2.520,2.280,1.370,3,2,544.477,0,0,14,76,0,4,0
26-02 16:45:07,50.213,17.898,15.660,14.915,0,2647800,118904,169292,5000692,6420.244,536.926,847.150,13649.854,35.795,412.638,9076,14814,2.520,2.280,1.370,5,1,272.440,0,0,14,77,0,4,0
26-02 16:45:08,54.064,6.789,26.152,12.573,0,2750872,158968,168960,4861380,6864.834,543.152,4.023,10452.653,1.006,472.743,7125,10018,2.520,2.280,1.370,1,1,2.012,0,0,14,79,0,4,0
26-02 16:45:09,71.828,13.670,12.427,1.988,0,2830816,146884,169072,4794724,5579.252,536.849,87.486,2358.159,9.942,102.399,7453,13319,2.800,2.340,1.400,5,5,245.559,0,0,14,84,0,10,0
26-02 16:45:10,41.754,22.889,24.650,9.055,0,2896404,147416,169076,4730148,3623.039,543.305,8.049,5416.952,2.012,249.518,9772,17028,2.800,2.340,1.400,3,1,583.550,0,0,14,97,0,16,0
26-02 16:45:11,26.747,15.498,50.994,6.749,0,2931940,175464,169080,4668052,3465.614,539.940,1711.809,4931.451,60.993,246.972,6653,8714,2.800,2.340,1.400,3,0,272.970,0,0,14,97,0,16,0
26-02 16:45:12,46.366,5.733,40.882,6.232,0,3052280,119020,169100,4605432,6839.211,484.598,1236.422,5595.809,18.945,79.769,3072,1693,2.800,2.340,1.400,2,0,11.965,0,0,14,98,0,16,0
26-02 16:45:13,12.536,17.300,66.441,2.256,0.251,3073748,164932,169108,4539448,5576.992,541.553,4.012,1484.256,1.003,93.267,5886,5426,2.800,2.340,1.400,1,0,311.894,0,0,14,101,0,16,0
26-02 16:45:14,7.254,20.262,70.791,0.250,0,3094608,144040,169108,4539480,7129.123,630.365,4.002,152.088,1.001,17.010,5842,4523,2.650,2.320,1.390,1,0,376.218,0,0,14,101,0,16,0
26-02 16:45:15,11.458,16.439,70.987,0.996,0,3116636,121208,169108,4540284,5700.894,538.008,773.138,47.823,34.871,4.982,5033,3860,2.650,2.320,1.390,1,0,303.875,0,0,14,101,0,16,0
26-02 16:45:16,17.752,2.500,77.757,0.750,0,3160876,143564,169108,4475636,11697.019,6187.539,72.006,60.005,5.000,2.000,1912,1588,2.650,2.320,1.390,0,0,0,0,0,14,102,0,16,0
26-02 16:45:17,19.013,6.004,74.303,0.250,0,3135496,168924,169112,4475652,25256.866,17508.385,4.003,376.266,1.001,24.017,3143,2825,2.650,2.320,1.390,1,0,63.045,0,0,14,103,0,17,0
26-02 16:45:18,18.482,3.247,77.672,0,0,3190536,180512,169112,4410896,6552.444,2920.079,0,43.956,0,3.996,1665,1213,2.650,2.320,1.390,1,0,0,0,0,14,104,0,17,0
26-02 16:45:19,18.507,3.001,76.281,1.000,0,3184760,186100,169120,4411080,12609.075,4632.865,0,520.209,0,50.020,2650,2927,2.520,2.290,1.390,1,0,2.001,0,0,14,110,0,17,0
26-02 16:45:20,22.752,4.750,63.757,7.001,0,3191996,178340,169124,4411568,6479.680,486.051,208.022,2024.212,11.001,227.024,5325,7806,2.520,2.290,1.390,1,1,5.001,0,0,14,117,0,17,0
26-02 16:45:21,30.580,10.026,56.648,2.757,0,3200524,233576,169128,4349176,5404.099,1687.402,0,1307.411,0,100.262,4768,4958,2.520,2.290,1.390,1,0,114.298,0,0,14,118,0,19,0
26-02 16:45:22,18.196,1.994,77.519,1.496,0,3244560,189516,169128,4349200,13803.845,6232.418,0,570.300,0,33.899,2003,1724,2.520,2.290,1.390,1,0,0,0,0,14,119,0,19,0
26-02 16:45:23,19.244,2.249,71.477,5.498,0,3248320,185736,169132,4349216,11481.347,3248.966,0,1711.455,0,131.958,2519,2941,2.520,2.290,1.390,1,0,1.999,0,0,14,123,0,19,0
26-02 16:45:24,31.357,8.027,49.418,10.787,0,3271156,162848,169132,4349248,8819.018,1830.230,4.014,4097.949,1.003,538.834,5715,6375,2.560,2.310,1.400,2,1,95.324,0,0,14,122,0,20,0
26-02 16:45:25,40.880,7.229,45.866,4.736,0,3367672,129760,169132,4287060,7831.052,2776.863,0,5053.192,0,101.702,3334,2613,2.560,2.310,1.400,1,0,6.980,0,0,14,123,0,20,0
26-02 16:45:26,21.004,5.751,72.764,0,0,3327284,170128,169132,4287080,25037.678,20835.893,0,440.082,0,24.004,2579,2034,2.560,2.310,1.400,2,0,55.010,0,0,14,122,0,21,0
26-02 16:45:27,17.999,2.250,78.997,0,0,3370608,126676,169132,4287208,14119.505,6252.781,0,379.987,0,24.999,1822,1408,2.560,2.310,1.400,2,0,0,0,0,14,123,0,21,0
26-02 16:45:28,20.500,5.250,73.499,0.250,0,3338300,158952,169132,4287240,25554.642,17309.758,8.000,123.998,2.000,15.000,2556,2010,2.560,2.310,1.400,2,0,50.999,0,0,14,122,0,22,0
26-02 16:45:29,15.998,2.000,81.242,0,0,3366000,131244,169132,4287248,14518.501,6750.303,0,35.996,0,4.000,1665,1316,2.430,2.280,1.400,1,0,0,0,0,14,123,0,22,0
26-02 16:45:30,14.750,5.750,65.749,12.250,0,3354300,142896,169136,4287292,7837.870,1948.968,8.000,8027.866,2.000,616.990,4220,4789,2.430,2.280,1.400,1,0,83.999,0,0,14,126,0,23,0
26-02 16:45:31,24.990,4.248,69.472,1.000,0,3410644,149700,169136,4225660,4870.006,2783.860,3.998,539.779,1.000,42.982,5636,10005,2.430,2.280,1.400,0,0,30.987,0,0,14,135,0,28,0
26-02 16:45:32,19.015,5.504,74.558,0,0,3394664,165672,169136,4225668,28569.314,20848.284,0,0,0,0,2574,1952,2.430,2.280,1.400,1,0,55.043,0,0,14,134,0,29,0
26-02 16:45:33,18.246,2.999,77.731,0,0,3438512,121796,169136,4225696,13224.815,6251.494,3.999,2119.490,1.000,26.993,2010,1708,2.430,2.280,1.400,1,0,5.999,0,0,14,135,0,29,0
26-02 16:45:34,19.748,4.000,64.743,10.749,0,3428076,132032,169136,4225896,5529.381,1478.834,4.000,3387.621,1.000,293.967,5147,7822,2.720,2.350,1.420,1,0,1.000,0,0,14,138,0,29,0
26-02 16:45:35,21.300,6.265,63.148,8.771,0,3376040,183948,169136,4226016,12569.486,1784.185,32.075,5733.450,2.005,380.894,5326,7300,2.720,2.350,1.420,1,0,54.127,0,0,14,137,0,31,0
26-02 16:45:36,18.954,2.494,77.560,0.249,0,3418472,141508,169136,4226024,14534.421,6223.765,0,550.652,0,25.937,1905,1407,2.720,2.350,1.420,1,0,0,0,0,14,138,0,31,0
26-02 16:45:37,20.539,3.256,74.140,2.004,0,3413896,146068,169136,4226040,13386.314,4870.210,0,1891.577,0,134.254,3618,4540,2.720,2.350,1.420,2,0,0,0,0,14,138,0,31,0
26-02 16:45:38,29.516,5.003,61.033,2.001,0,3415268,144464,169136,4226272,8402.494,1274.682,0,1228.657,0,135.072,9195,14949,2.720,2.350,1.420,1,0,0,0,0,14,140,0,31,0
26-02 16:45:39,24.939,6.484,63.594,3.990,0,3389396,170308,169136,4226300,9966.502,670.352,0,718.235,0,57.858,3587,3707,2.580,2.320,1.420,3,0,69.828,0,0,14,139,0,32,0
26-02 16:45:40,14.745,1.999,82.974,1.250,0,3405248,154444,169136,4226312,15303.296,8892.267,0,779.760,0,45.986,2011,2051,2.580,2.320,1.420,0,0,1.000,0,0,14,140,0,32,0
26-02 16:45:41,18.501,8.001,67.255,5.000,0,3374388,185268,169136,4226348,7967.641,1807.145,0,1192.096,0,111.009,4299,4884,2.580,2.320,1.420,1,0,147.012,0,0,14,141,0,33,0
26-02 16:45:42,20.004,2.501,76.516,0.500,0,3415768,143884,169136,4226352,9903.072,6252.308,0,584.122,0,37.008,1902,1515,2.580,2.320,1.420,1,0,0,0,0,14,142,0,33,0
26-02 16:45:43,18.296,3.759,73.685,3.509,0,3411180,148432,169144,4226384,16751.154,6779.059,0,1688.248,0,120.303,4521,6281,2.580,2.320,1.420,2,0,1.003,0,0,14,142,0,33,0
26-02 16:45:44,31.492,7.748,57.736,1.500,0,3417384,142028,169144,4226536,8446.918,2075.488,35.991,1291.682,2.999,117.971,10117,16365,2.620,2.330,1.430,3,1,2.999,0,0,14,141,0,34,0
26-02 16:45:45,39.384,12.712,42.624,3.490,0,3402196,156876,169144,4226780,7933.579,865.445,0,1702.973,0,158.532,10515,15836,2.620,2.330,1.430,1,0,286.155,0,0,14,141,0,34,0
26-02 16:45:46,18.573,2.008,77.052,2.259,0,3433188,125880,169144,4226784,11845.455,7798.584,0,630.473,0,33.130,2030,1782,2.620,2.330,1.430,0,0,0,0,0,14,142,0,34,0
26-02 16:45:47,14.748,18.998,64.993,0.250,0,3344636,214372,169144,4226844,8289.150,987.899,23.998,659.932,2.000,34.996,6341,15915,2.620,2.330,1.430,1,0,445.954,0,0,14,141,0,36,0
26-02 16:45:48,15.257,18.509,64.281,0.500,0,3357928,201060,169148,4227304,6383.100,540.262,4.002,608.295,1.000,37.018,7358,9074,2.620,2.330,1.430,1,0,360.175,0,0,14,141,0,36,0
26-02 16:45:49,27.711,18.724,51.928,0.749,0,3417696,141244,169148,4226916,6500.956,539.250,0,1214.311,0,68.904,6077,5481,2.650,2.350,1.440,3,0,412.426,0,0,14,141,0,36,0
26-02 16:45:50,33.793,19.525,40.552,5.257,0,3463760,157108,169160,4166904,3705.770,652.840,132.170,4906.315,11.014,231.298,7740,9643,2.650,2.350,1.440,4,0,415.535,0,0,14,147,0,36,0
26-02 16:45:51,41.699,21.224,31.711,4.744,0,3554556,187448,169160,4048788,7549.771,539.341,91.888,3955.165,4.994,419.487,7104,7981,2.650,2.350,1.440,5,1,518.366,0,0,16,147,0,36,0
26-02 16:45:52,59.807,23.522,15.265,1.001,0,3716020,157668,169160,3918516,6370.085,540.516,16.015,692.662,3.003,43.041,8069,14071,2.650,2.350,1.440,6,0,448.428,0,0,16,153,0,36,0
26-02 16:45:53,47.112,19.941,31.408,0.997,0,3803456,120220,169164,3869168,7153.997,484.577,7.977,506.513,1.994,30.909,10044,14510,2.650,2.350,1.440,6,0,458.653,0,0,16,169,0,36,0
26-02 16:45:54,32.816,23.547,41.583,1.503,0,3854116,165284,169172,3774760,8434.910,541.085,8.016,937.880,2.004,38.076,7352,6272,2.590,2.340,1.440,2,0,576.155,0,0,17,169,0,36,0
26-02 16:45:55,17.985,15.237,64.947,0.500,0,3863124,156240,169172,3774796,8083.351,629.482,7.993,1107.089,1.998,111.908,6836,9153,2.590,2.340,1.440,2,0,278.771,0,0,17,169,0,36,0
26-02 16:45:56,29.797,23.788,45.071,0.501,0,3921608,151440,169172,3722512,5286.359,540.855,12.019,296.469,3.005,26.041,6948,6123,2.590,2.340,1.440,2,0,593.939,0,0,17,169,0,36,0
26-02 16:45:57,45.509,20.504,31.006,1.750,0,4046744,151988,169292,3599648,3509.686,540.106,1348.263,828.162,82.016,47.009,7744,14072,2.590,2.340,1.440,5,0,363.071,0,0,17,181,0,36,0
26-02 16:45:58,33.510,26.007,38.011,1.750,0,4110516,139132,169376,3549904,7655.176,834.237,2492.709,560.159,145.041,32.009,7716,7274,2.590,2.340,1.440,3,0,780.222,0,0,17,181,1,35,0
26-02 16:45:59,23.708,21.961,52.407,0.998,0,4163716,136332,169364,3500856,6250.951,612.917,11.979,758.659,2.995,44.921,8688,10906,2.550,2.330,1.450,2,0,538.049,0,0,17,187,1,35,0
26-02 16:46:00,22.539,15.777,60.604,0.501,0,4193884,136384,169364,3471628,3274.635,615.058,12.021,280.483,3.005,23.040,7248,9021,2.550,2.330,1.450,3,0,328.565,0,0,17,193,1,35,0
26-02 16:46:01,43.313,7.468,46.798,1.245,0,4337004,137816,169344,3329752,6375.532,557.598,585.478,270.833,9.957,8.961,3309,2043,2.550,2.330,1.450,2,0,16.927,0,0,17,193,1,35,0
26-02 16:46:02,45.768,6.753,45.268,1.250,0,4450052,162732,169328,3195144,7195.823,614.241,296.116,580.228,16.006,43.017,4002,3334,2.550,2.330,1.450,1,0,6.002,0,0,17,198,1,33,0
26-02 16:46:03,29.054,20.538,48.590,1.753,0,4380488,231224,169340,3196188,7401.686,615.137,921.704,617.141,10.019,49.091,6553,6529,2.550,2.330,1.450,2,0,519.961,0,0,17,213,1,33,0
26-02 16:46:04,34.434,19.463,44.165,1.497,0,4407864,202568,169344,3197888,13758.520,8443.749,3.992,634.778,0.998,47.908,8072,12102,2.500,2.330,1.450,2,0,460.114,0,0,17,219,1,33,0
26-02 16:46:05,59.575,21.277,17.021,1.752,0,4499492,127444,169360,3182504,5887.433,1564.976,764.966,436.551,18.023,23.029,6889,7501,2.500,2.330,1.450,5,0,300.379,0,0,17,220,1,34,0
26-02 16:46:06,56.379,11.025,23.804,8.269,0,4623048,123624,169396,3065592,15484.439,8810.164,1756.019,1327.037,47.108,22.050,5219,4989,2.500,2.330,1.450,6,0,30.069,0,0,17,225,1,34,2
26-02 16:46:07,51.244,10.499,16.248,20.997,0,4620960,154584,169436,3037428,9903.790,3256.602,5735.299,5971.271,398.951,610.925,6489,6570,2.500,2.330,1.450,3,0,25.997,0,0,17,236,1,35,2
26-02 16:46:08,43.501,17.750,34.751,3.000,0,4676000,138656,169464,2999440,14599.322,8339.184,428.009,852.019,62.001,57.001,7536,9763,2.500,2.330,1.450,1,0,371.008,0,0,17,236,1,39,2
26-02 16:46:09,31.238,22.241,41.734,3.749,0,4618104,194732,169464,3001620,12043.276,3720.540,147.942,4666.170,7.997,87.965,8454,11745,2.460,2.320,1.450,3,0,420.835,0,0,17,237,1,40,2
26-02 16:46:10,51.499,21.750,25.500,1.000,0,4740672,138776,169464,2936272,13172.833,6252.921,4.000,9219.883,1.000,52.999,6679,7188,2.460,2.320,1.450,5,0,475.994,0,0,17,238,1,31,2
26-02 16:46:11,48.985,19.994,26.492,2.749,0,4708556,202700,169480,2905972,10707.803,5720.292,1035.691,1215.637,45.986,46.986,7430,10434,2.460,2.320,1.450,4,1,347.896,0,0,17,239,1,32,2
26-02 16:46:12,57.295,22.017,9.507,10.508,0,4847668,139452,169484,2831232,5213.079,2507.963,144.113,11468.975,11.009,523.410,8395,11796,2.460,2.320,1.450,1,3,443.347,0,0,17,248,1,34,0
26-02 16:46:13,47.794,20.661,24.395,5.476,0,4881472,165220,169496,2772616,15492.379,9428.455,597.431,2987.154,34.850,344.518,9658,16281,2.460,2.320,1.450,2,0,383.351,0,0,17,255,1,36,0
26-02 16:46:14,62.092,17.276,20.531,1.001,0,4972540,142304,169496,2705908,7947.837,2073.087,16.024,548.817,3.004,35.052,5359,5114,2.670,2.370,1.470,3,0,193.288,0,0,17,256,1,33,0
26-02 16:46:15,54.415,9.027,30.844,5.015,0,5063560,147072,169508,2612616,23723.970,16327.532,1508.576,1091.311,70.213,50.152,5464,7762,2.670,2.370,1.470,4,1,20.061,0,0,17,258,1,34,1
26-02 16:46:16,58.306,11.661,25.804,3.970,0,5105396,151352,169536,2567520,10035.617,2668.688,1476.760,778.078,58.554,67.486,10019,18310,2.670,2.370,1.470,6,0,21.834,0,0,17,266,1,38,0
26-02 16:46:17,43.249,19.750,31.500,3.500,0,5065420,189700,169792,2569064,17390.768,12151.838,4307.943,1650.978,62.999,70.999,7329,7665,2.670,2.370,1.470,5,0,453.994,0,0,17,267,1,40,0
26-02 16:46:18,51.567,24.400,23.142,0.755,0,5101556,153396,169792,2569528,10351.597,2521.491,1094.726,728.476,11.068,53.328,7584,9260,2.670,2.370,1.470,2,0,433.664,0,0,17,268,1,39,0
26-02 16:46:19,64.828,18.202,14.462,1.496,0,5177944,141744,169796,2506952,17720.906,9440.911,889.636,1304.533,12.966,70.812,7538,9581,2.690,2.380,1.480,4,0,241.359,0,0,18,270,1,40,0
26-02 16:46:20,78.076,11.548,1.255,8.787,0,5249408,120624,169804,2458788,5519.056,542.265,3301.793,931.893,146.612,33.138,5430,3848,2.690,2.380,1.480,5,0,20.084,0,0,18,270,1,40,0
26-02 16:46:21,67.480,12.746,17.495,1.749,0,5303228,121232,169832,2406280,16209.208,11434.620,1339.604,1511.553,40.988,96.971,8042,9648,2.690,2.380,1.480,8,0,162.952,0,0,18,276,1,42,0
26-02 16:46:22,47.514,11.753,30.759,9.253,0,5306168,139280,169844,2385828,14944.389,1789.526,1100.323,3637.068,38.011,245.072,5597,6739,2.690,2.380,1.480,2,0,74.022,0,0,18,280,1,40,0
26-02 16:46:23,31.178,7.483,45.395,15.714,0,5310672,160964,169844,2360568,31715.937,13509.878,866.005,10835.040,12.970,863.012,5623,5808,2.690,2.380,1.480,1,3,9.977,0,0,18,289,1,40,1
26-02 16:46:24,45.103,15.535,31.572,6.765,0,5314424,138924,169844,2378824,16583692.670,133141.079,3066.982,5484.485,33.075,300.684,11734,8101,2.720,2.390,1.490,3,0,270.616,0,0,18,286,1,41,0
26-02 16:46:25,33.355,4.978,57.998,1.991,0.249,5372172,125428,169844,2336108,14774.897,10782.220,0,9044.758,0,57.749,3351,2930,2.720,2.390,1.490,1,0,1.991,0,0,18,288,1,41,0
26-02 16:46:26,35.570,5.260,58.365,0.751,0,5346416,151120,169844,2336172,18766.101,10227.219,16.032,717.418,1.002,71.141,5177,6587,2.720,2.390,1.490,3,0,7.014,0,0,18,296,1,43,0
26-02 16:46:27,23.200,3.991,68.851,2.245,0,5376344,145020,169844,2313168,436808.072,16398692.487,463.001,630.639,23.948,52.886,4879,3695,2.720,2.390,1.490,0,0,1.996,0,0,18,297,1,42,0
26-02 16:46:28,9.248,2.750,85.985,0.500,0,5303428,217916,169848,2313184,8378.502,4340.224,0,639.886,0,59.989,2922,3611,2.720,2.390,1.490,0,0,36.993,0,0,18,296,1,43,0
26-02 16:46:29,1.999,1.000,95.705,0.500,0,5303652,217692,169848,2313184,9010.808,539.749,0,543.747,0,19.991,1219,1743,2.500,2.350,1.480,0,0,0,0,0,18,296,1,43,0
26-02 16:46:30,17.519,2.252,76.081,2.753,0,5300164,218360,169856,2315996,8593400.631,34574.817,64.068,3151.356,3.003,100.107,7064,7780,2.500,2.350,1.480,2,0,1.001,0,0,18,301,1,43,0
26-02 16:46:31,12.268,15.773,68.097,2.754,0,5228380,276440,169856,2329652,7946422.964,80082.453,60.086,2183.120,4.006,232.332,9260,7724,2.500,2.350,1.480,2,0,367.525,0,0,18,298,1,44,0
26-02 16:46:32,22.714,5.990,69.389,1.498,0,5296472,208344,169856,2329672,8071.141,485.227,0,387.383,0,32.948,3045,2846,2.500,2.350,1.480,1,0,98.843,0,0,18,300,1,44,0
26-02 16:46:33,12.531,17.543,68.921,0.501,0,5298776,206000,169856,2329712,7780.248,541.339,4.010,380.942,1.002,30.074,5685,4825,2.500,2.350,1.480,2,0,324.804,0,0,18,302,1,44,0
26-02 16:46:34,8.719,16.441,73.238,0.747,0,5275172,229548,169856,2329768,8116.957,611.811,0,561.989,0,49.822,5781,5157,2.300,2.310,1.470,0,0,351.741,0,0,18,304,1,44,0
26-02 16:46:35,4.756,2.003,91.865,0,0,5281512,223208,169856,2329768,10320.898,540.676,0,68.085,0,10.013,1549,1913,2.300,2.310,1.470,1,0,10.013,0,0,18,304,1,37,0
26-02 16:46:36,20.048,2.506,76.682,0,0,5291328,213380,169856,2329780,7634.158,2931.974,0,16014.090,0,30.072,2153,1882,2.300,2.310,1.470,1,0,0,0,0,18,305,1,37,0
26-02 16:46:37,17.208,8.230,72.572,0.998,0,5256568,248056,169856,2329864,15866.154,7071.686,63.844,0,3.990,0,4014,3485,2.300,2.310,1.470,1,0,113.722,0,0,18,308,1,38,0
26-02 16:46:38,12.028,15.786,70.412,1.002,0,5247300,257116,169860,2330048,7721.756,541.245,12.028,140.323,3.007,12.028,5480,4404,2.300,2.310,1.470,3,0,217.500,0,0,18,308,1,38,0
26-02 16:46:39,11.521,16.530,67.122,3.005,0,5246416,257716,169860,2330300,9817.864,540.984,0,320.583,0,24.044,5741,4796,2.190,2.290,1.470,2,0,221.403,0,0,18,308,1,36,0
26-02 16:46:40,22.647,4.728,70.677,1.244,0,5321848,182144,169860,2330440,6751.148,483.789,131.400,362.344,5.973,33.845,3124,3115,2.190,2.290,1.470,1,0,51.763,0,0,18,308,1,36,0
26-02 16:46:41,23.253,2.750,70.509,2.750,0,5375228,128244,169860,2330960,8694.082,582.072,388.048,960.119,12.001,34.004,2720,2463,2.190,2.290,1.470,1,1,6.001,0,0,18,316,1,36,0
26-02 16:46:42,23.594,3.263,71.787,1.004,0,5281900,221524,169860,2331008,5997.985,542.168,24.096,397.590,4.016,37.149,2675,2636,2.190,2.290,1.470,1,0,5.020,0,0,18,312,1,36,0
26-02 16:46:43,23.651,4.481,70.952,0,0,5324048,179324,169860,2331060,5599.475,927.105,47.799,223.063,1.992,12.946,2532,2206,2.190,2.290,1.470,1,0,1.992,0,0,18,312,2,35,0
26-02 16:46:44,21.254,2.751,72.265,3.251,0,5348416,154940,169860,2331076,11951.422,7827.587,0,992.201,0,147.030,3042,3001,2.100,2.270,1.470,2,0,4.001,0,0,18,314,1,36,0
26-02 16:46:45,23.246,4.749,71.488,0,0,5305788,197568,169860,2331076,7386.729,539.907,0,131.977,0,12.998,2489,2147,2.100,2.270,1.470,2,0,15.997,0,0,18,314,1,36,0
26-02 16:46:46,18.540,9.270,71.404,0,0,5294960,208248,169864,2331220,6142.227,541.165,388.837,432.932,4.009,16.035,3755,3065,2.100,2.270,1.470,1,0,156.337,0,0,18,314,1,36,0
26-02 16:46:47,13.280,18.793,63.394,3.508,0,5316380,186500,169864,2334148,6702.276,487.110,188.429,292.667,11.025,25.057,6463,7482,2.100,2.270,1.470,3,0,462.053,0,0,18,314,1,34,0
26-02 16:46:48,23.663,4.234,71.735,0,0,5327064,175756,169912,2331544,9644.381,1805.333,19.926,0,4.982,0,3006,4978,2.100,2.270,1.470,0,0,34.871,0,0,18,315,1,35,0
26-02 16:46:49,20.294,2.756,74.660,1.253,0,5305604,190904,170420,2337252,11655.032,1555.341,4.009,793.705,1.002,16.034,2254,2083,2.010,2.250,1.460,1,0,2.004,0,0,18,314,1,35,0
26-02 16:46:50,18.508,2.501,76.285,2.251,0,5319304,176036,170424,2338384,12648.794,3482.595,80.037,840.385,5.002,23.011,2426,2484,2.010,2.250,1.460,1,0,17.008,0,0,18,315,1,35,0
26-02 16:46:51,22.755,5.251,69.015,1.250,0,5309040,181332,170948,2342712,6258.355,714.155,0,1120.243,0,30.006,10098,18539,2.010,2.250,1.460,1,0,13.003,0,0,18,314,1,33,0
26-02 16:46:52,19.760,4.252,73.287,1.751,0,5316844,172948,170996,2343240,13594.948,3482.780,176.090,592.303,11.006,12.006,11471,21040,2.010,2.250,1.460,1,0,5.003,0,0,18,315,1,33,0
26-02 16:46:53,20.475,5.243,72.410,1.248,0,5284780,203708,171092,2344432,8492.436,539.329,3.995,439.453,0.999,10.986,2582,2235,2.010,2.250,1.460,1,0,14.981,0,0,18,315,1,33,0
26-02 16:46:54,16.765,11.010,54.049,16.265,0,5265156,234196,171128,2333548,6567.929,756.683,96.087,6381.761,6.005,565.511,5105,5218,2.170,2.270,1.480,1,2,269.243,0,0,18,314,1,33,0
26-02 16:46:55,20.230,2.248,74.675,1.998,0,5306504,192656,171128,2333740,12183.746,2922.061,0,1010.983,0,63.936,2465,2493,2.170,2.270,1.480,1,0,1.998,0,0,18,315,1,33,0
26-02 16:46:56,17.698,7.229,73.533,0.249,0,5298072,200928,171128,2333900,14572.961,8343.359,15.953,0,0.997,0,3596,3105,2.170,2.270,1.480,1,0,115.658,0,0,18,314,1,36,0
26-02 16:46:57,19.997,3.000,75.238,0.750,0,5358920,140076,171128,2333904,9244.553,2924.542,0,16049.488,0,25.996,2317,2120,2.170,2.270,1.480,1,0,0,0,0,18,315,1,36,0
26-02 16:46:58,20.507,5.752,72.776,0,0,5350096,148892,171128,2333912,13944.036,6855.476,0,4.001,0,1.000,3004,2613,2.170,2.270,1.480,1,0,70.025,0,0,18,314,1,37,0
26-02 16:46:59,19.747,3.499,76.987,0,0,5337064,191952,171128,2304736,9795.330,6325.922,0,55.990,0,2.999,2138,1873,2.080,2.250,1.470,1,0,0,0,0,18,315,1,37,0
26-02 16:47:00,20.080,5.271,73.794,0.251,0,5263136,265816,171128,2304800,17067.038,7958.727,48.192,156.624,3.012,13.052,3061,2868,2.080,2.250,1.470,1,0,56.224,0,0,18,314,1,38,0
26-02 16:47:01,19.747,2.250,76.987,0.750,0,5302924,226012,171128,2304816,12649.913,6325.956,0,211.965,0,10.998,2167,1971,2.080,2.250,1.470,1,0,2.000,0,0,18,315,1,38,0
26-02 16:47:02,21.163,4.979,72.949,0,0,5327692,201228,171128,2304836,10352.226,5100.924,11.951,1027.753,0.996,96.601,2799,2440,2.080,2.250,1.470,1,0,31.868,0,0,18,314,1,41,0
26-02 16:47:03,16.762,2.752,80.559,0,0,5342292,186620,171128,2304844,18375.539,8748.446,0,80.059,0,7.005,2254,2072,2.080,2.250,1.470,1,0,0,0,0,18,316,1,41,0
26-02 16:47:04,18.048,4.763,73.697,2.005,0,5315508,213356,171128,2304892,9687.843,3263.706,32.086,589.573,2.005,63.169,3186,3614,1.990,2.230,1.470,2,0,47.126,0,0,18,314,1,42,0
26-02 16:47:05,18.425,2.241,77.685,0.249,0,5336428,192428,171128,2304900,14438.444,6769.546,0,211.144,0,16.931,2211,2145,1.990,2.230,1.470,0,0,0.996,0,0,18,317,1,42,0
26-02 16:47:06,22.024,4.755,73.078,0.250,0,5353028,175816,171128,2304912,9389.022,4676.992,0,320.342,0,22.024,2691,2677,1.990,2.230,1.470,1,0,32.034,0,0,18,314,1,45,0
26-02 16:47:07,16.058,2.258,81.546,0,0,5366304,162532,171128,2304920,11977.444,8754.754,0,96.349,0,7.025,2095,2115,1.990,2.230,1.470,1,0,0,0,0,18,315,1,45,0
26-02 16:47:08,9.963,6.974,77.465,3.238,0,5333492,194120,171664,2305608,14324.390,4864.135,1115.902,390.566,251.078,35.868,4179,4555,1.990,2.230,1.470,0,0,179.341,0,0,18,316,1,44,0
26-02 16:47:09,4.012,2.006,93.288,1.003,0,5314948,212620,171664,2305652,21699.948,2793.619,0,429.325,0,36.111,1923,2439,1.910,2.210,1.470,1,0,20.062,0,0,18,314,1,45,0
26-02 16:47:10,5.235,6.482,81.769,4.737,0,5306676,220852,171664,2305692,15539.064,3923.905,15.955,2309.470,0.997,333.058,3563,3944,1.910,2.210,1.470,1,0,140.602,0,0,18,316,1,46,0
26-02 16:47:11,14.250,9.750,71.001,3.750,0,5309392,217620,171664,2306208,6557.114,486.008,192.003,264.005,17.000,13.000,3904,3493,1.910,2.210,1.470,0,1,180.003,0,0,18,316,1,46,0
26-02 16:47:12,21.753,3.000,71.009,2.750,0,5315540,200496,171664,2317164,8580.123,540.071,536.070,1300.170,52.007,20.003,2591,2338,1.910,2.210,1.470,1,0,17.002,0,0,18,316,1,38,0
26-02 16:47:13,15.042,2.006,79.472,2.758,0,5310252,202380,171664,2320496,20260.659,5051.126,4.011,1123.141,1.003,39.109,2250,2288,1.910,2.210,1.470,1,0,2.006,0,0,18,316,1,38,0
26-02 16:47:14,11.517,11.016,70.101,7.260,0,5287352,222452,171664,2323276,4570.553,540.775,965.384,3480.991,16.023,124.178,5091,5099,1.920,2.210,1.470,2,0,194.279,0,0,18,316,1,38,0
26-02 16:47:15,20.152,6.966,70.905,0.249,0,5336620,173144,171664,2323316,8035.866,537.383,0,87.574,0,5.971,2922,2695,1.920,2.210,1.470,1,0,108.472,0,0,18,316,1,38,0
26-02 16:47:16,16.786,4.259,78.419,0.251,0,5332344,177268,171664,2323472,31981.883,23126.811,0,36.078,0,4.009,2723,2435,1.920,2.210,1.470,1,0,47.101,0,0,18,316,1,33,0
26-02 16:47:17,21.710,3.244,74.364,0,0,5377060,132552,171664,2323472,8965.616,2575.294,0,171.686,0,2.995,2152,1828,1.920,2.210,1.470,0,0,0,0,0,18,317,1,33,0
26-02 16:47:18,16.534,3.006,76.658,3.257,0,5347692,161472,171664,2323920,16186.324,7389.213,432.891,260.536,26.054,25.052,2669,2557,1.920,2.210,1.470,1,0,14.029,0,0,18,316,1,35,0
26-02 16:47:19,21.199,3.741,74.322,0,0,5363704,145460,171664,2323920,5921.782,2499.997,0,0,0,0,2144,1878,1.840,2.190,1.470,1,0,0,0,0,18,317,1,35,0
26-02 16:47:20,18.266,3.003,71.063,6.005,0,5353120,154668,171664,2325280,13282.796,5128.554,1441.280,916.814,45.040,104.092,4200,5597,1.840,2.190,1.470,3,0,1.001,0,0,18,321,1,32,0
26-02 16:47:21,25.588,5.017,62.968,5.268,0,5319432,187748,171664,2325888,9248.948,1786.170,321.109,971.355,20.069,97.336,5825,8247,1.840,2.190,1.470,1,0,6.021,0,0,18,320,1,33,0
26-02 16:47:22,21.166,3.486,74.954,0.249,0,5341752,165412,171664,2325904,12481.754,8086.097,0,414.365,0,25.898,2954,2734,1.840,2.190,1.470,1,0,0,0,0,18,321,1,33,0
26-02 16:47:23,19.834,5.021,71.552,3.515,0,5262864,244192,171664,2326012,10441.035,3803.039,48.203,1462.167,2.008,148.627,5258,7266,1.840,2.190,1.470,2,0,20.085,0,0,18,320,1,34,0
26-02 16:47:24,8.499,21.997,65.241,1.500,0,5274576,232444,171664,2326048,10689.512,539.925,0,907.874,0,67.991,7856,7833,1.700,2.150,1.460,2,0,722.899,0,0,18,320,1,31,0
26-02 16:47:25,9.004,23.260,66.778,1.000,0,5264908,241936,171668,2326220,6049.579,540.230,0,828.353,0,66.028,7765,7704,1.700,2.150,1.460,1,0,729.311,0,0,18,320,1,31,0
26-02 16:47:26,8.248,21.994,67.230,1.000,0,5254412,252388,171668,2326264,9286.291,485.858,0,2491.273,0,364.894,7708,7228,1.700,2.150,1.460,1,0,701.795,0,0,18,320,1,31,0
26-02 16:47:27,8.501,22.501,67.754,0,0,5259904,246856,171668,2326304,6596.420,540.034,0,812.052,0,33.002,7314,6760,1.700,2.150,1.460,1,0,683.044,0,0,18,320,1,31,0
26-02 16:47:28,8.487,21.965,64.398,4.243,0,5260612,246104,171672,2326344,7535.082,539.147,3.994,3801.986,0.998,149.763,7161,6863,1.700,2.150,1.460,2,0,623.015,0,0,18,320,1,28,0
26-02 16:47:29,12.965,14.959,69.810,0.499,0.249,5272164,308200,171672,2257576,7345.034,538.536,0,171.534,0,11.967,5317,4800,1.640,2.130,1.460,1,0,356.032,0,0,18,320,1,28,0
26-02 16:47:30,22.477,4.495,69.430,3.496,0,5303380,295280,172168,2244420,2977.006,539.457,3.996,2765.219,0.999,18.981,2414,2221,1.640,2.130,1.460,3,0,3.996,0,0,18,320,1,28,0
26-02 16:47:31,17.073,2.762,76.576,3.013,0,5313504,283200,172300,2246236,18697.694,6609.170,546.329,968.126,28.120,18.077,2331,2138,1.640,2.130,1.460,3,0,18.077,0,0,18,321,1,28,0
26-02 16:47:32,31.533,6.006,55.809,6.257,0.250,5364628,231060,172452,2247092,25116.661,13966.826,1237.313,1693.798,56.060,60.064,3348,2589,1.640,2.130,1.460,1,0,9.010,0,0,18,321,1,24,0
26-02 16:47:33,23.159,3.486,61.507,9.961,0,5415380,178896,172552,2248476,18270.919,9175.800,1426.373,8183.714,58.768,385.479,3330,3206,1.640,2.130,1.460,1,0,6.972,0,0,18,321,1,24,0
26-02 16:47:34,16.495,1.749,76.226,4.748,0,5412796,180052,172684,2249772,24587.113,12191.089,951.695,1831.412,61.980,90.971,2482,2769,1.670,2.130,1.460,0,0,0,0,0,18,321,1,24,0
26-02 16:47:35,11.753,2.001,76.021,9.503,0,5399492,165344,172812,2277656,20697.598,9092.459,11911.222,1584.429,151.041,58.016,2126,2349,1.670,2.130,1.460,2,0,1.000,0,0,18,321,1,24,0
26-02 16:47:36,20.248,2.750,71.492,5.249,0,5402396,150676,173624,2288436,13354.561,623.933,0,1315.858,0,62.993,2537,2413,1.670,2.130,1.460,1,0,1.000,0,0,18,321,1,24,0
26-02 16:47:37,21.750,2.250,72.251,2.750,0,5404972,131936,174084,2303836,7801.064,540.004,0,1280.011,0,30.000,2390,2226,1.670,2.130,1.460,1,0,0,0,0,18,321,1,24,0
26-02 16:47:38,22.749,2.500,71.245,3.500,0,5401436,146432,174564,2293068,4496.704,539.964,0,1755.884,0,62.996,2535,2452,1.670,2.130,1.460,0,1,0,0,0,18,321,1,24,0
26-02 16:47:39,18.742,2.249,71.219,6.497,0,5387156,148312,175364,2304496,8760.169,539.764,0,2822.765,0,130.943,2849,3115,1.620,2.110,1.460,1,0,1.000,0,0,18,321,1,24,0
26-02 16:47:40,22.261,2.501,71.036,3.252,0,5385400,123908,176328,2329284,7774.935,540.273,0,2409.219,0,94.048,2732,2844,1.620,2.110,1.460,0,1,1.001,0,0,18,321,1,23,0
26-02 16:47:41,22.332,4.015,71.009,2.509,0,5361240,193228,176636,2285624,6568.979,662.418,0,1348.924,0,43.158,2621,2255,1.620,2.110,1.460,1,0,18.066,0,0,18,320,1,23,0
26-02 16:47:42,16.187,3.237,76.704,3.237,0,5355772,193176,176692,2291072,13536.719,2639.805,0,1976.367,0,210.188,2213,1920,1.620,2.110,1.460,1,1,16.935,0,0,18,321,1,23,0
26-02 16:47:43,22.736,3.498,67.459,4.747,0,5331048,217552,176716,2291380,8515.876,1651.007,31.981,4821.099,0.999,60.963,2966,2846,1.620,2.110,1.460,1,0,19.988,0,0,18,321,2,23,0
26-02 16:47:44,10.004,1.751,71.526,16.006,0,5325816,216796,177016,2296956,14571.216,3059.095,0,11680.181,0,131.047,2203,2569,1.650,2.110,1.460,1,0,1.000,0,0,18,321,1,22,0
26-02 16:47:45,23.496,4.999,66.988,3.499,0,5320880,221600,177156,2296908,5646.985,713.872,0,1971.646,0,18.997,10203,18229,1.650,2.110,1.460,1,0,13.997,0,0,18,320,1,22,0
26-02 16:47:46,21.752,6.751,69.256,0,0,5344312,197956,177204,2297072,4648.394,540.046,0,172.015,0,3.000,10714,19459,1.650,2.110,1.460,1,0,18.002,0,0,18,320,1,22,0
26-02 16:47:47,22.312,4.011,72.450,0.752,0,5291700,261924,177212,2285772,7477.656,541.496,0,332.920,0,13.036,3083,2877,1.650,2.110,1.460,1,0,51.141,0,0,18,320,1,22,0
26-02 16:47:48,28.426,6.982,63.336,0,0,5315788,237808,177220,2285792,9303.890,538.604,0,0,0,0,10655,27855,1.650,2.110,1.460,1,0,58.848,0,0,18,320,1,22,0
26-02 16:47:49,19.015,2.752,76.311,1.251,0,5343664,204320,177224,2291400,12701.118,2772.208,0,1349.075,0,20.016,2258,2072,1.590,2.090,1.460,2,0,18.014,0,0,18,320,1,22,0
26-02 16:47:50,19.486,2.748,75.946,1.249,0,5377780,164520,177248,2297040,14169.919,3478.525,0,1011.281,0,14.989,2305,2075,1.590,2.090,1.460,0,1,17.987,0,0,18,321,1,22,0
26-02 16:47:51,23.328,5.268,69.232,0.502,0,5387516,154736,177280,2297024,7514.213,716.404,0,361.212,0,11.037,11244,20130,1.590,2.090,1.460,2,0,17.057,0,0,18,320,1,22,0
26-02 16:47:52,21.402,6.968,69.433,0.995,0,5341920,211460,177348,2285824,5601.461,537.549,0,1174.644,0,111.492,10290,18399,1.590,2.090,1.460,3,0,13.936,0,0,18,320,1,22,0
26-02 16:47:53,24.281,3.504,68.838,2.503,0,5342900,210616,177348,2285848,4427.642,540.689,32.041,901.148,1.001,33.042,2752,2636,1.590,2.090,1.460,1,0,22.028,0,0,18,320,1,22,0
26-02 16:47:54,21.751,5.500,68.504,3.500,0,5324204,221800,177356,2293352,3318.176,540.029,0,840.045,0,35.002,3599,3650,1.550,2.070,1.450,1,0,98.005,0,0,18,320,1,22,0
26-02 16:47:55,20.503,2.500,74.010,1.750,0,5337424,205172,177376,2296660,12582.640,2547.332,4.001,1172.153,1.000,20.003,2550,2437,1.550,2.070,1.450,0,0,18.002,0,0,18,321,1,22,0
26-02 16:47:56,11.997,1.250,83.231,2.749,0,5342040,200352,177436,2296804,22917.870,9903.783,0,1371.693,0,47.989,1825,1973,1.550,2.070,1.450,0,1,0,0,0,18,321,1,22,0
26-02 16:47:57,12.249,2.000,81.492,3.250,0,5340636,201180,177496,2297300,152751.497,16142.362,0,2115.785,0,90.991,2397,2697,1.550,2.070,1.450,1,0,0,0,0,18,322,1,19,0
26-02 16:47:58,15.750,1.250,77.502,4.250,0,5356460,185064,177556,2297512,35657.841,10532.249,0,1236.029,0,52.001,2025,1980,1.550,2.070,1.450,1,0,0,0,0,18,322,1,19,0
26-02 16:47:59,13.248,1.000,83.485,2.500,0,5360632,180600,177628,2297724,22408.941,10634.074,0,1199.783,0,38.993,1773,1884,1.580,2.070,1.460,0,0,0,0,0,18,322,1,19,0
26-02 16:48:00,12.003,1.500,79.269,6.001,0,5372768,167904,177652,2298232,315826.122,15014.571,0,1772.422,0,69.016,2114,2248,1.580,2.070,1.460,1,0,0,0,0,18,322,1,19,0
26-02 16:48:01,10.249,1.750,81.242,5.499,0,5373760,166260,177908,2298612,98468.145,16982.300,123.988,2567.743,7.999,105.989,2351,2646,1.580,2.070,1.460,1,0,2.000,0,0,18,322,1,17,0
26-02 16:48:02,12.241,2.248,81.192,3.248,0,5376844,147172,178012,2314456,3798898.685,37493.270,7.994,2602.145,1.999,46.967,3114,2924,1.580,2.070,1.460,2,0,1.999,0,0,18,322,1,17,0
26-02 16:48:03,6.257,2.753,84.088,4.505,0,5373100,131388,178068,2333896,9908792.900,79595.613,32.034,5685.973,1.001,199.209,4697,4006,1.580,2.070,1.460,0,0,2.002,0,0,18,322,1,17,0
26-02 16:48:04,3.999,2.499,85.480,5.499,0,5361672,137592,178072,2339096,2463295.888,23607.555,0,14084.752,0,71.983,3006,3162,1.620,2.070,1.460,0,0,1.000,0,0,18,322,1,17,0
26-02 16:48:05,4.007,2.505,81.651,10.018,0,5366300,126000,178108,2346188,1081726.948,23887.031,164.303,16273.998,4.007,358.661,2948,2908,1.620,2.070,1.460,1,0,1.002,0,0,18,322,1,13,0
26-02 16:48:06,12.526,3.257,78.916,3.507,0,5357908,154700,178208,2326760,616638.878,15051.729,0,1539.245,0,43.091,4231,5828,1.620,2.070,1.460,1,0,1.002,0,0,18,322,1,13,0
26-02 16:48:07,18.677,3.237,68.982,8.218,0,5359964,141136,181012,2335304,9266.007,537.911,0,4418.835,0,104.594,3115,3037,1.620,2.070,1.460,1,0,0.996,0,0,18,322,1,13,0
26-02 16:48:08,23.254,2.500,67.762,5.501,0,5373320,123368,181772,2338868,7686.348,540.095,0,1892.332,0,53.009,2976,2816,1.620,2.070,1.460,1,0,0,0,0,18,322,1,13,0
26-02 16:48:09,23.990,2.749,70.221,2.749,0,5375624,116460,182184,2342968,6350.363,613.745,0,1343.442,0,49.979,2752,2764,1.570,2.050,1.460,2,0,1.000,0,0,18,322,1,9,0
26-02 16:48:10,21.010,3.502,69.535,5.753,0,5378368,133172,182964,2321820,7252.618,540.270,0,3129.561,0,114.057,2955,3140,1.570,2.050,1.460,1,0,1.000,0,0,18,322,1,9,0
26-02 16:48:11,9.745,3.498,67.216,18.241,0,5374916,127968,183316,2329916,6405.724,1275.348,0,17067.272,0,157.919,2204,2408,1.570,2.050,1.460,0,3,0,0,0,18,322,1,9,0
26-02 16:48:12,6.000,2.250,67.251,23.500,0,5375572,125040,183460,2331928,4237.036,594.005,0,23800.203,0,176.002,1978,2373,1.570,2.050,1.460,2,3,0,0,0,18,322,1,9,0
26-02 16:48:13,7.249,3.249,53.991,34.994,0,5375976,121872,183672,2334128,8598.500,551.904,31.994,16761.076,1.000,315.945,2419,2956,1.570,2.050,1.460,0,1,0,0,0,18,322,1,7,0
26-02 16:48:14,8.753,2.251,59.769,28.009,0,5375980,115600,183868,2339724,8299.643,1264.403,0,20078.394,0,169.054,2269,2718,1.840,2.100,1.480,1,1,0,0,0,18,322,1,7,0
26-02 16:48:15,19.758,3.251,66.028,10.004,0,5380096,132256,185096,2317540,10145.318,540.230,0,14134.016,0,89.038,2644,2471,1.840,2.100,1.480,1,0,1.000,0,0,18,322,1,7,0
26-02 16:48:16,21.746,2.500,71.238,3.749,0,5380836,123504,185804,2324628,10651.168,539.907,0,1615.722,0,48.992,2457,2299,1.840,2.100,1.480,1,0,0,0,0,18,322,1,7,0
26-02 16:48:17,19.998,2.500,71.493,5.749,0,5383124,118504,186608,2326040,5856.421,613.939,0,2167.786,0,80.992,2552,2513,1.840,2.100,1.480,1,0,0,0,0,18,322,1,5,0
26-02 16:48:18,19.007,2.501,76.529,0.750,0,5291848,242860,186712,2292712,13388.095,3136.194,0,540.206,0,21.008,2226,2010,1.840,2.100,1.480,1,0,2.001,0,0,18,320,1,5,0
26-02 16:48:19,18.986,3.248,74.945,2.248,0,5328768,203324,186732,2295304,11151.857,2767.979,0,627.542,0,9.993,2325,2067,1.850,2.100,1.480,1,0,32.976,0,0,18,321,1,5,0
26-02 16:48:20,22.010,3.502,71.532,3.001,0,5322428,206184,186800,2298448,8975.961,12361.455,12.005,1448.639,1.000,18.008,2636,2294,1.850,2.100,1.480,0,0,19.008,0,0,18,321,1,5,0
26-02 16:48:21,19.009,4.502,71.785,3.502,0,5325708,196736,187016,2303520,14153.956,3163.555,0,2929.440,0,109.054,8088,14111,1.850,2.100,1.480,2,0,6.003,0,0,18,320,1,2,0
26-02 16:48:22,22.739,5.997,70.215,0,0,5323044,198824,187080,2303948,8525.741,605.697,0,299.850,0,6.997,7774,13030,1.850,2.100,1.480,3,0,11.994,0,0,18,320,1,2,0
26-02 16:48:23,21.753,7.001,68.508,1.500,0,5326020,195576,187124,2304144,8214.970,1426.168,0,2236.264,0,18.002,8372,14467,1.850,2.100,1.480,1,0,14.002,0,0,18,320,1,2,0
26-02 16:48:24,21.500,5.000,65.251,7.750,0,5286204,247668,187124,2292860,3933.051,2066.027,4.000,2516.033,1.000,197.003,3216,3420,1.790,2.080,1.480,1,0,7.000,0,0,18,320,1,2,0
26-02 16:48:25,17.242,3.998,68.218,9.496,0,5308636,220256,187128,2297832,8448.069,1383.356,2594.793,3034.588,328.847,34.984,3025,3464,1.790,2.080,1.480,1,0,1.999,0,0,18,320,1,1,0
26-02 16:48:26,16.049,4.012,61.939,17.303,0,5308444,220256,187128,2298020,8532.050,1951.960,20.061,11041.713,2.006,181.554,4741,6560,1.790,2.080,1.480,1,1,0,0,0,18,321,1,5,0
26-02 16:48:27,20.701,3.741,63.599,10.475,0,5308764,218996,187128,2298956,7462.265,11954.588,814.065,1488.462,40.903,199.526,6305,9675,1.790,2.080,1.480,1,0,0.998,0,0,18,322,1,7,0
26-02 16:48:28,10.739,18.481,66.432,3.496,0,5287192,239504,187128,2300020,8050.744,1394.570,867.111,1578.381,8.991,101.896,6521,6141,1.790,2.080,1.480,1,0,428.561,0,0,18,324,1,7,0
26-02 16:48:29,12.026,4.259,69.900,12.527,0,5260792,236856,187204,2328980,7935.020,1386.975,29082.378,705.513,1225.629,21.045,3741,4676,1.720,2.060,1.470,0,1,20.043,0,0,18,322,1,9,0
26-02 16:48:30,5.991,2.996,79.383,10.734,0,5261216,230116,187204,2335288,7916.334,2956.643,6302.712,3762.456,1304.078,150.778,3234,5032,1.720,2.060,1.470,0,0,5.991,0,0,18,323,1,9,0
26-02 16:48:31,3.011,1.506,94.109,0,0,5266220,225104,187204,2335296,46120.939,4935.829,0,128.490,0,13.050,1538,2041,1.720,2.060,1.470,1,0,2.008,0,0,18,323,1,9,0
26-02 16:48:32,21.143,6.218,72.133,0,0,5314232,176872,187212,2335504,118294.812,4184.733,855.651,39.798,6.965,5.970,2753,2189,1.720,2.060,1.470,1,0,8.954,0,0,18,323,1,9,0
26-02 16:48:33,10.262,4.755,83.844,0,0,5290548,200324,187228,2335720,17523.733,126624.588,328.370,468.528,7.008,2.002,2367,2168,1.720,2.060,1.470,0,0,19.021,0,0,18,322,1,9,0
26-02 16:48:34,6.994,2.498,81.431,8.493,0,5270516,220356,187228,2335720,138583.907,4723.975,0,2497.871,0,341.709,2605,2879,1.660,2.040,1.470,0,0,3.997,0,0,18,322,1,9,0
26-02 16:48:35,10.509,3.753,84.574,0,0,5265472,225248,187248,2335852,290683.998,14586.696,124.108,20.017,6.005,2.002,2989,2640,1.660,2.040,1.470,1,0,31.027,0,0,18,322,1,9,0
26-02 16:48:36,12.805,5.021,81.849,0,0,5254984,235148,187264,2336424,296317.806,10145.270,16.069,12.051,1.004,2.009,3113,2704,1.660,2.040,1.470,1,0,29.124,0,0,18,322,1,9,0
26-02 16:48:37,9.751,6.751,50.255,32.503,0,5249480,236116,187284,2341112,8515.768,1946.176,272.025,20717.869,42.004,330.030,3261,3199,1.660,2.040,1.470,1,2,23.002,0,0,18,322,1,9,0
