"pcp-dstat 6.2.0 CSV Output"
"Author:","PCP team <pcp@groups.io> and Dag Wieers <dag@wieers.com>",,,,"URL:","https://pcp.io/ and http://dag.wieers.com/home-made/dstat/"
"Host:","ubuntu",,,,"User:","ubuntu"
"Cmdline:","dstat -tcmndrylpg --tcp --output /tmp/devstack_logs/dstat-csv.log",,,,"Date:","18 Feb 2026 19:31:27 UTC"
"system","total usage",,,,,"memory usage",,,,"net/total",,"dsk/total",,"io/total",,"system",,"load avg",,,"procs",,,"paging",,"tcp sockets",,,,
"time","total usage:usr","total usage:sys","total usage:idl","total usage:wai","total usage:stl","used","free","buf","cach","net/total:recv","net/total:send","dsk/total:read","dsk/total:writ","read","writ","int","csw","1m","5m","15m","run","blk","new","in","out","lis","act","syn","tim","clo"
18-02 19:31:27,,1029364,1474628,162712,5151980,,,,,,,1.640,1.110,0.640,3,0,,,,10,5,0,18,1
18-02 19:31:28,22.470,20.722,49.684,4.993,0,1029756,1464736,162784,5161044,140517.077,12378.445,0,3207.710,0,122.836,7003,7353,1.670,1.120,0.640,2,0,580.224,0,0,10,4,1,17,2
18-02 19:31:29,28.775,19.767,44.289,7.006,0,1034040,1439164,163380,5179260,48313.723,1619.432,0,2526.234,0,83.073,6754,6722,1.670,1.120,0.640,2,0,425.376,0,0,10,4,1,17,2
18-02 19:31:30,35.413,11.222,49.628,2.494,0,1150844,1302200,163972,5320912,5382.741,558.624,0,1340.698,0,29.926,6111,7665,1.670,1.120,0.640,1,0,148.634,0,0,11,4,1,17,2
18-02 19:31:31,32.806,8.765,54.844,3.005,0,1184604,1256220,164204,5331820,6857.696,615.049,0,6334.804,0,126.215,3694,2608,1.670,1.120,0.640,2,0,106.181,0,0,11,6,1,17,2
18-02 19:31:32,31.432,9.729,48.395,9.978,0,1203880,1216528,164968,5349296,6804.203,612.668,195.575,2817.872,8.980,113.753,4392,3581,1.670,1.120,0.640,0,2,179.609,0,0,11,6,1,19,2
18-02 19:31:33,35.267,5.002,47.273,11.255,0,1262212,1141360,165764,5363152,8149.945,614.297,368.178,3933.904,13.006,88.043,3007,2057,1.780,1.150,0.660,2,0,0,0,0,11,6,1,19,2
18-02 19:31:34,30.484,2.749,47.725,17.491,0,1275556,1106444,166592,5381884,6691.542,539.721,15.992,2998.451,0.999,123.936,3102,2962,1.780,1.150,0.660,0,2,0.999,0,0,11,8,1,19,2
18-02 19:31:35,17.249,3.750,43.248,33.998,0,1278796,1095704,167312,5387548,10591.451,2616.864,0,10147.474,0,610.968,4822,7540,1.780,1.150,0.660,1,1,9.999,0,0,11,9,1,19,2
18-02 19:31:36,22.010,4.502,44.020,27.012,0,1267096,1123044,167504,5372136,9552.317,1260.570,0,7575.423,0,463.209,5205,7829,1.780,1.150,0.660,1,1,19.009,0,0,11,6,1,19,0
18-02 19:31:37,17.498,4.499,46.495,29.247,0,1261260,1122596,167780,5377596,11984.639,2765.686,0,7843.109,0,529.940,4854,7617,1.780,1.150,0.660,2,1,15.998,0,0,11,6,1,19,0
18-02 19:31:38,25.252,5.250,40.503,27.252,0,1259252,1122084,168012,5379652,7025.440,1616.101,0,12712.797,0,800.050,6168,9801,1.960,1.200,0.680,1,0,37.002,0,0,11,7,1,19,0
18-02 19:31:39,16.773,3.254,46.313,31.292,0,1252628,1121084,168648,5385424,15451.893,2648.581,0,12657.114,0,750.014,5119,8389,1.960,1.200,0.680,1,1,8.011,0,0,11,6,1,19,0
18-02 19:31:40,20.229,5.994,38.209,32.715,0,1244084,1127916,168820,5386792,7141.421,633.328,0,8866.590,0,505.464,13538,25161,1.960,1.200,0.680,1,1,24.973,0,0,11,6,1,19,0
18-02 19:31:41,23.501,7.750,38.001,28.751,0,1243396,1127412,168964,5387752,7265.256,540.019,0,9776.345,0,717.025,13986,25592,1.960,1.200,0.680,1,2,25.001,0,0,11,6,1,19,0
18-02 19:31:42,22.726,4.995,41.956,28.720,0,1197736,1184964,169056,5377176,7127.501,581.388,0,7971.613,0,523.449,4783,7139,1.960,1.200,0.680,7,0,12.986,0,0,11,6,1,19,0
18-02 19:31:43,16.768,4.505,48.803,27.280,0,1207680,1173876,169148,5378228,3415.718,540.588,0,11312.314,0,834.909,5093,8414,2.040,1.230,0.690,0,1,69.075,0,0,11,6,1,19,0
18-02 19:31:44,5.745,2.998,56.454,32.723,0,1205260,1175796,169356,5378524,7384.967,539.559,0,9799.994,0,826.325,4904,8728,2.040,1.230,0.690,1,1,17.985,0,0,11,6,1,19,0
18-02 19:31:45,9.025,2.256,62.924,23.816,0,1201356,1179368,169464,5378748,5405.932,487.346,0,7677.206,0,599.656,4633,8123,2.040,1.230,0.690,1,0,7.019,0,0,11,4,1,19,0
18-02 19:31:46,19.451,6.733,68.330,4.489,0,1155360,1225336,169484,5378756,7483.332,538.656,0,1448.387,0,73.816,2772,2124,2.040,1.230,0.690,1,0,74.813,0,0,11,4,1,19,0
18-02 19:31:47,23.500,3.250,64.501,8.000,0,1186200,1194496,169484,5378756,5716.121,614.013,0,16184.343,0,187.004,2036,1678,2.040,1.230,0.690,1,0,0,0,0,11,4,1,19,0
18-02 19:31:48,22.000,5.250,59.000,12.250,0,1233076,1147548,169544,5378768,7307.056,540.004,0,16340.126,0,452.003,2780,2958,2.040,1.250,0.700,1,0,10.000,0,0,11,4,1,19,0
18-02 19:31:49,21.302,5.263,70.422,3.007,0,1194408,1186188,169544,5378796,6368.599,541.326,0,497.218,0,46.113,2575,1868,2.040,1.250,0.700,1,0,74.182,0,0,11,4,1,15,0
18-02 19:31:50,8.493,20.232,69.439,0.250,0,1150376,1230084,169544,5378872,4164.328,539.524,0,179.841,0,15.986,5889,4598,2.040,1.250,0.700,1,0,406.641,0,0,11,4,1,15,0
18-02 19:31:51,15.501,18.252,65.006,0,0,1152828,1227536,169544,5379320,3552.312,540.048,0,52.005,0,10.001,6755,7585,2.040,1.250,0.700,1,0,364.032,0,0,11,4,1,15,0
18-02 19:31:52,37.646,10.222,50.859,0.249,0,1203392,1169372,169544,5386952,7035.548,484.660,7427.464,3.989,74.793,0.997,3704,2749,2.040,1.250,0.700,2,0,130.639,0,0,11,5,1,15,0
18-02 19:31:53,41.060,3.756,54.580,0,0,1252608,1119108,169552,5388000,5510.074,540.792,512.751,6713.838,8.012,78.114,2761,1452,2.030,1.260,0.700,3,0,0,0,0,11,5,1,13,0
18-02 19:31:54,39.358,8.273,44.372,7.521,0,1272868,1097604,169556,5389260,6673.377,541.491,0,19593.957,0,259.715,3494,3952,2.030,1.260,0.700,4,0,0,0,0,11,5,1,13,0
18-02 19:31:55,20.990,9.495,62.719,5.997,0,1285464,1083896,169564,5390316,6518.755,539.731,0,1959.025,0,113.943,3721,3300,2.030,1.260,0.700,3,0,141.929,0,0,11,4,1,13,0
18-02 19:31:56,22.692,2.992,73.314,0,0,1352244,1017116,169564,5390316,6874.566,538.634,0,2641.302,0,18.952,1798,1463,2.030,1.260,0.700,1,0,0,0,0,11,4,1,13,0
18-02 19:31:57,22.002,2.000,73.755,2.500,0,1376976,992168,169576,5390524,7654.532,540.038,0,388.027,0,33.002,1878,1646,2.030,1.260,0.700,1,0,1.000,0,0,11,6,1,12,0
18-02 19:31:58,15.749,5.749,58.744,17.748,0,1330204,1038820,169660,5390560,3771.643,539.949,0,4375.586,0,470.955,4283,5938,2.030,1.270,0.710,1,0,41.996,0,0,11,4,1,14,0
18-02 19:31:59,19.498,1.750,71.992,6.249,0,1365692,1002548,169936,5391020,5257.425,539.941,731.920,5011.452,28.997,201.978,1846,1287,2.030,1.270,0.710,0,3,0,0,0,11,4,1,14,0
18-02 19:32:00,16.254,3.001,59.014,20.755,0,1381796,986212,169940,5391216,14522.468,4567.090,4.001,19004.538,1.000,238.057,2845,2945,2.030,1.270,0.710,2,0,1.000,0,0,11,17,1,14,0
18-02 19:32:01,18.285,4.008,71.638,5.260,0,1391332,976260,169984,5391592,12987.053,4896.446,268.518,20219.004,66.128,267.516,3162,2947,2.030,1.270,0.710,1,0,45.087,0,0,11,28,1,14,0
18-02 19:32:02,19.957,3.492,75.836,0,0,1454124,913468,169984,5391592,11913.236,2500.592,0,658.576,0,2.994,1809,1244,2.030,1.270,0.710,0,0,0,0,0,11,29,1,14,0
18-02 19:32:03,20.001,10.000,68.752,0,0,1439944,927608,169984,5391616,9513.245,5501.142,0,16.000,0,4.000,3411,2897,1.950,1.270,0.710,2,0,162.004,0,0,11,28,1,15,0
18-02 19:32:04,36.999,4.500,57.249,0,0,1513084,854452,169984,5391628,16162.640,5241.883,0,0,0,0,2759,1743,1.950,1.270,0.710,3,0,0,0,0,11,30,1,15,0
18-02 19:32:05,35.859,7.021,55.669,0.752,0,1465772,901560,169984,5391832,21029.973,14497.100,0,337.025,0,21.064,6376,8466,1.950,1.270,0.710,3,0,106.323,0,0,11,28,1,16,0
18-02 19:32:06,71.633,25.958,1.997,0,0,1580560,786724,169988,5391876,4315.938,539.118,0,235.614,0,19.967,5544,4613,1.950,1.270,0.710,6,0,472.227,0,0,11,28,1,16,0
18-02 19:32:07,86.081,9.008,4.254,1.251,0,1746756,620496,169992,5391896,22213.929,20158.993,0,22737.423,0,160.151,5972,5323,1.950,1.270,0.710,3,1,0,0,0,11,33,1,16,0
18-02 19:32:08,49.483,10.746,27.741,11.496,0,1716612,650360,170024,5392144,33040.713,25040.446,0,16930.217,0,219.925,9859,14223,2.110,1.310,0.730,2,0,149.949,0,0,11,29,1,20,1
18-02 19:32:09,19.959,10.229,57.632,11.227,0,1485584,881348,170052,5392156,7210.252,1786.346,0,23068.814,0,145.702,3949,3908,2.110,1.310,0.730,1,0,159.673,0,0,11,28,1,22,0
18-02 19:32:10,18.997,2.000,69.238,8.249,0,1501684,865184,170108,5392164,12728.874,4449.257,0,3587.401,0,196.967,2525,2736,2.110,1.310,0.730,1,0,0,0,0,11,29,1,22,0
18-02 19:32:11,15.762,6.505,76.557,0.250,0,1482412,884440,170112,5392176,9047.731,3572.658,0,344.256,0,25.019,3292,3415,2.110,1.310,0.730,1,0,68.051,0,0,11,28,1,23,0
18-02 19:32:12,18.238,2.498,78.198,0,0,1516468,850372,170116,5392184,12134.879,4488.996,0,227.848,0,13.991,1914,1598,2.110,1.310,0.730,1,0,0,0,0,11,29,1,23,0
18-02 19:32:13,14.033,9.773,72.920,2.756,0,1495268,871528,170140,5392204,9168.391,3603.407,0,2044.771,0,102.239,4511,4667,2.020,1.310,0.730,2,0,247.578,0,0,11,28,1,24,0
18-02 19:32:14,33.781,30.278,35.282,0,0,1498872,867888,170140,5392236,5656.188,540.496,0,240.220,0,25.023,6518,5943,2.020,1.310,0.730,5,0,791.726,0,0,11,28,1,24,0
18-02 19:32:15,80.123,9.235,10.234,0,0,1684120,682628,170144,5392244,18936.011,12603.041,0,427.323,0,19.968,5218,3480,2.020,1.310,0.730,4,0,0.998,0,0,11,32,1,24,0
18-02 19:32:16,70.860,9.515,18.278,1.002,0,1676408,690068,170180,5392480,44785.243,37659.226,0,504.780,0,59.091,11644,17768,2.020,1.310,0.730,5,0,60.093,0,0,11,28,1,25,0
18-02 19:32:17,78.253,21.501,0.500,0,0,1593164,773176,170188,5392588,4084.151,540.020,0,304.011,0,20.001,5855,9574,2.020,1.310,0.730,6,0,286.011,0,0,11,28,1,20,0
18-02 19:32:18,87.934,9.493,2.498,0,0,1765248,600876,170192,5392796,31121.802,24446.777,0,187.860,0,10.992,6110,5853,2.340,1.380,0.760,5,0,0,0,0,11,33,1,20,0
18-02 19:32:19,67.290,12.257,18.511,0,0,1522896,842948,170192,5393060,44820.316,37704.138,0,364.214,0,27.016,10129,17533,2.340,1.380,0.760,2,0,268.157,0,0,11,29,1,25,0
18-02 19:32:20,40.678,7.986,50.161,0.749,0,1570452,795372,170196,5393076,11465.614,4458.073,0,363.354,0,23.957,3739,3019,2.340,1.380,0.760,1,0,29.947,0,0,11,29,1,25,0
18-02 19:32:21,32.809,5.259,59.607,1.503,0,1551088,814556,170216,5393232,18756.636,12929.186,0,645.157,0,81.146,5368,6269,2.340,1.380,0.760,3,0,46.083,0,0,11,29,1,26,0
18-02 19:32:22,60.506,18.502,20.502,0.250,0,1560912,804688,170220,5393272,9457.949,4633.465,0,244.024,0,17.002,5152,4269,2.340,1.380,0.760,3,0,334.034,0,0,11,28,1,27,0
18-02 19:32:23,44.694,4.994,48.689,0.250,0,1593320,772228,170224,5393320,36540.040,23211.804,0,523.342,0,9.987,5550,7388,2.310,1.390,0.770,4,0,0,0,0,11,31,1,27,0
18-02 19:32:24,69.519,18.505,11.253,0.250,0,1534372,831128,170228,5393364,12468.411,5930.622,0,528.144,0,48.013,6174,6171,2.310,1.390,0.770,4,0,258.071,0,0,11,28,1,28,0
18-02 19:32:25,67.424,7.242,24.722,0.250,0,1627524,737940,170228,5393400,26463.207,23102.990,0,179.798,0,6.992,5664,6191,2.310,1.390,0.770,2,0,0.999,0,0,11,32,1,25,0
18-02 19:32:26,57.872,17.287,24.301,0.501,0,1536980,828344,170252,5393476,26367.683,18309.666,0,1154.438,0,79.167,8133,11499,2.310,1.390,0.770,3,0,324.686,0,0,11,28,1,28,0
18-02 19:32:27,54.580,5.732,38.879,0,0,1589544,775760,170252,5393496,18340.771,12231.833,0,135.577,0,8.972,4093,2899,2.310,1.390,0.770,3,0,0,0,0,11,31,1,28,0
18-02 19:32:28,49.504,14.751,34.753,0.500,0,1465408,899496,170264,5393884,25459.934,17790.351,0,452.034,0,29.002,8421,11057,2.290,1.400,0.770,3,0,299.023,0,0,11,28,1,30,0
18-02 19:32:29,57.882,6.264,35.581,0,0,1576820,787996,170268,5393916,15842.044,9247.039,0,208.474,0,11.025,3863,2338,2.290,1.400,0.770,4,0,0,0,0,11,31,1,30,0
18-02 19:32:30,53.542,13.511,32.275,0.250,0,1486404,878204,170276,5394112,22843.768,19844.435,0,648.504,0,28.022,7200,9806,2.290,1.400,0.770,3,0,287.223,0,0,11,28,1,33,0
18-02 19:32:31,56.334,8.475,34.897,0.249,0,1573836,790684,170284,5394188,14191.248,7121.049,0,187.449,0,7.977,3430,1644,2.290,1.400,0.770,1,0,0,0,0,11,31,1,33,0
18-02 19:32:32,51.315,9.512,35.545,1.752,0,1448500,915820,170296,5394372,26881.876,19655.770,0,3440.335,0,120.151,7758,9890,2.290,1.400,0.770,3,0,112.141,0,0,11,28,1,35,0
18-02 19:32:33,57.658,8.736,32.698,0,0,1552540,811624,170300,5394524,14248.311,6886.035,0,187.701,0,10.983,3558,1711,2.350,1.430,0.790,1,0,0,0,0,11,31,1,35,0
18-02 19:32:34,51.668,12.290,35.114,0.502,0,1557280,806800,170316,5394588,29915.528,19914.925,0,453.478,0,44.144,7559,10151,2.350,1.430,0.790,5,0,231.756,0,0,11,28,1,35,0
18-02 19:32:35,75.125,24.709,0.250,0,0,1609828,754184,170320,5394648,8816.275,612.976,0,4033.263,0,329.450,5959,5250,2.350,1.430,0.790,7,0,516.138,0,0,11,28,1,35,0
18-02 19:32:36,83.388,15.275,1.002,0,0,1762560,601516,170328,5394684,32007.003,25914.915,0,300.498,0,12.020,6764,7226,2.350,1.430,0.790,6,0,389.645,0,0,11,32,2,35,0
18-02 19:32:37,73.129,22.712,3.245,0.499,0,1704792,659016,170344,5394944,42694.431,35925.619,0,882.541,0,59.901,8578,11619,2.350,1.430,0.790,7,0,625.965,0,0,11,29,1,36,0
18-02 19:32:38,85.634,14.272,0.250,0,0,1671080,692536,170348,5395132,14148.088,10545.463,0,645.007,0,25.039,5861,4182,2.560,1.490,0.810,4,0,91.142,0,0,11,30,2,36,0
18-02 19:32:39,74.953,11.493,12.992,0,0,1613600,749952,170348,5395192,47191.175,37812.102,0,207.869,0,13.991,8454,12919,2.560,1.490,0.810,5,0,153.903,0,0,11,31,1,38,0
18-02 19:32:40,28.760,18.756,50.767,0,0,1504088,859252,170352,5395412,19804.795,13197.528,0,200.069,0,13.004,7851,9485,2.560,1.490,0.810,2,0,533.183,0,0,11,28,1,41,0
18-02 19:32:41,48.513,33.509,18.005,0,0,1516520,846760,170352,5395464,6787.752,540.139,0,276.071,0,23.006,6434,6106,2.560,1.490,0.810,4,0,915.236,0,0,11,28,1,41,0
18-02 19:32:42,69.982,7.498,21.244,0.500,0,1628864,734368,170356,5395508,25103.418,19637.851,0,151.960,0,7.998,5143,5010,2.560,1.490,0.810,3,0,0,0,0,11,32,1,41,0
18-02 19:32:43,61.696,14.987,21.731,0.999,0,1588868,774152,170372,5395700,23438.570,14304.532,0,891.223,0,67.941,7646,9909,2.510,1.500,0.820,4,0,202.823,0,0,11,28,1,45,0
18-02 19:32:44,75.008,10.001,15.502,0,0,1642160,720832,170372,5395724,19970.192,14144.553,0,184.020,0,11.001,4986,3888,2.510,1.500,0.820,5,0,65.007,0,0,11,31,1,45,0
18-02 19:32:45,55.787,5.754,37.525,0,0,1642112,720592,170372,5396004,48535.537,44401.766,0,188.126,0,10.007,12034,20567,2.510,1.500,0.820,2,0,1.001,0,0,11,32,1,45,0
18-02 19:32:46,73.032,13.256,12.505,0.500,0,1549568,812912,170392,5396204,20868.085,16603.228,0,584.254,0,62.027,8616,11642,2.510,1.500,0.820,4,0,120.052,0,0,11,28,1,45,0
18-02 19:32:47,70.386,8.486,20.966,0,0,1626976,735456,170396,5396244,25755.297,20534.750,0,179.709,0,10.982,5697,5331,2.510,1.500,0.820,1,0,0,0,0,11,32,1,45,0
18-02 19:32:48,55.806,7.007,36.287,0,0,1614272,747860,170396,5396536,56097.436,45978.255,0,140.141,0,8.008,15272,24421,2.470,1.510,0.820,6,0,24.024,0,0,11,30,1,46,1
18-02 19:32:49,75.293,18.010,7.004,0,0,1558068,803888,170396,5396712,22861.197,11523.652,0,608.351,0,10.006,6509,6939,2.470,1.510,0.820,4,0,236.136,0,0,11,28,1,49,0
18-02 19:32:50,64.481,7.248,27.742,0,0,1636920,724932,170396,5396808,33712.911,27147.875,0,175.947,0,9.997,5856,7565,2.470,1.510,0.820,2,0,0,0,0,11,32,1,49,0
18-02 19:32:51,69.761,12.252,17.003,0,0,1541744,819856,170408,5397040,35139.576,26144.149,0,364.058,0,36.006,9321,14417,2.470,1.510,0.820,4,0,130.021,0,0,11,28,1,51,0
18-02 19:32:52,72.744,10.749,16.749,0,0,1609288,752292,170408,5397024,17048.618,13324.920,0,119.990,0,7.999,4680,2762,2.470,1.510,0.820,2,0,0,0,0,11,32,1,51,0
18-02 19:32:53,64.767,12.253,21.506,1.000,0,1630500,730884,170416,5397208,26285.792,22400.788,0,384.099,0,38.010,8969,12031,2.670,1.570,0.850,2,0,120.031,0,0,11,30,1,53,0
18-02 19:32:54,68.475,10.996,20.742,0,0,1572544,788748,170420,5397292,33373.814,24238.150,0,151.945,0,9.996,8289,10376,2.670,1.570,0.850,5,0,140.949,0,0,11,30,1,55,0
18-02 19:32:55,73.510,12.502,13.002,0,0,1553796,807288,170432,5397484,25594.567,18675.603,0,220.031,0,10.001,6582,7445,2.670,1.570,0.850,3,0,87.012,0,0,11,30,1,57,0
18-02 19:32:56,72.263,10.002,16.503,0.250,0,1573536,787492,170436,5397536,24786.487,18911.423,0,252.046,0,13.002,5615,6474,2.670,1.570,0.850,4,0,68.012,0,0,11,30,1,59,0
18-02 19:32:57,69.735,9.748,20.246,0,0,1659652,701172,170456,5397712,28274.030,20359.701,0,511.892,0,63.986,6742,8554,2.670,1.570,0.850,4,0,71.985,0,0,11,30,1,61,0
18-02 19:32:58,52.011,13.253,33.757,0.500,0,1544824,815948,170476,5397740,14805.116,8732.838,0,412.087,0,36.008,5509,5093,2.700,1.590,0.860,2,0,186.039,0,0,11,29,1,61,0
18-02 19:32:59,54.332,6.231,38.382,0.249,0,1640820,719760,170476,5397928,21969.252,14061.637,0,713.799,0,15.951,3995,4319,2.700,1.590,0.860,2,0,0,0,0,11,30,1,62,0
18-02 19:33:00,54.894,12.032,32.836,0.251,0,1539268,821244,170484,5397988,24309.742,16388.973,0,296.778,0,23.060,6005,7853,2.700,1.590,0.860,3,0,140.368,0,0,11,30,1,64,0
18-02 19:33:01,55.746,9.999,33.997,0,0,1585744,774736,170496,5398008,11154.146,8527.347,0,311.976,0,26.998,4131,3211,2.700,1.590,0.860,2,0,43.997,0,0,11,34,1,64,0
18-02 19:33:02,40.657,6.984,43.151,7.732,0,1569472,790620,170516,5398372,30983.195,23078.260,0,2027.367,0,120.724,7293,10338,2.700,1.590,0.860,2,0,85.804,0,0,11,33,1,65,0
18-02 19:33:03,36.480,11.994,47.474,3.498,0,1521532,838544,170520,5398380,7964.692,1894.975,0,4553.537,0,168.909,4365,3504,2.730,1.610,0.870,2,0,140.924,0,0,11,32,1,66,0
18-02 19:33:04,33.073,3.758,61.886,0,0,1545048,814996,170528,5398404,19613.169,14385.663,0,116.256,0,7.015,4223,4386,2.730,1.610,0.870,1,0,0,0,0,11,33,1,67,0
18-02 19:33:05,37.790,10.761,51.054,0,0,1516116,843864,170528,5398468,14282.094,4237.478,0,192.203,0,16.017,4824,4853,2.730,1.610,0.870,2,0,139.147,0,0,11,32,1,68,0
18-02 19:33:06,33.945,4.493,58.654,1.747,0,1512184,847772,170536,5398480,17724.073,11844.669,0,630.970,0,57.905,3183,3008,2.730,1.610,0.870,2,0,10.982,0,0,11,33,1,67,0
18-02 19:33:07,37.312,8.013,53.840,0.501,0,1493664,866120,170552,5398640,13611.684,6207.344,0,304.507,0,29.048,3968,4141,2.730,1.610,0.870,2,0,54.090,0,0,11,32,1,68,0
18-02 19:33:08,36.130,3.987,59.303,0.498,0,1496324,863428,170556,5398668,19204.209,14303.488,0,147.510,0,8.970,4076,4613,2.590,1.600,0.870,1,0,0,0,0,11,33,1,69,0
18-02 19:33:09,38.709,6.493,53.693,0,0,1426776,932940,170564,5398688,12591.587,8779.648,0,283.698,0,27.970,4802,5103,2.590,1.600,0.870,3,0,44.952,0,0,11,32,1,70,0
18-02 19:33:10,36.833,5.763,56.878,0.251,0,1517612,842072,170564,5398720,20032.156,11786.569,0,180.407,0,11.025,4057,4164,2.590,1.600,0.870,2,0,3.007,0,0,11,34,1,64,0
18-02 19:33:11,23.982,9.992,64.201,0.250,0,1490464,868984,170572,5398944,19016.594,11709.130,0,399.697,0,33.974,5849,6914,2.590,1.600,0.870,1,0,276.790,0,0,11,32,1,66,0
18-02 19:33:12,21.498,3.500,72.493,1.500,0,1418624,940824,170572,5398944,8540.197,539.949,0,327.969,0,13.999,1966,1428,2.590,1.600,0.870,2,0,5.000,0,0,11,32,1,66,0
18-02 19:33:13,14.742,1.999,80.957,1.749,0,1422916,936512,170572,5398964,15890.636,10242.609,0,143.924,0,8.995,2963,3581,2.380,1.580,0.860,1,0,0,0,0,11,33,1,66,0
18-02 19:33:14,14.507,11.255,71.284,1.251,0,1408940,950460,170584,5398980,10434.914,1661.783,0,324.153,0,28.013,4273,3888,2.380,1.580,0.860,1,0,284.134,0,0,11,32,1,67,0
18-02 19:33:15,19.499,2.500,76.996,0.750,0,1427380,932008,170584,5398988,10906.379,5637.679,0,199.989,0,10.999,1960,1637,2.380,1.580,0.860,1,0,1.000,0,0,11,33,1,65,0
18-02 19:33:16,19.002,5.001,74.759,0,0,1400432,958932,170588,5399008,10050.227,6220.760,0,300.037,0,18.002,3626,4091,2.380,1.580,0.860,1,0,46.006,0,0,11,32,1,66,0
18-02 19:33:17,24.252,4.000,71.756,0.250,0,1428640,930708,170600,5399012,9757.833,5572.475,0,144.012,0,11.001,3014,8246,2.380,1.580,0.860,1,0,36.003,0,0,11,33,1,67,0
18-02 19:33:18,19.988,1.749,76.203,0.250,0,1428608,930708,170600,5399044,17916.922,9598.066,0,99.938,0,11.993,4714,6182,2.270,1.570,0.870,1,0,0,0,0,11,32,1,67,0
18-02 19:33:19,10.287,22.581,63.228,2.760,0,1401876,957280,170600,5399200,5409.475,487.756,0,389.402,0,24.087,6479,5534,2.270,1.570,0.870,2,0,596.146,0,0,11,34,1,66,0
18-02 19:33:20,43.350,6.478,48.332,1.246,0,1543024,815408,170636,5399880,7204.015,538.134,35.876,944.723,0.997,19.931,3018,1940,2.270,1.570,0.870,2,0,31.889,0,0,11,32,1,67,0
18-02 19:33:21,29.758,5.251,45.012,18.755,0,1550128,804864,170832,5402588,6936.797,540.140,436.113,6077.574,17.004,410.106,5129,6930,2.270,1.570,0.870,1,1,24.006,0,0,11,36,1,67,0
18-02 19:33:22,26.473,4.745,41.707,25.224,0,1624080,730172,170972,5403184,7729.057,539.446,0,5250.604,0,454.533,4914,7386,2.270,1.570,0.870,3,1,14.985,0,0,11,36,1,67,0
18-02 19:33:23,25.853,5.271,42.921,24.598,0,1608304,745068,171148,5403864,5379.411,542.158,0,7618.322,0,610.430,5046,7869,2.490,1.620,0.890,2,2,24.096,0,0,11,36,1,60,0
18-02 19:33:24,25.155,4.234,39.102,29.389,0,1653988,698560,171312,5404488,3412.091,537.965,0,10049.979,0,723.264,4755,7222,2.490,1.620,0.890,1,1,10.959,0,0,11,36,1,60,0
18-02 19:33:25,25.820,4.763,37.351,29.830,0,1638588,712780,171488,5405464,7575.404,541.458,0,7640.580,0,663.788,5421,8466,2.490,1.620,0.890,2,2,23.062,0,0,11,36,1,60,0
18-02 19:33:26,26.526,5.255,41.540,26.276,0,1667796,682724,171700,5406076,8899.641,540.525,0,12840.468,0,869.845,6226,9777,2.490,1.620,0.890,1,1,20.019,0,0,11,36,1,60,0
18-02 19:33:27,26.244,4.749,42.741,23.495,0,1610516,739084,171856,5406780,4118.120,485.896,0,5702.782,0,548.883,5442,8332,2.490,1.620,0.890,2,4,21.995,0,0,11,36,1,56,0
18-02 19:33:28,26.921,4.238,38.139,27.420,0,1598852,750276,171992,5407088,8652.729,612.212,0,10700.748,0,800.662,5988,9280,2.530,1.650,0.900,1,1,11.965,0,0,11,36,1,56,0
18-02 19:33:29,26.064,6.015,42.104,24.561,0,1640120,708000,172196,5407836,5241.944,615.520,0,9992.675,0,781.931,6102,9550,2.530,1.650,0.900,2,2,12.030,0,0,11,36,1,56,0
18-02 19:33:30,26.775,6.006,39.537,26.525,0,1610072,737544,172368,5408140,10771.155,614.579,0,14173.362,0,932.879,6410,10087,2.530,1.650,0.900,1,2,12.011,0,0,11,36,1,56,0
18-02 19:33:31,27.176,3.989,44.380,21.941,0,1615636,731348,172432,5408692,7441.840,612.341,0,6498.396,0,553.501,5061,8075,2.530,1.650,0.900,3,0,8.976,0,0,11,38,1,51,0
18-02 19:33:32,26.633,5.476,39.577,27.131,0,1581136,766012,172524,5408420,5406.330,611.323,0,8678.006,0,670.066,5794,9288,2.530,1.650,0.900,5,1,6.969,0,0,11,38,1,51,0
18-02 19:33:33,37.875,7.525,40.885,12.040,0,1524012,823408,172596,5408044,9730.053,616.029,0,8475.922,0,596.967,4906,6553,2.650,1.690,0.920,4,0,6.020,0,0,11,32,1,51,0
18-02 19:33:34,39.590,6.014,35.331,18.292,0,1618196,729088,172664,5408108,9017.574,541.235,0,8114.513,0,628.434,5437,7299,2.650,1.690,0.920,3,0,3.007,0,0,11,34,1,51,0
18-02 19:33:35,28.249,6.250,42.999,20.250,0,1574732,772144,172880,5408296,6009.863,559.987,0,6755.846,0,950.978,7458,12629,2.650,1.690,0.920,2,1,2.000,0,0,11,34,1,47,0
18-02 19:33:36,28.762,7.003,42.518,19.759,0,1549536,796932,173088,5408488,8184.535,540.233,0,8219.550,0,1133.490,7859,13935,2.650,1.690,0.920,4,1,1.000,0,0,11,34,1,47,0
18-02 19:33:37,29.944,7.236,50.904,10.231,0,1530812,815476,173180,5408588,7909.124,538.986,0,4479.575,0,442.168,4497,4766,2.650,1.690,0.920,1,2,99.812,0,0,11,32,1,47,0
18-02 19:33:38,11.269,17.279,65.610,5.259,0,1483664,862444,173196,5408740,10330.337,540.908,0,2476.156,0,106.178,5492,4548,2.520,1.670,0.920,2,0,387.651,0,0,11,32,1,47,0
18-02 19:33:39,8.259,22.025,64.323,5.256,0,1471572,874348,173204,5408912,6436.335,614.700,0,3552.048,0,162.185,6533,5805,2.520,1.670,0.920,1,2,518.591,0,0,11,32,1,45,0
18-02 19:33:40,10.987,17.230,64.424,5.494,0,1449156,896704,173220,5408948,3617.753,633.257,0,4682.503,0,304.642,6071,5659,2.520,1.670,0.920,1,0,463.456,0,0,11,32,1,45,0
18-02 19:33:41,22.209,3.494,73.865,0,0,1505780,840096,173220,5408932,7540.171,539.011,0,0,0,0,1871,1318,2.520,1.670,0.920,1,0,1.996,0,0,11,32,1,45,0
18-02 19:33:42,21.741,3.998,73.970,0,0,1497664,848216,173220,5408928,6709.246,539.778,0,171.929,0,5.998,1780,1213,2.520,1.670,0.920,1,0,1.000,0,0,11,32,1,45,0
18-02 19:33:43,23.515,2.752,73.546,0,0,1544048,801832,173220,5408928,8729.410,540.335,0,20.012,0,1.001,1796,1127,2.390,1.660,0.920,1,0,2.001,0,0,11,32,1,38,0
18-02 19:33:44,22.244,3.249,73.731,0,0.250,1524068,821804,173220,5408936,5100.671,485.873,0,0,0,0,1766,1265,2.390,1.660,0.920,1,0,1.000,0,0,11,32,1,38,0
18-02 19:33:45,22.754,3.251,73.263,0.250,0,1514100,831752,173224,5408948,7187.305,540.098,0,152.028,0,12.002,1957,1352,2.390,1.660,0.920,1,0,4.001,0,0,11,32,1,38,0
18-02 19:33:46,21.998,3.750,72.993,0,0,1529660,816204,173232,5408928,8353.243,539.951,0,315.971,0,20.998,1938,1519,2.390,1.660,0.920,1,0,2.000,0,0,11,32,1,38,0
18-02 19:33:47,22.003,3.750,73.759,0,0,1508940,836904,173232,5408948,3630.459,614.078,0,68.009,0,6.001,1764,1265,2.390,1.660,0.920,2,0,1.000,0,0,11,32,1,37,0
18-02 19:33:48,22.504,3.251,73.763,0,0,1548304,797552,173232,5408936,4016.732,540.098,0,16.003,0,2.000,1779,1301,2.280,1.650,0.920,1,0,2.000,0,0,11,32,1,37,0
18-02 19:33:49,22.495,2.749,73.235,0,0,1506812,839056,173232,5408924,7770.390,539.888,0,0,0,0,1761,1221,2.280,1.650,0.920,1,0,1.000,0,0,11,32,1,37,0
18-02 19:33:50,23.503,3.000,73.760,0.250,0,1505996,839812,173232,5408980,7752.030,540.072,0,288.038,0,53.007,1873,1183,2.280,1.650,0.920,2,0,3.000,0,0,11,32,1,37,0
18-02 19:33:51,22.291,3.256,73.885,0,0,1532536,813356,173232,5408896,7159.092,540.989,0,8.015,0,1.002,1750,1191,2.280,1.650,0.920,2,0,0,0,0,11,32,1,31,0
18-02 19:33:52,22.456,3.244,72.357,0.749,0,1500676,845128,173232,5408984,5109.929,485.044,0,1189.655,0,7.984,1810,1185,2.280,1.650,0.920,1,0,2.994,0,0,11,32,1,31,0
18-02 19:33:53,22.292,3.757,73.888,0,0,1478588,867216,173232,5408984,7021.136,541.012,0,1049.964,0,14.026,1862,1364,2.180,1.640,0.920,1,0,1.002,0,0,11,32,1,31,0
18-02 19:33:54,22.500,2.750,74.001,0,0,1524588,821236,173232,5408964,3918.054,540.007,0,4.000,0,1.000,1734,1267,2.180,1.640,0.920,1,0,2.000,0,0,11,32,1,31,0
18-02 19:33:55,22.755,3.251,73.266,0.250,0,1487108,858712,173236,5408964,4362.980,540.121,0,212.048,0,4.001,1871,1431,2.180,1.640,0.920,1,1,2.000,0,0,11,32,1,31,0
18-02 19:33:56,22.200,2.993,72.836,0.499,0,1474868,870932,173240,5408980,3256.659,538.785,0,498.875,0,53.879,1950,1549,2.180,1.640,0.920,1,0,0.998,0,0,11,32,1,25,0
18-02 19:33:57,22.502,3.250,73.756,0,0,1543324,802472,173240,5408984,8973.714,540.043,0,48.004,0,6.000,1817,1152,2.180,1.640,0.920,1,0,2.000,0,0,11,32,1,25,0
18-02 19:33:58,12.750,17.750,69.500,0,0,1488368,857368,173240,5409044,5911.033,540.003,0,200.001,0,10.000,5443,4410,2.080,1.630,0.920,1,0,460.003,0,0,11,32,1,25,0
18-02 19:33:59,21.501,3.750,74.004,0,0,1515940,829784,173240,5409056,8079.392,540.026,0,0,0,0,1786,1275,2.080,1.630,0.920,1,0,0,0,0,11,32,1,25,0
18-02 19:34:00,22.497,3.000,73.241,0,0,1494908,850572,173240,5409300,5281.348,485.940,0,7.999,0,1.000,1894,1268,2.080,1.630,0.920,1,0,8.999,0,0,11,32,1,18,0
18-02 19:34:01,22.745,2.999,73.483,0,0,1512216,833264,173240,5409300,8117.094,539.873,0,123.971,0,27.993,1747,1113,2.080,1.630,0.920,1,0,0,0,0,11,32,1,18,0
18-02 19:34:02,9.522,21.551,67.659,0.501,0,1481768,863556,173244,5409452,7244.987,541.269,40.094,268.630,2.005,7.016,6237,4994,2.080,1.630,0.920,1,0,532.248,0,0,11,32,1,18,0
18-02 19:34:03,9.259,22.523,67.818,0,0,1464944,880312,173244,5409484,4022.039,614.617,0,316.318,0,8.008,6489,5502,2,1.620,0.920,1,0,590.593,0,0,11,32,1,18,0
18-02 19:34:04,8.001,22.002,68.258,0,0,1449336,895884,173244,5409516,8601.962,540.060,0,820.092,0,9.001,6307,5172,2,1.620,0.920,1,0,556.062,0,0,11,32,1,13,0
18-02 19:34:05,8.741,21.228,68.929,0,0,1436880,908288,173244,5409548,6773.991,539.442,0,1470.479,0,15.983,6493,5403,2,1.620,0.920,1,0,586.393,0,0,11,32,1,13,0
18-02 19:34:06,8.000,21.750,68.750,0.250,0,1426668,918448,173252,5409592,3301.003,540.000,0,1312.001,0,38.000,6341,5378,2,1.620,0.920,2,0,514.000,0,0,11,32,1,13,0
18-02 19:34:07,7.750,21.249,69.996,0,0,1416272,928804,173260,5409624,7555.561,539.969,0,395.977,0,40.998,6100,4695,2,1.620,0.920,1,0,463.973,0,0,11,32,1,13,0
18-02 19:34:08,9.007,21.516,68.301,0,0,1407784,937260,173260,5409656,7347.484,486.363,0,776.580,0,61.046,6368,5123,1.920,1.610,0.920,1,0,538.402,0,0,11,32,1,9,0
18-02 19:34:09,9.241,19.981,69.435,0,0,1375484,969460,173276,5409752,9302.351,539.498,0,31.970,0,7.993,6177,4976,1.920,1.610,0.920,1,0,490.544,0,0,11,32,1,9,0
18-02 19:34:10,38.054,26.538,33.548,1.252,0,1484468,860408,173324,5409772,9295.181,540.767,0,1125.596,0,70.099,7034,6879,1.920,1.610,0.920,3,0,773.096,0,0,11,32,1,15,0
18-02 19:34:11,61.320,8.724,23.930,5.235,0,1670540,670932,173432,5412588,8381.408,538.420,442.701,2385.002,9.971,67.801,4118,2514,1.920,1.610,0.920,1,2,3.988,0,0,11,34,1,15,0
18-02 19:34:12,23.501,4.000,36.751,33.751,0,1670164,667208,173676,5415844,9295.249,540.014,0,8092.217,0,506.014,5249,7675,1.920,1.610,0.920,2,3,21.001,0,0,11,38,1,12,0
18-02 19:34:13,6.253,3.502,50.773,37.017,0,1670080,665948,173780,5417032,7047.251,540.249,0,12929.965,0,847.391,5227,9508,2,1.630,0.930,6,0,15.007,0,0,11,38,1,12,0
18-02 19:34:14,9.501,2.750,54.005,31.753,0,1668984,665192,173860,5418680,4645.467,540.054,0,8416.846,0,671.067,5313,9143,2,1.630,0.930,1,4,30.003,0,0,11,38,1,12,0
18-02 19:34:15,6.744,2.747,45.208,42.210,0,1668612,664436,173960,5419684,7518.955,539.495,0,10646.025,0,707.337,5414,9740,2,1.630,0.930,0,2,15.985,0,0,11,38,1,12,0
18-02 19:34:16,5.501,3.001,47.010,41.009,0,1667868,663932,174076,5420788,6607.475,486.108,0,11466.559,0,747.167,4537,8475,2,1.630,0.930,1,1,6.001,0,0,11,38,1,10,0
18-02 19:34:17,12.499,4.749,43.495,36.996,0,1688140,642288,174236,5421960,8121.036,539.936,0,12210.551,0,793.906,6615,16658,2,1.630,0.930,0,1,47.994,0,0,11,38,1,11,0
18-02 19:34:18,5.000,2.750,53.252,36.502,0,1687420,642288,174320,5422544,6168.281,540.025,0,10744.490,0,714.033,5051,9127,2.160,1.670,0.950,2,0,9.000,0,0,11,38,1,11,0
18-02 19:34:19,6.498,2.999,53.234,33.990,0.250,1686240,642288,174400,5423612,4440.664,539.838,0,9021.286,0,700.789,4932,9011,2.160,1.670,0.950,0,1,11.996,0,0,11,38,1,11,0
18-02 19:34:20,21.498,6.999,36.747,32.248,0,1627316,699688,174492,5424972,6808.493,539.960,0,11623.134,0,755.944,6632,10768,2.160,1.670,0.950,1,1,59.996,0,0,11,36,1,8,0
18-02 19:34:21,24.017,4.753,37.527,32.023,0,1664400,661396,174584,5426052,12364.771,6205.402,0,12781.066,0,859.610,6273,10238,2.160,1.670,0.950,2,3,12.009,0,0,11,37,1,8,0
18-02 19:34:22,19.548,7.518,37.091,34.585,0,1655268,669492,174668,5426980,10937.774,4287.495,0,12097.613,0,796.951,7583,11822,2.160,1.670,0.950,2,2,76.186,0,0,11,38,1,9,0
18-02 19:34:23,22.923,4.485,40.863,29.651,0,1654936,668748,174744,5427952,9000.815,2827.518,0,12617.685,0,854.136,5799,9269,2.310,1.710,0.960,3,1,14.950,0,0,11,39,1,9,0
18-02 19:34:24,22.058,4.261,37.349,34.842,0,1654016,668496,174776,5429060,18027.724,11086.348,0,11566.620,0,718.903,7577,12263,2.310,1.710,0.960,0,3,9.024,0,0,11,39,1,9,0
18-02 19:34:25,18.509,5.003,40.270,33.517,0,1579724,741548,174820,5430192,15581.856,7186.623,0,10581.335,0,680.343,7167,11514,2.310,1.710,0.960,1,1,34.017,0,0,11,38,1,9,0
18-02 19:34:26,24.178,5.982,34.647,33.650,0,1658148,662208,174880,5431020,6396.019,1372.926,0,9356.234,0,645.086,4947,7776,2.310,1.710,0.960,5,0,8.973,0,0,11,39,1,9,0
18-02 19:34:27,18.757,3.501,45.016,29.760,0,1657196,661704,174920,5432396,11999.178,9297.237,0,10463.643,0,717.250,6751,11166,2.310,1.710,0.960,0,4,15.005,0,0,11,39,1,9,0
18-02 19:34:28,19.006,4.251,42.513,32.510,0,1656544,660976,174956,5433708,17692.597,10113.199,0,17273.465,0,1186.375,8787,14246,2.370,1.730,0.980,0,3,9.003,0,0,11,39,1,9,0
18-02 19:34:29,21.995,7.498,37.741,31.492,0,1671336,644968,175004,5434812,6303.443,1799.555,0,9345.692,0,786.806,6848,10450,2.370,1.730,0.980,2,1,85.979,0,0,11,38,1,10,0
18-02 19:34:30,25.315,4.512,36.343,31.330,0,1701700,613660,175036,5435700,12943.149,6353.271,0,12259.397,0,886.270,5647,9231,2.370,1.730,0.980,0,3,0,0,0,11,39,1,10,0
18-02 19:34:31,20.988,3.748,39.976,32.981,0,1695756,618788,175112,5436416,18241.230,12032.896,0,11165.408,0,778.540,8415,13695,2.370,1.730,0.980,0,2,0,0,0,11,39,1,10,0
18-02 19:34:32,23.960,6.239,39.933,27.703,0,1642056,671100,175144,5437744,11453.707,2841.214,0,7068.094,0,545.082,6282,9503,2.370,1.730,0.980,1,1,32.945,0,0,11,38,1,10,0
18-02 19:34:33,23.989,4.748,37.732,31.235,0,1664272,647060,175196,5439464,13848.568,6268.089,0,16136.506,0,973.548,6102,10008,2.340,1.740,0.980,4,0,2.999,0,0,11,39,1,10,0
18-02 19:34:34,21.737,4.247,41.975,29.982,0,1658532,651580,175332,5440520,18364.904,10949.385,0,11636.969,0,697.579,9014,14722,2.340,1.740,0.980,1,1,11.993,0,0,11,39,1,10,0
18-02 19:34:35,22.583,7.277,41.905,26.096,0,1662452,646336,175464,5441604,13264.988,4671.251,0,11924.036,0,865.195,7578,12269,2.340,1.740,0.980,1,1,65.241,0,0,11,38,1,11,0
18-02 19:34:36,33.211,4.994,34.210,25.470,0,1602152,705560,175584,5442528,14879.402,5565.418,0,10060.102,0,732.134,6315,9403,2.340,1.740,0.980,7,0,13.983,0,0,11,37,1,11,0
18-02 19:34:37,30.207,18.724,23.467,26.213,0,1524940,781724,175656,5443780,10045.784,4345.850,371.474,13976.222,5.992,867.772,10363,15142,2.340,1.740,0.980,6,3,355.497,0,0,11,36,1,12,0
18-02 19:34:38,35.343,15.541,25.568,22.309,0,1575492,729908,175712,5444540,13745.316,5586.761,1804.768,7019.546,35.093,492.301,7846,11422,2.710,1.820,1.010,5,2,204.540,0,0,11,37,1,12,0
18-02 19:34:39,17.701,8.726,44.625,26.925,0,1572716,731752,175772,5445356,8559.095,2231.767,0,7766.309,0,544.479,5816,8337,2.710,1.820,1.010,2,1,106.702,0,0,11,36,1,13,0
18-02 19:34:40,22.995,3.999,43.990,26.744,0,1616080,687216,175832,5446444,13882.692,5767.625,0,9413.757,0,667.841,5664,8706,2.710,1.820,1.010,2,0,0,0,0,11,37,1,13,0
18-02 19:34:41,19.303,6.769,43.870,28.327,0,1543016,758764,175948,5447808,11245.753,5894.118,0,16172.225,0,986.698,6950,11634,2.710,1.820,1.010,1,2,43.118,0,0,11,36,1,14,0
18-02 19:34:42,23.977,5.495,41.460,26.225,0,1595180,705740,175976,5448620,6540.745,2503.606,0,10338.113,0,781.253,5666,9042,2.710,1.820,1.010,0,1,2.997,0,0,11,37,1,14,0
18-02 19:34:43,20.244,3.999,48.985,23.993,0,1590896,708540,176028,5449952,17402.700,9449.122,0,7497.717,0,607.815,7160,11430,2.650,1.830,1.020,2,1,2.999,0,0,11,36,1,15,0
18-02 19:34:44,4.991,4.991,53.408,33.942,0,1581096,717980,176064,5450260,9189.248,539.076,0,13752.426,0,728.751,6050,10006,2.650,1.830,1.020,0,1,68.882,0,0,11,36,1,15,0
18-02 19:34:45,4.001,2.500,64.262,27.255,0.250,1567056,730944,176112,5451260,5464.061,540.105,0,5649.097,0,466.090,3861,6956,2.650,1.830,1.020,0,1,1.000,0,0,11,36,1,15,0
18-02 19:34:46,4.000,2.500,61.244,29.247,0,1552580,744640,176132,5452004,6707.307,539.944,0,9367.032,0,626.935,4451,8077,2.650,1.830,1.020,0,1,4.000,0,0,11,36,1,15,0
18-02 19:34:47,4.250,3.500,58.501,30.501,0,1540544,755676,176176,5452912,6306.153,602.015,0,14632.355,0,931.023,5967,11261,2.650,1.830,1.020,2,0,0,0,0,11,36,1,15,0
18-02 19:34:48,3.500,2.250,64.742,26.247,0,1530136,764836,176200,5454100,7657.035,539.932,0,6303.206,0,509.936,4048,7276,2.760,1.860,1.040,0,1,0,0,0,11,36,1,15,0
18-02 19:34:49,4.501,2.500,62.507,26.503,0,1519284,774668,176224,5455072,7055.803,540.061,0,10365.180,0,769.088,4889,9208,2.760,1.860,1.040,0,1,6.001,0,0,11,36,1,15,0
18-02 19:34:50,4.750,2.500,58.749,31.250,0,1511956,781080,176252,5455940,5041.940,539.994,0,8903.895,0,689.992,4501,8220,2.760,1.860,1.040,0,1,9.000,0,0,11,36,1,15,0
18-02 19:34:51,4.002,3.502,57.282,32.768,0,1504748,786944,176288,5457204,8597.815,540.303,0,15148.483,0,972.545,5554,10125,2.760,1.860,1.040,1,1,9.005,0,0,11,36,1,15,0
18-02 19:34:52,4.248,2.748,60.215,30.982,0,1500128,790900,176296,5457848,7409.735,539.689,0,7987.403,0,586.662,4665,8581,2.760,1.860,1.040,1,1,2.998,0,0,11,36,1,15,0
18-02 19:34:53,6.500,2.250,64.501,23.251,0,1496776,793572,176328,5458484,5470.121,540.012,0,6736.148,0,603.013,4635,8224,2.860,1.900,1.050,0,1,9.000,0,0,11,36,1,15,0
18-02 19:34:54,5.751,3.001,60.262,27.506,0,1493808,796292,176340,5458708,8710.775,540.110,0,14238.901,0,934.190,4800,8651,2.860,1.900,1.050,0,1,6.001,0,0,11,36,1,15,0
18-02 19:34:55,5.248,2.499,62.474,26.739,0,1491520,798324,176376,5458916,5534.731,485.801,0,8172.650,0,686.719,4848,8533,2.860,1.900,1.050,0,2,12.995,0,0,11,36,1,15,0
18-02 19:34:56,4.251,3.001,62.262,28.255,0,1488964,800832,176404,5458932,9189.756,540.103,0,12534.395,0,827.158,4531,8176,2.860,1.900,1.050,0,1,6.001,0,0,11,36,1,15,0
18-02 19:34:57,5.750,2.750,58.004,30.502,0,1486960,802648,176432,5459084,8645.588,540.037,0,13020.886,0,874.059,4805,8483,2.860,1.900,1.050,2,1,6.000,0,0,11,36,1,15,0
18-02 19:34:58,5.009,2.755,65.620,24.545,0,1484968,803740,176468,5459924,6338.551,540.986,0,6291.465,0,618.126,4602,8271,2.870,1.920,1.060,0,1,9.016,0,0,11,36,1,15,0
18-02 19:34:59,3.993,3.493,58.890,30.443,0,1483132,804632,176580,5460732,8447.216,538.993,0,12017.545,0,836.437,5050,9167,2.870,1.920,1.060,0,1,5.989,0,0,11,36,1,15,0
18-02 19:35:00,4.749,2.749,61.733,27.992,0,1481968,805348,176672,5461072,5640.473,539.854,0,8361.736,0,705.809,4534,8063,2.870,1.920,1.060,0,1,8.998,0,0,11,36,1,15,0
18-02 19:35:01,4.750,2.750,60.755,29.753,0,1481052,805824,176744,5461420,7001.620,540.048,0,12457.104,0,823.073,4607,8398,2.870,1.920,1.060,1,3,7.001,0,0,11,36,1,15,0
18-02 19:35:02,5.502,3.001,57.268,31.760,0,1482576,803556,176792,5462092,7527.312,486.149,0,8898.733,0,679.209,4514,7891,2.870,1.920,1.060,0,1,11.003,0,0,11,36,1,15,0
18-02 19:35:03,4.998,2.999,62.727,25.740,0,1482892,803052,176840,5462192,7926.034,539.798,0,9148.577,0,704.736,4799,8379,2.880,1.940,1.070,0,1,14.994,0,0,11,36,1,15,0
18-02 19:35:04,5.250,3.000,58.250,31.250,0,1481600,804960,176868,5461548,9551.989,613.999,0,11663.986,0,855.999,4883,8949,2.880,1.940,1.070,0,2,0,0,0,11,36,1,15,0
18-02 19:35:05,3.507,3.256,57.862,32.313,0,1481284,804960,176924,5461808,4348.420,541.048,0,12636.468,0,886.717,5153,9464,2.880,1.940,1.070,0,1,4.008,0,0,11,36,1,15,0
18-02 19:35:06,5.490,1.996,61.891,27.701,0,1482364,805212,176960,5460444,4991.188,539.048,0,7522.719,0,692.777,5404,9923,2.880,1.940,1.070,0,3,0,0,0,11,36,1,15,0
18-02 19:35:07,5.250,2.500,62.997,26.499,0,1482048,805212,176980,5460756,10264.455,539.971,0,8779.534,0,676.964,4446,7732,2.880,1.940,1.070,1,1,3.000,0,0,11,36,1,15,0
18-02 19:35:08,8.514,2.504,55.340,30.800,0,1481304,805548,177028,5461116,5735.320,540.879,0,11847.251,0,792.287,5985,11098,2.970,1.970,1.090,1,2,6.010,0,0,11,36,1,15,0
18-02 19:35:09,6.488,2.495,61.888,25.953,0.250,1480920,805548,177048,5461480,7076.169,485.120,0,9754.313,0,744.650,4871,8638,2.970,1.970,1.090,0,3,5.989,0,0,11,36,1,15,0
18-02 19:35:10,5.251,2.751,55.763,33.758,0,1480664,805548,177064,5461720,6389.438,540.122,0,12658.850,0,850.191,4824,8488,2.970,1.970,1.090,0,1,6.001,0,0,11,36,1,15,0
18-02 19:35:11,6.250,3.250,62.750,24.500,0,1480452,805296,177096,5462144,7419.030,540.002,0,10428.042,0,874.004,5685,10255,2.970,1.970,1.090,0,2,9.000,0,0,11,36,1,15,0
18-02 19:35:12,4.501,2.750,62.261,28.255,0,1480348,805044,177124,5462464,8705.572,540.098,0,8285.496,0,706.128,4470,7934,2.970,1.970,1.090,0,2,9.002,0,0,11,36,1,15,0
18-02 19:35:13,6.248,2.499,58.728,28.989,0,1480892,804288,177140,5462652,6362.618,539.798,0,12063.483,0,874.672,4993,8948,3.050,2,1.110,0,2,5.998,0,0,11,38,1,8,0
18-02 19:35:14,4.759,2.505,62.613,26.798,0,1480720,804908,177164,5462172,5401.776,540.979,0,6776.263,0,631.142,4730,8626,3.050,2,1.110,0,2,3.005,0,0,11,38,1,8,0
18-02 19:35:15,4.992,2.745,55.906,33.693,0,1480960,804908,177192,5461900,8488.720,539.093,0,11923.941,0,800.653,5411,9710,3.050,2,1.110,0,2,3.993,0,0,11,38,1,8,0
18-02 19:35:16,5.000,2.250,59.249,29.999,0,1480584,804908,177196,5462272,6430.864,485.990,0,8875.812,0,693.985,4747,8444,3.050,2,1.110,0,1,6.000,0,0,11,38,1,8,0
18-02 19:35:17,6.258,4.756,60.325,26.533,0,1500984,784308,177220,5464672,7547.418,540.675,0,10685.334,0,784.980,4929,9755,3.050,2,1.110,2,2,34.042,0,0,11,38,1,7,0
18-02 19:35:18,8.741,3.497,58.941,25.974,0,1480412,804504,177232,5462804,9871.199,539.464,0,9574.494,0,795.210,5982,13102,2.890,1.990,1.100,0,1,10.989,0,0,11,38,1,8,0
18-02 19:35:19,3.999,2.749,62.486,27.744,0,1480012,804504,177248,5463180,8010.209,539.879,0,11385.455,0,755.831,4356,8050,2.890,1.990,1.100,1,2,5.999,0,0,11,38,1,8,0
18-02 19:35:20,6.253,2.001,59.029,30.015,0,1480024,804252,177248,5463408,7545.650,540.261,0,12173.890,0,794.384,4692,8217,2.890,1.990,1.100,0,1,6.003,0,0,11,38,1,8,0
18-02 19:35:21,10.249,2.250,61.242,23.747,0,1479328,804252,177256,5464080,4444.433,539.931,0,8562.908,0,785.900,5438,9615,2.890,1.990,1.100,1,2,11.998,0,0,11,38,1,8,0
18-02 19:35:22,6.500,2.500,57.998,29.999,0,1479080,804252,177264,5464316,7056.716,539.978,0,10927.560,0,746.970,4006,7121,2.890,1.990,1.100,0,2,6.000,0,0,11,38,1,8,0
18-02 19:35:23,5.997,2.749,61.474,27.738,0,1478848,804252,177284,5464524,6875.068,539.770,0,10627.468,0,755.678,4545,8162,2.980,2.020,1.120,0,1,5.997,0,0,11,38,1,8,0
18-02 19:35:24,6.997,1.749,66.470,21.490,0,1478852,803848,177312,5464888,3165.564,485.780,0,4350.026,0,422.808,4250,7546,2.980,2.020,1.120,0,1,8.996,0,0,11,38,1,8,0
18-02 19:35:25,8.012,3.004,62.341,24.035,0,1478576,803596,177392,5465320,6695.726,540.786,0,7835.382,0,710.031,5091,8920,2.980,2.020,1.120,0,1,13.019,0,0,11,38,1,8,0
18-02 19:35:26,5.497,2.499,58.722,30.236,0,1478592,803344,177420,5465516,5392.448,539.745,0,14113.320,0,935.557,4808,8714,2.980,2.020,1.120,0,2,5.997,0,0,11,38,1,7,0
18-02 19:35:27,4.250,2.750,64.756,25.252,0,1478052,803344,177456,5466008,7285.641,540.048,0,7012.617,0,652.057,5205,9440,2.980,2.020,1.120,0,1,12.001,0,0,11,38,1,7,0
18-02 19:35:28,5.000,2.750,61.497,28.498,0,1477788,803092,177472,5466500,5880.667,613.965,0,10543.404,0,810.954,4804,8554,3.060,2.050,1.140,1,1,11.999,0,0,11,38,1,7,0
18-02 19:35:29,5.998,2.499,64.229,24.492,0,1477856,802588,177496,5466904,4373.601,613.804,0,9117.083,0,683.781,4369,7951,3.060,2.050,1.140,1,0,2.999,0,0,11,38,1,7,0
18-02 19:35:30,4.750,3.750,58.004,31.252,0,1477168,802840,177548,5467272,7622.482,614.039,0,13412.848,0,918.058,5142,9245,3.060,2.050,1.140,0,2,6.000,0,0,11,38,1,6,0
18-02 19:35:31,4.999,2.499,59.984,29.242,0,1476936,802588,177560,5467732,6439.323,559.854,0,10909.158,0,770.799,4672,8472,3.060,2.050,1.140,0,1,2.999,0,0,11,38,1,6,0
18-02 19:35:32,4.247,2.748,64.455,25.982,0,1476584,802336,177564,5468320,3633.482,613.575,0,6839.260,0,541.625,4147,7525,3.060,2.050,1.140,1,1,5.996,0,0,11,38,1,6,0
18-02 19:35:33,6.256,2.502,55.552,33.031,0,1476352,802336,177568,5468540,7763.231,656.612,0,11358.580,0,828.772,4942,8661,3.140,2.090,1.150,0,1,9.008,0,0,11,38,1,6,0
18-02 19:35:34,4.750,3.500,61.254,28.252,0,1476356,801580,177572,5469268,10273.710,540.037,0,9308.643,0,770.053,5785,10349,3.140,2.090,1.150,0,1,18.001,0,0,11,38,1,6,0
18-02 19:35:35,5.000,3.500,59.001,29.501,0,1476248,801328,177580,5469608,9700.203,614.013,0,16192.338,0,1077.023,5382,9992,3.140,2.090,1.150,1,1,4.000,0,0,11,38,1,6,0
18-02 19:35:36,6.255,3.253,62.554,26.022,0,1475952,801076,177596,5470124,6916.916,540.462,0,7194.154,0,660.565,4849,8608,3.140,2.090,1.150,0,1,12.010,0,0,11,38,1,6,0
18-02 19:35:37,3.498,2.998,59.466,30.483,0,1475552,801076,177604,5470512,5085.107,539.693,0,12544.863,0,878.500,4910,9097,3.140,2.090,1.150,2,1,2.998,0,0,11,38,1,6,0
18-02 19:35:38,4.248,1.999,62.219,28.486,0,1475332,800824,177620,5470936,8419.840,485.760,0,6344.865,0,561.722,4229,7612,3.050,2.090,1.160,0,1,11.994,0,0,11,38,1,4,0
18-02 19:35:39,4.000,3.750,53.506,34.754,0.250,1475060,800824,177636,5471184,6807.781,614.070,0,17365.993,0,1160.133,5757,10567,3.050,2.090,1.160,0,2,3.000,0,0,11,38,1,4,0
18-02 19:35:40,5.746,1.749,62.961,26.733,0,1475176,800320,177640,5471556,8017.970,633.603,0,7059.571,0,626.607,4701,8238,3.050,2.090,1.160,1,0,11.992,0,0,11,38,1,4,0
18-02 19:35:41,4.253,3.002,62.549,27.522,0,1474920,800068,177648,5472048,6729.262,540.423,0,9907.748,0,737.577,4647,8476,3.050,2.090,1.160,3,1,9.007,0,0,11,38,1,4,0
18-02 19:35:42,5.501,2.250,61.506,27.503,0,1474984,799312,177652,5472724,7236.663,540.049,0,8148.746,0,699.064,5442,9806,3.050,2.090,1.160,0,1,33.003,0,0,11,38,1,2,0
18-02 19:35:43,5.498,3.249,58.478,29.739,0,1474420,799312,177656,5473268,7547.113,539.793,0,13642.781,0,913.650,5849,10733,3.120,2.120,1.170,1,0,5.998,0,0,11,38,1,2,0
18-02 19:35:44,4.250,2.750,58.003,31.252,0,1474340,799060,177656,5473584,4104.234,540.031,0,11020.628,0,767.044,4836,9055,3.120,2.120,1.170,0,1,12.001,0,0,11,38,1,2,0
18-02 19:35:45,6.751,3.000,64.505,22.752,0,1474296,798556,177656,5474116,3161.254,540.043,0,6540.526,0,668.054,6062,10961,3.120,2.120,1.170,4,1,19.002,0,0,11,38,1,2,0
18-02 19:35:46,5.748,2.749,59.475,28.738,0,1473784,798556,177664,5474608,6979.068,485.796,0,14353.969,0,984.586,5021,9166,3.120,2.120,1.170,1,2,8.996,0,0,11,38,1,1,0
18-02 19:35:47,3.752,2.501,53.776,37.268,0,1473836,798304,177684,5474772,3816.869,614.301,0,11149.459,0,778.381,4386,7967,3.120,2.120,1.170,0,1,9.004,0,0,11,38,1,1,0
18-02 19:35:48,5.257,2.503,62.830,26.784,0,1473624,798052,177696,5475216,7308.248,540.684,0,5771.303,0,538.682,4516,7753,3.030,2.120,1.180,0,1,9.011,0,0,11,38,1,1,0
18-02 19:35:49,4.244,2.497,58.921,32.706,0,1472368,798052,177724,5476416,6910.766,539.279,0,11280.927,0,704.059,4274,7807,3.030,2.120,1.180,0,2,11.984,0,0,11,38,1,1,0
18-02 19:35:50,6.497,2.749,63.474,23.490,0,1474028,795784,177748,5476984,6804.164,539.775,0,6893.127,0,685.714,4953,8783,3.030,2.120,1.180,1,0,2.999,0,0,11,38,1,1,0
18-02 19:35:51,6.000,3.500,54.247,33.248,0,1473876,795532,177748,5477376,8407.602,539.974,0,12487.409,0,907.957,5399,9992,3.030,2.120,1.180,1,2,6.000,0,0,11,38,1,1,0
18-02 19:35:52,5.002,3.251,58.273,30.512,0,1473648,795532,177756,5477592,3659.416,540.209,0,14941.783,0,998.386,5667,10574,3.030,2.120,1.180,2,2,6.002,0,0,11,38,1,1,0
18-02 19:35:53,7.509,3.004,57.068,30.036,0,1474192,794524,177756,5478040,4836.733,486.577,0,7436.815,0,648.769,6125,10992,3.270,2.180,1.200,0,1,9.011,0,0,11,38,1,1,0
18-02 19:35:54,4.495,2.997,59.681,29.466,0,1475700,794272,177776,5476764,7452.425,539.379,0,11662.581,0,864.006,6434,12181,3.270,2.180,1.200,3,2,0,0,0,11,38,1,1,0
18-02 19:35:55,5.002,3.251,61.021,27.259,0,1476396,794624,177780,5475712,6654.273,540.185,0,10351.536,0,779.266,5727,10375,3.270,2.180,1.200,1,1,1.000,0,0,11,38,1,1,0
18-02 19:35:56,5.005,2.503,58.561,30.782,0,1477340,794876,177792,5474500,7643.965,540.563,0,9421.817,0,766.799,5777,10649,3.270,2.180,1.200,1,1,0,0,0,11,38,1,1,0
18-02 19:35:57,5.743,3.246,62.923,25.719,0,1478304,795552,177800,5472848,7992.219,539.340,0,9340.569,0,844.966,5964,11195,3.270,2.180,1.200,0,1,0,0,0,11,38,1,1,0
18-02 19:35:58,4.251,2.500,56.257,33.004,0,1479152,795552,177812,5471976,7880.994,540.068,0,12453.571,0,779.098,5227,9496,3.090,2.160,1.200,2,1,0,0,0,11,38,1,1,0
18-02 19:35:59,6.247,2.499,64.964,22.987,0,1478756,795552,177820,5472372,7965.606,539.702,0,6468.432,0,592.673,4982,8783,3.090,2.160,1.200,0,1,5.997,0,0,11,38,1,1,0
18-02 19:36:00,5.752,3.501,57.269,30.760,0,1478580,795552,177828,5472540,5708.912,540.181,0,17017.699,0,1054.353,5380,9705,3.090,2.160,1.200,3,0,9.003,0,0,11,38,1,1,0
18-02 19:36:01,5.500,2.750,65.754,23.001,0,1478436,795300,177836,5472928,7589.491,486.031,0,7256.470,0,645.042,4667,8302,3.090,2.160,1.200,0,2,9.001,0,0,11,38,1,1,0
18-02 19:36:02,6.004,2.502,65.046,24.768,0,1478084,795300,177844,5473272,8859.289,540.384,0,7453.291,0,678.482,4795,8424,3.090,2.160,1.200,0,1,12.009,0,0,11,38,1,1,0
18-02 19:36:03,12.271,3.255,57.096,24.541,0,1478348,795300,177852,5472972,4980.368,540.909,0,12557.099,0,831.397,4560,7567,3.160,2.190,1.220,2,0,9.015,0,0,11,36,1,2,0
18-02 19:36:04,8.754,20.508,67.527,2.001,0,1353548,919976,177852,5473112,8654.512,614.249,0,916.372,0,50.020,5873,4376,3.160,2.190,1.220,3,1,465.189,0,0,11,32,1,2,0
18-02 19:36:05,29.761,20.508,44.767,3.501,0,1416216,857036,177872,5473364,8153.023,540.200,0,2028.752,0,138.051,6561,5953,3.160,2.190,1.220,3,2,479.178,0,0,11,32,1,8,0
18-02 19:36:06,61.532,8.719,15.445,13.951,0,1607524,664176,177928,5474696,6927.453,538.093,0,6712.216,0,333.817,4063,2626,3.160,2.190,1.220,3,1,2.989,0,0,11,32,1,8,0
18-02 19:36:07,63.779,5.252,22.510,8.004,0,1777928,489740,178060,5478264,6875.170,540.249,0,6819.145,0,231.107,3967,2038,3.160,2.190,1.220,0,2,6.003,0,0,11,32,1,8,0
18-02 19:36:08,26.076,3.761,40.870,26.829,0,1796136,468628,178124,5480876,3195.373,487.430,0,9034.502,0,565.659,5426,7855,3.150,2.200,1.230,1,1,21.062,0,0,11,38,1,8,0
18-02 19:36:09,10.995,3.498,47.479,36.234,0,1795168,467872,178132,5482552,7396.678,539.758,0,11474.847,0,765.656,5884,10129,3.150,2.200,1.230,2,5,38.982,0,0,11,38,1,8,0
18-02 19:36:10,9.739,2.747,49.444,34.212,0,1795188,466360,178140,5483996,5236.111,539.393,0,13824.452,0,929.954,6741,12263,3.150,2.200,1.230,0,3,23.973,0,0,11,38,1,8,0
18-02 19:36:11,6.988,2.496,48.919,38.186,0,1794404,465352,178152,5485716,3853.586,539.103,0,9643.949,0,654.910,4833,8492,3.150,2.200,1.230,0,3,20.965,0,0,11,38,1,8,0
18-02 19:36:12,6.001,3.250,52.258,37.005,0,1793312,465352,178160,5486752,9754.414,540.078,0,10341.499,0,696.101,4700,8287,3.150,2.200,1.230,1,1,12.002,0,0,11,38,1,8,0
18-02 19:36:13,6.251,3.250,47.256,40.005,0.250,1792676,465100,178180,5487604,7091.848,540.065,0,11913.424,0,824.098,4953,9025,3.300,2.250,1.250,0,1,21.003,0,0,11,38,1,8,0
18-02 19:36:14,8.749,3.250,57.242,28.496,0,1791824,464848,178196,5488656,10099.547,539.922,0,15401.784,0,943.864,6234,11273,3.300,2.250,1.250,4,2,23.997,0,0,11,38,1,8,0
18-02 19:36:15,8.502,2.751,45.012,39.511,0,1791852,463588,178200,5489852,5394.494,540.150,0,13331.693,0,911.252,7265,13099,3.300,2.250,1.250,0,3,31.009,0,0,11,38,1,8,0
18-02 19:36:16,5.499,3.250,55.744,33.496,0.250,1792168,462076,178216,5490984,6424.304,485.947,0,10402.873,0,756.918,4459,7904,3.300,2.250,1.250,1,3,20.998,0,0,11,38,1,8,0
18-02 19:36:17,7.499,3.250,50.243,36.745,0,1792096,461068,178228,5491996,7534.966,539.926,0,13118.200,0,851.883,5173,9152,3.300,2.250,1.250,0,2,17.998,0,0,11,38,1,8,0
18-02 19:36:18,12.250,5.500,44.752,35.251,0,1812784,438892,178244,5493428,6883.233,540.018,0,14908.504,0,1004.034,6983,16244,3.430,2.300,1.270,1,1,63.002,0,0,11,38,1,9,0
18-02 19:36:19,6.758,3.254,50.559,36.542,0,1811676,438892,178256,5494492,9766.350,540.628,0,12070.028,0,799.930,5099,8967,3.430,2.300,1.270,0,1,18.021,0,0,11,38,1,8,0
18-02 19:36:20,7.745,3.498,51.216,33.727,0,1809096,440172,178288,5495696,5238.488,539.638,0,15541.580,0,1020.316,7434,13590,3.430,2.300,1.270,0,1,26.982,0,0,11,38,1,8,0
18-02 19:36:21,7.499,2.750,49.745,36.246,0,1806932,441208,178300,5496784,7313.212,539.942,0,11398.772,0,808.913,6650,12077,3.430,2.300,1.270,0,1,32.996,0,0,11,38,1,8,0
18-02 19:36:22,7.993,2.997,53.202,33.220,0,1805632,441172,178320,5498068,6749.854,539.509,0,9303.529,0,715.349,5585,9588,3.430,2.300,1.270,0,2,38.965,0,0,11,38,1,8,0
18-02 19:36:23,7.253,3.251,52.018,35.012,0,1803788,442040,178336,5499000,3746.295,486.168,0,13884.799,0,934.323,5192,9449,3.480,2.330,1.280,0,1,21.007,0,0,11,38,1,8,0
18-02 19:36:24,6.750,3.250,50.750,36.000,0,1802640,442076,178344,5500044,4235.965,539.996,0,15547.873,0,996.992,6616,12044,3.480,2.330,1.280,0,1,18.000,0,0,11,38,1,8,0
18-02 19:36:25,5.757,3.254,51.816,36.546,0,1801428,442400,178348,5500888,7667.721,540.685,0,11142.126,0,766.972,4972,8900,3.480,2.330,1.280,0,2,13.017,0,0,11,38,1,8,0
18-02 19:36:26,6.493,2.747,47.950,40.458,0,1800688,442476,178348,5501524,5535.260,539.441,0,11575.997,0,765.207,4646,8359,3.480,2.330,1.280,0,2,8.991,0,0,11,38,1,8,0
18-02 19:36:27,6.250,3.000,58.752,29.251,0,1799756,442200,178348,5502684,8857.339,540.021,0,7520.288,0,610.023,5188,9024,3.480,2.330,1.280,0,4,21.001,0,0,11,38,1,8,0
18-02 19:36:28,5.498,3.499,54.232,33.739,0,1799736,441592,178356,5503276,5632.144,539.822,0,13815.448,0,900.703,5152,9384,3.440,2.340,1.290,1,2,11.996,0,0,11,38,0,8,0
18-02 19:36:29,5.001,2.751,52.760,36.257,0,1798916,441652,178356,5504016,7346.416,540.104,0,13478.599,0,844.163,4752,8433,3.440,2.340,1.290,0,2,12.002,0,0,11,38,0,8,0
18-02 19:36:30,7.001,2.750,48.508,39.006,0,1799056,440808,178356,5504700,6766.089,528.085,0,11073.783,0,789.127,5328,9428,3.440,2.340,1.290,0,1,18.003,0,0,11,38,0,8,0
18-02 19:36:31,5.999,3.000,52.243,34.745,0,1798060,440920,178356,5505536,6427.083,539.923,0,12634.196,0,912.870,6630,12302,3.440,2.340,1.290,0,2,14.998,0,0,11,38,0,8,0
18-02 19:36:32,18.240,6.497,37.480,36.231,0,1662504,575840,178360,5506140,5436.093,539.711,0,14352.326,0,957.488,7576,12390,3.440,2.340,1.290,3,2,86.954,0,0,11,36,0,8,0
18-02 19:36:33,28.510,5.502,31.761,32.511,0,1735136,502256,178372,5507056,9238.204,540.187,0,12872.464,0,820.284,6272,9601,3.560,2.380,1.310,1,1,22.008,0,0,11,36,0,8,0
18-02 19:36:34,29.815,4.510,32.571,31.569,0,1778776,456392,178380,5509212,8413.412,541.184,0,13172.828,0,878.923,7099,11635,3.560,2.380,1.310,3,0,38.083,0,0,11,38,0,8,0
18-02 19:36:35,12.970,6.485,47.891,30.181,0,1713160,520772,178400,5510388,10226.704,538.773,0,11833.045,0,824.123,6559,10880,3.560,2.380,1.310,0,3,96.780,0,0,11,36,0,8,0
18-02 19:36:36,6.003,2.251,51.529,37.271,0,1704128,528612,178404,5511544,5281.945,540.301,0,8600.795,0,639.356,4631,8144,3.560,2.380,1.310,0,2,18.010,0,0,11,36,0,8,0
18-02 19:36:37,3.750,2.250,52.497,38.248,0,1695448,536432,178412,5512368,8997.427,539.966,0,11667.258,0,668.957,4046,7324,3.560,2.380,1.310,4,2,11.999,0,0,11,36,0,8,0
18-02 19:36:38,6.258,3.505,50.819,37.551,0,1688000,543232,178424,5512988,6167.369,486.660,0,12176.524,0,828.124,5282,9635,3.520,2.390,1.320,0,2,24.033,0,0,11,36,0,8,0
18-02 19:36:39,5.243,2.746,48.933,39.446,0,1680792,549224,178440,5514160,4096.417,539.265,0,12966.330,0,886.792,5103,9173,3.520,2.390,1.320,0,3,17.976,0,0,11,36,0,8,0
18-02 19:36:40,5.753,3.502,55.775,33.015,0,1674740,554148,178452,5515244,7907.530,634.283,0,8835.945,0,667.298,4749,8467,3.520,2.390,1.320,0,1,6.003,0,0,11,36,0,8,0
18-02 19:36:41,4.748,3.249,47.734,41.486,0,1669028,558588,178464,5516472,6454.876,539.822,0,14619.190,0,914.699,5464,10383,3.520,2.390,1.320,0,4,5.998,0,0,11,36,0,8,0
18-02 19:36:42,4.748,2.749,51.483,37.737,0,1664412,562512,178472,5517140,4566.455,539.817,0,13471.443,0,821.722,5899,10965,3.520,2.390,1.320,0,3,14.995,0,0,11,36,0,8,0
18-02 19:36:43,7.000,2.750,53.499,34.249,0,1660268,565464,178484,5518272,7386.819,539.987,0,5991.853,0,522.987,4651,7809,3.400,2.390,1.330,1,1,26.999,0,0,11,36,0,8,0
18-02 19:36:44,6.751,3.000,58.758,28.254,0,1656784,568236,178488,5518960,3175.409,540.070,0,12173.567,0,856.110,5734,10580,3.400,2.390,1.330,1,1,18.002,0,0,11,36,0,8,0
18-02 19:36:45,4.248,2.499,58.476,31.487,0,1655484,569344,178500,5519128,8600.478,539.779,0,10719.610,0,764.687,4533,8078,3.400,2.390,1.330,5,1,1.000,0,0,11,36,0,8,0
18-02 19:36:46,11.523,3.507,50.601,32.565,0,1659060,563936,178504,5520884,7329.676,486.975,0,12220.468,0,807.617,5403,9385,3.400,2.390,1.330,0,1,0,0,0,11,36,0,8,0
18-02 19:36:47,4.753,2.752,52.285,37.775,0,1657840,564108,178508,5521884,5868.935,540.362,0,11779.899,0,705.473,4739,8630,3.400,2.390,1.330,1,1,0,0,0,11,36,0,8,0
18-02 19:36:48,5.737,3.243,48.893,39.414,0.249,1655432,565156,178516,5523152,7480.659,538.823,0,14532.255,0,872.095,4785,8710,3.370,2.400,1.330,0,3,0,0,0,11,36,0,8,0
18-02 19:36:49,5.499,2.750,52.493,36.495,0,1653816,564924,178524,5524944,9743.782,539.933,0,9926.760,0,658.918,4717,8335,3.370,2.400,1.330,0,3,0,0,0,11,36,0,8,0
18-02 19:36:50,4.251,2.750,42.756,46.256,0,1652364,565212,178524,5526040,4206.580,540.074,0,13937.921,0,832.115,5211,9634,3.370,2.400,1.330,0,1,0,0,0,11,36,0,8,0
18-02 19:36:51,3.998,2.998,57.215,32.730,0,1651144,564724,178528,5527652,7742.213,539.666,0,7699.239,0,573.645,4256,7642,3.370,2.400,1.330,0,1,0,0,0,11,36,0,8,0
18-02 19:36:52,5.501,3.000,51.757,37.505,0,1650892,563776,178528,5528820,4769.629,540.071,0,13153.734,0,798.105,4773,8829,3.370,2.400,1.330,0,1,0,0,0,11,36,0,8,0
18-02 19:36:53,4.000,2.500,52.004,38.253,0,1651288,562264,178536,5529896,7038.479,486.033,0,11520.784,0,723.049,4342,8019,3.420,2.420,1.350,0,2,0,0,0,11,36,0,8,0
18-02 19:36:54,5.001,3.250,52.007,37.255,0,1650872,561004,178540,5531512,6470.844,540.070,0,11617.515,0,730.095,5184,9269,3.420,2.420,1.350,0,2,0,0,0,11,36,0,8,0
18-02 19:36:55,5.500,3.500,52.753,35.502,0,1651536,558736,178540,5533064,3471.195,540.030,0,12220.686,0,816.046,5443,10080,3.420,2.420,1.350,3,1,1.000,0,0,11,36,0,8,0
18-02 19:36:56,5.000,3.000,50.753,37.002,0,1652048,557224,178544,5533960,7245.437,540.033,0,12528.756,0,812.049,5147,9188,3.420,2.420,1.350,0,2,12.001,0,0,11,36,0,8,0
18-02 19:36:57,6.251,2.500,51.008,38.006,0,1653060,555712,178552,5534436,8534.339,540.085,0,9261.453,0,676.106,4670,8171,3.420,2.420,1.350,2,1,3.000,0,0,11,36,0,8,0
18-02 19:36:58,3.497,2.748,59.705,29.727,0,1653356,554956,178556,5534868,8755.350,539.590,0,11823.020,0,864.343,4967,9108,3.300,2.410,1.350,2,1,8.993,0,0,11,36,0,8,0
18-02 19:36:59,4.003,3.002,54.539,35.776,0,1653276,554704,178560,5535192,7304.290,540.391,0,11300.183,0,763.553,4656,8336,3.300,2.410,1.350,0,1,6.004,0,0,11,36,0,8,0
18-02 19:37:00,5.000,2.500,55.747,32.748,0,1652928,554704,178560,5535528,7096.622,539.971,0,10015.466,0,785.958,5219,9244,3.300,2.410,1.350,0,1,11.999,0,0,11,36,0,8,0
18-02 19:37:01,4.499,3.000,64.243,26.497,0,1653448,554200,178568,5535504,7454.162,485.945,0,11506.706,0,768.914,4671,8413,3.300,2.410,1.350,0,2,11.999,0,0,11,36,0,8,0
18-02 19:37:02,5.747,3.248,57.965,30.481,0,1654024,553444,178576,5535668,5233.818,539.672,0,12188.590,0,858.478,5116,9157,3.300,2.410,1.350,1,1,11.993,0,0,11,36,0,8,0
18-02 19:37:03,6.506,3.503,49.292,37.782,0,1656212,550168,178576,5536700,7469.362,540.460,0,15088.852,0,986.841,6519,11968,3.280,2.420,1.360,0,0,12.010,0,0,11,36,0,8,0
18-02 19:37:04,7.998,1.750,62.232,24.243,0,1656504,549160,178576,5537404,10510.011,539.846,0,4602.691,0,416.881,4260,7328,3.280,2.420,1.360,0,1,11.997,0,0,11,36,0,7,0
18-02 19:37:05,6.501,3.501,58.010,30.755,0,1656432,548908,178576,5537712,9624.677,540.094,0,14166.468,0,919.160,5694,10333,3.280,2.420,1.360,1,1,16.003,0,0,11,36,0,7,0
18-02 19:37:06,8.248,3.249,53.738,32.243,0,1656512,548152,178580,5538364,7791.312,539.883,0,11597.487,0,911.802,5905,10513,3.280,2.420,1.360,0,2,17.996,0,0,11,36,0,7,0
18-02 19:37:07,3.999,2.499,52.233,37.987,0,1656168,547900,178580,5538948,7085.650,539.821,0,12567.832,0,846.719,4673,8339,3.280,2.420,1.360,0,1,14.995,0,0,11,36,0,7,0
18-02 19:37:08,26.573,9.025,45.625,17.548,0,1354480,849844,178584,5538688,7789.413,487.340,0,6935.064,0,431.185,5048,5637,3.260,2.430,1.370,1,0,216.595,0,0,11,32,0,1,0
18-02 19:37:09,21.719,4.494,64.659,8.488,0,1428800,775524,178584,5538684,6938.218,539.240,0,1457.944,0,85.879,2358,2077,3.260,2.430,1.370,1,0,33.952,0,0,11,32,0,1,0
18-02 19:37:10,23.236,2.998,66.960,5.747,0,1499608,704712,178584,5538688,3326.023,539.679,0,2822.322,0,162.903,2325,2197,3.260,2.430,1.370,1,0,1.999,0,0,11,38,0,1,0
18-02 19:37:11,22.255,3.751,73.018,0.250,0,1462000,742312,178584,5538696,3446.838,540.131,0,108.026,0,9.002,2199,1602,3.260,2.430,1.370,1,0,27.007,0,0,11,32,0,1,0
18-02 19:37:12,22.237,2.998,71.457,2.499,0,1528024,676288,178584,5538696,8353.031,539.679,0,39.976,0,3.998,1819,1220,3.260,2.430,1.370,1,0,0.999,0,0,11,32,0,1,0
18-02 19:37:13,20.319,11.790,65.221,1.505,0,1481388,722912,178588,5538704,10293.942,541.839,0,1035.515,0,98.334,4155,3846,3.080,2.410,1.370,2,0,321.090,0,0,11,32,0,1,0
18-02 19:37:14,12.241,33.226,52.961,1.249,0,1478804,725420,178588,5538776,8961.448,539.605,0,363.734,0,29.978,7933,7526,3.080,2.410,1.370,1,0,1091.202,0,0,11,32,0,1,0
18-02 19:37:15,7.750,20.999,66.498,3.000,0,1462944,741204,178588,5538852,7260.745,539.981,0,223.992,0,17.999,6181,4741,3.080,2.410,1.370,1,0,498.982,0,0,11,32,0,1,0
18-02 19:37:16,8.744,20.236,69.453,0,0,1454592,749536,178588,5538892,8487.200,485.668,0,23.984,0,5.996,5940,4573,3.080,2.410,1.370,1,0,411.719,0,0,11,32,0,1,0
18-02 19:37:17,16.003,17.503,65.512,0,0,1436640,767448,178588,5539256,5295.976,540.099,0,24.004,0,6.001,7457,9154,3.080,2.410,1.370,1,0,332.061,0,0,11,32,0,1,0
18-02 19:37:18,44.162,11.228,41.418,2.495,0,1485828,718100,178596,5539520,4350.370,538.931,0,1389.244,0,191.620,4032,11397,2.910,2.390,1.370,2,0,166.669,0,0,11,33,0,2,0
18-02 19:37:19,43.623,6.769,48.888,0,0,1584356,619440,178596,5539648,9597.145,541.532,0,0,0,0,2993,1901,2.910,2.390,1.370,2,0,9.026,0,0,11,45,0,2,0
18-02 19:37:20,43.131,4.488,47.369,4.238,0,1661348,540796,178664,5541000,7477.377,538.515,103.714,1667.401,0.997,151.582,3437,2552,2.910,2.390,1.370,3,0,9.972,0,0,11,49,0,1,0
18-02 19:37:21,22.538,17.279,55.845,3.256,0,1669564,529516,178668,5544172,3810.500,540.923,0,1161.982,0,169.289,8774,13480,2.910,2.390,1.370,2,2,406.694,0,0,11,48,0,2,0
18-02 19:37:22,11.730,7.238,70.382,9.983,0.250,1659496,539588,178668,5543832,8579.666,539.099,0,3258.556,0,133.777,3607,4673,2.910,2.390,1.370,0,0,91.847,0,0,11,48,0,2,0
18-02 19:37:23,0.500,0.500,95.731,1.750,0,1659496,539588,178668,5543832,4940.012,539.892,0,715.857,0,90.982,1019,1496,2.680,2.350,1.360,0,0,2.999,0,0,11,48,0,2,0
18-02 19:37:24,0.500,0.750,97.988,0.250,0,1658204,540880,178668,5543832,9332.856,485.940,0,119.985,0,11.999,793,1036,2.680,2.350,1.360,1,0,3.000,0,0,11,48,0,2,0
18-02 19:37:25,0.500,0.500,98.243,0,0,1655156,543928,178668,5543832,5849.611,539.964,0,0,0,0,740,1051,2.680,2.350,1.360,0,0,2.000,0,0,11,48,0,2,0
18-02 19:37:26,2.751,3.251,93.020,0,0,1635144,563964,178668,5543816,3474.729,540.113,0,0,0,0,1667,1755,2.680,2.350,1.360,0,0,51.011,0,0,11,48,0,2,0
18-02 19:37:27,18.522,14.267,66.580,0,0,1662620,536340,178668,5543964,7198.619,540.647,0,4.005,0,1.001,5185,7432,2.680,2.350,1.360,1,0,288.345,0,0,11,48,0,2,0
18-02 19:37:28,12.253,17.754,69.266,0,0,1688652,510224,178668,5544360,7093.639,778.180,0,4.001,0,1.000,6217,6012,2.540,2.320,1.360,1,0,412.095,0,0,12,48,0,2,0
18-02 19:37:29,16.277,11.519,69.866,0.250,0,1678880,519908,178668,5544088,4989.274,540.897,0,168.279,0,12.020,5776,7774,2.540,2.320,1.360,1,0,215.357,0,0,12,52,0,2,0
18-02 19:37:30,6.227,8.718,81.951,2.242,0,1684792,513932,178668,5544160,8010.808,579.887,0,342.751,0,30.887,3162,3223,2.540,2.320,1.360,1,0,195.288,0,0,14,64,0,2,0
18-02 19:37:31,18.058,12.540,68.468,0,0,1669616,529048,178668,5544196,7611.260,487.554,0,32.102,0,4.013,6859,9288,2.540,2.320,1.360,1,0,245.783,0,0,14,66,0,3,0
18-02 19:37:32,8.752,20.505,69.519,0,0,1661480,537136,178668,5544248,6713.791,540.144,0,856.228,0,7.002,5930,4534,2.540,2.320,1.360,2,0,418.112,0,0,14,66,0,3,0
18-02 19:37:33,14.495,17.744,66.728,0,0,1662288,536276,178668,5544608,5852.059,581.807,0,47.984,0,11.996,6547,7564,2.420,2.300,1.360,2,0,326.892,0,0,14,66,0,3,0
18-02 19:37:34,26.491,20.493,51.732,0,0,1725624,472928,178676,5544296,6456.800,581.802,0,199.932,0,5.998,6459,6342,2.420,2.300,1.360,3,0,498.830,0,0,14,66,0,3,0
18-02 19:37:35,30.028,24.523,43.791,0.751,0,1837560,359544,178740,5545576,9265.630,540.503,20.019,412.384,2.002,10.009,7948,9814,2.420,2.300,1.360,2,0,699.652,0,0,14,66,0,3,0
18-02 19:37:36,32.391,23.172,43.603,0,0,1951776,245004,178756,5546292,7858.533,538.187,0,39.866,0,9.966,6741,6718,2.420,2.300,1.360,2,0,470.416,0,0,14,70,0,5,0
18-02 19:37:37,58.487,20.996,20.246,0,0,2039588,156976,178768,5546480,7878.312,539.884,0,15.997,0,3.999,5220,6751,2.420,2.300,1.360,5,0,404.913,0,0,14,70,0,5,0
18-02 19:37:38,59.294,21.266,18.013,0.751,0,2140884,140272,172228,5470368,5897.340,630.464,120.088,52.038,14.010,8.006,6904,8709,2.540,2.330,1.370,3,0,379.279,0,0,14,70,0,5,0
18-02 19:37:39,67.403,24.305,6.264,2.506,0,2252884,168444,169552,5335992,8327.935,487.108,4814.948,2770.299,206.469,108.246,6214,6058,2.540,2.330,1.370,5,0,532.210,0,0,14,70,0,5,0
18-02 19:37:40,74.533,16.757,2.751,4.752,0,2442140,134532,170900,5182508,7958.506,634.279,2849.255,2289.008,157.069,36.016,7667,8955,2.540,2.330,1.370,4,2,242.107,0,0,14,74,0,5,0
18-02 19:37:41,56.313,23.422,5.731,13.705,0,2571356,157352,170228,5034792,14595.625,538.216,3.987,7112.427,0.997,471.437,8953,11891,2.540,2.330,1.370,6,0,542.203,0,0,14,76,0,5,0
18-02 19:37:42,52.848,18.284,12.022,16.280,0,2637916,143332,170104,4983568,3358.216,541.001,1618.997,14045.999,57.106,274.508,9869,15282,2.540,2.330,1.370,4,1,274.508,0,0,14,79,0,5,0
18-02 19:37:43,55.378,6.735,25.943,11.225,0,2744928,178564,170204,4844740,9099.942,538.812,31.930,7770.871,2.993,285.371,7535,10456,2.660,2.360,1.380,3,0,0.998,0,0,14,79,0,5,0
18-02 19:37:44,74.012,17.003,7.251,1.250,0,2868764,120540,170216,4780084,7194.125,540.084,84.013,5776.904,10.002,297.046,10952,15161,2.660,2.360,1.380,3,4,349.055,0,0,14,86,0,11,0
18-02 19:37:45,32.544,23.031,41.556,2.253,0,2916480,139420,170216,4715364,7355.863,540.725,797.069,1778.384,40.054,93.125,9127,14190,2.660,2.360,1.380,2,0,536.720,0,0,14,93,0,15,0
18-02 19:37:46,31.236,13.494,51.477,2.749,0,2956076,166388,170220,4649924,6257.187,539.757,411.815,1127.493,9.996,54.975,5686,7109,2.660,2.360,1.380,2,0,221.900,0,0,14,94,0,15,0
18-02 19:37:47,41.188,6.241,30.953,20.719,0,3054736,134348,170244,4584800,9028.304,485.264,107.836,8762.707,5.991,290.559,3683,3162,2.660,2.360,1.380,0,1,2.995,0,0,14,98,0,15,0
18-02 19:37:48,9.539,18.576,62.755,8.535,0,3057504,198920,170248,4518904,8086.903,542.206,0,4976.247,0,274.115,6393,5858,2.530,2.340,1.380,1,0,360.467,0,0,14,97,0,16,0
18-02 19:37:49,8.745,18.989,70.458,0.750,0,3072724,183592,170320,4518940,4789.138,629.624,67.959,207.876,5.996,11.993,5834,4505,2.530,2.340,1.380,1,0,388.768,0,0,14,97,0,16,0
18-02 19:37:50,13.209,13.956,61.059,9.720,0,3103932,151404,170320,4519924,3490.099,538.319,1004.861,10563.006,32.897,606.107,4695,3416,2.530,2.340,1.380,1,0,239.253,0,0,14,97,0,16,0
18-02 19:37:51,18.255,3.001,77.269,1.250,0,3134592,186704,170320,4455684,13514.355,6254.553,72.018,4.001,5.001,1.000,1908,1579,2.530,2.340,1.380,1,0,0,0,0,14,98,0,16,0
18-02 19:37:52,19.000,6.250,72.999,0.750,0,3095248,226084,170324,4455720,22905.806,17429.852,12.000,291.998,3.000,23.000,3246,2973,2.530,2.340,1.380,1,0,62.999,0,0,14,99,0,17,0
18-02 19:37:53,18.253,2.250,77.512,0.250,0,3139836,181492,170324,4455724,13025.064,6192.981,0,124.020,0,12.002,2073,1941,2.410,2.310,1.380,1,0,0,0,0,14,100,0,17,0
18-02 19:37:54,20.793,4.509,61.126,13.027,0,3144316,176480,170336,4456248,7853.153,1364.807,0,3118.414,0,329.678,4084,5161,2.410,2.310,1.380,2,0,2.004,0,0,14,106,0,17,0
18-02 19:37:55,21.696,4.489,61.847,9.726,0,3148340,170512,170340,4458188,6877.989,538.668,1564.132,2106.789,69.827,229.433,6264,9410,2.410,2.310,1.380,0,1,5.985,0,0,14,113,0,17,0
18-02 19:37:56,20.556,7.019,66.932,4.763,0,3141864,176932,170344,4458224,8013.830,1675.564,0,1086.961,0,86.235,4077,4309,2.410,2.310,1.380,1,0,111.303,0,0,14,112,0,19,0
18-02 19:37:57,18.993,2.249,75.721,2.499,0,3192008,126784,170344,4458228,10599.908,6314.562,51.980,855.670,3.998,51.980,2095,1971,2.410,2.310,1.380,2,0,0,0,0,14,113,0,19,0
18-02 19:37:58,20.703,2.494,72.836,1.746,0,3187384,130872,170344,4458764,10850.585,3061.112,0,702.419,0,55.874,2967,5347,2.290,2.290,1.380,0,0,1.996,0,0,14,117,0,19,0
18-02 19:37:59,29.316,8.519,58.883,2.756,0,3139012,179036,170352,4458932,9224.880,1968.456,0,1635.702,0,163.370,5812,7514,2.290,2.290,1.380,2,0,96.218,0,0,14,118,0,20,0
18-02 19:38:00,41.164,8.482,48.399,1.247,0,3265400,118872,170352,4394684,5163.247,2500.792,0,866.196,0,61.871,3220,2213,2.290,2.290,1.380,1,0,5.988,0,0,14,119,0,20,0
18-02 19:38:01,23.002,6.250,69.505,0.250,0,3289272,157516,170352,4333264,28885.938,21112.416,0,596.040,0,30.002,2808,2140,2.290,2.290,1.380,1,0,55.004,0,0,14,118,0,21,0
18-02 19:38:02,19.494,1.999,75.476,2.249,0,3327136,183456,170352,4271064,10977.571,6251.047,0,567.823,0,29.991,1838,1451,2.290,2.290,1.380,1,0,0,0,0,14,119,0,21,0
18-02 19:38:03,19.810,7.021,72.471,0,0,3298796,211780,170352,4271080,24842.751,17362.943,0,477.456,0,30.092,2601,1961,2.270,2.290,1.380,1,0,57.174,0,0,14,118,0,22,0
18-02 19:38:04,16.430,2.240,79.908,0.747,0,3317404,193160,170352,4271092,13993.061,6982.093,7.966,131.437,1.991,12.945,1711,1396,2.270,2.290,1.380,3,0,0,0,0,14,120,0,22,2
18-02 19:38:05,17.535,8.517,67.383,5.260,0,3318704,191804,170352,4271148,7261.316,1691.335,4.008,1623.200,1.002,141.279,4071,4715,2.270,2.290,1.380,1,0,84.166,0,0,14,118,0,23,2
18-02 19:38:06,18.244,2.249,76.226,1.749,0,3361424,149080,170352,4271152,13250.866,6251.050,0,451.859,0,36.988,1990,1772,2.270,2.290,1.380,1,0,0,0,0,14,119,0,23,2
18-02 19:38:07,19.257,6.002,74.275,0.500,0,3339188,171292,170352,4271176,22225.583,17435.949,0,296.101,0,18.006,2554,1925,2.270,2.290,1.380,1,0,55.019,0,0,14,118,0,24,2
18-02 19:38:08,18.491,2.249,78.460,0,0,3377588,132888,170352,4271180,9881.004,6249.840,0,11.994,0,0.999,1730,1311,2.170,2.260,1.380,1,0,0,0,0,14,119,0,24,2
18-02 19:38:09,19.559,3.260,68.207,6.771,0,3365196,144964,170352,4271496,8595.033,1483.493,64.194,1745.286,4.012,241.732,5620,8564,2.170,2.260,1.380,2,0,2.006,0,0,14,122,0,24,2
18-02 19:38:10,22.678,6.978,57.318,11.464,0,3350556,159572,170352,4271528,7684.661,1774.380,0,6850.304,0,411.696,5242,7481,2.170,2.260,1.380,2,0,52.833,0,0,14,121,0,26,2
18-02 19:38:11,18.249,2.250,76.748,1.750,0,3355460,154656,170352,4271540,13311.580,6739.787,0,3387.893,0,304.990,2112,1609,2.170,2.260,1.380,0,0,0,0,0,14,122,0,26,2
18-02 19:38:12,19.537,2.755,72.639,3.256,0,3350288,159784,170352,4271584,10708.462,4326.267,0,1494.856,0,142.272,4269,5691,2.170,2.260,1.380,1,0,0,0,0,14,122,0,26,2
18-02 19:38:13,28.302,6.261,58.607,5.761,0,3315188,194824,170352,4271644,7876.383,1450.649,0,1618.956,0,126.231,6669,9732,2.070,2.240,1.380,3,0,29.053,0,0,14,123,0,27,2
18-02 19:38:14,22.169,4.484,69.745,2.242,0,3345464,164532,170352,4271660,9735.382,1222.527,0,669.550,0,54.800,2752,2861,2.070,2.240,1.380,0,0,41.847,0,0,14,124,0,27,2
18-02 19:38:15,14.998,3.250,76.492,4.250,0,3344236,165744,170352,4271676,17944.124,9408.016,0,1051.890,0,107.989,3529,4515,2.070,2.240,1.380,2,0,3.000,0,0,14,125,0,27,3
18-02 19:38:16,18.750,9.000,70.248,0.500,0,3321064,188880,170352,4271712,7531.813,605.985,0,647.984,0,40.999,3274,2801,2.070,2.240,1.380,2,0,146.996,0,0,14,125,0,28,2
18-02 19:38:17,16.753,1.500,79.514,1.500,0,3337780,172024,170352,4271852,16492.953,11112.990,0,532.095,0,35.006,2102,1911,2.070,2.240,1.380,1,0,0,0,0,14,126,0,28,2
18-02 19:38:18,26.501,6.750,59.752,6.250,0,3346208,163512,170352,4271936,8090.337,1403.058,24.001,3272.136,2.000,148.006,7418,18827,1.990,2.220,1.370,1,0,37.002,0,0,14,128,0,29,2
18-02 19:38:19,31.038,7.259,56.820,3.254,0,3289012,220520,170352,4272060,7734.541,2172.680,32.040,1181.457,2.002,96.119,8522,12879,1.990,2.220,1.370,2,0,19.023,0,0,14,127,0,30,2
18-02 19:38:20,28.727,11.990,55.955,2.998,0,3345272,164156,170352,4272148,4057.750,953.236,15.987,1378.896,0.999,109.912,6783,9086,1.990,2.220,1.370,1,0,269.784,0,0,14,127,0,30,2
18-02 19:38:21,18.490,1.999,74.959,3.748,0,3364372,145044,170352,4272160,10601.238,8034.633,0,2354.720,0,271.852,2092,1651,1.990,2.220,1.370,1,0,0,0,0,14,127,0,31,2
18-02 19:38:22,10.526,19.548,68.668,0.501,0,3312912,196316,170352,4272332,9630.574,631.546,0,621.521,0,38.093,6013,4808,1.990,2.220,1.370,1,0,409.001,0,0,14,127,0,29,2
18-02 19:38:23,16.507,16.757,65.028,0.750,0,3298960,210236,170352,4272804,5283.281,540.233,0,652.282,0,41.018,7294,9092,1.990,2.220,1.380,1,0,362.156,0,0,14,127,0,29,2
18-02 19:38:24,28.757,21.005,48.011,0.750,0,3329792,179344,170352,4272412,6511.543,540.128,0,588.139,0,34.008,6359,5617,1.990,2.220,1.380,3,0,496.118,0,0,14,127,0,29,2
18-02 19:38:25,31.968,19.730,46.204,2.498,0,3384120,124576,170368,4273156,8757.311,651.354,91.909,1662.351,6.993,132.868,8056,11283,1.990,2.220,1.380,1,0,395.607,0,0,14,133,0,29,2
18-02 19:38:26,46.728,19.491,32.485,0,0,3475784,155528,170368,4153744,7075.656,485.770,7.996,331.843,1.999,18.991,7256,11760,1.990,2.220,1.380,9,0,446.789,0,0,16,133,0,29,2
18-02 19:38:27,57.539,22.766,16.761,2.502,0,3615676,136556,170376,4035872,7211.923,540.369,28.019,4839.303,5.003,280.191,7775,9579,1.990,2.220,1.380,4,0,455.311,0,0,16,139,0,29,2
18-02 19:38:28,44.663,20.959,33.435,0.250,0,3710580,130860,170140,3947796,5046.127,538.946,23.953,810.414,0.998,34.932,9358,15021,2.070,2.230,1.390,6,0,456.108,0,0,16,155,0,29,2
18-02 19:38:29,30.569,23.804,43.599,1.253,0,3752444,186548,170148,3851020,4275.697,541.228,0,898.037,0,39.089,7702,6469,2.070,2.230,1.390,2,0,606.375,0,0,17,155,0,29,2
18-02 19:38:30,19.767,15.513,63.054,0.751,0,3785148,153828,170148,3851040,7620.540,630.541,0,508.436,0,30.026,6344,8906,2.070,2.230,1.390,2,0,291.250,0,0,17,155,0,29,2
18-02 19:38:31,30.999,23.999,44.998,0.500,0,3838704,146740,170148,3805308,8408.643,539.977,4.000,283.988,1.000,20.999,6935,5962,2.070,2.230,1.390,2,0,579.975,0,0,17,155,0,29,2
18-02 19:38:32,42.970,18.487,36.474,0.749,0,3951196,136736,170032,3705092,6740.266,539.621,131.907,687.517,1.999,50.964,8219,13162,2.070,2.230,1.390,2,0,318.776,0,0,17,167,0,29,2
18-02 19:38:33,29.773,25.020,42.783,1.751,0,4015888,151548,170032,3627404,7844.122,486.380,24.019,692.541,3.002,36.028,7613,7041,2.140,2.250,1.390,3,0,764.597,0,0,17,167,0,29,2
18-02 19:38:34,22.975,22.226,53.192,0.250,0,4075388,132524,170036,3587856,12151.815,609.339,7.991,435.527,1.998,30.966,8627,10153,2.140,2.250,1.390,1,0,536.418,0,0,17,173,0,28,2
18-02 19:38:35,19.768,16.515,62.555,0.500,0,4086120,157636,170040,3552804,7385.551,540.479,8.007,568.504,2.002,34.030,7148,9748,2.140,2.250,1.390,3,0,281.249,0,0,17,179,0,28,2
18-02 19:38:36,43.217,8.993,46.214,0.500,0,4234524,134232,170040,3430908,6405.068,539.585,0,5096.076,0,154.881,3913,2614,2.140,2.250,1.390,4,1,75.942,0,0,17,179,0,28,2
18-02 19:38:37,44.899,7.733,42.156,4.739,0,4336432,159836,170044,3305844,7844.424,538.793,115.741,550.766,13.969,45.897,3751,2779,2.140,2.250,1.390,2,0,5.987,0,0,17,181,0,28,2
18-02 19:38:38,29.064,19.042,47.855,3.758,0,4283356,212212,170044,3306544,5832.751,541.183,364.797,565.236,7.015,48.105,6533,6602,2.050,2.220,1.390,3,0,483.056,0,0,17,199,0,26,2
18-02 19:38:39,34.025,20.515,43.782,1.001,0,4310992,182804,170052,3308624,10816.949,6772.977,176.129,424.312,3.002,36.026,8341,11742,2.050,2.220,1.390,2,0,499.367,0,0,17,202,0,26,2
18-02 19:38:40,55.111,20.947,19.950,2.494,0,4395540,122844,170068,3284800,10086.614,3238.848,1903.210,402.986,28.927,27.930,7050,8306,2.050,2.220,1.390,7,0,296.254,0,0,17,206,0,27,2
18-02 19:38:41,59.159,11.280,16.545,12.534,0,4508096,119760,170080,3178056,12038.409,8307.365,1447.898,8057.692,28.076,632.703,4883,4156,2.050,2.220,1.390,4,1,29.078,0,0,17,211,0,27,2
18-02 19:38:42,49.132,10.475,18.705,20.700,0,4492284,182572,170124,3131336,11279.800,3633.239,5135.616,4189.896,321.225,360.132,6148,6393,2.050,2.220,1.390,3,0,25.937,0,0,17,222,0,28,2
18-02 19:38:43,48.822,16.274,31.046,2.754,0,4570000,162840,170164,3075784,11076.428,6262.288,52.077,5011.433,3.004,117.174,7100,8870,2.210,2.250,1.410,2,0,329.489,0,0,17,222,0,32,2
18-02 19:38:44,33.783,21.771,42.541,1.001,0,4540428,190712,170168,3077924,8836.524,5835.630,104.100,1241.197,6.006,85.082,9099,12626,2.210,2.250,1.410,3,0,461.445,0,0,17,223,0,33,2
18-02 19:38:45,49.983,21.493,23.992,3.999,0,4624168,146192,170172,3039072,14830.101,6250.935,3.999,9376.902,1.000,54.982,6821,7257,2.210,2.250,1.410,3,0,458.848,0,0,17,226,0,33,0
18-02 19:38:46,54.217,21.886,19.896,2.984,0,4612568,188724,170196,3009132,10344.067,5692.321,1205.714,835.643,46.756,48.746,8196,11189,2.210,2.250,1.410,3,0,370.070,0,0,17,225,0,24,0
18-02 19:38:47,60.518,23.102,13.811,1.758,0,4738564,137676,170204,2935300,9766.171,6280.764,140.622,1060.689,11.049,61.271,7988,12652,2.210,2.250,1.410,4,0,489.162,0,0,17,234,0,26,0
18-02 19:38:48,50.879,20.006,24.698,3.211,0,4718224,226276,170208,2868964,12579.410,5652.979,576.956,960.275,35.566,62.240,10341,15085,2.430,2.300,1.430,4,0,340.838,0,0,17,241,0,30,0
18-02 19:38:49,64.780,17.392,17.140,0.252,0,4902980,155332,170208,2757068,13123.282,6304.539,16.132,592.846,3.025,33.272,5756,5848,2.430,2.300,1.430,4,0,197.615,0,0,17,242,0,30,0
18-02 19:38:50,58.020,9.796,29.136,2.763,0,4917968,164780,170204,2733184,19635.478,12412.829,1261.879,1165.429,57.267,54.253,9233,19403,2.430,2.300,1.430,2,1,12.056,0,0,17,247,0,31,0
18-02 19:38:51,55.857,9.725,29.674,4.987,0,4998632,139840,169964,2678780,13465.500,8522.165,1659.748,690.232,59.847,68.824,5947,7652,2.430,2.300,1.430,3,0,14.962,0,0,17,252,0,35,0
18-02 19:38:52,45.051,25.779,27.281,1.752,0.250,4950608,183944,170224,2682320,8557.688,5753.513,4184.737,1744.975,67.076,89.101,7970,8722,2.430,2.300,1.430,5,0,540.612,0,0,17,253,0,36,0
18-02 19:38:53,51.451,22.978,21.729,2.747,0,4961664,172540,170224,2682972,13843.881,7635.764,1110.947,479.546,13.987,26.974,8283,11548,2.560,2.330,1.440,2,0,417.604,0,0,17,254,0,36,0
18-02 19:38:54,69.286,15.508,10.255,4.502,0,5020660,145012,170232,2651996,11799.053,4331.222,1500.770,1268.651,61.031,64.033,6067,5427,2.560,2.330,1.440,4,0,171.088,0,0,18,256,0,37,0
18-02 19:38:55,70.656,11.525,7.517,10.022,0,5160628,163960,170236,2496876,13230.220,6266.841,3259.198,577.275,173.383,27.060,5201,3628,2.560,2.330,1.440,9,0,16.035,0,0,18,257,0,36,0
18-02 19:38:56,71.000,13.000,9.500,5.500,0,5162220,194748,170264,2465468,10770.041,5791.022,1612.006,4132.016,59.000,353.001,6931,8637,2.560,2.330,1.440,4,0,93.000,0,0,18,262,0,39,0
18-02 19:38:57,43.291,11.445,36.822,6.966,0,5234944,154504,170272,2434048,14612.446,7254.971,800.137,9239.389,19.904,537.405,6042,6931,2.560,2.330,1.440,2,0,143.308,0,0,18,268,0,39,0
18-02 19:38:58,35.011,8.503,52.266,3.751,0,5226852,162480,170284,2434152,31261.711,9030.805,856.266,576.179,13.004,51.016,4575,4501,2.430,2.310,1.440,2,0,15.005,0,0,18,273,0,41,1
18-02 19:38:59,42.755,14.002,38.504,4.250,0,5225088,145912,170284,2452420,16545714.132,143012.412,3048.329,716.077,33.004,56.006,11307,7372,2.430,2.310,1.440,2,0,265.029,0,0,18,272,0,39,0
18-02 19:39:00,35.753,6.751,56.004,0.500,0,5231256,171940,170284,2421204,10958.825,7691.579,0,10592.798,0,72.005,3783,3615,2.430,2.310,1.440,1,0,6.000,0,0,18,272,0,40,0
18-02 19:39:01,37.489,4.998,54.733,1.500,0,5280208,122588,170284,2421608,21272.568,13406.947,239.927,611.815,13.996,50.985,4786,5798,2.430,2.310,1.440,1,1,2.999,0,0,18,283,0,42,0
18-02 19:39:02,14.247,5.249,61.239,17.747,0,5199396,235528,170284,2390936,415692.746,16394003.032,307.946,5942.953,16.997,313.945,5493,4644,2.430,2.310,1.440,1,2,38.993,0,0,18,283,0,44,0
18-02 19:39:03,2.250,1.750,89.497,5.250,0,5201440,233460,170284,2390944,9402.722,539.984,0,5895.825,0,739.978,2005,2008,2.400,2.300,1.440,0,0,6.000,0,0,18,283,0,41,0
18-02 19:39:04,1.000,1.250,96.513,0,0,5201672,233236,170284,2390944,7825.039,582.077,0,3112.413,0,19.003,1117,1609,2.400,2.300,1.440,0,0,0,0,0,18,283,0,41,0
18-02 19:39:05,21.524,3.754,69.829,3.504,0,5192716,225668,170296,2407424,16541841.616,120583.224,176.201,1317.499,9.010,91.104,11177,10865,2.400,2.300,1.440,1,0,3.003,0,0,18,287,0,44,0
18-02 19:39:06,11.487,17.980,68.673,0.499,0,5145624,272652,170296,2407532,10309.394,485.453,43.951,387.564,2.997,20.976,5909,5301,2.400,2.300,1.440,2,0,464.477,0,0,18,287,0,44,0
18-02 19:39:07,23.331,4.014,71.748,0.251,0,5189960,228312,170300,2407532,5495.978,541.871,0,413.428,0,32.111,2445,2038,2.400,2.300,1.440,2,0,14.049,0,0,18,287,0,43,0
18-02 19:39:08,8.506,19.513,69.796,0.750,0,5192780,225440,170300,2407584,3729.480,540.359,0,508.338,0,33.022,5994,5009,2.290,2.280,1.440,1,0,373.248,0,0,18,289,0,43,0
18-02 19:39:09,6.226,13.198,78.442,0.747,0,5183640,234540,170300,2407624,9650.145,537.890,3.984,5606.009,0.996,48.809,4783,4594,2.290,2.280,1.440,0,0,281.894,0,0,18,289,0,43,0
18-02 19:39:10,8.782,3.011,85.310,2.258,0,5202596,215584,170300,2407624,7917.780,584.123,0,11128.450,0,38.139,1669,1835,2.290,2.280,1.440,1,0,9.033,0,0,18,289,0,43,0
18-02 19:39:11,21.170,2.989,74.966,0,0,5212212,205960,170300,2407632,15122.786,6229.432,0,773.075,0,62.763,2288,1825,2.290,2.280,1.440,1,0,0,0,0,18,290,0,40,0
18-02 19:39:12,14.062,12.053,71.063,2.009,0,5139452,278512,170304,2407840,13782.726,3777.644,156.690,4319.029,12.053,22.097,4940,4476,2.290,2.280,1.440,4,0,175.774,0,0,18,293,0,41,0
18-02 19:39:13,11.746,16.245,70.728,0,0,5139744,277892,170304,2408136,11399.533,539.836,0,87.973,0,5.998,5533,4264,2.180,2.260,1.440,1,0,224.932,0,0,18,293,0,41,0
18-02 19:39:14,14.688,13.194,69.954,0.498,0,5167136,250412,170304,2408220,7827.911,483.954,3.983,334.586,0.996,26.886,4935,4208,2.180,2.260,1.440,1,0,201.150,0,0,18,293,0,41,0
18-02 19:39:15,24.004,4.001,70.012,1.000,0,5238048,179432,170304,2408288,4259.750,540.095,64.011,440.077,3.001,50.009,2801,2892,2.180,2.260,1.440,1,0,5.001,0,0,18,297,0,40,0
18-02 19:39:16,20.748,2.750,71.242,4.000,0,5282428,134640,170304,2408700,7657.165,539.941,403.956,363.960,12.999,34.996,2573,2587,2.180,2.260,1.440,1,0,4.000,0,0,18,301,0,40,0
18-02 19:39:17,23.090,3.012,71.278,1.506,0,5282132,134900,170304,2408736,7896.826,542.116,24.094,12191.591,4.016,32.125,2327,1963,2.180,2.260,1.440,1,0,5.020,0,0,18,297,0,40,0
18-02 19:39:18,26.381,7.218,64.958,0.996,0,5271880,169952,170304,2384952,4695.857,1983.071,179.193,175.211,8.960,6.969,3853,12357,2.090,2.240,1.430,1,0,38.825,0,0,18,300,0,41,0
18-02 19:39:19,19.764,4.753,73.051,1.251,0,5209480,232316,170304,2385140,14836.353,6242.356,4.003,284.198,1.001,29.020,2813,2692,2.090,2.240,1.430,1,0,17.012,0,0,18,299,0,40,0
18-02 19:39:20,23.997,2.000,71.492,0.500,0,5254452,187344,170304,2385140,6375.254,539.937,0,207.976,0,10.999,2044,1540,2.090,2.240,1.430,1,0,0,0,0,18,299,0,40,0
18-02 19:39:21,13.265,14.767,70.079,1.251,0,5246712,194856,170304,2385368,8924.055,540.609,396.447,488.550,6.007,23.026,5158,4285,2.090,2.240,1.430,1,0,282.318,0,0,18,299,0,40,0
18-02 19:39:22,15.483,13.236,69.174,1.249,0,5243832,197564,170440,2385404,4952.576,485.468,83.908,319.650,9.989,27.969,5008,4327,2.090,2.240,1.430,0,1,315.654,0,0,18,299,0,40,0
18-02 19:39:23,16.251,3.250,72.754,6.750,0,5247484,193712,170476,2385568,8940.513,2650.152,136.008,3068.176,5.000,407.023,2307,1853,2,2.210,1.430,1,0,18.001,0,0,18,300,0,38,0
18-02 19:39:24,23.248,2.750,71.742,1.000,0,5209536,225288,171112,2391240,8886.065,713.925,127.987,659.931,4.000,12.999,2288,1955,2,2.210,1.430,2,0,3.000,0,0,18,299,0,38,0
18-02 19:39:25,18.995,2.749,74.982,2.499,0,5209992,219056,171612,2396364,15737.251,3654.130,63.985,1351.678,2.999,32.992,2396,2250,2,2.210,1.430,1,0,17.996,0,0,18,299,0,38,0
18-02 19:39:26,21.284,5.509,71.365,0.250,0,5194564,233928,171652,2396860,7355.864,1814.927,4.006,484.782,1.002,20.032,10675,19734,2,2.210,1.430,0,0,13.021,0,0,18,300,0,38,0
18-02 19:39:27,19.234,5.246,71.941,1.749,0,5218172,209940,171696,2397196,10370.488,2277.131,39.967,387.682,5.995,10.991,10919,19291,2,2.210,1.430,1,0,12.989,0,0,18,300,0,38,0
18-02 19:39:28,20.231,4.496,71.933,2.747,0,5225276,212452,171816,2387428,5473.924,755.300,0,875.188,0,22.979,2471,2201,1.920,2.190,1.430,1,0,7.993,0,0,18,299,0,38,0
18-02 19:39:29,15.558,12.546,66.998,3.262,0,5213516,224404,171816,2387352,7673.427,487.807,48.178,819.034,2.007,40.149,5008,4935,1.920,2.190,1.430,1,0,270.000,0,0,18,299,0,38,0
18-02 19:39:30,20.681,1.993,75.746,0.498,0,5241936,195792,171816,2387544,11955.984,6232.141,0,259.133,0,22.923,2381,2161,1.920,2.190,1.430,2,0,0.997,0,0,18,300,0,38,0
18-02 19:39:31,17.751,8.250,72.754,0.500,0,5249684,188012,171816,2387576,8634.521,5094.308,20.001,180.011,2.000,9.001,3438,2959,1.920,2.190,1.430,1,0,116.007,0,0,18,299,0,41,0
18-02 19:39:32,20.333,2.761,76.312,0,0,5284676,152876,171816,2387720,15326.732,6278.699,0,56.230,0,3.012,2251,1955,1.920,2.190,1.430,1,0,0,0,0,18,300,0,41,0
18-02 19:39:33,20.178,6.228,69.252,2.242,0,5238732,198816,171816,2387724,9505.955,3438.684,0,2471.150,0,120.568,3258,3154,1.850,2.170,1.430,1,0,69.750,0,0,18,299,0,42,0
18-02 19:39:34,19.498,3.000,76.741,0,0,5239572,197964,171816,2387736,27619.791,13564.424,0,31.996,0,4.000,2496,2170,1.850,2.170,1.430,1,0,0,0,0,18,299,0,43,0
18-02 19:39:35,21.495,6.249,70.733,0.750,0,5229516,207920,171816,2387836,6993.366,539.874,79.981,127.970,4.999,10.997,2943,2591,1.850,2.170,1.430,1,0,56.987,0,0,18,299,0,43,0
18-02 19:39:36,17.999,4.000,76.745,0.250,0,5223768,213496,171816,2388008,18511.790,10706.300,27.998,363.976,2.000,13.999,2806,2481,1.850,2.170,1.430,1,0,33.998,0,0,18,299,0,46,0
18-02 19:39:37,20.996,3.499,74.235,0.250,0,5286096,151164,171816,2388012,9518.134,2505.509,0,175.966,0,9.998,2190,1839,1.850,2.170,1.430,0,0,0,0,0,18,300,0,46,0
18-02 19:39:38,17.581,5.777,75.095,0.251,0,5208404,228700,171816,2388168,14040.455,9514.679,0,345.586,0,32.148,4992,7009,1.780,2.150,1.420,1,0,48.221,0,0,18,301,0,47,0
18-02 19:39:39,24.138,4.479,69.925,0.747,0,5252660,184440,171816,2388172,5902.543,2494.397,0,374.259,0,34.838,2940,2877,1.780,2.150,1.420,0,0,0,0,0,18,302,0,47,0
18-02 19:39:40,20.842,4.520,71.817,1.507,0,5216328,220752,171816,2388192,16821.182,8928.374,0,377.666,0,35.155,3378,3262,1.780,2.150,1.420,1,0,32.142,0,0,18,301,0,50,0
18-02 19:39:41,19.417,2.738,74.931,1.245,0,5256372,180700,171816,2388200,11485.064,6226.470,0,310.676,0,19.915,2321,2180,1.780,2.150,1.420,1,0,0,0,0,18,302,0,50,0
18-02 19:39:42,13.783,7.518,76.181,1.504,0,5226040,211004,171816,2388228,14079.413,5739.621,0,1635.882,0,124.295,4063,4135,1.780,2.150,1.420,2,0,161.383,0,0,18,301,0,51,0
18-02 19:39:43,2.992,1.745,89.258,3.740,0,5224512,211336,172356,2388896,13195.269,3810.681,1124.954,355.039,251.319,14.959,1882,2397,1.720,2.140,1.420,0,0,18.949,0,0,18,303,0,51,0
18-02 19:39:44,6.268,7.271,80.482,4.764,0,5204268,231528,172356,2388948,25197.541,3431.880,0,2531.287,0,371.068,3609,3309,1.720,2.140,1.420,1,0,127.367,0,0,18,305,0,46,0
18-02 19:39:45,8.496,9.745,77.713,3.248,0,5210144,225284,172360,2389312,6913.706,1538.267,291.861,507.758,21.990,32.984,4420,4525,1.720,2.140,1.420,1,0,209.900,0,0,18,303,0,47,0
18-02 19:39:46,20.205,3.492,72.089,2.744,0,5231896,194028,172372,2398788,3638.872,538.796,814.181,291.349,102.770,15.964,2359,2183,1.720,2.140,1.420,1,0,5.987,0,0,18,303,0,47,0
18-02 19:39:47,15.496,1.999,78.229,2.999,0,5245248,173748,172372,2405596,13593.342,3882.955,867.766,1271.658,9.997,18.995,2054,2011,1.720,2.140,1.420,0,0,15.996,0,0,18,305,0,47,0
18-02 19:39:48,14.314,6.278,72.321,5.776,0,5230688,186312,172380,2407532,9456.987,1692.514,968.299,3447.305,16.071,113.504,3932,4074,1.740,2.130,1.420,1,0,84.375,0,0,18,303,0,43,0
18-02 19:39:49,18.179,10.459,69.479,0.249,0,5226868,190072,172380,2407592,6569.381,579.739,0,458.213,0,40.841,4436,4297,1.740,2.130,1.420,2,0,218.149,0,0,18,303,0,43,0
18-02 19:39:50,21.568,2.006,75.989,0.251,0,5238916,177976,172380,2407640,31425.834,23149.806,0,212.669,0,14.044,2341,2129,1.740,2.130,1.420,1,0,0,0,0,18,303,0,45,0
18-02 19:39:51,21.438,5.235,71.543,0,0,5231544,185336,172380,2407652,7078.515,538.442,0,3.988,0,0.997,2627,2151,1.740,2.130,1.420,1,0,46.864,0,0,18,303,0,45,0
18-02 19:39:52,17.245,1.999,75.979,3.749,0,5238784,177524,172380,2408224,18259.022,9337.454,431.882,387.894,25.993,31.991,2567,2555,1.740,2.130,1.420,1,0,0,0,0,18,303,0,36,0
18-02 19:39:53,21.760,4.502,72.283,0,0,5290136,145300,172380,2389796,7221.333,2000.924,0,0,0,0,2363,1980,1.680,2.110,1.420,0,0,14.006,0,0,18,304,0,36,0
18-02 19:39:54,15.021,2.754,72.601,8.762,0,5283152,150804,172380,2391276,12473.426,5637.877,1442.015,556.778,46.064,68.095,3449,4761,1.680,2.110,1.420,1,1,1.001,0,0,18,308,0,36,0
18-02 19:39:55,20.464,4.742,67.882,4.742,0,5272112,161004,172380,2392136,10268.113,1818.832,814.581,1034.198,46.918,107.812,4137,5119,1.680,2.110,1.420,1,0,6.988,0,0,18,307,0,37,0
18-02 19:39:56,19.031,2.754,77.125,0.250,0,5272592,160516,172380,2392144,12448.139,7391.959,0,396.642,0,22.036,2273,2205,1.680,2.110,1.420,0,0,0,0,0,18,308,0,34,0
18-02 19:39:57,18.800,5.765,71.191,3.008,0,5238464,194484,172380,2392304,9571.688,4537.177,112.301,1114.992,6.016,117.315,5196,6970,1.680,2.110,1.420,1,0,72.194,0,0,18,307,0,35,0
18-02 19:39:58,9.250,21.749,64.748,3.000,0,5234424,198492,172380,2392336,8210.789,539.986,0,695.982,0,38.999,7090,6666,1.620,2.100,1.420,1,0,659.983,0,0,18,307,0,35,0
18-02 19:39:59,9.251,22.252,66.006,1.000,0,5219088,213780,172380,2392384,7367.637,540.047,0,904.078,0,72.006,7811,7827,1.620,2.100,1.420,1,0,728.063,0,0,18,307,0,35,0
18-02 19:40:00,7.743,22.231,62.697,5.995,0,5207964,224876,172380,2392412,9342.062,485.587,0,2409.952,0,344.707,7575,7095,1.620,2.100,1.420,2,0,652.446,0,0,18,307,0,31,0
18-02 19:40:01,8.497,21.741,67.473,0.750,0,5205504,227296,172380,2392452,6429.452,539.786,0,483.808,0,38.985,7277,6695,1.620,2.100,1.420,3,0,676.732,0,0,18,307,0,31,0
18-02 19:40:02,9.004,21.259,65.527,2.001,0,5199064,233696,172380,2392492,4203.728,540.222,0,2180.897,0,129.053,7440,7206,1.620,2.100,1.420,4,0,684.281,0,0,18,307,0,31,0
18-02 19:40:03,13.452,15.694,69.500,0.747,0,5205000,262924,172380,2359508,8713.662,538.065,3.986,2048.632,0.996,39.857,5633,5083,1.490,2.060,1.410,1,0,367.678,0,0,18,307,0,31,0
18-02 19:40:04,21.251,5.000,69.003,3.000,0,5195568,339592,172416,2301836,7413.298,540.022,0,2840.114,0,10.000,2331,2039,1.490,2.060,1.410,2,0,4.000,0,0,18,307,0,27,0
18-02 19:40:05,16.747,1.750,78.487,2.000,0,5201532,332032,172452,2303396,14701.567,5816.038,131.978,695.885,17.997,11.998,2119,2015,1.490,2.060,1.410,1,0,16.997,0,0,18,308,0,27,0
18-02 19:40:06,14.740,1.499,77.198,5.246,0,5213016,319684,172492,2304220,22113.155,10186.162,759.490,1387.069,46.968,65.956,2139,2178,1.490,2.060,1.410,0,1,0,0,0,18,308,0,27,0
18-02 19:40:07,14.256,1.751,78.031,5.002,0,5244460,286672,172592,2305748,24780.789,10801.267,1020.403,1624.642,49.019,67.026,2288,2476,1.490,2.060,1.410,2,0,0,0,0,18,308,0,27,0
18-02 19:40:08,15.492,0.750,77.459,5.247,0,5243500,286672,172660,2306632,22020.427,9107.214,619.674,1159.391,52.972,38.980,2054,2048,1.450,2.040,1.410,2,1,0,0,0,18,308,0,24,0
18-02 19:40:09,16.818,1.757,77.311,3.012,0,5263772,265252,172664,2307768,22835.883,10748.247,919.701,1598.432,60.242,77.311,2347,2599,1.450,2.040,1.410,1,0,0,0,0,18,308,0,24,0
18-02 19:40:10,11.214,1.744,75.009,10.217,0,5266428,231232,172692,2339104,11420.357,6048.593,14840.384,948.955,180.421,41.866,1963,2180,1.450,2.040,1.410,1,0,0,0,0,18,308,0,24,0
18-02 19:40:11,21.750,2.250,72.000,3.250,0,5272432,212624,172696,2351632,6737.966,539.997,0,1699.991,0,64.000,2457,2374,1.450,2.040,1.410,1,0,1.000,0,0,18,308,0,24,0
18-02 19:40:12,22.239,2.499,71.714,2.499,0,5276480,192980,172696,2366976,8027.940,539.727,0,1267.359,0,29.985,2468,2308,1.450,2.040,1.410,1,0,0,0,0,18,308,0,23,0
18-02 19:40:13,21.759,2.251,71.781,2.751,0,5292816,156956,172880,2386288,8887.802,540.231,0,7315.129,0,300.128,2734,2309,1.500,2.040,1.410,1,0,0,0,0,18,308,0,23,0
18-02 19:40:14,19.236,2.748,71.197,5.246,0,5289964,148904,173064,2396716,8861.450,539.601,0,2717.991,0,123.908,2773,3027,1.500,2.040,1.410,1,0,0.999,0,0,18,308,0,23,0
18-02 19:40:15,20.012,2.501,68.791,7.755,0,5284504,129764,173412,2420716,9205.490,486.290,28.017,2341.396,6.004,95.057,2855,3026,1.500,2.040,1.410,1,0,5.003,0,0,18,308,0,23,0
18-02 19:40:16,17.999,2.500,69.498,8.500,0,5279068,154416,173536,2401884,7425.756,539.982,0,2399.921,0,221.993,2451,2325,1.500,2.040,1.410,1,0,0,0,0,18,308,0,23,0
18-02 19:40:17,21.996,3.999,65.988,6.999,0,5252652,198084,173540,2384504,4498.190,713.871,0,3663.340,0,169.969,2957,3153,1.500,2.040,1.410,1,0,18.997,0,0,18,307,0,23,0
18-02 19:40:18,21.241,4.748,69.470,3.249,0,5297404,147756,173756,2391728,9455.873,2818.770,0,15293.326,0,161.929,3215,4577,1.460,2.020,1.410,2,0,50.978,0,0,18,307,0,23,0
18-02 19:40:19,22.266,3.753,71.050,1.251,0,5305300,139036,173776,2390232,13573.638,3475.468,0,644.458,0,27.019,3110,9155,1.460,2.020,1.410,1,0,20.014,0,0,18,308,0,24,0
18-02 19:40:20,22.754,5.751,69.512,1.000,0,5282224,155528,174120,2395592,5755.002,714.124,0,1008.175,0,24.004,10607,19379,1.460,2.020,1.410,1,0,14.002,0,0,18,307,0,24,0
18-02 19:40:21,23.250,6.000,68.250,1.000,0,5276704,160580,174204,2395916,8182.010,540.001,0,1632.002,0,9.000,11623,20460,1.460,2.020,1.410,2,0,20.000,0,0,18,307,0,22,0
18-02 19:40:22,21.301,4.511,72.676,1.253,0,5222016,227724,174212,2384620,7632.439,541.308,0,388.940,0,12.029,2485,2155,1.460,2.020,1.410,1,0,15.036,0,0,18,307,0,22,0
18-02 19:40:23,23.954,5.489,68.118,0.250,0,5255488,194244,174212,2384628,7253.966,485.062,0,0,0,0,10997,19817,1.420,2.010,1.410,1,0,44.913,0,0,18,307,0,22,0
18-02 19:40:24,18.480,3.247,76.168,0.749,0,5273548,171572,174212,2389044,11954.175,2816.978,0,1406.491,0,19.979,2361,2119,1.420,2.010,1.410,1,0,30.967,0,0,18,307,0,22,0
18-02 19:40:25,22.771,3.754,72.318,0,0,5276624,167096,174212,2390348,7354.910,1813.704,0,224.211,0,6.006,2622,2370,1.420,2.010,1.410,1,0,22.021,0,0,18,308,0,22,0
18-02 19:40:26,41.176,9.039,47.202,1.758,0,5280104,157332,174212,2395724,6845.305,2385.211,771.302,1148.919,6.026,20.086,12885,21168,1.420,2.010,1.410,3,0,20.086,0,0,18,307,0,22,0
18-02 19:40:27,25.386,7.466,63.215,1.493,0,5256280,180664,174212,2396136,7501.215,537.579,286.709,716.772,2.987,30.861,10149,18060,1.420,2.010,1.410,2,0,16.924,0,0,18,307,0,22,0
18-02 19:40:28,20.502,4.751,71.508,2.000,0,5229928,219368,174240,2384812,6476.745,540.062,0,632.073,0,19.002,2542,2197,1.390,1.990,1.410,2,0,13.001,0,0,18,307,0,22,0
18-02 19:40:29,23.101,5.273,69.805,0.753,0,5239412,209892,174240,2384836,9450.346,542.373,0,807.533,0,39.171,3375,3252,1.390,1.990,1.410,2,0,71.312,0,0,18,307,0,22,0
18-02 19:40:30,23.137,3.483,71.151,0.995,0,5245372,194560,174240,2393936,5065.155,579.159,0,513.481,0,24.878,2860,2910,1.390,1.990,1.410,4,0,43.785,0,0,18,307,0,22,0
18-02 19:40:31,18.501,2.000,77.004,1.750,0,5259128,178964,174240,2395500,19172.909,6371.302,0,1420.067,0,28.001,2196,1919,1.390,1.990,1.410,1,0,16.001,0,0,18,308,0,22,0
18-02 19:40:32,14.255,1.500,75.525,8.003,0,5256868,180732,174240,2395944,23511.633,12883.183,0,2752.894,0,247.080,2272,2373,1.390,1.990,1.410,0,0,0,0,0,18,308,0,22,0
18-02 19:40:33,11.252,2.000,81.767,3.751,0,5263192,173972,174268,2396248,158132.257,13401.819,0,1592.335,0,65.014,2030,2199,1.280,1.960,1.400,0,0,0,0,0,18,309,0,18,0
18-02 19:40:34,16.990,1.249,74.705,5.497,0,5284176,152644,174356,2396436,24220.285,9230.392,0,8670.732,0,98.940,2057,1975,1.280,1.960,1.400,0,0,0,0,0,18,309,0,18,0
18-02 19:40:35,16.009,1.751,78.042,3.252,0,5283072,152948,174472,2397056,293846.494,14037.524,0,1688.905,0,45.024,2214,2109,1.280,1.960,1.400,1,0,1.001,0,0,18,309,0,18,0
18-02 19:40:36,10.996,1.499,80.468,5.248,0,5284132,151192,174784,2397276,106049.815,16749.337,27.989,2439.030,3.998,113.955,2266,2606,1.280,1.960,1.400,0,0,1.999,0,0,18,309,0,18,0
18-02 19:40:37,14.557,1.255,76.048,6.777,0.251,5292744,141900,174956,2397680,44304.410,11651.605,136.534,1855.262,7.028,85.334,2412,2797,1.280,1.960,1.400,1,0,0,0,0,18,309,0,14,0
18-02 19:40:38,8.720,2.491,79.473,7.723,0,5287608,158656,175064,2386880,5655418.423,46066.341,0,6565.104,0,56.802,3663,2903,1.330,1.960,1.400,1,0,2.990,0,0,18,309,0,14,0
18-02 19:40:39,6.747,2.249,72.962,15.242,0,5284328,132388,175168,2416216,11906490.455,92763.206,163.916,12745.433,3.998,84.956,6000,4288,1.330,1.960,1.400,0,0,1.999,0,0,18,309,0,14,0
18-02 19:40:40,18.496,2.999,69.734,7.998,0,5282224,156328,175788,2394176,197037.234,2410.452,0,5798.683,0,132.970,2664,2628,1.330,1.960,1.400,1,0,1.000,0,0,18,309,0,14,0
18-02 19:40:41,21.789,5.259,67.119,5.009,0,5297456,144812,178884,2385036,6243.082,540.960,0,3442.110,0,56.100,4076,5426,1.330,1.960,1.400,3,0,1.002,0,0,18,309,0,10,0
18-02 19:40:42,25.819,2.757,67.179,2.757,0,5296368,138512,179256,2391684,6925.497,541.446,0,1772.735,0,47.126,3017,2841,1.330,1.960,1.400,2,1,0,0,0,18,309,0,12,0
18-02 19:40:43,20.661,2.489,69.451,6.223,0,5312888,131960,179780,2381320,5854.792,537.685,0,2553.008,0,226.027,2871,2863,1.310,1.940,1.400,3,0,0,0,0,18,309,0,12,0
18-02 19:40:44,19.509,4.252,67.533,6.753,0,5300704,131996,180572,2391444,5323.568,540.261,0,8856.272,0,152.073,2869,2949,1.310,1.940,1.400,3,0,1.000,0,0,18,309,0,12,0
18-02 19:40:45,19.506,3.751,69.020,6.252,0,5289356,161128,181216,2373036,8660.470,540.154,0,13123.742,0,169.048,3102,3316,1.310,1.940,1.400,2,0,3.001,0,0,18,309,0,9,0
18-02 19:40:46,8.244,2.248,61.705,26.231,0,5291272,156088,181320,2375744,5996.605,485.644,0,33423.505,0,442.676,2353,2573,1.310,1.940,1.400,1,3,0,0,0,18,309,0,9,0
18-02 19:40:47,19.774,3.504,48.559,26.782,0,5295196,131320,182540,2393732,6940.400,540.654,64.078,22078.723,3.004,205.248,3192,3379,1.310,1.940,1.400,1,1,0,0,0,18,309,0,9,0
18-02 19:40:48,9.743,3.248,63.457,21.486,0,5291144,130396,182696,2398008,5843.058,539.636,0,25206.992,0,277.813,2470,2743,1.360,1.940,1.400,0,1,0,0,0,18,309,0,9,0
18-02 19:40:49,4.248,3.249,62.475,28.489,0,5286544,161204,182884,2372220,4989.026,539.786,0,24754.206,0,156.938,1965,2591,1.360,1.940,1.400,0,3,0,0,0,18,309,0,9,0
18-02 19:40:50,5.252,2.251,60.527,31.014,0,5295968,139836,183144,2383908,7372.280,540.240,0,25479.337,0,155.069,1837,2246,1.360,1.940,1.400,1,0,0,0,0,18,309,0,9,0
18-02 19:40:51,9.745,2.499,63.718,22.739,0,5299804,131324,183376,2387988,7245.349,539.728,0,16823.522,0,188.905,2366,2688,1.360,1.940,1.400,0,3,0,0,0,18,309,0,9,0
18-02 19:40:52,8.750,2.250,58.502,28.751,0,5296836,126604,183620,2395092,6967.237,540.018,0,19136.652,0,241.008,2244,2570,1.360,1.940,1.400,0,2,0,0,0,18,309,0,9,0
18-02 19:40:53,6.252,2.751,51.764,38.260,0,5286500,164060,183880,2368600,5460.493,486.133,0,23082.313,0,166.045,1849,2233,1.410,1.940,1.410,0,3,0,0,0,18,309,0,5,0
18-02 19:40:54,6.745,1.998,58.955,30.977,0,5286960,160836,184064,2370808,7744.153,539.593,0,14045.396,0,208.842,1864,2241,1.410,1.940,1.410,2,2,0,0,0,18,309,0,5,0
18-02 19:40:55,5.006,2.253,59.323,32.040,0,5284112,198756,184064,2335732,11037.622,3134.869,0,13528.696,0,189.234,1784,2232,1.410,1.940,1.410,4,0,1.001,0,0,18,307,0,5,0
18-02 19:40:56,21.988,3.748,62.716,10.744,0,5216820,266036,184084,2335756,5068.279,539.710,7.996,18478.079,1.999,277.851,2822,2214,1.410,1.940,1.410,5,0,18.990,0,0,18,307,0,5,0
18-02 19:40:57,16.253,2.500,74.264,6.251,0,5233376,244900,184124,2340240,11886.266,2820.538,108.021,1716.327,3.001,25.005,2250,2294,1.410,1.940,1.410,1,0,16.003,0,0,18,307,0,3,0
18-02 19:40:58,21.508,3.251,68.274,5.252,0,5232840,243924,184144,2341580,8987.188,1616.573,0,788.280,0,35.012,2672,2554,1.380,1.930,1.400,0,0,19.007,0,0,18,308,0,3,0
18-02 19:40:59,16.238,2.998,70.447,9.243,0,5231264,239224,184496,2346612,13176.169,2569.083,0,2106.428,0,195.854,2755,3243,1.380,1.930,1.400,1,0,2.998,0,0,18,307,0,3,0
18-02 19:41:00,22.758,6.002,65.773,4.001,0,5224060,245804,184512,2347116,7226.515,624.217,0,920.320,0,26.009,10469,18688,1.380,1.930,1.400,2,0,13.005,0,0,18,307,0,3,0
18-02 19:41:01,20.998,5.999,67.743,3.250,0,5226632,242980,184556,2347292,9361.054,485.951,0,1887.809,0,8.999,10329,19138,1.380,1.930,1.400,0,1,12.999,0,0,18,307,0,3,0
18-02 19:41:02,19.747,5.249,68.988,4.499,0,5211004,270600,184580,2336104,8975.499,539.910,0,1087.818,0,52.991,2698,2543,1.380,1.930,1.400,1,0,7.999,0,0,18,307,0,3,0
18-02 19:41:03,20.999,5.500,68.746,3.750,0,5241116,237588,184584,2339096,7934.520,539.967,743.955,967.941,21.999,12.999,2569,2239,1.350,1.910,1.400,2,0,10.999,0,0,18,307,0,3,0
18-02 19:41:04,17.499,3.250,65.498,12.000,0,5240784,237416,184588,2339596,6269.811,539.984,319.990,4923.851,20.999,243.993,5161,7556,1.350,1.910,1.400,1,0,0,0,0,18,310,0,7,0
18-02 19:41:05,20.095,6.280,64.554,7.787,0,5171992,305720,184588,2340084,6447.333,542.553,482.269,2805.198,22.104,410.933,6814,10024,1.350,1.910,1.400,3,0,56.265,0,0,18,309,0,8,0
18-02 19:41:06,9.979,15.967,67.858,4.740,0,5182136,294460,184588,2341264,7572.185,538.875,866.191,1257.374,8.981,64.865,5716,5212,1.350,1.910,1.400,1,0,375.216,0,0,18,311,0,9,0
18-02 19:41:07,8.511,3.755,70.595,15.270,0.250,5191272,274180,184664,2352332,7663.269,540.725,11150.942,352.472,1293.734,15.020,3400,4655,1.350,1.910,1.400,0,1,19.025,0,0,18,309,0,10,0
18-02 19:41:08,7.476,3.738,66.537,21.681,0,5174080,259248,184664,2384456,8302.432,538.277,32045.452,3692.185,2313.596,169.458,4854,7443,1.320,1.900,1.400,1,0,0,0,0,18,309,0,10,0
18-02 19:41:09,4.994,1.748,88.153,3.246,0,5174364,258924,184668,2384492,9077.966,2106.671,3.996,1026.865,0.999,29.967,1712,2247,1.320,1.900,1.400,0,0,5.993,0,0,18,312,0,10,0
18-02 19:41:10,2.501,1.251,94.539,0.750,0,5174384,258840,184668,2384556,45090.518,3334.369,64.026,212.087,1.000,19.008,1306,1850,1.320,1.900,1.400,0,0,0,0,0,18,312,0,10,0
18-02 19:41:11,3.751,2.000,91.766,1.250,0,5147136,285380,184676,2385232,120575.111,126784.198,440.077,464.081,17.003,1.000,1697,1926,1.320,1.900,1.400,3,0,12.002,0,0,18,311,0,10,0
18-02 19:41:12,1.750,0.500,96.249,0,0,5144376,288136,184676,2385236,3539.957,0,0,0,0,0,1156,1717,1.320,1.900,1.400,0,0,0,0,0,18,311,0,10,0
18-02 19:41:13,10.001,3.000,86.008,0,0,5148156,284356,184676,2385236,283930.988,9724.959,0,0,0,0,2558,2303,1.220,1.860,1.390,0,0,20.002,0,0,18,311,0,10,0
18-02 19:41:14,10.497,3.749,83.228,0.750,0,5144108,288276,184680,2385360,290643.160,12566.721,123.968,711.814,5.998,23.994,2862,2881,1.220,1.860,1.390,0,0,24.993,0,0,18,311,0,10,0
18-02 19:41:15,14.752,7.001,71.008,5.751,0,5146724,275156,184680,2395716,149028.734,3926.441,2772.311,668.075,91.010,49.006,3698,3815,1.220,1.860,1.390,2,0,44.005,0,0,18,311,0,10,0
